2023-06-17 03:39:44,690|INFO|__main__.startLogging|>>>> START LOGGING A GMTAMES EXPERIMENT
2023-06-17 03:39:44,690|INFO|__main__.startLogging|mode:|mtg
2023-06-17 03:39:44,690|INFO|__main__.startLogging|tasks:|TA100,TA100_S9,TA102,TA102_S9,TA104,TA104_S9,TA1535,TA1535_S9
2023-06-17 03:39:44,690|INFO|__main__.startLogging|testsplit:|scaffold
2023-06-17 03:39:44,690|INFO|__main__.startLogging|output:|mtg_experiment_scaffold
2023-06-17 03:39:44,690|INFO|__main__.startLogging|device:|titanv
2023-06-17 03:39:44,690|INFO|__main__.startLogging|DONE
2023-06-17 03:39:44,690|INFO|mtg.runMTGExperiment|>>>> RUNNING MECHANISTIC TASK GROUPING EXPERIMENT
2023-06-17 03:39:48,492|INFO|mtg.runMTGExperiment|Device confirmed:|cuda:0
2023-06-17 03:39:49,796|INFO|nn.loadModellingDataset|Train descriptors loaded (features, instances):|1024|6060
2023-06-17 03:39:49,796|INFO|nn.loadModellingDataset|Train endpoints loaded (tasks, instances):|8|6060
2023-06-17 03:39:49,827|INFO|nn.loadModellingDataset|Val descriptors loaded (features, instances):|1024|2412
2023-06-17 03:39:49,827|INFO|nn.loadModellingDataset|Val endpoints loaded (tasks, instances):|8|2412
2023-06-17 03:40:02,062|INFO|nn.computeOptunaObjective|Trial 0 params:|{'n_layers': 2, 'architecture': 'top', 'lr': 0.001, 'n_epochs': 200}
2023-06-17 03:40:02,062|INFO|nn.computeOptunaObjective|Trial 0 balacc:|[0.7009433326595242, 0.696838074999542, 0.7025345622119815, 0.6812896405919662, 0.7931818181818182, 0.723889555822329, 0.7081851799175082, 0.6965379276557524]
2023-06-17 03:40:02,062|INFO|nn.computeOptunaObjective|Trial 0 rocauc:|[0.7935499629405026, 0.7906094857750012, 0.7782642089093702, 0.8533298097251586, 0.8856060606060606, 0.8091236494597839, 0.8385720381169108, 0.7636972319751776]
2023-06-17 03:40:02,062|INFO|nn.computeOptunaObjective|Trial 0 timings:|12.240165399999999
2023-06-17 03:40:02,062|INFO|nn.computeOptunaObjective|Trial 0 objective:|0.7129250115050527
2023-06-17 03:40:08,349|INFO|nn.computeOptunaObjective|Trial 1 params:|{'n_layers': 4, 'architecture': 'top', 'lr': 0.001, 'n_epochs': 100}
2023-06-17 03:40:08,349|INFO|nn.computeOptunaObjective|Trial 1 balacc:|[0.7104069806616805, 0.7449209518749886, 0.7141321044546851, 0.7518498942917548, 0.7909090909090909, 0.7623049219687875, 0.7187455553975253, 0.6589777088266514]
2023-06-17 03:40:08,349|INFO|nn.computeOptunaObjective|Trial 1 rocauc:|[0.8197190216292702, 0.7863703812262992, 0.8193548387096774, 0.8414376321353065, 0.8871212121212121, 0.858343337334934, 0.8175935144360689, 0.7700661386461991]
2023-06-17 03:40:08,349|INFO|nn.computeOptunaObjective|Trial 1 timings:|6.277793099999997
2023-06-17 03:40:08,349|INFO|nn.computeOptunaObjective|Trial 1 objective:|0.7315309010481456
2023-06-17 03:40:14,359|INFO|nn.computeOptunaObjective|Trial 2 params:|{'n_layers': 3, 'architecture': 'outer', 'lr': 0.001, 'n_epochs': 100}
2023-06-17 03:40:14,359|INFO|nn.computeOptunaObjective|Trial 2 balacc:|[0.7056701030927834, 0.7073991976111529, 0.6988479262672811, 0.635306553911205, 0.8015151515151515, 0.801920768307323, 0.7243724221305647, 0.7145423368988324]
2023-06-17 03:40:14,359|INFO|nn.computeOptunaObjective|Trial 2 rocauc:|[0.8170776901826022, 0.7983970542436845, 0.7994623655913979, 0.8306025369978859, 0.890909090909091, 0.822328931572629, 0.8324384867017496, 0.7615538499224299]
2023-06-17 03:40:14,359|INFO|nn.computeOptunaObjective|Trial 2 timings:|6.013052399999999
2023-06-17 03:40:14,359|INFO|nn.computeOptunaObjective|Trial 2 objective:|0.7236968074667868
2023-06-17 03:40:20,031|INFO|nn.computeOptunaObjective|Trial 3 params:|{'n_layers': 4, 'architecture': 'bottom', 'lr': 0.0001, 'n_epochs': 100}
2023-06-17 03:40:20,031|INFO|nn.computeOptunaObjective|Trial 3 balacc:|[0.5, 0.49940828402366866, 0.5, 0.5, 0.5, 0.5, 0.5, 0.5]
2023-06-17 03:40:20,031|INFO|nn.computeOptunaObjective|Trial 3 rocauc:|[0.5635570379354491, 0.5475113122171944, 0.5391705069124424, 0.5988372093023256, 0.5477272727272727, 0.47539015606242496, 0.6474363532925616, 0.6023107699844861]
2023-06-17 03:40:20,031|INFO|nn.computeOptunaObjective|Trial 3 timings:|5.6696580999999995
2023-06-17 03:40:20,031|INFO|nn.computeOptunaObjective|Trial 3 objective:|0.49992603550295855
2023-06-17 03:40:28,635|INFO|nn.computeOptunaObjective|Trial 4 params:|{'n_layers': 2, 'architecture': 'bottom', 'lr': 0.001, 'n_epochs': 150}
2023-06-17 03:40:28,635|INFO|nn.computeOptunaObjective|Trial 4 balacc:|[0.6894279361229028, 0.6862769523879312, 0.6944700460829493, 0.5903805496828752, 0.8242424242424242, 0.6944777911164466, 0.6962291992604182, 0.6770229443945456]
2023-06-17 03:40:28,635|INFO|nn.computeOptunaObjective|Trial 4 rocauc:|[0.7879960919075534, 0.7781028449997252, 0.772811059907834, 0.8173890063424947, 0.918939393939394, 0.8163265306122448, 0.8202424975110226, 0.7574712174410059]
2023-06-17 03:40:28,635|INFO|nn.computeOptunaObjective|Trial 4 timings:|8.595339100000004
2023-06-17 03:40:28,635|INFO|nn.computeOptunaObjective|Trial 4 objective:|0.6940659804113116
2023-06-17 03:40:40,636|INFO|nn.computeOptunaObjective|Trial 5 params:|{'n_layers': 3, 'architecture': 'outer', 'lr': 0.0001, 'n_epochs': 200}
2023-06-17 03:40:40,636|INFO|nn.computeOptunaObjective|Trial 5 balacc:|[0.6511454753722795, 0.6516716434315862, 0.6855606758832565, 0.7267441860465116, 0.7848484848484849, 0.723889555822329, 0.5576731617124164, 0.5817955417653303]
2023-06-17 03:40:40,636|INFO|nn.computeOptunaObjective|Trial 5 rocauc:|[0.7716764368977832, 0.7638485353655631, 0.7970814132104455, 0.8173890063424948, 0.8886363636363637, 0.8463385354141656, 0.7922948371497653, 0.7310361721237855]
2023-06-17 03:40:40,636|INFO|nn.computeOptunaObjective|Trial 5 timings:|12.0060955
2023-06-17 03:40:40,636|INFO|nn.computeOptunaObjective|Trial 5 objective:|0.6704160906102743
2023-06-17 03:40:46,907|INFO|nn.computeOptunaObjective|Trial 6 params:|{'n_layers': 4, 'architecture': 'top', 'lr': 0.0001, 'n_epochs': 100}
2023-06-17 03:40:46,907|INFO|nn.computeOptunaObjective|Trial 6 balacc:|[0.5060204837948925, 0.5, 0.5, 0.5, 0.5143939393939394, 0.5, 0.5, 0.5]
2023-06-17 03:40:46,907|INFO|nn.computeOptunaObjective|Trial 6 rocauc:|[0.7373930328145004, 0.727920567168007, 0.7949308755760369, 0.8184460887949261, 0.8265151515151515, 0.8199279711884755, 0.7724007964727635, 0.6979464358618437]
2023-06-17 03:40:46,907|INFO|nn.computeOptunaObjective|Trial 6 timings:|6.27478889999999
2023-06-17 03:40:46,907|INFO|nn.computeOptunaObjective|Trial 6 objective:|0.502551802898604
2023-06-17 03:40:52,670|INFO|nn.computeOptunaObjective|Trial 7 params:|{'n_layers': 3, 'architecture': 'bottom', 'lr': 0.001, 'n_epochs': 100}
2023-06-17 03:40:52,670|INFO|nn.computeOptunaObjective|Trial 7 balacc:|[0.6748972441210161, 0.6908311502738748, 0.6667434715821813, 0.7034883720930232, 0.725, 0.7430972388955582, 0.6877933437633338, 0.674716257042541]
2023-06-17 03:40:52,670|INFO|nn.computeOptunaObjective|Trial 7 rocauc:|[0.793517957010983, 0.7714584058475461, 0.7914746543778801, 0.8290169133192389, 0.8446969696969697, 0.8007202881152461, 0.807282036694638, 0.7571650200048992]
2023-06-17 03:40:52,670|INFO|nn.computeOptunaObjective|Trial 7 timings:|5.754338699999991
2023-06-17 03:40:52,670|INFO|nn.computeOptunaObjective|Trial 7 objective:|0.6958208847214411
2023-06-17 03:40:58,505|INFO|nn.computeOptunaObjective|Trial 8 params:|{'n_layers': 3, 'architecture': 'linear', 'lr': 0.0001, 'n_epochs': 100}
2023-06-17 03:40:58,505|INFO|nn.computeOptunaObjective|Trial 8 balacc:|[0.5, 0.5015479876160991, 0.5, 0.5, 0.5, 0.5, 0.5, 0.5]
2023-06-17 03:40:58,505|INFO|nn.computeOptunaObjective|Trial 8 rocauc:|[0.6849639512162254, 0.6764174620330848, 0.7216589861751151, 0.7716701902748415, 0.756060606060606, 0.7286914765906363, 0.7388173801735173, 0.6538335919000572]
2023-06-17 03:40:58,505|INFO|nn.computeOptunaObjective|Trial 8 timings:|5.8235411
2023-06-17 03:40:58,505|INFO|nn.computeOptunaObjective|Trial 8 objective:|0.5001934984520124
2023-06-17 03:41:07,103|INFO|nn.computeOptunaObjective|Trial 9 params:|{'n_layers': 2, 'architecture': 'bottom', 'lr': 0.0001, 'n_epochs': 150}
2023-06-17 03:41:07,103|INFO|nn.computeOptunaObjective|Trial 9 balacc:|[0.5203860925813625, 0.5356513455584664, 0.5115975422427035, 0.5, 0.6136363636363636, 0.5294117647058824, 0.5, 0.5]
2023-06-17 03:41:07,103|INFO|nn.computeOptunaObjective|Trial 9 rocauc:|[0.6793915504346068, 0.6889149431183248, 0.7036866359447004, 0.6966173361522199, 0.7522727272727272, 0.7454981992797118, 0.7100874697767032, 0.6360537274434555]
2023-06-17 03:41:07,103|INFO|nn.computeOptunaObjective|Trial 9 timings:|8.608749700000004
2023-06-17 03:41:07,103|INFO|nn.computeOptunaObjective|Trial 9 objective:|0.5263353885905973
2023-06-17 03:41:18,615|INFO|nn.computeOptunaObjective|Trial 10 params:|{'n_layers': 2, 'architecture': 'bottom', 'lr': 0.001, 'n_epochs': 200}
2023-06-17 03:41:18,615|INFO|nn.computeOptunaObjective|Trial 10 balacc:|[0.6884846034633785, 0.6901918039093557, 0.6640552995391705, 0.6498414376321353, 0.821969696969697, 0.7929171668667467, 0.6652947660361257, 0.6844941618355516]
2023-06-17 03:41:18,615|INFO|nn.computeOptunaObjective|Trial 10 rocauc:|[0.7796139074186375, 0.7759686372213164, 0.7639784946236559, 0.8385306553911205, 0.906060606060606, 0.8139255702280912, 0.8233537192433508, 0.760043275904303]
2023-06-17 03:41:18,615|INFO|nn.computeOptunaObjective|Trial 10 timings:|11.499475199999992
2023-06-17 03:41:18,615|INFO|nn.computeOptunaObjective|Trial 10 objective:|0.7071561170315201
2023-06-17 03:41:27,707|INFO|nn.computeOptunaObjective|Trial 11 params:|{'n_layers': 4, 'architecture': 'linear', 'lr': 0.001, 'n_epochs': 150}
2023-06-17 03:41:27,707|INFO|nn.computeOptunaObjective|Trial 11 balacc:|[0.716680142847517, 0.7236136809130379, 0.7203533026113671, 0.7344080338266386, 0.7992424242424242, 0.7509003601440576, 0.7229590385435927, 0.6852902751694292]
2023-06-17 03:41:27,707|INFO|nn.computeOptunaObjective|Trial 11 rocauc:|[0.817943534802237, 0.7837708611940573, 0.8056067588325653, 0.8122357293868921, 0.8795454545454545, 0.8295318127250899, 0.825851585834163, 0.7685351514656651]
2023-06-17 03:41:27,707|INFO|nn.computeOptunaObjective|Trial 11 timings:|9.099733
2023-06-17 03:41:27,707|INFO|nn.computeOptunaObjective|Trial 11 objective:|0.731680907287258
2023-06-17 03:41:39,296|INFO|nn.computeOptunaObjective|Trial 12 params:|{'n_layers': 2, 'architecture': 'outer', 'lr': 0.001, 'n_epochs': 200}
2023-06-17 03:41:39,296|INFO|nn.computeOptunaObjective|Trial 12 balacc:|[0.7002627855265817, 0.7008903218715079, 0.69715821812596, 0.6556553911205074, 0.8159090909090909, 0.723889555822329, 0.7088874271085195, 0.6912917449171225]
2023-06-17 03:41:39,296|INFO|nn.computeOptunaObjective|Trial 12 rocauc:|[0.7893049659726433, 0.7875538131789621, 0.7653609831029186, 0.830338266384778, 0.8954545454545455, 0.8211284513805522, 0.8304295263831604, 0.7573691516289703]
2023-06-17 03:41:39,296|INFO|nn.computeOptunaObjective|Trial 12 timings:|11.583977499999989
2023-06-17 03:41:39,296|INFO|nn.computeOptunaObjective|Trial 12 objective:|0.7117430669252024
2023-06-17 03:41:50,779|INFO|nn.computeOptunaObjective|Trial 13 params:|{'n_layers': 2, 'architecture': 'inner', 'lr': 0.001, 'n_epochs': 200}
2023-06-17 03:41:50,779|INFO|nn.computeOptunaObjective|Trial 13 balacc:|[0.7049019607843137, 0.6946086064447579, 0.69715821812596, 0.709830866807611, 0.7621212121212122, 0.7533013205282113, 0.6976425828473901, 0.698007675349065]
2023-06-17 03:41:50,779|INFO|nn.computeOptunaObjective|Trial 13 rocauc:|[0.7899855131055858, 0.7860259768809423, 0.7837941628264209, 0.8689217758985202, 0.8893939393939394, 0.7923169267707083, 0.8381097994595363, 0.7606760839389238]
2023-06-17 03:41:50,779|INFO|nn.computeOptunaObjective|Trial 13 timings:|11.483184399999999
2023-06-17 03:41:50,779|INFO|nn.computeOptunaObjective|Trial 13 objective:|0.7146965553760651
2023-06-17 03:42:02,571|INFO|nn.computeOptunaObjective|Trial 14 params:|{'n_layers': 3, 'architecture': 'linear', 'lr': 0.0001, 'n_epochs': 200}
2023-06-17 03:42:02,571|INFO|nn.computeOptunaObjective|Trial 14 balacc:|[0.647789906340543, 0.6632366680711524, 0.6731182795698925, 0.6527484143763214, 0.7166666666666667, 0.723889555822329, 0.5407925615132982, 0.583265289458643]
2023-06-17 03:42:02,571|INFO|nn.computeOptunaObjective|Trial 14 rocauc:|[0.7781045751633987, 0.7688570538772969, 0.8029185867895545, 0.8068181818181818, 0.8477272727272727, 0.8391356542617047, 0.7924903996586545, 0.7314036090471137]
2023-06-17 03:42:02,571|INFO|nn.computeOptunaObjective|Trial 14 timings:|11.779350999999991
2023-06-17 03:42:02,571|INFO|nn.computeOptunaObjective|Trial 14 objective:|0.6501884177273558
2023-06-17 03:42:11,318|INFO|nn.computeOptunaObjective|Trial 15 params:|{'n_layers': 3, 'architecture': 'outer', 'lr': 0.0001, 'n_epochs': 150}
2023-06-17 03:42:11,318|INFO|nn.computeOptunaObjective|Trial 15 balacc:|[0.5934202546998181, 0.5978035063293459, 0.5900921658986176, 0.5, 0.6734848484848485, 0.6458583433373349, 0.5, 0.5]
2023-06-17 03:42:11,318|INFO|nn.computeOptunaObjective|Trial 15 rocauc:|[0.7380061990431911, 0.7429900892153809, 0.7953917050691244, 0.8128964059196617, 0.8378787878787879, 0.8247298919567827, 0.7651294268240649, 0.6968237119294521]
2023-06-17 03:42:11,318|INFO|nn.computeOptunaObjective|Trial 15 timings:|8.740626099999986
2023-06-17 03:42:11,318|INFO|nn.computeOptunaObjective|Trial 15 objective:|0.5750823898437456
2023-06-17 03:42:19,970|INFO|nn.computeOptunaObjective|Trial 16 params:|{'n_layers': 2, 'architecture': 'inner', 'lr': 0.0001, 'n_epochs': 150}
2023-06-17 03:42:19,970|INFO|nn.computeOptunaObjective|Trial 16 balacc:|[0.5682096893740314, 0.5693901478373972, 0.5490783410138249, 0.5, 0.6507575757575758, 0.5384153661464586, 0.5, 0.5]
2023-06-17 03:42:19,970|INFO|nn.computeOptunaObjective|Trial 16 rocauc:|[0.7189542483660131, 0.7204022935863851, 0.7706605222734255, 0.7732558139534884, 0.8454545454545455, 0.8307322929171669, 0.7544979377044518, 0.6675104107128277]
2023-06-17 03:42:19,970|INFO|nn.computeOptunaObjective|Trial 16 timings:|8.65728230000002
2023-06-17 03:42:19,970|INFO|nn.computeOptunaObjective|Trial 16 objective:|0.546981390016161
2023-06-17 03:42:28,655|INFO|nn.computeOptunaObjective|Trial 17 params:|{'n_layers': 2, 'architecture': 'linear', 'lr': 0.001, 'n_epochs': 150}
2023-06-17 03:42:28,655|INFO|nn.computeOptunaObjective|Trial 17 balacc:|[0.7017215821036318, 0.6975671863264147, 0.6998463901689708, 0.613107822410148, 0.7704545454545455, 0.734093637454982, 0.7145142938415588, 0.7017841103943823]
2023-06-17 03:42:28,655|INFO|nn.computeOptunaObjective|Trial 17 rocauc:|[0.7933865642476923, 0.7855057064868924, 0.7707373271889401, 0.8306025369978858, 0.8643939393939394, 0.8343337334933975, 0.83387853790357, 0.7588797256470973]
2023-06-17 03:42:28,655|INFO|nn.computeOptunaObjective|Trial 17 timings:|8.676514199999986
2023-06-17 03:42:28,655|INFO|nn.computeOptunaObjective|Trial 17 objective:|0.7041361960193292
2023-06-17 03:42:40,273|INFO|nn.computeOptunaObjective|Trial 18 params:|{'n_layers': 4, 'architecture': 'linear', 'lr': 0.001, 'n_epochs': 200}
2023-06-17 03:42:40,273|INFO|nn.computeOptunaObjective|Trial 18 balacc:|[0.7063607573613637, 0.7174217304486417, 0.7060675883256529, 0.688953488372093, 0.7454545454545455, 0.7214885954381753, 0.6800597354572607, 0.6725320486649792]
2023-06-17 03:42:40,273|INFO|nn.computeOptunaObjective|Trial 18 rocauc:|[0.8131578060777576, 0.7875061827907743, 0.7973118279569892, 0.7900369978858353, 0.797348484848485, 0.8151260504201681, 0.8213536481297112, 0.7655140034294112]
2023-06-17 03:42:40,273|INFO|nn.computeOptunaObjective|Trial 18 timings:|11.621910899999989
2023-06-17 03:42:40,273|INFO|nn.computeOptunaObjective|Trial 18 objective:|0.7047923111903389
2023-06-17 03:42:46,199|INFO|nn.computeOptunaObjective|Trial 19 params:|{'n_layers': 3, 'architecture': 'top', 'lr': 0.001, 'n_epochs': 100}
2023-06-17 03:42:46,199|INFO|nn.computeOptunaObjective|Trial 19 balacc:|[0.7017990701435213, 0.7150017403411069, 0.7211981566820276, 0.7542283298097252, 0.7787878787878788, 0.801920768307323, 0.7271725216896601, 0.7160529109169593]
2023-06-17 03:42:46,199|INFO|nn.computeOptunaObjective|Trial 19 rocauc:|[0.8124705208543898, 0.8031472694964003, 0.8125960061443932, 0.8291490486257929, 0.8772727272727273, 0.8481392557022809, 0.8300472905703314, 0.7644423124030375]
2023-06-17 03:42:46,199|INFO|nn.computeOptunaObjective|Trial 19 timings:|5.914702199999994
2023-06-17 03:42:46,199|INFO|nn.computeOptunaObjective|Trial 19 objective:|0.7395201720847753
2023-06-17 03:42:58,030|INFO|nn.computeOptunaObjective|Trial 20 params:|{'n_layers': 3, 'architecture': 'top', 'lr': 0.0001, 'n_epochs': 200}
2023-06-17 03:42:58,030|INFO|nn.computeOptunaObjective|Trial 20 balacc:|[0.6857219863890573, 0.7068972465971752, 0.7141321044546851, 0.734936575052854, 0.7931818181818182, 0.7533013205282113, 0.6681037548001707, 0.6582632481424022]
2023-06-17 03:42:58,030|INFO|nn.computeOptunaObjective|Trial 20 rocauc:|[0.8023381173775352, 0.79165735431513, 0.8023041474654378, 0.8208245243128963, 0.8636363636363636, 0.8607442977190877, 0.812046650547575, 0.751163550257206]
2023-06-17 03:42:58,030|INFO|nn.computeOptunaObjective|Trial 20 timings:|11.840611600000017
2023-06-17 03:42:58,030|INFO|nn.computeOptunaObjective|Trial 20 objective:|0.7143172567682967
2023-06-17 03:43:06,871|INFO|nn.computeOptunaObjective|Trial 21 params:|{'n_layers': 3, 'architecture': 'outer', 'lr': 0.001, 'n_epochs': 150}
2023-06-17 03:43:06,871|INFO|nn.computeOptunaObjective|Trial 21 balacc:|[0.7128967050737821, 0.7188744572883654, 0.7131336405529953, 0.6580338266384778, 0.7704545454545455, 0.7226890756302521, 0.7306926468496657, 0.7145423368988324]
2023-06-17 03:43:06,871|INFO|nn.computeOptunaObjective|Trial 21 rocauc:|[0.8142662219526987, 0.7952387931192408, 0.780952380952381, 0.8218816067653276, 0.8893939393939394, 0.8367346938775511, 0.8414610297255013, 0.7633400016330529]
2023-06-17 03:43:06,871|INFO|nn.computeOptunaObjective|Trial 21 timings:|8.837313800000004
2023-06-17 03:43:06,871|INFO|nn.computeOptunaObjective|Trial 21 objective:|0.7176646542983646
2023-06-17 03:43:12,846|INFO|nn.computeOptunaObjective|Trial 22 params:|{'n_layers': 4, 'architecture': 'inner', 'lr': 0.001, 'n_epochs': 100}
2023-06-17 03:43:12,846|INFO|nn.computeOptunaObjective|Trial 22 balacc:|[0.7134997641668351, 0.73476651950098, 0.7373271889400921, 0.7518498942917548, 0.8075757575757576, 0.7623049219687875, 0.7243724221305647, 0.6604882828447783]
2023-06-17 03:43:12,846|INFO|nn.computeOptunaObjective|Trial 22 rocauc:|[0.8143824540125328, 0.7911114367889791, 0.8062980030721967, 0.8361522198731501, 0.878030303030303, 0.8475390156062425, 0.814820082491822, 0.7633910345390709]
2023-06-17 03:43:12,846|INFO|nn.computeOptunaObjective|Trial 22 timings:|5.962514200000015
2023-06-17 03:43:12,846|INFO|nn.computeOptunaObjective|Trial 22 objective:|0.7365230939274439
2023-06-17 03:43:22,099|INFO|nn.computeOptunaObjective|Trial 23 params:|{'n_layers': 4, 'architecture': 'top', 'lr': 0.001, 'n_epochs': 150}
2023-06-17 03:43:22,099|INFO|nn.computeOptunaObjective|Trial 23 balacc:|[0.6792534195808908, 0.7082602084745453, 0.7025345622119815, 0.7005813953488372, 0.8075757575757576, 0.7725090036014406, 0.621684326553833, 0.6463011349718298]
2023-06-17 03:43:22,099|INFO|nn.computeOptunaObjective|Trial 23 rocauc:|[0.8126305505019878, 0.807780240716654, 0.8304147465437788, 0.8218816067653277, 0.8731060606060606, 0.8265306122448979, 0.8149711989759636, 0.7743324895892871]
2023-06-17 03:43:22,099|INFO|nn.computeOptunaObjective|Trial 23 timings:|9.249624400000016
2023-06-17 03:43:22,099|INFO|nn.computeOptunaObjective|Trial 23 objective:|0.7048374760398896
2023-06-17 03:43:33,993|INFO|nn.computeOptunaObjective|Trial 24 params:|{'n_layers': 2, 'architecture': 'inner', 'lr': 0.0001, 'n_epochs': 200}
2023-06-17 03:43:33,993|INFO|nn.computeOptunaObjective|Trial 24 balacc:|[0.6054612222896031, 0.6409676296554124, 0.6356374807987711, 0.5367336152219873, 0.7787878787878788, 0.734093637454982, 0.51195598065709, 0.51275822650445]
2023-06-17 03:43:33,993|INFO|nn.computeOptunaObjective|Trial 24 rocauc:|[0.7446398490667745, 0.7455144997893272, 0.7921658986175115, 0.8160676532769556, 0.8636363636363636, 0.809123649459784, 0.7759742568624661, 0.7028864211643667]
2023-06-17 03:43:33,993|INFO|nn.computeOptunaObjective|Trial 24 timings:|11.893697700000018
2023-06-17 03:43:33,993|INFO|nn.computeOptunaObjective|Trial 24 objective:|0.6195494589212719
2023-06-17 03:43:45,653|INFO|nn.computeOptunaObjective|Trial 25 params:|{'n_layers': 3, 'architecture': 'bottom', 'lr': 0.0001, 'n_epochs': 200}
2023-06-17 03:43:45,653|INFO|nn.computeOptunaObjective|Trial 25 balacc:|[0.5841317970487163, 0.6266711854470844, 0.5811827956989247, 0.5, 0.725, 0.7046818727490997, 0.5, 0.5]
2023-06-17 03:43:45,653|INFO|nn.computeOptunaObjective|Trial 25 rocauc:|[0.7275891112458728, 0.7296169417626909, 0.7881720430107526, 0.8054968287526427, 0.8424242424242424, 0.8403361344537815, 0.756613568482435, 0.688638033804197]
2023-06-17 03:43:45,653|INFO|nn.computeOptunaObjective|Trial 25 timings:|11.657571399999995
2023-06-17 03:43:45,653|INFO|nn.computeOptunaObjective|Trial 25 objective:|0.5902084563679781
2023-06-17 03:43:54,414|INFO|nn.computeOptunaObjective|Trial 26 params:|{'n_layers': 2, 'architecture': 'outer', 'lr': 0.0001, 'n_epochs': 150}
2023-06-17 03:43:54,414|INFO|nn.computeOptunaObjective|Trial 26 balacc:|[0.553416211845563, 0.5626064813966696, 0.5205069124423963, 0.5, 0.6424242424242425, 0.6368547418967587, 0.5, 0.5]
2023-06-17 03:43:54,414|INFO|nn.computeOptunaObjective|Trial 26 rocauc:|[0.709628731217573, 0.7196072324912525, 0.752073732718894, 0.7745771670190275, 0.8287878787878789, 0.8187274909963984, 0.7505866875266677, 0.6678370213113416]
2023-06-17 03:43:54,414|INFO|nn.computeOptunaObjective|Trial 26 timings:|8.749689799999999
2023-06-17 03:43:54,414|INFO|nn.computeOptunaObjective|Trial 26 objective:|0.5519760737507038
2023-06-17 03:44:00,504|INFO|nn.computeOptunaObjective|Trial 27 params:|{'n_layers': 3, 'architecture': 'inner', 'lr': 0.0001, 'n_epochs': 100}
2023-06-17 03:44:00,504|INFO|nn.computeOptunaObjective|Trial 27 balacc:|[0.5, 0.5, 0.5, 0.5, 0.5, 0.5, 0.5, 0.5]
2023-06-17 03:44:00,504|INFO|nn.computeOptunaObjective|Trial 27 rocauc:|[0.682211441277542, 0.6771465733599574, 0.7184331797235023, 0.7682346723044398, 0.7454545454545454, 0.7178871548619449, 0.7389418290428105, 0.6530987180534008]
2023-06-17 03:44:00,504|INFO|nn.computeOptunaObjective|Trial 27 timings:|6.099437500000022
2023-06-17 03:44:00,504|INFO|nn.computeOptunaObjective|Trial 27 objective:|0.5
2023-06-17 03:44:09,610|INFO|nn.computeOptunaObjective|Trial 28 params:|{'n_layers': 3, 'architecture': 'top', 'lr': 0.001, 'n_epochs': 150}
2023-06-17 03:44:09,610|INFO|nn.computeOptunaObjective|Trial 28 balacc:|[0.6984435011117849, 0.724564456738784, 0.7220430107526882, 0.7542283298097252, 0.7848484848484849, 0.7521008403361344, 0.7236612857346039, 0.7190332326283988]
2023-06-17 03:44:09,610|INFO|nn.computeOptunaObjective|Trial 28 rocauc:|[0.8130230442692541, 0.8035209848498726, 0.7973886328725038, 0.8360200845665962, 0.8333333333333334, 0.8403361344537815, 0.8428833025174228, 0.7593390218012576]
2023-06-17 03:44:09,610|INFO|nn.computeOptunaObjective|Trial 28 timings:|9.097004599999991
2023-06-17 03:44:09,610|INFO|nn.computeOptunaObjective|Trial 28 objective:|0.7348653927450756
2023-06-17 03:44:15,466|INFO|nn.computeOptunaObjective|Trial 29 params:|{'n_layers': 4, 'architecture': 'outer', 'lr': 0.001, 'n_epochs': 100}
2023-06-17 03:44:15,466|INFO|nn.computeOptunaObjective|Trial 29 balacc:|[0.706448352536891, 0.7494696539469105, 0.7087557603686636, 0.7291226215644819, 0.8159090909090909, 0.7725090036014406, 0.7264880529085478, 0.658222421817588]
2023-06-17 03:44:15,466|INFO|nn.computeOptunaObjective|Trial 29 rocauc:|[0.8159659052624486, 0.8011651125725905, 0.8101382488479263, 0.8393234672304439, 0.8833333333333334, 0.8511404561824729, 0.8121177641871711, 0.7626153343676002]
2023-06-17 03:44:15,466|INFO|nn.computeOptunaObjective|Trial 29 timings:|5.844070600000009
2023-06-17 03:44:15,466|INFO|nn.computeOptunaObjective|Trial 29 objective:|0.7333656197067018
2023-06-17 03:44:27,024|INFO|nn.computeOptunaObjective|Trial 30 params:|{'n_layers': 4, 'architecture': 'linear', 'lr': 0.0001, 'n_epochs': 200}
2023-06-17 03:44:27,024|INFO|nn.computeOptunaObjective|Trial 30 balacc:|[0.6791860386766391, 0.7128675325626981, 0.7400153609831028, 0.7576638477801269, 0.8075757575757576, 0.801920768307323, 0.6477208078509458, 0.6559973871152119]
2023-06-17 03:44:27,024|INFO|nn.computeOptunaObjective|Trial 30 rocauc:|[0.7933393976147161, 0.7820286881491931, 0.7937019969278034, 0.8033826638477801, 0.8598484848484848, 0.8427370948379351, 0.802464087612004, 0.7508981791459132]
2023-06-17 03:44:27,024|INFO|nn.computeOptunaObjective|Trial 30 timings:|11.555093100000022
2023-06-17 03:44:27,024|INFO|nn.computeOptunaObjective|Trial 30 objective:|0.7253684376064757
2023-06-17 03:44:32,865|INFO|nn.computeOptunaObjective|Trial 31 params:|{'n_layers': 3, 'architecture': 'top', 'lr': 0.0001, 'n_epochs': 100}
2023-06-17 03:44:32,865|INFO|nn.computeOptunaObjective|Trial 31 balacc:|[0.5115255036722592, 0.5305054316961914, 0.5115975422427035, 0.5, 0.5825757575757575, 0.5, 0.5, 0.5]
2023-06-17 03:44:32,865|INFO|nn.computeOptunaObjective|Trial 31 rocauc:|[0.7221211508658446, 0.72436294355799, 0.7820276497695853, 0.8208245243128964, 0.8257575757575757, 0.8139255702280913, 0.761431517565069, 0.6802278108924634]
2023-06-17 03:44:32,865|INFO|nn.computeOptunaObjective|Trial 31 timings:|5.847311999999988
2023-06-17 03:44:32,865|INFO|nn.computeOptunaObjective|Trial 31 objective:|0.5170255293983639
2023-06-17 03:44:44,821|INFO|nn.computeOptunaObjective|Trial 32 params:|{'n_layers': 4, 'architecture': 'inner', 'lr': 0.001, 'n_epochs': 200}
2023-06-17 03:44:44,821|INFO|nn.computeOptunaObjective|Trial 32 balacc:|[0.7065258405767805, 0.7085936211918589, 0.7087557603686636, 0.745507399577167, 0.7931818181818182, 0.7112845138055222, 0.6941224576873845, 0.6800440924307994]
2023-06-17 03:44:44,821|INFO|nn.computeOptunaObjective|Trial 32 rocauc:|[0.8171181187251533, 0.7775642552256031, 0.8168202764976957, 0.8081395348837209, 0.8613636363636364, 0.8115246098439376, 0.8165534774569763, 0.7696578753980567]
2023-06-17 03:44:44,821|INFO|nn.computeOptunaObjective|Trial 32 timings:|11.945095900000013
2023-06-17 03:44:44,821|INFO|nn.computeOptunaObjective|Trial 32 objective:|0.7185019379774993
2023-06-17 03:44:53,622|INFO|nn.computeOptunaObjective|Trial 33 params:|{'n_layers': 3, 'architecture': 'bottom', 'lr': 0.001, 'n_epochs': 150}
2023-06-17 03:44:53,622|INFO|nn.computeOptunaObjective|Trial 33 balacc:|[0.7001751903510545, 0.6918771868759961, 0.7185099846390168, 0.7431289640591967, 0.8159090909090909, 0.6740696278511404, 0.6885044801592946, 0.7062341797991345]
2023-06-17 03:44:53,622|INFO|nn.computeOptunaObjective|Trial 33 rocauc:|[0.8026615457179436, 0.7866012054152087, 0.7874039938556068, 0.8329809725158562, 0.9015151515151515, 0.7611044417767107, 0.8179846394538473, 0.7536131297460602]
2023-06-17 03:44:53,622|INFO|nn.computeOptunaObjective|Trial 33 timings:|8.801388400000008
2023-06-17 03:44:53,622|INFO|nn.computeOptunaObjective|Trial 33 objective:|0.7173010880804905
2023-06-17 03:45:05,656|INFO|nn.computeOptunaObjective|Trial 34 params:|{'n_layers': 3, 'architecture': 'inner', 'lr': 0.001, 'n_epochs': 200}
2023-06-17 03:45:05,656|INFO|nn.computeOptunaObjective|Trial 34 balacc:|[0.707304090020888, 0.7120907908476377, 0.7166666666666667, 0.6976744186046512, 0.8075757575757576, 0.801920768307323, 0.7060784383444745, 0.7152567975830816]
2023-06-17 03:45:05,656|INFO|nn.computeOptunaObjective|Trial 34 rocauc:|[0.8155666734047573, 0.7942898492315019, 0.7791858678955452, 0.818446088794926, 0.8500000000000001, 0.7917166866746699, 0.8410076802730764, 0.7633400016330529]
2023-06-17 03:45:05,656|INFO|nn.computeOptunaObjective|Trial 34 timings:|12.028363599999977
2023-06-17 03:45:05,656|INFO|nn.computeOptunaObjective|Trial 34 objective:|0.73307096599381
2023-06-17 03:45:17,769|INFO|nn.computeOptunaObjective|Trial 35 params:|{'n_layers': 4, 'architecture': 'top', 'lr': 0.001, 'n_epochs': 200}
2023-06-17 03:45:17,769|INFO|nn.computeOptunaObjective|Trial 35 balacc:|[0.7092783505154638, 0.7288438639236448, 0.7480798771121351, 0.7174947145877378, 0.7931818181818182, 0.7418967587034815, 0.7342127720096714, 0.666530578917286]
2023-06-17 03:45:17,769|INFO|nn.computeOptunaObjective|Trial 35 rocauc:|[0.8099319452867056, 0.8049755436276036, 0.832795698924731, 0.8229386892177589, 0.8689393939393939, 0.8103241296518606, 0.8189446735883943, 0.765126153343676]
2023-06-17 03:45:17,769|INFO|nn.computeOptunaObjective|Trial 35 timings:|12.103291800000022
2023-06-17 03:45:17,769|INFO|nn.computeOptunaObjective|Trial 35 objective:|0.7299398417439048
2023-06-17 03:45:26,564|INFO|nn.computeOptunaObjective|Trial 36 params:|{'n_layers': 3, 'architecture': 'bottom', 'lr': 0.0001, 'n_epochs': 150}
2023-06-17 03:45:26,564|INFO|nn.computeOptunaObjective|Trial 36 balacc:|[0.5, 0.5015479876160991, 0.5142857142857142, 0.5, 0.5227272727272727, 0.5, 0.5, 0.5]
2023-06-17 03:45:26,564|INFO|nn.computeOptunaObjective|Trial 36 rocauc:|[0.6472811805134425, 0.656420026746295, 0.6881720430107526, 0.7100951374207188, 0.7348484848484849, 0.7022809123649459, 0.7229057033138956, 0.6427696578753981]
2023-06-17 03:45:26,564|INFO|nn.computeOptunaObjective|Trial 36 timings:|8.785554200000036
2023-06-17 03:45:26,564|INFO|nn.computeOptunaObjective|Trial 36 objective:|0.5048201218286357
2023-06-17 03:45:35,342|INFO|nn.computeOptunaObjective|Trial 37 params:|{'n_layers': 3, 'architecture': 'linear', 'lr': 0.0001, 'n_epochs': 150}
2023-06-17 03:45:35,342|INFO|nn.computeOptunaObjective|Trial 37 balacc:|[0.5746681490465602, 0.5808654075146097, 0.572273425499232, 0.5, 0.725, 0.6458583433373349, 0.5, 0.5]
2023-06-17 03:45:35,342|INFO|nn.computeOptunaObjective|Trial 37 rocauc:|[0.7439003436426117, 0.7508088006301867, 0.802457757296467, 0.8131606765327696, 0.8446969696969697, 0.8331332533013205, 0.7735030578865026, 0.7107046623662937]
2023-06-17 03:45:35,342|INFO|nn.computeOptunaObjective|Trial 37 timings:|8.774325999999974
2023-06-17 03:45:35,342|INFO|nn.computeOptunaObjective|Trial 37 objective:|0.574833165674717
2023-06-17 03:45:47,042|INFO|nn.computeOptunaObjective|Trial 38 params:|{'n_layers': 4, 'architecture': 'bottom', 'lr': 0.001, 'n_epochs': 200}
2023-06-17 03:45:47,042|INFO|nn.computeOptunaObjective|Trial 38 balacc:|[0.7142780136109427, 0.7215637422829612, 0.6721198156682028, 0.7285940803382664, 0.8075757575757576, 0.7521008403361344, 0.7159276774285308, 0.6912509185923084]
2023-06-17 03:45:47,042|INFO|nn.computeOptunaObjective|Trial 38 rocauc:|[0.8054039485209891, 0.7795171011412975, 0.7572964669738863, 0.8184460887949261, 0.8553030303030302, 0.8217286914765907, 0.829602830322856, 0.7596554258185678]
2023-06-17 03:45:47,042|INFO|nn.computeOptunaObjective|Trial 38 timings:|11.709607800000015
2023-06-17 03:45:47,042|INFO|nn.computeOptunaObjective|Trial 38 objective:|0.725426355729138
2023-06-17 03:45:56,125|INFO|nn.computeOptunaObjective|Trial 39 params:|{'n_layers': 4, 'architecture': 'top', 'lr': 0.0001, 'n_epochs': 150}
2023-06-17 03:45:56,125|INFO|nn.computeOptunaObjective|Trial 39 balacc:|[0.6891550434606832, 0.710040852217561, 0.7141321044546851, 0.7209302325581395, 0.7992424242424242, 0.723889555822329, 0.5787761342625516, 0.634257369151629]
2023-06-17 03:45:56,125|INFO|nn.computeOptunaObjective|Trial 39 rocauc:|[0.7944107539923185, 0.7880301170608387, 0.7987711213517665, 0.803646934460888, 0.8568181818181818, 0.8283313325330133, 0.800668468212203, 0.7524699926512615]
2023-06-17 03:45:56,125|INFO|nn.computeOptunaObjective|Trial 39 timings:|9.075065900000027
2023-06-17 03:45:56,125|INFO|nn.computeOptunaObjective|Trial 39 objective:|0.6963029645212504
2023-06-17 03:46:08,355|INFO|nn.computeOptunaObjective|Trial 40 params:|{'n_layers': 3, 'architecture': 'linear', 'lr': 0.001, 'n_epochs': 200}
2023-06-17 03:46:08,355|INFO|nn.computeOptunaObjective|Trial 40 balacc:|[0.7051546391752577, 0.7132742228003004, 0.7060675883256529, 0.7174947145877378, 0.8075757575757576, 0.801920768307323, 0.7088963163134689, 0.7190332326283988]
2023-06-17 03:46:08,355|INFO|nn.computeOptunaObjective|Trial 40 rocauc:|[0.8150107809446803, 0.79560151684467, 0.7960061443932411, 0.8312632135306555, 0.8613636363636363, 0.7929171668667466, 0.8401009813682264, 0.7621968645382542]
2023-06-17 03:46:08,355|INFO|nn.computeOptunaObjective|Trial 40 timings:|12.217571599999985
2023-06-17 03:46:08,355|INFO|nn.computeOptunaObjective|Trial 40 objective:|0.7349271549642371
2023-06-17 03:46:20,095|INFO|nn.computeOptunaObjective|Trial 41 params:|{'n_layers': 4, 'architecture': 'outer', 'lr': 0.001, 'n_epochs': 200}
2023-06-17 03:46:20,095|INFO|nn.computeOptunaObjective|Trial 41 balacc:|[0.6944848729869955, 0.7078590140509645, 0.6880952380952381, 0.7682346723044398, 0.7022727272727273, 0.7509003601440576, 0.6906023325273787, 0.7047644321058218]
2023-06-17 03:46:20,095|INFO|nn.computeOptunaObjective|Trial 41 rocauc:|[0.813039889495317, 0.789116456299119, 0.7917818740399385, 0.8179175475687103, 0.8715909090909091, 0.8199279711884754, 0.8199935997724364, 0.7625132685555647]
2023-06-17 03:46:20,095|INFO|nn.computeOptunaObjective|Trial 41 timings:|11.74069179999998
2023-06-17 03:46:20,095|INFO|nn.computeOptunaObjective|Trial 41 objective:|0.713401706185953
2023-06-17 03:46:28,741|INFO|nn.computeOptunaObjective|Trial 42 params:|{'n_layers': 2, 'architecture': 'linear', 'lr': 0.0001, 'n_epochs': 150}
2023-06-17 03:46:28,741|INFO|nn.computeOptunaObjective|Trial 42 balacc:|[0.5538440805875615, 0.5637001483869786, 0.5633640552995391, 0.5, 0.6507575757575758, 0.5678271308523409, 0.5, 0.5]
2023-06-17 03:46:28,741|INFO|nn.computeOptunaObjective|Trial 42 rocauc:|[0.7121285627653123, 0.7197098210196566, 0.7763440860215053, 0.7785412262156448, 0.8454545454545455, 0.8163265306122449, 0.7514756080216187, 0.6733281619988568]
2023-06-17 03:46:28,741|INFO|nn.computeOptunaObjective|Trial 42 timings:|8.640856799999995
2023-06-17 03:46:28,741|INFO|nn.computeOptunaObjective|Trial 42 objective:|0.5499366238604995
2023-06-17 03:46:37,653|INFO|nn.computeOptunaObjective|Trial 43 params:|{'n_layers': 4, 'architecture': 'linear', 'lr': 0.0001, 'n_epochs': 150}
2023-06-17 03:46:37,653|INFO|nn.computeOptunaObjective|Trial 43 balacc:|[0.5867967118118725, 0.5983475919174895, 0.618663594470046, 0.5, 0.6651515151515152, 0.6752701080432173, 0.5232097141231689, 0.5]
2023-06-17 03:46:37,653|INFO|nn.computeOptunaObjective|Trial 43 rocauc:|[0.7593053028771646, 0.7556158059611262, 0.791705069124424, 0.8078752642706131, 0.8295454545454546, 0.8211284513805522, 0.7835300810695491, 0.7308932799869355]
2023-06-17 03:46:37,653|INFO|nn.computeOptunaObjective|Trial 43 timings:|8.911582199999998
2023-06-17 03:46:37,653|INFO|nn.computeOptunaObjective|Trial 43 objective:|0.5834299044396637
2023-06-17 03:46:49,767|INFO|nn.computeOptunaObjective|Trial 44 params:|{'n_layers': 4, 'architecture': 'outer', 'lr': 0.0001, 'n_epochs': 200}
2023-06-17 03:46:49,767|INFO|nn.computeOptunaObjective|Trial 44 balacc:|[0.6828043932349572, 0.7001190759704692, 0.7453917050691243, 0.7605708245243129, 0.7681818181818182, 0.801920768307323, 0.6371693215758782, 0.668755613619662]
2023-06-17 03:46:49,767|INFO|nn.computeOptunaObjective|Trial 44 rocauc:|[0.7948824203220806, 0.777100774909777, 0.7889400921658987, 0.8041754756871037, 0.8590909090909091, 0.8511404561824729, 0.8032996728772578, 0.7492242998285294]
2023-06-17 03:46:49,767|INFO|nn.computeOptunaObjective|Trial 44 timings:|12.111179400000026
2023-06-17 03:46:49,767|INFO|nn.computeOptunaObjective|Trial 44 objective:|0.7206141900604431
2023-06-17 03:46:55,673|INFO|nn.computeOptunaObjective|Trial 45 params:|{'n_layers': 4, 'architecture': 'bottom', 'lr': 0.001, 'n_epochs': 100}
2023-06-17 03:46:55,673|INFO|nn.computeOptunaObjective|Trial 45 balacc:|[0.7060305909305302, 0.7246597175151593, 0.7265745007680491, 0.7204016913319239, 0.7848484848484849, 0.7725090036014406, 0.6955447304793059, 0.66791867396097]
2023-06-17 03:46:55,673|INFO|nn.computeOptunaObjective|Trial 45 rocauc:|[0.7997843811063945, 0.7824024035026655, 0.7897849462365591, 0.8276955602536997, 0.8681818181818183, 0.8391356542617047, 0.7999928886360403, 0.7677186249693803]
2023-06-17 03:46:55,673|INFO|nn.computeOptunaObjective|Trial 45 timings:|5.892795100000001
2023-06-17 03:46:55,673|INFO|nn.computeOptunaObjective|Trial 45 objective:|0.724810924179483
2023-06-17 03:47:07,510|INFO|nn.computeOptunaObjective|Trial 46 params:|{'n_layers': 3, 'architecture': 'inner', 'lr': 0.0001, 'n_epochs': 200}
2023-06-17 03:47:07,510|INFO|nn.computeOptunaObjective|Trial 46 balacc:|[0.6672326662623813, 0.6711140015021891, 0.707910906298003, 0.7151162790697674, 0.7704545454545455, 0.723889555822329, 0.5893276205376191, 0.5885114721972728]
2023-06-17 03:47:07,510|INFO|nn.computeOptunaObjective|Trial 46 rocauc:|[0.782315881679132, 0.7700185025738729, 0.809062980030722, 0.8081395348837209, 0.865909090909091, 0.8451380552220888, 0.7952460531930025, 0.7360373969135299]
2023-06-17 03:47:07,510|INFO|nn.computeOptunaObjective|Trial 46 timings:|11.830084
2023-06-17 03:47:07,510|INFO|nn.computeOptunaObjective|Trial 46 objective:|0.6791946308930134
2023-06-17 03:47:16,343|INFO|nn.computeOptunaObjective|Trial 47 params:|{'n_layers': 2, 'architecture': 'top', 'lr': 0.001, 'n_epochs': 150}
2023-06-17 03:47:16,343|INFO|nn.computeOptunaObjective|Trial 47 balacc:|[0.7027525099386833, 0.7007529265209665, 0.6712749615975422, 0.6387420718816068, 0.7704545454545455, 0.7046818727490997, 0.7081851799175082, 0.6980485016738793]
2023-06-17 03:47:16,343|INFO|nn.computeOptunaObjective|Trial 47 rocauc:|[0.7957010983087394, 0.7885851942770257, 0.7804147465437787, 0.8417019027484144, 0.8833333333333333, 0.8211284513805521, 0.8353096999004409, 0.7580223728259982]
2023-06-17 03:47:16,343|INFO|nn.computeOptunaObjective|Trial 47 timings:|8.8284314
2023-06-17 03:47:16,343|INFO|nn.computeOptunaObjective|Trial 47 objective:|0.6993615712167289
2023-06-17 03:47:22,178|INFO|nn.computeOptunaObjective|Trial 48 params:|{'n_layers': 2, 'architecture': 'inner', 'lr': 0.001, 'n_epochs': 100}
2023-06-17 03:47:22,178|INFO|nn.computeOptunaObjective|Trial 48 balacc:|[0.6860723670911664, 0.6876875446534889, 0.6623655913978495, 0.6556553911205074, 0.7477272727272727, 0.7533013205282113, 0.7095896742995307, 0.6710214746468524]
2023-06-17 03:47:22,178|INFO|nn.computeOptunaObjective|Trial 48 rocauc:|[0.7856108078970419, 0.7763899829629766, 0.7812596006144393, 0.8387949260042283, 0.8795454545454546, 0.82953181272509, 0.8265360546152752, 0.7673716012084592]
2023-06-17 03:47:22,178|INFO|nn.computeOptunaObjective|Trial 48 timings:|5.836368399999969
2023-06-17 03:47:22,178|INFO|nn.computeOptunaObjective|Trial 48 objective:|0.6966775795581099
2023-06-17 03:47:33,745|INFO|nn.computeOptunaObjective|Trial 49 params:|{'n_layers': 2, 'architecture': 'outer', 'lr': 0.0001, 'n_epochs': 200}
2023-06-17 03:47:33,745|INFO|nn.computeOptunaObjective|Trial 49 balacc:|[0.5974664780001347, 0.6410573946177661, 0.6240399385560675, 0.5367336152219873, 0.7560606060606061, 0.7046818727490997, 0.5182850945811407, 0.5097370784681963]
2023-06-17 03:47:33,745|INFO|nn.computeOptunaObjective|Trial 49 rocauc:|[0.7418536486759653, 0.7418359682708338, 0.7917050691244241, 0.8134249471458773, 0.856060606060606, 0.7923169267707082, 0.7773965296543878, 0.6952927247489181]
2023-06-17 03:47:33,745|INFO|nn.computeOptunaObjective|Trial 49 timings:|11.566796099999976
2023-06-17 03:47:33,745|INFO|nn.computeOptunaObjective|Trial 49 objective:|0.6110077597818748
2023-06-17 03:47:39,627|INFO|nn.computeOptunaObjective|Trial 50 params:|{'n_layers': 2, 'architecture': 'top', 'lr': 0.001, 'n_epochs': 100}
2023-06-17 03:47:39,627|INFO|nn.computeOptunaObjective|Trial 50 balacc:|[0.6927733980190014, 0.6949255317200066, 0.6596774193548387, 0.6643763213530656, 0.725, 0.6944777911164466, 0.7025583131844688, 0.6792479790969217]
2023-06-17 03:47:39,627|INFO|nn.computeOptunaObjective|Trial 50 rocauc:|[0.7962940502661545, 0.788125377837214, 0.7765745007680491, 0.834830866807611, 0.8916666666666666, 0.8115246098439376, 0.833096287868013, 0.7687392830897363]
2023-06-17 03:47:39,627|INFO|nn.computeOptunaObjective|Trial 50 timings:|5.876026700000011
2023-06-17 03:47:39,627|INFO|nn.computeOptunaObjective|Trial 50 objective:|0.6891295942305936
2023-06-17 03:47:51,600|INFO|nn.computeOptunaObjective|Trial 51 params:|{'n_layers': 3, 'architecture': 'top', 'lr': 0.001, 'n_epochs': 200}
2023-06-17 03:47:51,600|INFO|nn.computeOptunaObjective|Trial 51 balacc:|[0.7078195539384138, 0.7108597285067874, 0.7131336405529953, 0.7938689217758985, 0.8242424242424242, 0.723889555822329, 0.7419463803157446, 0.7242794153670287]
2023-06-17 03:47:51,600|INFO|nn.computeOptunaObjective|Trial 51 rocauc:|[0.812810794420861, 0.8031747485665085, 0.801305683563748, 0.8559725158562368, 0.8818181818181818, 0.7923169267707082, 0.8391765040534774, 0.7643402465910019]
2023-06-17 03:47:51,600|INFO|nn.computeOptunaObjective|Trial 51 timings:|11.957855800000004
2023-06-17 03:47:51,600|INFO|nn.computeOptunaObjective|Trial 51 objective:|0.7425049525652027
2023-06-17 03:47:57,480|INFO|nn.computeOptunaObjective|Trial 52 params:|{'n_layers': 2, 'architecture': 'bottom', 'lr': 0.001, 'n_epochs': 100}
2023-06-17 03:47:57,480|INFO|nn.computeOptunaObjective|Trial 52 balacc:|[0.6688767603261235, 0.6638760144356715, 0.6543010752688172, 0.6952959830866807, 0.7704545454545455, 0.7533013205282113, 0.6610635044801593, 0.657548787458153]
2023-06-17 03:47:57,480|INFO|nn.computeOptunaObjective|Trial 52 rocauc:|[0.7709790445387777, 0.7519629215747339, 0.765284178187404, 0.8136892177589852, 0.8848484848484849, 0.8391356542617047, 0.8141089460958613, 0.7594104678696824]
2023-06-17 03:47:57,480|INFO|nn.computeOptunaObjective|Trial 52 timings:|5.875167299999987
2023-06-17 03:47:57,480|INFO|nn.computeOptunaObjective|Trial 52 objective:|0.6905897488797952
2023-06-17 03:48:06,368|INFO|nn.computeOptunaObjective|Trial 53 params:|{'n_layers': 2, 'architecture': 'outer', 'lr': 0.001, 'n_epochs': 150}
2023-06-17 03:48:06,368|INFO|nn.computeOptunaObjective|Trial 53 balacc:|[0.6980257395054241, 0.696838074999542, 0.6828725038402458, 0.610200845665962, 0.7704545454545455, 0.6752701080432173, 0.7018560659934575, 0.6972932146648159]
2023-06-17 03:48:06,368|INFO|nn.computeOptunaObjective|Trial 53 rocauc:|[0.7881931810524897, 0.7828310769963543, 0.7794930875576036, 0.8329809725158562, 0.8795454545454545, 0.7707082833133253, 0.8292739297397241, 0.7638809504368417]
2023-06-17 03:48:06,368|INFO|nn.computeOptunaObjective|Trial 53 timings:|8.883077799999967
2023-06-17 03:48:06,368|INFO|nn.computeOptunaObjective|Trial 53 objective:|0.6916013872709013
2023-06-17 03:48:12,367|INFO|nn.computeOptunaObjective|Trial 54 params:|{'n_layers': 3, 'architecture': 'inner', 'lr': 0.001, 'n_epochs': 100}
2023-06-17 03:48:12,367|INFO|nn.computeOptunaObjective|Trial 54 balacc:|[0.6981908227208409, 0.7177807902980563, 0.7122887864823348, 0.7233086680761099, 0.7704545454545455, 0.7725090036014406, 0.7468709998577727, 0.7055197191148853]
2023-06-17 03:48:12,367|INFO|nn.computeOptunaObjective|Trial 54 rocauc:|[0.813941109089684, 0.7977448843131149, 0.7984639016897082, 0.830338266384778, 0.8833333333333333, 0.8421368547418968, 0.8413276916512588, 0.7643300400097983]
2023-06-17 03:48:12,367|INFO|nn.computeOptunaObjective|Trial 54 timings:|6.003249400000016
2023-06-17 03:48:12,367|INFO|nn.computeOptunaObjective|Trial 54 objective:|0.7308654169507482
2023-06-17 03:48:21,123|INFO|nn.computeOptunaObjective|Trial 55 params:|{'n_layers': 3, 'architecture': 'inner', 'lr': 0.001, 'n_epochs': 150}
2023-06-17 03:48:21,123|INFO|nn.computeOptunaObjective|Trial 55 balacc:|[0.69466006333805, 0.7096762965541246, 0.7166666666666667, 0.7682346723044398, 0.7393939393939394, 0.7521008403361344, 0.7117053050775138, 0.7085000408263249]
2023-06-17 03:48:21,123|INFO|nn.computeOptunaObjective|Trial 55 rocauc:|[0.8103513914156729, 0.80048729550992, 0.7999999999999999, 0.8335095137420719, 0.8553030303030303, 0.7923169267707083, 0.8262871568766887, 0.7678513105250265]
2023-06-17 03:48:21,123|INFO|nn.computeOptunaObjective|Trial 55 timings:|8.745224699999994
2023-06-17 03:48:21,123|INFO|nn.computeOptunaObjective|Trial 55 objective:|0.7251172280621492
2023-06-17 03:48:29,917|INFO|nn.computeOptunaObjective|Trial 56 params:|{'n_layers': 4, 'architecture': 'bottom', 'lr': 0.0001, 'n_epochs': 150}
2023-06-17 03:48:29,917|INFO|nn.computeOptunaObjective|Trial 56 balacc:|[0.5, 0.5, 0.5142857142857142, 0.5, 0.5, 0.5, 0.5, 0.5]
2023-06-17 03:48:29,917|INFO|nn.computeOptunaObjective|Trial 56 rocauc:|[0.6446263728859243, 0.6248410793778739, 0.6248847926267281, 0.6860465116279071, 0.6628787878787878, 0.6338535414165667, 0.7177499644431802, 0.6334816689801585]
2023-06-17 03:48:29,917|INFO|nn.computeOptunaObjective|Trial 56 timings:|8.784114899999963
2023-06-17 03:48:29,917|INFO|nn.computeOptunaObjective|Trial 56 objective:|0.5017857142857143
2023-06-17 03:48:35,790|INFO|nn.computeOptunaObjective|Trial 57 params:|{'n_layers': 2, 'architecture': 'linear', 'lr': 0.001, 'n_epochs': 100}
2023-06-17 03:48:35,790|INFO|nn.computeOptunaObjective|Trial 57 balacc:|[0.6799642881207466, 0.6780350632934582, 0.6632104454685099, 0.6556553911205074, 0.7931818181818182, 0.7929171668667467, 0.6835709714123169, 0.6627541438719686]
2023-06-17 03:48:35,790|INFO|nn.computeOptunaObjective|Trial 57 rocauc:|[0.7844754396604001, 0.770465495447634, 0.7660522273425499, 0.8060253699788584, 0.8992424242424243, 0.8427370948379351, 0.8262693784667898, 0.7637176451375847]
2023-06-17 03:48:35,790|INFO|nn.computeOptunaObjective|Trial 57 timings:|5.864297399999941
2023-06-17 03:48:35,790|INFO|nn.computeOptunaObjective|Trial 57 objective:|0.7011611610420091
2023-06-17 03:48:47,685|INFO|nn.computeOptunaObjective|Trial 58 params:|{'n_layers': 2, 'architecture': 'top', 'lr': 0.0001, 'n_epochs': 200}
2023-06-17 03:48:47,685|INFO|nn.computeOptunaObjective|Trial 58 balacc:|[0.6378107944208612, 0.6509846666788796, 0.6391705069124424, 0.5792811839323467, 0.7787878787878788, 0.723889555822329, 0.5386858199402645, 0.5420102882338532]
2023-06-17 03:48:47,685|INFO|nn.computeOptunaObjective|Trial 58 rocauc:|[0.7670305235496261, 0.7584626376243427, 0.8003072196620583, 0.834830866807611, 0.8924242424242425, 0.8247298919567828, 0.8013796046081638, 0.7214419857924389]
2023-06-17 03:48:47,685|INFO|nn.computeOptunaObjective|Trial 58 timings:|11.895962300000065
2023-06-17 03:48:47,685|INFO|nn.computeOptunaObjective|Trial 58 objective:|0.6363275868411069
2023-06-17 03:48:53,488|INFO|nn.computeOptunaObjective|Trial 59 params:|{'n_layers': 2, 'architecture': 'linear', 'lr': 0.0001, 'n_epochs': 100}
2023-06-17 03:48:53,488|INFO|nn.computeOptunaObjective|Trial 59 balacc:|[0.5, 0.5056002344880649, 0.5, 0.5, 0.5, 0.5, 0.5, 0.5]
2023-06-17 03:48:53,488|INFO|nn.computeOptunaObjective|Trial 59 rocauc:|[0.6565561619836938, 0.6497481085240077, 0.6654377880184332, 0.6744186046511628, 0.7121212121212122, 0.6422569027611044, 0.6994559806570899, 0.6282763125663428]
2023-06-17 03:48:53,488|INFO|nn.computeOptunaObjective|Trial 59 timings:|5.794291900000076
2023-06-17 03:48:53,488|INFO|nn.computeOptunaObjective|Trial 59 objective:|0.5007000293110081
2023-06-17 03:49:04,952|INFO|nn.computeOptunaObjective|Trial 60 params:|{'n_layers': 2, 'architecture': 'linear', 'lr': 0.0001, 'n_epochs': 200}
2023-06-17 03:49:04,952|INFO|nn.computeOptunaObjective|Trial 60 balacc:|[0.6042551041034971, 0.6247586421675491, 0.6159754224270353, 0.5367336152219873, 0.7560606060606061, 0.723889555822329, 0.52391196131418, 0.5097370784681963]
2023-06-17 03:49:04,952|INFO|nn.computeOptunaObjective|Trial 60 rocauc:|[0.745704467353952, 0.7468957810467692, 0.7955453149001537, 0.820031712473573, 0.8515151515151514, 0.8043217286914766, 0.7839745413170245, 0.7081938433902181]
2023-06-17 03:49:04,952|INFO|nn.computeOptunaObjective|Trial 60 timings:|11.46592720000001
2023-06-17 03:49:04,952|INFO|nn.computeOptunaObjective|Trial 60 objective:|0.6119152481981724
2023-06-17 03:49:10,824|INFO|nn.computeOptunaObjective|Trial 61 params:|{'n_layers': 2, 'architecture': 'outer', 'lr': 0.001, 'n_epochs': 100}
2023-06-17 03:49:10,824|INFO|nn.computeOptunaObjective|Trial 61 balacc:|[0.6847786537295331, 0.6783996189568945, 0.6632104454685099, 0.6585623678646935, 0.7931818181818182, 0.6752701080432173, 0.6849754657943393, 0.6447497346288886]
2023-06-17 03:49:10,824|INFO|nn.computeOptunaObjective|Trial 61 rocauc:|[0.7833400714237585, 0.7746752889882207, 0.7686635944700461, 0.8202959830866807, 0.8916666666666666, 0.8427370948379352, 0.8225714692077941, 0.7641463215481342]
2023-06-17 03:49:10,824|INFO|nn.computeOptunaObjective|Trial 61 timings:|5.869028800000024
2023-06-17 03:49:10,824|INFO|nn.computeOptunaObjective|Trial 61 objective:|0.6853910265834868
2023-06-17 03:49:19,462|INFO|nn.computeOptunaObjective|Trial 62 params:|{'n_layers': 4, 'architecture': 'bottom', 'lr': 0.001, 'n_epochs': 150}
2023-06-17 03:49:19,462|INFO|nn.computeOptunaObjective|Trial 62 balacc:|[0.6974226804123711, 0.7223349881839998, 0.6899385560675884, 0.7740486257928119, 0.8159090909090909, 0.7725090036014406, 0.6885044801592946, 0.6829835878174246]
2023-06-17 03:49:19,462|INFO|nn.computeOptunaObjective|Trial 62 rocauc:|[0.8038575567684119, 0.7858940773444227, 0.7949308755760368, 0.8150105708245243, 0.853030303030303, 0.8235294117647058, 0.8199402645427394, 0.7533477586347677]
2023-06-17 03:49:19,462|INFO|nn.computeOptunaObjective|Trial 62 timings:|8.62089119999996
2023-06-17 03:49:19,462|INFO|nn.computeOptunaObjective|Trial 62 objective:|0.7304563766180027
2023-06-17 03:49:28,114|INFO|nn.computeOptunaObjective|Trial 63 params:|{'n_layers': 2, 'architecture': 'top', 'lr': 0.0001, 'n_epochs': 150}
2023-06-17 03:49:28,114|INFO|nn.computeOptunaObjective|Trial 63 balacc:|[0.5828380836870831, 0.6157876417462033, 0.5981566820276498, 0.5198202959830867, 0.7560606060606061, 0.734093637454982, 0.5, 0.51275822650445]
2023-06-17 03:49:28,114|INFO|nn.computeOptunaObjective|Trial 63 rocauc:|[0.7362913550299846, 0.740190887940352, 0.8046082949308756, 0.8226744186046512, 0.8492424242424242, 0.8163265306122449, 0.7637604892618406, 0.689332081326039]
2023-06-17 03:49:28,114|INFO|nn.computeOptunaObjective|Trial 63 timings:|8.645460100000037
2023-06-17 03:49:28,114|INFO|nn.computeOptunaObjective|Trial 63 objective:|0.6024393966830076
2023-06-17 03:49:36,978|INFO|nn.computeOptunaObjective|Trial 64 params:|{'n_layers': 3, 'architecture': 'inner', 'lr': 0.0001, 'n_epochs': 150}
2023-06-17 03:49:36,978|INFO|nn.computeOptunaObjective|Trial 64 balacc:|[0.5990128697527121, 0.6267609504094381, 0.6008448540706606, 0.5227272727272727, 0.725, 0.7046818727490997, 0.5, 0.5]
2023-06-17 03:49:36,978|INFO|nn.computeOptunaObjective|Trial 64 rocauc:|[0.7488545246277205, 0.7489841903749976, 0.7987711213517665, 0.811046511627907, 0.8477272727272728, 0.8355342136854742, 0.7741253022329684, 0.7129296970686698]
2023-06-17 03:49:36,978|INFO|nn.computeOptunaObjective|Trial 64 timings:|8.864681000000019
2023-06-17 03:49:36,978|INFO|nn.computeOptunaObjective|Trial 64 objective:|0.5973784774636479
2023-06-17 03:49:42,993|INFO|nn.computeOptunaObjective|Trial 65 params:|{'n_layers': 3, 'architecture': 'outer', 'lr': 0.0001, 'n_epochs': 100}
2023-06-17 03:49:42,993|INFO|nn.computeOptunaObjective|Trial 65 balacc:|[0.5, 0.5015479876160991, 0.5, 0.5, 0.5, 0.5, 0.5, 0.5]
2023-06-17 03:49:42,993|INFO|nn.computeOptunaObjective|Trial 65 rocauc:|[0.6737753520652247, 0.6642753769212449, 0.6955453149001537, 0.7309725158562368, 0.7401515151515151, 0.6926770708283313, 0.7195989190726781, 0.6420143708663346]
2023-06-17 03:49:42,993|INFO|nn.computeOptunaObjective|Trial 65 timings:|6.013776399999983
2023-06-17 03:49:42,993|INFO|nn.computeOptunaObjective|Trial 65 objective:|0.5001934984520124
2023-06-17 03:49:51,683|INFO|nn.computeOptunaObjective|Trial 66 params:|{'n_layers': 2, 'architecture': 'inner', 'lr': 0.001, 'n_epochs': 150}
2023-06-17 03:49:51,683|INFO|nn.computeOptunaObjective|Trial 66 balacc:|[0.7041237113402061, 0.7002509755069889, 0.7033794162826421, 0.672568710359408, 0.8386363636363636, 0.7827130852340937, 0.7060784383444745, 0.699518249367192]
2023-06-17 03:49:51,683|INFO|nn.computeOptunaObjective|Trial 66 rocauc:|[0.7958796577050063, 0.793254804257424, 0.7785714285714286, 0.8382663847780127, 0.9083333333333334, 0.8367346938775511, 0.8381986915090314, 0.763084837102964]
2023-06-17 03:49:51,683|INFO|nn.computeOptunaObjective|Trial 66 timings:|8.679492600000003
2023-06-17 03:49:51,683|INFO|nn.computeOptunaObjective|Trial 66 objective:|0.725908618758921
2023-06-17 03:49:57,579|INFO|nn.computeOptunaObjective|Trial 67 params:|{'n_layers': 4, 'architecture': 'linear', 'lr': 0.0001, 'n_epochs': 100}
2023-06-17 03:49:57,579|INFO|nn.computeOptunaObjective|Trial 67 balacc:|[0.5, 0.5, 0.5, 0.5, 0.5, 0.5, 0.5, 0.5]
2023-06-17 03:49:57,579|INFO|nn.computeOptunaObjective|Trial 67 rocauc:|[0.683715719964962, 0.675889863887006, 0.7279569892473118, 0.7899048625792812, 0.7636363636363637, 0.7490996398559424, 0.7403463234248329, 0.6562831713889117]
2023-06-17 03:49:57,579|INFO|nn.computeOptunaObjective|Trial 67 timings:|5.882558700000004
2023-06-17 03:49:57,579|INFO|nn.computeOptunaObjective|Trial 67 objective:|0.5
2023-06-17 03:50:03,407|INFO|nn.computeOptunaObjective|Trial 68 params:|{'n_layers': 2, 'architecture': 'outer', 'lr': 0.0001, 'n_epochs': 100}
2023-06-17 03:50:03,407|INFO|nn.computeOptunaObjective|Trial 68 balacc:|[0.5049019607843137, 0.5115650246395662, 0.5, 0.5, 0.5, 0.5, 0.5, 0.5]
2023-06-17 03:50:03,407|INFO|nn.computeOptunaObjective|Trial 68 rocauc:|[0.6659894885789368, 0.6684924982138605, 0.678494623655914, 0.688953488372093, 0.7136363636363636, 0.6770708283313325, 0.7008249182193145, 0.6265411937617376]
2023-06-17 03:50:03,407|INFO|nn.computeOptunaObjective|Trial 68 timings:|5.833595199999991
2023-06-17 03:50:03,407|INFO|nn.computeOptunaObjective|Trial 68 objective:|0.502058373177985
2023-06-17 03:50:12,208|INFO|nn.computeOptunaObjective|Trial 69 params:|{'n_layers': 4, 'architecture': 'inner', 'lr': 0.0001, 'n_epochs': 150}
2023-06-17 03:50:12,208|INFO|nn.computeOptunaObjective|Trial 69 balacc:|[0.6156930126002291, 0.6110960485097184, 0.589247311827957, 0.6672832980972516, 0.725, 0.6356542617046819, 0.5, 0.5337021311341553]
2023-06-17 03:50:12,208|INFO|nn.computeOptunaObjective|Trial 69 rocauc:|[0.7678559396267097, 0.7615439573524833, 0.7990783410138249, 0.8099894291754757, 0.8363636363636364, 0.821128451380552, 0.7848101265822784, 0.7331591410141258]
2023-06-17 03:50:12,208|INFO|nn.computeOptunaObjective|Trial 69 timings:|8.783262499999978
2023-06-17 03:50:12,208|INFO|nn.computeOptunaObjective|Trial 69 objective:|0.6097095079842492
2023-06-17 03:50:24,499|INFO|nn.computeOptunaObjective|Trial 70 params:|{'n_layers': 4, 'architecture': 'top', 'lr': 0.0001, 'n_epochs': 200}
2023-06-17 03:50:24,499|INFO|nn.computeOptunaObjective|Trial 70 balacc:|[0.6777171349639513, 0.7213310861560445, 0.7346390168970813, 0.7547568710359408, 0.8075757575757576, 0.7725090036014406, 0.704673943962452, 0.6552421001061485]
2023-06-17 03:50:24,499|INFO|nn.computeOptunaObjective|Trial 70 rocauc:|[0.8086719223771983, 0.7958744756077454, 0.7996927803379417, 0.8284883720930234, 0.8636363636363636, 0.8139255702280912, 0.8239226283601196, 0.7482036417081733]
2023-06-17 03:50:24,499|INFO|nn.computeOptunaObjective|Trial 70 timings:|12.282172100000025
2023-06-17 03:50:24,499|INFO|nn.computeOptunaObjective|Trial 70 objective:|0.728555614287352
2023-06-17 03:50:30,332|INFO|nn.computeOptunaObjective|Trial 71 params:|{'n_layers': 2, 'architecture': 'inner', 'lr': 0.0001, 'n_epochs': 100}
2023-06-17 03:50:30,332|INFO|nn.computeOptunaObjective|Trial 71 balacc:|[0.5016339869281046, 0.5059647901515013, 0.5, 0.5, 0.5, 0.5, 0.5, 0.5]
2023-06-17 03:50:30,332|INFO|nn.computeOptunaObjective|Trial 71 rocauc:|[0.652250522202008, 0.6592009086412516, 0.6803379416282642, 0.688953488372093, 0.7287878787878788, 0.7058823529411765, 0.7016605034845683, 0.6319302686372174]
2023-06-17 03:50:30,332|INFO|nn.computeOptunaObjective|Trial 71 timings:|5.8364027999999735
2023-06-17 03:50:30,332|INFO|nn.computeOptunaObjective|Trial 71 objective:|0.5009498471349507
2023-06-17 03:50:36,181|INFO|nn.computeOptunaObjective|Trial 72 params:|{'n_layers': 2, 'architecture': 'top', 'lr': 0.0001, 'n_epochs': 100}
2023-06-17 03:50:36,181|INFO|nn.computeOptunaObjective|Trial 72 balacc:|[0.5170305235496261, 0.5312345430230642, 0.5115975422427035, 0.5, 0.5909090909090909, 0.5, 0.5, 0.5]
2023-06-17 03:50:36,181|INFO|nn.computeOptunaObjective|Trial 72 rocauc:|[0.6910080183276059, 0.699192115338817, 0.7170506912442396, 0.7328224101479915, 0.7621212121212121, 0.7406962785114046, 0.7294659365666335, 0.6483424512125419]
2023-06-17 03:50:36,181|INFO|nn.computeOptunaObjective|Trial 72 timings:|5.844856800000002
2023-06-17 03:50:36,181|INFO|nn.computeOptunaObjective|Trial 72 objective:|0.5188464624655605
2023-06-17 03:50:47,794|INFO|nn.computeOptunaObjective|Trial 73 params:|{'n_layers': 4, 'architecture': 'inner', 'lr': 0.0001, 'n_epochs': 200}
2023-06-17 03:50:47,794|INFO|nn.computeOptunaObjective|Trial 73 balacc:|[0.6982784178963681, 0.7156887170938135, 0.7400153609831028, 0.7576638477801269, 0.8075757575757576, 0.7827130852340937, 0.6533476745839852, 0.6559973871152119]
2023-06-17 03:50:47,794|INFO|nn.computeOptunaObjective|Trial 73 rocauc:|[0.7967488713698537, 0.7833586751424331, 0.8044546850998464, 0.8054968287526427, 0.865909090909091, 0.8223289315726291, 0.8025529796614991, 0.7595533600065322]
2023-06-17 03:50:47,794|INFO|nn.computeOptunaObjective|Trial 73 timings:|11.596423500000014
2023-06-17 03:50:47,794|INFO|nn.computeOptunaObjective|Trial 73 objective:|0.7264100310328074
2023-06-17 03:50:53,644|INFO|nn.computeOptunaObjective|Trial 74 params:|{'n_layers': 3, 'architecture': 'linear', 'lr': 0.001, 'n_epochs': 100}
2023-06-17 03:50:53,644|INFO|nn.computeOptunaObjective|Trial 74 balacc:|[0.7041237113402061, 0.7194185428765091, 0.7104454685099846, 0.6918604651162791, 0.8159090909090909, 0.7533013205282113, 0.7145231830465083, 0.7077855801420756]
2023-06-17 03:50:53,644|INFO|nn.computeOptunaObjective|Trial 74 rocauc:|[0.8203254497675359, 0.8062780515507355, 0.8001536098310292, 0.8117071881606766, 0.8848484848484849, 0.8187274909963986, 0.8247226568055753, 0.7646362374459051]
2023-06-17 03:50:53,644|INFO|nn.computeOptunaObjective|Trial 74 timings:|5.854745399999956
2023-06-17 03:50:53,644|INFO|nn.computeOptunaObjective|Trial 74 objective:|0.7271709203086081
2023-06-17 03:51:05,366|INFO|nn.computeOptunaObjective|Trial 75 params:|{'n_layers': 3, 'architecture': 'bottom', 'lr': 0.001, 'n_epochs': 200}
2023-06-17 03:51:05,366|INFO|nn.computeOptunaObjective|Trial 75 balacc:|[0.7068762212788895, 0.705492150145639, 0.7069124423963133, 0.7547568710359408, 0.7909090909090909, 0.6854741896758703, 0.7257680273076376, 0.7167265452763942]
2023-06-17 03:51:05,366|INFO|nn.computeOptunaObjective|Trial 75 rocauc:|[0.7950053904723401, 0.7858354553281917, 0.7579877112135177, 0.8015327695560254, 0.9143939393939394, 0.7839135654261703, 0.8447944815815673, 0.767494080182902]
2023-06-17 03:51:05,366|INFO|nn.computeOptunaObjective|Trial 75 timings:|11.711410799999953
2023-06-17 03:51:05,366|INFO|nn.computeOptunaObjective|Trial 75 objective:|0.724114442253222
2023-06-17 03:51:11,448|INFO|nn.computeOptunaObjective|Trial 76 params:|{'n_layers': 2, 'architecture': 'bottom', 'lr': 0.0001, 'n_epochs': 100}
2023-06-17 03:51:11,448|INFO|nn.computeOptunaObjective|Trial 76 balacc:|[0.5, 0.5, 0.5, 0.5, 0.5, 0.5, 0.5, 0.5]
2023-06-17 03:51:11,448|INFO|nn.computeOptunaObjective|Trial 76 rocauc:|[0.6169833569166498, 0.60415483540037, 0.5760368663594471, 0.6213002114164905, 0.6045454545454545, 0.5570228091236494, 0.6587078651685394, 0.6110680166571405]
2023-06-17 03:51:11,448|INFO|nn.computeOptunaObjective|Trial 76 timings:|6.079599600000051
2023-06-17 03:51:11,448|INFO|nn.computeOptunaObjective|Trial 76 objective:|0.5
2023-06-17 03:51:17,534|INFO|nn.computeOptunaObjective|Trial 77 params:|{'n_layers': 4, 'architecture': 'outer', 'lr': 0.0001, 'n_epochs': 100}
2023-06-17 03:51:17,534|INFO|nn.computeOptunaObjective|Trial 77 balacc:|[0.5, 0.5, 0.5, 0.5, 0.5, 0.5, 0.5, 0.5]
2023-06-17 03:51:17,534|INFO|nn.computeOptunaObjective|Trial 77 rocauc:|[0.6766727309480494, 0.6658105409712934, 0.7116743471582182, 0.7735200845665962, 0.7356060606060606, 0.7082833133253301, 0.738568482434931, 0.6520576467706377]
2023-06-17 03:51:17,534|INFO|nn.computeOptunaObjective|Trial 77 timings:|6.0784210999999
2023-06-17 03:51:17,534|INFO|nn.computeOptunaObjective|Trial 77 objective:|0.5
2023-06-17 03:51:29,578|INFO|nn.computeOptunaObjective|Trial 78 params:|{'n_layers': 2, 'architecture': 'linear', 'lr': 0.001, 'n_epochs': 200}
2023-06-17 03:51:29,578|INFO|nn.computeOptunaObjective|Trial 78 balacc:|[0.6924331244525301, 0.6983860626156411, 0.6658986175115207, 0.5816596194503171, 0.7931818181818182, 0.7635054021608644, 0.7222567913525815, 0.6957826406466889]
2023-06-17 03:51:29,578|INFO|nn.computeOptunaObjective|Trial 78 rocauc:|[0.7857405161377267, 0.7852510671038893, 0.7684331797235022, 0.8224101479915433, 0.8946969696969698, 0.8451380552220888, 0.8397631915801451, 0.7599616232546745]
2023-06-17 03:51:29,578|INFO|nn.computeOptunaObjective|Trial 78 timings:|12.026962499999968
2023-06-17 03:51:29,578|INFO|nn.computeOptunaObjective|Trial 78 objective:|0.7016380095464952
2023-06-17 03:51:38,551|INFO|nn.computeOptunaObjective|Trial 79 params:|{'n_layers': 3, 'architecture': 'top', 'lr': 0.0001, 'n_epochs': 150}
2023-06-17 03:51:38,551|INFO|nn.computeOptunaObjective|Trial 79 balacc:|[0.6569907688161175, 0.6681077912323448, 0.6874039938556068, 0.6982029598308668, 0.7704545454545455, 0.723889555822329, 0.5, 0.5480117579815464]
2023-06-17 03:51:38,551|INFO|nn.computeOptunaObjective|Trial 79 rocauc:|[0.7797789906340543, 0.7739425137853335, 0.8075268817204301, 0.8128964059196617, 0.8598484848484849, 0.8283313325330132, 0.7952104963732043, 0.7323426145178411]
2023-06-17 03:51:38,551|INFO|nn.computeOptunaObjective|Trial 79 timings:|8.977185599999984
2023-06-17 03:51:38,551|INFO|nn.computeOptunaObjective|Trial 79 objective:|0.6566326716241695
2023-06-17 03:51:50,432|INFO|nn.computeOptunaObjective|Trial 80 params:|{'n_layers': 3, 'architecture': 'outer', 'lr': 0.001, 'n_epochs': 200}
2023-06-17 03:51:50,432|INFO|nn.computeOptunaObjective|Trial 80 balacc:|[0.7092008624755745, 0.7133639877626541, 0.7301075268817204, 0.7034883720930232, 0.8075757575757576, 0.7430972388955582, 0.7271814108946095, 0.706989466808198]
2023-06-17 03:51:50,432|INFO|nn.computeOptunaObjective|Trial 80 rocauc:|[0.8084226130314668, 0.8002692948870611, 0.7801075268817205, 0.8269027484143764, 0.8560606060606061, 0.7995198079231693, 0.8410254586829754, 0.7626153343676002]
2023-06-17 03:51:50,432|INFO|nn.computeOptunaObjective|Trial 80 timings:|11.869622299999946
2023-06-17 03:51:50,432|INFO|nn.computeOptunaObjective|Trial 80 objective:|0.7301255779233868
2023-06-17 03:51:59,328|INFO|nn.computeOptunaObjective|Trial 81 params:|{'n_layers': 4, 'architecture': 'outer', 'lr': 0.0001, 'n_epochs': 150}
2023-06-17 03:51:59,328|INFO|nn.computeOptunaObjective|Trial 81 balacc:|[0.5405969948116703, 0.5804532214629857, 0.5374807987711213, 0.6049154334038055, 0.7106060606060606, 0.656062424969988, 0.5, 0.5112476524863232]
2023-06-17 03:51:59,328|INFO|nn.computeOptunaObjective|Trial 81 rocauc:|[0.7449599083619702, 0.7398831223551394, 0.7987711213517665, 0.8197674418604652, 0.8340909090909091, 0.8319327731092437, 0.7712985350590242, 0.7074385563811546]
2023-06-17 03:51:59,328|INFO|nn.computeOptunaObjective|Trial 81 timings:|8.883823400000097
2023-06-17 03:51:59,328|INFO|nn.computeOptunaObjective|Trial 81 objective:|0.5801703233139943
2023-06-17 03:52:10,686|INFO|nn.computeOptunaObjective|Trial 82 params:|{'n_layers': 2, 'architecture': 'bottom', 'lr': 0.0001, 'n_epochs': 200}
2023-06-17 03:52:10,686|INFO|nn.computeOptunaObjective|Trial 82 balacc:|[0.566060238528401, 0.6003077655852126, 0.5838709677419355, 0.5, 0.6424242424242425, 0.656062424969988, 0.5, 0.51275822650445]
2023-06-17 03:52:10,686|INFO|nn.computeOptunaObjective|Trial 82 rocauc:|[0.7107640994542147, 0.720545184750948, 0.7643625192012289, 0.7711416490486258, 0.856060606060606, 0.8103241296518607, 0.7539468069975821, 0.6676737160120847]
2023-06-17 03:52:10,686|INFO|nn.computeOptunaObjective|Trial 82 timings:|11.348730199999977
2023-06-17 03:52:10,686|INFO|nn.computeOptunaObjective|Trial 82 objective:|0.5701854832192788
2023-06-17 03:52:19,494|INFO|nn.computeOptunaObjective|Trial 83 params:|{'n_layers': 4, 'architecture': 'inner', 'lr': 0.001, 'n_epochs': 150}
2023-06-17 03:52:19,494|INFO|nn.computeOptunaObjective|Trial 83 balacc:|[0.6995620241223637, 0.7295308406763515, 0.7087557603686636, 0.7005813953488372, 0.7704545454545455, 0.7226890756302521, 0.716629924619542, 0.667245039601535]
2023-06-17 03:52:19,494|INFO|nn.computeOptunaObjective|Trial 83 rocauc:|[0.8197931406239471, 0.7886456482312639, 0.8263440860215054, 0.8250528541226216, 0.8738636363636364, 0.8223289315726291, 0.8204113924050633, 0.7654119376173757]
2023-06-17 03:52:19,494|INFO|nn.computeOptunaObjective|Trial 83 timings:|8.81046989999993
2023-06-17 03:52:19,494|INFO|nn.computeOptunaObjective|Trial 83 objective:|0.7144310757277613
2023-06-17 03:52:25,292|INFO|nn.computeOptunaObjective|Trial 84 params:|{'n_layers': 3, 'architecture': 'bottom', 'lr': 0.0001, 'n_epochs': 100}
2023-06-17 03:52:25,292|INFO|nn.computeOptunaObjective|Trial 84 balacc:|[0.5, 0.5, 0.5, 0.5, 0.5, 0.5, 0.5, 0.5]
2023-06-17 03:52:25,292|INFO|nn.computeOptunaObjective|Trial 84 rocauc:|[0.5860791051815916, 0.5682635059629582, 0.5772657450076805, 0.6144291754756871, 0.6083333333333334, 0.5150060024009604, 0.6654992177499645, 0.6107005797338123]
2023-06-17 03:52:25,292|INFO|nn.computeOptunaObjective|Trial 84 timings:|5.793730400000072
2023-06-17 03:52:25,292|INFO|nn.computeOptunaObjective|Trial 84 objective:|0.5
2023-06-17 03:52:31,282|INFO|nn.computeOptunaObjective|Trial 85 params:|{'n_layers': 4, 'architecture': 'linear', 'lr': 0.001, 'n_epochs': 100}
2023-06-17 03:52:31,282|INFO|nn.computeOptunaObjective|Trial 85 balacc:|[0.7042113065157334, 0.7317603092311357, 0.7230414746543778, 0.7518498942917548, 0.8159090909090909, 0.7827130852340937, 0.7159365666334803, 0.6597329958357149]
2023-06-17 03:52:31,282|INFO|nn.computeOptunaObjective|Trial 85 rocauc:|[0.8105754329223098, 0.7936468389909684, 0.8095238095238095, 0.851215644820296, 0.8848484848484849, 0.836734693877551, 0.8104288152467642, 0.7660039193271821]
2023-06-17 03:52:31,282|INFO|nn.computeOptunaObjective|Trial 85 timings:|5.982081600000015
2023-06-17 03:52:31,282|INFO|nn.computeOptunaObjective|Trial 85 objective:|0.7356443404131727
2023-06-17 03:52:40,178|INFO|nn.computeOptunaObjective|Trial 86 params:|{'n_layers': 3, 'architecture': 'linear', 'lr': 0.001, 'n_epochs': 150}
2023-06-17 03:52:40,178|INFO|nn.computeOptunaObjective|Trial 86 balacc:|[0.6929485883700559, 0.7090845805777932, 0.7042242703533026, 0.6865750528541226, 0.7931818181818182, 0.7430972388955582, 0.7292881524676433, 0.6919653792765575]
2023-06-17 03:52:40,178|INFO|nn.computeOptunaObjective|Trial 86 rocauc:|[0.8048126810861802, 0.7927986516936266, 0.7857910906298002, 0.8255813953488372, 0.8628787878787879, 0.8133253301320528, 0.8348207936282178, 0.7563382869274108]
2023-06-17 03:52:40,178|INFO|nn.computeOptunaObjective|Trial 86 timings:|8.881995399999937
2023-06-17 03:52:40,178|INFO|nn.computeOptunaObjective|Trial 86 objective:|0.7187956351221065
2023-06-17 03:52:46,191|INFO|nn.computeOptunaObjective|Trial 87 params:|{'n_layers': 4, 'architecture': 'inner', 'lr': 0.0001, 'n_epochs': 100}
2023-06-17 03:52:46,191|INFO|nn.computeOptunaObjective|Trial 87 balacc:|[0.5, 0.5, 0.5, 0.5, 0.5, 0.5, 0.5, 0.5]
2023-06-17 03:52:46,191|INFO|nn.computeOptunaObjective|Trial 87 rocauc:|[0.6870258068863284, 0.6758568890028762, 0.7219662058371735, 0.7825052854122623, 0.7515151515151515, 0.7346938775510204, 0.7419108234959465, 0.6587531640401731]
2023-06-17 03:52:46,191|INFO|nn.computeOptunaObjective|Trial 87 timings:|6.01222139999993
2023-06-17 03:52:46,191|INFO|nn.computeOptunaObjective|Trial 87 objective:|0.5
2023-06-17 03:52:57,779|INFO|nn.computeOptunaObjective|Trial 88 params:|{'n_layers': 4, 'architecture': 'bottom', 'lr': 0.0001, 'n_epochs': 200}
2023-06-17 03:52:57,779|INFO|nn.computeOptunaObjective|Trial 88 balacc:|[0.5708847112728253, 0.5663839375675527, 0.5, 0.5880021141649049, 0.6507575757575758, 0.5294117647058824, 0.5, 0.5367232791704091]
2023-06-17 03:52:57,779|INFO|nn.computeOptunaObjective|Trial 88 rocauc:|[0.7050535678188801, 0.6974847491160898, 0.7854070660522273, 0.8173890063424948, 0.8212121212121212, 0.8307322929171668, 0.7481688237804011, 0.6846166408099942]
2023-06-17 03:52:57,779|INFO|nn.computeOptunaObjective|Trial 88 timings:|11.57335020000005
2023-06-17 03:52:57,779|INFO|nn.computeOptunaObjective|Trial 88 objective:|0.5552704228298938
2023-06-17 03:53:06,746|INFO|nn.computeOptunaObjective|Trial 89 params:|{'n_layers': 4, 'architecture': 'outer', 'lr': 0.001, 'n_epochs': 150}
2023-06-17 03:53:06,746|INFO|nn.computeOptunaObjective|Trial 89 balacc:|[0.7128091098982549, 0.7211991866195248, 0.7122887864823348, 0.6976744186046512, 0.7848484848484849, 0.7316926770708283, 0.7159276774285308, 0.6635094308810321]
2023-06-17 03:53:06,746|INFO|nn.computeOptunaObjective|Trial 89 rocauc:|[0.8165554881746514, 0.7842508289519483, 0.8125960061443932, 0.822806553911205, 0.8787878787878789, 0.8397358943577431, 0.8223847959038544, 0.7661876377888462]
2023-06-17 03:53:06,746|INFO|nn.computeOptunaObjective|Trial 89 timings:|8.960989400000017
2023-06-17 03:53:06,746|INFO|nn.computeOptunaObjective|Trial 89 objective:|0.7174937214792052
2023-06-17 03:53:06,746|INFO|mtg.runMTGExperiment|Best trial number:|51
2023-06-17 03:53:06,746|INFO|mtg.runMTGExperiment|Best trial objective:|0.7425049525652027
2023-06-17 03:53:06,746|INFO|mtg.runMTGExperiment|Best trial params:|{'n_layers': 3, 'architecture': 'top', 'lr': 0.001, 'n_epochs': 200}
2023-06-17 03:53:06,793|INFO|nn.loadModellingDataset|Trainval descriptors loaded (features, instances):|1024|6743
2023-06-17 03:53:06,793|INFO|nn.loadModellingDataset|Trainval endpoints loaded (tasks, instances):|8|6743
2023-06-17 03:53:06,793|INFO|nn.loadModellingDataset|Test descriptors loaded (features, instances):|1024|757
2023-06-17 03:53:06,793|INFO|nn.loadModellingDataset|Test endpoints loaded (tasks, instances):|8|757
2023-06-17 03:53:06,793|INFO|mtg.runMTGExperiment|Final neural network hyperparams:|{'n_layers': 3, 'architecture': 'top', 'lr': 0.001, 'n_epochs': 200, 'best_trial_num': 51}
2023-06-17 03:53:20,001|INFO|nn.testFinalModel|Final model test balacc:|[0.7478682170542635, 0.7599541098663787, 0.7629801604052342, 0.695054945054945, 0.7833333333333333, 0.6875, 0.7054003724394786, 0.6591836734693878]
2023-06-17 03:53:20,001|INFO|nn.testFinalModel|Final model test rocauc:|[0.8213178294573643, 0.8366935483870968, 0.8509919797382862, 0.8637362637362638, 0.7138888888888888, 0.640625, 0.8123836126629423, 0.7366618075801749]
2023-06-17 03:53:20,020|INFO|mtg.runMTGExperiment|Mechanistic task grouping experiment timing:|815.332578
2023-06-17 03:53:20,020|INFO|mtg.runMTGExperiment|DONE
