2023-06-17 03:53:22,848|INFO|__main__.startLogging|>>>> START LOGGING A GMTAMES EXPERIMENT
2023-06-17 03:53:22,862|INFO|__main__.startLogging|mode:|mtg
2023-06-17 03:53:22,862|INFO|__main__.startLogging|tasks:|TA1537,TA1537_S9,TA1538,TA1538_S9,TA97,TA97_S9,TA98,TA98_S9
2023-06-17 03:53:22,862|INFO|__main__.startLogging|testsplit:|scaffold
2023-06-17 03:53:22,862|INFO|__main__.startLogging|output:|mtg_experiment_scaffold
2023-06-17 03:53:22,862|INFO|__main__.startLogging|device:|titanv
2023-06-17 03:53:22,862|INFO|__main__.startLogging|DONE
2023-06-17 03:53:22,862|INFO|mtg.runMTGExperiment|>>>> RUNNING MECHANISTIC TASK GROUPING EXPERIMENT
2023-06-17 03:53:27,006|INFO|mtg.runMTGExperiment|Device confirmed:|cuda:0
2023-06-17 03:53:28,263|INFO|nn.loadModellingDataset|Train descriptors loaded (features, instances):|1024|5558
2023-06-17 03:53:28,263|INFO|nn.loadModellingDataset|Train endpoints loaded (tasks, instances):|8|5558
2023-06-17 03:53:28,279|INFO|nn.loadModellingDataset|Val descriptors loaded (features, instances):|1024|2420
2023-06-17 03:53:28,279|INFO|nn.loadModellingDataset|Val endpoints loaded (tasks, instances):|8|2420
2023-06-17 03:53:39,697|INFO|nn.computeOptunaObjective|Trial 0 params:|{'n_layers': 2, 'architecture': 'top', 'lr': 0.001, 'n_epochs': 200}
2023-06-17 03:53:39,697|INFO|nn.computeOptunaObjective|Trial 0 balacc:|[0.6529739380696051, 0.623364948668508, 0.707993523626769, 0.7756896551724138, 0.6596510163698507, 0.7444714131607335, 0.689173587416039, 0.7486215538847119]
2023-06-17 03:53:39,697|INFO|nn.computeOptunaObjective|Trial 0 rocauc:|[0.8225097265895647, 0.8409505445828339, 0.8725113936195731, 0.9029885057471264, 0.7967260298614859, 0.8699208917655521, 0.8144209103199641, 0.8485454708199069]
2023-06-17 03:53:39,697|INFO|nn.computeOptunaObjective|Trial 0 timings:|11.427133400000002
2023-06-17 03:53:39,697|INFO|nn.computeOptunaObjective|Trial 0 objective:|0.7002424545460788
2023-06-17 03:53:45,524|INFO|nn.computeOptunaObjective|Trial 1 params:|{'n_layers': 4, 'architecture': 'top', 'lr': 0.001, 'n_epochs': 100}
2023-06-17 03:53:45,524|INFO|nn.computeOptunaObjective|Trial 1 balacc:|[0.6678969247988061, 0.68222679660222, 0.7267630127128808, 0.7699425287356323, 0.6449451340169096, 0.7518878101402373, 0.6760016309362862, 0.7604949874686717]
2023-06-17 03:53:45,524|INFO|nn.computeOptunaObjective|Trial 1 rocauc:|[0.8279726056600758, 0.8539137005576112, 0.8875029983209403, 0.8982183908045978, 0.7800413743479043, 0.8700107874865156, 0.8236893495568574, 0.8528419262441819]
2023-06-17 03:53:45,524|INFO|nn.computeOptunaObjective|Trial 1 timings:|5.823592000000001
2023-06-17 03:53:45,524|INFO|nn.computeOptunaObjective|Trial 1 objective:|0.7100198531764554
2023-06-17 03:53:50,936|INFO|nn.computeOptunaObjective|Trial 2 params:|{'n_layers': 3, 'architecture': 'outer', 'lr': 0.001, 'n_epochs': 100}
2023-06-17 03:53:50,936|INFO|nn.computeOptunaObjective|Trial 2 balacc:|[0.6639130203059213, 0.6564307676272865, 0.7328496042216359, 0.7942528735632184, 0.6682406907717215, 0.7754854368932039, 0.6906264082920234, 0.7523809523809524]
2023-06-17 03:53:50,936|INFO|nn.computeOptunaObjective|Trial 2 rocauc:|[0.8265069551777435, 0.8572750013028297, 0.8785680019189254, 0.8947701149425287, 0.7774779636625292, 0.866235167206041, 0.8181827936221807, 0.8504878267096312]
2023-06-17 03:53:50,936|INFO|nn.computeOptunaObjective|Trial 2 timings:|5.403809800000001
2023-06-17 03:53:50,936|INFO|nn.computeOptunaObjective|Trial 2 objective:|0.7167724692569954
2023-06-17 03:53:56,378|INFO|nn.computeOptunaObjective|Trial 3 params:|{'n_layers': 4, 'architecture': 'bottom', 'lr': 0.0001, 'n_epochs': 100}
2023-06-17 03:53:56,378|INFO|nn.computeOptunaObjective|Trial 3 balacc:|[0.5, 0.4991922455573506, 0.5, 0.5, 0.5, 0.5, 0.5, 0.5]
2023-06-17 03:53:56,378|INFO|nn.computeOptunaObjective|Trial 3 rocauc:|[0.5139236795821563, 0.5581974047631455, 0.5850323818661549, 0.5529885057471264, 0.5594531390537866, 0.5330816253146351, 0.5666022876027382, 0.5419396706050842]
2023-06-17 03:53:56,378|INFO|nn.computeOptunaObjective|Trial 3 timings:|5.437574399999999
2023-06-17 03:53:56,378|INFO|nn.computeOptunaObjective|Trial 3 objective:|0.4998990306946688
2023-06-17 03:54:04,188|INFO|nn.computeOptunaObjective|Trial 4 params:|{'n_layers': 2, 'architecture': 'bottom', 'lr': 0.001, 'n_epochs': 150}
2023-06-17 03:54:04,188|INFO|nn.computeOptunaObjective|Trial 4 balacc:|[0.6208095720300592, 0.6370707175986242, 0.7053550011993284, 0.7156896551724138, 0.6434160820291419, 0.7354368932038835, 0.6864203094487006, 0.7362468671679199]
2023-06-17 03:54:04,188|INFO|nn.computeOptunaObjective|Trial 4 rocauc:|[0.8165138837072962, 0.8446636093595289, 0.8743703526025427, 0.8933333333333333, 0.7845835581939198, 0.8743257820927723, 0.8078907272688256, 0.8436313999283924]
2023-06-17 03:54:04,188|INFO|nn.computeOptunaObjective|Trial 4 timings:|7.810660200000001
2023-06-17 03:54:04,188|INFO|nn.computeOptunaObjective|Trial 4 objective:|0.6850556372312588
2023-06-17 03:54:15,134|INFO|nn.computeOptunaObjective|Trial 5 params:|{'n_layers': 3, 'architecture': 'outer', 'lr': 0.0001, 'n_epochs': 200}
2023-06-17 03:54:15,134|INFO|nn.computeOptunaObjective|Trial 5 balacc:|[0.6027953951926663, 0.6056334358226066, 0.6839469896857759, 0.702816091954023, 0.6054146429213887, 0.6291801510248112, 0.6513251357325265, 0.6925438596491228]
2023-06-17 03:54:15,134|INFO|nn.computeOptunaObjective|Trial 5 rocauc:|[0.7889063582582744, 0.8278571056334358, 0.8852842408251379, 0.8912068965517241, 0.7278287461773699, 0.8391765551959727, 0.7909719092684393, 0.822359470103831]
2023-06-17 03:54:15,134|INFO|nn.computeOptunaObjective|Trial 5 timings:|10.9406551
2023-06-17 03:54:15,134|INFO|nn.computeOptunaObjective|Trial 5 objective:|0.6467069627478652
2023-06-17 03:54:21,030|INFO|nn.computeOptunaObjective|Trial 6 params:|{'n_layers': 4, 'architecture': 'top', 'lr': 0.0001, 'n_epochs': 100}
2023-06-17 03:54:21,030|INFO|nn.computeOptunaObjective|Trial 6 balacc:|[0.5, 0.5, 0.5, 0.5, 0.5, 0.5, 0.5, 0.5]
2023-06-17 03:54:21,030|INFO|nn.computeOptunaObjective|Trial 6 rocauc:|[0.7799792144113415, 0.793097608004586, 0.872631326457184, 0.8764367816091954, 0.6851052347544522, 0.8203883495145632, 0.7611171913560377, 0.789469208736126]
2023-06-17 03:54:21,030|INFO|nn.computeOptunaObjective|Trial 6 timings:|5.900172600000005
2023-06-17 03:54:21,030|INFO|nn.computeOptunaObjective|Trial 6 objective:|0.5
2023-06-17 03:54:26,456|INFO|nn.computeOptunaObjective|Trial 7 params:|{'n_layers': 3, 'architecture': 'bottom', 'lr': 0.001, 'n_epochs': 100}
2023-06-17 03:54:26,456|INFO|nn.computeOptunaObjective|Trial 7 balacc:|[0.6466716409955764, 0.6798165615717338, 0.718037898776685, 0.7685057471264368, 0.6535348084187804, 0.7535059331175836, 0.6951715702053692, 0.7521616541353383]
2023-06-17 03:54:26,456|INFO|nn.computeOptunaObjective|Trial 7 rocauc:|[0.8078265735756542, 0.8434128928031686, 0.8753897817222355, 0.888735632183908, 0.7702824248965641, 0.8565264293419633, 0.8017747161956266, 0.8371732903687792]
2023-06-17 03:54:26,456|INFO|nn.computeOptunaObjective|Trial 7 timings:|5.413087400000002
2023-06-17 03:54:26,456|INFO|nn.computeOptunaObjective|Trial 7 objective:|0.708425726793438
2023-06-17 03:54:31,817|INFO|nn.computeOptunaObjective|Trial 8 params:|{'n_layers': 3, 'architecture': 'linear', 'lr': 0.0001, 'n_epochs': 100}
2023-06-17 03:54:31,817|INFO|nn.computeOptunaObjective|Trial 8 balacc:|[0.5, 0.5, 0.5, 0.5, 0.5, 0.5, 0.5, 0.5031641604010025]
2023-06-17 03:54:31,817|INFO|nn.computeOptunaObjective|Trial 8 rocauc:|[0.7257234983744604, 0.7445020584709989, 0.83311345646438, 0.8235057471264368, 0.6513761467889908, 0.743797195253506, 0.7201077276336403, 0.7435732187611888]
2023-06-17 03:54:31,817|INFO|nn.computeOptunaObjective|Trial 8 timings:|5.357079600000006
2023-06-17 03:54:31,817|INFO|nn.computeOptunaObjective|Trial 8 objective:|0.5003955200501253
2023-06-17 03:54:40,047|INFO|nn.computeOptunaObjective|Trial 9 params:|{'n_layers': 2, 'architecture': 'bottom', 'lr': 0.0001, 'n_epochs': 150}
2023-06-17 03:54:40,047|INFO|nn.computeOptunaObjective|Trial 9 balacc:|[0.5, 0.5, 0.5227272727272727, 0.5085632183908045, 0.5, 0.5, 0.5268696753149209, 0.5536967418546366]
2023-06-17 03:54:40,047|INFO|nn.computeOptunaObjective|Trial 9 rocauc:|[0.6419149389756436, 0.6798035332742718, 0.7703286159750541, 0.7547701149425288, 0.616297895304911, 0.6601042790363179, 0.697429129380459, 0.7285624776226278]
2023-06-17 03:54:40,047|INFO|nn.computeOptunaObjective|Trial 9 timings:|8.234178599999993
2023-06-17 03:54:40,047|INFO|nn.computeOptunaObjective|Trial 9 objective:|0.5139821135359544
2023-06-17 03:54:51,056|INFO|nn.computeOptunaObjective|Trial 10 params:|{'n_layers': 2, 'architecture': 'bottom', 'lr': 0.001, 'n_epochs': 200}
2023-06-17 03:54:51,056|INFO|nn.computeOptunaObjective|Trial 10 balacc:|[0.6451260459414806, 0.6394939809265725, 0.7053550011993284, 0.7413793103448276, 0.6581219643820831, 0.7354368932038835, 0.6747011738449323, 0.7405075187969925]
2023-06-17 03:54:51,056|INFO|nn.computeOptunaObjective|Trial 10 rocauc:|[0.8157144379896604, 0.8275183698994215, 0.8680139122091629, 0.8939655172413793, 0.7736103615758229, 0.8689320388349515, 0.8001866992853923, 0.8426154672395274]
2023-06-17 03:54:51,056|INFO|nn.computeOptunaObjective|Trial 10 timings:|11.010155400000002
2023-06-17 03:54:51,056|INFO|nn.computeOptunaObjective|Trial 10 objective:|0.6925152360800126
2023-06-17 03:54:59,190|INFO|nn.computeOptunaObjective|Trial 11 params:|{'n_layers': 4, 'architecture': 'linear', 'lr': 0.001, 'n_epochs': 150}
2023-06-17 03:54:59,190|INFO|nn.computeOptunaObjective|Trial 11 balacc:|[0.6592762351436338, 0.6701365365574027, 0.7394459102902375, 0.7713793103448277, 0.631768303651736, 0.7690129449838188, 0.6678383656301637, 0.7371553884711779]
2023-06-17 03:54:59,190|INFO|nn.computeOptunaObjective|Trial 11 rocauc:|[0.8276794755636093, 0.8553989264682892, 0.8946090189493884, 0.8985057471264368, 0.775858967440187, 0.8694264653002517, 0.8192128586450352, 0.8473863229502326]
2023-06-17 03:54:59,190|INFO|nn.computeOptunaObjective|Trial 11 timings:|8.132328200000003
2023-06-17 03:54:59,190|INFO|nn.computeOptunaObjective|Trial 11 objective:|0.7057516243841246
2023-06-17 03:55:09,850|INFO|nn.computeOptunaObjective|Trial 12 params:|{'n_layers': 2, 'architecture': 'outer', 'lr': 0.001, 'n_epochs': 200}
2023-06-17 03:55:09,850|INFO|nn.computeOptunaObjective|Trial 12 balacc:|[0.6545195331237008, 0.638686226483923, 0.7206764212041257, 0.7456896551724138, 0.6596510163698507, 0.7460895361380798, 0.6952338033005, 0.7393170426065163]
2023-06-17 03:55:09,850|INFO|nn.computeOptunaObjective|Trial 12 rocauc:|[0.817313329424932, 0.8385663661472719, 0.8759294794914848, 0.8988505747126436, 0.7816153984529591, 0.8729323984178352, 0.8078585377368612, 0.84343671679198]
2023-06-17 03:55:09,850|INFO|nn.computeOptunaObjective|Trial 12 timings:|10.655780199999995
2023-06-17 03:55:09,850|INFO|nn.computeOptunaObjective|Trial 12 objective:|0.6999829042998889
2023-06-17 03:55:20,535|INFO|nn.computeOptunaObjective|Trial 13 params:|{'n_layers': 2, 'architecture': 'inner', 'lr': 0.001, 'n_epochs': 200}
2023-06-17 03:55:20,535|INFO|nn.computeOptunaObjective|Trial 13 balacc:|[0.6357325587592603, 0.638686226483923, 0.707993523626769, 0.7513793103448276, 0.6712987947472566, 0.7599784250269688, 0.7034593017017533, 0.7494047619047619]
2023-06-17 03:55:20,535|INFO|nn.computeOptunaObjective|Trial 13 rocauc:|[0.823575654213079, 0.8343191411746312, 0.8695130726792996, 0.9009770114942528, 0.7966810577441986, 0.8718536497662712, 0.8160861821069122, 0.8460929108485499]
2023-06-17 03:55:20,535|INFO|nn.computeOptunaObjective|Trial 13 timings:|10.682490200000004
2023-06-17 03:55:20,535|INFO|nn.computeOptunaObjective|Trial 13 objective:|0.7022416128244401
2023-06-17 03:55:31,624|INFO|nn.computeOptunaObjective|Trial 14 params:|{'n_layers': 3, 'architecture': 'linear', 'lr': 0.0001, 'n_epochs': 200}
2023-06-17 03:55:31,624|INFO|nn.computeOptunaObjective|Trial 14 balacc:|[0.6215823695571071, 0.629019229767054, 0.6953106260494123, 0.6913793103448276, 0.6054146429213887, 0.6676105717367853, 0.6542930105796262, 0.7028195488721805]
2023-06-17 03:55:31,624|INFO|nn.computeOptunaObjective|Trial 14 rocauc:|[0.7925838085593989, 0.8331205378081192, 0.8880426960901895, 0.8970689655172414, 0.7411404928944053, 0.8469075871988494, 0.7948904482928818, 0.8261322950232725]
2023-06-17 03:55:31,624|INFO|nn.computeOptunaObjective|Trial 14 timings:|11.086503800000003
2023-06-17 03:55:31,624|INFO|nn.computeOptunaObjective|Trial 14 objective:|0.6584286637285477
2023-06-17 03:55:39,947|INFO|nn.computeOptunaObjective|Trial 15 params:|{'n_layers': 3, 'architecture': 'outer', 'lr': 0.0001, 'n_epochs': 150}
2023-06-17 03:55:39,947|INFO|nn.computeOptunaObjective|Trial 15 balacc:|[0.5298459734584021, 0.5, 0.5642240345406573, 0.5871264367816091, 0.5, 0.5245415318230852, 0.5715187021180712, 0.6463659147869674]
2023-06-17 03:55:39,947|INFO|nn.computeOptunaObjective|Trial 15 rocauc:|[0.7651894686350796, 0.7823362343009017, 0.8623770688414487, 0.8595977011494252, 0.6878035617916891, 0.794408486156059, 0.7551814416618383, 0.791281775868242]
2023-06-17 03:55:39,947|INFO|nn.computeOptunaObjective|Trial 15 timings:|8.314970200000005
2023-06-17 03:55:39,947|INFO|nn.computeOptunaObjective|Trial 15 objective:|0.552952824188599
2023-06-17 03:55:48,029|INFO|nn.computeOptunaObjective|Trial 16 params:|{'n_layers': 2, 'architecture': 'inner', 'lr': 0.0001, 'n_epochs': 150}
2023-06-17 03:55:48,029|INFO|nn.computeOptunaObjective|Trial 16 balacc:|[0.5086206896551724, 0.5, 0.5113636363636364, 0.5485632183908046, 0.5, 0.5138888888888888, 0.5349707075259126, 0.5919799498746867]
2023-06-17 03:55:48,029|INFO|nn.computeOptunaObjective|Trial 16 rocauc:|[0.736969034802537, 0.7497394340507583, 0.8375509714559847, 0.8348850574712644, 0.6661270012592193, 0.7501797914419274, 0.7339191828150818, 0.767109738632295]
2023-06-17 03:55:48,029|INFO|nn.computeOptunaObjective|Trial 16 timings:|8.08678789999999
2023-06-17 03:55:48,029|INFO|nn.computeOptunaObjective|Trial 16 objective:|0.5261733863373876
2023-06-17 03:55:55,892|INFO|nn.computeOptunaObjective|Trial 17 params:|{'n_layers': 2, 'architecture': 'linear', 'lr': 0.001, 'n_epochs': 150}
2023-06-17 03:55:55,892|INFO|nn.computeOptunaObjective|Trial 17 balacc:|[0.6451260459414806, 0.6225571942258585, 0.7167186375629647, 0.7442528735632183, 0.6596510163698507, 0.7567421790722761, 0.697800381982446, 0.7361528822055138]
2023-06-17 03:55:55,892|INFO|nn.computeOptunaObjective|Trial 17 rocauc:|[0.8227229121142674, 0.8455234769920267, 0.8770688414487887, 0.9029885057471265, 0.7776578521316784, 0.8764832793959008, 0.8118135582308632, 0.8459317937701395]
2023-06-17 03:55:55,892|INFO|nn.computeOptunaObjective|Trial 17 timings:|7.851249499999994
2023-06-17 03:55:55,892|INFO|nn.computeOptunaObjective|Trial 17 objective:|0.6973751513654511
2023-06-17 03:56:06,801|INFO|nn.computeOptunaObjective|Trial 18 params:|{'n_layers': 4, 'architecture': 'linear', 'lr': 0.001, 'n_epochs': 200}
2023-06-17 03:56:06,801|INFO|nn.computeOptunaObjective|Trial 18 balacc:|[0.6592762351436338, 0.6717520454427015, 0.7267630127128808, 0.7399425287356323, 0.6565929123943155, 0.7673948220064726, 0.6723835275435095, 0.75]
2023-06-17 03:56:06,801|INFO|nn.computeOptunaObjective|Trial 18 rocauc:|[0.824335127644833, 0.849588305800198, 0.8756896138162629, 0.8989080459770115, 0.780176290699766, 0.867628550880978, 0.8111139724028413, 0.8469298245614034]
2023-06-17 03:56:06,801|INFO|nn.computeOptunaObjective|Trial 18 timings:|10.911324300000018
2023-06-17 03:56:06,801|INFO|nn.computeOptunaObjective|Trial 18 objective:|0.7055131354973933
2023-06-17 03:56:12,245|INFO|nn.computeOptunaObjective|Trial 19 params:|{'n_layers': 3, 'architecture': 'top', 'lr': 0.001, 'n_epochs': 100}
2023-06-17 03:56:12,245|INFO|nn.computeOptunaObjective|Trial 19 balacc:|[0.6765176144539786, 0.7088436083172651, 0.7294015351403214, 0.8042528735632184, 0.6418870300413744, 0.7567421790722761, 0.6896371166763235, 0.7520050125313282]
2023-06-17 03:56:12,245|INFO|nn.computeOptunaObjective|Trial 19 rocauc:|[0.8287454031871235, 0.8623820939079682, 0.8869033341328855, 0.9064942528735632, 0.7860226659471127, 0.8727975548363898, 0.824114251378785, 0.859031507339778]
2023-06-17 03:56:12,245|INFO|nn.computeOptunaObjective|Trial 19 timings:|5.435080100000022
2023-06-17 03:56:12,245|INFO|nn.computeOptunaObjective|Trial 19 objective:|0.7199108712245107
2023-06-17 03:56:23,298|INFO|nn.computeOptunaObjective|Trial 20 params:|{'n_layers': 3, 'architecture': 'top', 'lr': 0.0001, 'n_epochs': 200}
2023-06-17 03:56:23,298|INFO|nn.computeOptunaObjective|Trial 20 balacc:|[0.6309758567393273, 0.6314294647975403, 0.707993523626769, 0.7413793103448276, 0.6449451340169096, 0.688915857605178, 0.6708062404772634, 0.7365601503759398]
2023-06-17 03:56:23,298|INFO|nn.computeOptunaObjective|Trial 20 rocauc:|[0.8081996482438842, 0.8477382875605816, 0.88684336771408, 0.8970689655172414, 0.7755891347364633, 0.8614706939949658, 0.8123200068671, 0.8458064804869316]
2023-06-17 03:56:23,298|INFO|nn.computeOptunaObjective|Trial 20 timings:|11.056294800000018
2023-06-17 03:56:23,298|INFO|nn.computeOptunaObjective|Trial 20 objective:|0.6816256922479693
2023-06-17 03:56:31,450|INFO|nn.computeOptunaObjective|Trial 21 params:|{'n_layers': 3, 'architecture': 'outer', 'lr': 0.001, 'n_epochs': 150}
2023-06-17 03:56:31,450|INFO|nn.computeOptunaObjective|Trial 21 balacc:|[0.6796088045621702, 0.6959455938297984, 0.7254437514991605, 0.7742528735632184, 0.6271811476884331, 0.7567421790722761, 0.6892358205111697, 0.7593045112781955]
2023-06-17 03:56:31,450|INFO|nn.computeOptunaObjective|Trial 21 rocauc:|[0.8212839098225231, 0.8488066079524728, 0.8677440633245384, 0.8962068965517241, 0.7868771361755712, 0.8653362099964041, 0.8142234811905834, 0.8464442355889723]
2023-06-17 03:56:31,450|INFO|nn.computeOptunaObjective|Trial 21 timings:|8.154168900000002
2023-06-17 03:56:31,466|INFO|nn.computeOptunaObjective|Trial 21 objective:|0.7134643352505528
2023-06-17 03:56:37,025|INFO|nn.computeOptunaObjective|Trial 22 params:|{'n_layers': 4, 'architecture': 'inner', 'lr': 0.001, 'n_epochs': 100}
2023-06-17 03:56:37,026|INFO|nn.computeOptunaObjective|Trial 22 balacc:|[0.6671241272717583, 0.6765855438011361, 0.7582153993763492, 0.7685057471264368, 0.6565929123943155, 0.7535059331175836, 0.6661988454687869, 0.7385338345864662]
2023-06-17 03:56:37,026|INFO|nn.computeOptunaObjective|Trial 22 rocauc:|[0.8286921068059478, 0.8544087758611706, 0.8801271288078677, 0.8916091954022989, 0.7773880194279547, 0.8745954692556634, 0.8190283053284405, 0.8446025778732544]
2023-06-17 03:56:37,026|INFO|nn.computeOptunaObjective|Trial 22 timings:|5.5571860000000015
2023-06-17 03:56:37,026|INFO|nn.computeOptunaObjective|Trial 22 objective:|0.7106577928928541
2023-06-17 03:56:45,330|INFO|nn.computeOptunaObjective|Trial 23 params:|{'n_layers': 4, 'architecture': 'top', 'lr': 0.001, 'n_epochs': 150}
2023-06-17 03:56:45,330|INFO|nn.computeOptunaObjective|Trial 23 balacc:|[0.6514283430155092, 0.6475584970556048, 0.7294015351403214, 0.752816091954023, 0.6464741860046771, 0.7551240560949299, 0.6582222794480568, 0.7547619047619047]
2023-06-17 03:56:45,330|INFO|nn.computeOptunaObjective|Trial 23 rocauc:|[0.8291451260459414, 0.8497576736672051, 0.8798272967138402, 0.9050574712643678, 0.7677639863284763, 0.8635832434376123, 0.8191484795811068, 0.8556234335839599]
2023-06-17 03:56:45,330|INFO|nn.computeOptunaObjective|Trial 23 timings:|8.315877900000004
2023-06-17 03:56:45,330|INFO|nn.computeOptunaObjective|Trial 23 objective:|0.6994733616843783
2023-06-17 03:56:55,999|INFO|nn.computeOptunaObjective|Trial 24 params:|{'n_layers': 2, 'architecture': 'inner', 'lr': 0.0001, 'n_epochs': 200}
2023-06-17 03:56:55,999|INFO|nn.computeOptunaObjective|Trial 24 balacc:|[0.5698582316260726, 0.5903121580071916, 0.6170844327176781, 0.6599425287356322, 0.534943335132218, 0.5768608414239482, 0.6091182214210605, 0.6773182957393483]
2023-06-17 03:56:55,999|INFO|nn.computeOptunaObjective|Trial 24 rocauc:|[0.7577812716516549, 0.7915602689040596, 0.8582993523626768, 0.861264367816092, 0.7019248066198956, 0.8027687882056814, 0.76021588446104, 0.799673290368779]
2023-06-17 03:56:55,999|INFO|nn.computeOptunaObjective|Trial 24 timings:|10.660282199999983
2023-06-17 03:56:55,999|INFO|nn.computeOptunaObjective|Trial 24 objective:|0.6044297556003937
2023-06-17 03:57:06,681|INFO|nn.computeOptunaObjective|Trial 25 params:|{'n_layers': 3, 'architecture': 'bottom', 'lr': 0.0001, 'n_epochs': 200}
2023-06-17 03:57:06,681|INFO|nn.computeOptunaObjective|Trial 25 balacc:|[0.5298459734584021, 0.5741831257491271, 0.5843127848404893, 0.51, 0.5263536607303472, 0.552319309600863, 0.5719199982832249, 0.6394423558897243]
2023-06-17 03:57:06,681|INFO|nn.computeOptunaObjective|Trial 25 rocauc:|[0.7540238767787667, 0.7817108760227214, 0.8542816023027106, 0.8432758620689655, 0.6817772980751934, 0.7766990291262136, 0.7390308804909976, 0.7786564625850341]
2023-06-17 03:57:06,681|INFO|nn.computeOptunaObjective|Trial 25 timings:|10.676130099999995
2023-06-17 03:57:06,681|INFO|nn.computeOptunaObjective|Trial 25 objective:|0.5610471510690223
2023-06-17 03:57:14,841|INFO|nn.computeOptunaObjective|Trial 26 params:|{'n_layers': 2, 'architecture': 'outer', 'lr': 0.0001, 'n_epochs': 150}
2023-06-17 03:57:14,841|INFO|nn.computeOptunaObjective|Trial 26 balacc:|[0.5070750946010766, 0.5, 0.5441352842408251, 0.5385632183908046, 0.5131768303651736, 0.5, 0.5532135882744265, 0.6167919799498747]
2023-06-17 03:57:14,841|INFO|nn.computeOptunaObjective|Trial 26 rocauc:|[0.7266828332356233, 0.753126791390901, 0.8353921803789879, 0.828103448275862, 0.6655873358517719, 0.7473930240920532, 0.7376145410845726, 0.7703813104189045]
2023-06-17 03:57:14,841|INFO|nn.computeOptunaObjective|Trial 26 timings:|8.160955999999999
2023-06-17 03:57:14,841|INFO|nn.computeOptunaObjective|Trial 26 objective:|0.5341194994777727
2023-06-17 03:57:20,339|INFO|nn.computeOptunaObjective|Trial 27 params:|{'n_layers': 3, 'architecture': 'inner', 'lr': 0.0001, 'n_epochs': 100}
2023-06-17 03:57:20,339|INFO|nn.computeOptunaObjective|Trial 27 balacc:|[0.5, 0.5, 0.5, 0.5, 0.5, 0.5, 0.5020408163265306, 0.5]
2023-06-17 03:57:20,339|INFO|nn.computeOptunaObjective|Trial 27 rocauc:|[0.7245243297980067, 0.7414013236750222, 0.8346725833533222, 0.8186781609195403, 0.6505666486778198, 0.7414599065084502, 0.7178287087705744, 0.7389321518080916]
2023-06-17 03:57:20,339|INFO|nn.computeOptunaObjective|Trial 27 timings:|5.490488699999986
2023-06-17 03:57:20,339|INFO|nn.computeOptunaObjective|Trial 27 objective:|0.5002551020408164
2023-06-17 03:57:28,703|INFO|nn.computeOptunaObjective|Trial 28 params:|{'n_layers': 3, 'architecture': 'top', 'lr': 0.001, 'n_epochs': 150}
2023-06-17 03:57:28,703|INFO|nn.computeOptunaObjective|Trial 28 balacc:|[0.6678969247988061, 0.6644952837563187, 0.7307207963540417, 0.782816091954023, 0.6728278467350243, 0.7518878101402373, 0.6908131075774158, 0.7360588972431078]
2023-06-17 03:57:28,703|INFO|nn.computeOptunaObjective|Trial 28 rocauc:|[0.8237888397377818, 0.8493798530408047, 0.8800071959702567, 0.899971264367816, 0.8059003417880913, 0.8689320388349515, 0.8188501899182387, 0.8494360902255639]
2023-06-17 03:57:28,703|INFO|nn.computeOptunaObjective|Trial 28 timings:|8.365621199999993
2023-06-17 03:57:28,703|INFO|nn.computeOptunaObjective|Trial 28 objective:|0.7121895948198718
2023-06-17 03:57:34,240|INFO|nn.computeOptunaObjective|Trial 29 params:|{'n_layers': 4, 'architecture': 'outer', 'lr': 0.001, 'n_epochs': 100}
2023-06-17 03:57:34,240|INFO|nn.computeOptunaObjective|Trial 29 balacc:|[0.6561850450354421, 0.68222679660222, 0.7481710242264332, 0.7685057471264368, 0.655063860406548, 0.7625404530744337, 0.6748256400351939, 0.743577694235589]
2023-06-17 03:57:34,240|INFO|nn.computeOptunaObjective|Trial 29 rocauc:|[0.8255875926024623, 0.8514643806347386, 0.8786879347565364, 0.8906896551724137, 0.7804461234034897, 0.8630888169723121, 0.8145646902294041, 0.8428258145363408]
2023-06-17 03:57:34,240|INFO|nn.computeOptunaObjective|Trial 29 timings:|5.528029599999996
2023-06-17 03:57:34,240|INFO|nn.computeOptunaObjective|Trial 29 objective:|0.7113870325927871
2023-06-17 03:57:45,167|INFO|nn.computeOptunaObjective|Trial 30 params:|{'n_layers': 4, 'architecture': 'linear', 'lr': 0.0001, 'n_epochs': 200}
2023-06-17 03:57:45,167|INFO|nn.computeOptunaObjective|Trial 30 balacc:|[0.6192639769759634, 0.6475584970556048, 0.718037898776685, 0.6913793103448276, 0.6388289260658392, 0.6782632146709817, 0.6602909933689564, 0.7302318295739348]
2023-06-17 03:57:45,167|INFO|nn.computeOptunaObjective|Trial 30 rocauc:|[0.8093988168203379, 0.8434650059930168, 0.8891820580474934, 0.8902298850574714, 0.7537326857348444, 0.8576051779935274, 0.804427133629477, 0.8317937701396348]
2023-06-17 03:57:45,167|INFO|nn.computeOptunaObjective|Trial 30 timings:|10.928657099999981
2023-06-17 03:57:45,167|INFO|nn.computeOptunaObjective|Trial 30 objective:|0.6729818308540991
2023-06-17 03:57:50,962|INFO|nn.computeOptunaObjective|Trial 31 params:|{'n_layers': 3, 'architecture': 'top', 'lr': 0.0001, 'n_epochs': 100}
2023-06-17 03:57:50,962|INFO|nn.computeOptunaObjective|Trial 31 balacc:|[0.5, 0.5, 0.5, 0.5, 0.5, 0.5, 0.5177793514882294, 0.5283834586466165]
2023-06-17 03:57:50,962|INFO|nn.computeOptunaObjective|Trial 31 rocauc:|[0.7631109097692267, 0.7752488404815259, 0.8659750539697769, 0.8609195402298851, 0.672153264975715, 0.7871269327580007, 0.7513058220133478, 0.77875044754744]
2023-06-17 03:57:50,962|INFO|nn.computeOptunaObjective|Trial 31 timings:|5.79165009999997
2023-06-17 03:57:50,962|INFO|nn.computeOptunaObjective|Trial 31 objective:|0.5057703512668558
2023-06-17 03:58:02,089|INFO|nn.computeOptunaObjective|Trial 32 params:|{'n_layers': 4, 'architecture': 'inner', 'lr': 0.001, 'n_epochs': 200}
2023-06-17 03:58:02,089|INFO|nn.computeOptunaObjective|Trial 32 balacc:|[0.6498827479614134, 0.6854578143728178, 0.7294015351403214, 0.7985057471264367, 0.6464741860046771, 0.7347626752966558, 0.6627052082662719, 0.7527255639097745]
2023-06-17 03:58:02,089|INFO|nn.computeOptunaObjective|Trial 32 rocauc:|[0.8210041038213505, 0.847634061180885, 0.8714919644998801, 0.9023563218390804, 0.7745997481561432, 0.8540093491549803, 0.8043455868151678, 0.8473147153598282]
2023-06-17 03:58:02,089|INFO|nn.computeOptunaObjective|Trial 32 timings:|11.115633299999956
2023-06-17 03:58:02,089|INFO|nn.computeOptunaObjective|Trial 32 objective:|0.7074894347597961
2023-06-17 03:58:10,137|INFO|nn.computeOptunaObjective|Trial 33 params:|{'n_layers': 3, 'architecture': 'bottom', 'lr': 0.001, 'n_epochs': 150}
2023-06-17 03:58:10,152|INFO|nn.computeOptunaObjective|Trial 33 balacc:|[0.6623674252518255, 0.6467507426129553, 0.6813084672583354, 0.7813793103448275, 0.6860046771001979, 0.7567421790722761, 0.7059636472885684, 0.7425751879699248]
2023-06-17 03:58:10,152|INFO|nn.computeOptunaObjective|Trial 33 rocauc:|[0.8131029153120503, 0.8389051018812861, 0.8725713600383785, 0.898448275862069, 0.792273790250045, 0.8738763034879539, 0.8113350071889954, 0.8445153061224488]
2023-06-17 03:58:10,152|INFO|nn.computeOptunaObjective|Trial 33 timings:|8.051982100000032
2023-06-17 03:58:10,152|INFO|nn.computeOptunaObjective|Trial 33 objective:|0.7078864546123638
2023-06-17 03:58:20,890|INFO|nn.computeOptunaObjective|Trial 34 params:|{'n_layers': 3, 'architecture': 'inner', 'lr': 0.001, 'n_epochs': 200}
2023-06-17 03:58:20,890|INFO|nn.computeOptunaObjective|Trial 34 balacc:|[0.6686697223258541, 0.6782010526864349, 0.7027164787718877, 0.752816091954023, 0.6991815074653714, 0.7502696871628911, 0.6958217987510462, 0.743577694235589]
2023-06-17 03:58:20,890|INFO|nn.computeOptunaObjective|Trial 34 rocauc:|[0.8190721100037306, 0.848259419459065, 0.8753597985128327, 0.9047701149425287, 0.7961413923367512, 0.8769777058612009, 0.8128328934097298, 0.8478182062298604]
2023-06-17 03:58:20,890|INFO|nn.computeOptunaObjective|Trial 34 timings:|10.740888599999948
2023-06-17 03:58:20,890|INFO|nn.computeOptunaObjective|Trial 34 objective:|0.7114067541691372
2023-06-17 03:58:32,231|INFO|nn.computeOptunaObjective|Trial 35 params:|{'n_layers': 4, 'architecture': 'top', 'lr': 0.001, 'n_epochs': 200}
2023-06-17 03:58:32,231|INFO|nn.computeOptunaObjective|Trial 35 balacc:|[0.6146271918136759, 0.666918547084267, 0.707993523626769, 0.7513793103448276, 0.6495322899802123, 0.7428532901833873, 0.6470289061997039, 0.7464598997493734]
2023-06-17 03:58:32,231|INFO|nn.computeOptunaObjective|Trial 35 rocauc:|[0.8234690614507275, 0.8423185158163531, 0.8701427200767571, 0.9131034482758621, 0.7842237812556214, 0.8736066163250629, 0.8162428378291379, 0.8544374328678841]
2023-06-17 03:58:32,231|INFO|nn.computeOptunaObjective|Trial 35 timings:|11.3334926
2023-06-17 03:58:32,231|INFO|nn.computeOptunaObjective|Trial 35 objective:|0.6908491198727771
2023-06-17 03:58:40,438|INFO|nn.computeOptunaObjective|Trial 36 params:|{'n_layers': 3, 'architecture': 'bottom', 'lr': 0.0001, 'n_epochs': 150}
2023-06-17 03:58:40,438|INFO|nn.computeOptunaObjective|Trial 36 balacc:|[0.5, 0.5, 0.5, 0.5085632183908045, 0.5, 0.5, 0.5344449451704972, 0.537280701754386]
2023-06-17 03:58:40,438|INFO|nn.computeOptunaObjective|Trial 36 rocauc:|[0.6747721579704737, 0.701691073010579, 0.7882585751978891, 0.7789655172413793, 0.6342867422198237, 0.6847357065803668, 0.7111890813107578, 0.7311627282491944]
2023-06-17 03:58:40,438|INFO|nn.computeOptunaObjective|Trial 36 timings:|8.207539900000029
2023-06-17 03:58:40,438|INFO|nn.computeOptunaObjective|Trial 36 objective:|0.510036108164461
2023-06-17 03:58:48,763|INFO|nn.computeOptunaObjective|Trial 37 params:|{'n_layers': 3, 'architecture': 'linear', 'lr': 0.0001, 'n_epochs': 150}
2023-06-17 03:58:48,763|INFO|nn.computeOptunaObjective|Trial 37 balacc:|[0.5298459734584021, 0.5, 0.5541796593907412, 0.5871264367816091, 0.5248246087425796, 0.5784789644012945, 0.5740230477048863, 0.637374686716792]
2023-06-17 03:58:48,763|INFO|nn.computeOptunaObjective|Trial 37 rocauc:|[0.7766748387784469, 0.7957293240919278, 0.8737706884144878, 0.8684482758620689, 0.6971577621874439, 0.8151743976986695, 0.7654906757655744, 0.7974579305406373]
2023-06-17 03:58:48,763|INFO|nn.computeOptunaObjective|Trial 37 timings:|8.326271799999972
2023-06-17 03:58:48,763|INFO|nn.computeOptunaObjective|Trial 37 objective:|0.5607316721495381
2023-06-17 03:58:59,702|INFO|nn.computeOptunaObjective|Trial 38 params:|{'n_layers': 4, 'architecture': 'bottom', 'lr': 0.001, 'n_epochs': 200}
2023-06-17 03:58:59,702|INFO|nn.computeOptunaObjective|Trial 38 balacc:|[0.6592762351436338, 0.6854578143728178, 0.7481710242264332, 0.7670689655172414, 0.655063860406548, 0.7502696871628911, 0.6922659284534003, 0.7450501253132833]
2023-06-17 03:58:59,702|INFO|nn.computeOptunaObjective|Trial 38 rocauc:|[0.819591749720194, 0.8528193235707958, 0.8772487407052051, 0.8881609195402299, 0.7684835402050728, 0.8630438691118303, 0.8080280692718728, 0.8457997672753311]
2023-06-17 03:58:59,702|INFO|nn.computeOptunaObjective|Trial 38 timings:|10.924747299999979
2023-06-17 03:58:59,702|INFO|nn.computeOptunaObjective|Trial 38 objective:|0.7128279550745311
2023-06-17 03:59:07,965|INFO|nn.computeOptunaObjective|Trial 39 params:|{'n_layers': 4, 'architecture': 'top', 'lr': 0.0001, 'n_epochs': 150}
2023-06-17 03:59:07,965|INFO|nn.computeOptunaObjective|Trial 39 balacc:|[0.6240206789958962, 0.6128901975089895, 0.7394459102902375, 0.6713793103448276, 0.6023565389458536, 0.6659924487594391, 0.6558702976458722, 0.7100563909774436]
2023-06-17 03:59:07,965|INFO|nn.computeOptunaObjective|Trial 39 rocauc:|[0.8106512817779672, 0.8443509302204387, 0.8942192372271528, 0.9010919540229885, 0.7535527972656952, 0.8592233009708737, 0.8066160218030429, 0.8301020408163265]
2023-06-17 03:59:07,965|INFO|nn.computeOptunaObjective|Trial 39 timings:|8.258347700000002
2023-06-17 03:59:07,965|INFO|nn.computeOptunaObjective|Trial 39 objective:|0.6602514716835699
2023-06-17 03:59:18,953|INFO|nn.computeOptunaObjective|Trial 40 params:|{'n_layers': 3, 'architecture': 'linear', 'lr': 0.001, 'n_epochs': 200}
2023-06-17 03:59:18,953|INFO|nn.computeOptunaObjective|Trial 40 balacc:|[0.6600490326706816, 0.6572385220699359, 0.7053550011993284, 0.772816091954023, 0.6743568987227919, 0.7625404530744337, 0.695884031846177, 0.7417919799498747]
2023-06-17 03:59:18,953|INFO|nn.computeOptunaObjective|Trial 40 rocauc:|[0.8272797527047914, 0.8434389493980925, 0.879857279923243, 0.9024137931034484, 0.8014481021766505, 0.876438331535419, 0.8224060602158845, 0.8472095417114214]
2023-06-17 03:59:18,953|INFO|nn.computeOptunaObjective|Trial 40 timings:|10.9887296
2023-06-17 03:59:18,953|INFO|nn.computeOptunaObjective|Trial 40 objective:|0.7087540014359057
2023-06-17 03:59:29,801|INFO|nn.computeOptunaObjective|Trial 41 params:|{'n_layers': 4, 'architecture': 'outer', 'lr': 0.001, 'n_epochs': 200}
2023-06-17 03:59:29,801|INFO|nn.computeOptunaObjective|Trial 41 balacc:|[0.6585034376165859, 0.6999713377455834, 0.7407651715039578, 0.7941954022988506, 0.6287101996762008, 0.743797195253506, 0.6663855447541793, 0.7597431077694237]
2023-06-17 03:59:29,801|INFO|nn.computeOptunaObjective|Trial 41 rocauc:|[0.8243884240260086, 0.8500964094012194, 0.8800671623890621, 0.8873275862068966, 0.773790250044972, 0.849289823804387, 0.7912036738985816, 0.8435866451843895]
2023-06-17 03:59:29,801|INFO|nn.computeOptunaObjective|Trial 41 timings:|10.83712509999998
2023-06-17 03:59:29,801|INFO|nn.computeOptunaObjective|Trial 41 objective:|0.7115089245772859
2023-06-17 03:59:38,064|INFO|nn.computeOptunaObjective|Trial 42 params:|{'n_layers': 2, 'architecture': 'linear', 'lr': 0.0001, 'n_epochs': 150}
2023-06-17 03:59:38,064|INFO|nn.computeOptunaObjective|Trial 42 balacc:|[0.5086206896551724, 0.4991922455573506, 0.5541796593907412, 0.5471264367816092, 0.5131768303651736, 0.5138888888888888, 0.5674370694650099, 0.6136278195488722]
2023-06-17 03:59:38,064|INFO|nn.computeOptunaObjective|Trial 42 rocauc:|[0.7288946330544156, 0.749244358747199, 0.8405492923962581, 0.827816091954023, 0.6674761647778377, 0.743797195253506, 0.7377347153372389, 0.7674946294307197]
2023-06-17 03:59:38,064|INFO|nn.computeOptunaObjective|Trial 42 timings:|8.25983610000003
2023-06-17 03:59:38,064|INFO|nn.computeOptunaObjective|Trial 42 objective:|0.5396562049566023
2023-06-17 03:59:46,505|INFO|nn.computeOptunaObjective|Trial 43 params:|{'n_layers': 4, 'architecture': 'linear', 'lr': 0.0001, 'n_epochs': 150}
2023-06-17 03:59:46,505|INFO|nn.computeOptunaObjective|Trial 43 balacc:|[0.5439961626605554, 0.5, 0.5401775005996642, 0.5, 0.5, 0.5, 0.5858044164037854, 0.5923872180451129]
2023-06-17 03:59:46,505|INFO|nn.computeOptunaObjective|Trial 43 rocauc:|[0.7874673559665298, 0.8128485069571109, 0.8815063564403934, 0.8794827586206896, 0.707411404928944, 0.8327939590075513, 0.7730273181827937, 0.8063775510204082]
2023-06-17 03:59:46,505|INFO|nn.computeOptunaObjective|Trial 43 timings:|8.433098400000006
2023-06-17 03:59:46,505|INFO|nn.computeOptunaObjective|Trial 43 objective:|0.5327956622136398
2023-06-17 03:59:57,379|INFO|nn.computeOptunaObjective|Trial 44 params:|{'n_layers': 4, 'architecture': 'outer', 'lr': 0.0001, 'n_epochs': 200}
2023-06-17 03:59:57,379|INFO|nn.computeOptunaObjective|Trial 44 balacc:|[0.5714038266801684, 0.6314294647975403, 0.7481710242264332, 0.6713793103448276, 0.6038855909336212, 0.6905339805825242, 0.6603532264640872, 0.7204260651629073]
2023-06-17 03:59:57,379|INFO|nn.computeOptunaObjective|Trial 44 rocauc:|[0.8028966583169002, 0.8434128928031684, 0.8892420244662989, 0.8930459770114942, 0.755261737722612, 0.8505933117583604, 0.8022897487070538, 0.8294262441818833]
2023-06-17 03:59:57,379|INFO|nn.computeOptunaObjective|Trial 44 timings:|10.872241499999973
2023-06-17 03:59:57,379|INFO|nn.computeOptunaObjective|Trial 44 objective:|0.6621978111490137
2023-06-17 04:00:02,930|INFO|nn.computeOptunaObjective|Trial 45 params:|{'n_layers': 4, 'architecture': 'bottom', 'lr': 0.001, 'n_epochs': 100}
2023-06-17 04:00:02,930|INFO|nn.computeOptunaObjective|Trial 45 balacc:|[0.6929861962372755, 0.68222679660222, 0.780942672103622, 0.7913218390804597, 0.6621244828206512, 0.7486515641855448, 0.6864203094487006, 0.750281954887218]
2023-06-17 04:00:02,930|INFO|nn.computeOptunaObjective|Trial 45 rocauc:|[0.8135825827426318, 0.8466439105737662, 0.8792276325257855, 0.878448275862069, 0.7640762727109193, 0.8585041352031644, 0.8049164145153329, 0.8354457572502684]
2023-06-17 04:00:02,930|INFO|nn.computeOptunaObjective|Trial 45 timings:|5.54338469999999
2023-06-17 04:00:02,930|INFO|nn.computeOptunaObjective|Trial 45 objective:|0.7243694769207114
2023-06-17 04:00:13,613|INFO|nn.computeOptunaObjective|Trial 46 params:|{'n_layers': 3, 'architecture': 'inner', 'lr': 0.0001, 'n_epochs': 200}
2023-06-17 04:00:13,613|INFO|nn.computeOptunaObjective|Trial 46 balacc:|[0.6129616799019346, 0.6443405075824691, 0.6953106260494123, 0.712816091954023, 0.6170624212987947, 0.6676105717367853, 0.6563960600012876, 0.7065789473684211]
2023-06-17 04:00:13,613|INFO|nn.computeOptunaObjective|Trial 46 rocauc:|[0.799192559825188, 0.8349705560477357, 0.8848644758934997, 0.8942528735632185, 0.7448282065119626, 0.8498741459906508, 0.7955857421833086, 0.8278105979233799]
2023-06-17 04:00:13,613|INFO|nn.computeOptunaObjective|Trial 46 timings:|10.68970109999998
2023-06-17 04:00:13,613|INFO|nn.computeOptunaObjective|Trial 46 objective:|0.6641346132366409
2023-06-17 04:00:22,196|INFO|nn.computeOptunaObjective|Trial 47 params:|{'n_layers': 2, 'architecture': 'top', 'lr': 0.001, 'n_epochs': 150}
2023-06-17 04:00:22,196|INFO|nn.computeOptunaObjective|Trial 47 balacc:|[0.653746735596653, 0.6241727031111575, 0.7066742624130486, 0.7542528735632184, 0.6611800683576183, 0.761596548004315, 0.6968110903667462, 0.7491228070175439]
2023-06-17 04:00:22,196|INFO|nn.computeOptunaObjective|Trial 47 rocauc:|[0.8261338805095133, 0.8414456198863931, 0.8734708563204606, 0.9064367816091955, 0.7885411045152005, 0.8708198489751887, 0.814382282881607, 0.8477846401718582]
2023-06-17 04:00:22,196|INFO|nn.computeOptunaObjective|Trial 47 timings:|8.579071399999975
2023-06-17 04:00:22,196|INFO|nn.computeOptunaObjective|Trial 47 objective:|0.7009446360537877
2023-06-17 04:00:27,710|INFO|nn.computeOptunaObjective|Trial 48 params:|{'n_layers': 2, 'architecture': 'inner', 'lr': 0.001, 'n_epochs': 100}
2023-06-17 04:00:27,710|INFO|nn.computeOptunaObjective|Trial 48 balacc:|[0.6388237488674519, 0.6169159414247747, 0.6953106260494123, 0.7456896551724138, 0.6480032379924447, 0.7322006472491909, 0.6881220627052083, 0.7460526315789473]
2023-06-17 04:00:27,710|INFO|nn.computeOptunaObjective|Trial 48 rocauc:|[0.818272664286095, 0.8458100995361926, 0.8770088750299833, 0.9021264367816092, 0.7898902680338189, 0.8757641136281913, 0.81071053026889, 0.8472296813462228]
2023-06-17 04:00:27,710|INFO|nn.computeOptunaObjective|Trial 48 timings:|5.5049298000000135
2023-06-17 04:00:27,710|INFO|nn.computeOptunaObjective|Trial 48 objective:|0.6888898188799806
2023-06-17 04:00:38,585|INFO|nn.computeOptunaObjective|Trial 49 params:|{'n_layers': 2, 'architecture': 'outer', 'lr': 0.0001, 'n_epochs': 200}
2023-06-17 04:00:38,585|INFO|nn.computeOptunaObjective|Trial 49 balacc:|[0.5298459734584021, 0.5757986346344259, 0.5742684096905732, 0.6313793103448275, 0.534943335132218, 0.5817152103559871, 0.6004914268546535, 0.6759398496240602]
2023-06-17 04:00:38,585|INFO|nn.computeOptunaObjective|Trial 49 rocauc:|[0.7504796674305815, 0.7755354630256918, 0.8537419045334613, 0.8517241379310345, 0.6912214427055225, 0.787037037037037, 0.7561428356831692, 0.7912280701754386]
2023-06-17 04:00:38,585|INFO|nn.computeOptunaObjective|Trial 49 timings:|10.871569500000021
2023-06-17 04:00:38,585|INFO|nn.computeOptunaObjective|Trial 49 objective:|0.5880477687618935
2023-06-17 04:00:44,092|INFO|nn.computeOptunaObjective|Trial 50 params:|{'n_layers': 2, 'architecture': 'top', 'lr': 0.001, 'n_epochs': 100}
2023-06-17 04:00:44,092|INFO|nn.computeOptunaObjective|Trial 50 balacc:|[0.6372781538133561, 0.6338527281254885, 0.7093127848404893, 0.7756896551724138, 0.6449451340169096, 0.752562028047465, 0.701017189210069, 0.7490288220551378]
2023-06-17 04:00:44,092|INFO|nn.computeOptunaObjective|Trial 50 rocauc:|[0.8256009166977563, 0.854330606076398, 0.8815663228591989, 0.9040229885057471, 0.7963662529231876, 0.8805285868392665, 0.8169617373763385, 0.851360544217687]
2023-06-17 04:00:44,092|INFO|nn.computeOptunaObjective|Trial 50 timings:|5.501381299999991
2023-06-17 04:00:44,092|INFO|nn.computeOptunaObjective|Trial 50 objective:|0.7004608119101661
2023-06-17 04:00:55,035|INFO|nn.computeOptunaObjective|Trial 51 params:|{'n_layers': 3, 'architecture': 'top', 'lr': 0.001, 'n_epochs': 200}
2023-06-17 04:00:55,035|INFO|nn.computeOptunaObjective|Trial 51 balacc:|[0.6686697223258541, 0.6967533482724477, 0.7193571599904054, 0.752816091954023, 0.6743568987227919, 0.7673948220064726, 0.6902251121268697, 0.7447681704260651]
2023-06-17 04:00:55,035|INFO|nn.computeOptunaObjective|Trial 51 rocauc:|[0.8114240793050153, 0.8404033560894262, 0.8707423842648117, 0.901867816091954, 0.7808958445763626, 0.8759888529306005, 0.8207193287409601, 0.8488207124955245]
2023-06-17 04:00:55,035|INFO|nn.computeOptunaObjective|Trial 51 timings:|10.935861099999954
2023-06-17 04:00:55,035|INFO|nn.computeOptunaObjective|Trial 51 objective:|0.7142926657281161
2023-06-17 04:01:00,378|INFO|nn.computeOptunaObjective|Trial 52 params:|{'n_layers': 2, 'architecture': 'bottom', 'lr': 0.001, 'n_epochs': 100}
2023-06-17 04:01:00,378|INFO|nn.computeOptunaObjective|Trial 52 balacc:|[0.622355167084155, 0.6282114753244046, 0.697949148476853, 0.7342528735632183, 0.6302392516639683, 0.7354368932038835, 0.6988519066932767, 0.7259711779448621]
2023-06-17 04:01:00,378|INFO|nn.computeOptunaObjective|Trial 52 rocauc:|[0.8111575973991366, 0.8375501589452291, 0.8816262892780042, 0.8894252873563219, 0.7818852311566827, 0.8597626752966558, 0.8007961544239146, 0.8388605442176872]
2023-06-17 04:01:00,378|INFO|nn.computeOptunaObjective|Trial 52 timings:|5.328225199999963
2023-06-17 04:01:00,378|INFO|nn.computeOptunaObjective|Trial 52 objective:|0.6841584867443277
2023-06-17 04:01:08,560|INFO|nn.computeOptunaObjective|Trial 53 params:|{'n_layers': 2, 'architecture': 'outer', 'lr': 0.001, 'n_epochs': 150}
2023-06-17 04:01:08,560|INFO|nn.computeOptunaObjective|Trial 53 balacc:|[0.6623674252518255, 0.6144926780968263, 0.6852662508994962, 0.7556896551724138, 0.6418870300413744, 0.7493257820927723, 0.7039228309620378, 0.7542606516290726]
2023-06-17 04:01:08,560|INFO|nn.computeOptunaObjective|Trial 53 rocauc:|[0.8258407504130468, 0.8380452342487884, 0.8743103861837371, 0.9047126436781608, 0.775049469329016, 0.8732470334412081, 0.8131011395094316, 0.8470059076262083]
2023-06-17 04:01:08,560|INFO|nn.computeOptunaObjective|Trial 53 timings:|8.181447299999945
2023-06-17 04:01:08,560|INFO|nn.computeOptunaObjective|Trial 53 objective:|0.6959015380182274
2023-06-17 04:01:14,104|INFO|nn.computeOptunaObjective|Trial 54 params:|{'n_layers': 3, 'architecture': 'inner', 'lr': 0.001, 'n_epochs': 100}
2023-06-17 04:01:14,104|INFO|nn.computeOptunaObjective|Trial 54 balacc:|[0.6772904119810265, 0.6773932982437856, 0.7354881266490765, 0.772816091954023, 0.6712987947472566, 0.7722491909385114, 0.6932552200691002, 0.7602130325814536]
2023-06-17 04:01:14,104|INFO|nn.computeOptunaObjective|Trial 54 rocauc:|[0.8291451260459416, 0.8588644535932044, 0.8800071959702566, 0.895, 0.7783774060082749, 0.8620999640417115, 0.8218566922036954, 0.8533387039026137]
2023-06-17 04:01:14,104|INFO|nn.computeOptunaObjective|Trial 54 timings:|5.547909300000015
2023-06-17 04:01:14,104|INFO|nn.computeOptunaObjective|Trial 54 objective:|0.7200005208955291
2023-06-17 04:01:22,273|INFO|nn.computeOptunaObjective|Trial 55 params:|{'n_layers': 3, 'architecture': 'inner', 'lr': 0.001, 'n_epochs': 150}
2023-06-17 04:01:22,273|INFO|nn.computeOptunaObjective|Trial 55 balacc:|[0.6686697223258541, 0.6806243160143832, 0.7254437514991605, 0.7742528735632184, 0.6712987947472566, 0.7551240560949299, 0.690750874482285, 0.743577694235589]
2023-06-17 04:01:22,273|INFO|nn.computeOptunaObjective|Trial 55 rocauc:|[0.8230160422107338, 0.8460706654854343, 0.8757195970256656, 0.9037931034482759, 0.8005486598309048, 0.8674937072995323, 0.8145603982918088, 0.8468380773361976]
2023-06-17 04:01:22,273|INFO|nn.computeOptunaObjective|Trial 55 timings:|8.151863900000023
2023-06-17 04:01:22,273|INFO|nn.computeOptunaObjective|Trial 55 objective:|0.7137177603703346
2023-06-17 04:01:30,395|INFO|nn.computeOptunaObjective|Trial 56 params:|{'n_layers': 4, 'architecture': 'bottom', 'lr': 0.0001, 'n_epochs': 150}
2023-06-17 04:01:30,395|INFO|nn.computeOptunaObjective|Trial 56 balacc:|[0.5, 0.5, 0.5214080115135524, 0.5, 0.5, 0.5, 0.5, 0.5106829573934837]
2023-06-17 04:01:30,395|INFO|nn.computeOptunaObjective|Trial 56 rocauc:|[0.6446064062250174, 0.6727421960498202, 0.759594627008875, 0.7324712643678162, 0.6194459435150206, 0.6494965839626033, 0.6715315779308568, 0.6726414249910491]
2023-06-17 04:01:30,395|INFO|nn.computeOptunaObjective|Trial 56 timings:|8.124996699999997
2023-06-17 04:01:30,395|INFO|nn.computeOptunaObjective|Trial 56 objective:|0.5040113711133796
2023-06-17 04:01:35,791|INFO|nn.computeOptunaObjective|Trial 57 params:|{'n_layers': 2, 'architecture': 'linear', 'lr': 0.001, 'n_epochs': 100}
2023-06-17 04:01:35,791|INFO|nn.computeOptunaObjective|Trial 57 balacc:|[0.6294302616852316, 0.6024024180520089, 0.7153993763492444, 0.7556896551724138, 0.6388289260658392, 0.7444714131607335, 0.7024077769909226, 0.7460526315789473]
2023-06-17 04:01:35,791|INFO|nn.computeOptunaObjective|Trial 57 rocauc:|[0.8210174279166443, 0.8487805513575486, 0.8841448788678339, 0.9010919540229885, 0.791958985429034, 0.8718985976267529, 0.8132771089508358, 0.8504923021840316]
2023-06-17 04:01:35,791|INFO|nn.computeOptunaObjective|Trial 57 timings:|5.386465600000008
2023-06-17 04:01:35,791|INFO|nn.computeOptunaObjective|Trial 57 objective:|0.6918353073819177
2023-06-17 04:01:46,544|INFO|nn.computeOptunaObjective|Trial 58 params:|{'n_layers': 2, 'architecture': 'top', 'lr': 0.0001, 'n_epochs': 200}
2023-06-17 04:01:46,544|INFO|nn.computeOptunaObjective|Trial 58 balacc:|[0.5698582316260726, 0.5991844285788733, 0.6966298872631327, 0.6728160919540229, 0.5790609821910415, 0.6169093851132685, 0.623341702611644, 0.6981829573934837]
2023-06-17 04:01:46,544|INFO|nn.computeOptunaObjective|Trial 58 rocauc:|[0.7745962799125938, 0.8133696388555943, 0.874430319021348, 0.8791954022988505, 0.7194639323619356, 0.8259618842143115, 0.7805167492864655, 0.8151002506265663]
2023-06-17 04:01:46,544|INFO|nn.computeOptunaObjective|Trial 58 timings:|10.755323599999997
2023-06-17 04:01:46,544|INFO|nn.computeOptunaObjective|Trial 58 objective:|0.6319979583414423
2023-06-17 04:01:51,847|INFO|nn.computeOptunaObjective|Trial 59 params:|{'n_layers': 2, 'architecture': 'linear', 'lr': 0.0001, 'n_epochs': 100}
2023-06-17 04:01:51,847|INFO|nn.computeOptunaObjective|Trial 59 balacc:|[0.5, 0.5, 0.5, 0.5, 0.5, 0.5, 0.5015150539711153, 0.5050438596491228]
2023-06-17 04:01:51,847|INFO|nn.computeOptunaObjective|Trial 59 rocauc:|[0.6314422000746149, 0.662449841054771, 0.7367474214439914, 0.7375862068965517, 0.6116207951070337, 0.6474289823804387, 0.6794158672932895, 0.6867391693519513]
2023-06-17 04:01:51,847|INFO|nn.computeOptunaObjective|Trial 59 timings:|5.297117299999968
2023-06-17 04:01:51,847|INFO|nn.computeOptunaObjective|Trial 59 objective:|0.5008198642025298
2023-06-17 04:02:02,539|INFO|nn.computeOptunaObjective|Trial 60 params:|{'n_layers': 2, 'architecture': 'linear', 'lr': 0.0001, 'n_epochs': 200}
2023-06-17 04:02:02,539|INFO|nn.computeOptunaObjective|Trial 60 balacc:|[0.5407850556947184, 0.5766063890770754, 0.6297673302950348, 0.6513793103448275, 0.5496492174851592, 0.5768608414239482, 0.6126740917187065, 0.6791979949874687]
2023-06-17 04:02:02,539|INFO|nn.computeOptunaObjective|Trial 60 rocauc:|[0.7536241539199487, 0.7853848559070301, 0.8578795874310386, 0.860919540229885, 0.6991365353480842, 0.7950377562028047, 0.7671173201141654, 0.8003804153240244]
2023-06-17 04:02:02,539|INFO|nn.computeOptunaObjective|Trial 60 timings:|10.681014399999981
2023-06-17 04:02:02,539|INFO|nn.computeOptunaObjective|Trial 60 objective:|0.6021150288783673
2023-06-17 04:02:08,030|INFO|nn.computeOptunaObjective|Trial 61 params:|{'n_layers': 2, 'architecture': 'outer', 'lr': 0.001, 'n_epochs': 100}
2023-06-17 04:02:08,030|INFO|nn.computeOptunaObjective|Trial 61 balacc:|[0.6388237488674519, 0.6265959664391056, 0.6852662508994962, 0.7556896551724138, 0.6464741860046771, 0.7509439050701187, 0.702933539346338, 0.7406015037593985]
2023-06-17 04:02:08,030|INFO|nn.computeOptunaObjective|Trial 61 rocauc:|[0.8117438575920696, 0.8380191776538642, 0.8819261213720316, 0.9014942528735632, 0.7850332793667926, 0.8656957928802588, 0.8085860211592523, 0.8460481561045472]
2023-06-17 04:02:08,030|INFO|nn.computeOptunaObjective|Trial 61 timings:|5.483297900000025
2023-06-17 04:02:08,030|INFO|nn.computeOptunaObjective|Trial 61 objective:|0.6934160944448751
2023-06-17 04:02:16,149|INFO|nn.computeOptunaObjective|Trial 62 params:|{'n_layers': 4, 'architecture': 'bottom', 'lr': 0.001, 'n_epochs': 150}
2023-06-17 04:02:16,149|INFO|nn.computeOptunaObjective|Trial 62 balacc:|[0.6671241272717583, 0.6959325655323363, 0.7494902854401535, 0.7599425287356323, 0.6271811476884331, 0.7502696871628911, 0.686607008734093, 0.7400062656641604]
2023-06-17 04:02:16,149|INFO|nn.computeOptunaObjective|Trial 62 rocauc:|[0.8195784256249, 0.8483115326489135, 0.8759894459102903, 0.8841954022988506, 0.7674941536247527, 0.8702804746494067, 0.8089250842292752, 0.8437567132116005]
2023-06-17 04:02:16,149|INFO|nn.computeOptunaObjective|Trial 62 timings:|8.112654799999973
2023-06-17 04:02:16,149|INFO|nn.computeOptunaObjective|Trial 62 objective:|0.7095692020286822
2023-06-17 04:02:24,192|INFO|nn.computeOptunaObjective|Trial 63 params:|{'n_layers': 2, 'architecture': 'top', 'lr': 0.0001, 'n_epochs': 150}
2023-06-17 04:02:24,192|INFO|nn.computeOptunaObjective|Trial 63 balacc:|[0.5235436763843735, 0.5290270467455312, 0.5755876709042936, 0.5856896551724138, 0.5131768303651736, 0.5384304207119741, 0.5827120753664241, 0.6545739348370927]
2023-06-17 04:02:24,192|INFO|nn.computeOptunaObjective|Trial 63 rocauc:|[0.753597505729361, 0.7799911407577258, 0.8563204605420964, 0.852183908045977, 0.6872638963842419, 0.7881157856886012, 0.7577780639069507, 0.7908476548514142]
2023-06-17 04:02:24,192|INFO|nn.computeOptunaObjective|Trial 63 timings:|8.039377800000011
2023-06-17 04:02:24,192|INFO|nn.computeOptunaObjective|Trial 63 objective:|0.5628426638109096
2023-06-17 04:02:32,158|INFO|nn.computeOptunaObjective|Trial 64 params:|{'n_layers': 3, 'architecture': 'inner', 'lr': 0.0001, 'n_epochs': 150}
2023-06-17 04:02:32,158|INFO|nn.computeOptunaObjective|Trial 64 balacc:|[0.5298459734584021, 0.520962530616499, 0.58695130726793, 0.5471264367816092, 0.5263536607303472, 0.552319309600863, 0.5852164209532393, 0.6284774436090226]
2023-06-17 04:02:32,158|INFO|nn.computeOptunaObjective|Trial 64 rocauc:|[0.7792863614560571, 0.7999765490645683, 0.8741904533461261, 0.8691954022988504, 0.7003058103975535, 0.8199388709097447, 0.7673748363698791, 0.797936806301468]
2023-06-17 04:02:32,158|INFO|nn.computeOptunaObjective|Trial 64 timings:|7.962372699999946
2023-06-17 04:02:32,158|INFO|nn.computeOptunaObjective|Trial 64 objective:|0.5596566353772391
2023-06-17 04:02:37,656|INFO|nn.computeOptunaObjective|Trial 65 params:|{'n_layers': 3, 'architecture': 'outer', 'lr': 0.0001, 'n_epochs': 100}
2023-06-17 04:02:37,656|INFO|nn.computeOptunaObjective|Trial 65 balacc:|[0.5, 0.5, 0.5, 0.5, 0.5, 0.5, 0.5020408163265306, 0.5012844611528822]
2023-06-17 04:02:37,656|INFO|nn.computeOptunaObjective|Trial 65 rocauc:|[0.683246282577413, 0.7046094116420866, 0.7968937395058767, 0.7801724137931034, 0.6369850692570607, 0.6881517439769868, 0.6992081375136806, 0.7186940565699964]
2023-06-17 04:02:37,656|INFO|nn.computeOptunaObjective|Trial 65 timings:|5.49280310000006
2023-06-17 04:02:37,656|INFO|nn.computeOptunaObjective|Trial 65 objective:|0.5004156596849266
2023-06-17 04:02:45,691|INFO|nn.computeOptunaObjective|Trial 66 params:|{'n_layers': 2, 'architecture': 'inner', 'lr': 0.001, 'n_epochs': 150}
2023-06-17 04:02:45,691|INFO|nn.computeOptunaObjective|Trial 66 balacc:|[0.653746735596653, 0.6314294647975403, 0.7333593187814824, 0.722816091954023, 0.6449451340169096, 0.7460895361380798, 0.689173587416039, 0.7487155388471178]
2023-06-17 04:02:45,691|INFO|nn.computeOptunaObjective|Trial 66 rocauc:|[0.8194718328625488, 0.8437776851321069, 0.8796473974574239, 0.9055172413793103, 0.7886310487497751, 0.8745954692556633, 0.8129080023176463, 0.8455200501253133]
2023-06-17 04:02:45,691|INFO|nn.computeOptunaObjective|Trial 66 timings:|8.021054299999946
2023-06-17 04:02:45,691|INFO|nn.computeOptunaObjective|Trial 66 objective:|0.6962844259434806
2023-06-17 04:02:51,128|INFO|nn.computeOptunaObjective|Trial 67 params:|{'n_layers': 4, 'architecture': 'linear', 'lr': 0.0001, 'n_epochs': 100}
2023-06-17 04:02:51,128|INFO|nn.computeOptunaObjective|Trial 67 balacc:|[0.5, 0.5, 0.5, 0.5, 0.5, 0.5, 0.5, 0.5]
2023-06-17 04:02:51,128|INFO|nn.computeOptunaObjective|Trial 67 rocauc:|[0.7355833288919683, 0.7494006983167439, 0.8434276804989207, 0.8343678160919541, 0.6495772620974996, 0.7552139518158936, 0.7221635657417541, 0.7482724668814895]
2023-06-17 04:02:51,128|INFO|nn.computeOptunaObjective|Trial 67 timings:|5.434612700000002
2023-06-17 04:02:51,128|INFO|nn.computeOptunaObjective|Trial 67 objective:|0.5
2023-06-17 04:02:56,633|INFO|nn.computeOptunaObjective|Trial 68 params:|{'n_layers': 2, 'architecture': 'outer', 'lr': 0.0001, 'n_epochs': 100}
2023-06-17 04:02:56,633|INFO|nn.computeOptunaObjective|Trial 68 balacc:|[0.5, 0.5, 0.5, 0.5, 0.5, 0.5, 0.508626794566407, 0.5106829573934837]
2023-06-17 04:02:56,633|INFO|nn.computeOptunaObjective|Trial 68 rocauc:|[0.6350930021851516, 0.6588019177653863, 0.749100503717918, 0.7278160919540231, 0.6058643640942616, 0.6338547285149227, 0.6840211163329685, 0.6946831364124597]
2023-06-17 04:02:56,633|INFO|nn.computeOptunaObjective|Trial 68 timings:|5.504771399999981
2023-06-17 04:02:56,633|INFO|nn.computeOptunaObjective|Trial 68 objective:|0.5024137189949863
2023-06-17 04:03:05,122|INFO|nn.computeOptunaObjective|Trial 69 params:|{'n_layers': 4, 'architecture': 'inner', 'lr': 0.0001, 'n_epochs': 150}
2023-06-17 04:03:05,122|INFO|nn.computeOptunaObjective|Trial 69 balacc:|[0.5518440547886798, 0.5669263640627443, 0.5, 0.6156896551724138, 0.5, 0.6062567421790723, 0.5969355565570077, 0.6492481203007519]
2023-06-17 04:03:05,122|INFO|nn.computeOptunaObjective|Trial 69 rocauc:|[0.7964477961946382, 0.8234014279014018, 0.8835452146797794, 0.8854597701149426, 0.7193739881273611, 0.8371988493347717, 0.7826155067705315, 0.8116451843895454]
2023-06-17 04:03:05,122|INFO|nn.computeOptunaObjective|Trial 69 timings:|8.48485269999992
2023-06-17 04:03:05,122|INFO|nn.computeOptunaObjective|Trial 69 objective:|0.5733625616325837
2023-06-17 04:03:16,281|INFO|nn.computeOptunaObjective|Trial 70 params:|{'n_layers': 4, 'architecture': 'top', 'lr': 0.0001, 'n_epochs': 200}
2023-06-17 04:03:16,281|INFO|nn.computeOptunaObjective|Trial 70 balacc:|[0.6702153173799499, 0.6862655688154672, 0.7494902854401535, 0.782816091954023, 0.6241230437128981, 0.7535059331175836, 0.6657975493036331, 0.7453634085213032]
2023-06-17 04:03:16,281|INFO|nn.computeOptunaObjective|Trial 70 rocauc:|[0.8206177050578265, 0.8516988899890563, 0.8792276325257856, 0.8969540229885058, 0.7693829825508184, 0.8689320388349514, 0.8162213781411617, 0.8506489437880416]
2023-06-17 04:03:16,281|INFO|nn.computeOptunaObjective|Trial 70 timings:|11.146228000000065
2023-06-17 04:03:16,281|INFO|nn.computeOptunaObjective|Trial 70 objective:|0.7096971497806265
2023-06-17 04:03:21,739|INFO|nn.computeOptunaObjective|Trial 71 params:|{'n_layers': 2, 'architecture': 'inner', 'lr': 0.0001, 'n_epochs': 100}
2023-06-17 04:03:21,739|INFO|nn.computeOptunaObjective|Trial 71 balacc:|[0.5, 0.5, 0.5, 0.5, 0.5, 0.5, 0.5020408163265306, 0.5050438596491228]
2023-06-17 04:03:21,739|INFO|nn.computeOptunaObjective|Trial 71 rocauc:|[0.6277381015829026, 0.6652378967116578, 0.7445430558887024, 0.7333333333333333, 0.6175571145889548, 0.6471592952175477, 0.6722268718212837, 0.6902747941281776]
2023-06-17 04:03:21,739|INFO|nn.computeOptunaObjective|Trial 71 timings:|5.456674499999963
2023-06-17 04:03:21,739|INFO|nn.computeOptunaObjective|Trial 71 objective:|0.5008855844969566
2023-06-17 04:03:27,088|INFO|nn.computeOptunaObjective|Trial 72 params:|{'n_layers': 2, 'architecture': 'top', 'lr': 0.0001, 'n_epochs': 100}
2023-06-17 04:03:27,088|INFO|nn.computeOptunaObjective|Trial 72 balacc:|[0.5, 0.5, 0.5, 0.5, 0.5, 0.5, 0.511193373248353, 0.5164160401002507]
2023-06-17 04:03:27,088|INFO|nn.computeOptunaObjective|Trial 72 rocauc:|[0.698568992165432, 0.7236046693418104, 0.8103262173183018, 0.8035057471264367, 0.639593452059723, 0.7108953613807983, 0.7123479044614691, 0.7419799498746867]
2023-06-17 04:03:27,088|INFO|nn.computeOptunaObjective|Trial 72 timings:|5.331053200000042
2023-06-17 04:03:27,088|INFO|nn.computeOptunaObjective|Trial 72 objective:|0.5034511766685754
2023-06-17 04:03:37,812|INFO|nn.computeOptunaObjective|Trial 73 params:|{'n_layers': 4, 'architecture': 'inner', 'lr': 0.0001, 'n_epochs': 200}
2023-06-17 04:03:37,812|INFO|nn.computeOptunaObjective|Trial 73 balacc:|[0.6443532484144326, 0.6653030381989682, 0.7206764212041257, 0.7370689655172413, 0.6434160820291419, 0.7011866235167206, 0.6727225906135325, 0.73734335839599]
2023-06-17 04:03:37,812|INFO|nn.computeOptunaObjective|Trial 73 rocauc:|[0.8084128337685871, 0.8426051383605192, 0.8863036699448309, 0.8901724137931034, 0.7690232056125202, 0.8628191298094211, 0.8066889847421618, 0.8356919083422844]
2023-06-17 04:03:37,812|INFO|nn.computeOptunaObjective|Trial 73 timings:|10.71814560000007
2023-06-17 04:03:37,812|INFO|nn.computeOptunaObjective|Trial 73 objective:|0.6902587909862691
2023-06-17 04:03:43,381|INFO|nn.computeOptunaObjective|Trial 74 params:|{'n_layers': 3, 'architecture': 'linear', 'lr': 0.001, 'n_epochs': 100}
2023-06-17 04:03:43,381|INFO|nn.computeOptunaObjective|Trial 74 balacc:|[0.6772904119810265, 0.6773932982437856, 0.7381266490765171, 0.772816091954023, 0.6271811476884331, 0.7551240560949299, 0.6901628790317389, 0.7526002506265663]
2023-06-17 04:03:43,381|INFO|nn.computeOptunaObjective|Trial 74 rocauc:|[0.8312103608165006, 0.8560763979363178, 0.8822259534660591, 0.8931034482758621, 0.7827846735024284, 0.866235167206041, 0.822753707161098, 0.8529001074113857]
2023-06-17 04:03:43,381|INFO|nn.computeOptunaObjective|Trial 74 timings:|5.568006500000024
2023-06-17 04:03:43,381|INFO|nn.computeOptunaObjective|Trial 74 objective:|0.7113368480871276
2023-06-17 04:03:54,081|INFO|nn.computeOptunaObjective|Trial 75 params:|{'n_layers': 3, 'architecture': 'bottom', 'lr': 0.001, 'n_epochs': 200}
2023-06-17 04:03:54,081|INFO|nn.computeOptunaObjective|Trial 75 balacc:|[0.6678969247988061, 0.6523919954140392, 0.718037898776685, 0.7485057471264368, 0.6565929123943155, 0.7502696871628911, 0.6993154359535612, 0.7477130325814536]
2023-06-17 04:03:54,081|INFO|nn.computeOptunaObjective|Trial 75 rocauc:|[0.8175798113308106, 0.8332117358903538, 0.8644758934996402, 0.8885057471264368, 0.7872818852311566, 0.8762585400934916, 0.8100753235047963, 0.8408230397422127]
2023-06-17 04:03:54,081|INFO|nn.computeOptunaObjective|Trial 75 timings:|10.686951300000032
2023-06-17 04:03:54,081|INFO|nn.computeOptunaObjective|Trial 75 objective:|0.7050904542760236
2023-06-17 04:03:59,415|INFO|nn.computeOptunaObjective|Trial 76 params:|{'n_layers': 2, 'architecture': 'bottom', 'lr': 0.0001, 'n_epochs': 100}
2023-06-17 04:03:59,415|INFO|nn.computeOptunaObjective|Trial 76 balacc:|[0.5, 0.5, 0.5, 0.5, 0.5, 0.5, 0.5, 0.5]
2023-06-17 04:03:59,415|INFO|nn.computeOptunaObjective|Trial 76 rocauc:|[0.5440894313276129, 0.5830032831309605, 0.6225713600383785, 0.6058620689655172, 0.5718654434250765, 0.5676015821646889, 0.5988433228180863, 0.5991675617615467]
2023-06-17 04:03:59,415|INFO|nn.computeOptunaObjective|Trial 76 timings:|5.329659399999969
2023-06-17 04:03:59,415|INFO|nn.computeOptunaObjective|Trial 76 objective:|0.5
2023-06-17 04:04:04,811|INFO|nn.computeOptunaObjective|Trial 77 params:|{'n_layers': 4, 'architecture': 'outer', 'lr': 0.0001, 'n_epochs': 100}
2023-06-17 04:04:04,811|INFO|nn.computeOptunaObjective|Trial 77 balacc:|[0.5, 0.5, 0.5, 0.5, 0.5, 0.5, 0.5, 0.5]
2023-06-17 04:04:04,811|INFO|nn.computeOptunaObjective|Trial 77 rocauc:|[0.7224990673133294, 0.736450570639429, 0.8304749340369393, 0.8148275862068965, 0.6465191581219644, 0.7328299172959367, 0.71255391746604, 0.7322234156820622]
2023-06-17 04:04:04,811|INFO|nn.computeOptunaObjective|Trial 77 timings:|5.3944953999999825
2023-06-17 04:04:04,811|INFO|nn.computeOptunaObjective|Trial 77 objective:|0.5
2023-06-17 04:04:15,535|INFO|nn.computeOptunaObjective|Trial 78 params:|{'n_layers': 2, 'architecture': 'linear', 'lr': 0.001, 'n_epochs': 200}
2023-06-17 04:04:15,535|INFO|nn.computeOptunaObjective|Trial 78 balacc:|[0.6529739380696051, 0.6467507426129553, 0.6953106260494123, 0.7542528735632184, 0.6464741860046771, 0.7477076591154261, 0.6932552200691002, 0.7486215538847119]
2023-06-17 04:04:15,535|INFO|nn.computeOptunaObjective|Trial 78 rocauc:|[0.8195517774343121, 0.8381624889259471, 0.8738306548332934, 0.906551724137931, 0.7824248965641303, 0.877831715210356, 0.8079379385823731, 0.8445376834944505]
2023-06-17 04:04:15,535|INFO|nn.computeOptunaObjective|Trial 78 timings:|10.721751100000006
2023-06-17 04:04:15,535|INFO|nn.computeOptunaObjective|Trial 78 objective:|0.6981683499211383
2023-06-17 04:04:23,913|INFO|nn.computeOptunaObjective|Trial 79 params:|{'n_layers': 3, 'architecture': 'top', 'lr': 0.0001, 'n_epochs': 150}
2023-06-17 04:04:23,913|INFO|nn.computeOptunaObjective|Trial 79 balacc:|[0.5777061237541972, 0.5838631507634582, 0.67390261453586, 0.6828160919540229, 0.5674132038136356, 0.656957928802589, 0.6370394214468121, 0.6868107769423559]
2023-06-17 04:04:23,913|INFO|nn.computeOptunaObjective|Trial 79 rocauc:|[0.7957016468581783, 0.8283261243420709, 0.8873830654833293, 0.8985632183908046, 0.726209749955028, 0.8457389428263214, 0.7938217558316703, 0.8267230576441102]
2023-06-17 04:04:23,913|INFO|nn.computeOptunaObjective|Trial 79 timings:|8.36825060000001
2023-06-17 04:04:23,913|INFO|nn.computeOptunaObjective|Trial 79 objective:|0.6333136640016164
2023-06-17 04:04:35,121|INFO|nn.computeOptunaObjective|Trial 80 params:|{'n_layers': 3, 'architecture': 'outer', 'lr': 0.001, 'n_epochs': 200}
2023-06-17 04:04:35,121|INFO|nn.computeOptunaObjective|Trial 80 balacc:|[0.6765176144539786, 0.6475584970556048, 0.7127608539218038, 0.7613793103448276, 0.6581219643820831, 0.7428532901833873, 0.7020064808257688, 0.7460526315789473]
2023-06-17 04:04:35,121|INFO|nn.computeOptunaObjective|Trial 80 rocauc:|[0.8178862655225712, 0.8394001771848454, 0.8660350203885823, 0.8961494252873563, 0.7889458535707861, 0.872437971952535, 0.8139788407476557, 0.8466501074113856]
2023-06-17 04:04:35,121|INFO|nn.computeOptunaObjective|Trial 80 timings:|11.192311200000063
2023-06-17 04:04:35,121|INFO|nn.computeOptunaObjective|Trial 80 objective:|0.7059063303433002
2023-06-17 04:04:43,594|INFO|nn.computeOptunaObjective|Trial 81 params:|{'n_layers': 4, 'architecture': 'outer', 'lr': 0.0001, 'n_epochs': 150}
2023-06-17 04:04:43,594|INFO|nn.computeOptunaObjective|Trial 81 balacc:|[0.5, 0.5516050862473292, 0.596995682417846, 0.5771264367816091, 0.5380014391077532, 0.5106526429341963, 0.5430717397369043, 0.5975250626566416]
2023-06-17 04:04:43,594|INFO|nn.computeOptunaObjective|Trial 81 rocauc:|[0.7787533976443, 0.8010969826463078, 0.876469177260734, 0.8716091954022989, 0.7013851412124483, 0.8225458468176915, 0.7637352732891265, 0.795810955961332]
2023-06-17 04:04:43,594|INFO|nn.computeOptunaObjective|Trial 81 timings:|8.475384399999939
2023-06-17 04:04:43,594|INFO|nn.computeOptunaObjective|Trial 81 objective:|0.5518722612352849
2023-06-17 04:04:54,405|INFO|nn.computeOptunaObjective|Trial 82 params:|{'n_layers': 2, 'architecture': 'bottom', 'lr': 0.0001, 'n_epochs': 200}
2023-06-17 04:04:54,405|INFO|nn.computeOptunaObjective|Trial 82 balacc:|[0.5141501892021532, 0.5282192923028819, 0.5541796593907412, 0.5456896551724139, 0.5131768303651736, 0.5122707659115426, 0.5719822313783558, 0.6173872180451128]
2023-06-17 04:04:54,405|INFO|nn.computeOptunaObjective|Trial 82 rocauc:|[0.7157837232851889, 0.7392386262963156, 0.831854161669465, 0.8150000000000001, 0.6624392876416622, 0.7376842862279755, 0.7270005794115755, 0.759438775510204]
2023-06-17 04:04:54,405|INFO|nn.computeOptunaObjective|Trial 82 timings:|10.804791799999975
2023-06-17 04:04:54,405|INFO|nn.computeOptunaObjective|Trial 82 objective:|0.5446319802210469
2023-06-17 04:05:02,591|INFO|nn.computeOptunaObjective|Trial 83 params:|{'n_layers': 4, 'architecture': 'inner', 'lr': 0.001, 'n_epochs': 150}
2023-06-17 04:05:02,591|INFO|nn.computeOptunaObjective|Trial 83 balacc:|[0.6428076533603369, 0.6983558288602846, 0.7394459102902375, 0.785632183908046, 0.6758859507105595, 0.7535059331175836, 0.6566449923818107, 0.7489974937343358]
2023-06-17 04:05:02,591|INFO|nn.computeOptunaObjective|Trial 83 rocauc:|[0.8220034109683954, 0.8496795038824325, 0.8915507315903093, 0.8987356321839081, 0.7728908076992265, 0.8619201725997843, 0.8211914418764351, 0.8463569638381669]
2023-06-17 04:05:02,591|INFO|nn.computeOptunaObjective|Trial 83 timings:|8.174445399999968
2023-06-17 04:05:02,591|INFO|nn.computeOptunaObjective|Trial 83 objective:|0.7126594932953993
2023-06-17 04:05:08,082|INFO|nn.computeOptunaObjective|Trial 84 params:|{'n_layers': 3, 'architecture': 'bottom', 'lr': 0.0001, 'n_epochs': 100}
2023-06-17 04:05:08,082|INFO|nn.computeOptunaObjective|Trial 84 balacc:|[0.5, 0.5, 0.5, 0.5, 0.5, 0.5, 0.5, 0.5]
2023-06-17 04:05:08,082|INFO|nn.computeOptunaObjective|Trial 84 rocauc:|[0.5490992911581304, 0.5854265464589087, 0.6493763492444232, 0.6125287356321838, 0.5786112610181687, 0.569848975188781, 0.6107920770831993, 0.5960839598997494]
2023-06-17 04:05:08,082|INFO|nn.computeOptunaObjective|Trial 84 timings:|5.488796999999977
2023-06-17 04:05:08,082|INFO|nn.computeOptunaObjective|Trial 84 objective:|0.5
2023-06-17 04:05:13,611|INFO|nn.computeOptunaObjective|Trial 85 params:|{'n_layers': 4, 'architecture': 'linear', 'lr': 0.001, 'n_epochs': 100}
2023-06-17 04:05:13,611|INFO|nn.computeOptunaObjective|Trial 85 balacc:|[0.6828199115280073, 0.6757777893584866, 0.7568961381626289, 0.7899425287356322, 0.6581219643820831, 0.7657766990291262, 0.6620549797205948, 0.7490288220551378]
2023-06-17 04:05:13,611|INFO|nn.computeOptunaObjective|Trial 85 rocauc:|[0.8279992538506634, 0.8547735681901089, 0.8776085392180378, 0.8917816091954023, 0.7844936139593451, 0.8674937072995326, 0.8167578703405654, 0.8493510562119586]
2023-06-17 04:05:13,611|INFO|nn.computeOptunaObjective|Trial 85 timings:|5.507978399999956
2023-06-17 04:05:13,611|INFO|nn.computeOptunaObjective|Trial 85 objective:|0.7175523541214621
2023-06-17 04:05:21,631|INFO|nn.computeOptunaObjective|Trial 86 params:|{'n_layers': 3, 'architecture': 'linear', 'lr': 0.001, 'n_epochs': 150}
2023-06-17 04:05:21,631|INFO|nn.computeOptunaObjective|Trial 86 balacc:|[0.6529739380696051, 0.6644952837563187, 0.7167186375629647, 0.7913793103448276, 0.6271811476884331, 0.7551240560949299, 0.7020064808257688, 0.7436716791979949]
2023-06-17 04:05:21,631|INFO|nn.computeOptunaObjective|Trial 86 rocauc:|[0.8242818312636572, 0.8414325915889311, 0.8749700167905973, 0.9032183908045976, 0.8019427954668107, 0.8689320388349514, 0.8204832721732227, 0.8477622627998568]
2023-06-17 04:05:21,631|INFO|nn.computeOptunaObjective|Trial 86 timings:|8.016706
2023-06-17 04:05:21,631|INFO|nn.computeOptunaObjective|Trial 86 objective:|0.7066938166926053
2023-06-17 04:05:27,182|INFO|nn.computeOptunaObjective|Trial 87 params:|{'n_layers': 4, 'architecture': 'inner', 'lr': 0.0001, 'n_epochs': 100}
2023-06-17 04:05:27,182|INFO|nn.computeOptunaObjective|Trial 87 balacc:|[0.5, 0.5, 0.5, 0.5, 0.5, 0.5, 0.5, 0.5]
2023-06-17 04:05:27,182|INFO|nn.computeOptunaObjective|Trial 87 rocauc:|[0.7435244896871502, 0.7535176403147636, 0.8489445910290236, 0.8375862068965517, 0.6520057564310127, 0.7624056094929882, 0.7276272023004784, 0.750765306122449]
2023-06-17 04:05:27,182|INFO|nn.computeOptunaObjective|Trial 87 timings:|5.552609699999948
2023-06-17 04:05:27,182|INFO|nn.computeOptunaObjective|Trial 87 objective:|0.5
2023-06-17 04:05:37,973|INFO|nn.computeOptunaObjective|Trial 88 params:|{'n_layers': 4, 'architecture': 'bottom', 'lr': 0.0001, 'n_epochs': 200}
2023-06-17 04:05:37,973|INFO|nn.computeOptunaObjective|Trial 88 balacc:|[0.5620103394979481, 0.5507973318046797, 0.5, 0.5756896551724138, 0.5, 0.5, 0.5511727719478959, 0.6040413533834587]
2023-06-17 04:05:37,973|INFO|nn.computeOptunaObjective|Trial 88 rocauc:|[0.7455231039812398, 0.7700896346865392, 0.8596186135763971, 0.844655172413793, 0.6843856808778558, 0.7819129809421071, 0.7378248460267388, 0.7660132474042249]
2023-06-17 04:05:37,973|INFO|nn.computeOptunaObjective|Trial 88 timings:|10.783066599999984
2023-06-17 04:05:37,973|INFO|nn.computeOptunaObjective|Trial 88 objective:|0.5429639314757995
2023-06-17 04:05:46,187|INFO|nn.computeOptunaObjective|Trial 89 params:|{'n_layers': 4, 'architecture': 'outer', 'lr': 0.001, 'n_epochs': 150}
2023-06-17 04:05:46,187|INFO|nn.computeOptunaObjective|Trial 89 balacc:|[0.6592762351436338, 0.68222679660222, 0.7294015351403214, 0.7685057471264368, 0.6256520957006656, 0.76415857605178, 0.6820618468207472, 0.7572055137844611]
2023-06-17 04:05:46,187|INFO|nn.computeOptunaObjective|Trial 89 rocauc:|[0.8254143793636413, 0.8507608525717858, 0.8899916047013673, 0.8964942528735631, 0.7728008634646519, 0.8644372527867673, 0.8166548638382798, 0.8474400286430361]
2023-06-17 04:05:46,187|INFO|nn.computeOptunaObjective|Trial 89 timings:|8.205057900000043
2023-06-17 04:05:46,187|INFO|nn.computeOptunaObjective|Trial 89 objective:|0.7085610432962832
2023-06-17 04:05:46,187|INFO|mtg.runMTGExperiment|Best trial number:|45
2023-06-17 04:05:46,187|INFO|mtg.runMTGExperiment|Best trial objective:|0.7243694769207114
2023-06-17 04:05:46,187|INFO|mtg.runMTGExperiment|Best trial params:|{'n_layers': 4, 'architecture': 'bottom', 'lr': 0.001, 'n_epochs': 100}
2023-06-17 04:05:46,234|INFO|nn.loadModellingDataset|Trainval descriptors loaded (features, instances):|1024|6163
2023-06-17 04:05:46,234|INFO|nn.loadModellingDataset|Trainval endpoints loaded (tasks, instances):|8|6163
2023-06-17 04:05:46,234|INFO|nn.loadModellingDataset|Test descriptors loaded (features, instances):|1024|700
2023-06-17 04:05:46,234|INFO|nn.loadModellingDataset|Test endpoints loaded (tasks, instances):|8|700
2023-06-17 04:05:46,234|INFO|mtg.runMTGExperiment|Final neural network hyperparams:|{'n_layers': 4, 'architecture': 'bottom', 'lr': 0.001, 'n_epochs': 100, 'best_trial_num': 45}
2023-06-17 04:05:52,254|INFO|nn.testFinalModel|Final model test balacc:|[0.629851362510322, 0.5, 0.4947916666666667, 0.7191287878787879, 0.5, 0.6888059701492537, 0.7546365422396857, 0.7711956521739131]
2023-06-17 04:05:52,254|INFO|nn.testFinalModel|Final model test rocauc:|[0.8554913294797688, 0.8303121852970795, 0.9157986111111112, 0.8553030303030303, 0.7890314020344981, 0.8574626865671642, 0.8452946954813361, 0.8525621118012423]
2023-06-17 04:05:52,259|INFO|mtg.runMTGExperiment|Mechanistic task grouping experiment timing:|749.403064
2023-06-17 04:05:52,259|INFO|mtg.runMTGExperiment|DONE
