2023-06-17 04:05:55,076|INFO|__main__.startLogging|>>>> START LOGGING A GMTAMES EXPERIMENT
2023-06-17 04:05:55,076|INFO|__main__.startLogging|mode:|mtg
2023-06-17 04:05:55,076|INFO|__main__.startLogging|tasks:|TA100,TA102,TA104,TA1535,TA1537,TA1538,TA97,TA98
2023-06-17 04:05:55,076|INFO|__main__.startLogging|testsplit:|scaffold
2023-06-17 04:05:55,076|INFO|__main__.startLogging|output:|mtg_experiment_scaffold
2023-06-17 04:05:55,076|INFO|__main__.startLogging|device:|titanv
2023-06-17 04:05:55,076|INFO|__main__.startLogging|DONE
2023-06-17 04:05:55,076|INFO|mtg.runMTGExperiment|>>>> RUNNING MECHANISTIC TASK GROUPING EXPERIMENT
2023-06-17 04:05:59,139|INFO|mtg.runMTGExperiment|Device confirmed:|cuda:0
2023-06-17 04:06:00,404|INFO|nn.loadModellingDataset|Train descriptors loaded (features, instances):|1024|6071
2023-06-17 04:06:00,404|INFO|nn.loadModellingDataset|Train endpoints loaded (tasks, instances):|8|6071
2023-06-17 04:06:00,420|INFO|nn.loadModellingDataset|Val descriptors loaded (features, instances):|1024|2568
2023-06-17 04:06:00,420|INFO|nn.loadModellingDataset|Val endpoints loaded (tasks, instances):|8|2568
2023-06-17 04:06:12,601|INFO|nn.computeOptunaObjective|Trial 0 params:|{'n_layers': 2, 'architecture': 'top', 'lr': 0.001, 'n_epochs': 200}
2023-06-17 04:06:12,601|INFO|nn.computeOptunaObjective|Trial 0 balacc:|[0.7229634121689914, 0.6837173579109063, 0.8159090909090909, 0.6983448300384013, 0.6497628311037681, 0.7267630127128808, 0.6596510163698507, 0.6905641751968926]
2023-06-17 04:06:12,601|INFO|nn.computeOptunaObjective|Trial 0 rocauc:|[0.7975220672461425, 0.7642857142857142, 0.8765151515151514, 0.8263938273360831, 0.8270132707989126, 0.8572199568241784, 0.7983450260838281, 0.8333483551149167]
2023-06-17 04:06:12,601|INFO|nn.computeOptunaObjective|Trial 0 timings:|12.1798711
2023-06-17 04:06:12,601|INFO|nn.computeOptunaObjective|Trial 0 objective:|0.7059594658013477
2023-06-17 04:06:18,576|INFO|nn.computeOptunaObjective|Trial 1 params:|{'n_layers': 4, 'architecture': 'top', 'lr': 0.001, 'n_epochs': 100}
2023-06-17 04:06:18,576|INFO|nn.computeOptunaObjective|Trial 1 balacc:|[0.7509062731621858, 0.7230414746543778, 0.7742424242424242, 0.6638991608590528, 0.6901348398443745, 0.7275725593667546, 0.744243568987228, 0.7237708963711668]
2023-06-17 04:06:18,576|INFO|nn.computeOptunaObjective|Trial 1 rocauc:|[0.8064753048985916, 0.7969278033794163, 0.865909090909091, 0.77391196131418, 0.81011831796621, 0.8530822739266012, 0.7978053606763806, 0.8267452091246593]
2023-06-17 04:06:18,576|INFO|nn.computeOptunaObjective|Trial 1 timings:|5.985346700000001
2023-06-17 04:06:18,576|INFO|nn.computeOptunaObjective|Trial 1 objective:|0.7247263996859455
2023-06-17 04:06:24,464|INFO|nn.computeOptunaObjective|Trial 2 params:|{'n_layers': 3, 'architecture': 'outer', 'lr': 0.001, 'n_epochs': 100}
2023-06-17 04:06:24,464|INFO|nn.computeOptunaObjective|Trial 2 balacc:|[0.7252779462300384, 0.6899385560675884, 0.7681818181818182, 0.6856866021903001, 0.6898950061290838, 0.7262532981530343, 0.6991815074653714, 0.7285649906650358]
2023-06-17 04:06:24,464|INFO|nn.computeOptunaObjective|Trial 2 rocauc:|[0.8152516676773802, 0.7816436251920122, 0.8446969696969697, 0.8209002986772863, 0.8113441347332516, 0.8509834492684096, 0.7818402590393956, 0.8375244103950727]
2023-06-17 04:06:24,464|INFO|nn.computeOptunaObjective|Trial 2 timings:|5.871783700000002
2023-06-17 04:06:24,464|INFO|nn.computeOptunaObjective|Trial 2 objective:|0.7141224656352838
2023-06-17 04:06:30,164|INFO|nn.computeOptunaObjective|Trial 3 params:|{'n_layers': 4, 'architecture': 'bottom', 'lr': 0.0001, 'n_epochs': 100}
2023-06-17 04:06:30,164|INFO|nn.computeOptunaObjective|Trial 3 balacc:|[0.5, 0.49731182795698925, 0.5, 0.5, 0.5, 0.5, 0.5, 0.5]
2023-06-17 04:06:30,164|INFO|nn.computeOptunaObjective|Trial 3 rocauc:|[0.5732497810120611, 0.5239631336405529, 0.5393939393939394, 0.6467429953064998, 0.4996668976176518, 0.5497121611897338, 0.5626911314984709, 0.5523144273482263]
2023-06-17 04:06:30,164|INFO|nn.computeOptunaObjective|Trial 3 timings:|5.707768800000004
2023-06-17 04:06:30,164|INFO|nn.computeOptunaObjective|Trial 3 objective:|0.49966397849462363
2023-06-17 04:06:38,825|INFO|nn.computeOptunaObjective|Trial 4 params:|{'n_layers': 2, 'architecture': 'bottom', 'lr': 0.001, 'n_epochs': 150}
2023-06-17 04:06:38,825|INFO|nn.computeOptunaObjective|Trial 4 balacc:|[0.6962266693619028, 0.6408602150537634, 0.8075757575757576, 0.6666992604181482, 0.6365053562863081, 0.7066742624130486, 0.5977693829825508, 0.6823386767956394]
2023-06-17 04:06:38,825|INFO|nn.computeOptunaObjective|Trial 4 rocauc:|[0.7844922848864633, 0.7595238095238095, 0.8537878787878788, 0.8161179064144503, 0.8165138837072963, 0.8546414008155432, 0.7978053606763806, 0.825569218223567]
2023-06-17 04:06:38,825|INFO|nn.computeOptunaObjective|Trial 4 timings:|8.652273199999996
2023-06-17 04:06:38,825|INFO|nn.computeOptunaObjective|Trial 4 objective:|0.6793311976108899
2023-06-17 04:06:50,390|INFO|nn.computeOptunaObjective|Trial 5 params:|{'n_layers': 3, 'architecture': 'outer', 'lr': 0.0001, 'n_epochs': 200}
2023-06-17 04:06:50,390|INFO|nn.computeOptunaObjective|Trial 5 balacc:|[0.6641297756215888, 0.6391705069124424, 0.7022727272727273, 0.5696291423695065, 0.6263390715770399, 0.655942672103622, 0.600827486958086, 0.6546943067447799]
2023-06-17 04:06:50,390|INFO|nn.computeOptunaObjective|Trial 5 rocauc:|[0.7607101947308134, 0.8116743471582182, 0.8583333333333333, 0.7594047788365809, 0.77838032297607, 0.8374910050371792, 0.7817952869221082, 0.8005987252945342]
2023-06-17 04:06:50,390|INFO|nn.computeOptunaObjective|Trial 5 timings:|11.561208700000002
2023-06-17 04:06:50,390|INFO|nn.computeOptunaObjective|Trial 5 objective:|0.6391257111949742
2023-06-17 04:06:56,341|INFO|nn.computeOptunaObjective|Trial 6 params:|{'n_layers': 4, 'architecture': 'top', 'lr': 0.0001, 'n_epochs': 100}
2023-06-17 04:06:56,341|INFO|nn.computeOptunaObjective|Trial 6 balacc:|[0.5, 0.5, 0.5, 0.5, 0.5, 0.5, 0.5, 0.5]
2023-06-17 04:06:56,341|INFO|nn.computeOptunaObjective|Trial 6 rocauc:|[0.7301462165622263, 0.7834101382488479, 0.8045454545454546, 0.7321149196415873, 0.7543436550658211, 0.8302350683617175, 0.7480661989566468, 0.7734565119423162]
2023-06-17 04:06:56,341|INFO|nn.computeOptunaObjective|Trial 6 timings:|5.946623799999998
2023-06-17 04:06:56,341|INFO|nn.computeOptunaObjective|Trial 6 objective:|0.5
2023-06-17 04:07:01,973|INFO|nn.computeOptunaObjective|Trial 7 params:|{'n_layers': 3, 'architecture': 'bottom', 'lr': 0.001, 'n_epochs': 100}
2023-06-17 04:07:01,973|INFO|nn.computeOptunaObjective|Trial 7 balacc:|[0.7096287312175729, 0.6729646697388633, 0.8363636363636364, 0.6695171383871427, 0.6475643553802697, 0.7442132405852722, 0.677415002698327, 0.6913667675272002]
2023-06-17 04:07:01,973|INFO|nn.computeOptunaObjective|Trial 7 rocauc:|[0.7914830537025808, 0.7337173579109062, 0.9159090909090909, 0.8018774000853364, 0.7944758300911368, 0.8381506356440394, 0.7929483720093542, 0.8284061889740123]
2023-06-17 04:07:01,973|INFO|nn.computeOptunaObjective|Trial 7 timings:|5.638795999999999
2023-06-17 04:07:01,973|INFO|nn.computeOptunaObjective|Trial 7 objective:|0.7061291927372855
2023-06-17 04:07:07,814|INFO|nn.computeOptunaObjective|Trial 8 params:|{'n_layers': 3, 'architecture': 'linear', 'lr': 0.0001, 'n_epochs': 100}
2023-06-17 04:07:07,814|INFO|nn.computeOptunaObjective|Trial 8 balacc:|[0.5, 0.5, 0.5, 0.5, 0.5, 0.5, 0.5, 0.5]
2023-06-17 04:07:07,814|INFO|nn.computeOptunaObjective|Trial 8 rocauc:|[0.684094737551378, 0.7061443932411674, 0.6969696969696969, 0.7173055041957047, 0.6801817406598093, 0.7726673063084671, 0.6693649937039036, 0.7143093199424881]
2023-06-17 04:07:07,814|INFO|nn.computeOptunaObjective|Trial 8 timings:|5.838134400000001
2023-06-17 04:07:07,814|INFO|nn.computeOptunaObjective|Trial 8 objective:|0.5
2023-06-17 04:07:16,328|INFO|nn.computeOptunaObjective|Trial 9 params:|{'n_layers': 2, 'architecture': 'bottom', 'lr': 0.0001, 'n_epochs': 150}
2023-06-17 04:07:16,328|INFO|nn.computeOptunaObjective|Trial 9 balacc:|[0.5197830334883095, 0.5205069124423963, 0.5825757575757575, 0.5, 0.5, 0.5227272727272727, 0.5, 0.5375995193029893]
2023-06-17 04:07:16,328|INFO|nn.computeOptunaObjective|Trial 9 rocauc:|[0.6734418165891786, 0.7110599078341014, 0.7143939393939394, 0.7047183899871994, 0.6106299632254971, 0.7246941712640921, 0.6281705342687535, 0.6937080194853967]
2023-06-17 04:07:16,328|INFO|nn.computeOptunaObjective|Trial 9 timings:|8.515389499999998
2023-06-17 04:07:16,328|INFO|nn.computeOptunaObjective|Trial 9 objective:|0.5228990619420906
2023-06-17 04:07:27,790|INFO|nn.computeOptunaObjective|Trial 10 params:|{'n_layers': 2, 'architecture': 'bottom', 'lr': 0.001, 'n_epochs': 200}
2023-06-17 04:07:27,790|INFO|nn.computeOptunaObjective|Trial 10 balacc:|[0.700953439795162, 0.6096006144393241, 0.7143939393939394, 0.6976425828473901, 0.6552923306507488, 0.7167186375629647, 0.6140043173232596, 0.6777312817871628]
2023-06-17 04:07:27,790|INFO|nn.computeOptunaObjective|Trial 10 rocauc:|[0.780690317364059, 0.7432411674347158, 0.8318181818181818, 0.8072909258995877, 0.8164072909449448, 0.852182777644519, 0.8029321820471308, 0.8204575205476512]
2023-06-17 04:07:27,790|INFO|nn.computeOptunaObjective|Trial 10 timings:|11.456519900000004
2023-06-17 04:07:27,790|INFO|nn.computeOptunaObjective|Trial 10 objective:|0.6732921429749938
2023-06-17 04:07:37,096|INFO|nn.computeOptunaObjective|Trial 11 params:|{'n_layers': 4, 'architecture': 'linear', 'lr': 0.001, 'n_epochs': 150}
2023-06-17 04:07:37,096|INFO|nn.computeOptunaObjective|Trial 11 balacc:|[0.7417930058621387, 0.7373271889400921, 0.8053030303030303, 0.6688237804010809, 0.6900149229867292, 0.724934036939314, 0.7543622953768663, 0.7309448700615893]
2023-06-17 04:07:37,096|INFO|nn.computeOptunaObjective|Trial 11 rocauc:|[0.8178222491745839, 0.7878648233486943, 0.8757575757575757, 0.7833878537903569, 0.8056147737568619, 0.8513432477812426, 0.7978053606763806, 0.8305993690851735]
2023-06-17 04:07:37,096|INFO|nn.computeOptunaObjective|Trial 11 timings:|9.304013800000007
2023-06-17 04:07:37,096|INFO|nn.computeOptunaObjective|Trial 11 objective:|0.7316878913588551
2023-06-17 04:07:50,908|INFO|nn.computeOptunaObjective|Trial 12 params:|{'n_layers': 2, 'architecture': 'outer', 'lr': 0.001, 'n_epochs': 200}
2023-06-17 04:07:50,908|INFO|nn.computeOptunaObjective|Trial 12 balacc:|[0.7104945758372078, 0.640015360983103, 0.8386363636363636, 0.6821664770302944, 0.6560651281777967, 0.7280822739266011, 0.6185914732865624, 0.6839159638618855]
2023-06-17 04:07:50,908|INFO|nn.computeOptunaObjective|Trial 12 rocauc:|[0.7896890371268781, 0.7613671274961598, 0.8977272727272728, 0.8125977812544447, 0.8172067366625806, 0.8600383785080356, 0.7980751933801044, 0.8293976265585097]
2023-06-17 04:07:50,908|INFO|nn.computeOptunaObjective|Trial 12 timings:|13.812496800000005
2023-06-17 04:07:50,908|INFO|nn.computeOptunaObjective|Trial 12 objective:|0.6947459520924768
2023-06-17 04:08:04,363|INFO|nn.computeOptunaObjective|Trial 13 params:|{'n_layers': 2, 'architecture': 'inner', 'lr': 0.001, 'n_epochs': 200}
2023-06-17 04:08:04,363|INFO|nn.computeOptunaObjective|Trial 13 balacc:|[0.7123037531163667, 0.6373271889400922, 0.7848484848484849, 0.7011538188024463, 0.6552923306507488, 0.7381266490765171, 0.6581219643820831, 0.6890491212257773]
2023-06-17 04:08:04,363|INFO|nn.computeOptunaObjective|Trial 13 rocauc:|[0.7944057004244998, 0.7513824884792626, 0.8553030303030302, 0.8160112359550561, 0.8243484517401268, 0.8546414008155432, 0.7909695988487138, 0.8339535183158437]
2023-06-17 04:08:04,363|INFO|nn.computeOptunaObjective|Trial 13 timings:|13.450391800000006
2023-06-17 04:08:04,363|INFO|nn.computeOptunaObjective|Trial 13 objective:|0.6970279138803146
2023-06-17 04:08:16,188|INFO|nn.computeOptunaObjective|Trial 14 params:|{'n_layers': 3, 'architecture': 'linear', 'lr': 0.0001, 'n_epochs': 200}
2023-06-17 04:08:16,188|INFO|nn.computeOptunaObjective|Trial 14 balacc:|[0.6584495653931676, 0.656989247311828, 0.731060606060606, 0.5, 0.6467915578532217, 0.6987586951307267, 0.6170624212987947, 0.6683297924848173]
2023-06-17 04:08:16,188|INFO|nn.computeOptunaObjective|Trial 14 rocauc:|[0.76281584798868, 0.8009216589861751, 0.865909090909091, 0.7573069264684967, 0.7762218195384535, 0.8376109378747901, 0.7927684835402051, 0.8011609691195091]
2023-06-17 04:08:16,188|INFO|nn.computeOptunaObjective|Trial 14 timings:|11.823928800000004
2023-06-17 04:08:16,188|INFO|nn.computeOptunaObjective|Trial 14 objective:|0.6471802356916453
2023-06-17 04:08:25,037|INFO|nn.computeOptunaObjective|Trial 15 params:|{'n_layers': 3, 'architecture': 'outer', 'lr': 0.0001, 'n_epochs': 150}
2023-06-17 04:08:25,037|INFO|nn.computeOptunaObjective|Trial 15 balacc:|[0.5951418368034499, 0.5151305683563748, 0.6257575757575757, 0.5, 0.5149229867292011, 0.6310865915087551, 0.5395304910955208, 0.6151784373055216]
2023-06-17 04:08:25,037|INFO|nn.computeOptunaObjective|Trial 15 rocauc:|[0.7294656694292837, 0.7946236559139784, 0.8159090909090909, 0.741430806428673, 0.744323935404786, 0.8218997361477572, 0.7457276488577081, 0.773280542500912]
2023-06-17 04:08:25,037|INFO|nn.computeOptunaObjective|Trial 15 timings:|8.84184780000001
2023-06-17 04:08:25,037|INFO|nn.computeOptunaObjective|Trial 15 objective:|0.5670935609445499
2023-06-17 04:08:34,062|INFO|nn.computeOptunaObjective|Trial 16 params:|{'n_layers': 2, 'architecture': 'inner', 'lr': 0.0001, 'n_epochs': 150}
2023-06-17 04:08:34,062|INFO|nn.computeOptunaObjective|Trial 16 balacc:|[0.5573748399703524, 0.5347926267281106, 0.6196969696969696, 0.5, 0.5078478921281245, 0.5214080115135524, 0.5, 0.5614390866756798]
2023-06-17 04:08:34,062|INFO|nn.computeOptunaObjective|Trial 16 rocauc:|[0.7094164813691799, 0.7574500768049155, 0.7666666666666666, 0.74057744275352, 0.7072829504876619, 0.7910170304629408, 0.6833962942975355, 0.7407691152170648]
2023-06-17 04:08:34,062|INFO|nn.computeOptunaObjective|Trial 16 timings:|9.02507030000001
2023-06-17 04:08:34,062|INFO|nn.computeOptunaObjective|Trial 16 objective:|0.5378199283390988
2023-06-17 04:08:42,771|INFO|nn.computeOptunaObjective|Trial 17 params:|{'n_layers': 2, 'architecture': 'linear', 'lr': 0.001, 'n_epochs': 150}
2023-06-17 04:08:42,771|INFO|nn.computeOptunaObjective|Trial 17 balacc:|[0.7183141297756216, 0.62926267281106, 0.7931818181818182, 0.6666992604181482, 0.6309758567393273, 0.7267630127128808, 0.6449451340169096, 0.6900384128414773]
2023-06-17 04:08:42,771|INFO|nn.computeOptunaObjective|Trial 17 rocauc:|[0.7942052422343508, 0.755837173579109, 0.8704545454545455, 0.8133444744702034, 0.8221366519213344, 0.8605181098584793, 0.800233855009894, 0.8340136054421768]
2023-06-17 04:08:42,771|INFO|nn.computeOptunaObjective|Trial 17 timings:|8.700250000000011
2023-06-17 04:08:42,771|INFO|nn.computeOptunaObjective|Trial 17 objective:|0.6875225371871554
2023-06-17 04:08:54,454|INFO|nn.computeOptunaObjective|Trial 18 params:|{'n_layers': 4, 'architecture': 'linear', 'lr': 0.001, 'n_epochs': 200}
2023-06-17 04:08:54,454|INFO|nn.computeOptunaObjective|Trial 18 balacc:|[0.7353345461896099, 0.6588325652841782, 0.7681818181818182, 0.7018560659934575, 0.6711080317646432, 0.714080115135524, 0.744243568987228, 0.70321036932123]
2023-06-17 04:08:54,454|INFO|nn.computeOptunaObjective|Trial 18 rocauc:|[0.8129118657772386, 0.8108294930875576, 0.8431818181818181, 0.8051130706869577, 0.8272797527047914, 0.8514331974094507, 0.7901601007375427, 0.8396210219103414]
2023-06-17 04:08:54,454|INFO|nn.computeOptunaObjective|Trial 18 timings:|11.683252799999991
2023-06-17 04:08:54,454|INFO|nn.computeOptunaObjective|Trial 18 objective:|0.7121058851072111
2023-06-17 04:09:00,499|INFO|nn.computeOptunaObjective|Trial 19 params:|{'n_layers': 3, 'architecture': 'top', 'lr': 0.001, 'n_epochs': 100}
2023-06-17 04:09:00,499|INFO|nn.computeOptunaObjective|Trial 19 balacc:|[0.7326696314264537, 0.6907834101382488, 0.8075757575757576, 0.7074918219314464, 0.7000612908383521, 0.752938354521468, 0.689062781075733, 0.727174402884182]
2023-06-17 04:09:00,499|INFO|nn.computeOptunaObjective|Trial 19 rocauc:|[0.81756957078364, 0.7749615975422427, 0.8583333333333334, 0.8119755369079789, 0.8150748814155518, 0.8517630127128808, 0.7794567368231697, 0.8443593210154723]
2023-06-17 04:09:00,499|INFO|nn.computeOptunaObjective|Trial 19 timings:|6.030711200000013
2023-06-17 04:09:00,499|INFO|nn.computeOptunaObjective|Trial 19 objective:|0.7259696812989552
2023-06-17 04:09:12,214|INFO|nn.computeOptunaObjective|Trial 20 params:|{'n_layers': 3, 'architecture': 'top', 'lr': 0.0001, 'n_epochs': 200}
2023-06-17 04:09:12,214|INFO|nn.computeOptunaObjective|Trial 20 balacc:|[0.7106495519169868, 0.6685867895545314, 0.7992424242424242, 0.6146529654387711, 0.6687896391834994, 0.7088030702806428, 0.6682406907717215, 0.6979527457670766]
2023-06-17 04:09:12,214|INFO|nn.computeOptunaObjective|Trial 20 rocauc:|[0.7986052152819891, 0.7978494623655913, 0.8742424242424243, 0.7851656947802589, 0.7994323935404785, 0.8461261693451667, 0.7936679258859507, 0.8257838151033284]
2023-06-17 04:09:12,214|INFO|nn.computeOptunaObjective|Trial 20 timings:|11.71687270000001
2023-06-17 04:09:12,214|INFO|nn.computeOptunaObjective|Trial 20 objective:|0.6921147346444567
2023-06-17 04:09:21,133|INFO|nn.computeOptunaObjective|Trial 21 params:|{'n_layers': 3, 'architecture': 'outer', 'lr': 0.001, 'n_epochs': 150}
2023-06-17 04:09:21,133|INFO|nn.computeOptunaObjective|Trial 21 balacc:|[0.7277777777777779, 0.6934715821812596, 0.7454545454545455, 0.6821753662352439, 0.6678969247988061, 0.7315303430079156, 0.7022396114409066, 0.7215777162600057]
2023-06-17 04:09:21,133|INFO|nn.computeOptunaObjective|Trial 21 rocauc:|[0.8081985715248298, 0.7614439324116743, 0.7731060606060606, 0.813877826767174, 0.8213905025848746, 0.8474754137682897, 0.7798614858787551, 0.840784136998648]
2023-06-17 04:09:21,133|INFO|nn.computeOptunaObjective|Trial 21 timings:|8.912193699999989
2023-06-17 04:09:21,133|INFO|nn.computeOptunaObjective|Trial 21 objective:|0.7090154833945577
2023-06-17 04:09:27,161|INFO|nn.computeOptunaObjective|Trial 22 params:|{'n_layers': 4, 'architecture': 'inner', 'lr': 0.001, 'n_epochs': 100}
2023-06-17 04:09:27,161|INFO|nn.computeOptunaObjective|Trial 22 balacc:|[0.7322417626844553, 0.7319508448540706, 0.7742424242424242, 0.6526543165979235, 0.679848638277461, 0.7362976733029503, 0.7295376866342868, 0.7106611729865447]
2023-06-17 04:09:27,161|INFO|nn.computeOptunaObjective|Trial 22 rocauc:|[0.8146620847651774, 0.7837173579109062, 0.8765151515151515, 0.776649836438629, 0.7954618131428876, 0.8408491244902855, 0.7912394315524376, 0.8263503508658985]
2023-06-17 04:09:27,161|INFO|nn.computeOptunaObjective|Trial 22 timings:|6.0277332
2023-06-17 04:09:27,161|INFO|nn.computeOptunaObjective|Trial 22 objective:|0.7184293149475145
2023-06-17 04:09:36,213|INFO|nn.computeOptunaObjective|Trial 23 params:|{'n_layers': 4, 'architecture': 'top', 'lr': 0.001, 'n_epochs': 150}
2023-06-17 04:09:36,213|INFO|nn.computeOptunaObjective|Trial 23 balacc:|[0.7472980257395054, 0.6961597542242703, 0.7227272727272727, 0.6899178637462665, 0.6546394499813463, 0.7241244902854402, 0.7503597769382983, 0.7078799974248374]
2023-06-17 04:09:36,213|INFO|nn.computeOptunaObjective|Trial 23 rocauc:|[0.8126827707027828, 0.7923195084485407, 0.8712121212121212, 0.7909258995875409, 0.810518040825028, 0.8565603262173183, 0.8080140313005937, 0.8432326873967252]
2023-06-17 04:09:36,213|INFO|nn.computeOptunaObjective|Trial 23 timings:|9.051014100000003
2023-06-17 04:09:36,213|INFO|nn.computeOptunaObjective|Trial 23 objective:|0.7116383288834046
2023-06-17 04:09:47,870|INFO|nn.computeOptunaObjective|Trial 24 params:|{'n_layers': 2, 'architecture': 'inner', 'lr': 0.0001, 'n_epochs': 200}
2023-06-17 04:09:47,870|INFO|nn.computeOptunaObjective|Trial 24 balacc:|[0.6158682029512836, 0.6356374807987711, 0.7022727272727273, 0.5063291139240507, 0.547087352768747, 0.6638582393859439, 0.5395304910955208, 0.6121483293632911]
2023-06-17 04:09:47,870|INFO|nn.computeOptunaObjective|Trial 24 rocauc:|[0.7314668822855602, 0.7890937019969277, 0.8469696969696969, 0.7664272507466933, 0.7579944571763576, 0.8337131206524346, 0.7440187084007915, 0.7715551835876306]
2023-06-17 04:09:47,870|INFO|nn.computeOptunaObjective|Trial 24 timings:|11.647591500000004
2023-06-17 04:09:47,870|INFO|nn.computeOptunaObjective|Trial 24 objective:|0.6028414921950419
2023-06-17 04:09:59,561|INFO|nn.computeOptunaObjective|Trial 25 params:|{'n_layers': 3, 'architecture': 'bottom', 'lr': 0.0001, 'n_epochs': 200}
2023-06-17 04:09:59,561|INFO|nn.computeOptunaObjective|Trial 25 balacc:|[0.602543629135503, 0.6043778801843318, 0.6628787878787878, 0.5, 0.5400122581676704, 0.6170844327176781, 0.542588595071056, 0.6024077769909226]
2023-06-17 04:09:59,561|INFO|nn.computeOptunaObjective|Trial 25 rocauc:|[0.7162590121959438, 0.7789554531490015, 0.8287878787878787, 0.739421846110084, 0.7213798433086392, 0.8008515231470377, 0.7085806799784135, 0.7485589819524023]
2023-06-17 04:09:59,561|INFO|nn.computeOptunaObjective|Trial 25 timings:|11.692946599999999
2023-06-17 04:09:59,561|INFO|nn.computeOptunaObjective|Trial 25 objective:|0.5839866700182437
2023-06-17 04:10:08,168|INFO|nn.computeOptunaObjective|Trial 26 params:|{'n_layers': 2, 'architecture': 'outer', 'lr': 0.0001, 'n_epochs': 150}
2023-06-17 04:10:08,168|INFO|nn.computeOptunaObjective|Trial 26 balacc:|[0.5533286166700357, 0.5205069124423963, 0.6196969696969696, 0.5, 0.5078478921281245, 0.5, 0.5, 0.5725702268289019]
2023-06-17 04:10:08,168|INFO|nn.computeOptunaObjective|Trial 26 rocauc:|[0.7030793073243043, 0.7531490015360983, 0.759090909090909, 0.7379284596785664, 0.6973698235889783, 0.7811225713600384, 0.6815974096060442, 0.7413227751668491]
2023-06-17 04:10:08,168|INFO|nn.computeOptunaObjective|Trial 26 timings:|8.604273000000006
2023-06-17 04:10:08,168|INFO|nn.computeOptunaObjective|Trial 26 objective:|0.5342438272208034
2023-06-17 04:10:14,135|INFO|nn.computeOptunaObjective|Trial 27 params:|{'n_layers': 3, 'architecture': 'inner', 'lr': 0.0001, 'n_epochs': 100}
2023-06-17 04:10:14,135|INFO|nn.computeOptunaObjective|Trial 27 balacc:|[0.5, 0.5, 0.5227272727272727, 0.5, 0.5, 0.5, 0.5, 0.5]
2023-06-17 04:10:14,135|INFO|nn.computeOptunaObjective|Trial 27 rocauc:|[0.6835489522269389, 0.6972350230414747, 0.6954545454545454, 0.7143187313326695, 0.6780232372221926, 0.7705085152314703, 0.6643281165677279, 0.7127470546578253]
2023-06-17 04:10:14,135|INFO|nn.computeOptunaObjective|Trial 27 timings:|5.961899599999981
2023-06-17 04:10:14,135|INFO|nn.computeOptunaObjective|Trial 27 objective:|0.5028409090909091
2023-06-17 04:10:22,975|INFO|nn.computeOptunaObjective|Trial 28 params:|{'n_layers': 3, 'architecture': 'top', 'lr': 0.001, 'n_epochs': 150}
2023-06-17 04:10:22,975|INFO|nn.computeOptunaObjective|Trial 28 balacc:|[0.7332827976551446, 0.6845622119815669, 0.8053030303030303, 0.729999288863604, 0.6592762351436338, 0.7415747181578316, 0.7022396114409066, 0.7165067919912445]
2023-06-17 04:10:22,975|INFO|nn.computeOptunaObjective|Trial 28 rocauc:|[0.8054191092244458, 0.7655145929339477, 0.846969696969697, 0.8151578722799033, 0.8247481745989448, 0.8548812664907651, 0.773610361575823, 0.8395459130024249]
2023-06-17 04:10:22,975|INFO|nn.computeOptunaObjective|Trial 28 timings:|8.833763500000032
2023-06-17 04:10:22,975|INFO|nn.computeOptunaObjective|Trial 28 objective:|0.7215930856921203
2023-06-17 04:10:29,074|INFO|nn.computeOptunaObjective|Trial 29 params:|{'n_layers': 4, 'architecture': 'outer', 'lr': 0.001, 'n_epochs': 100}
2023-06-17 04:10:29,074|INFO|nn.computeOptunaObjective|Trial 29 balacc:|[0.7382622464793478, 0.7087557603686636, 0.8196969696969697, 0.6730461527520979, 0.6775302456963173, 0.7275725593667546, 0.744243568987228, 0.7151441018047597]
2023-06-17 04:10:29,074|INFO|nn.computeOptunaObjective|Trial 29 rocauc:|[0.8094804932282192, 0.7929339477726575, 0.8856060606060606, 0.7626048926184043, 0.803136492032191, 0.8468757495802351, 0.7986148587875517, 0.8246249919526171]
2023-06-17 04:10:29,074|INFO|nn.computeOptunaObjective|Trial 29 timings:|6.099921900000027
2023-06-17 04:10:29,074|INFO|nn.computeOptunaObjective|Trial 29 objective:|0.7255314506440174
2023-06-17 04:10:40,921|INFO|nn.computeOptunaObjective|Trial 30 params:|{'n_layers': 4, 'architecture': 'linear', 'lr': 0.0001, 'n_epochs': 200}
2023-06-17 04:10:40,921|INFO|nn.computeOptunaObjective|Trial 30 balacc:|[0.700505356781888, 0.7033794162826421, 0.7598484848484848, 0.6146618546437207, 0.6743191387304802, 0.7074838090669225, 0.666711638783954, 0.6847185561921929]
2023-06-17 04:10:40,921|INFO|nn.computeOptunaObjective|Trial 30 rocauc:|[0.7860555218651034, 0.7898617511520737, 0.8628787878787879, 0.7609159436779974, 0.784216276714811, 0.8364715759174862, 0.7891707141572224, 0.8111955192171506]
2023-06-17 04:10:40,921|INFO|nn.computeOptunaObjective|Trial 30 timings:|11.850325400000031
2023-06-17 04:10:40,921|INFO|nn.computeOptunaObjective|Trial 30 objective:|0.6889535319162856
2023-06-17 04:10:47,044|INFO|nn.computeOptunaObjective|Trial 31 params:|{'n_layers': 3, 'architecture': 'top', 'lr': 0.0001, 'n_epochs': 100}
2023-06-17 04:10:47,044|INFO|nn.computeOptunaObjective|Trial 31 balacc:|[0.5367259618624082, 0.5115975422427035, 0.5515151515151515, 0.5, 0.5, 0.5, 0.5147058823529411, 0.533517886649928]
2023-06-17 04:10:47,044|INFO|nn.computeOptunaObjective|Trial 31 rocauc:|[0.7133616333131192, 0.7660522273425499, 0.7727272727272727, 0.7299459536339068, 0.7336646591696425, 0.8198608779083714, 0.7176650476704443, 0.7641988025494109]
2023-06-17 04:10:47,044|INFO|nn.computeOptunaObjective|Trial 31 timings:|6.1171578000000295
2023-06-17 04:10:47,044|INFO|nn.computeOptunaObjective|Trial 31 objective:|0.5185078030778916
2023-06-17 04:10:58,890|INFO|nn.computeOptunaObjective|Trial 32 params:|{'n_layers': 4, 'architecture': 'inner', 'lr': 0.001, 'n_epochs': 200}
2023-06-17 04:10:58,890|INFO|nn.computeOptunaObjective|Trial 32 balacc:|[0.7463648002156189, 0.7060675883256529, 0.8136363636363637, 0.7278836580856208, 0.6711080317646432, 0.7315303430079156, 0.7396564130239252, 0.7015708491598532]
2023-06-17 04:10:58,890|INFO|nn.computeOptunaObjective|Trial 32 rocauc:|[0.8069941378613301, 0.7804915514592934, 0.8393939393939394, 0.8143045086047503, 0.8173399776155199, 0.8606380426960901, 0.7983000539665408, 0.8342925813858666]
2023-06-17 04:10:58,890|INFO|nn.computeOptunaObjective|Trial 32 timings:|11.831217400000014
2023-06-17 04:10:58,890|INFO|nn.computeOptunaObjective|Trial 32 objective:|0.7297272559024492
2023-06-17 04:11:07,761|INFO|nn.computeOptunaObjective|Trial 33 params:|{'n_layers': 3, 'architecture': 'bottom', 'lr': 0.001, 'n_epochs': 150}
2023-06-17 04:11:07,761|INFO|nn.computeOptunaObjective|Trial 33 balacc:|[0.7389529007479281, 0.6934715821812596, 0.8136363636363637, 0.6906201109372777, 0.6961973032031126, 0.7254437514991605, 0.6945943515020687, 0.7241442949419515]
2023-06-17 04:11:07,761|INFO|nn.computeOptunaObjective|Trial 33 rocauc:|[0.8022067246142444, 0.7429339477726575, 0.8962121212121212, 0.8072375906698905, 0.809931780632095, 0.8540417366274886, 0.7659201295196978, 0.835356981909483]
2023-06-17 04:11:07,761|INFO|nn.computeOptunaObjective|Trial 33 timings:|8.8720864
2023-06-17 04:11:07,761|INFO|nn.computeOptunaObjective|Trial 33 objective:|0.7221325823311403
2023-06-17 04:11:19,671|INFO|nn.computeOptunaObjective|Trial 34 params:|{'n_layers': 3, 'architecture': 'inner', 'lr': 0.001, 'n_epochs': 200}
2023-06-17 04:11:19,671|INFO|nn.computeOptunaObjective|Trial 34 balacc:|[0.7356849268917189, 0.6791858678955454, 0.8053030303030303, 0.7131186886644858, 0.6686697223258541, 0.7275725593667546, 0.6945943515020687, 0.7094572844910835]
2023-06-17 04:11:19,671|INFO|nn.computeOptunaObjective|Trial 34 rocauc:|[0.8099807964422883, 0.7335637480798771, 0.8303030303030304, 0.8088465367657517, 0.8111975696850183, 0.8404293595586472, 0.7808508724590754, 0.8370351295092169]
2023-06-17 04:11:19,671|INFO|nn.computeOptunaObjective|Trial 34 timings:|11.909436200000016
2023-06-17 04:11:19,671|INFO|nn.computeOptunaObjective|Trial 34 objective:|0.7166983039300677
2023-06-17 04:11:31,669|INFO|nn.computeOptunaObjective|Trial 35 params:|{'n_layers': 4, 'architecture': 'top', 'lr': 0.001, 'n_epochs': 200}
2023-06-17 04:11:31,669|INFO|nn.computeOptunaObjective|Trial 35 balacc:|[0.7350144868944142, 0.6267281105990783, 0.7681818181818182, 0.6906023325273787, 0.6860310184938443, 0.7228052290717198, 0.6970678179528692, 0.7148672718298675]
2023-06-17 04:11:31,669|INFO|nn.computeOptunaObjective|Trial 35 rocauc:|[0.7977309480493229, 0.7828725038402458, 0.843560606060606, 0.8085265253875694, 0.8120636358791238, 0.8592887982729672, 0.7848084187803562, 0.8390652159917595]
2023-06-17 04:11:31,669|INFO|nn.computeOptunaObjective|Trial 35 timings:|11.984417199999996
2023-06-17 04:11:31,669|INFO|nn.computeOptunaObjective|Trial 35 objective:|0.7051622606938738
2023-06-17 04:11:40,495|INFO|nn.computeOptunaObjective|Trial 36 params:|{'n_layers': 3, 'architecture': 'bottom', 'lr': 0.0001, 'n_epochs': 150}
2023-06-17 04:11:40,495|INFO|nn.computeOptunaObjective|Trial 36 balacc:|[0.5082575298160501, 0.5, 0.5598484848484848, 0.5, 0.5, 0.5113636363636364, 0.5, 0.5117191356037684]
2023-06-17 04:11:40,495|INFO|nn.computeOptunaObjective|Trial 36 rocauc:|[0.6640556566269119, 0.6531490015360983, 0.6553030303030303, 0.7014293841558811, 0.6424479027874007, 0.7407052050851524, 0.6456197157762187, 0.6937166033605869]
2023-06-17 04:11:40,495|INFO|nn.computeOptunaObjective|Trial 36 timings:|8.82251020000001
2023-06-17 04:11:40,495|INFO|nn.computeOptunaObjective|Trial 36 objective:|0.5113985983289924
2023-06-17 04:11:49,266|INFO|nn.computeOptunaObjective|Trial 37 params:|{'n_layers': 3, 'architecture': 'linear', 'lr': 0.0001, 'n_epochs': 150}
2023-06-17 04:11:49,266|INFO|nn.computeOptunaObjective|Trial 37 balacc:|[0.5796475978707634, 0.5294162826420891, 0.6257575757575757, 0.5, 0.5337099610936418, 0.5629047733269369, 0.5263536607303472, 0.5761260971265477]
2023-06-17 04:11:49,266|INFO|nn.computeOptunaObjective|Trial 37 rocauc:|[0.7328582979583586, 0.7953917050691244, 0.8393939393939394, 0.7392440620110937, 0.7579678089857699, 0.8245982249940033, 0.7501349163518618, 0.7735766861949828]
2023-06-17 04:11:49,266|INFO|nn.computeOptunaObjective|Trial 37 timings:|8.780173199999979
2023-06-17 04:11:49,266|INFO|nn.computeOptunaObjective|Trial 37 objective:|0.5542394935684877
2023-06-17 04:12:01,123|INFO|nn.computeOptunaObjective|Trial 38 params:|{'n_layers': 4, 'architecture': 'bottom', 'lr': 0.001, 'n_epochs': 200}
2023-06-17 04:12:01,123|INFO|nn.computeOptunaObjective|Trial 38 balacc:|[0.7369011522134628, 0.7112903225806452, 0.828030303030303, 0.703278338785379, 0.679075840750413, 0.7563864236027824, 0.7534178809138334, 0.7269877035987897]
2023-06-17 04:12:01,123|INFO|nn.computeOptunaObjective|Trial 38 rocauc:|[0.8003082676369517, 0.7654377880184332, 0.8537878787878789, 0.8115132982506045, 0.7921041411288174, 0.8494842887982731, 0.7966360856269113, 0.8275349256421812]
2023-06-17 04:12:01,123|INFO|nn.computeOptunaObjective|Trial 38 timings:|11.851770600000009
2023-06-17 04:12:01,123|INFO|nn.computeOptunaObjective|Trial 38 objective:|0.7369209956844511
2023-06-17 04:12:10,294|INFO|nn.computeOptunaObjective|Trial 39 params:|{'n_layers': 4, 'architecture': 'top', 'lr': 0.0001, 'n_epochs': 150}
2023-06-17 04:12:10,294|INFO|nn.computeOptunaObjective|Trial 39 balacc:|[0.6937942187184152, 0.6882488479262673, 0.7371212121212121, 0.5, 0.6720007461493365, 0.6948009114895658, 0.6418870300413744, 0.6888001888452542]
2023-06-17 04:12:10,294|INFO|nn.computeOptunaObjective|Trial 39 rocauc:|[0.7908260898861262, 0.7872503840245775, 0.8553030303030303, 0.7642227279192149, 0.7830437563289452, 0.8436675461741424, 0.7917790969598848, 0.8156376746282109]
2023-06-17 04:12:10,294|INFO|nn.computeOptunaObjective|Trial 39 timings:|9.159646500000008
2023-06-17 04:12:10,294|INFO|nn.computeOptunaObjective|Trial 39 objective:|0.6645816444114281
2023-06-17 04:12:22,165|INFO|nn.computeOptunaObjective|Trial 40 params:|{'n_layers': 3, 'architecture': 'linear', 'lr': 0.001, 'n_epochs': 200}
2023-06-17 04:12:22,165|INFO|nn.computeOptunaObjective|Trial 40 balacc:|[0.7386126271814568, 0.6907834101382488, 0.7765151515151515, 0.7166388138244916, 0.6922133987102276, 0.752938354521468, 0.7169454937938478, 0.7201248953840211]
2023-06-17 04:12:22,165|INFO|nn.computeOptunaObjective|Trial 40 rocauc:|[0.8056465197762954, 0.7427035330261137, 0.850378787878788, 0.8147489688522259, 0.8181660715237434, 0.8504437514991605, 0.7660550458715597, 0.839000836927831]
2023-06-17 04:12:22,165|INFO|nn.computeOptunaObjective|Trial 40 timings:|11.863955999999973
2023-06-17 04:12:22,165|INFO|nn.computeOptunaObjective|Trial 40 objective:|0.7255965181336141
2023-06-17 04:12:34,160|INFO|nn.computeOptunaObjective|Trial 41 params:|{'n_layers': 4, 'architecture': 'outer', 'lr': 0.001, 'n_epochs': 200}
2023-06-17 04:12:34,160|INFO|nn.computeOptunaObjective|Trial 41 balacc:|[0.7301024189744627, 0.6764976958525346, 0.8053030303030303, 0.7074918219314464, 0.6466716409955764, 0.7502998320940273, 0.7285932721712538, 0.6950471040151076]
2023-06-17 04:12:34,160|INFO|nn.computeOptunaObjective|Trial 41 rocauc:|[0.8042483660130719, 0.7600614439324117, 0.8431818181818183, 0.8138956051770729, 0.8098784842509194, 0.8563504437514992, 0.7940726749415361, 0.8382797914118328]
2023-06-17 04:12:34,160|INFO|nn.computeOptunaObjective|Trial 41 timings:|11.989251700000011
2023-06-17 04:12:34,160|INFO|nn.computeOptunaObjective|Trial 41 objective:|0.71750085204218
2023-06-17 04:12:42,875|INFO|nn.computeOptunaObjective|Trial 42 params:|{'n_layers': 2, 'architecture': 'linear', 'lr': 0.0001, 'n_epochs': 150}
2023-06-17 04:12:42,875|INFO|nn.computeOptunaObjective|Trial 42 balacc:|[0.5551377939491948, 0.5347926267281106, 0.6196969696969696, 0.5, 0.5078478921281245, 0.5327716478771888, 0.5, 0.5751368055108479]
2023-06-17 04:12:42,875|INFO|nn.computeOptunaObjective|Trial 42 rocauc:|[0.7043258540529613, 0.7606758832565284, 0.7803030303030303, 0.7390662779121037, 0.704058519426531, 0.7916766610698008, 0.6849253462853031, 0.7426146483830125]
2023-06-17 04:12:42,875|INFO|nn.computeOptunaObjective|Trial 42 timings:|8.718392499999993
2023-06-17 04:12:42,875|INFO|nn.computeOptunaObjective|Trial 42 objective:|0.5406729669863045
2023-06-17 04:12:51,870|INFO|nn.computeOptunaObjective|Trial 43 params:|{'n_layers': 4, 'architecture': 'linear', 'lr': 0.0001, 'n_epochs': 150}
2023-06-17 04:12:51,870|INFO|nn.computeOptunaObjective|Trial 43 balacc:|[0.6016676773802304, 0.5668970814132105, 0.6484848484848484, 0.5, 0.5, 0.5642240345406573, 0.534943335132218, 0.6024700100860534]
2023-06-17 04:12:51,870|INFO|nn.computeOptunaObjective|Trial 43 rocauc:|[0.7496024526649147, 0.7978494623655914, 0.8363636363636364, 0.7464443180201963, 0.7793929542184087, 0.8350923482849605, 0.7813455657492354, 0.7838172492971952]
2023-06-17 04:12:51,870|INFO|nn.computeOptunaObjective|Trial 43 timings:|8.987958600000013
2023-06-17 04:12:51,870|INFO|nn.computeOptunaObjective|Trial 43 objective:|0.5648358733796522
2023-06-17 04:13:03,740|INFO|nn.computeOptunaObjective|Trial 44 params:|{'n_layers': 4, 'architecture': 'outer', 'lr': 0.0001, 'n_epochs': 200}
2023-06-17 04:13:03,740|INFO|nn.computeOptunaObjective|Trial 44 balacc:|[0.689067448285156, 0.7025345622119815, 0.7886363636363636, 0.5, 0.6813942333315568, 0.7061645478532022, 0.6388289260658392, 0.68150174896457]
2023-06-17 04:13:03,740|INFO|nn.computeOptunaObjective|Trial 44 rocauc:|[0.7807694899265548, 0.7875576036866359, 0.8545454545454545, 0.7660361257289149, 0.7792064168842935, 0.8352722475413769, 0.7835941716135996, 0.8087276550998946]
2023-06-17 04:13:03,740|INFO|nn.computeOptunaObjective|Trial 44 timings:|11.858127500000023
2023-06-17 04:13:03,740|INFO|nn.computeOptunaObjective|Trial 44 objective:|0.6735159787935836
2023-06-17 04:13:09,876|INFO|nn.computeOptunaObjective|Trial 45 params:|{'n_layers': 4, 'architecture': 'bottom', 'lr': 0.001, 'n_epochs': 100}
2023-06-17 04:13:09,876|INFO|nn.computeOptunaObjective|Trial 45 balacc:|[0.7059227814837274, 0.6890937019969278, 0.8196969696969697, 0.6153552126297823, 0.6822869477162501, 0.7170184696569921, 0.7031840259039396, 0.7093607158951909]
2023-06-17 04:13:09,876|INFO|nn.computeOptunaObjective|Trial 45 rocauc:|[0.7866821642746447, 0.785099846390169, 0.8560606060606061, 0.7793877115630778, 0.7751292437243511, 0.8150635644039338, 0.7805360676380644, 0.8127792441897896]
2023-06-17 04:13:09,876|INFO|nn.computeOptunaObjective|Trial 45 timings:|6.139874899999995
2023-06-17 04:13:09,876|INFO|nn.computeOptunaObjective|Trial 45 objective:|0.7052398531224725
2023-06-17 04:13:21,573|INFO|nn.computeOptunaObjective|Trial 46 params:|{'n_layers': 3, 'architecture': 'inner', 'lr': 0.0001, 'n_epochs': 200}
2023-06-17 04:13:21,573|INFO|nn.computeOptunaObjective|Trial 46 balacc:|[0.6721245199110573, 0.6596774193548387, 0.7022727272727273, 0.5414948087043094, 0.6546394499813463, 0.6873950587670904, 0.6023565389458536, 0.6606922895341102]
2023-06-17 04:13:21,573|INFO|nn.computeOptunaObjective|Trial 46 rocauc:|[0.7688295936931474, 0.815668202764977, 0.8727272727272727, 0.7620182050917367, 0.7773676917337313, 0.839889661789398, 0.7881813275769023, 0.8097834717483208]
2023-06-17 04:13:21,573|INFO|nn.computeOptunaObjective|Trial 46 timings:|11.696028399999989
2023-06-17 04:13:21,573|INFO|nn.computeOptunaObjective|Trial 46 objective:|0.6475816015589166
2023-06-17 04:13:30,350|INFO|nn.computeOptunaObjective|Trial 47 params:|{'n_layers': 2, 'architecture': 'top', 'lr': 0.001, 'n_epochs': 150}
2023-06-17 04:13:30,350|INFO|nn.computeOptunaObjective|Trial 47 balacc:|[0.717030523549626, 0.6265745007680492, 0.7143939393939394, 0.6969314464514293, 0.666231412887065, 0.7381266490765171, 0.6596510163698507, 0.7013562522800918]
2023-06-17 04:13:30,350|INFO|nn.computeOptunaObjective|Trial 47 rocauc:|[0.7950458190148912, 0.7576804915514592, 0.8257575757575758, 0.8233003840136538, 0.8269333262271492, 0.8581794195250659, 0.7984349703184026, 0.8324148586879545]
2023-06-17 04:13:30,350|INFO|nn.computeOptunaObjective|Trial 47 timings:|8.77000559999999
2023-06-17 04:13:30,350|INFO|nn.computeOptunaObjective|Trial 47 objective:|0.690036967597071
2023-06-17 04:13:36,128|INFO|nn.computeOptunaObjective|Trial 48 params:|{'n_layers': 2, 'architecture': 'inner', 'lr': 0.001, 'n_epochs': 100}
2023-06-17 04:13:36,128|INFO|nn.computeOptunaObjective|Trial 48 balacc:|[0.7021494508456303, 0.6284178187403994, 0.8613636363636363, 0.6786463518702888, 0.6317486542663753, 0.7167186375629647, 0.6287101996762008, 0.6865447756389622]
2023-06-17 04:13:36,128|INFO|nn.computeOptunaObjective|Trial 48 rocauc:|[0.7907149113941109, 0.7469278033794163, 0.8704545454545456, 0.8188557815388993, 0.8211506688695838, 0.8605181098584792, 0.8033819032200036, 0.8331058606407862]
2023-06-17 04:13:36,128|INFO|nn.computeOptunaObjective|Trial 48 timings:|5.768592799999965
2023-06-17 04:13:36,128|INFO|nn.computeOptunaObjective|Trial 48 objective:|0.6917874406205572
2023-06-17 04:13:47,825|INFO|nn.computeOptunaObjective|Trial 49 params:|{'n_layers': 2, 'architecture': 'outer', 'lr': 0.0001, 'n_epochs': 200}
2023-06-17 04:13:47,825|INFO|nn.computeOptunaObjective|Trial 49 balacc:|[0.6152651438582306, 0.6383256528417819, 0.7022727272727273, 0.5253164556962026, 0.547087352768747, 0.6197229551451187, 0.5248246087425796, 0.6050365887679994]
2023-06-17 04:13:47,825|INFO|nn.computeOptunaObjective|Trial 49 rocauc:|[0.7253823866316286, 0.7708141321044546, 0.8477272727272728, 0.7647383018062864, 0.7479480893247349, 0.8240585272247541, 0.7340348983630149, 0.7637223974763406]
2023-06-17 04:13:47,825|INFO|nn.computeOptunaObjective|Trial 49 timings:|11.687975699999981
2023-06-17 04:13:47,825|INFO|nn.computeOptunaObjective|Trial 49 objective:|0.5972314356366734
2023-06-17 04:13:53,815|INFO|nn.computeOptunaObjective|Trial 50 params:|{'n_layers': 2, 'architecture': 'top', 'lr': 0.001, 'n_epochs': 100}
2023-06-17 04:13:53,815|INFO|nn.computeOptunaObjective|Trial 50 balacc:|[0.7113503133212048, 0.6427035330261137, 0.8242424242424242, 0.6772418574882663, 0.6309758567393273, 0.714080115135524, 0.6170624212987947, 0.6895748835811927]
2023-06-17 04:13:53,815|INFO|nn.computeOptunaObjective|Trial 50 rocauc:|[0.7972727579004111, 0.7592165898617511, 0.868939393939394, 0.8227492533067842, 0.8217635772531046, 0.8666946509954425, 0.799784133837021, 0.8407240498723147]
2023-06-17 04:13:53,815|INFO|nn.computeOptunaObjective|Trial 50 timings:|5.990909999999985
2023-06-17 04:13:53,815|INFO|nn.computeOptunaObjective|Trial 50 objective:|0.6884039256041059
2023-06-17 04:14:05,951|INFO|nn.computeOptunaObjective|Trial 51 params:|{'n_layers': 3, 'architecture': 'top', 'lr': 0.001, 'n_epochs': 200}
2023-06-17 04:14:05,951|INFO|nn.computeOptunaObjective|Trial 51 balacc:|[0.738097163263931, 0.658678955453149, 0.8075757575757576, 0.6969403356563789, 0.7031524809465437, 0.7328496042216359, 0.6875337290879655, 0.7074164681645528]
2023-06-17 04:14:05,951|INFO|nn.computeOptunaObjective|Trial 51 rocauc:|[0.808682029512836, 0.7564516129032258, 0.8696969696969696, 0.8144111790641445, 0.8248014709801206, 0.8523326936915326, 0.7817053426875338, 0.8420373827764546]
2023-06-17 04:14:05,951|INFO|nn.computeOptunaObjective|Trial 51 timings:|12.127362600000026
2023-06-17 04:14:05,951|INFO|nn.computeOptunaObjective|Trial 51 objective:|0.7165305617962394
2023-06-17 04:14:11,861|INFO|nn.computeOptunaObjective|Trial 52 params:|{'n_layers': 2, 'architecture': 'bottom', 'lr': 0.001, 'n_epochs': 100}
2023-06-17 04:14:11,861|INFO|nn.computeOptunaObjective|Trial 52 balacc:|[0.683319857152483, 0.6087557603686635, 0.7537878787878788, 0.6702104963732044, 0.6208095720300592, 0.707993523626769, 0.6216495772620975, 0.6615292173651794]
2023-06-17 04:14:11,861|INFO|nn.computeOptunaObjective|Trial 52 rocauc:|[0.768775688969746, 0.7542242703533028, 0.8462121212121213, 0.8124555539752525, 0.7924772157970473, 0.8632765651235309, 0.7877316064040295, 0.8111225562780316]
2023-06-17 04:14:11,861|INFO|nn.computeOptunaObjective|Trial 52 timings:|5.909394700000007
2023-06-17 04:14:11,861|INFO|nn.computeOptunaObjective|Trial 52 objective:|0.6660069853707918
2023-06-17 04:14:20,653|INFO|nn.computeOptunaObjective|Trial 53 params:|{'n_layers': 2, 'architecture': 'outer', 'lr': 0.001, 'n_epochs': 150}
2023-06-17 04:14:20,653|INFO|nn.computeOptunaObjective|Trial 53 balacc:|[0.7141028232598882, 0.6203533026113671, 0.8075757575757576, 0.6807619826482719, 0.6568379257048447, 0.7595346605900695, 0.6581219643820831, 0.6777935148822936]
2023-06-17 04:14:20,653|INFO|nn.computeOptunaObjective|Trial 53 rocauc:|[0.7922680412371134, 0.7510752688172043, 0.8628787878787878, 0.8152645427392974, 0.8196317220060757, 0.8617174382345886, 0.7992444684295735, 0.8321058391810983]
2023-06-17 04:14:20,653|INFO|nn.computeOptunaObjective|Trial 53 timings:|8.781029099999955
2023-06-17 04:14:20,653|INFO|nn.computeOptunaObjective|Trial 53 objective:|0.696885241456822
2023-06-17 04:14:26,549|INFO|nn.computeOptunaObjective|Trial 54 params:|{'n_layers': 3, 'architecture': 'inner', 'lr': 0.001, 'n_epochs': 100}
2023-06-17 04:14:26,549|INFO|nn.computeOptunaObjective|Trial 54 balacc:|[0.7332726905195068, 0.7015360983102918, 0.8075757575757576, 0.7082029583274072, 0.6906678036561318, 0.7035260254257616, 0.6991815074653714, 0.7194746668383442]
2023-06-17 04:14:26,549|INFO|nn.computeOptunaObjective|Trial 54 rocauc:|[0.8147715787345866, 0.7651305683563748, 0.8325757575757576, 0.8177890769449581, 0.8128897297873474, 0.8516430798752698, 0.7762187443784854, 0.838857057018391]
2023-06-17 04:14:26,549|INFO|nn.computeOptunaObjective|Trial 54 timings:|5.9006562000000145
2023-06-17 04:14:26,549|INFO|nn.computeOptunaObjective|Trial 54 objective:|0.7204296885148216
2023-06-17 04:14:35,421|INFO|nn.computeOptunaObjective|Trial 55 params:|{'n_layers': 3, 'architecture': 'inner', 'lr': 0.001, 'n_epochs': 150}
2023-06-17 04:14:35,421|INFO|nn.computeOptunaObjective|Trial 55 balacc:|[0.7397311501920356, 0.6934715821812596, 0.7454545454545455, 0.7194478025885365, 0.6631402227788733, 0.7302110817941952, 0.7022396114409066, 0.7318440309877894]
2023-06-17 04:14:35,421|INFO|nn.computeOptunaObjective|Trial 55 rocauc:|[0.8071103699211644, 0.7406298003072197, 0.8227272727272726, 0.8172646138529369, 0.8257608058412833, 0.8589289997601344, 0.782065119625832, 0.8419021867422047]
2023-06-17 04:14:35,421|INFO|nn.computeOptunaObjective|Trial 55 timings:|8.859846099999913
2023-06-17 04:14:35,421|INFO|nn.computeOptunaObjective|Trial 55 objective:|0.7156925034272676
2023-06-17 04:14:44,246|INFO|nn.computeOptunaObjective|Trial 56 params:|{'n_layers': 4, 'architecture': 'bottom', 'lr': 0.0001, 'n_epochs': 150}
2023-06-17 04:14:44,246|INFO|nn.computeOptunaObjective|Trial 56 balacc:|[0.5, 0.5, 0.5, 0.5, 0.5, 0.5, 0.5, 0.5071117405952917]
2023-06-17 04:14:44,246|INFO|nn.computeOptunaObjective|Trial 56 rocauc:|[0.6545178896300788, 0.5880184331797236, 0.6075757575757575, 0.7041494808704309, 0.5921894153386985, 0.7015471336051812, 0.6180967799964022, 0.6761861842528809]
2023-06-17 04:14:44,246|INFO|nn.computeOptunaObjective|Trial 56 timings:|8.828163599999925
2023-06-17 04:14:44,246|INFO|nn.computeOptunaObjective|Trial 56 objective:|0.5008889675744115
2023-06-17 04:14:50,181|INFO|nn.computeOptunaObjective|Trial 57 params:|{'n_layers': 2, 'architecture': 'linear', 'lr': 0.001, 'n_epochs': 100}
2023-06-17 04:14:50,181|INFO|nn.computeOptunaObjective|Trial 57 balacc:|[0.7066235428879456, 0.6381720430107527, 0.731060606060606, 0.6758373631062438, 0.6458988434685284, 0.7066742624130486, 0.6170624212987947, 0.6814116182750702]
2023-06-17 04:14:50,181|INFO|nn.computeOptunaObjective|Trial 57 rocauc:|[0.7933259214338657, 0.7546082949308756, 0.8333333333333334, 0.8186246622102118, 0.8163806427543568, 0.8632165987047253, 0.8078791149487317, 0.8340758385373077]
2023-06-17 04:14:50,181|INFO|nn.computeOptunaObjective|Trial 57 timings:|5.92623100000003
2023-06-17 04:14:50,181|INFO|nn.computeOptunaObjective|Trial 57 objective:|0.6753425875651238
2023-06-17 04:15:01,997|INFO|nn.computeOptunaObjective|Trial 58 params:|{'n_layers': 2, 'architecture': 'top', 'lr': 0.0001, 'n_epochs': 200}
2023-06-17 04:15:01,997|INFO|nn.computeOptunaObjective|Trial 58 balacc:|[0.6294656694292837, 0.6302611367127496, 0.6878787878787879, 0.5253164556962026, 0.5870996109364174, 0.6725833533221396, 0.534943335132218, 0.6278868645249898]
2023-06-17 04:15:01,997|INFO|nn.computeOptunaObjective|Trial 58 rocauc:|[0.7498989286436225, 0.8029185867895545, 0.8621212121212121, 0.7763476034703456, 0.7764350050631562, 0.8421084192852003, 0.769293038316244, 0.7883452434601601]
2023-06-17 04:15:01,997|INFO|nn.computeOptunaObjective|Trial 58 timings:|11.800690600000053
2023-06-17 04:15:01,997|INFO|nn.computeOptunaObjective|Trial 58 objective:|0.6119294017040986
2023-06-17 04:15:07,864|INFO|nn.computeOptunaObjective|Trial 59 params:|{'n_layers': 2, 'architecture': 'linear', 'lr': 0.0001, 'n_epochs': 100}
2023-06-17 04:15:07,864|INFO|nn.computeOptunaObjective|Trial 59 balacc:|[0.5, 0.5, 0.5, 0.5, 0.5, 0.5, 0.5, 0.5020408163265306]
2023-06-17 04:15:07,864|INFO|nn.computeOptunaObjective|Trial 59 rocauc:|[0.6519001414998989, 0.6397849462365591, 0.6734848484848485, 0.6940869008675864, 0.6027154506209028, 0.6896737826816983, 0.612160460514481, 0.6661580720616322]
2023-06-17 04:15:07,864|INFO|nn.computeOptunaObjective|Trial 59 timings:|5.863614999999982
2023-06-17 04:15:07,864|INFO|nn.computeOptunaObjective|Trial 59 objective:|0.5002551020408164
2023-06-17 04:15:19,642|INFO|nn.computeOptunaObjective|Trial 60 params:|{'n_layers': 2, 'architecture': 'linear', 'lr': 0.0001, 'n_epochs': 200}
2023-06-17 04:15:19,642|INFO|nn.computeOptunaObjective|Trial 60 balacc:|[0.6014149989892864, 0.5954685099846391, 0.7106060606060606, 0.5063291139240507, 0.5557080424239194, 0.6651775005996642, 0.5217665047670444, 0.6076031674499452]
2023-06-17 04:15:19,642|INFO|nn.computeOptunaObjective|Trial 60 rocauc:|[0.7323125126339195, 0.7898617511520737, 0.8545454545454545, 0.7664628075664912, 0.7495203325694186, 0.8312544974814104, 0.7429393775858967, 0.7713920899590121]
2023-06-17 04:15:19,642|INFO|nn.computeOptunaObjective|Trial 60 timings:|11.780071899999939
2023-06-17 04:15:19,642|INFO|nn.computeOptunaObjective|Trial 60 objective:|0.5955092373430761
2023-06-17 04:15:25,523|INFO|nn.computeOptunaObjective|Trial 61 params:|{'n_layers': 2, 'architecture': 'outer', 'lr': 0.001, 'n_epochs': 100}
2023-06-17 04:15:25,523|INFO|nn.computeOptunaObjective|Trial 61 balacc:|[0.7012937133616333, 0.6319508448540707, 0.8242424242424242, 0.6786463518702888, 0.653746735596653, 0.7093127848404893, 0.631768303651736, 0.6839781969570162]
2023-06-17 04:15:25,523|INFO|nn.computeOptunaObjective|Trial 61 rocauc:|[0.7899366619500034, 0.7586021505376345, 0.8734848484848485, 0.8218425544019342, 0.8186190907637372, 0.8622571360038379, 0.804551178269473, 0.8325264490654306]
2023-06-17 04:15:25,523|INFO|nn.computeOptunaObjective|Trial 61 timings:|5.878107300000011
2023-06-17 04:15:25,523|INFO|nn.computeOptunaObjective|Trial 61 objective:|0.6893674194217889
2023-06-17 04:15:34,363|INFO|nn.computeOptunaObjective|Trial 62 params:|{'n_layers': 4, 'architecture': 'bottom', 'lr': 0.001, 'n_epochs': 150}
2023-06-17 04:15:34,363|INFO|nn.computeOptunaObjective|Trial 62 balacc:|[0.7292365743548279, 0.6551459293394777, 0.7454545454545455, 0.6878111221732328, 0.679848638277461, 0.7590249460302231, 0.6930652995143012, 0.7350265027146505]
2023-06-17 04:15:34,363|INFO|nn.computeOptunaObjective|Trial 62 rocauc:|[0.8056768411832087, 0.784331797235023, 0.8037878787878787, 0.8004906841132129, 0.792930235037041, 0.8500839529863277, 0.7915992084907356, 0.8305564497092213]
2023-06-17 04:15:34,363|INFO|nn.computeOptunaObjective|Trial 62 timings:|8.820783499999948
2023-06-17 04:15:34,363|INFO|nn.computeOptunaObjective|Trial 62 objective:|0.71057669473234
2023-06-17 04:15:43,360|INFO|nn.computeOptunaObjective|Trial 63 params:|{'n_layers': 2, 'architecture': 'top', 'lr': 0.0001, 'n_epochs': 150}
2023-06-17 04:15:43,360|INFO|nn.computeOptunaObjective|Trial 63 balacc:|[0.5909204231520787, 0.572273425499232, 0.634090909090909, 0.5, 0.5243164739114214, 0.6297673302950348, 0.5131768303651736, 0.5994399021438228]
2023-06-17 04:15:43,360|INFO|nn.computeOptunaObjective|Trial 63 rocauc:|[0.723805673472138, 0.7864823348694316, 0.825, 0.7535023467501067, 0.7300938016308692, 0.822499400335812, 0.7191940996582119, 0.7650743578188374]
2023-06-17 04:15:43,360|INFO|nn.computeOptunaObjective|Trial 63 timings:|8.99271269999997
2023-06-17 04:15:43,360|INFO|nn.computeOptunaObjective|Trial 63 objective:|0.570498161807209
2023-06-17 04:15:52,224|INFO|nn.computeOptunaObjective|Trial 64 params:|{'n_layers': 3, 'architecture': 'inner', 'lr': 0.0001, 'n_epochs': 150}
2023-06-17 04:15:52,224|INFO|nn.computeOptunaObjective|Trial 64 balacc:|[0.586621521460818, 0.5552995391705069, 0.6401515151515151, 0.5, 0.5, 0.6297673302950348, 0.5380014391077532, 0.6100452799416296]
2023-06-17 04:15:52,224|INFO|nn.computeOptunaObjective|Trial 64 rocauc:|[0.7345259753385891, 0.7984639016897082, 0.8416666666666667, 0.738568482434931, 0.7628177796727603, 0.8284360757975534, 0.765785213167836, 0.7745252044035279]
2023-06-17 04:15:52,224|INFO|nn.computeOptunaObjective|Trial 64 timings:|8.858314999999948
2023-06-17 04:15:52,224|INFO|nn.computeOptunaObjective|Trial 64 objective:|0.5699858281409071
2023-06-17 04:15:58,253|INFO|nn.computeOptunaObjective|Trial 65 params:|{'n_layers': 3, 'architecture': 'outer', 'lr': 0.0001, 'n_epochs': 100}
2023-06-17 04:15:58,253|INFO|nn.computeOptunaObjective|Trial 65 balacc:|[0.5, 0.5, 0.5, 0.5, 0.5, 0.5, 0.5, 0.5]
2023-06-17 04:15:58,253|INFO|nn.computeOptunaObjective|Trial 65 rocauc:|[0.6693349504750353, 0.6800307219662058, 0.6825757575757576, 0.7060873275494239, 0.6545461813142888, 0.7418445670424562, 0.6464292138873897, 0.7038799115860854]
2023-06-17 04:15:58,253|INFO|nn.computeOptunaObjective|Trial 65 timings:|6.024630900000034
2023-06-17 04:15:58,253|INFO|nn.computeOptunaObjective|Trial 65 objective:|0.5
2023-06-17 04:16:06,937|INFO|nn.computeOptunaObjective|Trial 66 params:|{'n_layers': 2, 'architecture': 'inner', 'lr': 0.001, 'n_epochs': 150}
2023-06-17 04:16:06,937|INFO|nn.computeOptunaObjective|Trial 66 balacc:|[0.7206387709723064, 0.62926267281106, 0.7765151515151515, 0.6730283743421988, 0.6803816020892182, 0.707993523626769, 0.6565929123943155, 0.6962230949161999]
2023-06-17 04:16:06,937|INFO|nn.computeOptunaObjective|Trial 66 rocauc:|[0.7980291085506367, 0.7558371735791091, 0.8356060606060607, 0.8159934575451572, 0.8256542130789319, 0.8556008635164307, 0.7901601007375427, 0.8374943668319063]
2023-06-17 04:16:06,937|INFO|nn.computeOptunaObjective|Trial 66 timings:|8.687056400000074
2023-06-17 04:16:06,937|INFO|nn.computeOptunaObjective|Trial 66 objective:|0.6925795128334025
2023-06-17 04:16:12,905|INFO|nn.computeOptunaObjective|Trial 67 params:|{'n_layers': 4, 'architecture': 'linear', 'lr': 0.0001, 'n_epochs': 100}
2023-06-17 04:16:12,905|INFO|nn.computeOptunaObjective|Trial 67 balacc:|[0.5, 0.5, 0.5, 0.5, 0.5, 0.5, 0.5, 0.5]
2023-06-17 04:16:12,905|INFO|nn.computeOptunaObjective|Trial 67 rocauc:|[0.685553534128428, 0.7250384024577573, 0.7143939393939394, 0.7125586687526667, 0.7001412354101156, 0.7900575677620533, 0.6699046591113509, 0.7220691431146592]
2023-06-17 04:16:12,905|INFO|nn.computeOptunaObjective|Trial 67 timings:|5.955270600000063
2023-06-17 04:16:12,905|INFO|nn.computeOptunaObjective|Trial 67 objective:|0.5
2023-06-17 04:16:18,731|INFO|nn.computeOptunaObjective|Trial 68 params:|{'n_layers': 2, 'architecture': 'outer', 'lr': 0.0001, 'n_epochs': 100}
2023-06-17 04:16:18,731|INFO|nn.computeOptunaObjective|Trial 68 balacc:|[0.5060204837948925, 0.5, 0.5227272727272727, 0.5, 0.5, 0.5, 0.5, 0.5020408163265306]
2023-06-17 04:16:18,731|INFO|nn.computeOptunaObjective|Trial 68 rocauc:|[0.6658378815443703, 0.6683563748079877, 0.6901515151515152, 0.697571469207794, 0.5932020465810371, 0.6873950587670904, 0.6164777837740602, 0.6642395759565656]
2023-06-17 04:16:18,731|INFO|nn.computeOptunaObjective|Trial 68 timings:|5.8218771000000515
2023-06-17 04:16:18,731|INFO|nn.computeOptunaObjective|Trial 68 objective:|0.503848571606087
2023-06-17 04:16:27,509|INFO|nn.computeOptunaObjective|Trial 69 params:|{'n_layers': 4, 'architecture': 'inner', 'lr': 0.0001, 'n_epochs': 150}
2023-06-17 04:16:27,509|INFO|nn.computeOptunaObjective|Trial 69 balacc:|[0.6088942793612291, 0.5668970814132105, 0.6484848484848484, 0.5, 0.5, 0.6485368193811466, 0.5, 0.6288761561406897]
2023-06-17 04:16:27,509|INFO|nn.computeOptunaObjective|Trial 69 rocauc:|[0.7604642544302944, 0.8038402457757297, 0.8409090909090908, 0.7480977101408048, 0.7802190481266322, 0.8431878148236988, 0.7828746177370031, 0.7910792077083199]
2023-06-17 04:16:27,509|INFO|nn.computeOptunaObjective|Trial 69 timings:|8.769709000000034
2023-06-17 04:16:27,509|INFO|nn.computeOptunaObjective|Trial 69 objective:|0.5752111480976405
2023-06-17 04:16:39,582|INFO|nn.computeOptunaObjective|Trial 70 params:|{'n_layers': 4, 'architecture': 'top', 'lr': 0.0001, 'n_epochs': 200}
2023-06-17 04:16:39,582|INFO|nn.computeOptunaObjective|Trial 70 balacc:|[0.7328347146418706, 0.7149769585253456, 0.803030303030303, 0.6477208078509458, 0.6829398283856526, 0.724934036939314, 0.7488307249505306, 0.7122384600527908]
2023-06-17 04:16:39,582|INFO|nn.computeOptunaObjective|Trial 70 rocauc:|[0.8088268984569773, 0.7732718894009216, 0.859090909090909, 0.7880280187740009, 0.7873341150135905, 0.843487646917726, 0.7761288001439108, 0.8218008970149574]
2023-06-17 04:16:39,582|INFO|nn.computeOptunaObjective|Trial 70 timings:|12.07475039999997
2023-06-17 04:16:39,582|INFO|nn.computeOptunaObjective|Trial 70 objective:|0.7209382292970941
2023-06-17 04:16:45,572|INFO|nn.computeOptunaObjective|Trial 71 params:|{'n_layers': 2, 'architecture': 'inner', 'lr': 0.0001, 'n_epochs': 100}
2023-06-17 04:16:45,572|INFO|nn.computeOptunaObjective|Trial 71 balacc:|[0.5, 0.5, 0.5227272727272727, 0.5, 0.5, 0.5, 0.5, 0.5040816326530613]
2023-06-17 04:16:45,572|INFO|nn.computeOptunaObjective|Trial 71 rocauc:|[0.652503200592952, 0.6525345622119816, 0.6840909090909091, 0.6967003271227421, 0.6071390502584875, 0.6987886783401296, 0.6211548839719374, 0.6734200304727569]
2023-06-17 04:16:45,572|INFO|nn.computeOptunaObjective|Trial 71 timings:|5.975471000000084
2023-06-17 04:16:45,572|INFO|nn.computeOptunaObjective|Trial 71 objective:|0.5033511131725417
2023-06-17 04:16:51,550|INFO|nn.computeOptunaObjective|Trial 72 params:|{'n_layers': 2, 'architecture': 'top', 'lr': 0.0001, 'n_epochs': 100}
2023-06-17 04:16:51,550|INFO|nn.computeOptunaObjective|Trial 72 balacc:|[0.5098039215686274, 0.5115975422427035, 0.5227272727272727, 0.5, 0.5, 0.5, 0.5, 0.5127084272194682]
2023-06-17 04:16:51,550|INFO|nn.computeOptunaObjective|Trial 72 rocauc:|[0.6812344181658918, 0.7219662058371736, 0.7234848484848485, 0.7177144076233821, 0.6633933805894581, 0.7558167426241306, 0.6484979312826048, 0.7109744844309963]
2023-06-17 04:16:51,550|INFO|nn.computeOptunaObjective|Trial 72 timings:|5.979049400000008
2023-06-17 04:16:51,550|INFO|nn.computeOptunaObjective|Trial 72 objective:|0.507104645469759
2023-06-17 04:17:03,648|INFO|nn.computeOptunaObjective|Trial 73 params:|{'n_layers': 4, 'architecture': 'inner', 'lr': 0.0001, 'n_epochs': 200}
2023-06-17 04:17:03,648|INFO|nn.computeOptunaObjective|Trial 73 balacc:|[0.7134020618556701, 0.6828725038402458, 0.7575757575757576, 0.6188842269947377, 0.6806214358045088, 0.7061645478532022, 0.6900071955387659, 0.7055280156226529]
2023-06-17 04:17:03,648|INFO|nn.computeOptunaObjective|Trial 73 rocauc:|[0.7883700559261505, 0.7847926267281106, 0.8560606060606061, 0.7688273360830609, 0.787254170441827, 0.8358719117294315, 0.787821550638604, 0.8126805296250994]
2023-06-17 04:17:03,648|INFO|nn.computeOptunaObjective|Trial 73 timings:|12.089506400000005
2023-06-17 04:17:03,648|INFO|nn.computeOptunaObjective|Trial 73 objective:|0.6943819681356926
2023-06-17 04:17:09,624|INFO|nn.computeOptunaObjective|Trial 74 params:|{'n_layers': 3, 'architecture': 'linear', 'lr': 0.001, 'n_epochs': 100}
2023-06-17 04:17:09,624|INFO|nn.computeOptunaObjective|Trial 74 balacc:|[0.7327572266019811, 0.7023809523809523, 0.8136363636363637, 0.7243724221305647, 0.6931061130949208, 0.7463420484528664, 0.7007105594531391, 0.7250091203673898]
2023-06-17 04:17:09,624|INFO|nn.computeOptunaObjective|Trial 74 rocauc:|[0.8179704871639377, 0.7695084485407067, 0.8492424242424242, 0.8147311904423269, 0.8116106166391301, 0.849604221635884, 0.7820651196258319, 0.8406425030580056]
2023-06-17 04:17:09,624|INFO|nn.computeOptunaObjective|Trial 74 timings:|5.971257799999989
2023-06-17 04:17:09,624|INFO|nn.computeOptunaObjective|Trial 74 objective:|0.7297893507647722
2023-06-17 04:17:21,221|INFO|nn.computeOptunaObjective|Trial 75 params:|{'n_layers': 3, 'architecture': 'bottom', 'lr': 0.001, 'n_epochs': 200}
2023-06-17 04:17:21,221|INFO|nn.computeOptunaObjective|Trial 75 balacc:|[0.726406576376255, 0.680184331797235, 0.8818181818181818, 0.6392760631489119, 0.6420348558332889, 0.7275725593667546, 0.7194189602446484, 0.6938711131140153]
2023-06-17 04:17:21,221|INFO|nn.computeOptunaObjective|Trial 75 rocauc:|[0.7952698605215283, 0.771889400921659, 0.8920454545454546, 0.7981972692362395, 0.8050551617545169, 0.8395598464859678, 0.7857978053606763, 0.8213459516298632]
2023-06-17 04:17:21,221|INFO|nn.computeOptunaObjective|Trial 75 timings:|11.586682200000041
2023-06-17 04:17:21,221|INFO|nn.computeOptunaObjective|Trial 75 objective:|0.7138228302124114
2023-06-17 04:17:27,062|INFO|nn.computeOptunaObjective|Trial 76 params:|{'n_layers': 2, 'architecture': 'bottom', 'lr': 0.0001, 'n_epochs': 100}
2023-06-17 04:17:27,062|INFO|nn.computeOptunaObjective|Trial 76 balacc:|[0.5, 0.5, 0.5, 0.5, 0.5, 0.5, 0.5, 0.5]
2023-06-17 04:17:27,062|INFO|nn.computeOptunaObjective|Trial 76 rocauc:|[0.6091065292096219, 0.5723502304147465, 0.6015151515151516, 0.662227990328545, 0.5185071683632682, 0.5955864715759174, 0.5709660010793308, 0.593873259082813]
2023-06-17 04:17:27,062|INFO|nn.computeOptunaObjective|Trial 76 timings:|5.840708000000063
2023-06-17 04:17:27,062|INFO|nn.computeOptunaObjective|Trial 76 objective:|0.5
2023-06-17 04:17:33,146|INFO|nn.computeOptunaObjective|Trial 77 params:|{'n_layers': 4, 'architecture': 'outer', 'lr': 0.0001, 'n_epochs': 100}
2023-06-17 04:17:33,146|INFO|nn.computeOptunaObjective|Trial 77 balacc:|[0.5, 0.5, 0.5, 0.5, 0.5, 0.5, 0.5, 0.5]
2023-06-17 04:17:33,146|INFO|nn.computeOptunaObjective|Trial 77 rocauc:|[0.6784987534532714, 0.7010752688172043, 0.6863636363636363, 0.7153854359266107, 0.6744257314928317, 0.7675101942911969, 0.6646878935060263, 0.7064894096439839]
2023-06-17 04:17:33,146|INFO|nn.computeOptunaObjective|Trial 77 timings:|6.073216300000013
2023-06-17 04:17:33,146|INFO|nn.computeOptunaObjective|Trial 77 objective:|0.5
2023-06-17 04:17:44,923|INFO|nn.computeOptunaObjective|Trial 78 params:|{'n_layers': 2, 'architecture': 'linear', 'lr': 0.001, 'n_epochs': 200}
2023-06-17 04:17:44,923|INFO|nn.computeOptunaObjective|Trial 78 balacc:|[0.714968667879523, 0.6435483870967742, 0.8075757575757576, 0.6849843549992889, 0.6466716409955764, 0.714080115135524, 0.6302392516639683, 0.6839159638618855]
2023-06-17 04:17:44,939|INFO|nn.computeOptunaObjective|Trial 78 rocauc:|[0.7928525705814972, 0.7590629800307219, 0.8606060606060607, 0.8172557246479875, 0.8240819698342483, 0.8583593187814823, 0.794027702824249, 0.8303397068606622]
2023-06-17 04:17:44,939|INFO|nn.computeOptunaObjective|Trial 78 timings:|11.776701200000048
2023-06-17 04:17:44,939|INFO|nn.computeOptunaObjective|Trial 78 objective:|0.6907480174010372
2023-06-17 04:17:53,905|INFO|nn.computeOptunaObjective|Trial 79 params:|{'n_layers': 3, 'architecture': 'top', 'lr': 0.0001, 'n_epochs': 150}
2023-06-17 04:17:53,905|INFO|nn.computeOptunaObjective|Trial 79 balacc:|[0.6522538912472206, 0.6364823348694316, 0.6568181818181817, 0.5, 0.6192639769759634, 0.6725833533221396, 0.5922378125562151, 0.6552200691001953]
2023-06-17 04:17:53,905|INFO|nn.computeOptunaObjective|Trial 79 rocauc:|[0.762637288592413, 0.8116743471582182, 0.8742424242424243, 0.7578936139951643, 0.7827239780418909, 0.8482849604221637, 0.7860226659471128, 0.8037618833022167]
2023-06-17 04:17:53,905|INFO|nn.computeOptunaObjective|Trial 79 timings:|8.966181499999948
2023-06-17 04:17:53,905|INFO|nn.computeOptunaObjective|Trial 79 objective:|0.6231074524861684
2023-06-17 04:18:06,015|INFO|nn.computeOptunaObjective|Trial 80 params:|{'n_layers': 3, 'architecture': 'outer', 'lr': 0.001, 'n_epochs': 200}
2023-06-17 04:18:06,015|INFO|nn.computeOptunaObjective|Trial 80 balacc:|[0.7347415942321947, 0.7104454685099846, 0.7765151515151515, 0.6786552410752382, 0.6805015189468635, 0.7415747181578316, 0.7123583378305451, 0.7211764200948518]
2023-06-17 04:18:06,015|INFO|nn.computeOptunaObjective|Trial 80 rocauc:|[0.8084091368506165, 0.7432411674347158, 0.837121212121212, 0.8177357417152611, 0.8138490646485103, 0.8507435835931879, 0.7854830005396654, 0.8417047576128243]
2023-06-17 04:18:06,015|INFO|nn.computeOptunaObjective|Trial 80 timings:|12.099725299999932
2023-06-17 04:18:06,015|INFO|nn.computeOptunaObjective|Trial 80 objective:|0.7194960562953326
2023-06-17 04:18:14,897|INFO|nn.computeOptunaObjective|Trial 81 params:|{'n_layers': 4, 'architecture': 'outer', 'lr': 0.0001, 'n_epochs': 150}
2023-06-17 04:18:14,897|INFO|nn.computeOptunaObjective|Trial 81 balacc:|[0.5136749545178896, 0.5463901689708142, 0.6113636363636363, 0.5196984781681127, 0.531391568512498, 0.5, 0.5, 0.5528122921092727]
2023-06-17 04:18:14,897|INFO|nn.computeOptunaObjective|Trial 81 rocauc:|[0.7307627518361297, 0.7933947772657449, 0.8310606060606062, 0.731830465083203, 0.7631908543409902, 0.8304149676181338, 0.7557114588954847, 0.7693877551020407]
2023-06-17 04:18:14,897|INFO|nn.computeOptunaObjective|Trial 81 timings:|8.88667810000004
2023-06-17 04:18:14,897|INFO|nn.computeOptunaObjective|Trial 81 objective:|0.534416387330278
2023-06-17 04:18:26,900|INFO|nn.computeOptunaObjective|Trial 82 params:|{'n_layers': 2, 'architecture': 'bottom', 'lr': 0.0001, 'n_epochs': 200}
2023-06-17 04:18:26,900|INFO|nn.computeOptunaObjective|Trial 82 balacc:|[0.5741526851290344, 0.5838709677419355, 0.6507575757575758, 0.5, 0.5078478921281245, 0.5327716478771888, 0.5131768303651736, 0.5746110431554325]
2023-06-17 04:18:26,900|INFO|nn.computeOptunaObjective|Trial 82 rocauc:|[0.7029142241088875, 0.7583717357910906, 0.7863636363636364, 0.7338038685819941, 0.6828998560997708, 0.7813024706164549, 0.6762906997661449, 0.7312281379428743]
2023-06-17 04:18:26,900|INFO|nn.computeOptunaObjective|Trial 82 timings:|11.98159720000001
2023-06-17 04:18:26,900|INFO|nn.computeOptunaObjective|Trial 82 objective:|0.5546485802693082
2023-06-17 04:18:35,983|INFO|nn.computeOptunaObjective|Trial 83 params:|{'n_layers': 4, 'architecture': 'inner', 'lr': 0.001, 'n_epochs': 150}
2023-06-17 04:18:35,983|INFO|nn.computeOptunaObjective|Trial 83 balacc:|[0.7510915706488781, 0.6953149001536099, 0.7681818181818182, 0.7082029583274072, 0.6711080317646432, 0.7354881266490765, 0.7457726209749955, 0.7047876563874761]
2023-06-17 04:18:35,983|INFO|nn.computeOptunaObjective|Trial 83 rocauc:|[0.8138417222559127, 0.7756528417818741, 0.8359848484848484, 0.7890680557530936, 0.8033496775568939, 0.8604581434396739, 0.7815704263356719, 0.8421468271851327]
2023-06-17 04:18:35,983|INFO|nn.computeOptunaObjective|Trial 83 timings:|9.078010000000063
2023-06-17 04:18:35,983|INFO|nn.computeOptunaObjective|Trial 83 objective:|0.722493460385988
2023-06-17 04:18:41,870|INFO|nn.computeOptunaObjective|Trial 84 params:|{'n_layers': 3, 'architecture': 'bottom', 'lr': 0.0001, 'n_epochs': 100}
2023-06-17 04:18:41,870|INFO|nn.computeOptunaObjective|Trial 84 balacc:|[0.5, 0.5, 0.5, 0.5, 0.5, 0.5, 0.5, 0.5]
2023-06-17 04:18:41,870|INFO|nn.computeOptunaObjective|Trial 84 rocauc:|[0.5987163937740044, 0.5433179723502304, 0.5750000000000001, 0.6600234675010668, 0.5293263337419389, 0.5951667066442792, 0.5737542723511422, 0.5908989463293204]
2023-06-17 04:18:41,870|INFO|nn.computeOptunaObjective|Trial 84 timings:|5.889486199999965
2023-06-17 04:18:41,870|INFO|nn.computeOptunaObjective|Trial 84 objective:|0.5
2023-06-17 04:18:47,883|INFO|nn.computeOptunaObjective|Trial 85 params:|{'n_layers': 4, 'architecture': 'linear', 'lr': 0.001, 'n_epochs': 100}
2023-06-17 04:18:47,883|INFO|nn.computeOptunaObjective|Trial 85 balacc:|[0.7431642072636615, 0.7292626728110598, 0.7659090909090909, 0.6625035556819798, 0.6815141501892021, 0.7450227872391461, 0.7589494513401691, 0.7273267666688126]
2023-06-17 04:18:47,883|INFO|nn.computeOptunaObjective|Trial 85 rocauc:|[0.8113772656829054, 0.7923195084485407, 0.875, 0.7738230692646849, 0.7998054682087086, 0.8417486207723675, 0.7985249145529771, 0.8290714393012726]
2023-06-17 04:18:47,883|INFO|nn.computeOptunaObjective|Trial 85 timings:|5.995861799999943
2023-06-17 04:18:47,883|INFO|nn.computeOptunaObjective|Trial 85 objective:|0.7267065852628902
2023-06-17 04:18:56,770|INFO|nn.computeOptunaObjective|Trial 86 params:|{'n_layers': 3, 'architecture': 'linear', 'lr': 0.001, 'n_epochs': 150}
2023-06-17 04:18:56,770|INFO|nn.computeOptunaObjective|Trial 86 balacc:|[0.730442692540934, 0.6899385560675884, 0.7765151515151515, 0.7250746693215759, 0.6812743164739115, 0.7228052290717198, 0.7022396114409066, 0.7196613661237365]
2023-06-17 04:18:56,770|INFO|nn.computeOptunaObjective|Trial 86 rocauc:|[0.8044050266154572, 0.768279569892473, 0.7901515151515153, 0.8124199971554544, 0.8049752171827533, 0.862137203166227, 0.7645709660010793, 0.8407025901843387]
2023-06-17 04:18:56,770|INFO|nn.computeOptunaObjective|Trial 86 timings:|8.892183199999977
2023-06-17 04:18:56,770|INFO|nn.computeOptunaObjective|Trial 86 objective:|0.7184939490694405
2023-06-17 04:19:02,760|INFO|nn.computeOptunaObjective|Trial 87 params:|{'n_layers': 4, 'architecture': 'inner', 'lr': 0.0001, 'n_epochs': 100}
2023-06-17 04:19:02,760|INFO|nn.computeOptunaObjective|Trial 87 balacc:|[0.5, 0.5, 0.5, 0.5, 0.5, 0.5, 0.5, 0.5]
2023-06-17 04:19:02,760|INFO|nn.computeOptunaObjective|Trial 87 rocauc:|[0.6887676032612358, 0.7135176651305684, 0.7015151515151516, 0.7111008391409472, 0.6957442839631188, 0.7881386423602783, 0.6754812016549739, 0.7230992081375137]
2023-06-17 04:19:02,760|INFO|nn.computeOptunaObjective|Trial 87 timings:|5.9778843999999935
2023-06-17 04:19:02,760|INFO|nn.computeOptunaObjective|Trial 87 objective:|0.5
2023-06-17 04:19:14,255|INFO|nn.computeOptunaObjective|Trial 88 params:|{'n_layers': 4, 'architecture': 'bottom', 'lr': 0.0001, 'n_epochs': 200}
2023-06-17 04:19:14,255|INFO|nn.computeOptunaObjective|Trial 88 balacc:|[0.564854120342295, 0.5668970814132105, 0.5, 0.5, 0.5384666631135746, 0.5, 0.5, 0.5584089787334492]
2023-06-17 04:19:14,255|INFO|nn.computeOptunaObjective|Trial 88 rocauc:|[0.7048547941513376, 0.762826420890937, 0.7734848484848484, 0.7330216185464372, 0.7259100357085754, 0.7991124970016791, 0.7171253822629969, 0.7304598811133285]
2023-06-17 04:19:14,255|INFO|nn.computeOptunaObjective|Trial 88 timings:|11.479768100000001
2023-06-17 04:19:14,255|INFO|nn.computeOptunaObjective|Trial 88 objective:|0.5285783554503162
2023-06-17 04:19:23,291|INFO|nn.computeOptunaObjective|Trial 89 params:|{'n_layers': 4, 'architecture': 'outer', 'lr': 0.001, 'n_epochs': 150}
2023-06-17 04:19:23,291|INFO|nn.computeOptunaObjective|Trial 89 balacc:|[0.7389630078835658, 0.6837173579109063, 0.8196969696969697, 0.6638813824491537, 0.694771625006662, 0.7336591508755097, 0.744243568987228, 0.7304191077061739]
2023-06-17 04:19:23,291|INFO|nn.computeOptunaObjective|Trial 89 rocauc:|[0.8071592210767469, 0.7922427035330262, 0.8621212121212122, 0.7963127577869434, 0.8128097852155838, 0.847775245862317, 0.7949271451699945, 0.8300049357282344]
2023-06-17 04:19:23,291|INFO|nn.computeOptunaObjective|Trial 89 timings:|9.036728400000015
2023-06-17 04:19:23,291|INFO|nn.computeOptunaObjective|Trial 89 objective:|0.7261690213145211
2023-06-17 04:19:23,291|INFO|mtg.runMTGExperiment|Best trial number:|38
2023-06-17 04:19:23,291|INFO|mtg.runMTGExperiment|Best trial objective:|0.7369209956844511
2023-06-17 04:19:23,291|INFO|mtg.runMTGExperiment|Best trial params:|{'n_layers': 4, 'architecture': 'bottom', 'lr': 0.001, 'n_epochs': 200}
2023-06-17 04:19:23,338|INFO|nn.loadModellingDataset|Trainval descriptors loaded (features, instances):|1024|6747
2023-06-17 04:19:23,338|INFO|nn.loadModellingDataset|Trainval endpoints loaded (tasks, instances):|8|6747
2023-06-17 04:19:23,353|INFO|nn.loadModellingDataset|Test descriptors loaded (features, instances):|1024|730
2023-06-17 04:19:23,353|INFO|nn.loadModellingDataset|Test endpoints loaded (tasks, instances):|8|730
2023-06-17 04:19:23,353|INFO|mtg.runMTGExperiment|Final neural network hyperparams:|{'n_layers': 4, 'architecture': 'bottom', 'lr': 0.001, 'n_epochs': 200, 'best_trial_num': 38}
2023-06-17 04:19:36,014|INFO|nn.testFinalModel|Final model test balacc:|[0.7337209302325581, 0.7460953989024905, 0.7333333333333334, 0.7163873370577281, 0.6767134599504542, 0.7838541666666666, 0.7414860681114551, 0.7169548133595285]
2023-06-17 04:19:36,014|INFO|nn.testFinalModel|Final model test rocauc:|[0.8126211240310077, 0.823132123258759, 0.7388888888888888, 0.8109869646182496, 0.8881090008257638, 0.8628472222222222, 0.7636001769128704, 0.8244695481335953]
2023-06-17 04:19:36,030|INFO|mtg.runMTGExperiment|Mechanistic task grouping experiment timing:|820.9512047999999
2023-06-17 04:19:36,030|INFO|mtg.runMTGExperiment|DONE
