2023-06-17 02:32:02,884|INFO|__main__.startLogging|>>>> START LOGGING A GMTAMES EXPERIMENT
2023-06-17 02:32:02,884|INFO|__main__.startLogging|mode:|mtg
2023-06-17 02:32:02,884|INFO|__main__.startLogging|tasks:|TA102_S9
2023-06-17 02:32:02,884|INFO|__main__.startLogging|testsplit:|scaffold
2023-06-17 02:32:02,884|INFO|__main__.startLogging|output:|mtg_experiment_scaffold
2023-06-17 02:32:02,884|INFO|__main__.startLogging|device:|titanv
2023-06-17 02:32:02,884|INFO|__main__.startLogging|DONE
2023-06-17 02:32:02,884|INFO|mtg.runMTGExperiment|>>>> RUNNING MECHANISTIC TASK GROUPING EXPERIMENT
2023-06-17 02:32:03,126|INFO|mtg.runMTGExperiment|Device confirmed:|cuda:0
2023-06-17 02:32:04,331|INFO|nn.loadModellingDataset|Train descriptors loaded (features, instances):|1024|671
2023-06-17 02:32:04,331|INFO|nn.loadModellingDataset|Train endpoints loaded (tasks, instances):|1|671
2023-06-17 02:32:04,347|INFO|nn.loadModellingDataset|Val descriptors loaded (features, instances):|1024|194
2023-06-17 02:32:04,347|INFO|nn.loadModellingDataset|Val endpoints loaded (tasks, instances):|1|194
2023-06-17 02:32:06,263|INFO|nn.computeOptunaObjective|Trial 0 params:|{'n_layers': 2, 'architecture': 'top', 'lr': 0.001, 'n_epochs': 200}
2023-06-17 02:32:06,263|INFO|nn.computeOptunaObjective|Trial 0 balacc:|[0.5023784355179705]
2023-06-17 02:32:06,263|INFO|nn.computeOptunaObjective|Trial 0 rocauc:|[0.6968816067653277]
2023-06-17 02:32:06,263|INFO|nn.computeOptunaObjective|Trial 0 timings:|1.9262468
2023-06-17 02:32:06,263|INFO|nn.computeOptunaObjective|Trial 0 objective:|0.5023784355179705
2023-06-17 02:32:07,029|INFO|nn.computeOptunaObjective|Trial 1 params:|{'n_layers': 4, 'architecture': 'top', 'lr': 0.001, 'n_epochs': 100}
2023-06-17 02:32:07,029|INFO|nn.computeOptunaObjective|Trial 1 balacc:|[0.5676532769556025]
2023-06-17 02:32:07,029|INFO|nn.computeOptunaObjective|Trial 1 rocauc:|[0.6933139534883721]
2023-06-17 02:32:07,029|INFO|nn.computeOptunaObjective|Trial 1 timings:|0.7529761000000006
2023-06-17 02:32:07,029|INFO|nn.computeOptunaObjective|Trial 1 objective:|0.5676532769556025
2023-06-17 02:32:07,732|INFO|nn.computeOptunaObjective|Trial 2 params:|{'n_layers': 3, 'architecture': 'outer', 'lr': 0.001, 'n_epochs': 100}
2023-06-17 02:32:07,732|INFO|nn.computeOptunaObjective|Trial 2 balacc:|[0.5251057082452432]
2023-06-17 02:32:07,732|INFO|nn.computeOptunaObjective|Trial 2 rocauc:|[0.6989957716701902]
2023-06-17 02:32:07,732|INFO|nn.computeOptunaObjective|Trial 2 timings:|0.7096029000000001
2023-06-17 02:32:07,732|INFO|nn.computeOptunaObjective|Trial 2 objective:|0.5251057082452432
2023-06-17 02:32:08,419|INFO|nn.computeOptunaObjective|Trial 3 params:|{'n_layers': 4, 'architecture': 'bottom', 'lr': 0.0001, 'n_epochs': 100}
2023-06-17 02:32:08,419|INFO|nn.computeOptunaObjective|Trial 3 balacc:|[0.5]
2023-06-17 02:32:08,419|INFO|nn.computeOptunaObjective|Trial 3 rocauc:|[0.6149577167019027]
2023-06-17 02:32:08,419|INFO|nn.computeOptunaObjective|Trial 3 timings:|0.6863522
2023-06-17 02:32:08,419|INFO|nn.computeOptunaObjective|Trial 3 objective:|0.5
2023-06-17 02:32:09,397|INFO|nn.computeOptunaObjective|Trial 4 params:|{'n_layers': 2, 'architecture': 'bottom', 'lr': 0.001, 'n_epochs': 150}
2023-06-17 02:32:09,397|INFO|nn.computeOptunaObjective|Trial 4 balacc:|[0.5449260042283298]
2023-06-17 02:32:09,397|INFO|nn.computeOptunaObjective|Trial 4 rocauc:|[0.6857822410147991]
2023-06-17 02:32:09,397|INFO|nn.computeOptunaObjective|Trial 4 timings:|0.9644667000000009
2023-06-17 02:32:09,397|INFO|nn.computeOptunaObjective|Trial 4 objective:|0.5449260042283298
2023-06-17 02:32:10,784|INFO|nn.computeOptunaObjective|Trial 5 params:|{'n_layers': 3, 'architecture': 'outer', 'lr': 0.0001, 'n_epochs': 200}
2023-06-17 02:32:10,784|INFO|nn.computeOptunaObjective|Trial 5 balacc:|[0.49127906976744184]
2023-06-17 02:32:10,784|INFO|nn.computeOptunaObjective|Trial 5 rocauc:|[0.680232558139535]
2023-06-17 02:32:10,784|INFO|nn.computeOptunaObjective|Trial 5 timings:|1.3860922000000002
2023-06-17 02:32:10,784|INFO|nn.computeOptunaObjective|Trial 5 objective:|0.49127906976744184
2023-06-17 02:32:11,504|INFO|nn.computeOptunaObjective|Trial 6 params:|{'n_layers': 4, 'architecture': 'top', 'lr': 0.0001, 'n_epochs': 100}
2023-06-17 02:32:11,504|INFO|nn.computeOptunaObjective|Trial 6 balacc:|[0.5]
2023-06-17 02:32:11,504|INFO|nn.computeOptunaObjective|Trial 6 rocauc:|[0.6683403805496828]
2023-06-17 02:32:11,504|INFO|nn.computeOptunaObjective|Trial 6 timings:|0.7188266000000016
2023-06-17 02:32:11,504|INFO|nn.computeOptunaObjective|Trial 6 objective:|0.5
2023-06-17 02:32:12,199|INFO|nn.computeOptunaObjective|Trial 7 params:|{'n_layers': 3, 'architecture': 'bottom', 'lr': 0.001, 'n_epochs': 100}
2023-06-17 02:32:12,199|INFO|nn.computeOptunaObjective|Trial 7 balacc:|[0.5251057082452432]
2023-06-17 02:32:12,199|INFO|nn.computeOptunaObjective|Trial 7 rocauc:|[0.6921247357293869]
2023-06-17 02:32:12,199|INFO|nn.computeOptunaObjective|Trial 7 timings:|0.6928175000000003
2023-06-17 02:32:12,199|INFO|nn.computeOptunaObjective|Trial 7 objective:|0.5251057082452432
2023-06-17 02:32:12,874|INFO|nn.computeOptunaObjective|Trial 8 params:|{'n_layers': 3, 'architecture': 'linear', 'lr': 0.0001, 'n_epochs': 100}
2023-06-17 02:32:12,874|INFO|nn.computeOptunaObjective|Trial 8 balacc:|[0.5]
2023-06-17 02:32:12,874|INFO|nn.computeOptunaObjective|Trial 8 rocauc:|[0.6818181818181819]
2023-06-17 02:32:12,874|INFO|nn.computeOptunaObjective|Trial 8 timings:|0.6757553000000005
2023-06-17 02:32:12,874|INFO|nn.computeOptunaObjective|Trial 8 objective:|0.5
2023-06-17 02:32:13,868|INFO|nn.computeOptunaObjective|Trial 9 params:|{'n_layers': 2, 'architecture': 'bottom', 'lr': 0.0001, 'n_epochs': 150}
2023-06-17 02:32:13,868|INFO|nn.computeOptunaObjective|Trial 9 balacc:|[0.5]
2023-06-17 02:32:13,868|INFO|nn.computeOptunaObjective|Trial 9 rocauc:|[0.6754756871035941]
2023-06-17 02:32:13,868|INFO|nn.computeOptunaObjective|Trial 9 timings:|0.9949531
2023-06-17 02:32:13,868|INFO|nn.computeOptunaObjective|Trial 9 objective:|0.5
2023-06-17 02:32:15,142|INFO|nn.computeOptunaObjective|Trial 10 params:|{'n_layers': 2, 'architecture': 'bottom', 'lr': 0.001, 'n_epochs': 200}
2023-06-17 02:32:15,142|INFO|nn.computeOptunaObjective|Trial 10 balacc:|[0.5221987315010571]
2023-06-17 02:32:15,142|INFO|nn.computeOptunaObjective|Trial 10 rocauc:|[0.6836680761099365]
2023-06-17 02:32:15,142|INFO|nn.computeOptunaObjective|Trial 10 timings:|1.270632299999999
2023-06-17 02:32:15,142|INFO|nn.computeOptunaObjective|Trial 10 objective:|0.5221987315010571
2023-06-17 02:32:16,244|INFO|nn.computeOptunaObjective|Trial 11 params:|{'n_layers': 4, 'architecture': 'linear', 'lr': 0.001, 'n_epochs': 150}
2023-06-17 02:32:16,244|INFO|nn.computeOptunaObjective|Trial 11 balacc:|[0.5221987315010571]
2023-06-17 02:32:16,244|INFO|nn.computeOptunaObjective|Trial 11 rocauc:|[0.688953488372093]
2023-06-17 02:32:16,244|INFO|nn.computeOptunaObjective|Trial 11 timings:|1.0922099999999997
2023-06-17 02:32:16,244|INFO|nn.computeOptunaObjective|Trial 11 objective:|0.5221987315010571
2023-06-17 02:32:17,549|INFO|nn.computeOptunaObjective|Trial 12 params:|{'n_layers': 2, 'architecture': 'outer', 'lr': 0.001, 'n_epochs': 200}
2023-06-17 02:32:17,549|INFO|nn.computeOptunaObjective|Trial 12 balacc:|[0.5478329809725159]
2023-06-17 02:32:17,549|INFO|nn.computeOptunaObjective|Trial 12 rocauc:|[0.6952959830866807]
2023-06-17 02:32:17,549|INFO|nn.computeOptunaObjective|Trial 12 timings:|1.3087561000000019
2023-06-17 02:32:17,549|INFO|nn.computeOptunaObjective|Trial 12 objective:|0.5478329809725159
2023-06-17 02:32:18,900|INFO|nn.computeOptunaObjective|Trial 13 params:|{'n_layers': 2, 'architecture': 'inner', 'lr': 0.001, 'n_epochs': 200}
2023-06-17 02:32:18,900|INFO|nn.computeOptunaObjective|Trial 13 balacc:|[0.5478329809725159]
2023-06-17 02:32:18,900|INFO|nn.computeOptunaObjective|Trial 13 rocauc:|[0.6937103594080338]
2023-06-17 02:32:18,900|INFO|nn.computeOptunaObjective|Trial 13 timings:|1.347502900000002
2023-06-17 02:32:18,900|INFO|nn.computeOptunaObjective|Trial 13 objective:|0.5478329809725159
2023-06-17 02:32:20,265|INFO|nn.computeOptunaObjective|Trial 14 params:|{'n_layers': 3, 'architecture': 'linear', 'lr': 0.0001, 'n_epochs': 200}
2023-06-17 02:32:20,265|INFO|nn.computeOptunaObjective|Trial 14 balacc:|[0.49127906976744184]
2023-06-17 02:32:20,265|INFO|nn.computeOptunaObjective|Trial 14 rocauc:|[0.679968287526427]
2023-06-17 02:32:20,265|INFO|nn.computeOptunaObjective|Trial 14 timings:|1.3684535999999987
2023-06-17 02:32:20,265|INFO|nn.computeOptunaObjective|Trial 14 objective:|0.49127906976744184
2023-06-17 02:32:21,321|INFO|nn.computeOptunaObjective|Trial 15 params:|{'n_layers': 3, 'architecture': 'outer', 'lr': 0.0001, 'n_epochs': 150}
2023-06-17 02:32:21,321|INFO|nn.computeOptunaObjective|Trial 15 balacc:|[0.49709302325581395]
2023-06-17 02:32:21,321|INFO|nn.computeOptunaObjective|Trial 15 rocauc:|[0.6791754756871036]
2023-06-17 02:32:21,321|INFO|nn.computeOptunaObjective|Trial 15 timings:|1.0464887999999988
2023-06-17 02:32:21,321|INFO|nn.computeOptunaObjective|Trial 15 objective:|0.49709302325581395
2023-06-17 02:32:22,328|INFO|nn.computeOptunaObjective|Trial 16 params:|{'n_layers': 2, 'architecture': 'inner', 'lr': 0.0001, 'n_epochs': 150}
2023-06-17 02:32:22,328|INFO|nn.computeOptunaObjective|Trial 16 balacc:|[0.4941860465116279]
2023-06-17 02:32:22,328|INFO|nn.computeOptunaObjective|Trial 16 rocauc:|[0.6831395348837209]
2023-06-17 02:32:22,328|INFO|nn.computeOptunaObjective|Trial 16 timings:|1.0080063999999993
2023-06-17 02:32:22,328|INFO|nn.computeOptunaObjective|Trial 16 objective:|0.4941860465116279
2023-06-17 02:32:23,384|INFO|nn.computeOptunaObjective|Trial 17 params:|{'n_layers': 2, 'architecture': 'linear', 'lr': 0.001, 'n_epochs': 150}
2023-06-17 02:32:23,384|INFO|nn.computeOptunaObjective|Trial 17 balacc:|[0.5251057082452432]
2023-06-17 02:32:23,384|INFO|nn.computeOptunaObjective|Trial 17 rocauc:|[0.6968816067653276]
2023-06-17 02:32:23,384|INFO|nn.computeOptunaObjective|Trial 17 timings:|1.0549183000000006
2023-06-17 02:32:23,384|INFO|nn.computeOptunaObjective|Trial 17 objective:|0.5251057082452432
2023-06-17 02:32:24,859|INFO|nn.computeOptunaObjective|Trial 18 params:|{'n_layers': 4, 'architecture': 'linear', 'lr': 0.001, 'n_epochs': 200}
2023-06-17 02:32:24,859|INFO|nn.computeOptunaObjective|Trial 18 balacc:|[0.5478329809725159]
2023-06-17 02:32:24,859|INFO|nn.computeOptunaObjective|Trial 18 rocauc:|[0.6884249471458774]
2023-06-17 02:32:24,859|INFO|nn.computeOptunaObjective|Trial 18 timings:|1.4665502000000004
2023-06-17 02:32:24,859|INFO|nn.computeOptunaObjective|Trial 18 objective:|0.5478329809725159
2023-06-17 02:32:25,555|INFO|nn.computeOptunaObjective|Trial 19 params:|{'n_layers': 3, 'architecture': 'top', 'lr': 0.001, 'n_epochs': 100}
2023-06-17 02:32:25,555|INFO|nn.computeOptunaObjective|Trial 19 balacc:|[0.5478329809725159]
2023-06-17 02:32:25,555|INFO|nn.computeOptunaObjective|Trial 19 rocauc:|[0.6952959830866807]
2023-06-17 02:32:25,555|INFO|nn.computeOptunaObjective|Trial 19 timings:|0.6967422000000028
2023-06-17 02:32:25,555|INFO|nn.computeOptunaObjective|Trial 19 objective:|0.5478329809725159
2023-06-17 02:32:26,913|INFO|nn.computeOptunaObjective|Trial 20 params:|{'n_layers': 3, 'architecture': 'top', 'lr': 0.0001, 'n_epochs': 200}
2023-06-17 02:32:26,913|INFO|nn.computeOptunaObjective|Trial 20 balacc:|[0.48546511627906974]
2023-06-17 02:32:26,913|INFO|nn.computeOptunaObjective|Trial 20 rocauc:|[0.6770613107822411]
2023-06-17 02:32:26,913|INFO|nn.computeOptunaObjective|Trial 20 timings:|1.3477682999999985
2023-06-17 02:32:26,913|INFO|nn.computeOptunaObjective|Trial 20 objective:|0.48546511627906974
2023-06-17 02:32:27,921|INFO|nn.computeOptunaObjective|Trial 21 params:|{'n_layers': 3, 'architecture': 'outer', 'lr': 0.001, 'n_epochs': 150}
2023-06-17 02:32:27,921|INFO|nn.computeOptunaObjective|Trial 21 balacc:|[0.5478329809725159]
2023-06-17 02:32:27,921|INFO|nn.computeOptunaObjective|Trial 21 rocauc:|[0.6955602536997886]
2023-06-17 02:32:27,921|INFO|nn.computeOptunaObjective|Trial 21 timings:|1.0125986000000005
2023-06-17 02:32:27,921|INFO|nn.computeOptunaObjective|Trial 21 objective:|0.5478329809725159
2023-06-17 02:32:28,662|INFO|nn.computeOptunaObjective|Trial 22 params:|{'n_layers': 4, 'architecture': 'inner', 'lr': 0.001, 'n_epochs': 100}
2023-06-17 02:32:28,662|INFO|nn.computeOptunaObjective|Trial 22 balacc:|[0.5251057082452432]
2023-06-17 02:32:28,662|INFO|nn.computeOptunaObjective|Trial 22 rocauc:|[0.695031712473573]
2023-06-17 02:32:28,662|INFO|nn.computeOptunaObjective|Trial 22 timings:|0.7283289999999987
2023-06-17 02:32:28,662|INFO|nn.computeOptunaObjective|Trial 22 objective:|0.5251057082452432
2023-06-17 02:32:29,779|INFO|nn.computeOptunaObjective|Trial 23 params:|{'n_layers': 4, 'architecture': 'top', 'lr': 0.001, 'n_epochs': 150}
2023-06-17 02:32:29,779|INFO|nn.computeOptunaObjective|Trial 23 balacc:|[0.5449260042283298]
2023-06-17 02:32:29,779|INFO|nn.computeOptunaObjective|Trial 23 rocauc:|[0.6922568710359409]
2023-06-17 02:32:29,779|INFO|nn.computeOptunaObjective|Trial 23 timings:|1.123031000000001
2023-06-17 02:32:29,779|INFO|nn.computeOptunaObjective|Trial 23 objective:|0.5449260042283298
2023-06-17 02:32:31,118|INFO|nn.computeOptunaObjective|Trial 24 params:|{'n_layers': 2, 'architecture': 'inner', 'lr': 0.0001, 'n_epochs': 200}
2023-06-17 02:32:31,118|INFO|nn.computeOptunaObjective|Trial 24 balacc:|[0.49127906976744184]
2023-06-17 02:32:31,118|INFO|nn.computeOptunaObjective|Trial 24 rocauc:|[0.6871035940803383]
2023-06-17 02:32:31,118|INFO|nn.computeOptunaObjective|Trial 24 timings:|1.3362267999999986
2023-06-17 02:32:31,118|INFO|nn.computeOptunaObjective|Trial 24 objective:|0.49127906976744184
2023-06-17 02:32:32,496|INFO|nn.computeOptunaObjective|Trial 25 params:|{'n_layers': 3, 'architecture': 'bottom', 'lr': 0.0001, 'n_epochs': 200}
2023-06-17 02:32:32,496|INFO|nn.computeOptunaObjective|Trial 25 balacc:|[0.49127906976744184]
2023-06-17 02:32:32,496|INFO|nn.computeOptunaObjective|Trial 25 rocauc:|[0.6804968287526427]
2023-06-17 02:32:32,496|INFO|nn.computeOptunaObjective|Trial 25 timings:|1.3730208000000026
2023-06-17 02:32:32,496|INFO|nn.computeOptunaObjective|Trial 25 objective:|0.49127906976744184
2023-06-17 02:32:33,536|INFO|nn.computeOptunaObjective|Trial 26 params:|{'n_layers': 2, 'architecture': 'outer', 'lr': 0.0001, 'n_epochs': 150}
2023-06-17 02:32:33,536|INFO|nn.computeOptunaObjective|Trial 26 balacc:|[0.4941860465116279]
2023-06-17 02:32:33,536|INFO|nn.computeOptunaObjective|Trial 26 rocauc:|[0.6871035940803383]
2023-06-17 02:32:33,536|INFO|nn.computeOptunaObjective|Trial 26 timings:|1.0292393999999945
2023-06-17 02:32:33,536|INFO|nn.computeOptunaObjective|Trial 26 objective:|0.4941860465116279
2023-06-17 02:32:34,216|INFO|nn.computeOptunaObjective|Trial 27 params:|{'n_layers': 3, 'architecture': 'inner', 'lr': 0.0001, 'n_epochs': 100}
2023-06-17 02:32:34,216|INFO|nn.computeOptunaObjective|Trial 27 balacc:|[0.5]
2023-06-17 02:32:34,216|INFO|nn.computeOptunaObjective|Trial 27 rocauc:|[0.6781183932346723]
2023-06-17 02:32:34,216|INFO|nn.computeOptunaObjective|Trial 27 timings:|0.6776471000000015
2023-06-17 02:32:34,216|INFO|nn.computeOptunaObjective|Trial 27 objective:|0.5
2023-06-17 02:32:35,262|INFO|nn.computeOptunaObjective|Trial 28 params:|{'n_layers': 3, 'architecture': 'top', 'lr': 0.001, 'n_epochs': 150}
2023-06-17 02:32:35,262|INFO|nn.computeOptunaObjective|Trial 28 balacc:|[0.5251057082452432]
2023-06-17 02:32:35,262|INFO|nn.computeOptunaObjective|Trial 28 rocauc:|[0.6945031712473573]
2023-06-17 02:32:35,262|INFO|nn.computeOptunaObjective|Trial 28 timings:|1.0413744000000023
2023-06-17 02:32:35,262|INFO|nn.computeOptunaObjective|Trial 28 objective:|0.5251057082452432
2023-06-17 02:32:35,953|INFO|nn.computeOptunaObjective|Trial 29 params:|{'n_layers': 4, 'architecture': 'outer', 'lr': 0.001, 'n_epochs': 100}
2023-06-17 02:32:35,953|INFO|nn.computeOptunaObjective|Trial 29 balacc:|[0.4796511627906977]
2023-06-17 02:32:35,953|INFO|nn.computeOptunaObjective|Trial 29 rocauc:|[0.6937103594080338]
2023-06-17 02:32:35,953|INFO|nn.computeOptunaObjective|Trial 29 timings:|0.6907785000000004
2023-06-17 02:32:35,953|INFO|nn.computeOptunaObjective|Trial 29 objective:|0.4796511627906977
2023-06-17 02:32:37,505|INFO|nn.computeOptunaObjective|Trial 30 params:|{'n_layers': 4, 'architecture': 'linear', 'lr': 0.0001, 'n_epochs': 200}
2023-06-17 02:32:37,505|INFO|nn.computeOptunaObjective|Trial 30 balacc:|[0.49127906976744184]
2023-06-17 02:32:37,505|INFO|nn.computeOptunaObjective|Trial 30 rocauc:|[0.6902748414376321]
2023-06-17 02:32:37,505|INFO|nn.computeOptunaObjective|Trial 30 timings:|1.5413222999999974
2023-06-17 02:32:37,505|INFO|nn.computeOptunaObjective|Trial 30 objective:|0.49127906976744184
2023-06-17 02:32:38,225|INFO|nn.computeOptunaObjective|Trial 31 params:|{'n_layers': 3, 'architecture': 'top', 'lr': 0.0001, 'n_epochs': 100}
2023-06-17 02:32:38,225|INFO|nn.computeOptunaObjective|Trial 31 balacc:|[0.5]
2023-06-17 02:32:38,225|INFO|nn.computeOptunaObjective|Trial 31 rocauc:|[0.677061310782241]
2023-06-17 02:32:38,225|INFO|nn.computeOptunaObjective|Trial 31 timings:|0.7163196999999997
2023-06-17 02:32:38,225|INFO|nn.computeOptunaObjective|Trial 31 objective:|0.5
2023-06-17 02:32:39,664|INFO|nn.computeOptunaObjective|Trial 32 params:|{'n_layers': 4, 'architecture': 'inner', 'lr': 0.001, 'n_epochs': 200}
2023-06-17 02:32:39,664|INFO|nn.computeOptunaObjective|Trial 32 balacc:|[0.5478329809725159]
2023-06-17 02:32:39,664|INFO|nn.computeOptunaObjective|Trial 32 rocauc:|[0.69661733615222]
2023-06-17 02:32:39,664|INFO|nn.computeOptunaObjective|Trial 32 timings:|1.4406075999999999
2023-06-17 02:32:39,664|INFO|nn.computeOptunaObjective|Trial 32 objective:|0.5478329809725159
2023-06-17 02:32:40,737|INFO|nn.computeOptunaObjective|Trial 33 params:|{'n_layers': 3, 'architecture': 'bottom', 'lr': 0.001, 'n_epochs': 150}
2023-06-17 02:32:40,737|INFO|nn.computeOptunaObjective|Trial 33 balacc:|[0.5478329809725159]
2023-06-17 02:32:40,737|INFO|nn.computeOptunaObjective|Trial 33 rocauc:|[0.6871035940803382]
2023-06-17 02:32:40,737|INFO|nn.computeOptunaObjective|Trial 33 timings:|1.0657946000000038
2023-06-17 02:32:40,737|INFO|nn.computeOptunaObjective|Trial 33 objective:|0.5478329809725159
2023-06-17 02:32:42,187|INFO|nn.computeOptunaObjective|Trial 34 params:|{'n_layers': 3, 'architecture': 'inner', 'lr': 0.001, 'n_epochs': 200}
2023-06-17 02:32:42,187|INFO|nn.computeOptunaObjective|Trial 34 balacc:|[0.5478329809725159]
2023-06-17 02:32:42,187|INFO|nn.computeOptunaObjective|Trial 34 rocauc:|[0.6915961945031712]
2023-06-17 02:32:42,187|INFO|nn.computeOptunaObjective|Trial 34 timings:|1.4499613999999994
2023-06-17 02:32:42,187|INFO|nn.computeOptunaObjective|Trial 34 objective:|0.5478329809725159
2023-06-17 02:32:43,754|INFO|nn.computeOptunaObjective|Trial 35 params:|{'n_layers': 4, 'architecture': 'top', 'lr': 0.001, 'n_epochs': 200}
2023-06-17 02:32:43,754|INFO|nn.computeOptunaObjective|Trial 35 balacc:|[0.5705602536997886]
2023-06-17 02:32:43,754|INFO|nn.computeOptunaObjective|Trial 35 rocauc:|[0.6889534883720931]
2023-06-17 02:32:43,754|INFO|nn.computeOptunaObjective|Trial 35 timings:|1.5717477999999971
2023-06-17 02:32:43,770|INFO|nn.computeOptunaObjective|Trial 35 objective:|0.5705602536997886
2023-06-17 02:32:44,932|INFO|nn.computeOptunaObjective|Trial 36 params:|{'n_layers': 3, 'architecture': 'bottom', 'lr': 0.0001, 'n_epochs': 150}
2023-06-17 02:32:44,932|INFO|nn.computeOptunaObjective|Trial 36 balacc:|[0.5]
2023-06-17 02:32:44,932|INFO|nn.computeOptunaObjective|Trial 36 rocauc:|[0.686046511627907]
2023-06-17 02:32:44,932|INFO|nn.computeOptunaObjective|Trial 36 timings:|1.1731026
2023-06-17 02:32:44,932|INFO|nn.computeOptunaObjective|Trial 36 objective:|0.5
2023-06-17 02:32:46,031|INFO|nn.computeOptunaObjective|Trial 37 params:|{'n_layers': 3, 'architecture': 'linear', 'lr': 0.0001, 'n_epochs': 150}
2023-06-17 02:32:46,031|INFO|nn.computeOptunaObjective|Trial 37 balacc:|[0.49709302325581395]
2023-06-17 02:32:46,031|INFO|nn.computeOptunaObjective|Trial 37 rocauc:|[0.6757399577167019]
2023-06-17 02:32:46,031|INFO|nn.computeOptunaObjective|Trial 37 timings:|1.0866374000000008
2023-06-17 02:32:46,031|INFO|nn.computeOptunaObjective|Trial 37 objective:|0.49709302325581395
2023-06-17 02:32:47,410|INFO|nn.computeOptunaObjective|Trial 38 params:|{'n_layers': 4, 'architecture': 'bottom', 'lr': 0.001, 'n_epochs': 200}
2023-06-17 02:32:47,410|INFO|nn.computeOptunaObjective|Trial 38 balacc:|[0.5478329809725159]
2023-06-17 02:32:47,410|INFO|nn.computeOptunaObjective|Trial 38 rocauc:|[0.6921247357293868]
2023-06-17 02:32:47,410|INFO|nn.computeOptunaObjective|Trial 38 timings:|1.3686580999999975
2023-06-17 02:32:47,410|INFO|nn.computeOptunaObjective|Trial 38 objective:|0.5478329809725159
2023-06-17 02:32:48,614|INFO|nn.computeOptunaObjective|Trial 39 params:|{'n_layers': 4, 'architecture': 'top', 'lr': 0.0001, 'n_epochs': 150}
2023-06-17 02:32:48,614|INFO|nn.computeOptunaObjective|Trial 39 balacc:|[0.49709302325581395]
2023-06-17 02:32:48,614|INFO|nn.computeOptunaObjective|Trial 39 rocauc:|[0.6720401691331924]
2023-06-17 02:32:48,614|INFO|nn.computeOptunaObjective|Trial 39 timings:|1.2004921999999993
2023-06-17 02:32:48,614|INFO|nn.computeOptunaObjective|Trial 39 objective:|0.49709302325581395
2023-06-17 02:32:49,934|INFO|nn.computeOptunaObjective|Trial 40 params:|{'n_layers': 3, 'architecture': 'linear', 'lr': 0.001, 'n_epochs': 200}
2023-06-17 02:32:49,934|INFO|nn.computeOptunaObjective|Trial 40 balacc:|[0.5478329809725159]
2023-06-17 02:32:49,934|INFO|nn.computeOptunaObjective|Trial 40 rocauc:|[0.6929175475687104]
2023-06-17 02:32:49,934|INFO|nn.computeOptunaObjective|Trial 40 timings:|1.3263537999999997
2023-06-17 02:32:49,934|INFO|nn.computeOptunaObjective|Trial 40 objective:|0.5478329809725159
2023-06-17 02:32:51,368|INFO|nn.computeOptunaObjective|Trial 41 params:|{'n_layers': 4, 'architecture': 'outer', 'lr': 0.001, 'n_epochs': 200}
2023-06-17 02:32:51,368|INFO|nn.computeOptunaObjective|Trial 41 balacc:|[0.5478329809725159]
2023-06-17 02:32:51,368|INFO|nn.computeOptunaObjective|Trial 41 rocauc:|[0.6902748414376321]
2023-06-17 02:32:51,368|INFO|nn.computeOptunaObjective|Trial 41 timings:|1.4177165999999986
2023-06-17 02:32:51,368|INFO|nn.computeOptunaObjective|Trial 41 objective:|0.5478329809725159
2023-06-17 02:32:52,339|INFO|nn.computeOptunaObjective|Trial 42 params:|{'n_layers': 2, 'architecture': 'linear', 'lr': 0.0001, 'n_epochs': 150}
2023-06-17 02:32:52,339|INFO|nn.computeOptunaObjective|Trial 42 balacc:|[0.4941860465116279]
2023-06-17 02:32:52,339|INFO|nn.computeOptunaObjective|Trial 42 rocauc:|[0.6812896405919662]
2023-06-17 02:32:52,339|INFO|nn.computeOptunaObjective|Trial 42 timings:|0.9747835000000009
2023-06-17 02:32:52,339|INFO|nn.computeOptunaObjective|Trial 42 objective:|0.4941860465116279
2023-06-17 02:32:53,432|INFO|nn.computeOptunaObjective|Trial 43 params:|{'n_layers': 4, 'architecture': 'linear', 'lr': 0.0001, 'n_epochs': 150}
2023-06-17 02:32:53,432|INFO|nn.computeOptunaObjective|Trial 43 balacc:|[0.49709302325581395]
2023-06-17 02:32:53,432|INFO|nn.computeOptunaObjective|Trial 43 rocauc:|[0.672568710359408]
2023-06-17 02:32:53,432|INFO|nn.computeOptunaObjective|Trial 43 timings:|1.0888233000000014
2023-06-17 02:32:53,432|INFO|nn.computeOptunaObjective|Trial 43 objective:|0.49709302325581395
2023-06-17 02:32:54,914|INFO|nn.computeOptunaObjective|Trial 44 params:|{'n_layers': 4, 'architecture': 'outer', 'lr': 0.0001, 'n_epochs': 200}
2023-06-17 02:32:54,914|INFO|nn.computeOptunaObjective|Trial 44 balacc:|[0.49709302325581395]
2023-06-17 02:32:54,914|INFO|nn.computeOptunaObjective|Trial 44 rocauc:|[0.6704545454545454]
2023-06-17 02:32:54,914|INFO|nn.computeOptunaObjective|Trial 44 timings:|1.482413600000001
2023-06-17 02:32:54,914|INFO|nn.computeOptunaObjective|Trial 44 objective:|0.49709302325581395
2023-06-17 02:32:55,583|INFO|nn.computeOptunaObjective|Trial 45 params:|{'n_layers': 4, 'architecture': 'bottom', 'lr': 0.001, 'n_epochs': 100}
2023-06-17 02:32:55,583|INFO|nn.computeOptunaObjective|Trial 45 balacc:|[0.5251057082452432]
2023-06-17 02:32:55,583|INFO|nn.computeOptunaObjective|Trial 45 rocauc:|[0.6878964059196617]
2023-06-17 02:32:55,583|INFO|nn.computeOptunaObjective|Trial 45 timings:|0.6619832000000017
2023-06-17 02:32:55,583|INFO|nn.computeOptunaObjective|Trial 45 objective:|0.5251057082452432
2023-06-17 02:32:56,959|INFO|nn.computeOptunaObjective|Trial 46 params:|{'n_layers': 3, 'architecture': 'inner', 'lr': 0.0001, 'n_epochs': 200}
2023-06-17 02:32:56,959|INFO|nn.computeOptunaObjective|Trial 46 balacc:|[0.49127906976744184]
2023-06-17 02:32:56,959|INFO|nn.computeOptunaObjective|Trial 46 rocauc:|[0.6789112050739958]
2023-06-17 02:32:56,959|INFO|nn.computeOptunaObjective|Trial 46 timings:|1.3667329999999964
2023-06-17 02:32:56,959|INFO|nn.computeOptunaObjective|Trial 46 objective:|0.49127906976744184
2023-06-17 02:32:57,919|INFO|nn.computeOptunaObjective|Trial 47 params:|{'n_layers': 2, 'architecture': 'top', 'lr': 0.001, 'n_epochs': 150}
2023-06-17 02:32:57,919|INFO|nn.computeOptunaObjective|Trial 47 balacc:|[0.5251057082452432]
2023-06-17 02:32:57,919|INFO|nn.computeOptunaObjective|Trial 47 rocauc:|[0.7048097251585623]
2023-06-17 02:32:57,919|INFO|nn.computeOptunaObjective|Trial 47 timings:|0.9503297999999987
2023-06-17 02:32:57,919|INFO|nn.computeOptunaObjective|Trial 47 objective:|0.5251057082452432
2023-06-17 02:32:58,592|INFO|nn.computeOptunaObjective|Trial 48 params:|{'n_layers': 2, 'architecture': 'inner', 'lr': 0.001, 'n_epochs': 100}
2023-06-17 02:32:58,592|INFO|nn.computeOptunaObjective|Trial 48 balacc:|[0.49709302325581395]
2023-06-17 02:32:58,592|INFO|nn.computeOptunaObjective|Trial 48 rocauc:|[0.695031712473573]
2023-06-17 02:32:58,592|INFO|nn.computeOptunaObjective|Trial 48 timings:|0.6664296000000007
2023-06-17 02:32:58,592|INFO|nn.computeOptunaObjective|Trial 48 objective:|0.49709302325581395
2023-06-17 02:32:59,838|INFO|nn.computeOptunaObjective|Trial 49 params:|{'n_layers': 2, 'architecture': 'outer', 'lr': 0.0001, 'n_epochs': 200}
2023-06-17 02:32:59,838|INFO|nn.computeOptunaObjective|Trial 49 balacc:|[0.48546511627906974]
2023-06-17 02:32:59,838|INFO|nn.computeOptunaObjective|Trial 49 rocauc:|[0.6847251585623678]
2023-06-17 02:32:59,838|INFO|nn.computeOptunaObjective|Trial 49 timings:|1.2434883999999968
2023-06-17 02:32:59,838|INFO|nn.computeOptunaObjective|Trial 49 objective:|0.48546511627906974
2023-06-17 02:33:00,527|INFO|nn.computeOptunaObjective|Trial 50 params:|{'n_layers': 2, 'architecture': 'top', 'lr': 0.001, 'n_epochs': 100}
2023-06-17 02:33:00,527|INFO|nn.computeOptunaObjective|Trial 50 balacc:|[0.5023784355179705]
2023-06-17 02:33:00,527|INFO|nn.computeOptunaObjective|Trial 50 rocauc:|[0.7066596194503171]
2023-06-17 02:33:00,527|INFO|nn.computeOptunaObjective|Trial 50 timings:|0.6832445000000007
2023-06-17 02:33:00,527|INFO|nn.computeOptunaObjective|Trial 50 objective:|0.5023784355179705
2023-06-17 02:33:01,879|INFO|nn.computeOptunaObjective|Trial 51 params:|{'n_layers': 3, 'architecture': 'top', 'lr': 0.001, 'n_epochs': 200}
2023-06-17 02:33:01,879|INFO|nn.computeOptunaObjective|Trial 51 balacc:|[0.5251057082452432]
2023-06-17 02:33:01,879|INFO|nn.computeOptunaObjective|Trial 51 rocauc:|[0.6966173361522199]
2023-06-17 02:33:01,879|INFO|nn.computeOptunaObjective|Trial 51 timings:|1.349343900000001
2023-06-17 02:33:01,879|INFO|nn.computeOptunaObjective|Trial 51 objective:|0.5251057082452432
2023-06-17 02:33:02,534|INFO|nn.computeOptunaObjective|Trial 52 params:|{'n_layers': 2, 'architecture': 'bottom', 'lr': 0.001, 'n_epochs': 100}
2023-06-17 02:33:02,534|INFO|nn.computeOptunaObjective|Trial 52 balacc:|[0.5023784355179705]
2023-06-17 02:33:02,534|INFO|nn.computeOptunaObjective|Trial 52 rocauc:|[0.6931818181818181]
2023-06-17 02:33:02,534|INFO|nn.computeOptunaObjective|Trial 52 timings:|0.6533413999999951
2023-06-17 02:33:02,534|INFO|nn.computeOptunaObjective|Trial 52 objective:|0.5023784355179705
2023-06-17 02:33:03,483|INFO|nn.computeOptunaObjective|Trial 53 params:|{'n_layers': 2, 'architecture': 'outer', 'lr': 0.001, 'n_epochs': 150}
2023-06-17 02:33:03,483|INFO|nn.computeOptunaObjective|Trial 53 balacc:|[0.5478329809725159]
2023-06-17 02:33:03,483|INFO|nn.computeOptunaObjective|Trial 53 rocauc:|[0.6945031712473573]
2023-06-17 02:33:03,483|INFO|nn.computeOptunaObjective|Trial 53 timings:|0.9486850999999987
2023-06-17 02:33:03,483|INFO|nn.computeOptunaObjective|Trial 53 objective:|0.5478329809725159
2023-06-17 02:33:04,173|INFO|nn.computeOptunaObjective|Trial 54 params:|{'n_layers': 3, 'architecture': 'inner', 'lr': 0.001, 'n_epochs': 100}
2023-06-17 02:33:04,173|INFO|nn.computeOptunaObjective|Trial 54 balacc:|[0.5478329809725159]
2023-06-17 02:33:04,173|INFO|nn.computeOptunaObjective|Trial 54 rocauc:|[0.7021670190274841]
2023-06-17 02:33:04,173|INFO|nn.computeOptunaObjective|Trial 54 timings:|0.6792225000000016
2023-06-17 02:33:04,173|INFO|nn.computeOptunaObjective|Trial 54 objective:|0.5478329809725159
2023-06-17 02:33:05,165|INFO|nn.computeOptunaObjective|Trial 55 params:|{'n_layers': 3, 'architecture': 'inner', 'lr': 0.001, 'n_epochs': 150}
2023-06-17 02:33:05,165|INFO|nn.computeOptunaObjective|Trial 55 balacc:|[0.5478329809725159]
2023-06-17 02:33:05,165|INFO|nn.computeOptunaObjective|Trial 55 rocauc:|[0.6968816067653276]
2023-06-17 02:33:05,165|INFO|nn.computeOptunaObjective|Trial 55 timings:|0.9933679999999967
2023-06-17 02:33:05,165|INFO|nn.computeOptunaObjective|Trial 55 objective:|0.5478329809725159
2023-06-17 02:33:06,208|INFO|nn.computeOptunaObjective|Trial 56 params:|{'n_layers': 4, 'architecture': 'bottom', 'lr': 0.0001, 'n_epochs': 150}
2023-06-17 02:33:06,208|INFO|nn.computeOptunaObjective|Trial 56 balacc:|[0.5]
2023-06-17 02:33:06,208|INFO|nn.computeOptunaObjective|Trial 56 rocauc:|[0.6794397463002114]
2023-06-17 02:33:06,208|INFO|nn.computeOptunaObjective|Trial 56 timings:|1.024666400000001
2023-06-17 02:33:06,208|INFO|nn.computeOptunaObjective|Trial 56 objective:|0.5
2023-06-17 02:33:06,856|INFO|nn.computeOptunaObjective|Trial 57 params:|{'n_layers': 2, 'architecture': 'linear', 'lr': 0.001, 'n_epochs': 100}
2023-06-17 02:33:06,856|INFO|nn.computeOptunaObjective|Trial 57 balacc:|[0.5478329809725159]
2023-06-17 02:33:06,856|INFO|nn.computeOptunaObjective|Trial 57 rocauc:|[0.6984672304439745]
2023-06-17 02:33:06,856|INFO|nn.computeOptunaObjective|Trial 57 timings:|0.6464165999999949
2023-06-17 02:33:06,856|INFO|nn.computeOptunaObjective|Trial 57 objective:|0.5478329809725159
2023-06-17 02:33:08,145|INFO|nn.computeOptunaObjective|Trial 58 params:|{'n_layers': 2, 'architecture': 'top', 'lr': 0.0001, 'n_epochs': 200}
2023-06-17 02:33:08,145|INFO|nn.computeOptunaObjective|Trial 58 balacc:|[0.48546511627906974]
2023-06-17 02:33:08,145|INFO|nn.computeOptunaObjective|Trial 58 rocauc:|[0.6855179704016913]
2023-06-17 02:33:08,145|INFO|nn.computeOptunaObjective|Trial 58 timings:|1.2815925999999962
2023-06-17 02:33:08,145|INFO|nn.computeOptunaObjective|Trial 58 objective:|0.48546511627906974
2023-06-17 02:33:08,848|INFO|nn.computeOptunaObjective|Trial 59 params:|{'n_layers': 2, 'architecture': 'linear', 'lr': 0.0001, 'n_epochs': 100}
2023-06-17 02:33:08,848|INFO|nn.computeOptunaObjective|Trial 59 balacc:|[0.5]
2023-06-17 02:33:08,848|INFO|nn.computeOptunaObjective|Trial 59 rocauc:|[0.6775898520084567]
2023-06-17 02:33:08,848|INFO|nn.computeOptunaObjective|Trial 59 timings:|0.698220400000011
2023-06-17 02:33:08,848|INFO|nn.computeOptunaObjective|Trial 59 objective:|0.5
2023-06-17 02:33:10,198|INFO|nn.computeOptunaObjective|Trial 60 params:|{'n_layers': 2, 'architecture': 'linear', 'lr': 0.0001, 'n_epochs': 200}
2023-06-17 02:33:10,198|INFO|nn.computeOptunaObjective|Trial 60 balacc:|[0.4883720930232558]
2023-06-17 02:33:10,198|INFO|nn.computeOptunaObjective|Trial 60 rocauc:|[0.6812896405919662]
2023-06-17 02:33:10,198|INFO|nn.computeOptunaObjective|Trial 60 timings:|1.3461654000000038
2023-06-17 02:33:10,198|INFO|nn.computeOptunaObjective|Trial 60 objective:|0.4883720930232558
2023-06-17 02:33:10,879|INFO|nn.computeOptunaObjective|Trial 61 params:|{'n_layers': 2, 'architecture': 'outer', 'lr': 0.001, 'n_epochs': 100}
2023-06-17 02:33:10,879|INFO|nn.computeOptunaObjective|Trial 61 balacc:|[0.5478329809725159]
2023-06-17 02:33:10,879|INFO|nn.computeOptunaObjective|Trial 61 rocauc:|[0.6995243128964059]
2023-06-17 02:33:10,879|INFO|nn.computeOptunaObjective|Trial 61 timings:|0.6784775999999937
2023-06-17 02:33:10,879|INFO|nn.computeOptunaObjective|Trial 61 objective:|0.5478329809725159
2023-06-17 02:33:11,956|INFO|nn.computeOptunaObjective|Trial 62 params:|{'n_layers': 4, 'architecture': 'bottom', 'lr': 0.001, 'n_epochs': 150}
2023-06-17 02:33:11,956|INFO|nn.computeOptunaObjective|Trial 62 balacc:|[0.5478329809725159]
2023-06-17 02:33:11,956|INFO|nn.computeOptunaObjective|Trial 62 rocauc:|[0.6908033826638478]
2023-06-17 02:33:11,956|INFO|nn.computeOptunaObjective|Trial 62 timings:|1.0716719999999924
2023-06-17 02:33:11,956|INFO|nn.computeOptunaObjective|Trial 62 objective:|0.5478329809725159
2023-06-17 02:33:13,029|INFO|nn.computeOptunaObjective|Trial 63 params:|{'n_layers': 2, 'architecture': 'top', 'lr': 0.0001, 'n_epochs': 150}
2023-06-17 02:33:13,029|INFO|nn.computeOptunaObjective|Trial 63 balacc:|[0.4941860465116279]
2023-06-17 02:33:13,029|INFO|nn.computeOptunaObjective|Trial 63 rocauc:|[0.6836680761099365]
2023-06-17 02:33:13,029|INFO|nn.computeOptunaObjective|Trial 63 timings:|1.0619648000000126
2023-06-17 02:33:13,029|INFO|nn.computeOptunaObjective|Trial 63 objective:|0.4941860465116279
2023-06-17 02:33:14,089|INFO|nn.computeOptunaObjective|Trial 64 params:|{'n_layers': 3, 'architecture': 'inner', 'lr': 0.0001, 'n_epochs': 150}
2023-06-17 02:33:14,089|INFO|nn.computeOptunaObjective|Trial 64 balacc:|[0.49709302325581395]
2023-06-17 02:33:14,089|INFO|nn.computeOptunaObjective|Trial 64 rocauc:|[0.6762684989429176]
2023-06-17 02:33:14,089|INFO|nn.computeOptunaObjective|Trial 64 timings:|1.0649484999999999
2023-06-17 02:33:14,089|INFO|nn.computeOptunaObjective|Trial 64 objective:|0.49709302325581395
2023-06-17 02:33:14,799|INFO|nn.computeOptunaObjective|Trial 65 params:|{'n_layers': 3, 'architecture': 'outer', 'lr': 0.0001, 'n_epochs': 100}
2023-06-17 02:33:14,799|INFO|nn.computeOptunaObjective|Trial 65 balacc:|[0.5]
2023-06-17 02:33:14,799|INFO|nn.computeOptunaObjective|Trial 65 rocauc:|[0.679968287526427]
2023-06-17 02:33:14,799|INFO|nn.computeOptunaObjective|Trial 65 timings:|0.6900473999999974
2023-06-17 02:33:14,799|INFO|nn.computeOptunaObjective|Trial 65 objective:|0.5
2023-06-17 02:33:15,788|INFO|nn.computeOptunaObjective|Trial 66 params:|{'n_layers': 2, 'architecture': 'inner', 'lr': 0.001, 'n_epochs': 150}
2023-06-17 02:33:15,788|INFO|nn.computeOptunaObjective|Trial 66 balacc:|[0.5251057082452432]
2023-06-17 02:33:15,788|INFO|nn.computeOptunaObjective|Trial 66 rocauc:|[0.6926532769556025]
2023-06-17 02:33:15,788|INFO|nn.computeOptunaObjective|Trial 66 timings:|0.9936342999999965
2023-06-17 02:33:15,788|INFO|nn.computeOptunaObjective|Trial 66 objective:|0.5251057082452432
2023-06-17 02:33:16,549|INFO|nn.computeOptunaObjective|Trial 67 params:|{'n_layers': 4, 'architecture': 'linear', 'lr': 0.0001, 'n_epochs': 100}
2023-06-17 02:33:16,549|INFO|nn.computeOptunaObjective|Trial 67 balacc:|[0.5]
2023-06-17 02:33:16,549|INFO|nn.computeOptunaObjective|Trial 67 rocauc:|[0.6775898520084567]
2023-06-17 02:33:16,549|INFO|nn.computeOptunaObjective|Trial 67 timings:|0.7441433000000046
2023-06-17 02:33:16,549|INFO|nn.computeOptunaObjective|Trial 67 objective:|0.5
2023-06-17 02:33:17,184|INFO|nn.computeOptunaObjective|Trial 68 params:|{'n_layers': 2, 'architecture': 'outer', 'lr': 0.0001, 'n_epochs': 100}
2023-06-17 02:33:17,184|INFO|nn.computeOptunaObjective|Trial 68 balacc:|[0.5]
2023-06-17 02:33:17,184|INFO|nn.computeOptunaObjective|Trial 68 rocauc:|[0.672568710359408]
2023-06-17 02:33:17,184|INFO|nn.computeOptunaObjective|Trial 68 timings:|0.6344269000000082
2023-06-17 02:33:17,184|INFO|nn.computeOptunaObjective|Trial 68 objective:|0.5
2023-06-17 02:33:18,253|INFO|nn.computeOptunaObjective|Trial 69 params:|{'n_layers': 4, 'architecture': 'inner', 'lr': 0.0001, 'n_epochs': 150}
2023-06-17 02:33:18,253|INFO|nn.computeOptunaObjective|Trial 69 balacc:|[0.49709302325581395]
2023-06-17 02:33:18,253|INFO|nn.computeOptunaObjective|Trial 69 rocauc:|[0.674154334038055]
2023-06-17 02:33:18,253|INFO|nn.computeOptunaObjective|Trial 69 timings:|1.0653127999999867
2023-06-17 02:33:18,253|INFO|nn.computeOptunaObjective|Trial 69 objective:|0.49709302325581395
2023-06-17 02:33:19,810|INFO|nn.computeOptunaObjective|Trial 70 params:|{'n_layers': 4, 'architecture': 'top', 'lr': 0.0001, 'n_epochs': 200}
2023-06-17 02:33:19,810|INFO|nn.computeOptunaObjective|Trial 70 balacc:|[0.48546511627906974]
2023-06-17 02:33:19,810|INFO|nn.computeOptunaObjective|Trial 70 rocauc:|[0.6797040169133193]
2023-06-17 02:33:19,810|INFO|nn.computeOptunaObjective|Trial 70 timings:|1.5433589999999953
2023-06-17 02:33:19,810|INFO|nn.computeOptunaObjective|Trial 70 objective:|0.48546511627906974
2023-06-17 02:33:20,467|INFO|nn.computeOptunaObjective|Trial 71 params:|{'n_layers': 2, 'architecture': 'inner', 'lr': 0.0001, 'n_epochs': 100}
2023-06-17 02:33:20,467|INFO|nn.computeOptunaObjective|Trial 71 balacc:|[0.5]
2023-06-17 02:33:20,467|INFO|nn.computeOptunaObjective|Trial 71 rocauc:|[0.6670190274841437]
2023-06-17 02:33:20,467|INFO|nn.computeOptunaObjective|Trial 71 timings:|0.659007900000006
2023-06-17 02:33:20,467|INFO|nn.computeOptunaObjective|Trial 71 objective:|0.5
2023-06-17 02:33:21,107|INFO|nn.computeOptunaObjective|Trial 72 params:|{'n_layers': 2, 'architecture': 'top', 'lr': 0.0001, 'n_epochs': 100}
2023-06-17 02:33:21,107|INFO|nn.computeOptunaObjective|Trial 72 balacc:|[0.5]
2023-06-17 02:33:21,107|INFO|nn.computeOptunaObjective|Trial 72 rocauc:|[0.6791754756871037]
2023-06-17 02:33:21,107|INFO|nn.computeOptunaObjective|Trial 72 timings:|0.631385899999998
2023-06-17 02:33:21,107|INFO|nn.computeOptunaObjective|Trial 72 objective:|0.5
2023-06-17 02:33:22,513|INFO|nn.computeOptunaObjective|Trial 73 params:|{'n_layers': 4, 'architecture': 'inner', 'lr': 0.0001, 'n_epochs': 200}
2023-06-17 02:33:22,513|INFO|nn.computeOptunaObjective|Trial 73 balacc:|[0.48546511627906974]
2023-06-17 02:33:22,513|INFO|nn.computeOptunaObjective|Trial 73 rocauc:|[0.6884249471458774]
2023-06-17 02:33:22,513|INFO|nn.computeOptunaObjective|Trial 73 timings:|1.4007861999999989
2023-06-17 02:33:22,513|INFO|nn.computeOptunaObjective|Trial 73 objective:|0.48546511627906974
2023-06-17 02:33:23,207|INFO|nn.computeOptunaObjective|Trial 74 params:|{'n_layers': 3, 'architecture': 'linear', 'lr': 0.001, 'n_epochs': 100}
2023-06-17 02:33:23,207|INFO|nn.computeOptunaObjective|Trial 74 balacc:|[0.5478329809725159]
2023-06-17 02:33:23,207|INFO|nn.computeOptunaObjective|Trial 74 rocauc:|[0.6992600422832981]
2023-06-17 02:33:23,207|INFO|nn.computeOptunaObjective|Trial 74 timings:|0.6823891999999887
2023-06-17 02:33:23,207|INFO|nn.computeOptunaObjective|Trial 74 objective:|0.5478329809725159
2023-06-17 02:33:24,558|INFO|nn.computeOptunaObjective|Trial 75 params:|{'n_layers': 3, 'architecture': 'bottom', 'lr': 0.001, 'n_epochs': 200}
2023-06-17 02:33:24,558|INFO|nn.computeOptunaObjective|Trial 75 balacc:|[0.5478329809725159]
2023-06-17 02:33:24,558|INFO|nn.computeOptunaObjective|Trial 75 rocauc:|[0.6900105708245243]
2023-06-17 02:33:24,558|INFO|nn.computeOptunaObjective|Trial 75 timings:|1.3416426000000001
2023-06-17 02:33:24,558|INFO|nn.computeOptunaObjective|Trial 75 objective:|0.5478329809725159
2023-06-17 02:33:25,214|INFO|nn.computeOptunaObjective|Trial 76 params:|{'n_layers': 2, 'architecture': 'bottom', 'lr': 0.0001, 'n_epochs': 100}
2023-06-17 02:33:25,214|INFO|nn.computeOptunaObjective|Trial 76 balacc:|[0.5]
2023-06-17 02:33:25,214|INFO|nn.computeOptunaObjective|Trial 76 rocauc:|[0.6445560253699788]
2023-06-17 02:33:25,214|INFO|nn.computeOptunaObjective|Trial 76 timings:|0.656552700000006
2023-06-17 02:33:25,214|INFO|nn.computeOptunaObjective|Trial 76 objective:|0.5
2023-06-17 02:33:25,893|INFO|nn.computeOptunaObjective|Trial 77 params:|{'n_layers': 4, 'architecture': 'outer', 'lr': 0.0001, 'n_epochs': 100}
2023-06-17 02:33:25,893|INFO|nn.computeOptunaObjective|Trial 77 balacc:|[0.5]
2023-06-17 02:33:25,893|INFO|nn.computeOptunaObjective|Trial 77 rocauc:|[0.6762684989429175]
2023-06-17 02:33:25,893|INFO|nn.computeOptunaObjective|Trial 77 timings:|0.6702270000000112
2023-06-17 02:33:25,893|INFO|nn.computeOptunaObjective|Trial 77 objective:|0.5
2023-06-17 02:33:27,251|INFO|nn.computeOptunaObjective|Trial 78 params:|{'n_layers': 2, 'architecture': 'linear', 'lr': 0.001, 'n_epochs': 200}
2023-06-17 02:33:27,251|INFO|nn.computeOptunaObjective|Trial 78 balacc:|[0.5449260042283298]
2023-06-17 02:33:27,251|INFO|nn.computeOptunaObjective|Trial 78 rocauc:|[0.6884249471458774]
2023-06-17 02:33:27,251|INFO|nn.computeOptunaObjective|Trial 78 timings:|1.3553830999999974
2023-06-17 02:33:27,251|INFO|nn.computeOptunaObjective|Trial 78 objective:|0.5449260042283298
2023-06-17 02:33:28,289|INFO|nn.computeOptunaObjective|Trial 79 params:|{'n_layers': 3, 'architecture': 'top', 'lr': 0.0001, 'n_epochs': 150}
2023-06-17 02:33:28,289|INFO|nn.computeOptunaObjective|Trial 79 balacc:|[0.49709302325581395]
2023-06-17 02:33:28,289|INFO|nn.computeOptunaObjective|Trial 79 rocauc:|[0.6664904862579281]
2023-06-17 02:33:28,289|INFO|nn.computeOptunaObjective|Trial 79 timings:|1.0358970000000056
2023-06-17 02:33:28,289|INFO|nn.computeOptunaObjective|Trial 79 objective:|0.49709302325581395
2023-06-17 02:33:29,672|INFO|nn.computeOptunaObjective|Trial 80 params:|{'n_layers': 3, 'architecture': 'outer', 'lr': 0.001, 'n_epochs': 200}
2023-06-17 02:33:29,672|INFO|nn.computeOptunaObjective|Trial 80 balacc:|[0.5478329809725159]
2023-06-17 02:33:29,672|INFO|nn.computeOptunaObjective|Trial 80 rocauc:|[0.6982029598308669]
2023-06-17 02:33:29,672|INFO|nn.computeOptunaObjective|Trial 80 timings:|1.3621374999999887
2023-06-17 02:33:29,672|INFO|nn.computeOptunaObjective|Trial 80 objective:|0.5478329809725159
2023-06-17 02:33:30,726|INFO|nn.computeOptunaObjective|Trial 81 params:|{'n_layers': 4, 'architecture': 'outer', 'lr': 0.0001, 'n_epochs': 150}
2023-06-17 02:33:30,726|INFO|nn.computeOptunaObjective|Trial 81 balacc:|[0.5]
2023-06-17 02:33:30,726|INFO|nn.computeOptunaObjective|Trial 81 rocauc:|[0.6762684989429176]
2023-06-17 02:33:30,726|INFO|nn.computeOptunaObjective|Trial 81 timings:|1.060898800000004
2023-06-17 02:33:30,726|INFO|nn.computeOptunaObjective|Trial 81 objective:|0.5
2023-06-17 02:33:32,039|INFO|nn.computeOptunaObjective|Trial 82 params:|{'n_layers': 2, 'architecture': 'bottom', 'lr': 0.0001, 'n_epochs': 200}
2023-06-17 02:33:32,039|INFO|nn.computeOptunaObjective|Trial 82 balacc:|[0.4883720930232558]
2023-06-17 02:33:32,039|INFO|nn.computeOptunaObjective|Trial 82 rocauc:|[0.6802325581395348]
2023-06-17 02:33:32,039|INFO|nn.computeOptunaObjective|Trial 82 timings:|1.2946737999999982
2023-06-17 02:33:32,039|INFO|nn.computeOptunaObjective|Trial 82 objective:|0.4883720930232558
2023-06-17 02:33:33,172|INFO|nn.computeOptunaObjective|Trial 83 params:|{'n_layers': 4, 'architecture': 'inner', 'lr': 0.001, 'n_epochs': 150}
2023-06-17 02:33:33,172|INFO|nn.computeOptunaObjective|Trial 83 balacc:|[0.5023784355179705]
2023-06-17 02:33:33,172|INFO|nn.computeOptunaObjective|Trial 83 rocauc:|[0.6929175475687104]
2023-06-17 02:33:33,172|INFO|nn.computeOptunaObjective|Trial 83 timings:|1.1302436
2023-06-17 02:33:33,172|INFO|nn.computeOptunaObjective|Trial 83 objective:|0.5023784355179705
2023-06-17 02:33:33,851|INFO|nn.computeOptunaObjective|Trial 84 params:|{'n_layers': 3, 'architecture': 'bottom', 'lr': 0.0001, 'n_epochs': 100}
2023-06-17 02:33:33,851|INFO|nn.computeOptunaObjective|Trial 84 balacc:|[0.5]
2023-06-17 02:33:33,851|INFO|nn.computeOptunaObjective|Trial 84 rocauc:|[0.6461416490486258]
2023-06-17 02:33:33,851|INFO|nn.computeOptunaObjective|Trial 84 timings:|0.6697834999999941
2023-06-17 02:33:33,851|INFO|nn.computeOptunaObjective|Trial 84 objective:|0.5
2023-06-17 02:33:34,601|INFO|nn.computeOptunaObjective|Trial 85 params:|{'n_layers': 4, 'architecture': 'linear', 'lr': 0.001, 'n_epochs': 100}
2023-06-17 02:33:34,601|INFO|nn.computeOptunaObjective|Trial 85 balacc:|[0.5449260042283298]
2023-06-17 02:33:34,601|INFO|nn.computeOptunaObjective|Trial 85 rocauc:|[0.6966173361522199]
2023-06-17 02:33:34,601|INFO|nn.computeOptunaObjective|Trial 85 timings:|0.7446600000000103
2023-06-17 02:33:34,601|INFO|nn.computeOptunaObjective|Trial 85 objective:|0.5449260042283298
2023-06-17 02:33:35,624|INFO|nn.computeOptunaObjective|Trial 86 params:|{'n_layers': 3, 'architecture': 'linear', 'lr': 0.001, 'n_epochs': 150}
2023-06-17 02:33:35,624|INFO|nn.computeOptunaObjective|Trial 86 balacc:|[0.5251057082452432]
2023-06-17 02:33:35,624|INFO|nn.computeOptunaObjective|Trial 86 rocauc:|[0.6942389006342495]
2023-06-17 02:33:35,624|INFO|nn.computeOptunaObjective|Trial 86 timings:|1.0146665999999982
2023-06-17 02:33:35,624|INFO|nn.computeOptunaObjective|Trial 86 objective:|0.5251057082452432
2023-06-17 02:33:36,335|INFO|nn.computeOptunaObjective|Trial 87 params:|{'n_layers': 4, 'architecture': 'inner', 'lr': 0.0001, 'n_epochs': 100}
2023-06-17 02:33:36,335|INFO|nn.computeOptunaObjective|Trial 87 balacc:|[0.5]
2023-06-17 02:33:36,335|INFO|nn.computeOptunaObjective|Trial 87 rocauc:|[0.6773255813953488]
2023-06-17 02:33:36,335|INFO|nn.computeOptunaObjective|Trial 87 timings:|0.7066561000000036
2023-06-17 02:33:36,335|INFO|nn.computeOptunaObjective|Trial 87 objective:|0.5
2023-06-17 02:33:37,780|INFO|nn.computeOptunaObjective|Trial 88 params:|{'n_layers': 4, 'architecture': 'bottom', 'lr': 0.0001, 'n_epochs': 200}
2023-06-17 02:33:37,780|INFO|nn.computeOptunaObjective|Trial 88 balacc:|[0.49709302325581395]
2023-06-17 02:33:37,780|INFO|nn.computeOptunaObjective|Trial 88 rocauc:|[0.6812896405919662]
2023-06-17 02:33:37,780|INFO|nn.computeOptunaObjective|Trial 88 timings:|1.4355792000000065
2023-06-17 02:33:37,780|INFO|nn.computeOptunaObjective|Trial 88 objective:|0.49709302325581395
2023-06-17 02:33:39,006|INFO|nn.computeOptunaObjective|Trial 89 params:|{'n_layers': 4, 'architecture': 'outer', 'lr': 0.001, 'n_epochs': 150}
2023-06-17 02:33:39,006|INFO|nn.computeOptunaObjective|Trial 89 balacc:|[0.5478329809725159]
2023-06-17 02:33:39,006|INFO|nn.computeOptunaObjective|Trial 89 rocauc:|[0.6945031712473573]
2023-06-17 02:33:39,006|INFO|nn.computeOptunaObjective|Trial 89 timings:|1.2286334000000068
2023-06-17 02:33:39,006|INFO|nn.computeOptunaObjective|Trial 89 objective:|0.5478329809725159
2023-06-17 02:33:39,022|INFO|mtg.runMTGExperiment|Best trial number:|35
2023-06-17 02:33:39,022|INFO|mtg.runMTGExperiment|Best trial objective:|0.5705602536997886
2023-06-17 02:33:39,022|INFO|mtg.runMTGExperiment|Best trial params:|{'n_layers': 4, 'architecture': 'top', 'lr': 0.001, 'n_epochs': 200}
2023-06-17 02:33:39,022|INFO|nn.loadModellingDataset|Trainval descriptors loaded (features, instances):|1024|865
2023-06-17 02:33:39,022|INFO|nn.loadModellingDataset|Trainval endpoints loaded (tasks, instances):|1|865
2023-06-17 02:33:39,022|INFO|nn.loadModellingDataset|Test descriptors loaded (features, instances):|1024|101
2023-06-17 02:33:39,022|INFO|nn.loadModellingDataset|Test endpoints loaded (tasks, instances):|1|101
2023-06-17 02:33:39,022|INFO|mtg.runMTGExperiment|Final neural network hyperparams:|{'n_layers': 4, 'architecture': 'top', 'lr': 0.001, 'n_epochs': 200, 'best_trial_num': 35}
2023-06-17 02:33:40,959|INFO|nn.testFinalModel|Final model test balacc:|[0.6335164835164835]
2023-06-17 02:33:40,959|INFO|nn.testFinalModel|Final model test rocauc:|[0.7197802197802199]
2023-06-17 02:33:40,975|INFO|mtg.runMTGExperiment|Mechanistic task grouping experiment timing:|98.09513150000001
2023-06-17 02:33:40,975|INFO|mtg.runMTGExperiment|DONE
