2023-06-17 04:19:38,874|INFO|__main__.startLogging|>>>> START LOGGING A GMTAMES EXPERIMENT
2023-06-17 04:19:38,874|INFO|__main__.startLogging|mode:|mtg
2023-06-17 04:19:38,874|INFO|__main__.startLogging|tasks:|TA100_S9,TA102_S9,TA104_S9,TA1535_S9,TA1537_S9,TA1538_S9,TA97_S9,TA98_S9
2023-06-17 04:19:38,874|INFO|__main__.startLogging|testsplit:|scaffold
2023-06-17 04:19:38,874|INFO|__main__.startLogging|output:|mtg_experiment_scaffold
2023-06-17 04:19:38,874|INFO|__main__.startLogging|device:|titanv
2023-06-17 04:19:38,874|INFO|__main__.startLogging|DONE
2023-06-17 04:19:38,874|INFO|mtg.runMTGExperiment|>>>> RUNNING MECHANISTIC TASK GROUPING EXPERIMENT
2023-06-17 04:19:42,685|INFO|mtg.runMTGExperiment|Device confirmed:|cuda:0
2023-06-17 04:19:43,989|INFO|nn.loadModellingDataset|Train descriptors loaded (features, instances):|1024|5534
2023-06-17 04:19:43,989|INFO|nn.loadModellingDataset|Train endpoints loaded (tasks, instances):|8|5534
2023-06-17 04:19:44,005|INFO|nn.loadModellingDataset|Val descriptors loaded (features, instances):|1024|2357
2023-06-17 04:19:44,005|INFO|nn.loadModellingDataset|Val endpoints loaded (tasks, instances):|8|2357
2023-06-17 04:19:55,511|INFO|nn.computeOptunaObjective|Trial 0 params:|{'n_layers': 2, 'architecture': 'top', 'lr': 0.001, 'n_epochs': 200}
2023-06-17 04:19:55,511|INFO|nn.computeOptunaObjective|Trial 0 balacc:|[0.7150915053034606, 0.7296511627906976, 0.7136854741896759, 0.6447497346288886, 0.6846630882276303, 0.7356896551724138, 0.6659924487594391, 0.7452694235588972]
2023-06-17 04:19:55,511|INFO|nn.computeOptunaObjective|Trial 0 rocauc:|[0.8056899994504185, 0.7782769556025371, 0.7058823529411765, 0.7620233526577938, 0.8217338058262545, 0.8744252873563217, 0.8407047824523552, 0.8569325098460436]
2023-06-17 04:19:55,511|INFO|nn.computeOptunaObjective|Trial 0 timings:|11.5048898
2023-06-17 04:19:55,511|INFO|nn.computeOptunaObjective|Trial 0 objective:|0.7043490615788879
2023-06-17 04:20:01,353|INFO|nn.computeOptunaObjective|Trial 1 params:|{'n_layers': 4, 'architecture': 'top', 'lr': 0.001, 'n_epochs': 100}
2023-06-17 04:20:01,353|INFO|nn.computeOptunaObjective|Trial 1 balacc:|[0.7424533313792661, 0.6358350951374208, 0.6932773109243697, 0.6049644810974116, 0.7015868466308823, 0.7041954022988506, 0.7086030204962244, 0.7487155388471178]
2023-06-17 04:20:01,353|INFO|nn.computeOptunaObjective|Trial 1 rocauc:|[0.8103724329968673, 0.7725951374207187, 0.7346938775510202, 0.7516738793173838, 0.8428266194173745, 0.876551724137931, 0.8402553038475369, 0.85031328320802]
2023-06-17 04:20:01,353|INFO|nn.computeOptunaObjective|Trial 1 timings:|5.8353369000000015
2023-06-17 04:20:01,353|INFO|nn.computeOptunaObjective|Trial 1 objective:|0.6924538783514429
2023-06-17 04:20:06,912|INFO|nn.computeOptunaObjective|Trial 2 params:|{'n_layers': 3, 'architecture': 'outer', 'lr': 0.001, 'n_epochs': 100}
2023-06-17 04:20:06,912|INFO|nn.computeOptunaObjective|Trial 2 balacc:|[0.717231208895891, 0.6900105708245243, 0.6152460984393757, 0.6379929778721319, 0.6975611027150972, 0.7485057471264368, 0.7044228694714132, 0.7384398496240602]
2023-06-17 04:20:06,912|INFO|nn.computeOptunaObjective|Trial 2 rocauc:|[0.8155165149211352, 0.7766913319238901, 0.6866746698679472, 0.7563076671838, 0.8348142164781907, 0.8831609195402299, 0.8323444804027327, 0.8575948800572861]
2023-06-17 04:20:06,912|INFO|nn.computeOptunaObjective|Trial 2 timings:|5.5710649
2023-06-17 04:20:06,912|INFO|nn.computeOptunaObjective|Trial 2 objective:|0.6936763031211163
2023-06-17 04:20:12,315|INFO|nn.computeOptunaObjective|Trial 3 params:|{'n_layers': 4, 'architecture': 'bottom', 'lr': 0.0001, 'n_epochs': 100}
2023-06-17 04:20:12,315|INFO|nn.computeOptunaObjective|Trial 3 balacc:|[0.5, 0.49709302325581395, 0.5, 0.5, 0.5, 0.5, 0.5, 0.5]
2023-06-17 04:20:12,315|INFO|nn.computeOptunaObjective|Trial 3 rocauc:|[0.5660285415941525, 0.5771670190274842, 0.49339735894357745, 0.5980035927165838, 0.5608812340403355, 0.5518965517241379, 0.5425206760158217, 0.5410087719298246]
2023-06-17 04:20:12,315|INFO|nn.computeOptunaObjective|Trial 3 timings:|5.386496399999999
2023-06-17 04:20:12,315|INFO|nn.computeOptunaObjective|Trial 3 objective:|0.4996366279069767
2023-06-17 04:20:20,093|INFO|nn.computeOptunaObjective|Trial 4 params:|{'n_layers': 2, 'architecture': 'bottom', 'lr': 0.001, 'n_epochs': 150}
2023-06-17 04:20:20,093|INFO|nn.computeOptunaObjective|Trial 4 balacc:|[0.6995218641801162, 0.6329281183932347, 0.6944777911164466, 0.6319915081244386, 0.6765985720985981, 0.7099425287356322, 0.6521035598705501, 0.7411027568922306]
2023-06-17 04:20:20,093|INFO|nn.computeOptunaObjective|Trial 4 rocauc:|[0.7928224668877206, 0.7790697674418605, 0.7130852340936374, 0.7561647750469502, 0.8229584657876908, 0.8659770114942528, 0.8228155339805825, 0.8448845327604727]
2023-06-17 04:20:20,093|INFO|nn.computeOptunaObjective|Trial 4 timings:|7.779593300000002
2023-06-17 04:20:20,093|INFO|nn.computeOptunaObjective|Trial 4 objective:|0.6798333374264058
2023-06-17 04:20:30,988|INFO|nn.computeOptunaObjective|Trial 5 params:|{'n_layers': 3, 'architecture': 'outer', 'lr': 0.0001, 'n_epochs': 200}
2023-06-17 04:20:30,988|INFO|nn.computeOptunaObjective|Trial 5 balacc:|[0.6600930624507666, 0.5565539112050739, 0.6356542617046819, 0.5112476524863232, 0.6282114753244046, 0.6613793103448276, 0.6014023732470335, 0.7057017543859649]
2023-06-17 04:20:30,988|INFO|nn.computeOptunaObjective|Trial 5 rocauc:|[0.7675417223881144, 0.7751057082452432, 0.7334933973589436, 0.7291173348575161, 0.8180598259419458, 0.860632183908046, 0.8051060769507372, 0.8298782670963123]
2023-06-17 04:20:30,988|INFO|nn.computeOptunaObjective|Trial 5 timings:|10.899870199999995
2023-06-17 04:20:30,988|INFO|nn.computeOptunaObjective|Trial 5 objective:|0.6200304751436345
2023-06-17 04:20:36,801|INFO|nn.computeOptunaObjective|Trial 6 params:|{'n_layers': 4, 'architecture': 'top', 'lr': 0.0001, 'n_epochs': 100}
2023-06-17 04:20:36,801|INFO|nn.computeOptunaObjective|Trial 6 balacc:|[0.5030959752321982, 0.5, 0.5, 0.5, 0.5, 0.5, 0.5, 0.5]
2023-06-17 04:20:36,801|INFO|nn.computeOptunaObjective|Trial 6 rocauc:|[0.7335629362302378, 0.7640063424947147, 0.666266506602641, 0.6897199314117742, 0.7960680598259419, 0.8635632183908045, 0.7928802588996764, 0.8009488005728608]
2023-06-17 04:20:36,801|INFO|nn.computeOptunaObjective|Trial 6 timings:|5.8142435000000035
2023-06-17 04:20:36,801|INFO|nn.computeOptunaObjective|Trial 6 objective:|0.5003869969040248
2023-06-17 04:20:42,268|INFO|nn.computeOptunaObjective|Trial 7 params:|{'n_layers': 3, 'architecture': 'bottom', 'lr': 0.001, 'n_epochs': 100}
2023-06-17 04:20:42,268|INFO|nn.computeOptunaObjective|Trial 7 balacc:|[0.6888654807921301, 0.6411205073995772, 0.6638655462184874, 0.619988568629052, 0.6701365365574027, 0.7241954022988506, 0.7166936353829558, 0.7378446115288221]
2023-06-17 04:20:42,268|INFO|nn.computeOptunaObjective|Trial 7 rocauc:|[0.7825269752871563, 0.764799154334038, 0.715486194477791, 0.7212378541683678, 0.8181379957267184, 0.8573563218390805, 0.8253326141675656, 0.8456453634085213]
2023-06-17 04:20:42,268|INFO|nn.computeOptunaObjective|Trial 7 timings:|5.462033699999992
2023-06-17 04:20:42,268|INFO|nn.computeOptunaObjective|Trial 7 objective:|0.6828387861009098
2023-06-17 04:20:47,758|INFO|nn.computeOptunaObjective|Trial 8 params:|{'n_layers': 3, 'architecture': 'linear', 'lr': 0.0001, 'n_epochs': 100}
2023-06-17 04:20:47,758|INFO|nn.computeOptunaObjective|Trial 8 balacc:|[0.5, 0.5, 0.5, 0.5, 0.5, 0.5, 0.5, 0.5018796992481203]
2023-06-17 04:20:47,758|INFO|nn.computeOptunaObjective|Trial 8 rocauc:|[0.6860607837030794, 0.7100951374207188, 0.6074429771908763, 0.6355433983832777, 0.7384308718536662, 0.8139655172413792, 0.7195253505933118, 0.7453992123165055]
2023-06-17 04:20:47,758|INFO|nn.computeOptunaObjective|Trial 8 timings:|5.487522300000009
2023-06-17 04:20:47,758|INFO|nn.computeOptunaObjective|Trial 8 objective:|0.5002349624060151
2023-06-17 04:20:55,748|INFO|nn.computeOptunaObjective|Trial 9 params:|{'n_layers': 2, 'architecture': 'bottom', 'lr': 0.0001, 'n_epochs': 150}
2023-06-17 04:20:55,748|INFO|nn.computeOptunaObjective|Trial 9 balacc:|[0.5259988641984356, 0.5, 0.5294117647058824, 0.5, 0.5, 0.5185632183908045, 0.5, 0.562406015037594]
2023-06-17 04:20:55,748|INFO|nn.computeOptunaObjective|Trial 9 rocauc:|[0.6785498378734864, 0.6723044397463002, 0.6350540216086435, 0.6250510329060177, 0.6770675908072332, 0.7736781609195402, 0.6745774901114707, 0.7370076978159685]
2023-06-17 04:20:55,748|INFO|nn.computeOptunaObjective|Trial 9 timings:|7.977331700000008
2023-06-17 04:20:55,748|INFO|nn.computeOptunaObjective|Trial 9 objective:|0.5170474827915895
2023-06-17 04:21:06,159|INFO|nn.computeOptunaObjective|Trial 10 params:|{'n_layers': 2, 'architecture': 'bottom', 'lr': 0.001, 'n_epochs': 200}
2023-06-17 04:21:06,159|INFO|nn.computeOptunaObjective|Trial 10 balacc:|[0.6913276054738308, 0.6358350951374208, 0.6650660264105642, 0.6432391606107618, 0.6685340559695658, 0.7042528735632184, 0.6307982740021575, 0.7392230576441103]
2023-06-17 04:21:06,159|INFO|nn.computeOptunaObjective|Trial 10 rocauc:|[0.791388059428069, 0.7877906976744186, 0.6818727490996399, 0.7501224789744427, 0.8142295064880921, 0.8645977011494254, 0.8360302049622439, 0.8471804511278196]
2023-06-17 04:21:06,159|INFO|nn.computeOptunaObjective|Trial 10 timings:|10.420371399999993
2023-06-17 04:21:06,159|INFO|nn.computeOptunaObjective|Trial 10 objective:|0.6722845186014537
2023-06-17 04:21:14,564|INFO|nn.computeOptunaObjective|Trial 11 params:|{'n_layers': 4, 'architecture': 'linear', 'lr': 0.001, 'n_epochs': 150}
2023-06-17 04:21:14,564|INFO|nn.computeOptunaObjective|Trial 11 balacc:|[0.7262022093172367, 0.6812896405919662, 0.7010804321728692, 0.6101698375112272, 0.6983688571577467, 0.7370689655172413, 0.7192556634304207, 0.7453634085213032]
2023-06-17 04:21:14,564|INFO|nn.computeOptunaObjective|Trial 11 rocauc:|[0.8092860937585871, 0.778409090909091, 0.7118847539015607, 0.7397117661468116, 0.842279430923967, 0.879051724137931, 0.8346817691477886, 0.8497046186895809]
2023-06-17 04:21:14,564|INFO|nn.computeOptunaObjective|Trial 11 timings:|8.392883999999995
2023-06-17 04:21:14,564|INFO|nn.computeOptunaObjective|Trial 11 objective:|0.7023498767775014
2023-06-17 04:21:25,489|INFO|nn.computeOptunaObjective|Trial 12 params:|{'n_layers': 2, 'architecture': 'outer', 'lr': 0.001, 'n_epochs': 200}
2023-06-17 04:21:25,489|INFO|nn.computeOptunaObjective|Trial 12 balacc:|[0.7009800868338616, 0.5816596194503171, 0.6752701080432173, 0.6402588388993222, 0.6677263015269165, 0.7356896551724138, 0.6692286947141316, 0.7366541353383459]
2023-06-17 04:21:25,489|INFO|nn.computeOptunaObjective|Trial 12 rocauc:|[0.7934508216241963, 0.7433932346723044, 0.6938775510204082, 0.7494284314526006, 0.8103210172494658, 0.8707471264367815, 0.8283890686803308, 0.8497605621195846]
2023-06-17 04:21:25,489|INFO|nn.computeOptunaObjective|Trial 12 timings:|10.927690400000003
2023-06-17 04:21:25,489|INFO|nn.computeOptunaObjective|Trial 12 objective:|0.6759334299973158
2023-06-17 04:21:36,167|INFO|nn.computeOptunaObjective|Trial 13 params:|{'n_layers': 2, 'architecture': 'inner', 'lr': 0.001, 'n_epochs': 200}
2023-06-17 04:21:36,167|INFO|nn.computeOptunaObjective|Trial 13 balacc:|[0.7136809130379028, 0.6329281183932347, 0.6650660264105642, 0.6567526741242753, 0.6846630882276303, 0.7456896551724138, 0.6734088457389428, 0.7390350877192983]
2023-06-17 04:21:36,167|INFO|nn.computeOptunaObjective|Trial 13 rocauc:|[0.8020554344440984, 0.7677061310782242, 0.6914765906362544, 0.7533273454723606, 0.8208478815988326, 0.8651724137931035, 0.8322545846817692, 0.8535557644110277]
2023-06-17 04:21:36,167|INFO|nn.computeOptunaObjective|Trial 13 timings:|10.674482099999992
2023-06-17 04:21:36,167|INFO|nn.computeOptunaObjective|Trial 13 objective:|0.6889030511030327
2023-06-17 04:21:47,088|INFO|nn.computeOptunaObjective|Trial 14 params:|{'n_layers': 3, 'architecture': 'linear', 'lr': 0.0001, 'n_epochs': 200}
2023-06-17 04:21:47,088|INFO|nn.computeOptunaObjective|Trial 14 balacc:|[0.6590891604228113, 0.5961945031712473, 0.6842737094837935, 0.5, 0.6241727031111575, 0.6741954022988506, 0.6504854368932039, 0.7217105263157895]
2023-06-17 04:21:47,088|INFO|nn.computeOptunaObjective|Trial 14 rocauc:|[0.7677652188249949, 0.7795983086680761, 0.6938775510204082, 0.71923736425247, 0.8178253165876284, 0.8653448275862069, 0.808252427184466, 0.8348773720014322]
2023-06-17 04:21:47,088|INFO|nn.computeOptunaObjective|Trial 14 timings:|10.920706800000005
2023-06-17 04:21:47,088|INFO|nn.computeOptunaObjective|Trial 14 objective:|0.6387651802121068
2023-06-17 04:21:55,287|INFO|nn.computeOptunaObjective|Trial 15 params:|{'n_layers': 3, 'architecture': 'outer', 'lr': 0.0001, 'n_epochs': 150}
2023-06-17 04:21:55,287|INFO|nn.computeOptunaObjective|Trial 15 balacc:|[0.610007877333431, 0.5169133192389006, 0.6662665066026411, 0.5, 0.5, 0.6113793103448275, 0.5277777777777778, 0.6703947368421053]
2023-06-17 04:21:55,287|INFO|nn.computeOptunaObjective|Trial 15 rocauc:|[0.7338230714272629, 0.7637420718816068, 0.680672268907563, 0.6703682534498243, 0.78775600604513, 0.8486781609195402, 0.7722941387989932, 0.8071070533476548]
2023-06-17 04:21:55,287|INFO|nn.computeOptunaObjective|Trial 15 timings:|8.190754400000003
2023-06-17 04:21:55,287|INFO|nn.computeOptunaObjective|Trial 15 objective:|0.5753424410174603
2023-06-17 04:22:03,158|INFO|nn.computeOptunaObjective|Trial 16 params:|{'n_layers': 2, 'architecture': 'inner', 'lr': 0.0001, 'n_epochs': 150}
2023-06-17 04:22:03,158|INFO|nn.computeOptunaObjective|Trial 16 balacc:|[0.5753549379888985, 0.49709302325581395, 0.5882352941176471, 0.5, 0.5, 0.5485632183908046, 0.5, 0.6091791979949874]
2023-06-17 04:22:03,158|INFO|nn.computeOptunaObjective|Trial 16 rocauc:|[0.7145694029714034, 0.720401691331924, 0.6950780312124849, 0.6534457418143219, 0.7610740528427745, 0.8275287356321839, 0.7308522114347358, 0.7818027210884353]
2023-06-17 04:22:03,158|INFO|nn.computeOptunaObjective|Trial 16 timings:|7.8726853000000006
2023-06-17 04:22:03,158|INFO|nn.computeOptunaObjective|Trial 16 objective:|0.539803208968519
2023-06-17 04:22:11,068|INFO|nn.computeOptunaObjective|Trial 17 params:|{'n_layers': 2, 'architecture': 'linear', 'lr': 0.001, 'n_epochs': 150}
2023-06-17 04:22:11,068|INFO|nn.computeOptunaObjective|Trial 17 balacc:|[0.7108120981185997, 0.6358350951374208, 0.7046818727490997, 0.6462603086470156, 0.661277294283183, 0.7442528735632183, 0.6953883495145631, 0.7398182957393484]
2023-06-17 04:22:11,068|INFO|nn.computeOptunaObjective|Trial 17 rocauc:|[0.8016780552146114, 0.7732558139534883, 0.7058823529411764, 0.7517147056421981, 0.822802126218146, 0.8761494252873563, 0.8355807263574254, 0.8516335481561046]
2023-06-17 04:22:11,068|INFO|nn.computeOptunaObjective|Trial 17 timings:|7.906793300000004
2023-06-17 04:22:11,068|INFO|nn.computeOptunaObjective|Trial 17 objective:|0.6922907734690561
2023-06-17 04:22:21,893|INFO|nn.computeOptunaObjective|Trial 18 params:|{'n_layers': 4, 'architecture': 'linear', 'lr': 0.001, 'n_epochs': 200}
2023-06-17 04:22:21,893|INFO|nn.computeOptunaObjective|Trial 18 balacc:|[0.7236081850990163, 0.6160147991543341, 0.6830732292917168, 0.6574263084837103, 0.6919198499140132, 0.7470689655172413, 0.711839266450917, 0.7399122807017544]
2023-06-17 04:22:21,893|INFO|nn.computeOptunaObjective|Trial 18 rocauc:|[0.7950904061406563, 0.7531712473572938, 0.7082833133253301, 0.7413039928145668, 0.841263223721924, 0.8608620689655171, 0.8393563466379, 0.8524413712853562]
2023-06-17 04:22:21,893|INFO|nn.computeOptunaObjective|Trial 18 timings:|10.822607300000016
2023-06-17 04:22:21,893|INFO|nn.computeOptunaObjective|Trial 18 objective:|0.6963578605765879
2023-06-17 04:22:27,547|INFO|nn.computeOptunaObjective|Trial 19 params:|{'n_layers': 3, 'architecture': 'top', 'lr': 0.001, 'n_epochs': 100}
2023-06-17 04:22:27,547|INFO|nn.computeOptunaObjective|Trial 19 balacc:|[0.7294777144741422, 0.7552854122621564, 0.6740696278511404, 0.6379929778721319, 0.7298191672312262, 0.762816091954023, 0.718311758360302, 0.7394423558897243]
2023-06-17 04:22:27,547|INFO|nn.computeOptunaObjective|Trial 19 rocauc:|[0.8188579698463003, 0.7856765327695561, 0.7130852340936373, 0.7492447129909365, 0.8391917244254522, 0.8797701149425287, 0.8439410284070479, 0.8605039384174722]
2023-06-17 04:22:27,547|INFO|nn.computeOptunaObjective|Trial 19 timings:|5.643412000000012
2023-06-17 04:22:27,547|INFO|nn.computeOptunaObjective|Trial 19 objective:|0.7184018882368559
2023-06-17 04:22:38,528|INFO|nn.computeOptunaObjective|Trial 20 params:|{'n_layers': 3, 'architecture': 'top', 'lr': 0.0001, 'n_epochs': 200}
2023-06-17 04:22:38,528|INFO|nn.computeOptunaObjective|Trial 20 balacc:|[0.6837195669298551, 0.6643763213530656, 0.6842737094837935, 0.5952682289540296, 0.6572385220699359, 0.7370689655172413, 0.6643743257820928, 0.7221177944862156]
2023-06-17 04:22:38,528|INFO|nn.computeOptunaObjective|Trial 20 rocauc:|[0.797863960283584, 0.7735200845665962, 0.7442977190876351, 0.7495304972646363, 0.8321043306060764, 0.8738505747126437, 0.8326141675656239, 0.853343179377014]
2023-06-17 04:22:38,528|INFO|nn.computeOptunaObjective|Trial 20 timings:|10.973513800000006
2023-06-17 04:22:38,528|INFO|nn.computeOptunaObjective|Trial 20 objective:|0.6760546793220287
2023-06-17 04:22:46,503|INFO|nn.computeOptunaObjective|Trial 21 params:|{'n_layers': 3, 'architecture': 'outer', 'lr': 0.001, 'n_epochs': 150}
2023-06-17 04:22:46,503|INFO|nn.computeOptunaObjective|Trial 21 balacc:|[0.7199626284646528, 0.7523784355179703, 0.6638655462184874, 0.6267044990609946, 0.7209468966595445, 0.7642528735632184, 0.6921521035598706, 0.7339912280701755]
2023-06-17 04:22:46,503|INFO|nn.computeOptunaObjective|Trial 21 rocauc:|[0.8157308516679795, 0.7782769556025371, 0.6998799519807923, 0.7393035028986691, 0.8387487623117411, 0.862816091954023, 0.8371539014742898, 0.8576843895452919]
2023-06-17 04:22:46,503|INFO|nn.computeOptunaObjective|Trial 21 timings:|7.981891300000001
2023-06-17 04:22:46,503|INFO|nn.computeOptunaObjective|Trial 21 objective:|0.7092817763893642
2023-06-17 04:22:51,876|INFO|nn.computeOptunaObjective|Trial 22 params:|{'n_layers': 4, 'architecture': 'inner', 'lr': 0.001, 'n_epochs': 100}
2023-06-17 04:22:51,876|INFO|nn.computeOptunaObjective|Trial 22 balacc:|[0.7285214428343745, 0.6841966173361522, 0.6932773109243697, 0.5862456111700824, 0.6951378393871489, 0.7098850574712644, 0.6963322545846817, 0.7542606516290726]
2023-06-17 04:22:51,876|INFO|nn.computeOptunaObjective|Trial 22 rocauc:|[0.8104823492773005, 0.7785412262156448, 0.7322929171668668, 0.7454886911080264, 0.8367163479076554, 0.8703448275862069, 0.8376483279395901, 0.8480218403150734]
2023-06-17 04:22:51,876|INFO|nn.computeOptunaObjective|Trial 22 timings:|5.366270200000002
2023-06-17 04:22:51,876|INFO|nn.computeOptunaObjective|Trial 22 objective:|0.6934820981671432
2023-06-17 04:23:00,100|INFO|nn.computeOptunaObjective|Trial 23 params:|{'n_layers': 4, 'architecture': 'top', 'lr': 0.001, 'n_epochs': 150}
2023-06-17 04:23:00,100|INFO|nn.computeOptunaObjective|Trial 23 balacc:|[0.7228900654001869, 0.613107822410148, 0.702280912364946, 0.6700620560137177, 0.7169211527437594, 0.7370689655172413, 0.8042071197411003, 0.750814536340852]
2023-06-17 04:23:00,100|INFO|nn.computeOptunaObjective|Trial 23 rocauc:|[0.7938227050396613, 0.7765591966173362, 0.7262905162064826, 0.7399975504205112, 0.8471520141747877, 0.8718965517241379, 0.8452894642215031, 0.8619786072323666]
2023-06-17 04:23:00,100|INFO|nn.computeOptunaObjective|Trial 23 timings:|8.219307799999996
2023-06-17 04:23:00,100|INFO|nn.computeOptunaObjective|Trial 23 objective:|0.714669078816494
2023-06-17 04:23:10,853|INFO|nn.computeOptunaObjective|Trial 24 params:|{'n_layers': 2, 'architecture': 'inner', 'lr': 0.0001, 'n_epochs': 200}
2023-06-17 04:23:10,853|INFO|nn.computeOptunaObjective|Trial 24 balacc:|[0.6199772839687105, 0.5763742071881607, 0.6356542617046819, 0.5060014697476933, 0.5830553963208088, 0.6513793103448275, 0.5400485436893204, 0.6703947368421053]
2023-06-17 04:23:10,853|INFO|nn.computeOptunaObjective|Trial 24 rocauc:|[0.7359957499038232, 0.754492600422833, 0.7262905162064824, 0.6904139789336163, 0.7948433998645057, 0.8419540229885057, 0.7777777777777778, 0.8078857858933046]
2023-06-17 04:23:10,853|INFO|nn.computeOptunaObjective|Trial 24 timings:|10.758548999999988
2023-06-17 04:23:10,853|INFO|nn.computeOptunaObjective|Trial 24 objective:|0.5978606512257886
2023-06-17 04:23:21,477|INFO|nn.computeOptunaObjective|Trial 25 params:|{'n_layers': 3, 'architecture': 'bottom', 'lr': 0.0001, 'n_epochs': 200}
2023-06-17 04:23:21,477|INFO|nn.computeOptunaObjective|Trial 25 balacc:|[0.6100976422957847, 0.5763742071881607, 0.7046818727490997, 0.5, 0.5362838084319141, 0.602816091954023, 0.5384304207119741, 0.6676065162907268]
2023-06-17 04:23:21,477|INFO|nn.computeOptunaObjective|Trial 25 rocauc:|[0.7242493634015424, 0.7521141649048626, 0.680672268907563, 0.671654282681473, 0.7822580645161291, 0.8332183908045977, 0.7453254225098885, 0.794517543859649]
2023-06-17 04:23:21,477|INFO|nn.computeOptunaObjective|Trial 25 timings:|10.61660040000001
2023-06-17 04:23:21,477|INFO|nn.computeOptunaObjective|Trial 25 objective:|0.5920363199527103
2023-06-17 04:23:29,451|INFO|nn.computeOptunaObjective|Trial 26 params:|{'n_layers': 2, 'architecture': 'outer', 'lr': 0.0001, 'n_epochs': 150}
2023-06-17 04:23:29,451|INFO|nn.computeOptunaObjective|Trial 26 balacc:|[0.579042629197428, 0.49709302325581395, 0.6176470588235294, 0.5, 0.5, 0.5385632183908046, 0.5, 0.631234335839599]
2023-06-17 04:23:29,451|INFO|nn.computeOptunaObjective|Trial 26 rocauc:|[0.7101507684979941, 0.7222515856236786, 0.6914765906362546, 0.6540785498489426, 0.7522148105685549, 0.8144252873563218, 0.732200647249191, 0.7802900107411386]
2023-06-17 04:23:29,451|INFO|nn.computeOptunaObjective|Trial 26 timings:|7.970581399999986
2023-06-17 04:23:29,451|INFO|nn.computeOptunaObjective|Trial 26 objective:|0.5454475331883968
2023-06-17 04:23:34,981|INFO|nn.computeOptunaObjective|Trial 27 params:|{'n_layers': 3, 'architecture': 'inner', 'lr': 0.0001, 'n_epochs': 100}
2023-06-17 04:23:34,981|INFO|nn.computeOptunaObjective|Trial 27 balacc:|[0.5, 0.5, 0.5, 0.5, 0.5, 0.5, 0.5, 0.5]
2023-06-17 04:23:34,981|INFO|nn.computeOptunaObjective|Trial 27 rocauc:|[0.6803011706083866, 0.7082452431289641, 0.5990396158463386, 0.6343594349636645, 0.7338970243368597, 0.8106321839080459, 0.718896080546566, 0.7379654493376298]
2023-06-17 04:23:34,981|INFO|nn.computeOptunaObjective|Trial 27 timings:|5.516079100000013
2023-06-17 04:23:34,981|INFO|nn.computeOptunaObjective|Trial 27 objective:|0.5
2023-06-17 04:23:43,346|INFO|nn.computeOptunaObjective|Trial 28 params:|{'n_layers': 3, 'architecture': 'top', 'lr': 0.001, 'n_epochs': 150}
2023-06-17 04:23:43,346|INFO|nn.computeOptunaObjective|Trial 28 balacc:|[0.7324839247439867, 0.7325581395348837, 0.7226890756302521, 0.641728586592635, 0.7169211527437594, 0.7642528735632184, 0.711839266450917, 0.7444862155388471]
2023-06-17 04:23:43,346|INFO|nn.computeOptunaObjective|Trial 28 rocauc:|[0.8174363859526993, 0.7780126849894292, 0.7214885954381752, 0.7432126234996326, 0.8385142529574237, 0.867183908045977, 0.844750089895721, 0.856373075546008]
2023-06-17 04:23:43,346|INFO|nn.computeOptunaObjective|Trial 28 timings:|8.36374379999998
2023-06-17 04:23:43,346|INFO|nn.computeOptunaObjective|Trial 28 objective:|0.7208699043498124
2023-06-17 04:23:48,844|INFO|nn.computeOptunaObjective|Trial 29 params:|{'n_layers': 4, 'architecture': 'outer', 'lr': 0.001, 'n_epochs': 100}
2023-06-17 04:23:48,844|INFO|nn.computeOptunaObjective|Trial 29 balacc:|[0.726381739241944, 0.6812896405919662, 0.6830732292917168, 0.5795296807381399, 0.7548074417635103, 0.7498850574712643, 0.7224919093851132, 0.7571115288220551]
2023-06-17 04:23:48,844|INFO|nn.computeOptunaObjective|Trial 29 rocauc:|[0.8081118214959606, 0.7838266384778012, 0.7274909963985594, 0.7341389728096677, 0.833980405440617, 0.8705172413793102, 0.8364796835670621, 0.8436134980307912]
2023-06-17 04:23:48,844|INFO|nn.computeOptunaObjective|Trial 29 timings:|5.49240039999998
2023-06-17 04:23:48,844|INFO|nn.computeOptunaObjective|Trial 29 objective:|0.7068212784132137
2023-06-17 04:23:59,650|INFO|nn.computeOptunaObjective|Trial 30 params:|{'n_layers': 4, 'architecture': 'linear', 'lr': 0.0001, 'n_epochs': 200}
2023-06-17 04:23:59,650|INFO|nn.computeOptunaObjective|Trial 30 balacc:|[0.6839943576309377, 0.6841966173361522, 0.6740696278511404, 0.5, 0.6515842409713899, 0.7198850574712643, 0.6701725997842503, 0.7330827067669173]
2023-06-17 04:23:59,650|INFO|nn.computeOptunaObjective|Trial 30 rocauc:|[0.7896495502592191, 0.7777484143763213, 0.7298919567827131, 0.7368743365722218, 0.8275704830892698, 0.8616091954022989, 0.8156238763034881, 0.8370390261367704]
2023-06-17 04:23:59,650|INFO|nn.computeOptunaObjective|Trial 30 timings:|10.810577200000012
2023-06-17 04:23:59,650|INFO|nn.computeOptunaObjective|Trial 30 objective:|0.6646231509765066
2023-06-17 04:24:05,179|INFO|nn.computeOptunaObjective|Trial 31 params:|{'n_layers': 3, 'architecture': 'top', 'lr': 0.0001, 'n_epochs': 100}
2023-06-17 04:24:05,179|INFO|nn.computeOptunaObjective|Trial 31 balacc:|[0.5422078516862989, 0.5, 0.5, 0.5, 0.5, 0.5085632183908045, 0.5, 0.5742794486215539]
2023-06-17 04:24:05,179|INFO|nn.computeOptunaObjective|Trial 31 rocauc:|[0.716097239269423, 0.739693446088795, 0.6626650660264106, 0.6631624071201111, 0.7800953671374224, 0.8567241379310345, 0.7639338367493707, 0.7941550304332259]
2023-06-17 04:24:05,179|INFO|nn.computeOptunaObjective|Trial 31 timings:|5.528852500000028
2023-06-17 04:24:05,179|INFO|nn.computeOptunaObjective|Trial 31 objective:|0.5156313148373322
2023-06-17 04:24:15,964|INFO|nn.computeOptunaObjective|Trial 32 params:|{'n_layers': 4, 'architecture': 'inner', 'lr': 0.001, 'n_epochs': 200}
2023-06-17 04:24:15,964|INFO|nn.computeOptunaObjective|Trial 32 balacc:|[0.720285049553923, 0.5991014799154334, 0.6626650660264106, 0.6484445170245774, 0.6862785971129293, 0.7285057471264368, 0.720873786407767, 0.737468671679198]
2023-06-17 04:24:15,964|INFO|nn.computeOptunaObjective|Trial 32 rocauc:|[0.8008720024914358, 0.7596458773784355, 0.7106842737094838, 0.7399771372581041, 0.832195528688311, 0.8721264367816091, 0.83594030924128, 0.8560150375939849]
2023-06-17 04:24:15,964|INFO|nn.computeOptunaObjective|Trial 32 timings:|10.777884200000017
2023-06-17 04:24:15,964|INFO|nn.computeOptunaObjective|Trial 32 objective:|0.6879528643558344
2023-06-17 04:24:24,054|INFO|nn.computeOptunaObjective|Trial 33 params:|{'n_layers': 3, 'architecture': 'bottom', 'lr': 0.001, 'n_epochs': 150}
2023-06-17 04:24:24,054|INFO|nn.computeOptunaObjective|Trial 33 balacc:|[0.7191437521754264, 0.6982029598308668, 0.6944777911164466, 0.6604882828447783, 0.7007790921882329, 0.722816091954023, 0.688915857605178, 0.7397243107769423]
2023-06-17 04:24:24,054|INFO|nn.computeOptunaObjective|Trial 33 rocauc:|[0.8110905526956969, 0.7790697674418605, 0.6758703481392557, 0.7512860292316486, 0.8294465579238105, 0.857816091954023, 0.8278496943545486, 0.8510741138560687]
2023-06-17 04:24:24,054|INFO|nn.computeOptunaObjective|Trial 33 timings:|8.08110270000003
2023-06-17 04:24:24,054|INFO|nn.computeOptunaObjective|Trial 33 objective:|0.7030685173114868
2023-06-17 04:24:35,208|INFO|nn.computeOptunaObjective|Trial 34 params:|{'n_layers': 3, 'architecture': 'inner', 'lr': 0.001, 'n_epochs': 200}
2023-06-17 04:24:35,208|INFO|nn.computeOptunaObjective|Trial 34 balacc:|[0.7349405536116658, 0.7552854122621564, 0.6638655462184874, 0.6469747693312649, 0.6967533482724477, 0.7456896551724138, 0.7044228694714132, 0.7401315789473684]
2023-06-17 04:24:35,208|INFO|nn.computeOptunaObjective|Trial 34 rocauc:|[0.8144686463810065, 0.7864693446088795, 0.7214885954381751, 0.7388033804196946, 0.8333159622700506, 0.8648275862068966, 0.8380978065444085, 0.8566639813820265]
2023-06-17 04:24:35,208|INFO|nn.computeOptunaObjective|Trial 34 timings:|11.1469381
2023-06-17 04:24:35,208|INFO|nn.computeOptunaObjective|Trial 34 objective:|0.7110079666609023
2023-06-17 04:24:46,446|INFO|nn.computeOptunaObjective|Trial 35 params:|{'n_layers': 4, 'architecture': 'top', 'lr': 0.001, 'n_epochs': 200}
2023-06-17 04:24:46,446|INFO|nn.computeOptunaObjective|Trial 35 balacc:|[0.7288017293494788, 0.6189217758985202, 0.702280912364946, 0.6552012737813342, 0.6685340559695658, 0.7670689655172414, 0.7224919093851132, 0.7494360902255639]
2023-06-17 04:24:46,446|INFO|nn.computeOptunaObjective|Trial 35 rocauc:|[0.7927125506072874, 0.7641384778012684, 0.7178871548619448, 0.7484792194006696, 0.8304757934233155, 0.859367816091954, 0.8418734268248832, 0.850608664518439]
2023-06-17 04:24:46,446|INFO|nn.computeOptunaObjective|Trial 35 timings:|11.232390799999962
2023-06-17 04:24:46,446|INFO|nn.computeOptunaObjective|Trial 35 objective:|0.7015920890614704
2023-06-17 04:24:54,676|INFO|nn.computeOptunaObjective|Trial 36 params:|{'n_layers': 3, 'architecture': 'bottom', 'lr': 0.0001, 'n_epochs': 150}
2023-06-17 04:24:54,676|INFO|nn.computeOptunaObjective|Trial 36 balacc:|[0.5081044937439317, 0.5, 0.5588235294117647, 0.5, 0.5, 0.5285632183908046, 0.5, 0.5207706766917293]
2023-06-17 04:24:54,676|INFO|nn.computeOptunaObjective|Trial 36 rocauc:|[0.6653085899573159, 0.677061310782241, 0.6002400960384153, 0.6242957458969544, 0.7136510500807755, 0.7847701149425288, 0.6902193455591514, 0.729735051915503]
2023-06-17 04:24:54,676|INFO|nn.computeOptunaObjective|Trial 36 timings:|8.237166300000013
2023-06-17 04:24:54,676|INFO|nn.computeOptunaObjective|Trial 36 objective:|0.5145327397797789
2023-06-17 04:25:02,752|INFO|nn.computeOptunaObjective|Trial 37 params:|{'n_layers': 3, 'architecture': 'linear', 'lr': 0.0001, 'n_epochs': 150}
2023-06-17 04:25:02,752|INFO|nn.computeOptunaObjective|Trial 37 balacc:|[0.6034935057797643, 0.5, 0.6074429771908764, 0.5, 0.5145135233727657, 0.6071264367816092, 0.5277777777777778, 0.6419172932330828]
2023-06-17 04:25:02,752|INFO|nn.computeOptunaObjective|Trial 37 rocauc:|[0.7396962646784032, 0.7666490486257929, 0.6842737094837935, 0.6991508124438638, 0.7979962478503309, 0.8517241379310344, 0.7793060050341604, 0.807093626924454]
2023-06-17 04:25:02,752|INFO|nn.computeOptunaObjective|Trial 37 timings:|8.074258199999974
2023-06-17 04:25:02,768|INFO|nn.computeOptunaObjective|Trial 37 objective:|0.5627839392669844
2023-06-17 04:25:13,434|INFO|nn.computeOptunaObjective|Trial 38 params:|{'n_layers': 4, 'architecture': 'bottom', 'lr': 0.001, 'n_epochs': 200}
2023-06-17 04:25:13,434|INFO|nn.computeOptunaObjective|Trial 38 balacc:|[0.7313902577536776, 0.6614693446088795, 0.6152460984393757, 0.6544459867722707, 0.666918547084267, 0.7613218390804598, 0.7069848975188782, 0.7430764411027568]
2023-06-17 04:25:13,434|INFO|nn.computeOptunaObjective|Trial 38 rocauc:|[0.810368769120853, 0.7727272727272728, 0.6824729891956782, 0.7376500367436923, 0.8285736619938506, 0.866264367816092, 0.8282991729593671, 0.8498679735051915]
2023-06-17 04:25:13,434|INFO|nn.computeOptunaObjective|Trial 38 timings:|10.674363299999982
2023-06-17 04:25:13,434|INFO|nn.computeOptunaObjective|Trial 38 objective:|0.6926066765450707
2023-06-17 04:25:21,916|INFO|nn.computeOptunaObjective|Trial 39 params:|{'n_layers': 4, 'architecture': 'top', 'lr': 0.0001, 'n_epochs': 150}
2023-06-17 04:25:21,916|INFO|nn.computeOptunaObjective|Trial 39 balacc:|[0.6898217524318977, 0.6614693446088795, 0.6446578631452581, 0.5, 0.6580332482151232, 0.7013218390804598, 0.6734088457389428, 0.7336779448621554]
2023-06-17 04:25:21,916|INFO|nn.computeOptunaObjective|Trial 39 rocauc:|[0.7948595819517468, 0.7698202959830867, 0.7142857142857143, 0.7362007022127868, 0.830410651936005, 0.8701149425287357, 0.8212873067241999, 0.8390082348728966]
2023-06-17 04:25:21,916|INFO|nn.computeOptunaObjective|Trial 39 timings:|8.465413000000012
2023-06-17 04:25:21,916|INFO|nn.computeOptunaObjective|Trial 39 objective:|0.6577988547603395
2023-06-17 04:25:32,771|INFO|nn.computeOptunaObjective|Trial 40 params:|{'n_layers': 3, 'architecture': 'linear', 'lr': 0.001, 'n_epochs': 200}
2023-06-17 04:25:32,771|INFO|nn.computeOptunaObjective|Trial 40 balacc:|[0.7234231593602872, 0.7494714587737843, 0.7034813925570228, 0.6296848207724342, 0.6894965865860649, 0.752816091954023, 0.6963322545846817, 0.7351817042606517]
2023-06-17 04:25:32,771|INFO|nn.computeOptunaObjective|Trial 40 rocauc:|[0.8123509260446626, 0.7795983086680761, 0.7118847539015605, 0.7316281538335919, 0.8282218979623743, 0.855632183908046, 0.8388619201725999, 0.8530142320085929]
2023-06-17 04:25:32,771|INFO|nn.computeOptunaObjective|Trial 40 timings:|10.860951499999999
2023-06-17 04:25:32,771|INFO|nn.computeOptunaObjective|Trial 40 objective:|0.7099859336061187
2023-06-17 04:25:44,003|INFO|nn.computeOptunaObjective|Trial 41 params:|{'n_layers': 4, 'architecture': 'outer', 'lr': 0.001, 'n_epochs': 200}
2023-06-17 04:25:44,003|INFO|nn.computeOptunaObjective|Trial 41 balacc:|[0.7340319123600858, 0.6160147991543341, 0.7226890756302521, 0.6739609700334775, 0.6919198499140132, 0.7370689655172413, 0.6930960086299892, 0.7215225563909775]
2023-06-17 04:25:44,003|INFO|nn.computeOptunaObjective|Trial 41 rocauc:|[0.8101526004360012, 0.7749735729386893, 0.7274909963985594, 0.7430391116191719, 0.8332247641878161, 0.8714942528735633, 0.8377382236605538, 0.8545493197278912]
2023-06-17 04:25:44,003|INFO|nn.computeOptunaObjective|Trial 41 timings:|11.227677400000005
2023-06-17 04:25:44,003|INFO|nn.computeOptunaObjective|Trial 41 objective:|0.6987880172037964
2023-06-17 04:25:52,250|INFO|nn.computeOptunaObjective|Trial 42 params:|{'n_layers': 2, 'architecture': 'linear', 'lr': 0.0001, 'n_epochs': 150}
2023-06-17 04:25:52,250|INFO|nn.computeOptunaObjective|Trial 42 balacc:|[0.580136296187737, 0.5, 0.6074429771908764, 0.5, 0.5, 0.5485632183908046, 0.5, 0.6304511278195488]
2023-06-17 04:25:52,250|INFO|nn.computeOptunaObjective|Trial 42 rocauc:|[0.708670562588162, 0.7198731501057082, 0.6938775510204082, 0.6547521842083776, 0.7552373755797592, 0.8229885057471265, 0.7318410643653362, 0.7799633011099176]
2023-06-17 04:25:52,250|INFO|nn.computeOptunaObjective|Trial 42 timings:|8.240263800000037
2023-06-17 04:25:52,250|INFO|nn.computeOptunaObjective|Trial 42 objective:|0.5458242024486208
2023-06-17 04:26:00,473|INFO|nn.computeOptunaObjective|Trial 43 params:|{'n_layers': 4, 'architecture': 'linear', 'lr': 0.0001, 'n_epochs': 150}
2023-06-17 04:26:00,473|INFO|nn.computeOptunaObjective|Trial 43 balacc:|[0.6230256288127209, 0.5565539112050739, 0.6854741896758703, 0.5, 0.5, 0.5285632183908046, 0.5474649406688241, 0.6475563909774436]
2023-06-17 04:26:00,473|INFO|nn.computeOptunaObjective|Trial 43 rocauc:|[0.7584150072361551, 0.7592494714587738, 0.6818727490996398, 0.7235241283579652, 0.8165485434363438, 0.8600574712643678, 0.7955771305285868, 0.8160445757250269]
2023-06-17 04:26:00,473|INFO|nn.computeOptunaObjective|Trial 43 timings:|8.212088699999981
2023-06-17 04:26:00,473|INFO|nn.computeOptunaObjective|Trial 43 objective:|0.5735797849663422
2023-06-17 04:26:11,579|INFO|nn.computeOptunaObjective|Trial 44 params:|{'n_layers': 4, 'architecture': 'outer', 'lr': 0.0001, 'n_epochs': 200}
2023-06-17 04:26:11,579|INFO|nn.computeOptunaObjective|Trial 44 balacc:|[0.6764815798633375, 0.6643763213530656, 0.6638655462184874, 0.5, 0.6660977643441555, 0.7098850574712644, 0.6750269687162891, 0.7320802005012531]
2023-06-17 04:26:11,579|INFO|nn.computeOptunaObjective|Trial 44 rocauc:|[0.7794932859472036, 0.7880549682875264, 0.6998799519807923, 0.7281375030619743, 0.8233493147115534, 0.8600574712643678, 0.8162531463502337, 0.8393259935553169]
2023-06-17 04:26:11,579|INFO|nn.computeOptunaObjective|Trial 44 timings:|11.111324999999965
2023-06-17 04:26:11,579|INFO|nn.computeOptunaObjective|Trial 44 objective:|0.6609766798084815
2023-06-17 04:26:16,998|INFO|nn.computeOptunaObjective|Trial 45 params:|{'n_layers': 4, 'architecture': 'bottom', 'lr': 0.001, 'n_epochs': 100}
2023-06-17 04:26:16,998|INFO|nn.computeOptunaObjective|Trial 45 balacc:|[0.6976990858629344, 0.7069238900634249, 0.6548619447779112, 0.5, 0.7120615977904008, 0.7527011494252873, 0.6963322545846817, 0.762437343358396]
2023-06-17 04:26:16,998|INFO|nn.computeOptunaObjective|Trial 45 rocauc:|[0.7814681151189844, 0.788583509513742, 0.7382953181272509, 0.7267289948558832, 0.8122492052738548, 0.8469540229885058, 0.8306364617044228, 0.841375760830648]
2023-06-17 04:26:16,998|INFO|nn.computeOptunaObjective|Trial 45 timings:|5.412949800000035
2023-06-17 04:26:16,998|INFO|nn.computeOptunaObjective|Trial 45 objective:|0.6853771582328796
2023-06-17 04:26:27,626|INFO|nn.computeOptunaObjective|Trial 46 params:|{'n_layers': 3, 'architecture': 'inner', 'lr': 0.0001, 'n_epochs': 200}
2023-06-17 04:26:27,626|INFO|nn.computeOptunaObjective|Trial 46 balacc:|[0.6583600490959386, 0.5763742071881607, 0.6650660264105642, 0.5044908957295664, 0.6257882119964563, 0.6970689655172414, 0.6227076591154261, 0.7216165413533835]
2023-06-17 04:26:27,626|INFO|nn.computeOptunaObjective|Trial 46 rocauc:|[0.7717222049205855, 0.7848837209302325, 0.6902761104441777, 0.7311994774230425, 0.8208739381937569, 0.8687931034482759, 0.8142754404890329, 0.83625134264232]
2023-06-17 04:26:27,626|INFO|nn.computeOptunaObjective|Trial 46 timings:|10.620699599999966
2023-06-17 04:26:27,626|INFO|nn.computeOptunaObjective|Trial 46 objective:|0.6339340695508422
2023-06-17 04:26:35,892|INFO|nn.computeOptunaObjective|Trial 47 params:|{'n_layers': 2, 'architecture': 'top', 'lr': 0.001, 'n_epochs': 150}
2023-06-17 04:26:35,892|INFO|nn.computeOptunaObjective|Trial 47 balacc:|[0.7131789620239251, 0.6358350951374208, 0.6650660264105642, 0.6477708826651425, 0.683855333784981, 0.7342528735632183, 0.6676105717367853, 0.7410087719298246]
2023-06-17 04:26:35,892|INFO|nn.computeOptunaObjective|Trial 47 rocauc:|[0.8019894846758385, 0.7729915433403806, 0.6914765906362546, 0.7553890748754797, 0.8212126739277712, 0.865344827586207, 0.8350413520316433, 0.8551758861439313]
2023-06-17 04:26:35,892|INFO|nn.computeOptunaObjective|Trial 47 timings:|8.264376599999991
2023-06-17 04:26:35,892|INFO|nn.computeOptunaObjective|Trial 47 objective:|0.6860723146564827
2023-06-17 04:26:41,491|INFO|nn.computeOptunaObjective|Trial 48 params:|{'n_layers': 2, 'architecture': 'inner', 'lr': 0.001, 'n_epochs': 100}
2023-06-17 04:26:41,491|INFO|nn.computeOptunaObjective|Trial 48 balacc:|[0.6956967776210453, 0.6358350951374208, 0.6944777911164466, 0.6335020821425655, 0.6443405075824691, 0.6956896551724139, 0.6766450916936354, 0.7496240601503759]
2023-06-17 04:26:41,491|INFO|nn.computeOptunaObjective|Trial 48 rocauc:|[0.7922069357172952, 0.7711416490486258, 0.7154861944777912, 0.7647383032579407, 0.8212647871176193, 0.8802298850574712, 0.8238043869111831, 0.8530254206945935]
2023-06-17 04:26:41,491|INFO|nn.computeOptunaObjective|Trial 48 timings:|5.595858000000021
2023-06-17 04:26:41,491|INFO|nn.computeOptunaObjective|Trial 48 objective:|0.6782263825770465
2023-06-17 04:26:52,486|INFO|nn.computeOptunaObjective|Trial 49 params:|{'n_layers': 2, 'architecture': 'outer', 'lr': 0.0001, 'n_epochs': 200}
2023-06-17 04:26:52,486|INFO|nn.computeOptunaObjective|Trial 49 balacc:|[0.6100976422957847, 0.5338266384778012, 0.6458583433373349, 0.5112476524863232, 0.5596696023763614, 0.6113793103448275, 0.5277777777777778, 0.6553571428571429]
2023-06-17 04:26:52,486|INFO|nn.computeOptunaObjective|Trial 49 rocauc:|[0.728660670122923, 0.7566067653276956, 0.7130852340936374, 0.6808606189270843, 0.7875736098806608, 0.8358045977011495, 0.7727436174038115, 0.7993197278911565]
2023-06-17 04:26:52,486|INFO|nn.computeOptunaObjective|Trial 49 timings:|10.985101999999983
2023-06-17 04:26:52,486|INFO|nn.computeOptunaObjective|Trial 49 objective:|0.5819017637441692
2023-06-17 04:26:57,929|INFO|nn.computeOptunaObjective|Trial 50 params:|{'n_layers': 2, 'architecture': 'top', 'lr': 0.001, 'n_epochs': 100}
2023-06-17 04:26:57,929|INFO|nn.computeOptunaObjective|Trial 50 balacc:|[0.7066224558960925, 0.6300211416490487, 0.6458583433373349, 0.6290111864129991, 0.6774063265412475, 0.7342528735632183, 0.6953883495145631, 0.7426065162907268]
2023-06-17 04:26:57,929|INFO|nn.computeOptunaObjective|Trial 50 rocauc:|[0.8026581420484732, 0.7682346723044398, 0.6974789915966386, 0.7603902996652241, 0.8361431028193237, 0.8752298850574712, 0.8268608414239482, 0.8578387934121016]
2023-06-17 04:26:57,929|INFO|nn.computeOptunaObjective|Trial 50 timings:|5.439921099999992
2023-06-17 04:26:57,929|INFO|nn.computeOptunaObjective|Trial 50 objective:|0.6826458991506539
2023-06-17 04:27:08,886|INFO|nn.computeOptunaObjective|Trial 51 params:|{'n_layers': 3, 'architecture': 'top', 'lr': 0.001, 'n_epochs': 200}
2023-06-17 04:27:08,886|INFO|nn.computeOptunaObjective|Trial 51 balacc:|[0.7261545789290491, 0.7325581395348837, 0.7034813925570228, 0.6619988568629052, 0.7096643910573767, 0.7442528735632183, 0.727346278317152, 0.7403195488721804]
2023-06-17 04:27:08,886|INFO|nn.computeOptunaObjective|Trial 51 rocauc:|[0.8198893509443641, 0.7792019027484143, 0.7124849939975989, 0.7404160202498571, 0.8418104122153316, 0.8632183908045977, 0.8498741459906508, 0.8587607411385607]
2023-06-17 04:27:08,886|INFO|nn.computeOptunaObjective|Trial 51 timings:|10.955501199999958
2023-06-17 04:27:08,886|INFO|nn.computeOptunaObjective|Trial 51 objective:|0.7182220074617236
2023-06-17 04:27:14,188|INFO|nn.computeOptunaObjective|Trial 52 params:|{'n_layers': 2, 'architecture': 'bottom', 'lr': 0.001, 'n_epochs': 100}
2023-06-17 04:27:14,188|INFO|nn.computeOptunaObjective|Trial 52 balacc:|[0.6765768406397128, 0.5192917547568711, 0.7046818727490997, 0.6109659508451049, 0.6588540309552348, 0.6785057471264369, 0.6414509169363538, 0.730921052631579]
2023-06-17 04:27:14,188|INFO|nn.computeOptunaObjective|Trial 52 rocauc:|[0.7729752505175225, 0.7735200845665963, 0.7190876350540216, 0.7509798317955417, 0.8223070509145864, 0.8683333333333334, 0.8202085580726357, 0.8417919799498748]
2023-06-17 04:27:14,188|INFO|nn.computeOptunaObjective|Trial 52 timings:|5.2896486999999865
2023-06-17 04:27:14,188|INFO|nn.computeOptunaObjective|Trial 52 objective:|0.6526560208300491
2023-06-17 04:27:22,492|INFO|nn.computeOptunaObjective|Trial 53 params:|{'n_layers': 2, 'architecture': 'outer', 'lr': 0.001, 'n_epochs': 150}
2023-06-17 04:27:22,492|INFO|nn.computeOptunaObjective|Trial 53 balacc:|[0.7074889625735066, 0.5932875264270613, 0.6842737094837935, 0.6402588388993222, 0.6919198499140132, 0.7156896551724138, 0.6537216828478964, 0.7265664160401002]
2023-06-17 04:27:22,492|INFO|nn.computeOptunaObjective|Trial 53 rocauc:|[0.7991096781284921, 0.7690274841437631, 0.7106842737094838, 0.7554707275251082, 0.8255901818750325, 0.8647126436781608, 0.8318950017979144, 0.8508145363408521]
2023-06-17 04:27:22,492|INFO|nn.computeOptunaObjective|Trial 53 timings:|8.295709799999997
2023-06-17 04:27:22,492|INFO|nn.computeOptunaObjective|Trial 53 objective:|0.6766508301697634
2023-06-17 04:27:28,045|INFO|nn.computeOptunaObjective|Trial 54 params:|{'n_layers': 3, 'architecture': 'inner', 'lr': 0.001, 'n_epochs': 100}
2023-06-17 04:27:28,045|INFO|nn.computeOptunaObjective|Trial 54 balacc:|[0.7204169490904428, 0.709830866807611, 0.6740696278511404, 0.6214991426471789, 0.6910990671739017, 0.7599425287356323, 0.711839266450917, 0.7307330827067668]
2023-06-17 04:27:28,045|INFO|nn.computeOptunaObjective|Trial 54 rocauc:|[0.8186234817813766, 0.7867336152219873, 0.7190876350540216, 0.7585939413733975, 0.8353614049715984, 0.8788505747126436, 0.8345019777058612, 0.857295023272467]
2023-06-17 04:27:28,045|INFO|nn.computeOptunaObjective|Trial 54 timings:|5.55102549999998
2023-06-17 04:27:28,045|INFO|nn.computeOptunaObjective|Trial 54 objective:|0.7024288164329489
2023-06-17 04:27:36,421|INFO|nn.computeOptunaObjective|Trial 55 params:|{'n_layers': 3, 'architecture': 'inner', 'lr': 0.001, 'n_epochs': 150}
2023-06-17 04:27:36,421|INFO|nn.computeOptunaObjective|Trial 55 balacc:|[0.72506091193874, 0.7552854122621564, 0.7226890756302521, 0.6574671348085246, 0.7346526655896608, 0.7342528735632183, 0.6750269687162891, 0.7351817042606517]
2023-06-17 04:27:36,421|INFO|nn.computeOptunaObjective|Trial 55 rocauc:|[0.813891585908733, 0.7788054968287528, 0.7238895558223291, 0.7427941536702866, 0.8403382146021158, 0.8689080459770114, 0.8503685724559511, 0.8603831006086645]
2023-06-17 04:27:36,421|INFO|nn.computeOptunaObjective|Trial 55 timings:|8.371667300000013
2023-06-17 04:27:36,421|INFO|nn.computeOptunaObjective|Trial 55 objective:|0.7174520933461865
2023-06-17 04:27:44,660|INFO|nn.computeOptunaObjective|Trial 56 params:|{'n_layers': 4, 'architecture': 'bottom', 'lr': 0.0001, 'n_epochs': 150}
2023-06-17 04:27:44,660|INFO|nn.computeOptunaObjective|Trial 56 balacc:|[0.5, 0.5, 0.5294117647058824, 0.5, 0.5, 0.5, 0.5, 0.5106829573934837]
2023-06-17 04:27:44,660|INFO|nn.computeOptunaObjective|Trial 56 rocauc:|[0.6606811145510836, 0.6633192389006343, 0.5750300120048019, 0.6253980566669388, 0.6762337797696597, 0.7469540229885058, 0.649047105357785, 0.7013157894736841]
2023-06-17 04:27:44,660|INFO|nn.computeOptunaObjective|Trial 56 timings:|8.240494099999978
2023-06-17 04:27:44,660|INFO|nn.computeOptunaObjective|Trial 56 objective:|0.5050118402624207
2023-06-17 04:27:50,010|INFO|nn.computeOptunaObjective|Trial 57 params:|{'n_layers': 2, 'architecture': 'linear', 'lr': 0.001, 'n_epochs': 100}
2023-06-17 04:27:50,010|INFO|nn.computeOptunaObjective|Trial 57 balacc:|[0.6989301482037849, 0.6329281183932347, 0.6458583433373349, 0.6290111864129991, 0.6532127781541508, 0.7042528735632184, 0.6414509169363538, 0.7321115288220552]
2023-06-17 04:27:50,010|INFO|nn.computeOptunaObjective|Trial 57 rocauc:|[0.7958708117317309, 0.7854122621564483, 0.7154861944777912, 0.7491630603413081, 0.8292902183542654, 0.8745402298850574, 0.8313556274721323, 0.8521706050841388]
2023-06-17 04:27:50,010|INFO|nn.computeOptunaObjective|Trial 57 timings:|5.336606999999958
2023-06-17 04:27:50,010|INFO|nn.computeOptunaObjective|Trial 57 objective:|0.6672194867278916
2023-06-17 04:28:00,917|INFO|nn.computeOptunaObjective|Trial 58 params:|{'n_layers': 2, 'architecture': 'top', 'lr': 0.0001, 'n_epochs': 200}
2023-06-17 04:28:00,917|INFO|nn.computeOptunaObjective|Trial 58 balacc:|[0.6311777529448404, 0.5536469344608879, 0.656062424969988, 0.5172491222340165, 0.6064411902652561, 0.6728160919540229, 0.5939859762675297, 0.6905701754385964]
2023-06-17 04:28:00,917|INFO|nn.computeOptunaObjective|Trial 58 rocauc:|[0.7557623610017037, 0.7721987315010571, 0.7238895558223288, 0.7089287172368743, 0.8110245453124186, 0.8561494252873564, 0.7998921251348435, 0.8216299677765844]
2023-06-17 04:28:00,917|INFO|nn.computeOptunaObjective|Trial 58 timings:|10.904707700000017
2023-06-17 04:28:00,917|INFO|nn.computeOptunaObjective|Trial 58 objective:|0.6152437085668923
2023-06-17 04:28:06,319|INFO|nn.computeOptunaObjective|Trial 59 params:|{'n_layers': 2, 'architecture': 'linear', 'lr': 0.0001, 'n_epochs': 100}
2023-06-17 04:28:06,319|INFO|nn.computeOptunaObjective|Trial 59 balacc:|[0.5025042592558668, 0.5, 0.5, 0.5, 0.5, 0.5, 0.5, 0.5088032581453634]
2023-06-17 04:28:06,319|INFO|nn.computeOptunaObjective|Trial 59 rocauc:|[0.6597028596552292, 0.6371564482029599, 0.5954381752701081, 0.6205601371764514, 0.667791443014227, 0.7379310344827585, 0.6397878460985257, 0.6995614035087718]
2023-06-17 04:28:06,319|INFO|nn.computeOptunaObjective|Trial 59 timings:|5.3963951000000066
2023-06-17 04:28:06,319|INFO|nn.computeOptunaObjective|Trial 59 objective:|0.5014134396751537
2023-06-17 04:28:17,175|INFO|nn.computeOptunaObjective|Trial 60 params:|{'n_layers': 2, 'architecture': 'linear', 'lr': 0.0001, 'n_epochs': 200}
2023-06-17 04:28:17,175|INFO|nn.computeOptunaObjective|Trial 60 balacc:|[0.6105519629215748, 0.5140063424947146, 0.6458583433373349, 0.5104923654772597, 0.5677341185053937, 0.652816091954023, 0.5678263214670982, 0.6653508771929825]
2023-06-17 04:28:17,175|INFO|nn.computeOptunaObjective|Trial 60 rocauc:|[0.737743418762709, 0.7505285412262157, 0.7106842737094837, 0.6956601616722463, 0.7902053259680025, 0.8427011494252874, 0.778856526429342, 0.8054779806659507]
2023-06-17 04:28:17,175|INFO|nn.computeOptunaObjective|Trial 60 timings:|10.853917399999943
2023-06-17 04:28:17,175|INFO|nn.computeOptunaObjective|Trial 60 objective:|0.5918295529187978
2023-06-17 04:28:22,502|INFO|nn.computeOptunaObjective|Trial 61 params:|{'n_layers': 2, 'architecture': 'outer', 'lr': 0.001, 'n_epochs': 100}
2023-06-17 04:28:22,502|INFO|nn.computeOptunaObjective|Trial 61 balacc:|[0.7014344074596516, 0.5903805496828752, 0.6752701080432173, 0.6350126561606924, 0.6524050237115013, 0.6828160919540229, 0.6398327939590076, 0.7496240601503759]
2023-06-17 04:28:22,502|INFO|nn.computeOptunaObjective|Trial 61 rocauc:|[0.7983585835455329, 0.763477801268499, 0.7178871548619447, 0.7639217767616558, 0.8265021626973788, 0.8764367816091955, 0.8317152103559871, 0.8537056928034371]
2023-06-17 04:28:22,502|INFO|nn.computeOptunaObjective|Trial 61 timings:|5.308541799999944
2023-06-17 04:28:22,502|INFO|nn.computeOptunaObjective|Trial 61 objective:|0.6658469613901681
2023-06-17 04:28:30,497|INFO|nn.computeOptunaObjective|Trial 62 params:|{'n_layers': 4, 'architecture': 'bottom', 'lr': 0.001, 'n_epochs': 150}
2023-06-17 04:28:30,497|INFO|nn.computeOptunaObjective|Trial 62 balacc:|[0.7082602084745453, 0.6614693446088795, 0.7623049219687875, 0.6319506817996243, 0.7209338683620825, 0.7299425287356323, 0.6814994606256742, 0.7476190476190476]
2023-06-17 04:28:30,497|INFO|nn.computeOptunaObjective|Trial 62 rocauc:|[0.8063055306208439, 0.7832980972515856, 0.771908763505402, 0.7530007348738467, 0.8141513367033197, 0.850977011494253, 0.8458288385472851, 0.8453119405657]
2023-06-17 04:28:30,497|INFO|nn.computeOptunaObjective|Trial 62 timings:|7.99183000000005
2023-06-17 04:28:30,497|INFO|nn.computeOptunaObjective|Trial 62 objective:|0.7054975077742842
2023-06-17 04:28:38,728|INFO|nn.computeOptunaObjective|Trial 63 params:|{'n_layers': 2, 'architecture': 'top', 'lr': 0.0001, 'n_epochs': 150}
2023-06-17 04:28:38,728|INFO|nn.computeOptunaObjective|Trial 63 balacc:|[0.5969846300401194, 0.4941860465116279, 0.656062424969988, 0.5, 0.5217702850591485, 0.632816091954023, 0.5277777777777778, 0.6527882205513784]
2023-06-17 04:28:38,728|INFO|nn.computeOptunaObjective|Trial 63 rocauc:|[0.7254181398501476, 0.7489429175475687, 0.7082833133253302, 0.6739201437086633, 0.7832482151232477, 0.8474137931034483, 0.7622258180510607, 0.8010293591120659]
2023-06-17 04:28:38,728|INFO|nn.computeOptunaObjective|Trial 63 timings:|8.232985800000051
2023-06-17 04:28:38,728|INFO|nn.computeOptunaObjective|Trial 63 objective:|0.5727981846080079
2023-06-17 04:28:46,685|INFO|nn.computeOptunaObjective|Trial 64 params:|{'n_layers': 3, 'architecture': 'inner', 'lr': 0.0001, 'n_epochs': 150}
2023-06-17 04:28:46,685|INFO|nn.computeOptunaObjective|Trial 64 balacc:|[0.6130562221774415, 0.5792811839323467, 0.7046818727490997, 0.5, 0.5, 0.6299425287356322, 0.5507011866235167, 0.6585213032581454]
2023-06-17 04:28:46,685|INFO|nn.computeOptunaObjective|Trial 64 rocauc:|[0.7430597028596553, 0.7666490486257928, 0.6758703481392557, 0.6953335510737323, 0.8024519255823649, 0.857183908045977, 0.7888349514563107, 0.8123881131399929]
2023-06-17 04:28:46,685|INFO|nn.computeOptunaObjective|Trial 64 timings:|7.951608700000065
2023-06-17 04:28:46,685|INFO|nn.computeOptunaObjective|Trial 64 objective:|0.5920230371845228
2023-06-17 04:28:51,957|INFO|nn.computeOptunaObjective|Trial 65 params:|{'n_layers': 3, 'architecture': 'outer', 'lr': 0.0001, 'n_epochs': 100}
2023-06-17 04:28:51,957|INFO|nn.computeOptunaObjective|Trial 65 balacc:|[0.49940828402366866, 0.5, 0.5, 0.5, 0.5, 0.5, 0.5, 0.5018796992481203]
2023-06-17 04:28:51,957|INFO|nn.computeOptunaObjective|Trial 65 rocauc:|[0.6695476945060179, 0.6828752642706131, 0.6014405762304922, 0.626969870172287, 0.7094819948929074, 0.7849999999999999, 0.6869830996044588, 0.7299409237379162]
2023-06-17 04:28:51,957|INFO|nn.computeOptunaObjective|Trial 65 timings:|5.259598399999959
2023-06-17 04:28:51,957|INFO|nn.computeOptunaObjective|Trial 65 objective:|0.5001609979089736
2023-06-17 04:29:00,100|INFO|nn.computeOptunaObjective|Trial 66 params:|{'n_layers': 2, 'architecture': 'inner', 'lr': 0.001, 'n_epochs': 150}
2023-06-17 04:29:00,100|INFO|nn.computeOptunaObjective|Trial 66 balacc:|[0.7144997893271292, 0.6358350951374208, 0.6842737094837935, 0.6410141259083857, 0.6846630882276303, 0.722816091954023, 0.6953883495145631, 0.7528822055137845]
2023-06-17 04:29:00,100|INFO|nn.computeOptunaObjective|Trial 66 rocauc:|[0.7988367193654167, 0.7698202959830867, 0.6998799519807923, 0.7626561606924145, 0.8210042211683777, 0.8698275862068965, 0.8393563466379, 0.8533208020050125]
2023-06-17 04:29:00,100|INFO|nn.computeOptunaObjective|Trial 66 timings:|8.133346700000061
2023-06-17 04:29:00,100|INFO|nn.computeOptunaObjective|Trial 66 objective:|0.6914215568833413
2023-06-17 04:29:05,653|INFO|nn.computeOptunaObjective|Trial 67 params:|{'n_layers': 4, 'architecture': 'linear', 'lr': 0.0001, 'n_epochs': 100}
2023-06-17 04:29:05,653|INFO|nn.computeOptunaObjective|Trial 67 balacc:|[0.5, 0.5, 0.5, 0.5, 0.5, 0.5, 0.5, 0.5]
2023-06-17 04:29:05,653|INFO|nn.computeOptunaObjective|Trial 67 rocauc:|[0.6832835656841374, 0.7182875264270614, 0.5978391356542618, 0.6358904221441986, 0.744215435926833, 0.8208620689655172, 0.7278856526429341, 0.744718940207662]
2023-06-17 04:29:05,653|INFO|nn.computeOptunaObjective|Trial 67 timings:|5.547974599999975
2023-06-17 04:29:05,653|INFO|nn.computeOptunaObjective|Trial 67 objective:|0.5
2023-06-17 04:29:11,245|INFO|nn.computeOptunaObjective|Trial 68 params:|{'n_layers': 2, 'architecture': 'outer', 'lr': 0.0001, 'n_epochs': 100}
2023-06-17 04:29:11,245|INFO|nn.computeOptunaObjective|Trial 68 balacc:|[0.5115650246395662, 0.5, 0.5, 0.5, 0.5, 0.5, 0.5, 0.5082080200501253]
2023-06-17 04:29:11,245|INFO|nn.computeOptunaObjective|Trial 68 rocauc:|[0.6697785186949273, 0.6490486257928118, 0.624249699879952, 0.6232955009390054, 0.6474933555682943, 0.7388505747126436, 0.6465300251708019, 0.7017141066953096]
2023-06-17 04:29:11,245|INFO|nn.computeOptunaObjective|Trial 68 timings:|5.584292600000026
2023-06-17 04:29:11,245|INFO|nn.computeOptunaObjective|Trial 68 objective:|0.5024716305862114
2023-06-17 04:29:19,460|INFO|nn.computeOptunaObjective|Trial 69 params:|{'n_layers': 4, 'architecture': 'inner', 'lr': 0.0001, 'n_epochs': 150}
2023-06-17 04:29:19,460|INFO|nn.computeOptunaObjective|Trial 69 balacc:|[0.6251653324051514, 0.5792811839323467, 0.656062424969988, 0.5, 0.5, 0.645632183908046, 0.5, 0.6647556390977444]
2023-06-17 04:29:19,460|INFO|nn.computeOptunaObjective|Trial 69 rocauc:|[0.7645190246762049, 0.7677061310782242, 0.6806722689075629, 0.7267902343431044, 0.8208478815988328, 0.866551724137931, 0.7955771305285868, 0.8203499820981024]
2023-06-17 04:29:19,460|INFO|nn.computeOptunaObjective|Trial 69 timings:|8.219660700000077
2023-06-17 04:29:19,460|INFO|nn.computeOptunaObjective|Trial 69 objective:|0.5838620955391596
2023-06-17 04:29:30,566|INFO|nn.computeOptunaObjective|Trial 70 params:|{'n_layers': 4, 'architecture': 'top', 'lr': 0.0001, 'n_epochs': 200}
2023-06-17 04:29:30,566|INFO|nn.computeOptunaObjective|Trial 70 balacc:|[0.7177752944840347, 0.709830866807611, 0.6830732292917168, 0.578692741079448, 0.6886758038459534, 0.7427586206896553, 0.7134573894282632, 0.7466478696741854]
2023-06-17 04:29:30,566|INFO|nn.computeOptunaObjective|Trial 70 rocauc:|[0.8112077967281588, 0.7772198731501057, 0.7238895558223288, 0.7375683840940639, 0.8262415967481369, 0.8758620689655172, 0.8357605177993529, 0.8465583601861799]
2023-06-17 04:29:30,566|INFO|nn.computeOptunaObjective|Trial 70 timings:|11.09853720000001
2023-06-17 04:29:30,566|INFO|nn.computeOptunaObjective|Trial 70 objective:|0.6976139769126084
2023-06-17 04:29:36,088|INFO|nn.computeOptunaObjective|Trial 71 params:|{'n_layers': 2, 'architecture': 'inner', 'lr': 0.0001, 'n_epochs': 100}
2023-06-17 04:29:36,088|INFO|nn.computeOptunaObjective|Trial 71 balacc:|[0.5040522468719659, 0.5, 0.5, 0.5, 0.5, 0.5, 0.5, 0.511967418546366]
2023-06-17 04:29:36,088|INFO|nn.computeOptunaObjective|Trial 71 rocauc:|[0.6598164398116768, 0.6485200845665962, 0.6002400960384153, 0.6220707111945782, 0.6684689144822554, 0.7464367816091954, 0.6420352391226178, 0.7136322950232723]
2023-06-17 04:29:36,088|INFO|nn.computeOptunaObjective|Trial 71 timings:|5.5120948
2023-06-17 04:29:36,088|INFO|nn.computeOptunaObjective|Trial 71 objective:|0.5020024581772915
2023-06-17 04:29:41,485|INFO|nn.computeOptunaObjective|Trial 72 params:|{'n_layers': 2, 'architecture': 'top', 'lr': 0.0001, 'n_epochs': 100}
2023-06-17 04:29:41,485|INFO|nn.computeOptunaObjective|Trial 72 balacc:|[0.5187132467437302, 0.5, 0.5, 0.5, 0.5, 0.5, 0.5, 0.5270989974937343]
2023-06-17 04:29:41,485|INFO|nn.computeOptunaObjective|Trial 72 rocauc:|[0.687661897521388, 0.6929175475687104, 0.6386554621848739, 0.6341348901771863, 0.71729897337016, 0.8044827586206896, 0.7019956850053938, 0.7533208020050125]
2023-06-17 04:29:41,485|INFO|nn.computeOptunaObjective|Trial 72 timings:|5.395140599999991
2023-06-17 04:29:41,485|INFO|nn.computeOptunaObjective|Trial 72 objective:|0.5057265305296831
2023-06-17 04:29:52,203|INFO|nn.computeOptunaObjective|Trial 73 params:|{'n_layers': 4, 'architecture': 'inner', 'lr': 0.0001, 'n_epochs': 200}
2023-06-17 04:29:52,203|INFO|nn.computeOptunaObjective|Trial 73 balacc:|[0.6882737648157986, 0.6871035940803383, 0.6740696278511404, 0.5, 0.6733545260305382, 0.7270114942528736, 0.7028047464940669, 0.7450501253132833]
2023-06-17 04:29:52,203|INFO|nn.computeOptunaObjective|Trial 73 rocauc:|[0.7973217066334476, 0.7801268498942917, 0.7370948379351739, 0.7466318282028251, 0.8290557089999478, 0.8654597701149424, 0.8208378281193816, 0.8429466523451485]
2023-06-17 04:29:52,203|INFO|nn.computeOptunaObjective|Trial 73 timings:|10.704912400000012
2023-06-17 04:29:52,203|INFO|nn.computeOptunaObjective|Trial 73 objective:|0.6747084848547549
2023-06-17 04:29:57,538|INFO|nn.computeOptunaObjective|Trial 74 params:|{'n_layers': 3, 'architecture': 'linear', 'lr': 0.001, 'n_epochs': 100}
2023-06-17 04:29:57,538|INFO|nn.computeOptunaObjective|Trial 74 balacc:|[0.7314800227160313, 0.7494714587737843, 0.7034813925570228, 0.6282150730791214, 0.7531919328782115, 0.7470689655172413, 0.7241100323624595, 0.7389411027568922]
2023-06-17 04:29:57,538|INFO|nn.computeOptunaObjective|Trial 74 rocauc:|[0.8192683239599172, 0.7825052854122622, 0.73109243697479, 0.7462031517922757, 0.8330163114284226, 0.8775287356321839, 0.8459187342682488, 0.8545784103114931]
2023-06-17 04:29:57,538|INFO|nn.computeOptunaObjective|Trial 74 timings:|5.326830400000063
2023-06-17 04:29:57,538|INFO|nn.computeOptunaObjective|Trial 74 objective:|0.7219949975800956
2023-06-17 04:30:08,276|INFO|nn.computeOptunaObjective|Trial 75 params:|{'n_layers': 3, 'architecture': 'bottom', 'lr': 0.001, 'n_epochs': 200}
2023-06-17 04:30:08,276|INFO|nn.computeOptunaObjective|Trial 75 balacc:|[0.7193709124883214, 0.6672832980972516, 0.6548619447779112, 0.6477300563403282, 0.640301735369222, 0.7470689655172413, 0.7176375404530744, 0.743577694235589]
2023-06-17 04:30:08,276|INFO|nn.computeOptunaObjective|Trial 75 rocauc:|[0.8047923498268817, 0.7666490486257929, 0.6686674669867947, 0.7570221278680493, 0.8166006566261921, 0.877816091954023, 0.8208827759798633, 0.8501141245972073]
2023-06-17 04:30:08,276|INFO|nn.computeOptunaObjective|Trial 75 timings:|10.727042500000039
2023-06-17 04:30:08,276|INFO|nn.computeOptunaObjective|Trial 75 objective:|0.6922290184098674
2023-06-17 04:30:13,533|INFO|nn.computeOptunaObjective|Trial 76 params:|{'n_layers': 2, 'architecture': 'bottom', 'lr': 0.0001, 'n_epochs': 100}
2023-06-17 04:30:13,533|INFO|nn.computeOptunaObjective|Trial 76 balacc:|[0.5, 0.5, 0.5, 0.5, 0.5, 0.5, 0.5, 0.5]
2023-06-17 04:30:13,533|INFO|nn.computeOptunaObjective|Trial 76 rocauc:|[0.6056790078223753, 0.5903805496828753, 0.553421368547419, 0.6053931575079612, 0.5723982489968211, 0.620919540229885, 0.5682308522114348, 0.5973818474758325]
2023-06-17 04:30:13,533|INFO|nn.computeOptunaObjective|Trial 76 timings:|5.2598628000000645
2023-06-17 04:30:13,533|INFO|nn.computeOptunaObjective|Trial 76 objective:|0.5
2023-06-17 04:30:18,908|INFO|nn.computeOptunaObjective|Trial 77 params:|{'n_layers': 4, 'architecture': 'outer', 'lr': 0.0001, 'n_epochs': 100}
2023-06-17 04:30:18,908|INFO|nn.computeOptunaObjective|Trial 77 balacc:|[0.5, 0.5, 0.5, 0.5, 0.5, 0.5, 0.5, 0.5]
2023-06-17 04:30:18,908|INFO|nn.computeOptunaObjective|Trial 77 rocauc:|[0.6726070309780716, 0.7093023255813953, 0.5918367346938775, 0.6346248060749571, 0.7276694981499818, 0.8025862068965517, 0.7106256742179072, 0.7248344074471893]
2023-06-17 04:30:18,908|INFO|nn.computeOptunaObjective|Trial 77 timings:|5.365762000000018
2023-06-17 04:30:18,908|INFO|nn.computeOptunaObjective|Trial 77 objective:|0.5
2023-06-17 04:30:29,528|INFO|nn.computeOptunaObjective|Trial 78 params:|{'n_layers': 2, 'architecture': 'linear', 'lr': 0.001, 'n_epochs': 200}
2023-06-17 04:30:29,528|INFO|nn.computeOptunaObjective|Trial 78 balacc:|[0.7169142836206422, 0.610200845665962, 0.6356542617046819, 0.6657752919082225, 0.6774063265412475, 0.732816091954023, 0.7076591154261057, 0.7400062656641604]
2023-06-17 04:30:29,528|INFO|nn.computeOptunaObjective|Trial 78 rocauc:|[0.7990657116163189, 0.7706131078224101, 0.6962785114045619, 0.7565934514574998, 0.8212126739277711, 0.8668965517241379, 0.8330636461704423, 0.8512016648764769]
2023-06-17 04:30:29,528|INFO|nn.computeOptunaObjective|Trial 78 timings:|10.613318100000015
2023-06-17 04:30:29,528|INFO|nn.computeOptunaObjective|Trial 78 objective:|0.6858040603106306
2023-06-17 04:30:37,797|INFO|nn.computeOptunaObjective|Trial 79 params:|{'n_layers': 3, 'architecture': 'top', 'lr': 0.0001, 'n_epochs': 150}
2023-06-17 04:30:37,797|INFO|nn.computeOptunaObjective|Trial 79 balacc:|[0.6509846666788796, 0.5565539112050739, 0.6356542617046819, 0.5, 0.6201469591953723, 0.6728160919540229, 0.6014023732470335, 0.7028195488721805]
2023-06-17 04:30:37,797|INFO|nn.computeOptunaObjective|Trial 79 rocauc:|[0.7657793980251708, 0.7785412262156449, 0.6998799519807923, 0.7269127133175471, 0.8222809943196624, 0.8697701149425288, 0.8092412801150666, 0.8321383816684569]
2023-06-17 04:30:37,797|INFO|nn.computeOptunaObjective|Trial 79 timings:|8.257111000000009
2023-06-17 04:30:37,797|INFO|nn.computeOptunaObjective|Trial 79 objective:|0.6175472266071556
2023-06-17 04:30:48,662|INFO|nn.computeOptunaObjective|Trial 80 params:|{'n_layers': 3, 'architecture': 'outer', 'lr': 0.001, 'n_epochs': 200}
2023-06-17 04:30:48,662|INFO|nn.computeOptunaObjective|Trial 80 balacc:|[0.7173209738582447, 0.709830866807611, 0.6638655462184874, 0.658222421817588, 0.6765985720985981, 0.7313793103448276, 0.7166936353829558, 0.7428884711779449]
2023-06-17 04:30:48,662|INFO|nn.computeOptunaObjective|Trial 80 rocauc:|[0.8141132504076064, 0.7826374207188161, 0.6818727490996399, 0.7686576304401077, 0.8309448121319506, 0.8692528735632183, 0.8321646889608055, 0.8576127819548873]
2023-06-17 04:30:48,662|INFO|nn.computeOptunaObjective|Trial 80 timings:|10.865672000000018
2023-06-17 04:30:48,662|INFO|nn.computeOptunaObjective|Trial 80 objective:|0.7020999747132822
2023-06-17 04:30:56,970|INFO|nn.computeOptunaObjective|Trial 81 params:|{'n_layers': 4, 'architecture': 'outer', 'lr': 0.0001, 'n_epochs': 150}
2023-06-17 04:30:56,970|INFO|nn.computeOptunaObjective|Trial 81 balacc:|[0.5224009379522597, 0.5367336152219873, 0.5882352941176471, 0.5007144606842492, 0.520962530616499, 0.5, 0.5, 0.5855576441102757]
2023-06-17 04:30:56,970|INFO|nn.computeOptunaObjective|Trial 81 rocauc:|[0.7357209592027406, 0.7716701902748414, 0.6686674669867947, 0.695762227484282, 0.7989603418625254, 0.8540229885057472, 0.7858683926645091, 0.8011770497672754]
2023-06-17 04:30:56,970|INFO|nn.computeOptunaObjective|Trial 81 timings:|8.296607900000026
2023-06-17 04:30:56,970|INFO|nn.computeOptunaObjective|Trial 81 objective:|0.5318255603378648
2023-06-17 04:31:07,497|INFO|nn.computeOptunaObjective|Trial 82 params:|{'n_layers': 2, 'architecture': 'bottom', 'lr': 0.0001, 'n_epochs': 200}
2023-06-17 04:31:07,497|INFO|nn.computeOptunaObjective|Trial 82 balacc:|[0.5902907285617455, 0.5110993657505285, 0.6368547418967587, 0.5, 0.5, 0.5656896551724138, 0.5277777777777778, 0.6362781954887218]
2023-06-17 04:31:07,497|INFO|nn.computeOptunaObjective|Trial 82 rocauc:|[0.7053694102991556, 0.7251585623678647, 0.6998799519807923, 0.6481791459132848, 0.733949137526708, 0.8134482758620689, 0.7260877382236606, 0.7739930182599355]
2023-06-17 04:31:07,497|INFO|nn.computeOptunaObjective|Trial 82 timings:|10.52210260000004
2023-06-17 04:31:07,497|INFO|nn.computeOptunaObjective|Trial 82 objective:|0.5584988080809933
2023-06-17 04:31:15,681|INFO|nn.computeOptunaObjective|Trial 83 params:|{'n_layers': 4, 'architecture': 'inner', 'lr': 0.001, 'n_epochs': 150}
2023-06-17 04:31:15,681|INFO|nn.computeOptunaObjective|Trial 83 balacc:|[0.7281147525967722, 0.6900105708245243, 0.702280912364946, 0.6672042132767209, 0.6919198499140132, 0.7299425287356323, 0.7486515641855448, 0.7220238095238095]
2023-06-17 04:31:15,681|INFO|nn.computeOptunaObjective|Trial 83 rocauc:|[0.8033762617473025, 0.7903012684989429, 0.6926770708283313, 0.7397525924716257, 0.841250195424462, 0.8754597701149425, 0.8380978065444086, 0.8564804869316148]
2023-06-17 04:31:15,681|INFO|nn.computeOptunaObjective|Trial 83 timings:|8.180726800000002
2023-06-17 04:31:15,681|INFO|nn.computeOptunaObjective|Trial 83 objective:|0.7100185251777454
2023-06-17 04:31:21,101|INFO|nn.computeOptunaObjective|Trial 84 params:|{'n_layers': 3, 'architecture': 'bottom', 'lr': 0.0001, 'n_epochs': 100}
2023-06-17 04:31:21,101|INFO|nn.computeOptunaObjective|Trial 84 balacc:|[0.5, 0.5, 0.5, 0.5, 0.5, 0.5, 0.5, 0.5]
2023-06-17 04:31:21,101|INFO|nn.computeOptunaObjective|Trial 84 rocauc:|[0.594163445509004, 0.5856236786469344, 0.531812725090036, 0.6020862251980077, 0.5901949033300328, 0.6059770114942529, 0.5730852211434736, 0.586108127461511]
2023-06-17 04:31:21,101|INFO|nn.computeOptunaObjective|Trial 84 timings:|5.4105134000000135
2023-06-17 04:31:21,101|INFO|nn.computeOptunaObjective|Trial 84 objective:|0.5
2023-06-17 04:31:26,568|INFO|nn.computeOptunaObjective|Trial 85 params:|{'n_layers': 4, 'architecture': 'linear', 'lr': 0.001, 'n_epochs': 100}
2023-06-17 04:31:26,568|INFO|nn.computeOptunaObjective|Trial 85 balacc:|[0.723740084635536, 0.6614693446088795, 0.6932773109243697, 0.5937576549359027, 0.7193313877742457, 0.7427586206896553, 0.7102211434735706, 0.743577694235589]
2023-06-17 04:31:26,568|INFO|nn.computeOptunaObjective|Trial 85 rocauc:|[0.8146005459175262, 0.7758985200845665, 0.7346938775510203, 0.7517759451294195, 0.8409114596904477, 0.8656896551724137, 0.8380079108234448, 0.8501879699248119]
2023-06-17 04:31:26,568|INFO|nn.computeOptunaObjective|Trial 85 timings:|5.456163700000047
2023-06-17 04:31:26,568|INFO|nn.computeOptunaObjective|Trial 85 objective:|0.6985166551597185
2023-06-17 04:31:34,885|INFO|nn.computeOptunaObjective|Trial 86 params:|{'n_layers': 3, 'architecture': 'linear', 'lr': 0.001, 'n_epochs': 150}
2023-06-17 04:31:34,885|INFO|nn.computeOptunaObjective|Trial 86 balacc:|[0.726381739241944, 0.7494714587737843, 0.7226890756302521, 0.6432391606107618, 0.7144978894158112, 0.7813793103448275, 0.6995685005393744, 0.7383458646616541]
2023-06-17 04:31:34,885|INFO|nn.computeOptunaObjective|Trial 86 rocauc:|[0.8143788814186528, 0.7835623678646935, 0.709483793517407, 0.7412733730709562, 0.8344754807441763, 0.8715517241379309, 0.8364347357065803, 0.8576776763336913]
2023-06-17 04:31:34,885|INFO|nn.computeOptunaObjective|Trial 86 timings:|8.304918499999985
2023-06-17 04:31:34,885|INFO|nn.computeOptunaObjective|Trial 86 objective:|0.7219466249023012
2023-06-17 04:31:40,485|INFO|nn.computeOptunaObjective|Trial 87 params:|{'n_layers': 4, 'architecture': 'inner', 'lr': 0.0001, 'n_epochs': 100}
2023-06-17 04:31:40,485|INFO|nn.computeOptunaObjective|Trial 87 balacc:|[0.5, 0.5, 0.5, 0.5, 0.5, 0.5, 0.5, 0.5]
2023-06-17 04:31:40,485|INFO|nn.computeOptunaObjective|Trial 87 rocauc:|[0.6884386392364482, 0.7145877378435519, 0.5978391356542617, 0.6381766963337959, 0.7446583980405441, 0.8175862068965517, 0.7292340884573894, 0.7465852130325815]
2023-06-17 04:31:40,485|INFO|nn.computeOptunaObjective|Trial 87 timings:|5.6013556000000335
2023-06-17 04:31:40,485|INFO|nn.computeOptunaObjective|Trial 87 objective:|0.5
2023-06-17 04:31:51,099|INFO|nn.computeOptunaObjective|Trial 88 params:|{'n_layers': 4, 'architecture': 'bottom', 'lr': 0.0001, 'n_epochs': 200}
2023-06-17 04:31:51,099|INFO|nn.computeOptunaObjective|Trial 88 balacc:|[0.5534559510506165, 0.5763742071881607, 0.5, 0.5, 0.5354760539892647, 0.5, 0.5, 0.5957393483709272]
2023-06-17 04:31:51,099|INFO|nn.computeOptunaObjective|Trial 88 rocauc:|[0.710806602304578, 0.7526427061310783, 0.6626650660264105, 0.6825140850820609, 0.7772551982906873, 0.8320689655172414, 0.7441567781373607, 0.7659103114930182]
2023-06-17 04:31:51,099|INFO|nn.computeOptunaObjective|Trial 88 timings:|10.599215400000048
2023-06-17 04:31:51,099|INFO|nn.computeOptunaObjective|Trial 88 objective:|0.5326306950748712
2023-06-17 04:31:59,392|INFO|nn.computeOptunaObjective|Trial 89 params:|{'n_layers': 4, 'architecture': 'outer', 'lr': 0.001, 'n_epochs': 150}
2023-06-17 04:31:59,392|INFO|nn.computeOptunaObjective|Trial 89 balacc:|[0.725245937677469, 0.6387420718816068, 0.6728691476590636, 0.65516044745652, 0.6911120954713638, 0.7341954022988506, 0.6995685005393744, 0.7396303258145364]
2023-06-17 04:31:59,392|INFO|nn.computeOptunaObjective|Trial 89 rocauc:|[0.8088775715829776, 0.7846194503171249, 0.7118847539015606, 0.7445088593124847, 0.8457710146438064, 0.8770402298850575, 0.8447500898957211, 0.8546589688506981]
2023-06-17 04:31:59,392|INFO|nn.computeOptunaObjective|Trial 89 timings:|8.284103899999991
2023-06-17 04:31:59,392|INFO|nn.computeOptunaObjective|Trial 89 objective:|0.6945654910998481
2023-06-17 04:31:59,392|INFO|mtg.runMTGExperiment|Best trial number:|74
2023-06-17 04:31:59,392|INFO|mtg.runMTGExperiment|Best trial objective:|0.7219949975800956
2023-06-17 04:31:59,392|INFO|mtg.runMTGExperiment|Best trial params:|{'n_layers': 3, 'architecture': 'linear', 'lr': 0.001, 'n_epochs': 100}
2023-06-17 04:31:59,423|INFO|nn.loadModellingDataset|Trainval descriptors loaded (features, instances):|1024|6147
2023-06-17 04:31:59,423|INFO|nn.loadModellingDataset|Trainval endpoints loaded (tasks, instances):|8|6147
2023-06-17 04:31:59,439|INFO|nn.loadModellingDataset|Test descriptors loaded (features, instances):|1024|692
2023-06-17 04:31:59,439|INFO|nn.loadModellingDataset|Test endpoints loaded (tasks, instances):|8|692
2023-06-17 04:31:59,439|INFO|mtg.runMTGExperiment|Final neural network hyperparams:|{'n_layers': 3, 'architecture': 'linear', 'lr': 0.001, 'n_epochs': 100, 'best_trial_num': 74}
2023-06-17 04:32:05,452|INFO|nn.testFinalModel|Final model test balacc:|[0.7324875151842354, 0.589010989010989, 0.8125, 0.6310495626822158, 0.6177408526351125, 0.6354166666666666, 0.6776119402985075, 0.7767468944099378]
2023-06-17 04:32:05,452|INFO|nn.testFinalModel|Final model test rocauc:|[0.8330155891483332, 0.843956043956044, 0.890625, 0.7568513119533528, 0.8444108761329305, 0.8147727272727273, 0.8597014925373133, 0.8657026397515527]
2023-06-17 04:32:05,465|INFO|mtg.runMTGExperiment|Mechanistic task grouping experiment timing:|746.5927521
2023-06-17 04:32:05,465|INFO|mtg.runMTGExperiment|DONE
