2023-06-17 03:22:18,508|INFO|__main__.startLogging|>>>> START LOGGING A GMTAMES EXPERIMENT
2023-06-17 03:22:18,508|INFO|__main__.startLogging|mode:|mtg
2023-06-17 03:22:18,508|INFO|__main__.startLogging|tasks:|TA100,TA100_S9,TA102,TA102_S9,TA104,TA104_S9,TA1535,TA1535_S9,TA1537,TA1537_S9,TA1538,TA1538_S9,TA97,TA97_S9,TA98,TA98_S9
2023-06-17 03:22:18,508|INFO|__main__.startLogging|testsplit:|scaffold
2023-06-17 03:22:18,508|INFO|__main__.startLogging|output:|mtg_experiment_scaffold
2023-06-17 03:22:18,508|INFO|__main__.startLogging|device:|titanv
2023-06-17 03:22:18,508|INFO|__main__.startLogging|DONE
2023-06-17 03:22:18,508|INFO|mtg.runMTGExperiment|>>>> RUNNING MECHANISTIC TASK GROUPING EXPERIMENT
2023-06-17 03:22:26,138|INFO|mtg.runMTGExperiment|Device confirmed:|cuda:0
2023-06-17 03:22:27,457|INFO|nn.loadModellingDataset|Train descriptors loaded (features, instances):|1024|6889
2023-06-17 03:22:27,457|INFO|nn.loadModellingDataset|Train endpoints loaded (tasks, instances):|16|6889
2023-06-17 03:22:27,488|INFO|nn.loadModellingDataset|Val descriptors loaded (features, instances):|1024|3316
2023-06-17 03:22:27,488|INFO|nn.loadModellingDataset|Val endpoints loaded (tasks, instances):|16|3316
2023-06-17 03:22:43,413|INFO|nn.computeOptunaObjective|Trial 0 params:|{'n_layers': 2, 'architecture': 'top', 'lr': 0.001, 'n_epochs': 200}
2023-06-17 03:22:43,413|INFO|nn.computeOptunaObjective|Trial 0 balacc:|[0.7300148237989355, 0.7409529741513547, 0.7230414746543778, 0.7238372093023255, 0.7454545454545455, 0.6944777911164466, 0.7124075522685251, 0.7295664244304727, 0.6960773863454671, 0.6886888321434155, 0.7193571599904054, 0.7513793103448276, 0.7301223241590213, 0.7967907227615965, 0.7208373570248289, 0.762562656641604]
2023-06-17 03:22:43,413|INFO|nn.computeOptunaObjective|Trial 0 rocauc:|[0.8215012465467286, 0.8371993331745653, 0.8049923195084485, 0.8480443974630021, 0.8250000000000001, 0.7647058823529412, 0.8346785663490257, 0.7830897362619418, 0.8581516815008261, 0.854773568190109, 0.8740105540897097, 0.9070689655172414, 0.8085986688253282, 0.9176555195972671, 0.8594411897251014, 0.8805182599355531]
2023-06-17 03:22:43,413|INFO|nn.computeOptunaObjective|Trial 0 timings:|15.927760300000001
2023-06-17 03:22:43,413|INFO|nn.computeOptunaObjective|Trial 0 objective:|0.7290980340367593
2023-06-17 03:22:51,245|INFO|nn.computeOptunaObjective|Trial 1 params:|{'n_layers': 4, 'architecture': 'top', 'lr': 0.001, 'n_epochs': 100}
2023-06-17 03:22:51,245|INFO|nn.computeOptunaObjective|Trial 1 balacc:|[0.7155515127013005, 0.783340355762361, 0.7623655913978494, 0.7547568710359408, 0.7825757575757575, 0.7521008403361344, 0.6484141658370075, 0.5891442802318936, 0.7480413579917924, 0.6926885194642765, 0.7777944351163348, 0.7527011494252873, 0.7224770642201834, 0.8083872707659115, 0.7443035258267345, 0.7740914786967419]
2023-06-17 03:22:51,245|INFO|nn.computeOptunaObjective|Trial 1 rocauc:|[0.837649080250657, 0.8520325352190082, 0.8267281105990784, 0.8522727272727273, 0.865909090909091, 0.8127250900360145, 0.7821255866875266, 0.7678411039438231, 0.8559532057773276, 0.8622778675282714, 0.8683737107219957, 0.8916666666666667, 0.8221802482460874, 0.9079467817331894, 0.8595441962273869, 0.8556256713211601]
2023-06-17 03:22:51,245|INFO|nn.computeOptunaObjective|Trial 1 timings:|7.8202133000000025
2023-06-17 03:22:51,245|INFO|nn.computeOptunaObjective|Trial 1 objective:|0.7380458860240942
2023-06-17 03:22:58,693|INFO|nn.computeOptunaObjective|Trial 2 params:|{'n_layers': 3, 'architecture': 'outer', 'lr': 0.001, 'n_epochs': 100}
2023-06-17 03:22:58,693|INFO|nn.computeOptunaObjective|Trial 2 balacc:|[0.7286335152617749, 0.768816751241138, 0.780184331797235, 0.8002114164904862, 0.8075757575757576, 0.7623049219687875, 0.7236612857346039, 0.7002327100514412, 0.6781831263657198, 0.6612642659857211, 0.7362976733029503, 0.7427586206896553, 0.7037686634286742, 0.8106796116504854, 0.7231550033262517, 0.7742481203007519]
2023-06-17 03:22:58,693|INFO|nn.computeOptunaObjective|Trial 2 rocauc:|[0.8382790917054106, 0.8470295125212963, 0.8372503840245776, 0.8591437632135306, 0.8250000000000001, 0.8115246098439376, 0.8286872422130565, 0.7762717400179635, 0.8511032350903375, 0.868166657981135, 0.860098344926841, 0.903390804597701, 0.814624932541824, 0.9142394822006472, 0.8557587072683963, 0.876969208736126]
2023-06-17 03:22:58,693|INFO|nn.computeOptunaObjective|Trial 2 timings:|7.4502983
2023-06-17 03:22:58,693|INFO|nn.computeOptunaObjective|Trial 2 objective:|0.7438734859482146
2023-06-17 03:23:06,064|INFO|nn.computeOptunaObjective|Trial 3 params:|{'n_layers': 4, 'architecture': 'bottom', 'lr': 0.0001, 'n_epochs': 100}
2023-06-17 03:23:06,064|INFO|nn.computeOptunaObjective|Trial 3 balacc:|[0.5, 0.5, 0.5, 0.5, 0.5, 0.5, 0.5, 0.5, 0.5, 0.5, 0.5, 0.5, 0.5, 0.5, 0.5, 0.5]
2023-06-17 03:23:06,064|INFO|nn.computeOptunaObjective|Trial 3 rocauc:|[0.609750016845226, 0.603019033835895, 0.5580645161290323, 0.6080866807610994, 0.5568181818181819, 0.5222088835534213, 0.6553833025174228, 0.6048828284477831, 0.5610643287320791, 0.5929569023919955, 0.6512353082273927, 0.6126436781609196, 0.5822989746357258, 0.5804566702624955, 0.6162213781411618, 0.5919889008234872]
2023-06-17 03:23:06,064|INFO|nn.computeOptunaObjective|Trial 3 timings:|7.370155100000005
2023-06-17 03:23:06,064|INFO|nn.computeOptunaObjective|Trial 3 objective:|0.5
2023-06-17 03:23:17,349|INFO|nn.computeOptunaObjective|Trial 4 params:|{'n_layers': 2, 'architecture': 'bottom', 'lr': 0.001, 'n_epochs': 150}
2023-06-17 03:23:17,349|INFO|nn.computeOptunaObjective|Trial 4 balacc:|[0.7182265346000943, 0.7239727407624525, 0.6497695852534562, 0.6783826638477801, 0.7848484848484849, 0.6944777911164466, 0.7236612857346039, 0.6845349881603658, 0.638050951340404, 0.6661107926416177, 0.6839469896857759, 0.7385057471264368, 0.6875337290879655, 0.7599784250269688, 0.699716732118715, 0.7411967418546366]
2023-06-17 03:23:17,349|INFO|nn.computeOptunaObjective|Trial 4 rocauc:|[0.8107607304090022, 0.811303057504534, 0.7934715821812597, 0.7959830866807611, 0.8424242424242424, 0.7563025210084034, 0.820544730479306, 0.7868457581448518, 0.8419895539092895, 0.846774193548387, 0.8827656512353083, 0.8919540229885058, 0.8297355639503509, 0.9012944983818769, 0.8485096246700572, 0.8708959899749373]
2023-06-17 03:23:17,349|INFO|nn.computeOptunaObjective|Trial 4 timings:|11.274452499999995
2023-06-17 03:23:17,349|INFO|nn.computeOptunaObjective|Trial 4 objective:|0.7045571364503879
2023-06-17 03:23:32,740|INFO|nn.computeOptunaObjective|Trial 5 params:|{'n_layers': 3, 'architecture': 'outer', 'lr': 0.0001, 'n_epochs': 200}
2023-06-17 03:23:32,740|INFO|nn.computeOptunaObjective|Trial 5 balacc:|[0.592817195606765, 0.6227087035374723, 0.5838709677419355, 0.562367864693446, 0.6568181818181817, 0.7148859543817527, 0.5, 0.5, 0.6067792996855513, 0.5282192923028819, 0.6773506836171743, 0.6341954022988505, 0.5511782694729268, 0.6227076591154261, 0.6344728427648662, 0.6643483709273182]
2023-06-17 03:23:32,740|INFO|nn.computeOptunaObjective|Trial 5 rocauc:|[0.7518192844147968, 0.7669958048619635, 0.8139784946236559, 0.8300739957716702, 0.8174242424242424, 0.8151260504201681, 0.7421952780543308, 0.7145627500612395, 0.8024169908863188, 0.8136823179946845, 0.8674142480211081, 0.8551149425287355, 0.767853930563051, 0.835400934915498, 0.8009120367389858, 0.8135651629072682]
2023-06-17 03:23:32,740|INFO|nn.computeOptunaObjective|Trial 5 timings:|15.393470700000002
2023-06-17 03:23:32,740|INFO|nn.computeOptunaObjective|Trial 5 objective:|0.6032950429977842
2023-06-17 03:23:40,566|INFO|nn.computeOptunaObjective|Trial 6 params:|{'n_layers': 4, 'architecture': 'top', 'lr': 0.0001, 'n_epochs': 100}
2023-06-17 03:23:40,566|INFO|nn.computeOptunaObjective|Trial 6 balacc:|[0.5, 0.5015479876160991, 0.5, 0.5, 0.5, 0.5, 0.5, 0.5, 0.5, 0.5, 0.5, 0.5, 0.5, 0.5, 0.5, 0.5]
2023-06-17 03:23:40,566|INFO|nn.computeOptunaObjective|Trial 6 rocauc:|[0.7126002290950745, 0.7304229944858667, 0.772811059907834, 0.8343023255813953, 0.7340909090909091, 0.7767106842737095, 0.7163454700611578, 0.6622846411366049, 0.7944491819005489, 0.7805383292511335, 0.8693931398416886, 0.8490229885057472, 0.7173952149667205, 0.7951276519237683, 0.7812120431768923, 0.7859962406015037]
2023-06-17 03:23:40,566|INFO|nn.computeOptunaObjective|Trial 6 timings:|7.821493700000005
2023-06-17 03:23:40,566|INFO|nn.computeOptunaObjective|Trial 6 objective:|0.5000967492260062
2023-06-17 03:23:47,915|INFO|nn.computeOptunaObjective|Trial 7 params:|{'n_layers': 3, 'architecture': 'bottom', 'lr': 0.001, 'n_epochs': 100}
2023-06-17 03:23:47,915|INFO|nn.computeOptunaObjective|Trial 7 balacc:|[0.705845293443838, 0.6895945921190026, 0.7033794162826421, 0.7151162790697674, 0.8303030303030303, 0.7725090036014406, 0.6266178353008107, 0.6372376908630686, 0.6648057346906145, 0.6612642659857211, 0.766940513312545, 0.7455747126436783, 0.6930652995143012, 0.7780474649406688, 0.7188244382926672, 0.7523809523809524]
2023-06-17 03:23:47,915|INFO|nn.computeOptunaObjective|Trial 7 rocauc:|[0.8071726972575971, 0.8065143715536666, 0.804147465437788, 0.8461945031712473, 0.8984848484848484, 0.8415366146458584, 0.774871995448727, 0.7372621866579571, 0.823549006022491, 0.845132628068164, 0.8712520988246583, 0.8991379310344828, 0.806619895664688, 0.8981481481481481, 0.8382776454430352, 0.8625805585392051]
2023-06-17 03:23:47,915|INFO|nn.computeOptunaObjective|Trial 7 timings:|7.3535732
2023-06-17 03:23:47,915|INFO|nn.computeOptunaObjective|Trial 7 objective:|0.7163441576715468
2023-06-17 03:23:55,490|INFO|nn.computeOptunaObjective|Trial 8 params:|{'n_layers': 3, 'architecture': 'linear', 'lr': 0.0001, 'n_epochs': 100}
2023-06-17 03:23:55,490|INFO|nn.computeOptunaObjective|Trial 8 balacc:|[0.5, 0.5, 0.5, 0.5, 0.5, 0.5, 0.5, 0.5, 0.5, 0.5, 0.5, 0.5, 0.5, 0.5, 0.5, 0.5]
2023-06-17 03:23:55,490|INFO|nn.computeOptunaObjective|Trial 8 rocauc:|[0.6673741661613098, 0.6726583252422739, 0.6565284178187404, 0.7217230443974629, 0.6272727272727273, 0.602641056422569, 0.6954380600199117, 0.6230709561525272, 0.6909209614667164, 0.6975741310125594, 0.7890981050611656, 0.7624137931034483, 0.6456197157762188, 0.6850053937432578, 0.7126955514066826, 0.710204081632653]
2023-06-17 03:23:55,490|INFO|nn.computeOptunaObjective|Trial 8 timings:|7.565568499999998
2023-06-17 03:23:55,490|INFO|nn.computeOptunaObjective|Trial 8 objective:|0.5
2023-06-17 03:24:06,387|INFO|nn.computeOptunaObjective|Trial 9 params:|{'n_layers': 2, 'architecture': 'bottom', 'lr': 0.0001, 'n_epochs': 150}
2023-06-17 03:24:06,387|INFO|nn.computeOptunaObjective|Trial 9 balacc:|[0.500603059093053, 0.5102441973363622, 0.5, 0.5, 0.5227272727272727, 0.5, 0.5, 0.5, 0.5, 0.5, 0.5, 0.5, 0.5, 0.5, 0.5, 0.5094924812030075]
2023-06-17 03:24:06,387|INFO|nn.computeOptunaObjective|Trial 9 rocauc:|[0.6510039754733509, 0.65336801802627, 0.6225806451612904, 0.6596194503171247, 0.6674242424242425, 0.5906362545018007, 0.6798463945384725, 0.6172940311913122, 0.6447129989873688, 0.6573166918547084, 0.7496402014871671, 0.7285632183908046, 0.6205252743299153, 0.6432937792161094, 0.6753642782033951, 0.6938641245972074]
2023-06-17 03:24:06,387|INFO|nn.computeOptunaObjective|Trial 9 timings:|10.900959100000009
2023-06-17 03:24:06,387|INFO|nn.computeOptunaObjective|Trial 9 objective:|0.5026916881474809
2023-06-17 03:24:20,841|INFO|nn.computeOptunaObjective|Trial 10 params:|{'n_layers': 2, 'architecture': 'bottom', 'lr': 0.001, 'n_epochs': 200}
2023-06-17 03:24:20,841|INFO|nn.computeOptunaObjective|Trial 10 balacc:|[0.7239067448285156, 0.7272958763075457, 0.6721198156682028, 0.6387420718816068, 0.7765151515151515, 0.7430972388955582, 0.716629924619542, 0.6920062056013718, 0.6435804508873848, 0.6548152587419875, 0.7167186375629647, 0.7513793103448276, 0.6860046771001979, 0.7460895361380798, 0.7130131547887294, 0.7594924812030075]
2023-06-17 03:24:20,841|INFO|nn.computeOptunaObjective|Trial 10 rocauc:|[0.8092345529277003, 0.8235001007565904, 0.7890168970814131, 0.8202959830866808, 0.8704545454545455, 0.7971188475390156, 0.8293628217892192, 0.7876010451539153, 0.8457469487821776, 0.844819948929074, 0.8643559606620294, 0.8898275862068966, 0.8106673862205431, 0.9133405249910104, 0.8547973132470654, 0.8702559971356963]
2023-06-17 03:24:20,841|INFO|nn.computeOptunaObjective|Trial 10 timings:|14.445296100000007
2023-06-17 03:24:20,841|INFO|nn.computeOptunaObjective|Trial 10 objective:|0.7100879085052921
2023-06-17 03:24:32,363|INFO|nn.computeOptunaObjective|Trial 11 params:|{'n_layers': 4, 'architecture': 'linear', 'lr': 0.001, 'n_epochs': 150}
2023-06-17 03:24:32,363|INFO|nn.computeOptunaObjective|Trial 11 balacc:|[0.7152112391348291, 0.7756901826442193, 0.7168202764976959, 0.7803911205073996, 0.7992424242424242, 0.7611044417767108, 0.6983448300384013, 0.6784926920878582, 0.6994084101689495, 0.708830580019803, 0.7651115375389782, 0.748448275862069, 0.7031840259039396, 0.8074433656957929, 0.7352132020000429, 0.7724310776942356]
2023-06-17 03:24:32,363|INFO|nn.computeOptunaObjective|Trial 11 rocauc:|[0.8377198302001213, 0.8533496986461978, 0.8321812596006144, 0.8628435517970401, 0.8666666666666667, 0.7857142857142857, 0.813966718816669, 0.7864579080591164, 0.8525155891914938, 0.8621215279587264, 0.8597985128328136, 0.90066091954023, 0.8174132038136355, 0.9179252067601582, 0.8606643919397413, 0.866263873970641]
2023-06-17 03:24:32,363|INFO|nn.computeOptunaObjective|Trial 11 timings:|11.513519799999983
2023-06-17 03:24:32,363|INFO|nn.computeOptunaObjective|Trial 11 objective:|0.7415854801133344
2023-06-17 03:24:47,171|INFO|nn.computeOptunaObjective|Trial 12 params:|{'n_layers': 2, 'architecture': 'outer', 'lr': 0.001, 'n_epochs': 200}
2023-06-17 03:24:47,171|INFO|nn.computeOptunaObjective|Trial 12 balacc:|[0.7399838285829796, 0.7405884184879183, 0.7060675883256529, 0.7267441860465116, 0.7909090909090909, 0.7430972388955582, 0.7271725216896601, 0.7220543806646526, 0.6600490326706816, 0.6870733232581165, 0.7066742624130486, 0.7699425287356323, 0.7037686634286742, 0.7845199568500539, 0.7126118586235757, 0.7714598997493735]
2023-06-17 03:24:47,171|INFO|nn.computeOptunaObjective|Trial 12 rocauc:|[0.8243699885452462, 0.8399527359994137, 0.8066820276497695, 0.8303382663847779, 0.8477272727272728, 0.7503001200480192, 0.8359052766320579, 0.7820486649791787, 0.8550738154879283, 0.8494059096357288, 0.8737107219956824, 0.9147701149425287, 0.8114768843317144, 0.914599065084502, 0.8604369192471941, 0.8833064804869316]
2023-06-17 03:24:47,171|INFO|nn.computeOptunaObjective|Trial 12 timings:|14.81420700000001
2023-06-17 03:24:47,171|INFO|nn.computeOptunaObjective|Trial 12 objective:|0.7307947987081989
2023-06-17 03:25:02,112|INFO|nn.computeOptunaObjective|Trial 13 params:|{'n_layers': 2, 'architecture': 'inner', 'lr': 0.001, 'n_epochs': 200}
2023-06-17 03:25:02,112|INFO|nn.computeOptunaObjective|Trial 13 balacc:|[0.7141028232598882, 0.7298899005257662, 0.7141321044546851, 0.6754756871035941, 0.7848484848484849, 0.7725090036014406, 0.7335105248186602, 0.7182779456193353, 0.6765176144539786, 0.6814320704570327, 0.7066742624130486, 0.7470689655172413, 0.7154164418060802, 0.7657766990291262, 0.710571042297045, 0.7594924812030075]
2023-06-17 03:25:02,112|INFO|nn.computeOptunaObjective|Trial 13 rocauc:|[0.8146907216494845, 0.8303533808415924, 0.7993087557603686, 0.8409090909090909, 0.8530303030303031, 0.7851140456182474, 0.8296294979377044, 0.7858046868620886, 0.8604301017960879, 0.8509953619261035, 0.872181578316143, 0.9023563218390804, 0.8164238172333154, 0.9053398058252429, 0.8608746968819072, 0.8753826530612244]
2023-06-17 03:25:02,112|INFO|nn.computeOptunaObjective|Trial 13 timings:|14.933192999999989
2023-06-17 03:25:02,112|INFO|nn.computeOptunaObjective|Trial 13 objective:|0.725356003213026
2023-06-17 03:25:17,131|INFO|nn.computeOptunaObjective|Trial 14 params:|{'n_layers': 3, 'architecture': 'linear', 'lr': 0.0001, 'n_epochs': 200}
2023-06-17 03:25:17,131|INFO|nn.computeOptunaObjective|Trial 14 balacc:|[0.6337645711205444, 0.6601828274131203, 0.661520737327189, 0.6189217758985202, 0.7166666666666667, 0.6944777911164466, 0.5, 0.5, 0.6115360017054842, 0.629006201469592, 0.6659870472535381, 0.6784482758620689, 0.5962403309947832, 0.6734088457389428, 0.6637846305714714, 0.7021929824561404]
2023-06-17 03:25:17,131|INFO|nn.computeOptunaObjective|Trial 14 rocauc:|[0.762637288592413, 0.7736530675801931, 0.8192012288786482, 0.8372093023255813, 0.8227272727272728, 0.8151260504201681, 0.7547646138529369, 0.7125214338205275, 0.8041491232745297, 0.8255641252801085, 0.8651954905253058, 0.8678735632183908, 0.770732146069437, 0.8505034160373968, 0.8081310757741581, 0.8292158968850698]
2023-06-17 03:25:17,131|INFO|nn.computeOptunaObjective|Trial 14 timings:|15.022593799999981
2023-06-17 03:25:17,131|INFO|nn.computeOptunaObjective|Trial 14 objective:|0.6378836678496567
2023-06-17 03:25:28,401|INFO|nn.computeOptunaObjective|Trial 15 params:|{'n_layers': 3, 'architecture': 'outer', 'lr': 0.0001, 'n_epochs': 150}
2023-06-17 03:25:28,401|INFO|nn.computeOptunaObjective|Trial 15 balacc:|[0.5622768007546661, 0.5612856540934654, 0.5695852534562212, 0.5, 0.6053030303030302, 0.5588235294117647, 0.5084447447020338, 0.5, 0.5, 0.5, 0.5541796593907412, 0.5, 0.5, 0.5, 0.5481426640056654, 0.524624060150376]
2023-06-17 03:25:28,401|INFO|nn.computeOptunaObjective|Trial 15 rocauc:|[0.7176537969139546, 0.7319801417920018, 0.78678955453149, 0.8313953488372092, 0.7537878787878788, 0.7851140456182474, 0.7183188735599487, 0.6716338695190659, 0.782137717848958, 0.7792615560998488, 0.8600383785080356, 0.827816091954023, 0.7250404749055586, 0.7886551600143833, 0.7720015450975342, 0.7806390977443609]
2023-06-17 03:25:28,401|INFO|nn.computeOptunaObjective|Trial 15 timings:|11.256515699999994
2023-06-17 03:25:28,401|INFO|nn.computeOptunaObjective|Trial 15 objective:|0.5307915872667478
2023-06-17 03:25:39,701|INFO|nn.computeOptunaObjective|Trial 16 params:|{'n_layers': 2, 'architecture': 'inner', 'lr': 0.0001, 'n_epochs': 150}
2023-06-17 03:25:39,701|INFO|nn.computeOptunaObjective|Trial 16 balacc:|[0.5329425240886733, 0.5486269624635902, 0.5115975422427035, 0.5, 0.5969696969696969, 0.5588235294117647, 0.5, 0.5, 0.5, 0.5, 0.5, 0.5185632183908045, 0.5, 0.5, 0.5354964698813279, 0.580607769423559]
2023-06-17 03:25:39,701|INFO|nn.computeOptunaObjective|Trial 16 rocauc:|[0.6990499292500505, 0.7057284701485701, 0.7402457757296468, 0.7526427061310783, 0.7068181818181818, 0.7010804321728692, 0.716612146209643, 0.6453417163386952, 0.7196743591110163, 0.7323596852363332, 0.8195610458143441, 0.8031034482758621, 0.6632487857528333, 0.7274361740381158, 0.7437992231592953, 0.7628983172216255]
2023-06-17 03:25:39,701|INFO|nn.computeOptunaObjective|Trial 16 timings:|11.298580500000014
2023-06-17 03:25:39,701|INFO|nn.computeOptunaObjective|Trial 16 objective:|0.5239767320545075
2023-06-17 03:25:50,846|INFO|nn.computeOptunaObjective|Trial 17 params:|{'n_layers': 2, 'architecture': 'linear', 'lr': 0.001, 'n_epochs': 150}
2023-06-17 03:25:50,846|INFO|nn.computeOptunaObjective|Trial 17 balacc:|[0.7259686004986187, 0.7444135050469892, 0.7203533026113671, 0.7436575052854122, 0.7765151515151515, 0.6650660264105642, 0.7363195135827052, 0.7152976239078959, 0.6953045888184193, 0.6733675543280004, 0.7066742624130486, 0.7413793103448276, 0.7169454937938478, 0.7567421790722761, 0.713137620978991, 0.768890977443609]
2023-06-17 03:25:50,846|INFO|nn.computeOptunaObjective|Trial 17 rocauc:|[0.8251297082406847, 0.8371517027863776, 0.808678955453149, 0.8454016913319239, 0.8098484848484849, 0.7707082833133253, 0.8332029583274073, 0.7913366538744181, 0.8499573628950594, 0.8556594924175309, 0.8802470616454786, 0.9056896551724137, 0.8192120885051268, 0.9156778137360662, 0.8630550011802829, 0.8797037235947011]
2023-06-17 03:25:50,846|INFO|nn.computeOptunaObjective|Trial 17 timings:|11.154895399999987
2023-06-17 03:25:50,846|INFO|nn.computeOptunaObjective|Trial 17 objective:|0.7250020760032327
2023-06-17 03:26:06,185|INFO|nn.computeOptunaObjective|Trial 18 params:|{'n_layers': 4, 'architecture': 'linear', 'lr': 0.001, 'n_epochs': 200}
2023-06-17 03:26:06,185|INFO|nn.computeOptunaObjective|Trial 18 balacc:|[0.7306852637962402, 0.7656731456207522, 0.7302611367127496, 0.6894820295983086, 0.7848484848484849, 0.7226890756302521, 0.7173321718105532, 0.6965379276557524, 0.6467915578532217, 0.6741753087706499, 0.7328496042216359, 0.7341954022988506, 0.6814175211368951, 0.7673948220064726, 0.7109723384621988, 0.7343045112781955]
2023-06-17 03:26:06,185|INFO|nn.computeOptunaObjective|Trial 18 rocauc:|[0.8393605552186509, 0.85664718705919, 0.8333333333333334, 0.8594080338266384, 0.8772727272727272, 0.7881152460984394, 0.8118510880386858, 0.782477341389728, 0.8483584714597878, 0.8729089582573348, 0.8654653394099305, 0.9022413793103449, 0.807429393775859, 0.9078568860122258, 0.8617502521513338, 0.8780656999641963]
2023-06-17 03:26:06,185|INFO|nn.computeOptunaObjective|Trial 18 timings:|15.332400000000007
2023-06-17 03:26:06,185|INFO|nn.computeOptunaObjective|Trial 18 objective:|0.7199756438563258
2023-06-17 03:26:14,221|INFO|nn.computeOptunaObjective|Trial 19 params:|{'n_layers': 3, 'architecture': 'top', 'lr': 0.001, 'n_epochs': 100}
2023-06-17 03:26:14,221|INFO|nn.computeOptunaObjective|Trial 19 balacc:|[0.7368034499022977, 0.7859343799805814, 0.7319508448540706, 0.7576638477801269, 0.8386363636363636, 0.7226890756302521, 0.7039716967714408, 0.7205438066465257, 0.6703352342375952, 0.6838423054875189, 0.7563864236027824, 0.7399425287356323, 0.6930652995143012, 0.7673948220064726, 0.727174402884182, 0.7616854636591479]
2023-06-17 03:26:14,221|INFO|nn.computeOptunaObjective|Trial 19 rocauc:|[0.8347483323226198, 0.8575301811786689, 0.8120583717357911, 0.8472515856236786, 0.871969696969697, 0.7887154861944777, 0.8247937704451714, 0.7923368988323671, 0.8622421787560625, 0.8704856949293868, 0.8708923003118254, 0.9141379310344828, 0.8126461593811837, 0.9211614527148507, 0.8575484452456063, 0.8791219119226638]
2023-06-17 03:26:14,221|INFO|nn.computeOptunaObjective|Trial 19 timings:|8.034772000000004
2023-06-17 03:26:14,221|INFO|nn.computeOptunaObjective|Trial 19 objective:|0.7373762465830807
2023-06-17 03:26:29,924|INFO|nn.computeOptunaObjective|Trial 20 params:|{'n_layers': 3, 'architecture': 'top', 'lr': 0.0001, 'n_epochs': 200}
2023-06-17 03:26:29,924|INFO|nn.computeOptunaObjective|Trial 20 balacc:|[0.6792635267165286, 0.6967428142231666, 0.7195084485407066, 0.6982029598308668, 0.7537878787878788, 0.7430972388955582, 0.569638031574456, 0.5697109496203152, 0.6805015189468635, 0.6830345510448694, 0.7288918205804749, 0.7298850574712643, 0.6829465731246627, 0.7535059331175836, 0.6857700809030236, 0.7507832080200502]
2023-06-17 03:26:29,924|INFO|nn.computeOptunaObjective|Trial 20 rocauc:|[0.8042921636008356, 0.8093795225969553, 0.8202764976958524, 0.842494714587738, 0.8484848484848485, 0.8115246098439375, 0.79003697909259, 0.7412019270025311, 0.8212839098225231, 0.852089738912919, 0.8680139122091629, 0.8953448275862068, 0.8021226839359599, 0.8941028407047824, 0.8355136376317087, 0.8597162549230218]
2023-06-17 03:26:29,924|INFO|nn.computeOptunaObjective|Trial 20 timings:|15.696424900000011
2023-06-17 03:26:29,924|INFO|nn.computeOptunaObjective|Trial 20 objective:|0.6953294119623918
2023-06-17 03:26:41,255|INFO|nn.computeOptunaObjective|Trial 21 params:|{'n_layers': 3, 'architecture': 'outer', 'lr': 0.001, 'n_epochs': 150}
2023-06-17 03:26:41,255|INFO|nn.computeOptunaObjective|Trial 21 balacc:|[0.7333602856950341, 0.7669042079616026, 0.7489247311827957, 0.7063953488372092, 0.821969696969697, 0.712484993997599, 0.7215545441615702, 0.7197885196374623, 0.7251505622768214, 0.7056256188441294, 0.7442132405852722, 0.7785057471264367, 0.6860046771001979, 0.8090614886731391, 0.7272988690744436, 0.7582080200501253]
2023-06-17 03:26:41,255|INFO|nn.computeOptunaObjective|Trial 21 rocauc:|[0.8421922377198303, 0.854091633539121, 0.7977726574500769, 0.8403805496828753, 0.865909090909091, 0.7448979591836734, 0.8231937135542596, 0.793684167551237, 0.8679182433512764, 0.8790583146594403, 0.8665147517390263, 0.9042528735632183, 0.8098578881093722, 0.9162171880618482, 0.8641408613918754, 0.8763851593268887]
2023-06-17 03:26:41,255|INFO|nn.computeOptunaObjective|Trial 21 timings:|11.331331500000005
2023-06-17 03:26:41,255|INFO|nn.computeOptunaObjective|Trial 21 objective:|0.7415906595108459
2023-06-17 03:26:49,004|INFO|nn.computeOptunaObjective|Trial 22 params:|{'n_layers': 4, 'architecture': 'inner', 'lr': 0.001, 'n_epochs': 100}
2023-06-17 03:26:49,004|INFO|nn.computeOptunaObjective|Trial 22 balacc:|[0.7090155649888822, 0.7783318372506274, 0.7569892473118279, 0.7547568710359408, 0.7742424242424242, 0.7521008403361344, 0.6392760631489119, 0.598922185024904, 0.7331183712625913, 0.6878550211058418, 0.7878388102662509, 0.7541379310344828, 0.7194189602446484, 0.8271305285868393, 0.7392326015579733, 0.7764724310776943]
2023-06-17 03:26:49,004|INFO|nn.computeOptunaObjective|Trial 22 rocauc:|[0.8384374368304022, 0.8526242511953396, 0.8242703533026113, 0.851215644820296, 0.8628787878787879, 0.8007202881152461, 0.7944282463376475, 0.7685759777904794, 0.853075201193839, 0.8569102089738913, 0.8593187814823698, 0.8863793103448276, 0.8156143191221441, 0.9104638619201727, 0.8565741754114896, 0.8527926960257787]
2023-06-17 03:26:49,004|INFO|nn.computeOptunaObjective|Trial 22 timings:|7.732761299999993
2023-06-17 03:26:49,004|INFO|nn.computeOptunaObjective|Trial 22 objective:|0.7368024805297484
2023-06-17 03:27:01,085|INFO|nn.computeOptunaObjective|Trial 23 params:|{'n_layers': 4, 'architecture': 'top', 'lr': 0.001, 'n_epochs': 150}
2023-06-17 03:27:01,085|INFO|nn.computeOptunaObjective|Trial 23 balacc:|[0.7176133683714035, 0.7797424295161852, 0.7105990783410138, 0.7407505285412261, 0.7393939393939394, 0.7509003601440576, 0.7067806855354857, 0.6852902751694292, 0.6632601396365186, 0.6773932982437856, 0.7603442072439435, 0.7327586206896552, 0.7240061162079511, 0.7845199568500539, 0.7221657117105518, 0.7605889724310777]
2023-06-17 03:27:01,085|INFO|nn.computeOptunaObjective|Trial 23 rocauc:|[0.8458324910720302, 0.8533900012823565, 0.8132872503840246, 0.8406448202959831, 0.8393939393939395, 0.809123649459784, 0.8205625088892049, 0.7782722299338614, 0.8546740926291105, 0.8709026004481735, 0.8710721995682418, 0.9139655172413793, 0.8276668465551358, 0.9176105717367853, 0.8649005343462306, 0.8764634801288937]
2023-06-17 03:27:01,085|INFO|nn.computeOptunaObjective|Trial 23 timings:|12.085718199999974
2023-06-17 03:27:01,085|INFO|nn.computeOptunaObjective|Trial 23 objective:|0.7285067305016424
2023-06-17 03:27:16,002|INFO|nn.computeOptunaObjective|Trial 24 params:|{'n_layers': 2, 'architecture': 'inner', 'lr': 0.0001, 'n_epochs': 200}
2023-06-17 03:27:16,002|INFO|nn.computeOptunaObjective|Trial 24 balacc:|[0.5967758237315545, 0.610235037646326, 0.5954685099846391, 0.49709302325581395, 0.6507575757575758, 0.656062424969988, 0.5, 0.5, 0.5392394606406226, 0.5596696023763614, 0.6284480690813145, 0.632816091954023, 0.5278827127181147, 0.5768608414239482, 0.6074787012596836, 0.6571428571428571]
2023-06-17 03:27:16,002|INFO|nn.computeOptunaObjective|Trial 24 rocauc:|[0.7298295263122431, 0.7381244618682103, 0.8043010752688172, 0.812632135306554, 0.8189393939393939, 0.8067226890756303, 0.7447909258995875, 0.6841471380746306, 0.7658290252091883, 0.7867397988430871, 0.8531422403454065, 0.8354597701149424, 0.7203633747076812, 0.7880258899676374, 0.7751561192300264, 0.7994584675975653]
2023-06-17 03:27:16,002|INFO|nn.computeOptunaObjective|Trial 24 timings:|14.919152999999994
2023-06-17 03:27:16,002|INFO|nn.computeOptunaObjective|Trial 24 objective:|0.5834956707464264
2023-06-17 03:27:30,607|INFO|nn.computeOptunaObjective|Trial 25 params:|{'n_layers': 3, 'architecture': 'bottom', 'lr': 0.0001, 'n_epochs': 200}
2023-06-17 03:27:30,607|INFO|nn.computeOptunaObjective|Trial 25 balacc:|[0.5457617411225658, 0.5646564200267463, 0.5, 0.55946088794926, 0.6053030303030302, 0.5588235294117647, 0.5, 0.5127174001796359, 0.5, 0.5, 0.5441352842408251, 0.5471264367816092, 0.5, 0.5138888888888888, 0.5825253760810318, 0.6237155388471178]
2023-06-17 03:27:30,607|INFO|nn.computeOptunaObjective|Trial 25 rocauc:|[0.6973654066437571, 0.7079744261454192, 0.7390168970814132, 0.7862050739957718, 0.7128787878787879, 0.7346938775510204, 0.7181233110510596, 0.6586102719033233, 0.7519986142940894, 0.7475246234822034, 0.835811945310626, 0.7900574712643679, 0.6887030041374347, 0.7525170801869832, 0.7514603317667761, 0.7640798424633011]
2023-06-17 03:27:30,607|INFO|nn.computeOptunaObjective|Trial 25 timings:|14.60043079999997
2023-06-17 03:27:30,607|INFO|nn.computeOptunaObjective|Trial 25 objective:|0.5411321583645298
2023-06-17 03:27:41,855|INFO|nn.computeOptunaObjective|Trial 26 params:|{'n_layers': 2, 'architecture': 'outer', 'lr': 0.0001, 'n_epochs': 150}
2023-06-17 03:27:41,855|INFO|nn.computeOptunaObjective|Trial 26 balacc:|[0.5385351391415673, 0.5642442339751222, 0.5115975422427035, 0.49709302325581395, 0.5681818181818181, 0.5, 0.5, 0.5, 0.5086206896551724, 0.5, 0.5113636363636364, 0.5185632183908045, 0.5147058823529411, 0.5, 0.5364857614970279, 0.5586466165413534]
2023-06-17 03:27:41,855|INFO|nn.computeOptunaObjective|Trial 26 rocauc:|[0.687551377939492, 0.7002656310110464, 0.7308755760368663, 0.74392177589852, 0.7000000000000001, 0.6734693877551021, 0.7134298108377186, 0.6367069486404834, 0.7137851089910996, 0.7142242951691072, 0.8096665867114415, 0.7969540229885058, 0.6548839719373988, 0.7052319309600862, 0.736507221185004, 0.7553884711779448]
2023-06-17 03:27:41,871|INFO|nn.computeOptunaObjective|Trial 26 timings:|11.245999400000017
2023-06-17 03:27:41,871|INFO|nn.computeOptunaObjective|Trial 26 objective:|0.5205023475998726
2023-06-17 03:27:49,418|INFO|nn.computeOptunaObjective|Trial 27 params:|{'n_layers': 3, 'architecture': 'inner', 'lr': 0.0001, 'n_epochs': 100}
2023-06-17 03:27:49,418|INFO|nn.computeOptunaObjective|Trial 27 balacc:|[0.5, 0.5, 0.5, 0.5, 0.5, 0.5, 0.5, 0.5, 0.5, 0.5, 0.5, 0.5, 0.5, 0.5, 0.5, 0.5]
2023-06-17 03:27:49,418|INFO|nn.computeOptunaObjective|Trial 27 rocauc:|[0.6613738966376929, 0.6718046421309103, 0.6473118279569893, 0.7148520084566596, 0.6234848484848485, 0.6074429771908764, 0.6886111506186886, 0.6226626929043848, 0.6935857805255023, 0.6973656782531659, 0.7862197169585033, 0.7694827586206897, 0.6444504407267495, 0.6970514203523912, 0.7085323719393121, 0.7127864303616183]
2023-06-17 03:27:49,418|INFO|nn.computeOptunaObjective|Trial 27 timings:|7.5481357999999545
2023-06-17 03:27:49,418|INFO|nn.computeOptunaObjective|Trial 27 objective:|0.5
2023-06-17 03:28:01,169|INFO|nn.computeOptunaObjective|Trial 28 params:|{'n_layers': 3, 'architecture': 'top', 'lr': 0.001, 'n_epochs': 150}
2023-06-17 03:28:01,169|INFO|nn.computeOptunaObjective|Trial 28 balacc:|[0.727164611549087, 0.7562954549618041, 0.7319508448540706, 0.7378435517970401, 0.8075757575757576, 0.702280912364946, 0.7278836580856208, 0.7227688413489017, 0.6749720193998827, 0.6806243160143832, 0.7468517630127129, 0.7742528735632184, 0.7022396114409066, 0.7984088457389428, 0.7176827828923367, 0.756140350877193]
2023-06-17 03:28:01,169|INFO|nn.computeOptunaObjective|Trial 28 rocauc:|[0.8397227275790041, 0.8501144961254511, 0.7780337941628264, 0.8382663847780126, 0.8295454545454546, 0.748499399759904, 0.8237804010809274, 0.7859781987425492, 0.8576453658796567, 0.8734561467507426, 0.8741904533461262, 0.9143103448275862, 0.8212808059003417, 0.9215210355987055, 0.8626107856391767, 0.8799610633727175]
2023-06-17 03:28:01,169|INFO|nn.computeOptunaObjective|Trial 28 timings:|11.753027900000006
2023-06-17 03:28:01,169|INFO|nn.computeOptunaObjective|Trial 28 objective:|0.7353085122173003
2023-06-17 03:28:08,892|INFO|nn.computeOptunaObjective|Trial 29 params:|{'n_layers': 4, 'architecture': 'outer', 'lr': 0.001, 'n_epochs': 100}
2023-06-17 03:28:08,892|INFO|nn.computeOptunaObjective|Trial 29 balacc:|[0.7109999326190957, 0.7709564548335684, 0.7623655913978494, 0.7745771670190275, 0.7909090909090909, 0.7815126050420168, 0.6371693215758782, 0.5921654282681473, 0.7159969088098919, 0.7209078117671582, 0.7738366514751739, 0.7483908045977012, 0.6884781435509983, 0.805151024811219, 0.7323976909375738, 0.775563909774436]
2023-06-17 03:28:08,892|INFO|nn.computeOptunaObjective|Trial 29 rocauc:|[0.8297857287244794, 0.8491435689816256, 0.8251920122887865, 0.8580866807610994, 0.8787878787878788, 0.8187274909963985, 0.7836011947091452, 0.7715154731771047, 0.8512364760432767, 0.854643285215488, 0.8520628448069081, 0.888103448275862, 0.8150746537146969, 0.9130708378281194, 0.8507113886564089, 0.8529851414249912]
2023-06-17 03:28:08,892|INFO|nn.computeOptunaObjective|Trial 29 timings:|7.713916499999982
2023-06-17 03:28:08,892|INFO|nn.computeOptunaObjective|Trial 29 objective:|0.7363361585868017
2023-06-17 03:28:24,312|INFO|nn.computeOptunaObjective|Trial 30 params:|{'n_layers': 4, 'architecture': 'linear', 'lr': 0.0001, 'n_epochs': 200}
2023-06-17 03:28:24,312|INFO|nn.computeOptunaObjective|Trial 30 balacc:|[0.667397749477798, 0.7032993203509993, 0.707910906298003, 0.7296511627906976, 0.7765151515151515, 0.7136854741896759, 0.5773716398805291, 0.5389483138727852, 0.6106432873207909, 0.6701235082599406, 0.6873950587670904, 0.6798850574712644, 0.6535348084187804, 0.727346278317152, 0.7090216528251679, 0.7015037593984962]
2023-06-17 03:28:24,312|INFO|nn.computeOptunaObjective|Trial 30 rocauc:|[0.7882622464793476, 0.8020554344440984, 0.8211981566820277, 0.8419661733615221, 0.8446969696969696, 0.8103241296518607, 0.7600625800028445, 0.7382011921286845, 0.8256009166977564, 0.8418494971077181, 0.8734708563204605, 0.8710919540229884, 0.7875517179348802, 0.8753146350233729, 0.8249855147106162, 0.8322457930540638]
2023-06-17 03:28:24,312|INFO|nn.computeOptunaObjective|Trial 30 timings:|15.414942499999995
2023-06-17 03:28:24,312|INFO|nn.computeOptunaObjective|Trial 30 objective:|0.6783895705721452
2023-06-17 03:28:32,232|INFO|nn.computeOptunaObjective|Trial 31 params:|{'n_layers': 3, 'architecture': 'top', 'lr': 0.0001, 'n_epochs': 100}
2023-06-17 03:28:32,232|INFO|nn.computeOptunaObjective|Trial 31 balacc:|[0.5, 0.5, 0.5, 0.5, 0.5, 0.5, 0.5, 0.5, 0.5, 0.5, 0.5, 0.5, 0.5, 0.5, 0.5, 0.5063283208020051]
2023-06-17 03:28:32,232|INFO|nn.computeOptunaObjective|Trial 31 rocauc:|[0.6953827235361498, 0.7114844193672486, 0.7357910906298003, 0.7838266384778013, 0.6742424242424242, 0.6962785114045618, 0.7068517991750818, 0.6442189924063035, 0.7648963385386132, 0.7582599405909636, 0.8458863036699448, 0.8289655172413793, 0.6822270192480663, 0.7620460266091333, 0.7591901113757806, 0.7671679197994987]
2023-06-17 03:28:32,232|INFO|nn.computeOptunaObjective|Trial 31 timings:|7.920209899999975
2023-06-17 03:28:32,232|INFO|nn.computeOptunaObjective|Trial 31 objective:|0.5003955200501253
2023-06-17 03:28:47,669|INFO|nn.computeOptunaObjective|Trial 32 params:|{'n_layers': 4, 'architecture': 'inner', 'lr': 0.001, 'n_epochs': 200}
2023-06-17 03:28:47,669|INFO|nn.computeOptunaObjective|Trial 32 balacc:|[0.7149484536082474, 0.7710462197959221, 0.6998463901689708, 0.6667547568710359, 0.7909090909090909, 0.7214885954381753, 0.7025583131844688, 0.7138278762145832, 0.6600490326706816, 0.6798165615717338, 0.7402554569441113, 0.782816091954023, 0.7362385321100917, 0.8164778856526429, 0.715704199660937, 0.7475250626566416]
2023-06-17 03:28:47,669|INFO|nn.computeOptunaObjective|Trial 32 rocauc:|[0.8356242840778922, 0.8534724384926814, 0.8029953917050692, 0.8487050739957717, 0.8613636363636363, 0.8091236494597839, 0.8196113639596073, 0.7631256634277782, 0.8681714011618611, 0.8788238053051227, 0.8689433917006476, 0.9149137931034481, 0.8261377945673682, 0.9186443725278677, 0.8621794459108565, 0.8737446294307197]
2023-06-17 03:28:47,669|INFO|nn.computeOptunaObjective|Trial 32 timings:|15.435374599999989
2023-06-17 03:28:47,669|INFO|nn.computeOptunaObjective|Trial 32 objective:|0.7287664074632099
2023-06-17 03:28:58,899|INFO|nn.computeOptunaObjective|Trial 33 params:|{'n_layers': 3, 'architecture': 'bottom', 'lr': 0.001, 'n_epochs': 150}
2023-06-17 03:28:58,899|INFO|nn.computeOptunaObjective|Trial 33 balacc:|[0.7287985984771915, 0.7697730228809057, 0.6837173579109063, 0.6754756871035941, 0.731060606060606, 0.7034813925570228, 0.737732897169677, 0.7242794153670287, 0.6969701007301604, 0.6773932982437856, 0.7315303430079156, 0.7313218390804598, 0.6814175211368951, 0.7829018338727076, 0.7186098414129058, 0.7842105263157895]
2023-06-17 03:28:58,899|INFO|nn.computeOptunaObjective|Trial 33 rocauc:|[0.8380904251735058, 0.8478758678806309, 0.8089861751152073, 0.843816067653277, 0.8068181818181819, 0.7551020408163265, 0.8401009813682265, 0.792990120029395, 0.8515829025209188, 0.8648835270206888, 0.85164307987527, 0.8979885057471265, 0.8015830185285123, 0.9127112549442646, 0.8564625850340136, 0.8731113498030791]
2023-06-17 03:28:58,899|INFO|nn.computeOptunaObjective|Trial 33 timings:|11.226708099999996
2023-06-17 03:28:58,899|INFO|nn.computeOptunaObjective|Trial 33 objective:|0.722417142582972
2023-06-17 03:29:13,910|INFO|nn.computeOptunaObjective|Trial 34 params:|{'n_layers': 3, 'architecture': 'inner', 'lr': 0.001, 'n_epochs': 200}
2023-06-17 03:29:13,910|INFO|nn.computeOptunaObjective|Trial 34 balacc:|[0.730948049322822, 0.7499239745727004, 0.7373271889400921, 0.7518498942917548, 0.7765151515151515, 0.7815126050420168, 0.7285859052766321, 0.719747693312648, 0.7071363854394287, 0.6653030381989682, 0.7000779563444471, 0.7499425287356323, 0.6844756251124302, 0.7967907227615965, 0.7099830468464988, 0.7518796992481203]
2023-06-17 03:29:13,910|INFO|nn.computeOptunaObjective|Trial 34 rocauc:|[0.8311973586685534, 0.8443878579148881, 0.8049923195084486, 0.8755285412262157, 0.821969696969697, 0.7911164465786314, 0.8202069406912246, 0.7759655425818569, 0.8544609071044076, 0.8622778675282714, 0.8598284960422163, 0.9011494252873563, 0.81700845475805, 0.9231391585760518, 0.8595034228202322, 0.8742123165055498]
2023-06-17 03:29:13,910|INFO|nn.computeOptunaObjective|Trial 34 timings:|15.007310599999983
2023-06-17 03:29:13,910|INFO|nn.computeOptunaObjective|Trial 34 objective:|0.7338749665600587
2023-06-17 03:29:30,130|INFO|nn.computeOptunaObjective|Trial 35 params:|{'n_layers': 4, 'architecture': 'top', 'lr': 0.001, 'n_epochs': 200}
2023-06-17 03:29:30,130|INFO|nn.computeOptunaObjective|Trial 35 balacc:|[0.7277575635065023, 0.7781046769377324, 0.6704301075268817, 0.7518498942917548, 0.7537878787878788, 0.7214885954381753, 0.695526952069407, 0.7032946844125092, 0.6726536268187391, 0.6717390171452395, 0.7302110817941952, 0.7498850574712643, 0.7123583378305451, 0.7951725997842503, 0.7155797334706753, 0.7783834586466165]
2023-06-17 03:29:30,130|INFO|nn.computeOptunaObjective|Trial 35 rocauc:|[0.839658715719965, 0.8499551175188231, 0.8139784946236559, 0.8422304439746301, 0.8473484848484849, 0.7983193277310924, 0.8236470630066847, 0.7665754878745815, 0.865546554388957, 0.871423732346657, 0.8699928040297433, 0.9157758620689654, 0.8297355639503508, 0.91797015462064, 0.8548273568102319, 0.8765798424633011]
2023-06-17 03:29:30,130|INFO|nn.computeOptunaObjective|Trial 35 timings:|16.206490400000007
2023-06-17 03:29:30,130|INFO|nn.computeOptunaObjective|Trial 35 objective:|0.7267639541207729
2023-06-17 03:29:41,485|INFO|nn.computeOptunaObjective|Trial 36 params:|{'n_layers': 3, 'architecture': 'bottom', 'lr': 0.0001, 'n_epochs': 150}
2023-06-17 03:29:41,485|INFO|nn.computeOptunaObjective|Trial 36 balacc:|[0.5038710329492622, 0.5, 0.5, 0.5, 0.5, 0.5, 0.5, 0.5, 0.5, 0.5, 0.5, 0.4985632183908046, 0.5147058823529411, 0.5, 0.5081632653061224, 0.5069235588972432]
2023-06-17 03:29:41,485|INFO|nn.computeOptunaObjective|Trial 36 rocauc:|[0.6504750353749748, 0.6327660431970982, 0.6084485407066051, 0.6580338266384778, 0.6060606060606061, 0.5582232893157263, 0.6854110368368652, 0.609965705887156, 0.6314155518840271, 0.649082807858669, 0.7434636603502038, 0.7067241379310345, 0.6227738801942796, 0.6217188061848256, 0.6784201377711967, 0.664545291800931]
2023-06-17 03:29:41,485|INFO|nn.computeOptunaObjective|Trial 36 timings:|11.350984700000026
2023-06-17 03:29:41,485|INFO|nn.computeOptunaObjective|Trial 36 objective:|0.5020141848685233
2023-06-17 03:29:52,796|INFO|nn.computeOptunaObjective|Trial 37 params:|{'n_layers': 3, 'architecture': 'linear', 'lr': 0.0001, 'n_epochs': 150}
2023-06-17 03:29:52,796|INFO|nn.computeOptunaObjective|Trial 37 balacc:|[0.5572872447948252, 0.5594628757762837, 0.5115975422427035, 0.49709302325581395, 0.5969696969696969, 0.5588235294117647, 0.5, 0.5, 0.5, 0.5128980144874667, 0.5655432957543776, 0.5271264367816092, 0.5278827127181147, 0.5, 0.5568316916672031, 0.5906954887218044]
2023-06-17 03:29:52,796|INFO|nn.computeOptunaObjective|Trial 37 rocauc:|[0.711144801563237, 0.7286057119827065, 0.7754224270353303, 0.8234672304439746, 0.743939393939394, 0.7923169267707083, 0.7189588963163135, 0.669286355842247, 0.7807786601289771, 0.7786883110115169, 0.8572199568241784, 0.8318965517241379, 0.7184745457816154, 0.7873966199208917, 0.7712504560183695, 0.7830200501253133]
2023-06-17 03:29:52,796|INFO|nn.computeOptunaObjective|Trial 37 timings:|11.317720799999961
2023-06-17 03:29:52,796|INFO|nn.computeOptunaObjective|Trial 37 objective:|0.5351382220363541
2023-06-17 03:30:07,527|INFO|nn.computeOptunaObjective|Trial 38 params:|{'n_layers': 4, 'architecture': 'bottom', 'lr': 0.001, 'n_epochs': 200}
2023-06-17 03:30:07,527|INFO|nn.computeOptunaObjective|Trial 38 balacc:|[0.7263964692406172, 0.7726418378002089, 0.7185099846390168, 0.7402219873150107, 0.828030303030303, 0.7112845138055222, 0.7103096999004409, 0.7190332326283988, 0.704045195331237, 0.7177028505914846, 0.7114415927080835, 0.785632183908046, 0.6768303651735923, 0.8271305285868393, 0.7290285199253204, 0.7602756892230575]
2023-06-17 03:30:07,527|INFO|nn.computeOptunaObjective|Trial 38 rocauc:|[0.831856007007614, 0.8475113122171947, 0.7993855606758833, 0.8456659619450317, 0.8924242424242425, 0.8049219687875152, 0.815051201820509, 0.786539560708745, 0.8545142034855833, 0.8566756996195737, 0.8647157591748621, 0.8859195402298852, 0.8019427954668105, 0.9111380798274001, 0.8558445460203008, 0.8637173290368778]
2023-06-17 03:30:07,527|INFO|nn.computeOptunaObjective|Trial 38 timings:|14.726307099999985
2023-06-17 03:30:07,527|INFO|nn.computeOptunaObjective|Trial 38 objective:|0.7399071846129487
2023-06-17 03:30:19,217|INFO|nn.computeOptunaObjective|Trial 39 params:|{'n_layers': 4, 'architecture': 'top', 'lr': 0.0001, 'n_epochs': 150}
2023-06-17 03:30:19,217|INFO|nn.computeOptunaObjective|Trial 39 balacc:|[0.6634391213530085, 0.6575411728067122, 0.6731182795698925, 0.709830866807611, 0.7227272727272727, 0.6944777911164466, 0.5, 0.5, 0.6586233544742311, 0.6338396998280265, 0.6961201727032862, 0.6584482758620689, 0.612475265335492, 0.6750269687162891, 0.6811626858945471, 0.6861842105263158]
2023-06-17 03:30:19,217|INFO|nn.computeOptunaObjective|Trial 39 rocauc:|[0.7826662623812412, 0.794020554344441, 0.8161290322580644, 0.8358879492600422, 0.8174242424242425, 0.7995198079231693, 0.7524178637462665, 0.7329345962276477, 0.8174199221872834, 0.8364036687685653, 0.8735308227392661, 0.870919540229885, 0.7835941716135996, 0.865066522833513, 0.8243889353848796, 0.8298424633011099]
2023-06-17 03:30:19,217|INFO|nn.computeOptunaObjective|Trial 39 timings:|11.682030399999974
2023-06-17 03:30:19,217|INFO|nn.computeOptunaObjective|Trial 39 objective:|0.6514384461075751
2023-06-17 03:30:34,837|INFO|nn.computeOptunaObjective|Trial 40 params:|{'n_layers': 3, 'architecture': 'linear', 'lr': 0.001, 'n_epochs': 200}
2023-06-17 03:30:34,837|INFO|nn.computeOptunaObjective|Trial 40 balacc:|[0.7447981941917661, 0.7552494183596827, 0.6980030721966206, 0.7122093023255813, 0.8303030303030303, 0.6818727490996399, 0.7088963163134689, 0.7129909365558913, 0.716529872621649, 0.6943300849444994, 0.718037898776685, 0.7585057471264368, 0.7068267674042095, 0.8090614886731391, 0.7130131547887294, 0.7652255639097745]
2023-06-17 03:30:34,837|INFO|nn.computeOptunaObjective|Trial 40 rocauc:|[0.8358331648810727, 0.8476193965596205, 0.8008448540706605, 0.8710359408033828, 0.871969696969697, 0.7539015606242497, 0.8278161001280044, 0.7818955662611251, 0.8619623727548898, 0.869782166866434, 0.8615375389781723, 0.8987643678160919, 0.8364813815434431, 0.9149586479683568, 0.861587158522715, 0.8725093984962407]
2023-06-17 03:30:34,837|INFO|nn.computeOptunaObjective|Trial 40 timings:|15.618336599999964
2023-06-17 03:30:34,837|INFO|nn.computeOptunaObjective|Trial 40 objective:|0.7328658498494253
2023-06-17 03:30:50,024|INFO|nn.computeOptunaObjective|Trial 41 params:|{'n_layers': 4, 'architecture': 'outer', 'lr': 0.001, 'n_epochs': 200}
2023-06-17 03:30:50,024|INFO|nn.computeOptunaObjective|Trial 41 balacc:|[0.7329223098173978, 0.7755582831076997, 0.7203533026113671, 0.732029598308668, 0.7992424242424242, 0.7112845138055222, 0.699038188024463, 0.7145015105740181, 0.6954245056760646, 0.6943170566470374, 0.7677500599664189, 0.7598850574712643, 0.7007105594531391, 0.8164778856526429, 0.7298032146612587, 0.775501253132832]
2023-06-17 03:30:50,024|INFO|nn.computeOptunaObjective|Trial 41 rocauc:|[0.8417576308874066, 0.8485518530052942, 0.8087557603686636, 0.8584830866807611, 0.8606060606060606, 0.8073229291716686, 0.8262338216469919, 0.7814975095941864, 0.8591643127431647, 0.8728047318776382, 0.8684936435596065, 0.9016379310344828, 0.8172333153444864, 0.9114077669902912, 0.858754479709865, 0.8704596312209094]
2023-06-17 03:30:50,024|INFO|nn.computeOptunaObjective|Trial 41 timings:|15.181844100000035
2023-06-17 03:30:50,024|INFO|nn.computeOptunaObjective|Trial 41 objective:|0.7390499826970136
2023-06-17 03:31:01,277|INFO|nn.computeOptunaObjective|Trial 42 params:|{'n_layers': 2, 'architecture': 'linear', 'lr': 0.0001, 'n_epochs': 150}
2023-06-17 03:31:01,277|INFO|nn.computeOptunaObjective|Trial 42 balacc:|[0.5396536621521462, 0.549810394416253, 0.5115975422427035, 0.49709302325581395, 0.5909090909090909, 0.5588235294117647, 0.5, 0.5, 0.5, 0.4991922455573506, 0.5227272727272727, 0.5085632183908045, 0.5147058823529411, 0.5, 0.5283847292860362, 0.5674498746867168]
2023-06-17 03:31:01,277|INFO|nn.computeOptunaObjective|Trial 42 rocauc:|[0.6921501246546728, 0.702211149174712, 0.728110599078341, 0.7505285412262157, 0.7, 0.7070828331332533, 0.714780969990044, 0.643953621295011, 0.7210067686404094, 0.7382745322841211, 0.8248380906692253, 0.7986781609195402, 0.6656772800863464, 0.7306724199928083, 0.7427004871349171, 0.7627730039384175]
2023-06-17 03:31:01,277|INFO|nn.computeOptunaObjective|Trial 42 timings:|11.23692589999996
2023-06-17 03:31:01,277|INFO|nn.computeOptunaObjective|Trial 42 objective:|0.5243069040868058
2023-06-17 03:31:12,743|INFO|nn.computeOptunaObjective|Trial 43 params:|{'n_layers': 4, 'architecture': 'linear', 'lr': 0.0001, 'n_epochs': 150}
2023-06-17 03:31:12,743|INFO|nn.computeOptunaObjective|Trial 43 balacc:|[0.5845596657907149, 0.565427665927785, 0.5115975422427035, 0.5227272727272727, 0.5227272727272727, 0.6266506602641057, 0.5, 0.5, 0.5, 0.5, 0.6384924442312305, 0.6170689655172414, 0.5217665047670444, 0.6291801510248112, 0.5912144037425696, 0.6333020050125313]
2023-06-17 03:31:12,743|INFO|nn.computeOptunaObjective|Trial 43 rocauc:|[0.742989016912607, 0.7642625533551944, 0.8044546850998464, 0.8380021141649049, 0.8007575757575758, 0.8163265306122449, 0.7323815957900726, 0.707846819629297, 0.8063342749027341, 0.8068815467194747, 0.8681938114655792, 0.8530459770114943, 0.7706422018348624, 0.8244336569579287, 0.7930749586901007, 0.8049409237379161]
2023-06-17 03:31:12,743|INFO|nn.computeOptunaObjective|Trial 43 timings:|11.473300799999947
2023-06-17 03:31:12,743|INFO|nn.computeOptunaObjective|Trial 43 objective:|0.5602946596234553
2023-06-17 03:31:28,223|INFO|nn.computeOptunaObjective|Trial 44 params:|{'n_layers': 4, 'architecture': 'outer', 'lr': 0.0001, 'n_epochs': 200}
2023-06-17 03:31:28,223|INFO|nn.computeOptunaObjective|Trial 44 balacc:|[0.6258473148709656, 0.6448348507886493, 0.5954685099846391, 0.6871035940803383, 0.7477272727272727, 0.5192076830732293, 0.5267298392831745, 0.5, 0.6099904066513884, 0.5153212778154151, 0.7048452866394819, 0.6327586206896552, 0.6271811476884331, 0.645631067961165, 0.6502113779265649, 0.6708646616541354]
2023-06-17 03:31:28,223|INFO|nn.computeOptunaObjective|Trial 44 rocauc:|[0.7774307661208814, 0.793877663179878, 0.8193548387096774, 0.8401162790697674, 0.8340909090909091, 0.8091236494597838, 0.7527912103541459, 0.7334857516126398, 0.8218168736342802, 0.8375241023503048, 0.8738906212520988, 0.8678735632183907, 0.7751394135635906, 0.8601222581805106, 0.8150282194896886, 0.8266201217329037]
2023-06-17 03:31:28,223|INFO|nn.computeOptunaObjective|Trial 44 timings:|15.467076199999951
2023-06-17 03:31:28,223|INFO|nn.computeOptunaObjective|Trial 44 objective:|0.6189826819896567
2023-06-17 03:31:35,845|INFO|nn.computeOptunaObjective|Trial 45 params:|{'n_layers': 4, 'architecture': 'bottom', 'lr': 0.001, 'n_epochs': 100}
2023-06-17 03:31:35,845|INFO|nn.computeOptunaObjective|Trial 45 balacc:|[0.6908766255643151, 0.7456921977760274, 0.7516129032258064, 0.7774841437632135, 0.7598484848484848, 0.7725090036014406, 0.6167774854217039, 0.553890748754797, 0.6978628151148537, 0.6902782844337902, 0.7637922763252578, 0.7155172413793103, 0.6676560532469868, 0.7944983818770226, 0.7236464301809051, 0.7721804511278196]
2023-06-17 03:31:35,845|INFO|nn.computeOptunaObjective|Trial 45 rocauc:|[0.8048851155582507, 0.8102643486544415, 0.8259600614439324, 0.8604651162790697, 0.8659090909090909, 0.8367346938775511, 0.770089603185891, 0.7497550420511147, 0.8226429675425039, 0.83799312105894, 0.8551211321659871, 0.8623563218390805, 0.7889908256880733, 0.8898777418194893, 0.8320285843043843, 0.8430988184747582]
2023-06-17 03:31:35,845|INFO|nn.computeOptunaObjective|Trial 45 timings:|7.622778700000026
2023-06-17 03:31:35,845|INFO|nn.computeOptunaObjective|Trial 45 objective:|0.7183827204151084
2023-06-17 03:31:50,684|INFO|nn.computeOptunaObjective|Trial 46 params:|{'n_layers': 3, 'architecture': 'inner', 'lr': 0.0001, 'n_epochs': 200}
2023-06-17 03:31:50,684|INFO|nn.computeOptunaObjective|Trial 46 balacc:|[0.6597432787548009, 0.6666495685785994, 0.6731182795698925, 0.6416490486257929, 0.731060606060606, 0.7136854741896759, 0.5, 0.5, 0.6178382987795128, 0.6072359164104435, 0.7048452866394819, 0.6855747126436782, 0.5962403309947832, 0.6701725997842503, 0.6918302967874848, 0.7022869674185463]
2023-06-17 03:31:50,684|INFO|nn.computeOptunaObjective|Trial 46 rocauc:|[0.771245199110572, 0.7816146701595618, 0.8135176651305684, 0.8340380549682875, 0.8272727272727273, 0.822328931572629, 0.7521689660076804, 0.7219931411774312, 0.8076133880509514, 0.8298895200375215, 0.8641160949868074, 0.8676436781609194, 0.7772081309588055, 0.8540093491549802, 0.8156162149402346, 0.8296679197994988]
2023-06-17 03:31:50,684|INFO|nn.computeOptunaObjective|Trial 46 timings:|14.831895000000031
2023-06-17 03:31:50,684|INFO|nn.computeOptunaObjective|Trial 46 objective:|0.6476206665773467
2023-06-17 03:32:02,045|INFO|nn.computeOptunaObjective|Trial 47 params:|{'n_layers': 2, 'architecture': 'top', 'lr': 0.001, 'n_epochs': 150}
2023-06-17 03:32:02,045|INFO|nn.computeOptunaObjective|Trial 47 balacc:|[0.7261437908496733, 0.7358546906772675, 0.7427035330261136, 0.6923890063424947, 0.7621212121212122, 0.723889555822329, 0.7426486275067558, 0.7137870498897689, 0.6960773863454671, 0.6967533482724477, 0.7193571599904054, 0.7685057471264368, 0.7331804281345566, 0.7935544768069039, 0.7162299620163524, 0.7682957393483709]
2023-06-17 03:32:02,045|INFO|nn.computeOptunaObjective|Trial 47 rocauc:|[0.8240701435213261, 0.8398025170828219, 0.8195852534562211, 0.8380021141649049, 0.8348484848484848, 0.7695078031212486, 0.8313184468781112, 0.7876010451539153, 0.8594574428396311, 0.861183490541456, 0.8738606380426961, 0.9039080459770115, 0.8215506386040655, 0.9083063646170443, 0.8631794673705444, 0.8818788041532402]
2023-06-17 03:32:02,045|INFO|nn.computeOptunaObjective|Trial 47 timings:|11.353732799999989
2023-06-17 03:32:02,045|INFO|nn.computeOptunaObjective|Trial 47 objective:|0.7332182321422847
2023-06-17 03:32:09,600|INFO|nn.computeOptunaObjective|Trial 48 params:|{'n_layers': 2, 'architecture': 'inner', 'lr': 0.001, 'n_epochs': 100}
2023-06-17 03:32:09,600|INFO|nn.computeOptunaObjective|Trial 48 balacc:|[0.7191698672596186, 0.7280671222085844, 0.6998463901689708, 0.6982029598308668, 0.7848484848484849, 0.723889555822329, 0.695526952069407, 0.6807993794398628, 0.685911101636199, 0.6661107926416177, 0.7153993763492444, 0.7570689655172413, 0.6627091203453859, 0.7861380798274002, 0.7185476083177751, 0.7574248120300753]
2023-06-17 03:32:09,600|INFO|nn.computeOptunaObjective|Trial 48 rocauc:|[0.8193349504750354, 0.8181654972795721, 0.8117511520737327, 0.8324524312896406, 0.834848484848485, 0.7995198079231692, 0.8239226283601195, 0.7815995754062219, 0.8307706656718009, 0.8557637187972276, 0.8687934756536341, 0.9059195402298851, 0.8162439287641661, 0.9048004314994607, 0.852110560312453, 0.8759890798424632]
2023-06-17 03:32:09,600|INFO|nn.computeOptunaObjective|Trial 48 timings:|7.548440099999993
2023-06-17 03:32:09,600|INFO|nn.computeOptunaObjective|Trial 48 objective:|0.7174787855195663
2023-06-17 03:32:24,565|INFO|nn.computeOptunaObjective|Trial 49 params:|{'n_layers': 2, 'architecture': 'outer', 'lr': 0.0001, 'n_epochs': 200}
2023-06-17 03:32:24,565|INFO|nn.computeOptunaObjective|Trial 49 balacc:|[0.5763021359746648, 0.5887427409456464, 0.5321044546850998, 0.5367336152219873, 0.6424242424242425, 0.6074429771908764, 0.5, 0.5, 0.5227708788573256, 0.5435405701182969, 0.58695130726793, 0.5656896551724138, 0.5263536607303472, 0.5384304207119741, 0.6014184853752227, 0.6482456140350877]
2023-06-17 03:32:24,565|INFO|nn.computeOptunaObjective|Trial 49 rocauc:|[0.7181052489724412, 0.7251909795372524, 0.788479262672811, 0.7938689217758985, 0.806060606060606, 0.8043217286914766, 0.7469776703171669, 0.6745529517432842, 0.7642034855833288, 0.7788446505810621, 0.8471455984648597, 0.8269540229885057, 0.7062421298794748, 0.7724739302409205, 0.7687782999635184, 0.7925438596491228]
2023-06-17 03:32:24,565|INFO|nn.computeOptunaObjective|Trial 49 timings:|14.965266799999995
2023-06-17 03:32:24,565|INFO|nn.computeOptunaObjective|Trial 49 objective:|0.5635719224194446
2023-06-17 03:32:32,132|INFO|nn.computeOptunaObjective|Trial 50 params:|{'n_layers': 2, 'architecture': 'top', 'lr': 0.001, 'n_epochs': 100}
2023-06-17 03:32:32,132|INFO|nn.computeOptunaObjective|Trial 50 balacc:|[0.7200357118792534, 0.7307087768149926, 0.7087557603686636, 0.6556553911205074, 0.7848484848484849, 0.7533013205282113, 0.7264702744986489, 0.6883114232056831, 0.6780632095080744, 0.6830475793423315, 0.7394459102902375, 0.742816091954023, 0.7052977154164418, 0.8000269687162891, 0.719197836863452, 0.756140350877193]
2023-06-17 03:32:32,132|INFO|nn.computeOptunaObjective|Trial 50 rocauc:|[0.8293713361633314, 0.8309084580577792, 0.8182027649769584, 0.8197674418604651, 0.8643939393939395, 0.7779111644657863, 0.8332918503769023, 0.7910508696007186, 0.8468128764056919, 0.8653525457293241, 0.8780283041496763, 0.9052298850574713, 0.8209210289620436, 0.9158576051779935, 0.8618360909032381, 0.8782447189402077]
2023-06-17 03:32:32,132|INFO|nn.computeOptunaObjective|Trial 50 timings:|7.558038300000021
2023-06-17 03:32:32,132|INFO|nn.computeOptunaObjective|Trial 50 objective:|0.7245076753895304
2023-06-17 03:32:47,607|INFO|nn.computeOptunaObjective|Trial 51 params:|{'n_layers': 3, 'architecture': 'top', 'lr': 0.001, 'n_epochs': 200}
2023-06-17 03:32:47,607|INFO|nn.computeOptunaObjective|Trial 51 balacc:|[0.7190822720840914, 0.7486929122318501, 0.7497695852534563, 0.8060253699788583, 0.8075757575757576, 0.6842737094837935, 0.7201500497795478, 0.7234833020331509, 0.7039252784735917, 0.672559799885351, 0.7455325017989926, 0.7556896551724138, 0.720003597769383, 0.8106796116504854, 0.7238674649670593, 0.762374686716792]
2023-06-17 03:32:47,607|INFO|nn.computeOptunaObjective|Trial 51 rocauc:|[0.834904992925005, 0.8484236173447889, 0.7849462365591398, 0.8908562367864693, 0.8166666666666667, 0.7430972388955582, 0.826304935286588, 0.7809769739528047, 0.8595373874113947, 0.8696909687841994, 0.8695430558887023, 0.9107183908045977, 0.8173232595790609, 0.9159924487594391, 0.86569239683255, 0.8797708557107053]
2023-06-17 03:32:47,607|INFO|nn.computeOptunaObjective|Trial 51 timings:|15.467912500000011
2023-06-17 03:32:47,607|INFO|nn.computeOptunaObjective|Trial 51 objective:|0.740855347178411
2023-06-17 03:32:55,291|INFO|nn.computeOptunaObjective|Trial 52 params:|{'n_layers': 2, 'architecture': 'bottom', 'lr': 0.001, 'n_epochs': 100}
2023-06-17 03:32:55,291|INFO|nn.computeOptunaObjective|Trial 52 balacc:|[0.6754026009029042, 0.6704746551376701, 0.640015360983103, 0.6527484143763214, 0.7931818181818182, 0.723889555822329, 0.6371515431659792, 0.6500367436923329, 0.6529739380696051, 0.649981760383553, 0.6953106260494123, 0.7270689655172413, 0.6712987947472566, 0.7028047464940669, 0.6965621579862229, 0.7246867167919799]
2023-06-17 03:32:55,291|INFO|nn.computeOptunaObjective|Trial 52 rocauc:|[0.7898827572266021, 0.7885320680748164, 0.8076036866359446, 0.8438160676532769, 0.8340909090909091, 0.794717887154862, 0.8168112644005121, 0.7463868702539398, 0.815208122368491, 0.8442988170305904, 0.8703526025425761, 0.8928160919540229, 0.7862025544162619, 0.8752247393024092, 0.8179982403055859, 0.8493063014679556]
2023-06-17 03:32:55,291|INFO|nn.computeOptunaObjective|Trial 52 timings:|7.676842599999986
2023-06-17 03:32:55,291|INFO|nn.computeOptunaObjective|Trial 52 objective:|0.6852242748938623
2023-06-17 03:33:06,679|INFO|nn.computeOptunaObjective|Trial 53 params:|{'n_layers': 2, 'architecture': 'outer', 'lr': 0.001, 'n_epochs': 150}
2023-06-17 03:33:06,679|INFO|nn.computeOptunaObjective|Trial 53 balacc:|[0.7238191496529883, 0.723925110374265, 0.7025345622119815, 0.7069238900634249, 0.8075757575757576, 0.723889555822329, 0.7292792632626938, 0.6972932146648159, 0.6631402227788733, 0.6894965865860649, 0.7093127848404893, 0.7299425287356323, 0.6860046771001979, 0.8000269687162891, 0.7008927230198073, 0.7651315789473685]
2023-06-17 03:33:06,679|INFO|nn.computeOptunaObjective|Trial 53 rocauc:|[0.8173152078700896, 0.8376756370564421, 0.8131336405529953, 0.8456659619450317, 0.8666666666666666, 0.7671068427370948, 0.836883089176504, 0.7873356740426227, 0.8514763097585674, 0.8621215279587263, 0.876589110098345, 0.9094827586206896, 0.8240690771721532, 0.9077669902912622, 0.861286722891049, 0.8796791084854995]
2023-06-17 03:33:06,679|INFO|nn.computeOptunaObjective|Trial 53 timings:|11.391635500000007
2023-06-17 03:33:06,679|INFO|nn.computeOptunaObjective|Trial 53 objective:|0.7224492858970611
2023-06-17 03:33:14,151|INFO|nn.computeOptunaObjective|Trial 54 params:|{'n_layers': 3, 'architecture': 'inner', 'lr': 0.001, 'n_epochs': 100}
2023-06-17 03:33:14,151|INFO|nn.computeOptunaObjective|Trial 54 balacc:|[0.7244222087460414, 0.7772381702603184, 0.7569892473118279, 0.6923890063424947, 0.7848484848484849, 0.712484993997599, 0.6688060019911819, 0.692047031926186, 0.6868038160208921, 0.6612642659857211, 0.7336591508755097, 0.7427586206896553, 0.6829465731246627, 0.7829018338727076, 0.7429751711410116, 0.7704887218045113]
2023-06-17 03:33:14,151|INFO|nn.computeOptunaObjective|Trial 54 rocauc:|[0.839262852907486, 0.851946434132669, 0.8311059907834101, 0.849894291754757, 0.8507575757575758, 0.7959183673469387, 0.8225003555681979, 0.783130562586756, 0.8491312689868358, 0.8666032622856845, 0.8536219716958503, 0.9009770114942529, 0.8158841518258679, 0.9138798993167925, 0.8540719757934719, 0.8754967776584318]
2023-06-17 03:33:14,151|INFO|nn.computeOptunaObjective|Trial 54 timings:|7.461671200000069
2023-06-17 03:33:14,151|INFO|nn.computeOptunaObjective|Trial 54 objective:|0.7258139561836754
2023-06-17 03:33:25,475|INFO|nn.computeOptunaObjective|Trial 55 params:|{'n_layers': 3, 'architecture': 'inner', 'lr': 0.001, 'n_epochs': 150}
2023-06-17 03:33:25,475|INFO|nn.computeOptunaObjective|Trial 55 balacc:|[0.7327572266019811, 0.7709564548335684, 0.7238863287250383, 0.732029598308668, 0.8303030303030303, 0.712484993997599, 0.7264791637035983, 0.7009879970605046, 0.6805015189468635, 0.7177158788889468, 0.7502998320940273, 0.7413793103448276, 0.6991815074653714, 0.8074433656957929, 0.731318268632374, 0.7541666666666667]
2023-06-17 03:33:25,475|INFO|nn.computeOptunaObjective|Trial 55 rocauc:|[0.8392089481840846, 0.8545294667228461, 0.7837173579109064, 0.849762156448203, 0.865909090909091, 0.7869147659063626, 0.8304117479732612, 0.7804564383114232, 0.8632281618078133, 0.8786153525457292, 0.8648356920124729, 0.9085632183908046, 0.8209210289620434, 0.9235436893203883, 0.8595184446018154, 0.8768953634085213]
2023-06-17 03:33:25,475|INFO|nn.computeOptunaObjective|Trial 55 timings:|11.327028699999914
2023-06-17 03:33:25,475|INFO|nn.computeOptunaObjective|Trial 55 objective:|0.7382431963918037
2023-06-17 03:33:36,853|INFO|nn.computeOptunaObjective|Trial 56 params:|{'n_layers': 4, 'architecture': 'bottom', 'lr': 0.0001, 'n_epochs': 150}
2023-06-17 03:33:36,853|INFO|nn.computeOptunaObjective|Trial 56 balacc:|[0.5, 0.5, 0.5, 0.5, 0.5, 0.5, 0.5, 0.5, 0.5, 0.5, 0.5, 0.5, 0.5, 0.5, 0.5, 0.5018796992481203]
2023-06-17 03:33:36,853|INFO|nn.computeOptunaObjective|Trial 56 rocauc:|[0.6275250993868338, 0.6311869126348765, 0.5906298003072197, 0.6567124735729387, 0.5704545454545454, 0.5414165666266507, 0.6719883373631063, 0.6124152853760104, 0.6114827053243085, 0.6434024701651988, 0.7147997121611898, 0.6815517241379311, 0.6126101816873538, 0.6276519237684286, 0.6517586214296444, 0.6468089867525958]
2023-06-17 03:33:36,853|INFO|nn.computeOptunaObjective|Trial 56 timings:|11.367444999999975
2023-06-17 03:33:36,853|INFO|nn.computeOptunaObjective|Trial 56 objective:|0.5001174812030076
2023-06-17 03:33:44,420|INFO|nn.computeOptunaObjective|Trial 57 params:|{'n_layers': 2, 'architecture': 'linear', 'lr': 0.001, 'n_epochs': 100}
2023-06-17 03:33:44,420|INFO|nn.computeOptunaObjective|Trial 57 balacc:|[0.7258810053230914, 0.7160954073314159, 0.686405529953917, 0.7040169133192389, 0.7931818181818182, 0.7533013205282113, 0.7208434077656094, 0.6830244141422389, 0.6623674252518255, 0.6894965865860649, 0.7167186375629647, 0.7485057471264368, 0.6480032379924447, 0.7599784250269688, 0.7016953153501149, 0.7517857142857143]
2023-06-17 03:33:44,420|INFO|nn.computeOptunaObjective|Trial 57 rocauc:|[0.8168250117916582, 0.8172641837800209, 0.813594470046083, 0.8353594080338267, 0.8484848484848484, 0.7983193277310924, 0.8221092305504196, 0.7798440434392095, 0.8356739327399669, 0.8536270780134452, 0.8728711921324058, 0.9027586206896552, 0.8190322000359777, 0.8988673139158576, 0.8487886006137472, 0.8761860007160759]
2023-06-17 03:33:44,420|INFO|nn.computeOptunaObjective|Trial 57 timings:|7.561029899999994
2023-06-17 03:33:44,420|INFO|nn.computeOptunaObjective|Trial 57 objective:|0.7163313066080047
2023-06-17 03:33:59,540|INFO|nn.computeOptunaObjective|Trial 58 params:|{'n_layers': 2, 'architecture': 'top', 'lr': 0.0001, 'n_epochs': 200}
2023-06-17 03:33:59,540|INFO|nn.computeOptunaObjective|Trial 58 balacc:|[0.6090795768479214, 0.6284463333760786, 0.6240399385560675, 0.5396405919661733, 0.7106060606060606, 0.7046818727490997, 0.5126582278481012, 0.5104923654772597, 0.5949475030645419, 0.6056334358226066, 0.6625389781722235, 0.6728160919540229, 0.5674132038136356, 0.6014023732470335, 0.6309169724672203, 0.681077694235589]
2023-06-17 03:33:59,540|INFO|nn.computeOptunaObjective|Trial 58 rocauc:|[0.7511555825079173, 0.7575320131166762, 0.8164362519201229, 0.8176532769556025, 0.8484848484848485, 0.809123649459784, 0.7693073531503342, 0.7053360006532212, 0.7867478548206576, 0.8181119391317944, 0.8629767330295035, 0.8654597701149426, 0.7441985968699406, 0.8247932398417835, 0.7903538702547266, 0.8208959899749373]
2023-06-17 03:33:59,540|INFO|nn.computeOptunaObjective|Trial 58 timings:|15.107514599999945
2023-06-17 03:33:59,540|INFO|nn.computeOptunaObjective|Trial 58 objective:|0.6160244512627272
2023-06-17 03:34:07,257|INFO|nn.computeOptunaObjective|Trial 59 params:|{'n_layers': 2, 'architecture': 'linear', 'lr': 0.0001, 'n_epochs': 100}
2023-06-17 03:34:07,257|INFO|nn.computeOptunaObjective|Trial 59 balacc:|[0.5, 0.5, 0.5, 0.5, 0.5, 0.5, 0.5, 0.5, 0.5, 0.5, 0.5, 0.5, 0.5, 0.5, 0.5, 0.5031641604010025]
2023-06-17 03:34:07,257|INFO|nn.computeOptunaObjective|Trial 59 rocauc:|[0.646290681220942, 0.646934251744921, 0.610752688172043, 0.6355708245243128, 0.6287878787878789, 0.5678271308523409, 0.6734283885649267, 0.6133951171715523, 0.6157197676277781, 0.634960133409766, 0.7164787718877428, 0.6818965517241379, 0.6110811296995863, 0.6110212153901474, 0.672836326959806, 0.6631623702112424]
2023-06-17 03:34:07,257|INFO|nn.computeOptunaObjective|Trial 59 timings:|7.712578099999973
2023-06-17 03:34:07,257|INFO|nn.computeOptunaObjective|Trial 59 objective:|0.5001977600250627
2023-06-17 03:34:22,307|INFO|nn.computeOptunaObjective|Trial 60 params:|{'n_layers': 2, 'architecture': 'linear', 'lr': 0.0001, 'n_epochs': 200}
2023-06-17 03:34:22,307|INFO|nn.computeOptunaObjective|Trial 60 balacc:|[0.5943635873593424, 0.6067268763625039, 0.5811827956989247, 0.49709302325581395, 0.634090909090909, 0.6458583433373349, 0.5, 0.5052461827386299, 0.5219980813302777, 0.5370915628745635, 0.6197229551451187, 0.612816091954023, 0.5131768303651736, 0.5261596548004315, 0.6009549561149381, 0.655858395989975]
2023-06-17 03:34:22,307|INFO|nn.computeOptunaObjective|Trial 60 rocauc:|[0.731861060575433, 0.7331342627365489, 0.7992319508448541, 0.8057610993657505, 0.8348484848484848, 0.8007202881152461, 0.7454665054757502, 0.6822895402955825, 0.7631908543409902, 0.7825446870602951, 0.8517630127128809, 0.8438505747126437, 0.7132577801762907, 0.7860481841064365, 0.7694821777291357, 0.7980665950590764]
2023-06-17 03:34:22,307|INFO|nn.computeOptunaObjective|Trial 60 timings:|15.056736199999932
2023-06-17 03:34:22,307|INFO|nn.computeOptunaObjective|Trial 60 objective:|0.5720212654011225
2023-06-17 03:34:29,720|INFO|nn.computeOptunaObjective|Trial 61 params:|{'n_layers': 2, 'architecture': 'outer', 'lr': 0.001, 'n_epochs': 100}
2023-06-17 03:34:29,720|INFO|nn.computeOptunaObjective|Trial 61 balacc:|[0.7123812411562563, 0.7195083078388628, 0.6766513056835637, 0.6358350951374208, 0.7931818181818182, 0.7136854741896759, 0.7335016356137107, 0.6807993794398628, 0.6458988434685284, 0.6806243160143832, 0.7294015351403214, 0.7599425287356323, 0.7037686634286742, 0.7599784250269688, 0.7144037425695831, 0.7299185463659148]
2023-06-17 03:34:29,720|INFO|nn.computeOptunaObjective|Trial 61 rocauc:|[0.81087527794623, 0.806811145510836, 0.8068356374807988, 0.8311310782241014, 0.8287878787878789, 0.7635054021608643, 0.8139311619968711, 0.7721278680493182, 0.8319698342482545, 0.8503700036479233, 0.8831854161669465, 0.9045402298850576, 0.8110271631588415, 0.897608773822366, 0.8471190368892036, 0.870282849982098]
2023-06-17 03:34:29,720|INFO|nn.computeOptunaObjective|Trial 61 timings:|7.394517700000051
2023-06-17 03:34:29,720|INFO|nn.computeOptunaObjective|Trial 61 objective:|0.7118425536244486
2023-06-17 03:34:40,795|INFO|nn.computeOptunaObjective|Trial 62 params:|{'n_layers': 4, 'architecture': 'bottom', 'lr': 0.001, 'n_epochs': 150}
2023-06-17 03:34:40,795|INFO|nn.computeOptunaObjective|Trial 62 balacc:|[0.7391280910989826, 0.7690915419422206, 0.7141321044546851, 0.7885835095137421, 0.8053030303030303, 0.7521008403361344, 0.6406894467358839, 0.6881889442312403, 0.6617145445824228, 0.68222679660222, 0.7450227872391461, 0.728448275862069, 0.7062421298794748, 0.8197141316073355, 0.7209897208094593, 0.7699561403508772]
2023-06-17 03:34:40,795|INFO|nn.computeOptunaObjective|Trial 62 rocauc:|[0.8297587763627788, 0.8414750764834119, 0.8156682027649769, 0.8533298097251586, 0.8477272727272728, 0.787515006002401, 0.7971838998719956, 0.7830693230995347, 0.8441480573469061, 0.859255302517067, 0.8493043895418565, 0.8875287356321839, 0.8153444864184206, 0.9146889608054657, 0.8516684907401446, 0.8597386322950231]
2023-06-17 03:34:40,795|INFO|nn.computeOptunaObjective|Trial 62 timings:|11.082797599999935
2023-06-17 03:34:40,795|INFO|nn.computeOptunaObjective|Trial 62 objective:|0.7332207522218077
2023-06-17 03:34:52,032|INFO|nn.computeOptunaObjective|Trial 63 params:|{'n_layers': 2, 'architecture': 'top', 'lr': 0.0001, 'n_epochs': 150}
2023-06-17 03:34:52,032|INFO|nn.computeOptunaObjective|Trial 63 balacc:|[0.5504885115558251, 0.5880136296187737, 0.5205069124423963, 0.49709302325581395, 0.6507575757575758, 0.5882352941176471, 0.5, 0.5, 0.5070750946010766, 0.5064490072437334, 0.5454545454545454, 0.5671264367816091, 0.5147058823529411, 0.5138888888888888, 0.5736217515397326, 0.6236215538847117]
2023-06-17 03:34:52,032|INFO|nn.computeOptunaObjective|Trial 63 rocauc:|[0.7188666531904858, 0.7287229560151683, 0.7861751152073733, 0.7973044397463002, 0.7856060606060606, 0.8043217286914767, 0.736630635755938, 0.6691434637053972, 0.7618850930021851, 0.770063578091615, 0.8436675461741424, 0.8381609195402299, 0.7089404569167117, 0.7719345559151385, 0.7685508272709715, 0.7906686358754028]
2023-06-17 03:34:52,032|INFO|nn.computeOptunaObjective|Trial 63 timings:|11.225207800000021
2023-06-17 03:34:52,032|INFO|nn.computeOptunaObjective|Trial 63 objective:|0.5466898817184545
2023-06-17 03:35:03,387|INFO|nn.computeOptunaObjective|Trial 64 params:|{'n_layers': 3, 'architecture': 'inner', 'lr': 0.0001, 'n_epochs': 150}
2023-06-17 03:35:03,387|INFO|nn.computeOptunaObjective|Trial 64 balacc:|[0.539050603059093, 0.5820488394672724, 0.5115975422427035, 0.49709302325581395, 0.6053030303030302, 0.5882352941176471, 0.5, 0.5, 0.5, 0.5362838084319141, 0.5528603981770208, 0.5671264367816091, 0.5147058823529411, 0.5, 0.5482048971007961, 0.612249373433584]
2023-06-17 03:35:03,387|INFO|nn.computeOptunaObjective|Trial 64 rocauc:|[0.723030793073243, 0.7416747577261985, 0.7854070660522273, 0.8358879492600423, 0.7689393939393939, 0.8187274909963985, 0.7261235955056179, 0.6833101984159385, 0.792743697702926, 0.7958856636614727, 0.8644758934996402, 0.8418390804597701, 0.7340348983630148, 0.8009708737864077, 0.7780875126075668, 0.797095417114214]
2023-06-17 03:35:03,387|INFO|nn.computeOptunaObjective|Trial 64 timings:|11.350184199999944
2023-06-17 03:35:03,387|INFO|nn.computeOptunaObjective|Trial 64 objective:|0.540922445545214
2023-06-17 03:35:11,155|INFO|nn.computeOptunaObjective|Trial 65 params:|{'n_layers': 3, 'architecture': 'outer', 'lr': 0.0001, 'n_epochs': 100}
2023-06-17 03:35:11,155|INFO|nn.computeOptunaObjective|Trial 65 balacc:|[0.5, 0.5, 0.5, 0.5, 0.5, 0.5, 0.5, 0.5, 0.5, 0.5, 0.5, 0.5, 0.5, 0.5, 0.5, 0.5]
2023-06-17 03:35:11,155|INFO|nn.computeOptunaObjective|Trial 65 rocauc:|[0.649845023920221, 0.6594573799622622, 0.6261136712749615, 0.6886892177589852, 0.6295454545454545, 0.588235294117647, 0.683313184468781, 0.6152935412754144, 0.6685897777540905, 0.676572515503674, 0.7619333173422884, 0.7383908045977012, 0.6310487497751394, 0.6723300970873787, 0.686351638447177, 0.6915637307554601]
2023-06-17 03:35:11,155|INFO|nn.computeOptunaObjective|Trial 65 timings:|7.757234499999981
2023-06-17 03:35:11,155|INFO|nn.computeOptunaObjective|Trial 65 objective:|0.5
2023-06-17 03:35:22,318|INFO|nn.computeOptunaObjective|Trial 66 params:|{'n_layers': 2, 'architecture': 'inner', 'lr': 0.001, 'n_epochs': 150}
2023-06-17 03:35:22,318|INFO|nn.computeOptunaObjective|Trial 66 balacc:|[0.7302675021898795, 0.7435469983695752, 0.7257296466973886, 0.7011099365750528, 0.8075757575757576, 0.723889555822329, 0.7377240079647276, 0.7183187719441496, 0.685911101636199, 0.6798165615717338, 0.7193571599904054, 0.7713793103448277, 0.7154164418060802, 0.7967907227615965, 0.7096439837764759, 0.7588032581453634]
2023-06-17 03:35:22,318|INFO|nn.computeOptunaObjective|Trial 66 rocauc:|[0.8259399636143118, 0.8399765511935077, 0.8089861751152074, 0.8580866807610994, 0.8590909090909091, 0.7779111644657862, 0.8280472194566919, 0.7990120029394954, 0.8530885252891328, 0.8588123404033561, 0.875449748141041, 0.9069540229885057, 0.8202014750854469, 0.9173858324343761, 0.8600892723019808, 0.8781596849266022]
2023-06-17 03:35:22,318|INFO|nn.computeOptunaObjective|Trial 66 timings:|11.161889000000087
2023-06-17 03:35:22,318|INFO|nn.computeOptunaObjective|Trial 66 objective:|0.7328300448232213
2023-06-17 03:35:30,042|INFO|nn.computeOptunaObjective|Trial 67 params:|{'n_layers': 4, 'architecture': 'linear', 'lr': 0.0001, 'n_epochs': 100}
2023-06-17 03:35:30,042|INFO|nn.computeOptunaObjective|Trial 67 balacc:|[0.5, 0.5, 0.5, 0.5, 0.5, 0.5, 0.5, 0.5, 0.5, 0.5, 0.5, 0.5, 0.5, 0.5, 0.5, 0.5]
2023-06-17 03:35:30,042|INFO|nn.computeOptunaObjective|Trial 67 rocauc:|[0.6711845562967456, 0.6789382087310165, 0.6829493087557604, 0.7523784355179705, 0.6363636363636365, 0.6326530612244898, 0.692842412174655, 0.6258267330774884, 0.7191147471086714, 0.7139376726249412, 0.8086471575917487, 0.7844827586206897, 0.653804641122504, 0.7216828478964402, 0.7242022360994871, 0.7276360544217687]
2023-06-17 03:35:30,042|INFO|nn.computeOptunaObjective|Trial 67 timings:|7.718642700000032
2023-06-17 03:35:30,042|INFO|nn.computeOptunaObjective|Trial 67 objective:|0.5
2023-06-17 03:35:37,499|INFO|nn.computeOptunaObjective|Trial 68 params:|{'n_layers': 2, 'architecture': 'outer', 'lr': 0.0001, 'n_epochs': 100}
2023-06-17 03:35:37,499|INFO|nn.computeOptunaObjective|Trial 68 balacc:|[0.5, 0.5025042592558668, 0.5, 0.5, 0.5, 0.5, 0.5, 0.5, 0.5, 0.5, 0.5, 0.5, 0.5, 0.5, 0.5, 0.5]
2023-06-17 03:35:37,499|INFO|nn.computeOptunaObjective|Trial 68 rocauc:|[0.6419176605350044, 0.6470954622895561, 0.6136712749615975, 0.650369978858351, 0.6325757575757576, 0.5822328931572628, 0.6749928886360403, 0.6160080019596635, 0.6107099077972606, 0.6361847933712023, 0.7005277044854882, 0.674655172413793, 0.6056844756251124, 0.6152463142754405, 0.6656559153629905, 0.671594163981382]
2023-06-17 03:35:37,499|INFO|nn.computeOptunaObjective|Trial 68 timings:|7.446011099999964
2023-06-17 03:35:37,499|INFO|nn.computeOptunaObjective|Trial 68 objective:|0.5001565162034917
2023-06-17 03:35:49,095|INFO|nn.computeOptunaObjective|Trial 69 params:|{'n_layers': 4, 'architecture': 'inner', 'lr': 0.0001, 'n_epochs': 150}
2023-06-17 03:35:49,095|INFO|nn.computeOptunaObjective|Trial 69 balacc:|[0.5752712081396133, 0.5, 0.578494623655914, 0.5, 0.6424242424242425, 0.6266506602641057, 0.5478328118333097, 0.49697885196374625, 0.5863268134093695, 0.5604773568190109, 0.6271288078675941, 0.5856896551724138, 0.5, 0.5, 0.5561814631215262, 0.6180764411027568]
2023-06-17 03:35:49,095|INFO|nn.computeOptunaObjective|Trial 69 rocauc:|[0.7451148844417491, 0.7662044076428454, 0.809984639016897, 0.8329809725158562, 0.806060606060606, 0.8091236494597839, 0.734657232257147, 0.7084388013391035, 0.8093455204391622, 0.8119886393246131, 0.8768889421923722, 0.8563218390804598, 0.7784673502428495, 0.8305465659834591, 0.7952209274877143, 0.8086510920157536]
2023-06-17 03:35:49,095|INFO|nn.computeOptunaObjective|Trial 69 timings:|11.595266899999956
2023-06-17 03:35:49,095|INFO|nn.computeOptunaObjective|Trial 69 objective:|0.5625958084858501
2023-06-17 03:36:04,552|INFO|nn.computeOptunaObjective|Trial 70 params:|{'n_layers': 4, 'architecture': 'top', 'lr': 0.0001, 'n_epochs': 200}
2023-06-17 03:36:04,552|INFO|nn.computeOptunaObjective|Trial 70 balacc:|[0.6858769624688363, 0.7399490721233994, 0.7507680491551458, 0.7576638477801269, 0.7909090909090909, 0.7623049219687875, 0.6315335656378893, 0.565934514574998, 0.6986356126419015, 0.6660847360466935, 0.73497841208923, 0.7170114942528736, 0.67835941716136, 0.7657766990291262, 0.710259876821391, 0.7516604010025063]
2023-06-17 03:36:04,552|INFO|nn.computeOptunaObjective|Trial 70 rocauc:|[0.8259517552725557, 0.8437137047282319, 0.8228878648233486, 0.851215644820296, 0.8439393939393939, 0.8031212484993997, 0.7917792632626939, 0.757634522740263, 0.8368464531258327, 0.8512038146854969, 0.8599784120892301, 0.8818390804597701, 0.8121064939737362, 0.9083063646170442, 0.8462735251829439, 0.8570264948084496]
2023-06-17 03:36:04,552|INFO|nn.computeOptunaObjective|Trial 70 timings:|15.445420499999955
2023-06-17 03:36:04,552|INFO|nn.computeOptunaObjective|Trial 70 objective:|0.7129816671039598
2023-06-17 03:36:12,167|INFO|nn.computeOptunaObjective|Trial 71 params:|{'n_layers': 2, 'architecture': 'inner', 'lr': 0.0001, 'n_epochs': 100}
2023-06-17 03:36:12,167|INFO|nn.computeOptunaObjective|Trial 71 balacc:|[0.5, 0.5, 0.5, 0.5, 0.5, 0.5, 0.5, 0.5, 0.5, 0.5, 0.5, 0.5, 0.5, 0.5, 0.5, 0.5]
2023-06-17 03:36:12,167|INFO|nn.computeOptunaObjective|Trial 71 rocauc:|[0.6401691260696719, 0.6430615347976625, 0.6089093701996928, 0.6466701902748415, 0.6348484848484849, 0.5834333733493398, 0.6760773716398805, 0.6132522250347023, 0.6136678569525129, 0.6307650216269738, 0.7136003837850803, 0.6708045977011494, 0.609911854650117, 0.6168644372527868, 0.6592909719092683, 0.6535893304690297]
2023-06-17 03:36:12,167|INFO|nn.computeOptunaObjective|Trial 71 timings:|7.602569600000038
2023-06-17 03:36:12,167|INFO|nn.computeOptunaObjective|Trial 71 objective:|0.5
2023-06-17 03:36:19,985|INFO|nn.computeOptunaObjective|Trial 72 params:|{'n_layers': 2, 'architecture': 'top', 'lr': 0.0001, 'n_epochs': 100}
2023-06-17 03:36:19,985|INFO|nn.computeOptunaObjective|Trial 72 balacc:|[0.5, 0.5056002344880649, 0.5, 0.5, 0.5, 0.5, 0.5, 0.5, 0.5, 0.5, 0.5, 0.5, 0.5, 0.5, 0.5, 0.5069235588972432]
2023-06-17 03:36:19,985|INFO|nn.computeOptunaObjective|Trial 72 rocauc:|[0.6601003975473352, 0.6708960008793302, 0.6643625192012289, 0.7003171247357293, 0.6499999999999999, 0.6206482593037215, 0.6891622813255582, 0.6209275740997795, 0.6645925491659116, 0.6748006670488301, 0.7645118733509234, 0.7577586206896553, 0.6361305990286023, 0.6641495864796836, 0.7069958582802207, 0.7138068385248836]
2023-06-17 03:36:19,985|INFO|nn.computeOptunaObjective|Trial 72 timings:|7.825558999999998
2023-06-17 03:36:19,985|INFO|nn.computeOptunaObjective|Trial 72 objective:|0.5007827370865818
2023-06-17 03:36:35,583|INFO|nn.computeOptunaObjective|Trial 73 params:|{'n_layers': 4, 'architecture': 'inner', 'lr': 0.0001, 'n_epochs': 200}
2023-06-17 03:36:35,583|INFO|nn.computeOptunaObjective|Trial 73 balacc:|[0.683572535543427, 0.7060307399197612, 0.6944700460829493, 0.7378435517970401, 0.7765151515151515, 0.7430972388955582, 0.5, 0.5583816444843636, 0.7253903959921122, 0.6491479493459795, 0.7162089230031183, 0.6812643678160919, 0.67835941716136, 0.7241100323624595, 0.7110002360565677, 0.7257205513784462]
2023-06-17 03:36:35,583|INFO|nn.computeOptunaObjective|Trial 73 rocauc:|[0.7891921029580216, 0.8041218605162401, 0.8225806451612903, 0.8432875264270613, 0.8393939393939394, 0.8163265306122449, 0.7586403072109229, 0.7400792030701395, 0.8271731599424398, 0.8370550836416697, 0.864595826337251, 0.8690804597701149, 0.7943874797625472, 0.8808881697231212, 0.8292860361810338, 0.8328097028285]
2023-06-17 03:36:35,583|INFO|nn.computeOptunaObjective|Trial 73 timings:|15.590911000000006
2023-06-17 03:36:35,583|INFO|nn.computeOptunaObjective|Trial 73 objective:|0.6881945488346493
2023-06-17 03:36:43,291|INFO|nn.computeOptunaObjective|Trial 74 params:|{'n_layers': 3, 'architecture': 'linear', 'lr': 0.001, 'n_epochs': 100}
2023-06-17 03:36:43,291|INFO|nn.computeOptunaObjective|Trial 74 balacc:|[0.7257058149720369, 0.7540183560188323, 0.7480798771121351, 0.763477801268499, 0.8159090909090909, 0.7430972388955582, 0.6744328687242214, 0.6770229443945456, 0.6938789106219687, 0.6838423054875189, 0.7450227872391461, 0.7327586206896552, 0.7108292858427775, 0.7861380798274002, 0.7306680400866972, 0.7580200501253134]
2023-06-17 03:36:43,291|INFO|nn.computeOptunaObjective|Trial 74 rocauc:|[0.8379590324102149, 0.8485866598274314, 0.8284178187403993, 0.8633720930232558, 0.8765151515151516, 0.8211284513805522, 0.8171668325984923, 0.7741895974524374, 0.8568059478761392, 0.8680624316014383, 0.8550611657471815, 0.8975862068965517, 0.8212808059003418, 0.9174757281553397, 0.8519560505590248, 0.8709004654493377]
2023-06-17 03:36:43,291|INFO|nn.computeOptunaObjective|Trial 74 timings:|7.690272400000026
2023-06-17 03:36:43,291|INFO|nn.computeOptunaObjective|Trial 74 objective:|0.7339313795134623
2023-06-17 03:36:58,411|INFO|nn.computeOptunaObjective|Trial 75 params:|{'n_layers': 3, 'architecture': 'bottom', 'lr': 0.001, 'n_epochs': 200}
2023-06-17 03:36:58,427|INFO|nn.computeOptunaObjective|Trial 75 balacc:|[0.7363755811602992, 0.7405884184879183, 0.7292626728110598, 0.7378435517970401, 0.8075757575757576, 0.7815126050420168, 0.7131186886644858, 0.7453049726463623, 0.7023796834194957, 0.6790088071290843, 0.6900335811945311, 0.7670689655172414, 0.731651376146789, 0.7583603020496225, 0.730391210111805, 0.7633458646616541]
2023-06-17 03:36:58,427|INFO|nn.computeOptunaObjective|Trial 75 rocauc:|[0.8209015564988881, 0.8357905728470149, 0.8110599078341014, 0.8446088794926004, 0.8568181818181818, 0.7791116446578631, 0.8294339354288152, 0.7782926430962686, 0.8488647870809571, 0.8493798530408047, 0.8592588150635644, 0.8891379310344828, 0.8094081669364993, 0.9153182308522114, 0.8583682053262945, 0.8733843537414966]
2023-06-17 03:36:58,427|INFO|nn.computeOptunaObjective|Trial 75 timings:|15.126397899999915
2023-06-17 03:36:58,427|INFO|nn.computeOptunaObjective|Trial 75 objective:|0.7383638774009478
2023-06-17 03:37:05,852|INFO|nn.computeOptunaObjective|Trial 76 params:|{'n_layers': 2, 'architecture': 'bottom', 'lr': 0.0001, 'n_epochs': 100}
2023-06-17 03:37:05,852|INFO|nn.computeOptunaObjective|Trial 76 balacc:|[0.5, 0.5, 0.5, 0.5, 0.5, 0.5, 0.5, 0.5, 0.5, 0.5, 0.5, 0.5, 0.5, 0.5, 0.5, 0.5]
2023-06-17 03:37:05,852|INFO|nn.computeOptunaObjective|Trial 76 rocauc:|[0.5911697324978101, 0.595156355908916, 0.5466973886328725, 0.5922304439746301, 0.5590909090909091, 0.5006002400960383, 0.6455340634333666, 0.6049644810974115, 0.5293529819325268, 0.5638516858616917, 0.5909690573278964, 0.5639655172413793, 0.5685375067458176, 0.552319309600863, 0.5990901092298118, 0.5642051557465092]
2023-06-17 03:37:05,852|INFO|nn.computeOptunaObjective|Trial 76 timings:|7.4255584
2023-06-17 03:37:05,852|INFO|nn.computeOptunaObjective|Trial 76 objective:|0.5
2023-06-17 03:37:13,427|INFO|nn.computeOptunaObjective|Trial 77 params:|{'n_layers': 4, 'architecture': 'outer', 'lr': 0.0001, 'n_epochs': 100}
2023-06-17 03:37:13,427|INFO|nn.computeOptunaObjective|Trial 77 balacc:|[0.5, 0.5, 0.5, 0.5, 0.5, 0.5, 0.5, 0.5, 0.5, 0.5, 0.5, 0.5, 0.5, 0.5, 0.5, 0.5]
2023-06-17 03:37:13,427|INFO|nn.computeOptunaObjective|Trial 77 rocauc:|[0.6586045414729466, 0.6661073149284629, 0.6500768049155146, 0.7204016913319239, 0.6295454545454546, 0.6002400960384153, 0.6873311051059593, 0.6203355923899732, 0.7010739220806907, 0.7004664130491427, 0.791676661069801, 0.7614942528735632, 0.6470588235294118, 0.6916576770945703, 0.7045022425373935, 0.7053705692803436]
2023-06-17 03:37:13,427|INFO|nn.computeOptunaObjective|Trial 77 timings:|7.562859899999921
2023-06-17 03:37:13,427|INFO|nn.computeOptunaObjective|Trial 77 objective:|0.5
2023-06-17 03:37:28,172|INFO|nn.computeOptunaObjective|Trial 78 params:|{'n_layers': 2, 'architecture': 'linear', 'lr': 0.001, 'n_epochs': 200}
2023-06-17 03:37:28,172|INFO|nn.computeOptunaObjective|Trial 78 balacc:|[0.7276025874267233, 0.7397695421986921, 0.7122887864823348, 0.6556553911205074, 0.7848484848484849, 0.6650660264105642, 0.7391373915516997, 0.7295664244304727, 0.685138304109151, 0.6798165615717338, 0.7307207963540417, 0.7413793103448276, 0.7301223241590213, 0.770631067961165, 0.7085924590656452, 0.7645363408521304]
2023-06-17 03:37:28,172|INFO|nn.computeOptunaObjective|Trial 78 rocauc:|[0.8199481167037261, 0.8356861523806034, 0.804531490015361, 0.831923890063425, 0.8378787878787879, 0.7454981992797118, 0.8359675010667046, 0.7829876704499061, 0.8616026221819538, 0.8590207931627495, 0.8806668265771168, 0.9073563218390804, 0.8056305090843676, 0.9093851132686084, 0.8597759608575292, 0.880500358037952]
2023-06-17 03:37:28,172|INFO|nn.computeOptunaObjective|Trial 78 timings:|14.744803499999989
2023-06-17 03:37:28,172|INFO|nn.computeOptunaObjective|Trial 78 objective:|0.7228044874304497
2023-06-17 03:37:40,043|INFO|nn.computeOptunaObjective|Trial 79 params:|{'n_layers': 3, 'architecture': 'top', 'lr': 0.0001, 'n_epochs': 150}
2023-06-17 03:37:40,043|INFO|nn.computeOptunaObjective|Trial 79 balacc:|[0.5999562024122364, 0.6212504808837269, 0.5927803379416283, 0.5850951374207188, 0.7166666666666667, 0.6854741896758703, 0.5, 0.5, 0.5321643660395459, 0.5653108551774454, 0.6786699448308947, 0.6341954022988505, 0.546591113509624, 0.5800970873786407, 0.6257215820081976, 0.66296992481203]
2023-06-17 03:37:40,043|INFO|nn.computeOptunaObjective|Trial 79 rocauc:|[0.7626541338184759, 0.7754227196951654, 0.8176651305683563, 0.8393234672304439, 0.8196969696969697, 0.8043217286914766, 0.7450398236381737, 0.7137258104025476, 0.8064675158556733, 0.8251472197613215, 0.8726912928759896, 0.8666091954022989, 0.7748695808598669, 0.8473570658036678, 0.8046374385716433, 0.8250537056928033]
2023-06-17 03:37:40,043|INFO|nn.computeOptunaObjective|Trial 79 timings:|11.855133699999897
2023-06-17 03:37:40,043|INFO|nn.computeOptunaObjective|Trial 79 objective:|0.6016839556910047
2023-06-17 03:37:55,210|INFO|nn.computeOptunaObjective|Trial 80 params:|{'n_layers': 3, 'architecture': 'outer', 'lr': 0.001, 'n_epochs': 200}
2023-06-17 03:37:55,210|INFO|nn.computeOptunaObjective|Trial 80 balacc:|[0.7257058149720369, 0.7577536776155496, 0.7623655913978494, 0.7547568710359408, 0.8075757575757576, 0.6920768307322929, 0.7110030578865026, 0.7137462235649548, 0.7094547780205724, 0.7088436083172651, 0.7381266490765171, 0.755632183908046, 0.7301223241590213, 0.8000269687162891, 0.719197836863452, 0.7521616541353383]
2023-06-17 03:37:55,210|INFO|nn.computeOptunaObjective|Trial 80 rocauc:|[0.8361144801563236, 0.849810394416253, 0.8168970814132105, 0.8483086680761099, 0.8401515151515152, 0.729891956782713, 0.8268293983786091, 0.7739446395035519, 0.86345467142781, 0.8746286935223305, 0.8697229551451188, 0.8966666666666666, 0.8075643101277208, 0.9330276878820568, 0.8616794351810124, 0.8726391872538489]
2023-06-17 03:37:55,210|INFO|nn.computeOptunaObjective|Trial 80 timings:|15.173297000000048
2023-06-17 03:37:55,210|INFO|nn.computeOptunaObjective|Trial 80 objective:|0.7399093642485866
2023-06-17 03:38:06,948|INFO|nn.computeOptunaObjective|Trial 81 params:|{'n_layers': 4, 'architecture': 'outer', 'lr': 0.0001, 'n_epochs': 150}
2023-06-17 03:38:06,948|INFO|nn.computeOptunaObjective|Trial 81 balacc:|[0.5049019607843137, 0.5, 0.5, 0.49709302325581395, 0.5825757575757575, 0.5588235294117647, 0.5084447447020338, 0.5007144606842492, 0.5141501892021532, 0.5, 0.5327716478771888, 0.5, 0.5, 0.5122707659115426, 0.5116569025086375, 0.5516290726817042]
2023-06-17 03:38:06,948|INFO|nn.computeOptunaObjective|Trial 81 rocauc:|[0.7291018125463243, 0.7429571143312511, 0.7887864823348694, 0.8395877378435518, 0.7757575757575758, 0.8079231692677072, 0.7245946522543024, 0.6833101984159387, 0.7951686830464212, 0.7913518161446663, 0.8674742144399137, 0.8386781609195403, 0.7427594891167475, 0.8022294138798993, 0.7831176634691731, 0.7884890798424633]
2023-06-17 03:38:06,948|INFO|nn.computeOptunaObjective|Trial 81 timings:|11.722038899999916
2023-06-17 03:38:06,948|INFO|nn.computeOptunaObjective|Trial 81 objective:|0.5171895034121974
2023-06-17 03:38:21,701|INFO|nn.computeOptunaObjective|Trial 82 params:|{'n_layers': 2, 'architecture': 'bottom', 'lr': 0.0001, 'n_epochs': 200}
2023-06-17 03:38:21,701|INFO|nn.computeOptunaObjective|Trial 82 balacc:|[0.5507512970824069, 0.5704838148277063, 0.5115975422427035, 0.49709302325581395, 0.6136363636363636, 0.5294117647058824, 0.5, 0.5, 0.5086206896551724, 0.5, 0.5655432957543776, 0.5485632183908046, 0.5, 0.5138888888888888, 0.5786926758084938, 0.6174812030075187]
2023-06-17 03:38:21,701|INFO|nn.computeOptunaObjective|Trial 82 rocauc:|[0.6928239336971902, 0.7029219411215124, 0.7393241167434716, 0.7494714587737844, 0.6886363636363637, 0.7046818727490995, 0.716683259849239, 0.643259573773169, 0.7174892074828119, 0.7166736150919798, 0.8211201727032862, 0.7986206896551724, 0.6524554776038856, 0.7184466019417476, 0.7433657374621774, 0.7672842821339061]
2023-06-17 03:38:21,701|INFO|nn.computeOptunaObjective|Trial 82 timings:|14.750031799999988
2023-06-17 03:38:21,701|INFO|nn.computeOptunaObjective|Trial 82 objective:|0.5378602360785083
2023-06-17 03:38:33,329|INFO|nn.computeOptunaObjective|Trial 83 params:|{'n_layers': 4, 'architecture': 'inner', 'lr': 0.001, 'n_epochs': 150}
2023-06-17 03:38:33,329|INFO|nn.computeOptunaObjective|Trial 83 balacc:|[0.7041136042045685, 0.7646271090186308, 0.7569892473118279, 0.7687632135306555, 0.8075757575757576, 0.7611044417767108, 0.6413828047219456, 0.6154568465746714, 0.707256302297074, 0.7265620928657043, 0.7624730151115375, 0.7527011494252873, 0.7093002338550098, 0.7764293419633226, 0.7393570677482348, 0.7707393483709273]
2023-06-17 03:38:33,329|INFO|nn.computeOptunaObjective|Trial 83 rocauc:|[0.8384812344181658, 0.8547749464158133, 0.8329493087557603, 0.8522727272727273, 0.875, 0.773109243697479, 0.8063753377897881, 0.7849269208785826, 0.8455870596386506, 0.8562327375058627, 0.8514331974094508, 0.8854597701149426, 0.8206511962583198, 0.9105537576411362, 0.8572995128650829, 0.8615646258503401]
2023-06-17 03:38:33,329|INFO|nn.computeOptunaObjective|Trial 83 timings:|11.61114699999996
2023-06-17 03:38:33,329|INFO|nn.computeOptunaObjective|Trial 83 objective:|0.7353019735219917
2023-06-17 03:38:40,639|INFO|nn.computeOptunaObjective|Trial 84 params:|{'n_layers': 3, 'architecture': 'bottom', 'lr': 0.0001, 'n_epochs': 100}
2023-06-17 03:38:40,639|INFO|nn.computeOptunaObjective|Trial 84 balacc:|[0.5, 0.5, 0.5, 0.5, 0.5, 0.5, 0.5, 0.5, 0.5, 0.5, 0.5, 0.5, 0.5, 0.5, 0.5, 0.4994047619047619]
2023-06-17 03:38:40,639|INFO|nn.computeOptunaObjective|Trial 84 rocauc:|[0.5632201334141904, 0.5734368988953414, 0.53963133640553, 0.5824524312896405, 0.5371212121212121, 0.4849939975990396, 0.6362003982363817, 0.5991467298113824, 0.5160288866385973, 0.5487909739955182, 0.5619453106260495, 0.5286781609195402, 0.557114588954848, 0.5344300611290903, 0.5681173415738535, 0.5434210526315788]
2023-06-17 03:38:40,639|INFO|nn.computeOptunaObjective|Trial 84 timings:|7.302327900000023
2023-06-17 03:38:40,639|INFO|nn.computeOptunaObjective|Trial 84 objective:|0.4999627976190476
2023-06-17 03:38:48,501|INFO|nn.computeOptunaObjective|Trial 85 params:|{'n_layers': 4, 'architecture': 'linear', 'lr': 0.001, 'n_epochs': 100}
2023-06-17 03:38:48,501|INFO|nn.computeOptunaObjective|Trial 85 balacc:|[0.702314534061047, 0.7711836151464635, 0.7427035330261136, 0.7547568710359408, 0.7825757575757575, 0.7521008403361344, 0.5428993030863319, 0.5996774720339675, 0.726935991046208, 0.708817551722341, 0.7965639242024466, 0.751264367816092, 0.7178899082568808, 0.8287486515641855, 0.7345629734543659, 0.7716165413533835]
2023-06-17 03:38:48,501|INFO|nn.computeOptunaObjective|Trial 85 rocauc:|[0.8332086786604677, 0.8515653910271677, 0.8193548387096774, 0.8509513742071881, 0.878030303030303, 0.8199279711884754, 0.7832634049210638, 0.775822650445007, 0.8496375846080051, 0.8523763614570847, 0.8619573039098106, 0.8898850574712645, 0.8183126461593812, 0.9179252067601582, 0.8532479237751881, 0.849780701754386]
2023-06-17 03:38:48,501|INFO|nn.computeOptunaObjective|Trial 85 timings:|7.8679912999999715
2023-06-17 03:38:48,501|INFO|nn.computeOptunaObjective|Trial 85 objective:|0.7302882397323538
2023-06-17 03:38:59,873|INFO|nn.computeOptunaObjective|Trial 86 params:|{'n_layers': 3, 'architecture': 'linear', 'lr': 0.001, 'n_epochs': 150}
2023-06-17 03:38:59,873|INFO|nn.computeOptunaObjective|Trial 86 balacc:|[0.7227781146822991, 0.7610768131606427, 0.7221966205837174, 0.8258456659619451, 0.8075757575757576, 0.702280912364946, 0.7053761911534633, 0.730280885114722, 0.7103474924052656, 0.6975480744176351, 0.7088030702806428, 0.7485057471264368, 0.7093002338550098, 0.8213322545846817, 0.7186098414129058, 0.7555451127819549]
2023-06-17 03:38:59,873|INFO|nn.computeOptunaObjective|Trial 86 rocauc:|[0.8365002358331649, 0.8522138970817228, 0.8305683563748079, 0.8706395348837208, 0.8590909090909091, 0.771908763505402, 0.820544730479306, 0.7832938678860129, 0.8541677770079412, 0.8718927510552921, 0.8657351882945551, 0.9090229885057471, 0.808868501529052, 0.9137900035958287, 0.8599347625485524, 0.8788377192982457]
2023-06-17 03:38:59,873|INFO|nn.computeOptunaObjective|Trial 86 timings:|11.359480300000087
2023-06-17 03:38:59,873|INFO|nn.computeOptunaObjective|Trial 86 objective:|0.7404626742163767
2023-06-17 03:39:07,495|INFO|nn.computeOptunaObjective|Trial 87 params:|{'n_layers': 4, 'architecture': 'inner', 'lr': 0.0001, 'n_epochs': 100}
2023-06-17 03:39:07,495|INFO|nn.computeOptunaObjective|Trial 87 balacc:|[0.5, 0.5, 0.5, 0.5, 0.5, 0.5, 0.5, 0.5, 0.5, 0.5, 0.5, 0.5, 0.5, 0.5, 0.5, 0.5]
2023-06-17 03:39:07,495|INFO|nn.computeOptunaObjective|Trial 87 rocauc:|[0.6748500774880398, 0.6850788649312108, 0.6815668202764977, 0.7463002114164905, 0.6310606060606061, 0.6302521008403361, 0.6929135258142511, 0.6289499469257778, 0.7301470980120449, 0.7278518943144511, 0.8202806428400096, 0.8016091954022988, 0.6645080050368771, 0.7331895001797915, 0.7281722783750726, 0.7335257787325455]
2023-06-17 03:39:07,495|INFO|nn.computeOptunaObjective|Trial 87 timings:|7.612211800000068
2023-06-17 03:39:07,495|INFO|nn.computeOptunaObjective|Trial 87 objective:|0.5
2023-06-17 03:39:22,359|INFO|nn.computeOptunaObjective|Trial 88 params:|{'n_layers': 4, 'architecture': 'bottom', 'lr': 0.0001, 'n_epochs': 200}
2023-06-17 03:39:22,359|INFO|nn.computeOptunaObjective|Trial 88 balacc:|[0.5627147766323024, 0.5, 0.5, 0.5, 0.6113636363636363, 0.5588235294117647, 0.5, 0.5, 0.5447689601876032, 0.5, 0.5790357399856081, 0.5, 0.5, 0.5, 0.5688898903409945, 0.6262844611528822]
2023-06-17 03:39:22,359|INFO|nn.computeOptunaObjective|Trial 88 rocauc:|[0.6957213125800149, 0.6979830362540532, 0.7450076804915514, 0.8036469344608879, 0.7045454545454546, 0.7923169267707082, 0.7131986915090314, 0.6462398954846086, 0.7465890316047541, 0.7341315336911772, 0.8272967138402495, 0.7918390804597701, 0.6666666666666666, 0.7357065803667745, 0.7450653447498873, 0.7652837450769783]
2023-06-17 03:39:22,359|INFO|nn.computeOptunaObjective|Trial 88 timings:|14.856714699999998
2023-06-17 03:39:22,359|INFO|nn.computeOptunaObjective|Trial 88 objective:|0.5344925621296744
2023-06-17 03:39:33,721|INFO|nn.computeOptunaObjective|Trial 89 params:|{'n_layers': 4, 'architecture': 'outer', 'lr': 0.001, 'n_epochs': 150}
2023-06-17 03:39:33,721|INFO|nn.computeOptunaObjective|Trial 89 balacc:|[0.7338757496125599, 0.7806089361935992, 0.7712749615975423, 0.7547568710359408, 0.8075757575757576, 0.7713085234093637, 0.6997493244204238, 0.6875153098718054, 0.708029099824122, 0.6838292771900568, 0.7437035260254257, 0.7370114942528736, 0.6930652995143012, 0.7796655879180151, 0.7327088564132278, 0.7620614035087719]
2023-06-17 03:39:33,721|INFO|nn.computeOptunaObjective|Trial 89 rocauc:|[0.8407418637558116, 0.8517156099437596, 0.8363287250384025, 0.8611257928118392, 0.8871212121212121, 0.7773109243697479, 0.8173268382875836, 0.782273209765657, 0.8458535415445291, 0.8594898118713846, 0.8533521228112256, 0.8931034482758621, 0.813815434430653, 0.9158576051779935, 0.8524238717569046, 0.8679242749731472]
2023-06-17 03:39:33,721|INFO|nn.computeOptunaObjective|Trial 89 timings:|11.362452700000176
2023-06-17 03:39:33,721|INFO|nn.computeOptunaObjective|Trial 89 objective:|0.7404212486477367
2023-06-17 03:39:33,737|INFO|mtg.runMTGExperiment|Best trial number:|2
2023-06-17 03:39:33,737|INFO|mtg.runMTGExperiment|Best trial objective:|0.7438734859482146
2023-06-17 03:39:33,737|INFO|mtg.runMTGExperiment|Best trial params:|{'n_layers': 3, 'architecture': 'outer', 'lr': 0.001, 'n_epochs': 100}
2023-06-17 03:39:33,784|INFO|nn.loadModellingDataset|Trainval descriptors loaded (features, instances):|1024|7438
2023-06-17 03:39:33,784|INFO|nn.loadModellingDataset|Trainval endpoints loaded (tasks, instances):|16|7438
2023-06-17 03:39:33,784|INFO|nn.loadModellingDataset|Test descriptors loaded (features, instances):|1024|827
2023-06-17 03:39:33,784|INFO|nn.loadModellingDataset|Test endpoints loaded (tasks, instances):|16|827
2023-06-17 03:39:33,784|INFO|mtg.runMTGExperiment|Final neural network hyperparams:|{'n_layers': 3, 'architecture': 'outer', 'lr': 0.001, 'n_epochs': 100, 'best_trial_num': 2}
2023-06-17 03:39:41,878|INFO|nn.testFinalModel|Final model test balacc:|[0.7543604651162791, 0.7329261708732622, 0.7266779231743352, 0.6895604395604396, 0.8138888888888889, 0.78125, 0.6790502793296089, 0.5856413994169096, 0.6781585466556564, 0.6521483719368916, 0.6197916666666666, 0.7240530303030304, 0.7490048651039363, 0.7477611940298508, 0.7308840864440078, 0.7906055900621118]
2023-06-17 03:39:41,878|INFO|nn.testFinalModel|Final model test rocauc:|[0.8303617571059432, 0.8153681333513294, 0.8159560996200929, 0.8483516483516483, 0.8222222222222222, 0.890625, 0.8215083798882682, 0.7558309037900874, 0.8715937241948802, 0.8115139308492783, 0.8324652777777778, 0.8125, 0.7425917735515257, 0.8186567164179105, 0.8162180746561886, 0.8563858695652173]
2023-06-17 03:39:41,893|INFO|mtg.runMTGExperiment|Mechanistic task grouping experiment timing:|1043.3835722000001
2023-06-17 03:39:41,893|INFO|mtg.runMTGExperiment|DONE
