2022-12-16 01:47:26,475|INFO|__main__.startLogging|>>>> START LOGGING A GMTAMES EXPERIMENT
2022-12-16 01:47:26,475|INFO|__main__.startLogging|mode:|mtg
2022-12-16 01:47:26,475|INFO|__main__.startLogging|tasks:|TA1537
2022-12-16 01:47:26,475|INFO|__main__.startLogging|output:|mtg_experiment
2022-12-16 01:47:26,475|INFO|__main__.startLogging|device:|titanv
2022-12-16 01:47:26,475|INFO|__main__.startLogging|DONE
2022-12-16 01:47:26,475|INFO|mtg.runMTGExperiment|>>>> RUNNING MECHANISTIC TASK GROUPING EXPERIMENT
2022-12-16 01:47:26,475|INFO|data.generateModellingDatasets|>>>> GENERATING MODELLING DATASETS
2022-12-16 01:47:26,483|INFO|data.generateModellingDatasets|Task list parsed:|['TA1537']
2022-12-16 01:47:26,946|INFO|data.generateModellingDatasets|Modelling train dataset generated: (rows, columns)|2536|1026
2022-12-16 01:47:26,950|INFO|data.generateModellingDatasets|Modelling val dataset generated: (rows, columns)|705|1026
2022-12-16 01:47:27,039|INFO|data.generateModellingDatasets|Modelling trainval dataset generated: (rows, columns)|3241|1026
2022-12-16 01:47:27,048|INFO|data.generateModellingDatasets|Modelling test dataset generated: (rows, columns)|282|1026
2022-12-16 01:47:27,048|INFO|data.generateModellingDatasets|Modelling datasets generation timing:|0.5657076999999999
2022-12-16 01:47:27,048|INFO|data.generateModellingDatasets|DONE
2022-12-16 01:47:27,049|INFO|mtg.runMTGExperiment|Device confirmed:|cuda:0
2022-12-16 01:47:28,140|INFO|nn.loadModellingDataset|Train descriptors loaded (features, instances):|1024|2536
2022-12-16 01:47:28,140|INFO|nn.loadModellingDataset|Train endpoints loaded (tasks, instances):|1|2536
2022-12-16 01:47:28,140|INFO|nn.loadModellingDataset|Val descriptors loaded (features, instances):|1024|705
2022-12-16 01:47:28,140|INFO|nn.loadModellingDataset|Val endpoints loaded (tasks, instances):|1|705
2022-12-16 01:47:32,344|INFO|nn.computeOptunaObjective|Trial 0 params:|{'n_layers': 2, 'architecture': 'top', 'lr': 0.001, 'n_epochs': 200}
2022-12-16 01:47:32,344|INFO|nn.computeOptunaObjective|Trial 0 balacc:|[0.6175984650642221]
2022-12-16 01:47:32,344|INFO|nn.computeOptunaObjective|Trial 0 rocauc:|[0.731652720780259]
2022-12-16 01:47:32,344|INFO|nn.computeOptunaObjective|Trial 0 timings:|4.2007140000000005
2022-12-16 01:47:32,344|INFO|nn.computeOptunaObjective|Trial 0 objective:|0.6175984650642221
2022-12-16 01:47:34,423|INFO|nn.computeOptunaObjective|Trial 1 params:|{'n_layers': 4, 'architecture': 'top', 'lr': 0.001, 'n_epochs': 100}
2022-12-16 01:47:34,423|INFO|nn.computeOptunaObjective|Trial 1 balacc:|[0.6003570857538774]
2022-12-16 01:47:34,423|INFO|nn.computeOptunaObjective|Trial 1 rocauc:|[0.7444438522624314]
2022-12-16 01:47:34,423|INFO|nn.computeOptunaObjective|Trial 1 timings:|2.0783769999999997
2022-12-16 01:47:34,423|INFO|nn.computeOptunaObjective|Trial 1 objective:|0.6003570857538774
2022-12-16 01:47:36,313|INFO|nn.computeOptunaObjective|Trial 2 params:|{'n_layers': 3, 'architecture': 'outer', 'lr': 0.001, 'n_epochs': 100}
2022-12-16 01:47:36,313|INFO|nn.computeOptunaObjective|Trial 2 balacc:|[0.6175984650642221]
2022-12-16 01:47:36,313|INFO|nn.computeOptunaObjective|Trial 2 rocauc:|[0.7398603634813197]
2022-12-16 01:47:36,313|INFO|nn.computeOptunaObjective|Trial 2 timings:|1.8763959999999997
2022-12-16 01:47:36,313|INFO|nn.computeOptunaObjective|Trial 2 objective:|0.6175984650642221
2022-12-16 01:47:38,232|INFO|nn.computeOptunaObjective|Trial 3 params:|{'n_layers': 4, 'architecture': 'bottom', 'lr': 0.0001, 'n_epochs': 100}
2022-12-16 01:47:38,232|INFO|nn.computeOptunaObjective|Trial 3 balacc:|[0.5]
2022-12-16 01:47:38,232|INFO|nn.computeOptunaObjective|Trial 3 rocauc:|[0.579624793476523]
2022-12-16 01:47:38,232|INFO|nn.computeOptunaObjective|Trial 3 timings:|1.9191385000000007
2022-12-16 01:47:38,232|INFO|nn.computeOptunaObjective|Trial 3 objective:|0.5
2022-12-16 01:47:40,936|INFO|nn.computeOptunaObjective|Trial 4 params:|{'n_layers': 2, 'architecture': 'bottom', 'lr': 0.001, 'n_epochs': 150}
2022-12-16 01:47:40,936|INFO|nn.computeOptunaObjective|Trial 4 balacc:|[0.6089777754090497]
2022-12-16 01:47:40,936|INFO|nn.computeOptunaObjective|Trial 4 rocauc:|[0.7202206470180675]
2022-12-16 01:47:40,936|INFO|nn.computeOptunaObjective|Trial 4 timings:|2.7045186
2022-12-16 01:47:40,936|INFO|nn.computeOptunaObjective|Trial 4 objective:|0.6089777754090497
2022-12-16 01:47:44,775|INFO|nn.computeOptunaObjective|Trial 5 params:|{'n_layers': 3, 'architecture': 'outer', 'lr': 0.0001, 'n_epochs': 200}
2022-12-16 01:47:44,775|INFO|nn.computeOptunaObjective|Trial 5 balacc:|[0.5509513404039866]
2022-12-16 01:47:44,775|INFO|nn.computeOptunaObjective|Trial 5 rocauc:|[0.731626072589671]
2022-12-16 01:47:44,775|INFO|nn.computeOptunaObjective|Trial 5 timings:|3.8331480000000013
2022-12-16 01:47:44,775|INFO|nn.computeOptunaObjective|Trial 5 objective:|0.5509513404039866
2022-12-16 01:47:46,854|INFO|nn.computeOptunaObjective|Trial 6 params:|{'n_layers': 4, 'architecture': 'top', 'lr': 0.0001, 'n_epochs': 100}
2022-12-16 01:47:46,854|INFO|nn.computeOptunaObjective|Trial 6 balacc:|[0.5]
2022-12-16 01:47:46,854|INFO|nn.computeOptunaObjective|Trial 6 rocauc:|[0.750572936097639]
2022-12-16 01:47:46,854|INFO|nn.computeOptunaObjective|Trial 6 timings:|2.0771431999999983
2022-12-16 01:47:46,854|INFO|nn.computeOptunaObjective|Trial 6 objective:|0.5
2022-12-16 01:47:48,780|INFO|nn.computeOptunaObjective|Trial 7 params:|{'n_layers': 3, 'architecture': 'bottom', 'lr': 0.001, 'n_epochs': 100}
2022-12-16 01:47:48,780|INFO|nn.computeOptunaObjective|Trial 7 balacc:|[0.6089777754090497]
2022-12-16 01:47:48,780|INFO|nn.computeOptunaObjective|Trial 7 rocauc:|[0.738474657570751]
2022-12-16 01:47:48,780|INFO|nn.computeOptunaObjective|Trial 7 timings:|1.9352464000000005
2022-12-16 01:47:48,780|INFO|nn.computeOptunaObjective|Trial 7 objective:|0.6089777754090497
2022-12-16 01:47:50,767|INFO|nn.computeOptunaObjective|Trial 8 params:|{'n_layers': 3, 'architecture': 'linear', 'lr': 0.0001, 'n_epochs': 100}
2022-12-16 01:47:50,767|INFO|nn.computeOptunaObjective|Trial 8 balacc:|[0.5]
2022-12-16 01:47:50,767|INFO|nn.computeOptunaObjective|Trial 8 rocauc:|[0.7212066300698182]
2022-12-16 01:47:50,767|INFO|nn.computeOptunaObjective|Trial 8 timings:|1.9729023999999988
2022-12-16 01:47:50,767|INFO|nn.computeOptunaObjective|Trial 8 objective:|0.5
2022-12-16 01:47:53,644|INFO|nn.computeOptunaObjective|Trial 9 params:|{'n_layers': 2, 'architecture': 'bottom', 'lr': 0.0001, 'n_epochs': 150}
2022-12-16 01:47:53,644|INFO|nn.computeOptunaObjective|Trial 9 balacc:|[0.4992272024729521]
2022-12-16 01:47:53,644|INFO|nn.computeOptunaObjective|Trial 9 rocauc:|[0.6848318499173905]
2022-12-16 01:47:53,644|INFO|nn.computeOptunaObjective|Trial 9 timings:|2.8857336999999994
2022-12-16 01:47:53,644|INFO|nn.computeOptunaObjective|Trial 9 objective:|0.4992272024729521
2022-12-16 01:47:57,749|INFO|nn.computeOptunaObjective|Trial 10 params:|{'n_layers': 2, 'architecture': 'bottom', 'lr': 0.001, 'n_epochs': 200}
2022-12-16 01:47:57,749|INFO|nn.computeOptunaObjective|Trial 10 balacc:|[0.6168256675371743]
2022-12-16 01:47:57,749|INFO|nn.computeOptunaObjective|Trial 10 rocauc:|[0.7204338325427704]
2022-12-16 01:47:57,749|INFO|nn.computeOptunaObjective|Trial 10 timings:|4.101140800000003
2022-12-16 01:47:57,749|INFO|nn.computeOptunaObjective|Trial 10 objective:|0.6168256675371743
2022-12-16 01:48:01,012|INFO|nn.computeOptunaObjective|Trial 11 params:|{'n_layers': 4, 'architecture': 'linear', 'lr': 0.001, 'n_epochs': 150}
2022-12-16 01:48:01,028|INFO|nn.computeOptunaObjective|Trial 11 balacc:|[0.6183712625912701]
2022-12-16 01:48:01,028|INFO|nn.computeOptunaObjective|Trial 11 rocauc:|[0.7456696690294728]
2022-12-16 01:48:01,028|INFO|nn.computeOptunaObjective|Trial 11 timings:|3.2678213000000014
2022-12-16 01:48:01,028|INFO|nn.computeOptunaObjective|Trial 11 objective:|0.6183712625912701
2022-12-16 01:48:05,005|INFO|nn.computeOptunaObjective|Trial 12 params:|{'n_layers': 2, 'architecture': 'outer', 'lr': 0.001, 'n_epochs': 200}
2022-12-16 01:48:05,005|INFO|nn.computeOptunaObjective|Trial 12 balacc:|[0.6175984650642221]
2022-12-16 01:48:05,005|INFO|nn.computeOptunaObjective|Trial 12 rocauc:|[0.72579011885093]
2022-12-16 01:48:05,005|INFO|nn.computeOptunaObjective|Trial 12 timings:|3.9848227000000023
2022-12-16 01:48:05,005|INFO|nn.computeOptunaObjective|Trial 12 objective:|0.6175984650642221
2022-12-16 01:48:09,042|INFO|nn.computeOptunaObjective|Trial 13 params:|{'n_layers': 2, 'architecture': 'inner', 'lr': 0.001, 'n_epochs': 200}
2022-12-16 01:48:09,042|INFO|nn.computeOptunaObjective|Trial 13 balacc:|[0.6089777754090497]
2022-12-16 01:48:09,042|INFO|nn.computeOptunaObjective|Trial 13 rocauc:|[0.7304269040132175]
2022-12-16 01:48:09,042|INFO|nn.computeOptunaObjective|Trial 13 timings:|4.0363134999999986
2022-12-16 01:48:09,042|INFO|nn.computeOptunaObjective|Trial 13 objective:|0.6089777754090497
2022-12-16 01:48:13,212|INFO|nn.computeOptunaObjective|Trial 14 params:|{'n_layers': 3, 'architecture': 'linear', 'lr': 0.0001, 'n_epochs': 200}
2022-12-16 01:48:13,212|INFO|nn.computeOptunaObjective|Trial 14 balacc:|[0.5509513404039866]
2022-12-16 01:48:13,212|INFO|nn.computeOptunaObjective|Trial 14 rocauc:|[0.7342642434578692]
2022-12-16 01:48:13,212|INFO|nn.computeOptunaObjective|Trial 14 timings:|4.161461000000003
2022-12-16 01:48:13,212|INFO|nn.computeOptunaObjective|Trial 14 objective:|0.5509513404039866
2022-12-16 01:48:16,352|INFO|nn.computeOptunaObjective|Trial 15 params:|{'n_layers': 3, 'architecture': 'outer', 'lr': 0.0001, 'n_epochs': 150}
2022-12-16 01:48:16,352|INFO|nn.computeOptunaObjective|Trial 15 balacc:|[0.4992272024729521]
2022-12-16 01:48:16,352|INFO|nn.computeOptunaObjective|Trial 15 rocauc:|[0.7382614720460481]
2022-12-16 01:48:16,352|INFO|nn.computeOptunaObjective|Trial 15 timings:|3.1318297000000044
2022-12-16 01:48:16,352|INFO|nn.computeOptunaObjective|Trial 15 objective:|0.4992272024729521
2022-12-16 01:48:19,282|INFO|nn.computeOptunaObjective|Trial 16 params:|{'n_layers': 2, 'architecture': 'inner', 'lr': 0.0001, 'n_epochs': 150}
2022-12-16 01:48:19,282|INFO|nn.computeOptunaObjective|Trial 16 balacc:|[0.5164685817832969]
2022-12-16 01:48:19,282|INFO|nn.computeOptunaObjective|Trial 16 rocauc:|[0.7198742205404254]
2022-12-16 01:48:19,282|INFO|nn.computeOptunaObjective|Trial 16 timings:|2.9282222000000004
2022-12-16 01:48:19,282|INFO|nn.computeOptunaObjective|Trial 16 objective:|0.5164685817832969
2022-12-16 01:48:22,248|INFO|nn.computeOptunaObjective|Trial 17 params:|{'n_layers': 2, 'architecture': 'linear', 'lr': 0.001, 'n_epochs': 150}
2022-12-16 01:48:22,248|INFO|nn.computeOptunaObjective|Trial 17 balacc:|[0.6003570857538774]
2022-12-16 01:48:22,248|INFO|nn.computeOptunaObjective|Trial 17 rocauc:|[0.7343441880296327]
2022-12-16 01:48:22,248|INFO|nn.computeOptunaObjective|Trial 17 timings:|2.970457699999997
2022-12-16 01:48:22,248|INFO|nn.computeOptunaObjective|Trial 17 objective:|0.6003570857538774
2022-12-16 01:48:26,499|INFO|nn.computeOptunaObjective|Trial 18 params:|{'n_layers': 4, 'architecture': 'linear', 'lr': 0.001, 'n_epochs': 200}
2022-12-16 01:48:26,499|INFO|nn.computeOptunaObjective|Trial 18 balacc:|[0.6175984650642221]
2022-12-16 01:48:26,499|INFO|nn.computeOptunaObjective|Trial 18 rocauc:|[0.7401135212919043]
2022-12-16 01:48:26,499|INFO|nn.computeOptunaObjective|Trial 18 timings:|4.240347700000001
2022-12-16 01:48:26,499|INFO|nn.computeOptunaObjective|Trial 18 objective:|0.6175984650642221
2022-12-16 01:48:28,614|INFO|nn.computeOptunaObjective|Trial 19 params:|{'n_layers': 3, 'architecture': 'top', 'lr': 0.001, 'n_epochs': 100}
2022-12-16 01:48:28,614|INFO|nn.computeOptunaObjective|Trial 19 balacc:|[0.6089777754090497]
2022-12-16 01:48:28,614|INFO|nn.computeOptunaObjective|Trial 19 rocauc:|[0.7491072856153067]
2022-12-16 01:48:28,614|INFO|nn.computeOptunaObjective|Trial 19 timings:|2.1235993999999963
2022-12-16 01:48:28,614|INFO|nn.computeOptunaObjective|Trial 19 objective:|0.6089777754090497
2022-12-16 01:48:32,800|INFO|nn.computeOptunaObjective|Trial 20 params:|{'n_layers': 3, 'architecture': 'top', 'lr': 0.0001, 'n_epochs': 200}
2022-12-16 01:48:32,801|INFO|nn.computeOptunaObjective|Trial 20 balacc:|[0.5831157064435325]
2022-12-16 01:48:32,801|INFO|nn.computeOptunaObjective|Trial 20 rocauc:|[0.7422853488248148]
2022-12-16 01:48:32,801|INFO|nn.computeOptunaObjective|Trial 20 timings:|4.172246700000002
2022-12-16 01:48:32,801|INFO|nn.computeOptunaObjective|Trial 20 objective:|0.5831157064435325
2022-12-16 01:48:35,784|INFO|nn.computeOptunaObjective|Trial 21 params:|{'n_layers': 3, 'architecture': 'outer', 'lr': 0.001, 'n_epochs': 150}
2022-12-16 01:48:35,784|INFO|nn.computeOptunaObjective|Trial 21 balacc:|[0.6175984650642221]
2022-12-16 01:48:35,784|INFO|nn.computeOptunaObjective|Trial 21 rocauc:|[0.7350103927943292]
2022-12-16 01:48:35,784|INFO|nn.computeOptunaObjective|Trial 21 timings:|2.9926122999999905
2022-12-16 01:48:35,784|INFO|nn.computeOptunaObjective|Trial 21 objective:|0.6175984650642221
2022-12-16 01:48:37,837|INFO|nn.computeOptunaObjective|Trial 22 params:|{'n_layers': 4, 'architecture': 'inner', 'lr': 0.001, 'n_epochs': 100}
2022-12-16 01:48:37,837|INFO|nn.computeOptunaObjective|Trial 22 balacc:|[0.6175984650642221]
2022-12-16 01:48:37,837|INFO|nn.computeOptunaObjective|Trial 22 rocauc:|[0.7477615519906198]
2022-12-16 01:48:37,837|INFO|nn.computeOptunaObjective|Trial 22 timings:|2.0382019999999983
2022-12-16 01:48:37,837|INFO|nn.computeOptunaObjective|Trial 22 objective:|0.6175984650642221
2022-12-16 01:48:40,974|INFO|nn.computeOptunaObjective|Trial 23 params:|{'n_layers': 4, 'architecture': 'top', 'lr': 0.001, 'n_epochs': 150}
2022-12-16 01:48:40,974|INFO|nn.computeOptunaObjective|Trial 23 balacc:|[0.6175984650642221]
2022-12-16 01:48:40,974|INFO|nn.computeOptunaObjective|Trial 23 rocauc:|[0.7431247668283323]
2022-12-16 01:48:40,974|INFO|nn.computeOptunaObjective|Trial 23 timings:|3.1408342000000005
2022-12-16 01:48:40,974|INFO|nn.computeOptunaObjective|Trial 23 objective:|0.6175984650642221
2022-12-16 01:48:44,705|INFO|nn.computeOptunaObjective|Trial 24 params:|{'n_layers': 2, 'architecture': 'inner', 'lr': 0.0001, 'n_epochs': 200}
2022-12-16 01:48:44,705|INFO|nn.computeOptunaObjective|Trial 24 balacc:|[0.5587992325321111]
2022-12-16 01:48:44,705|INFO|nn.computeOptunaObjective|Trial 24 rocauc:|[0.7230187070297927]
2022-12-16 01:48:44,705|INFO|nn.computeOptunaObjective|Trial 24 timings:|3.733266299999997
2022-12-16 01:48:44,705|INFO|nn.computeOptunaObjective|Trial 24 objective:|0.5587992325321111
2022-12-16 01:48:48,630|INFO|nn.computeOptunaObjective|Trial 25 params:|{'n_layers': 3, 'architecture': 'bottom', 'lr': 0.0001, 'n_epochs': 200}
2022-12-16 01:48:48,630|INFO|nn.computeOptunaObjective|Trial 25 balacc:|[0.5501785428769387]
2022-12-16 01:48:48,630|INFO|nn.computeOptunaObjective|Trial 25 rocauc:|[0.7170228641475245]
2022-12-16 01:48:48,630|INFO|nn.computeOptunaObjective|Trial 25 timings:|3.90976280000001
2022-12-16 01:48:48,630|INFO|nn.computeOptunaObjective|Trial 25 objective:|0.5501785428769387
2022-12-16 01:48:51,693|INFO|nn.computeOptunaObjective|Trial 26 params:|{'n_layers': 2, 'architecture': 'outer', 'lr': 0.0001, 'n_epochs': 150}
2022-12-16 01:48:51,693|INFO|nn.computeOptunaObjective|Trial 26 balacc:|[0.5164685817832969]
2022-12-16 01:48:51,693|INFO|nn.computeOptunaObjective|Trial 26 rocauc:|[0.7135319511805148]
2022-12-16 01:48:51,694|INFO|nn.computeOptunaObjective|Trial 26 timings:|3.0607822000000056
2022-12-16 01:48:51,694|INFO|nn.computeOptunaObjective|Trial 26 objective:|0.5164685817832969
2022-12-16 01:48:53,764|INFO|nn.computeOptunaObjective|Trial 27 params:|{'n_layers': 3, 'architecture': 'inner', 'lr': 0.0001, 'n_epochs': 100}
2022-12-16 01:48:53,764|INFO|nn.computeOptunaObjective|Trial 27 balacc:|[0.5]
2022-12-16 01:48:53,764|INFO|nn.computeOptunaObjective|Trial 27 rocauc:|[0.7177690134839845]
2022-12-16 01:48:53,764|INFO|nn.computeOptunaObjective|Trial 27 timings:|2.0681095999999997
2022-12-16 01:48:53,765|INFO|nn.computeOptunaObjective|Trial 27 objective:|0.5
2022-12-16 01:48:56,876|INFO|nn.computeOptunaObjective|Trial 28 params:|{'n_layers': 3, 'architecture': 'top', 'lr': 0.001, 'n_epochs': 150}
2022-12-16 01:48:56,876|INFO|nn.computeOptunaObjective|Trial 28 balacc:|[0.6175984650642221]
2022-12-16 01:48:56,876|INFO|nn.computeOptunaObjective|Trial 28 rocauc:|[0.7464957629376966]
2022-12-16 01:48:56,876|INFO|nn.computeOptunaObjective|Trial 28 timings:|3.1191782999999873
2022-12-16 01:48:56,876|INFO|nn.computeOptunaObjective|Trial 28 objective:|0.6175984650642221
2022-12-16 01:48:58,953|INFO|nn.computeOptunaObjective|Trial 29 params:|{'n_layers': 4, 'architecture': 'outer', 'lr': 0.001, 'n_epochs': 100}
2022-12-16 01:48:58,953|INFO|nn.computeOptunaObjective|Trial 29 balacc:|[0.6175984650642221]
2022-12-16 01:48:58,953|INFO|nn.computeOptunaObjective|Trial 29 rocauc:|[0.7496668976176517]
2022-12-16 01:48:58,953|INFO|nn.computeOptunaObjective|Trial 29 timings:|2.064068800000001
2022-12-16 01:48:58,953|INFO|nn.computeOptunaObjective|Trial 29 objective:|0.6175984650642221
2022-12-16 01:49:02,997|INFO|nn.computeOptunaObjective|Trial 30 params:|{'n_layers': 4, 'architecture': 'linear', 'lr': 0.0001, 'n_epochs': 200}
2022-12-16 01:49:02,997|INFO|nn.computeOptunaObjective|Trial 30 balacc:|[0.5250892714384694]
2022-12-16 01:49:02,998|INFO|nn.computeOptunaObjective|Trial 30 rocauc:|[0.7347172626978629]
2022-12-16 01:49:02,998|INFO|nn.computeOptunaObjective|Trial 30 timings:|4.039272600000004
2022-12-16 01:49:02,998|INFO|nn.computeOptunaObjective|Trial 30 objective:|0.5250892714384694
2022-12-16 01:49:04,988|INFO|nn.computeOptunaObjective|Trial 31 params:|{'n_layers': 3, 'architecture': 'top', 'lr': 0.0001, 'n_epochs': 100}
2022-12-16 01:49:04,988|INFO|nn.computeOptunaObjective|Trial 31 balacc:|[0.5]
2022-12-16 01:49:04,988|INFO|nn.computeOptunaObjective|Trial 31 rocauc:|[0.7414059585354154]
2022-12-16 01:49:04,988|INFO|nn.computeOptunaObjective|Trial 31 timings:|1.9959989000000036
2022-12-16 01:49:04,988|INFO|nn.computeOptunaObjective|Trial 31 objective:|0.5
2022-12-16 01:49:08,949|INFO|nn.computeOptunaObjective|Trial 32 params:|{'n_layers': 4, 'architecture': 'inner', 'lr': 0.001, 'n_epochs': 200}
2022-12-16 01:49:08,949|INFO|nn.computeOptunaObjective|Trial 32 balacc:|[0.6175984650642221]
2022-12-16 01:49:08,949|INFO|nn.computeOptunaObjective|Trial 32 rocauc:|[0.7393940201460322]
2022-12-16 01:49:08,949|INFO|nn.computeOptunaObjective|Trial 32 timings:|3.9573986000000048
2022-12-16 01:49:08,949|INFO|nn.computeOptunaObjective|Trial 32 objective:|0.6175984650642221
2022-12-16 01:49:11,786|INFO|nn.computeOptunaObjective|Trial 33 params:|{'n_layers': 3, 'architecture': 'bottom', 'lr': 0.001, 'n_epochs': 150}
2022-12-16 01:49:11,786|INFO|nn.computeOptunaObjective|Trial 33 balacc:|[0.6074321803549538]
2022-12-16 01:49:11,786|INFO|nn.computeOptunaObjective|Trial 33 rocauc:|[0.7233651335074349]
2022-12-16 01:49:11,786|INFO|nn.computeOptunaObjective|Trial 33 timings:|2.8254684999999995
2022-12-16 01:49:11,786|INFO|nn.computeOptunaObjective|Trial 33 objective:|0.6074321803549538
2022-12-16 01:49:15,614|INFO|nn.computeOptunaObjective|Trial 34 params:|{'n_layers': 3, 'architecture': 'inner', 'lr': 0.001, 'n_epochs': 200}
2022-12-16 01:49:15,614|INFO|nn.computeOptunaObjective|Trial 34 balacc:|[0.6262191547193946]
2022-12-16 01:49:15,614|INFO|nn.computeOptunaObjective|Trial 34 rocauc:|[0.7404466236742526]
2022-12-16 01:49:15,614|INFO|nn.computeOptunaObjective|Trial 34 timings:|3.8277367999999967
2022-12-16 01:49:15,614|INFO|nn.computeOptunaObjective|Trial 34 objective:|0.6262191547193946
2022-12-16 01:49:19,739|INFO|nn.computeOptunaObjective|Trial 35 params:|{'n_layers': 4, 'architecture': 'top', 'lr': 0.001, 'n_epochs': 200}
2022-12-16 01:49:19,739|INFO|nn.computeOptunaObjective|Trial 35 balacc:|[0.6175984650642221]
2022-12-16 01:49:19,739|INFO|nn.computeOptunaObjective|Trial 35 rocauc:|[0.748481053136492]
2022-12-16 01:49:19,739|INFO|nn.computeOptunaObjective|Trial 35 timings:|4.119776200000004
2022-12-16 01:49:19,739|INFO|nn.computeOptunaObjective|Trial 35 objective:|0.6175984650642221
2022-12-16 01:49:22,543|INFO|nn.computeOptunaObjective|Trial 36 params:|{'n_layers': 3, 'architecture': 'bottom', 'lr': 0.0001, 'n_epochs': 150}
2022-12-16 01:49:22,543|INFO|nn.computeOptunaObjective|Trial 36 balacc:|[0.5]
2022-12-16 01:49:22,543|INFO|nn.computeOptunaObjective|Trial 36 rocauc:|[0.7003677450301125]
2022-12-16 01:49:22,543|INFO|nn.computeOptunaObjective|Trial 36 timings:|2.8096192
2022-12-16 01:49:22,543|INFO|nn.computeOptunaObjective|Trial 36 objective:|0.5
2022-12-16 01:49:25,379|INFO|nn.computeOptunaObjective|Trial 37 params:|{'n_layers': 3, 'architecture': 'linear', 'lr': 0.0001, 'n_epochs': 150}
2022-12-16 01:49:25,379|INFO|nn.computeOptunaObjective|Trial 37 balacc:|[0.5250892714384694]
2022-12-16 01:49:25,379|INFO|nn.computeOptunaObjective|Trial 37 rocauc:|[0.7383947129989874]
2022-12-16 01:49:25,379|INFO|nn.computeOptunaObjective|Trial 37 timings:|2.829052399999995
2022-12-16 01:49:25,379|INFO|nn.computeOptunaObjective|Trial 37 objective:|0.5250892714384694
2022-12-16 01:49:29,188|INFO|nn.computeOptunaObjective|Trial 38 params:|{'n_layers': 4, 'architecture': 'bottom', 'lr': 0.001, 'n_epochs': 200}
2022-12-16 01:49:29,188|INFO|nn.computeOptunaObjective|Trial 38 balacc:|[0.6332942493204712]
2022-12-16 01:49:29,188|INFO|nn.computeOptunaObjective|Trial 38 rocauc:|[0.7169562436710548]
2022-12-16 01:49:29,188|INFO|nn.computeOptunaObjective|Trial 38 timings:|3.8052200000000056
2022-12-16 01:49:29,188|INFO|nn.computeOptunaObjective|Trial 38 objective:|0.6332942493204712
2022-12-16 01:49:32,279|INFO|nn.computeOptunaObjective|Trial 39 params:|{'n_layers': 4, 'architecture': 'top', 'lr': 0.0001, 'n_epochs': 150}
2022-12-16 01:49:32,279|INFO|nn.computeOptunaObjective|Trial 39 balacc:|[0.5337099610936418]
2022-12-16 01:49:32,279|INFO|nn.computeOptunaObjective|Trial 39 rocauc:|[0.7436977029259713]
2022-12-16 01:49:32,279|INFO|nn.computeOptunaObjective|Trial 39 timings:|3.079990600000002
2022-12-16 01:49:32,279|INFO|nn.computeOptunaObjective|Trial 39 objective:|0.5337099610936418
2022-12-16 01:49:36,157|INFO|nn.computeOptunaObjective|Trial 40 params:|{'n_layers': 3, 'architecture': 'linear', 'lr': 0.001, 'n_epochs': 200}
2022-12-16 01:49:36,157|INFO|nn.computeOptunaObjective|Trial 40 balacc:|[0.6175984650642221]
2022-12-16 01:49:36,157|INFO|nn.computeOptunaObjective|Trial 40 rocauc:|[0.7336113627884666]
2022-12-16 01:49:36,157|INFO|nn.computeOptunaObjective|Trial 40 timings:|3.8839419999999905
2022-12-16 01:49:36,157|INFO|nn.computeOptunaObjective|Trial 40 objective:|0.6175984650642221
2022-12-16 01:49:40,199|INFO|nn.computeOptunaObjective|Trial 41 params:|{'n_layers': 4, 'architecture': 'outer', 'lr': 0.001, 'n_epochs': 200}
2022-12-16 01:49:40,199|INFO|nn.computeOptunaObjective|Trial 41 balacc:|[0.5995842882268294]
2022-12-16 01:49:40,199|INFO|nn.computeOptunaObjective|Trial 41 rocauc:|[0.7388877045248627]
2022-12-16 01:49:40,199|INFO|nn.computeOptunaObjective|Trial 41 timings:|4.028321200000022
2022-12-16 01:49:40,199|INFO|nn.computeOptunaObjective|Trial 41 objective:|0.5995842882268294
2022-12-16 01:49:43,075|INFO|nn.computeOptunaObjective|Trial 42 params:|{'n_layers': 2, 'architecture': 'linear', 'lr': 0.0001, 'n_epochs': 150}
2022-12-16 01:49:43,075|INFO|nn.computeOptunaObjective|Trial 42 balacc:|[0.5164685817832969]
2022-12-16 01:49:43,075|INFO|nn.computeOptunaObjective|Trial 42 rocauc:|[0.7178489580557481]
2022-12-16 01:49:43,075|INFO|nn.computeOptunaObjective|Trial 42 timings:|2.8714409000000103
2022-12-16 01:49:43,075|INFO|nn.computeOptunaObjective|Trial 42 objective:|0.5164685817832969
2022-12-16 01:49:46,218|INFO|nn.computeOptunaObjective|Trial 43 params:|{'n_layers': 4, 'architecture': 'linear', 'lr': 0.0001, 'n_epochs': 150}
2022-12-16 01:49:46,218|INFO|nn.computeOptunaObjective|Trial 43 balacc:|[0.5078478921281245]
2022-12-16 01:49:46,218|INFO|nn.computeOptunaObjective|Trial 43 rocauc:|[0.7367425251825401]
2022-12-16 01:49:46,218|INFO|nn.computeOptunaObjective|Trial 43 timings:|3.1497168000000215
2022-12-16 01:49:46,218|INFO|nn.computeOptunaObjective|Trial 43 objective:|0.5078478921281245
2022-12-16 01:49:50,367|INFO|nn.computeOptunaObjective|Trial 44 params:|{'n_layers': 4, 'architecture': 'outer', 'lr': 0.0001, 'n_epochs': 200}
2022-12-16 01:49:50,367|INFO|nn.computeOptunaObjective|Trial 44 balacc:|[0.5423306507488141]
2022-12-16 01:49:50,367|INFO|nn.computeOptunaObjective|Trial 44 rocauc:|[0.7372488408037093]
2022-12-16 01:49:50,368|INFO|nn.computeOptunaObjective|Trial 44 timings:|4.134762199999983
2022-12-16 01:49:50,368|INFO|nn.computeOptunaObjective|Trial 44 objective:|0.5423306507488141
2022-12-16 01:49:52,312|INFO|nn.computeOptunaObjective|Trial 45 params:|{'n_layers': 4, 'architecture': 'bottom', 'lr': 0.001, 'n_epochs': 100}
2022-12-16 01:49:52,312|INFO|nn.computeOptunaObjective|Trial 45 balacc:|[0.6254463571923466]
2022-12-16 01:49:52,313|INFO|nn.computeOptunaObjective|Trial 45 rocauc:|[0.7239913659862496]
2022-12-16 01:49:52,313|INFO|nn.computeOptunaObjective|Trial 45 timings:|1.941450599999996
2022-12-16 01:49:52,313|INFO|nn.computeOptunaObjective|Trial 45 objective:|0.6254463571923466
2022-12-16 01:49:56,237|INFO|nn.computeOptunaObjective|Trial 46 params:|{'n_layers': 3, 'architecture': 'inner', 'lr': 0.0001, 'n_epochs': 200}
2022-12-16 01:49:56,237|INFO|nn.computeOptunaObjective|Trial 46 balacc:|[0.5501785428769387]
2022-12-16 01:49:56,237|INFO|nn.computeOptunaObjective|Trial 46 rocauc:|[0.7325054628790706]
2022-12-16 01:49:56,237|INFO|nn.computeOptunaObjective|Trial 46 timings:|3.920020099999988
2022-12-16 01:49:56,237|INFO|nn.computeOptunaObjective|Trial 46 objective:|0.5501785428769387
2022-12-16 01:49:59,193|INFO|nn.computeOptunaObjective|Trial 47 params:|{'n_layers': 2, 'architecture': 'top', 'lr': 0.001, 'n_epochs': 150}
2022-12-16 01:49:59,193|INFO|nn.computeOptunaObjective|Trial 47 balacc:|[0.6175984650642221]
2022-12-16 01:49:59,193|INFO|nn.computeOptunaObjective|Trial 47 rocauc:|[0.7345307253637479]
2022-12-16 01:49:59,193|INFO|nn.computeOptunaObjective|Trial 47 timings:|2.951010300000007
2022-12-16 01:49:59,193|INFO|nn.computeOptunaObjective|Trial 47 objective:|0.6175984650642221
2022-12-16 01:50:01,118|INFO|nn.computeOptunaObjective|Trial 48 params:|{'n_layers': 2, 'architecture': 'inner', 'lr': 0.001, 'n_epochs': 100}
2022-12-16 01:50:01,118|INFO|nn.computeOptunaObjective|Trial 48 balacc:|[0.5250892714384694]
2022-12-16 01:50:01,118|INFO|nn.computeOptunaObjective|Trial 48 rocauc:|[0.7383147684272239]
2022-12-16 01:50:01,118|INFO|nn.computeOptunaObjective|Trial 48 timings:|1.9211118000000056
2022-12-16 01:50:01,119|INFO|nn.computeOptunaObjective|Trial 48 objective:|0.5250892714384694
2022-12-16 01:50:05,071|INFO|nn.computeOptunaObjective|Trial 49 params:|{'n_layers': 2, 'architecture': 'outer', 'lr': 0.0001, 'n_epochs': 200}
2022-12-16 01:50:05,071|INFO|nn.computeOptunaObjective|Trial 49 balacc:|[0.5666471246602356]
2022-12-16 01:50:05,071|INFO|nn.computeOptunaObjective|Trial 49 rocauc:|[0.7213398710227575]
2022-12-16 01:50:05,071|INFO|nn.computeOptunaObjective|Trial 49 timings:|3.9481741999999826
2022-12-16 01:50:05,071|INFO|nn.computeOptunaObjective|Trial 49 objective:|0.5666471246602356
2022-12-16 01:50:07,023|INFO|nn.computeOptunaObjective|Trial 50 params:|{'n_layers': 2, 'architecture': 'top', 'lr': 0.001, 'n_epochs': 100}
2022-12-16 01:50:07,023|INFO|nn.computeOptunaObjective|Trial 50 balacc:|[0.6175984650642221]
2022-12-16 01:50:07,038|INFO|nn.computeOptunaObjective|Trial 50 rocauc:|[0.7385013057613389]
2022-12-16 01:50:07,038|INFO|nn.computeOptunaObjective|Trial 50 timings:|1.9624069999999847
2022-12-16 01:50:07,038|INFO|nn.computeOptunaObjective|Trial 50 objective:|0.6175984650642221
2022-12-16 01:50:11,101|INFO|nn.computeOptunaObjective|Trial 51 params:|{'n_layers': 3, 'architecture': 'top', 'lr': 0.001, 'n_epochs': 200}
2022-12-16 01:50:11,101|INFO|nn.computeOptunaObjective|Trial 51 balacc:|[0.6175984650642221]
2022-12-16 01:50:11,101|INFO|nn.computeOptunaObjective|Trial 51 rocauc:|[0.7429249053989234]
2022-12-16 01:50:11,101|INFO|nn.computeOptunaObjective|Trial 51 timings:|4.058677200000005
2022-12-16 01:50:11,101|INFO|nn.computeOptunaObjective|Trial 51 objective:|0.6175984650642221
2022-12-16 01:50:12,980|INFO|nn.computeOptunaObjective|Trial 52 params:|{'n_layers': 2, 'architecture': 'bottom', 'lr': 0.001, 'n_epochs': 100}
2022-12-16 01:50:12,980|INFO|nn.computeOptunaObjective|Trial 52 balacc:|[0.6175984650642221]
2022-12-16 01:50:12,980|INFO|nn.computeOptunaObjective|Trial 52 rocauc:|[0.7269892874273837]
2022-12-16 01:50:12,980|INFO|nn.computeOptunaObjective|Trial 52 timings:|1.875162099999983
2022-12-16 01:50:12,980|INFO|nn.computeOptunaObjective|Trial 52 objective:|0.6175984650642221
2022-12-16 01:50:15,767|INFO|nn.computeOptunaObjective|Trial 53 params:|{'n_layers': 2, 'architecture': 'outer', 'lr': 0.001, 'n_epochs': 150}
2022-12-16 01:50:15,767|INFO|nn.computeOptunaObjective|Trial 53 balacc:|[0.6089777754090497]
2022-12-16 01:50:15,767|INFO|nn.computeOptunaObjective|Trial 53 rocauc:|[0.7270692319991473]
2022-12-16 01:50:15,767|INFO|nn.computeOptunaObjective|Trial 53 timings:|2.7848452000000066
2022-12-16 01:50:15,767|INFO|nn.computeOptunaObjective|Trial 53 objective:|0.6089777754090497
2022-12-16 01:50:17,706|INFO|nn.computeOptunaObjective|Trial 54 params:|{'n_layers': 3, 'architecture': 'inner', 'lr': 0.001, 'n_epochs': 100}
2022-12-16 01:50:17,707|INFO|nn.computeOptunaObjective|Trial 54 balacc:|[0.6175984650642221]
2022-12-16 01:50:17,707|INFO|nn.computeOptunaObjective|Trial 54 rocauc:|[0.7446570377871342]
2022-12-16 01:50:17,707|INFO|nn.computeOptunaObjective|Trial 54 timings:|1.9313016000000118
2022-12-16 01:50:17,707|INFO|nn.computeOptunaObjective|Trial 54 objective:|0.6175984650642221
2022-12-16 01:50:20,614|INFO|nn.computeOptunaObjective|Trial 55 params:|{'n_layers': 3, 'architecture': 'inner', 'lr': 0.001, 'n_epochs': 150}
2022-12-16 01:50:20,614|INFO|nn.computeOptunaObjective|Trial 55 balacc:|[0.6175984650642221]
2022-12-16 01:50:20,614|INFO|nn.computeOptunaObjective|Trial 55 rocauc:|[0.739433992431914]
2022-12-16 01:50:20,614|INFO|nn.computeOptunaObjective|Trial 55 timings:|2.9040382999999963
2022-12-16 01:50:20,614|INFO|nn.computeOptunaObjective|Trial 55 objective:|0.6175984650642221
2022-12-16 01:50:23,547|INFO|nn.computeOptunaObjective|Trial 56 params:|{'n_layers': 4, 'architecture': 'bottom', 'lr': 0.0001, 'n_epochs': 150}
2022-12-16 01:50:23,547|INFO|nn.computeOptunaObjective|Trial 56 balacc:|[0.5]
2022-12-16 01:50:23,547|INFO|nn.computeOptunaObjective|Trial 56 rocauc:|[0.703085860470074]
2022-12-16 01:50:23,547|INFO|nn.computeOptunaObjective|Trial 56 timings:|2.9276594000000102
2022-12-16 01:50:23,548|INFO|nn.computeOptunaObjective|Trial 56 objective:|0.5
2022-12-16 01:50:25,429|INFO|nn.computeOptunaObjective|Trial 57 params:|{'n_layers': 2, 'architecture': 'linear', 'lr': 0.001, 'n_epochs': 100}
2022-12-16 01:50:25,429|INFO|nn.computeOptunaObjective|Trial 57 balacc:|[0.6089777754090497]
2022-12-16 01:50:25,429|INFO|nn.computeOptunaObjective|Trial 57 rocauc:|[0.7327186484037734]
2022-12-16 01:50:25,429|INFO|nn.computeOptunaObjective|Trial 57 timings:|1.88966929999998
2022-12-16 01:50:25,429|INFO|nn.computeOptunaObjective|Trial 57 objective:|0.6089777754090497
2022-12-16 01:50:29,286|INFO|nn.computeOptunaObjective|Trial 58 params:|{'n_layers': 2, 'architecture': 'top', 'lr': 0.0001, 'n_epochs': 200}
2022-12-16 01:50:29,286|INFO|nn.computeOptunaObjective|Trial 58 balacc:|[0.5580264350050631]
2022-12-16 01:50:29,286|INFO|nn.computeOptunaObjective|Trial 58 rocauc:|[0.7287480680061823]
2022-12-16 01:50:29,286|INFO|nn.computeOptunaObjective|Trial 58 timings:|3.8399981999999966
2022-12-16 01:50:29,286|INFO|nn.computeOptunaObjective|Trial 58 objective:|0.5580264350050631
2022-12-16 01:50:31,257|INFO|nn.computeOptunaObjective|Trial 59 params:|{'n_layers': 2, 'architecture': 'linear', 'lr': 0.0001, 'n_epochs': 100}
2022-12-16 01:50:31,257|INFO|nn.computeOptunaObjective|Trial 59 balacc:|[0.5]
2022-12-16 01:50:31,257|INFO|nn.computeOptunaObjective|Trial 59 rocauc:|[0.684938442679742]
2022-12-16 01:50:31,257|INFO|nn.computeOptunaObjective|Trial 59 timings:|1.9657528000000184
2022-12-16 01:50:31,257|INFO|nn.computeOptunaObjective|Trial 59 objective:|0.5
2022-12-16 01:50:35,419|INFO|nn.computeOptunaObjective|Trial 60 params:|{'n_layers': 2, 'architecture': 'linear', 'lr': 0.0001, 'n_epochs': 200}
2022-12-16 01:50:35,419|INFO|nn.computeOptunaObjective|Trial 60 balacc:|[0.5580264350050631]
2022-12-16 01:50:35,419|INFO|nn.computeOptunaObjective|Trial 60 rocauc:|[0.7226456323615627]
2022-12-16 01:50:35,419|INFO|nn.computeOptunaObjective|Trial 60 timings:|4.156575300000014
2022-12-16 01:50:35,419|INFO|nn.computeOptunaObjective|Trial 60 objective:|0.5580264350050631
2022-12-16 01:50:37,460|INFO|nn.computeOptunaObjective|Trial 61 params:|{'n_layers': 2, 'architecture': 'outer', 'lr': 0.001, 'n_epochs': 100}
2022-12-16 01:50:37,460|INFO|nn.computeOptunaObjective|Trial 61 balacc:|[0.6262191547193946]
2022-12-16 01:50:37,461|INFO|nn.computeOptunaObjective|Trial 61 rocauc:|[0.7326920002131856]
2022-12-16 01:50:37,461|INFO|nn.computeOptunaObjective|Trial 61 timings:|2.0367736999999977
2022-12-16 01:50:37,461|INFO|nn.computeOptunaObjective|Trial 61 objective:|0.6262191547193946
2022-12-16 01:50:40,621|INFO|nn.computeOptunaObjective|Trial 62 params:|{'n_layers': 4, 'architecture': 'bottom', 'lr': 0.001, 'n_epochs': 150}
2022-12-16 01:50:40,622|INFO|nn.computeOptunaObjective|Trial 62 balacc:|[0.6340670468475191]
2022-12-16 01:50:40,622|INFO|nn.computeOptunaObjective|Trial 62 rocauc:|[0.7211266854980547]
2022-12-16 01:50:40,622|INFO|nn.computeOptunaObjective|Trial 62 timings:|3.1557445999999914
2022-12-16 01:50:40,622|INFO|nn.computeOptunaObjective|Trial 62 objective:|0.6340670468475191
2022-12-16 01:50:43,792|INFO|nn.computeOptunaObjective|Trial 63 params:|{'n_layers': 2, 'architecture': 'top', 'lr': 0.0001, 'n_epochs': 150}
2022-12-16 01:50:43,792|INFO|nn.computeOptunaObjective|Trial 63 balacc:|[0.5250892714384694]
2022-12-16 01:50:43,792|INFO|nn.computeOptunaObjective|Trial 63 rocauc:|[0.7261898417097479]
2022-12-16 01:50:43,792|INFO|nn.computeOptunaObjective|Trial 63 timings:|3.1653426999999965
2022-12-16 01:50:43,792|INFO|nn.computeOptunaObjective|Trial 63 objective:|0.5250892714384694
2022-12-16 01:50:46,893|INFO|nn.computeOptunaObjective|Trial 64 params:|{'n_layers': 3, 'architecture': 'inner', 'lr': 0.0001, 'n_epochs': 150}
2022-12-16 01:50:46,893|INFO|nn.computeOptunaObjective|Trial 64 balacc:|[0.5078478921281245]
2022-12-16 01:50:46,893|INFO|nn.computeOptunaObjective|Trial 64 rocauc:|[0.7398070671001439]
2022-12-16 01:50:46,893|INFO|nn.computeOptunaObjective|Trial 64 timings:|3.096402499999982
2022-12-16 01:50:46,894|INFO|nn.computeOptunaObjective|Trial 64 objective:|0.5078478921281245
2022-12-16 01:50:48,972|INFO|nn.computeOptunaObjective|Trial 65 params:|{'n_layers': 3, 'architecture': 'outer', 'lr': 0.0001, 'n_epochs': 100}
2022-12-16 01:50:48,972|INFO|nn.computeOptunaObjective|Trial 65 balacc:|[0.5]
2022-12-16 01:50:48,972|INFO|nn.computeOptunaObjective|Trial 65 rocauc:|[0.7158503437616586]
2022-12-16 01:50:48,972|INFO|nn.computeOptunaObjective|Trial 65 timings:|2.072756200000015
2022-12-16 01:50:48,972|INFO|nn.computeOptunaObjective|Trial 65 objective:|0.5
2022-12-16 01:50:51,923|INFO|nn.computeOptunaObjective|Trial 66 params:|{'n_layers': 2, 'architecture': 'inner', 'lr': 0.001, 'n_epochs': 150}
2022-12-16 01:50:51,923|INFO|nn.computeOptunaObjective|Trial 66 balacc:|[0.5509513404039866]
2022-12-16 01:50:51,923|INFO|nn.computeOptunaObjective|Trial 66 rocauc:|[0.7334647977402334]
2022-12-16 01:50:51,923|INFO|nn.computeOptunaObjective|Trial 66 timings:|2.960441099999997
2022-12-16 01:50:51,923|INFO|nn.computeOptunaObjective|Trial 66 objective:|0.5509513404039866
2022-12-16 01:50:54,039|INFO|nn.computeOptunaObjective|Trial 67 params:|{'n_layers': 4, 'architecture': 'linear', 'lr': 0.0001, 'n_epochs': 100}
2022-12-16 01:50:54,039|INFO|nn.computeOptunaObjective|Trial 67 balacc:|[0.5]
2022-12-16 01:50:54,039|INFO|nn.computeOptunaObjective|Trial 67 rocauc:|[0.7307466823002717]
2022-12-16 01:50:54,039|INFO|nn.computeOptunaObjective|Trial 67 timings:|2.101855300000011
2022-12-16 01:50:54,039|INFO|nn.computeOptunaObjective|Trial 67 objective:|0.5
2022-12-16 01:50:56,024|INFO|nn.computeOptunaObjective|Trial 68 params:|{'n_layers': 2, 'architecture': 'outer', 'lr': 0.0001, 'n_epochs': 100}
2022-12-16 01:50:56,024|INFO|nn.computeOptunaObjective|Trial 68 balacc:|[0.5]
2022-12-16 01:50:56,024|INFO|nn.computeOptunaObjective|Trial 68 rocauc:|[0.6841389969621062]
2022-12-16 01:50:56,024|INFO|nn.computeOptunaObjective|Trial 68 timings:|1.9762482000000148
2022-12-16 01:50:56,024|INFO|nn.computeOptunaObjective|Trial 68 objective:|0.5
2022-12-16 01:50:59,175|INFO|nn.computeOptunaObjective|Trial 69 params:|{'n_layers': 4, 'architecture': 'inner', 'lr': 0.0001, 'n_epochs': 150}
2022-12-16 01:50:59,175|INFO|nn.computeOptunaObjective|Trial 69 balacc:|[0.4992272024729521]
2022-12-16 01:50:59,175|INFO|nn.computeOptunaObjective|Trial 69 rocauc:|[0.7453232425518307]
2022-12-16 01:50:59,175|INFO|nn.computeOptunaObjective|Trial 69 timings:|3.1504621999999927
2022-12-16 01:50:59,175|INFO|nn.computeOptunaObjective|Trial 69 objective:|0.4992272024729521
2022-12-16 01:51:03,331|INFO|nn.computeOptunaObjective|Trial 70 params:|{'n_layers': 4, 'architecture': 'top', 'lr': 0.0001, 'n_epochs': 200}
2022-12-16 01:51:03,331|INFO|nn.computeOptunaObjective|Trial 70 balacc:|[0.6003570857538774]
2022-12-16 01:51:03,331|INFO|nn.computeOptunaObjective|Trial 70 rocauc:|[0.7452166497894793]
2022-12-16 01:51:03,331|INFO|nn.computeOptunaObjective|Trial 70 timings:|4.146575100000007
2022-12-16 01:51:03,331|INFO|nn.computeOptunaObjective|Trial 70 objective:|0.6003570857538774
2022-12-16 01:51:05,211|INFO|nn.computeOptunaObjective|Trial 71 params:|{'n_layers': 2, 'architecture': 'inner', 'lr': 0.0001, 'n_epochs': 100}
2022-12-16 01:51:05,211|INFO|nn.computeOptunaObjective|Trial 71 balacc:|[0.5]
2022-12-16 01:51:05,211|INFO|nn.computeOptunaObjective|Trial 71 rocauc:|[0.6856312956350262]
2022-12-16 01:51:05,211|INFO|nn.computeOptunaObjective|Trial 71 timings:|1.8805451000000062
2022-12-16 01:51:05,211|INFO|nn.computeOptunaObjective|Trial 71 objective:|0.5
2022-12-16 01:51:07,091|INFO|nn.computeOptunaObjective|Trial 72 params:|{'n_layers': 2, 'architecture': 'top', 'lr': 0.0001, 'n_epochs': 100}
2022-12-16 01:51:07,091|INFO|nn.computeOptunaObjective|Trial 72 balacc:|[0.5]
2022-12-16 01:51:07,092|INFO|nn.computeOptunaObjective|Trial 72 rocauc:|[0.7111602622181954]
2022-12-16 01:51:07,092|INFO|nn.computeOptunaObjective|Trial 72 timings:|1.8655463999999995
2022-12-16 01:51:07,092|INFO|nn.computeOptunaObjective|Trial 72 objective:|0.5
2022-12-16 01:51:10,988|INFO|nn.computeOptunaObjective|Trial 73 params:|{'n_layers': 4, 'architecture': 'inner', 'lr': 0.0001, 'n_epochs': 200}
2022-12-16 01:51:10,988|INFO|nn.computeOptunaObjective|Trial 73 balacc:|[0.5494057453498907]
2022-12-16 01:51:10,988|INFO|nn.computeOptunaObjective|Trial 73 rocauc:|[0.7449501678836007]
2022-12-16 01:51:10,988|INFO|nn.computeOptunaObjective|Trial 73 timings:|3.8971568000000048
2022-12-16 01:51:10,988|INFO|nn.computeOptunaObjective|Trial 73 objective:|0.5494057453498907
2022-12-16 01:51:12,879|INFO|nn.computeOptunaObjective|Trial 74 params:|{'n_layers': 3, 'architecture': 'linear', 'lr': 0.001, 'n_epochs': 100}
2022-12-16 01:51:12,879|INFO|nn.computeOptunaObjective|Trial 74 balacc:|[0.5580264350050631]
2022-12-16 01:51:12,879|INFO|nn.computeOptunaObjective|Trial 74 rocauc:|[0.7465623834141661]
2022-12-16 01:51:12,879|INFO|nn.computeOptunaObjective|Trial 74 timings:|1.8927491999999972
2022-12-16 01:51:12,879|INFO|nn.computeOptunaObjective|Trial 74 objective:|0.5580264350050631
2022-12-16 01:51:16,612|INFO|nn.computeOptunaObjective|Trial 75 params:|{'n_layers': 3, 'architecture': 'bottom', 'lr': 0.001, 'n_epochs': 200}
2022-12-16 01:51:16,612|INFO|nn.computeOptunaObjective|Trial 75 balacc:|[0.6082049778820018]
2022-12-16 01:51:16,612|INFO|nn.computeOptunaObjective|Trial 75 rocauc:|[0.7223125299792145]
2022-12-16 01:51:16,612|INFO|nn.computeOptunaObjective|Trial 75 timings:|3.7147086999999885
2022-12-16 01:51:16,612|INFO|nn.computeOptunaObjective|Trial 75 objective:|0.6082049778820018
2022-12-16 01:51:18,462|INFO|nn.computeOptunaObjective|Trial 76 params:|{'n_layers': 2, 'architecture': 'bottom', 'lr': 0.0001, 'n_epochs': 100}
2022-12-16 01:51:18,462|INFO|nn.computeOptunaObjective|Trial 76 balacc:|[0.5]
2022-12-16 01:51:18,462|INFO|nn.computeOptunaObjective|Trial 76 rocauc:|[0.6316687096946118]
2022-12-16 01:51:18,462|INFO|nn.computeOptunaObjective|Trial 76 timings:|1.8451642999999933
2022-12-16 01:51:18,462|INFO|nn.computeOptunaObjective|Trial 76 objective:|0.5
2022-12-16 01:51:20,412|INFO|nn.computeOptunaObjective|Trial 77 params:|{'n_layers': 4, 'architecture': 'outer', 'lr': 0.0001, 'n_epochs': 100}
2022-12-16 01:51:20,412|INFO|nn.computeOptunaObjective|Trial 77 balacc:|[0.5]
2022-12-16 01:51:20,412|INFO|nn.computeOptunaObjective|Trial 77 rocauc:|[0.7281884560038373]
2022-12-16 01:51:20,412|INFO|nn.computeOptunaObjective|Trial 77 timings:|1.9458650999999918
2022-12-16 01:51:20,412|INFO|nn.computeOptunaObjective|Trial 77 objective:|0.5
2022-12-16 01:51:24,098|INFO|nn.computeOptunaObjective|Trial 78 params:|{'n_layers': 2, 'architecture': 'linear', 'lr': 0.001, 'n_epochs': 200}
2022-12-16 01:51:24,098|INFO|nn.computeOptunaObjective|Trial 78 balacc:|[0.6089777754090497]
2022-12-16 01:51:24,098|INFO|nn.computeOptunaObjective|Trial 78 rocauc:|[0.7272024729520865]
2022-12-16 01:51:24,098|INFO|nn.computeOptunaObjective|Trial 78 timings:|3.6754504000000168
2022-12-16 01:51:24,098|INFO|nn.computeOptunaObjective|Trial 78 objective:|0.6089777754090497
2022-12-16 01:51:27,225|INFO|nn.computeOptunaObjective|Trial 79 params:|{'n_layers': 3, 'architecture': 'top', 'lr': 0.0001, 'n_epochs': 150}
2022-12-16 01:51:27,225|INFO|nn.computeOptunaObjective|Trial 79 balacc:|[0.5337099610936418]
2022-12-16 01:51:27,225|INFO|nn.computeOptunaObjective|Trial 79 rocauc:|[0.7434045728295049]
2022-12-16 01:51:27,225|INFO|nn.computeOptunaObjective|Trial 79 timings:|3.1204064000000074
2022-12-16 01:51:27,225|INFO|nn.computeOptunaObjective|Trial 79 objective:|0.5337099610936418
2022-12-16 01:51:31,269|INFO|nn.computeOptunaObjective|Trial 80 params:|{'n_layers': 3, 'architecture': 'outer', 'lr': 0.001, 'n_epochs': 200}
2022-12-16 01:51:31,269|INFO|nn.computeOptunaObjective|Trial 80 balacc:|[0.6262191547193946]
2022-12-16 01:51:31,269|INFO|nn.computeOptunaObjective|Trial 80 rocauc:|[0.7393806960507381]
2022-12-16 01:51:31,269|INFO|nn.computeOptunaObjective|Trial 80 timings:|4.039260999999982
2022-12-16 01:51:31,269|INFO|nn.computeOptunaObjective|Trial 80 objective:|0.6262191547193946
2022-12-16 01:51:34,499|INFO|nn.computeOptunaObjective|Trial 81 params:|{'n_layers': 4, 'architecture': 'outer', 'lr': 0.0001, 'n_epochs': 150}
2022-12-16 01:51:34,499|INFO|nn.computeOptunaObjective|Trial 81 balacc:|[0.5078478921281245]
2022-12-16 01:51:34,499|INFO|nn.computeOptunaObjective|Trial 81 rocauc:|[0.7396738261472047]
2022-12-16 01:51:34,499|INFO|nn.computeOptunaObjective|Trial 81 timings:|3.2230155999999965
2022-12-16 01:51:34,499|INFO|nn.computeOptunaObjective|Trial 81 objective:|0.5078478921281245
2022-12-16 01:51:38,295|INFO|nn.computeOptunaObjective|Trial 82 params:|{'n_layers': 2, 'architecture': 'bottom', 'lr': 0.0001, 'n_epochs': 200}
2022-12-16 01:51:38,295|INFO|nn.computeOptunaObjective|Trial 82 balacc:|[0.5674199221872834]
2022-12-16 01:51:38,295|INFO|nn.computeOptunaObjective|Trial 82 rocauc:|[0.7124393753664126]
2022-12-16 01:51:38,295|INFO|nn.computeOptunaObjective|Trial 82 timings:|3.789305299999995
2022-12-16 01:51:38,295|INFO|nn.computeOptunaObjective|Trial 82 objective:|0.5674199221872834
2022-12-16 01:51:41,396|INFO|nn.computeOptunaObjective|Trial 83 params:|{'n_layers': 4, 'architecture': 'inner', 'lr': 0.001, 'n_epochs': 150}
2022-12-16 01:51:41,396|INFO|nn.computeOptunaObjective|Trial 83 balacc:|[0.6089777754090497]
2022-12-16 01:51:41,396|INFO|nn.computeOptunaObjective|Trial 83 rocauc:|[0.7445237968341949]
2022-12-16 01:51:41,396|INFO|nn.computeOptunaObjective|Trial 83 timings:|3.110335899999967
2022-12-16 01:51:41,412|INFO|nn.computeOptunaObjective|Trial 83 objective:|0.6089777754090497
2022-12-16 01:51:43,333|INFO|nn.computeOptunaObjective|Trial 84 params:|{'n_layers': 3, 'architecture': 'bottom', 'lr': 0.0001, 'n_epochs': 100}
2022-12-16 01:51:43,333|INFO|nn.computeOptunaObjective|Trial 84 balacc:|[0.5]
2022-12-16 01:51:43,333|INFO|nn.computeOptunaObjective|Trial 84 rocauc:|[0.6332409529392955]
2022-12-16 01:51:43,333|INFO|nn.computeOptunaObjective|Trial 84 timings:|1.9152288000000226
2022-12-16 01:51:43,333|INFO|nn.computeOptunaObjective|Trial 84 objective:|0.5
2022-12-16 01:51:45,431|INFO|nn.computeOptunaObjective|Trial 85 params:|{'n_layers': 4, 'architecture': 'linear', 'lr': 0.001, 'n_epochs': 100}
2022-12-16 01:51:45,431|INFO|nn.computeOptunaObjective|Trial 85 balacc:|[0.6175984650642221]
2022-12-16 01:51:45,431|INFO|nn.computeOptunaObjective|Trial 85 rocauc:|[0.7436310824495017]
2022-12-16 01:51:45,431|INFO|nn.computeOptunaObjective|Trial 85 timings:|2.10655109999999
2022-12-16 01:51:45,431|INFO|nn.computeOptunaObjective|Trial 85 objective:|0.6175984650642221
2022-12-16 01:51:48,467|INFO|nn.computeOptunaObjective|Trial 86 params:|{'n_layers': 3, 'architecture': 'linear', 'lr': 0.001, 'n_epochs': 150}
2022-12-16 01:51:48,467|INFO|nn.computeOptunaObjective|Trial 86 balacc:|[0.6175984650642221]
2022-12-16 01:51:48,467|INFO|nn.computeOptunaObjective|Trial 86 rocauc:|[0.7412593934871822]
2022-12-16 01:51:48,467|INFO|nn.computeOptunaObjective|Trial 86 timings:|3.0167935000000057
2022-12-16 01:51:48,467|INFO|nn.computeOptunaObjective|Trial 86 objective:|0.6175984650642221
2022-12-16 01:51:50,576|INFO|nn.computeOptunaObjective|Trial 87 params:|{'n_layers': 4, 'architecture': 'inner', 'lr': 0.0001, 'n_epochs': 100}
2022-12-16 01:51:50,576|INFO|nn.computeOptunaObjective|Trial 87 balacc:|[0.5]
2022-12-16 01:51:50,576|INFO|nn.computeOptunaObjective|Trial 87 rocauc:|[0.7363428023237222]
2022-12-16 01:51:50,576|INFO|nn.computeOptunaObjective|Trial 87 timings:|2.11522709999997
2022-12-16 01:51:50,576|INFO|nn.computeOptunaObjective|Trial 87 objective:|0.5
2022-12-16 01:51:54,533|INFO|nn.computeOptunaObjective|Trial 88 params:|{'n_layers': 4, 'architecture': 'bottom', 'lr': 0.0001, 'n_epochs': 200}
2022-12-16 01:51:54,533|INFO|nn.computeOptunaObjective|Trial 88 balacc:|[0.5164685817832969]
2022-12-16 01:51:54,533|INFO|nn.computeOptunaObjective|Trial 88 rocauc:|[0.7148377125193198]
2022-12-16 01:51:54,533|INFO|nn.computeOptunaObjective|Trial 88 timings:|3.942278799999997
2022-12-16 01:51:54,533|INFO|nn.computeOptunaObjective|Trial 88 objective:|0.5164685817832969
2022-12-16 01:51:57,664|INFO|nn.computeOptunaObjective|Trial 89 params:|{'n_layers': 4, 'architecture': 'outer', 'lr': 0.001, 'n_epochs': 150}
2022-12-16 01:51:57,664|INFO|nn.computeOptunaObjective|Trial 89 balacc:|[0.6175984650642221]
2022-12-16 01:51:57,664|INFO|nn.computeOptunaObjective|Trial 89 rocauc:|[0.7349704205084475]
2022-12-16 01:51:57,664|INFO|nn.computeOptunaObjective|Trial 89 timings:|3.117873099999997
2022-12-16 01:51:57,664|INFO|nn.computeOptunaObjective|Trial 89 objective:|0.6175984650642221
2022-12-16 01:51:57,667|INFO|mtg.runMTGExperiment|Best trial number:|62
2022-12-16 01:51:57,667|INFO|mtg.runMTGExperiment|Best trial objective:|0.6340670468475191
2022-12-16 01:51:57,667|INFO|mtg.runMTGExperiment|Best trial params:|{'n_layers': 4, 'architecture': 'bottom', 'lr': 0.001, 'n_epochs': 150}
2022-12-16 01:51:57,688|INFO|nn.loadModellingDataset|Trainval descriptors loaded (features, instances):|1024|3241
2022-12-16 01:51:57,689|INFO|nn.loadModellingDataset|Trainval endpoints loaded (tasks, instances):|1|3241
2022-12-16 01:51:57,691|INFO|nn.loadModellingDataset|Test descriptors loaded (features, instances):|1024|282
2022-12-16 01:51:57,691|INFO|nn.loadModellingDataset|Test endpoints loaded (tasks, instances):|1|282
2022-12-16 01:51:57,691|INFO|mtg.runMTGExperiment|Final neural network hyperparams:|{'n_layers': 4, 'architecture': 'bottom', 'lr': 0.001, 'n_epochs': 150, 'best_trial_num': 62}
2022-12-16 01:52:01,384|INFO|nn.testFinalModel|Final model test balacc:|[0.7531475574953836]
2022-12-16 01:52:01,384|INFO|nn.testFinalModel|Final model test rocauc:|[0.8714117844552628]
2022-12-16 01:52:01,389|INFO|mtg.runMTGExperiment|Mechanistic task grouping experiment timing:|274.9146513
2022-12-16 01:52:01,389|INFO|mtg.runMTGExperiment|DONE
