2022-12-16 03:16:12,765|INFO|__main__.startLogging|>>>> START LOGGING A GMTAMES EXPERIMENT
2022-12-16 03:16:12,781|INFO|__main__.startLogging|mode:|mtg
2022-12-16 03:16:12,781|INFO|__main__.startLogging|tasks:|TA100_S9,TA102_S9,TA104_S9,TA1535_S9,TA1537_S9,TA1538_S9,TA97_S9,TA98_S9
2022-12-16 03:16:12,781|INFO|__main__.startLogging|output:|mtg_experiment
2022-12-16 03:16:12,781|INFO|__main__.startLogging|device:|titanv
2022-12-16 03:16:12,781|INFO|__main__.startLogging|DONE
2022-12-16 03:16:12,781|INFO|mtg.runMTGExperiment|>>>> RUNNING MECHANISTIC TASK GROUPING EXPERIMENT
2022-12-16 03:16:12,781|INFO|data.generateModellingDatasets|>>>> GENERATING MODELLING DATASETS
2022-12-16 03:16:12,781|INFO|data.generateModellingDatasets|Task list parsed:|['TA100_S9', 'TA102_S9', 'TA104_S9', 'TA1535_S9', 'TA1537_S9', 'TA1538_S9', 'TA97_S9', 'TA98_S9']
2022-12-16 03:16:15,806|INFO|data.generateModellingDatasets|Modelling train dataset generated: (rows, columns)|5894|1033
2022-12-16 03:16:15,872|INFO|data.generateModellingDatasets|Modelling val dataset generated: (rows, columns)|2458|1033
2022-12-16 03:16:16,122|INFO|data.generateModellingDatasets|Modelling trainval dataset generated: (rows, columns)|6711|1033
2022-12-16 03:16:16,165|INFO|data.generateModellingDatasets|Modelling test dataset generated: (rows, columns)|1372|1033
2022-12-16 03:16:16,166|INFO|data.generateModellingDatasets|Modelling datasets generation timing:|3.3844258999999997
2022-12-16 03:16:16,166|INFO|data.generateModellingDatasets|DONE
2022-12-16 03:16:16,170|INFO|mtg.runMTGExperiment|Device confirmed:|cuda:0
2022-12-16 03:16:17,287|INFO|nn.loadModellingDataset|Train descriptors loaded (features, instances):|1024|5894
2022-12-16 03:16:17,287|INFO|nn.loadModellingDataset|Train endpoints loaded (tasks, instances):|8|5894
2022-12-16 03:16:17,298|INFO|nn.loadModellingDataset|Val descriptors loaded (features, instances):|1024|2458
2022-12-16 03:16:17,298|INFO|nn.loadModellingDataset|Val endpoints loaded (tasks, instances):|8|2458
2022-12-16 03:16:28,224|INFO|nn.computeOptunaObjective|Trial 0 params:|{'n_layers': 2, 'architecture': 'top', 'lr': 0.001, 'n_epochs': 200}
2022-12-16 03:16:28,224|INFO|nn.computeOptunaObjective|Trial 0 balacc:|[0.6787586788063091, 0.6900105708245243, 0.5858343337334934, 0.5869192455295175, 0.6507895148262025, 0.6813793103448276, 0.6488673139158576, 0.6961152882205514]
2022-12-16 03:16:28,224|INFO|nn.computeOptunaObjective|Trial 0 rocauc:|[0.7579222159122135, 0.8321881606765329, 0.6230492196878752, 0.7156956805748347, 0.8120668091093856, 0.8448275862068965, 0.8434915498022294, 0.8059456677407805]
2022-12-16 03:16:28,224|INFO|nn.computeOptunaObjective|Trial 0 timings:|10.9195901
2022-12-16 03:16:28,224|INFO|nn.computeOptunaObjective|Trial 0 objective:|0.6523342820251604
2022-12-16 03:16:33,746|INFO|nn.computeOptunaObjective|Trial 1 params:|{'n_layers': 4, 'architecture': 'top', 'lr': 0.001, 'n_epochs': 100}
2022-12-16 03:16:33,746|INFO|nn.computeOptunaObjective|Trial 1 balacc:|[0.6907780240716654, 0.6329281183932347, 0.5960384153661464, 0.6065158814403527, 0.6814190421595705, 0.6898850574712644, 0.6766450916936354, 0.7235902255639097]
2022-12-16 03:16:33,746|INFO|nn.computeOptunaObjective|Trial 1 rocauc:|[0.7816604686097423, 0.8292811839323467, 0.6416566626650659, 0.7220237609210419, 0.8113502527489707, 0.8295402298850575, 0.8448399856166847, 0.8068720909416397]
2022-12-16 03:16:33,746|INFO|nn.computeOptunaObjective|Trial 1 timings:|5.5198326999999985
2022-12-16 03:16:33,746|INFO|nn.computeOptunaObjective|Trial 1 objective:|0.6622249820199724
2022-12-16 03:16:38,885|INFO|nn.computeOptunaObjective|Trial 2 params:|{'n_layers': 3, 'architecture': 'outer', 'lr': 0.001, 'n_epochs': 100}
2022-12-16 03:16:38,885|INFO|nn.computeOptunaObjective|Trial 2 balacc:|[0.6749335922472384, 0.6189217758985202, 0.5768307322929171, 0.5899403935657712, 0.687881077700766, 0.6998850574712644, 0.6382146709816613, 0.7151942355889724]
2022-12-16 03:16:38,885|INFO|nn.computeOptunaObjective|Trial 2 rocauc:|[0.7761536629600454, 0.8313953488372092, 0.6398559423769508, 0.7268616804115293, 0.8241179842618166, 0.8474137931034482, 0.8399856166846459, 0.8137553705692803]
2022-12-16 03:16:38,886|INFO|nn.computeOptunaObjective|Trial 2 timings:|5.138296200000003
2022-12-16 03:16:38,886|INFO|nn.computeOptunaObjective|Trial 2 objective:|0.6502251919683888
2022-12-16 03:16:43,912|INFO|nn.computeOptunaObjective|Trial 3 params:|{'n_layers': 4, 'architecture': 'bottom', 'lr': 0.0001, 'n_epochs': 100}
2022-12-16 03:16:43,912|INFO|nn.computeOptunaObjective|Trial 3 balacc:|[0.5, 0.49709302325581395, 0.5, 0.5, 0.5, 0.5, 0.5, 0.5]
2022-12-16 03:16:43,912|INFO|nn.computeOptunaObjective|Trial 3 rocauc:|[0.5892373642075952, 0.6035940803382663, 0.5846338535414166, 0.6158957295664245, 0.5727500130282974, 0.5666091954022989, 0.5752427184466019, 0.5601212853562478]
2022-12-16 03:16:43,912|INFO|nn.computeOptunaObjective|Trial 3 timings:|5.0385577999999995
2022-12-16 03:16:43,912|INFO|nn.computeOptunaObjective|Trial 3 objective:|0.4996366279069767
2022-12-16 03:16:51,337|INFO|nn.computeOptunaObjective|Trial 4 params:|{'n_layers': 2, 'architecture': 'bottom', 'lr': 0.001, 'n_epochs': 150}
2022-12-16 03:16:51,337|INFO|nn.computeOptunaObjective|Trial 4 balacc:|[0.6583655449099602, 0.5903805496828752, 0.5858343337334934, 0.5982077243406548, 0.649981760383553, 0.6642528735632184, 0.5981661272923409, 0.6893796992481203]
2022-12-16 03:16:51,337|INFO|nn.computeOptunaObjective|Trial 4 rocauc:|[0.7489530474288751, 0.8274312896405919, 0.6410564225690276, 0.7170633624561117, 0.8163791755693367, 0.8351149425287356, 0.8166127292340885, 0.7957684389545292]
2022-12-16 03:16:51,337|INFO|nn.computeOptunaObjective|Trial 4 timings:|7.408501699999995
2022-12-16 03:16:51,337|INFO|nn.computeOptunaObjective|Trial 4 objective:|0.6293210766442769
2022-12-16 03:17:01,639|INFO|nn.computeOptunaObjective|Trial 5 params:|{'n_layers': 3, 'architecture': 'outer', 'lr': 0.0001, 'n_epochs': 200}
2022-12-16 03:17:01,639|INFO|nn.computeOptunaObjective|Trial 5 balacc:|[0.6339568029017898, 0.5734672304439746, 0.6062424969987995, 0.5112476524863232, 0.6104669341810411, 0.6342528735632185, 0.5426105717367853, 0.6656328320802005]
2022-12-16 03:17:01,639|INFO|nn.computeOptunaObjective|Trial 5 rocauc:|[0.7499935882169746, 0.8491014799154334, 0.6902761104441777, 0.7055707520209031, 0.7937099379853041, 0.807816091954023, 0.8000719165767709, 0.7910602398854278]
2022-12-16 03:17:01,639|INFO|nn.computeOptunaObjective|Trial 5 timings:|10.311660699999997
2022-12-16 03:17:01,639|INFO|nn.computeOptunaObjective|Trial 5 objective:|0.5972346742990166
2022-12-16 03:17:07,222|INFO|nn.computeOptunaObjective|Trial 6 params:|{'n_layers': 4, 'architecture': 'top', 'lr': 0.0001, 'n_epochs': 100}
2022-12-16 03:17:07,222|INFO|nn.computeOptunaObjective|Trial 6 balacc:|[0.5015479876160991, 0.5, 0.5, 0.5, 0.5, 0.5, 0.5, 0.5]
2022-12-16 03:17:07,222|INFO|nn.computeOptunaObjective|Trial 6 rocauc:|[0.7223056771758843, 0.8485729386892178, 0.602641056422569, 0.6765636482403855, 0.7724998697170253, 0.8289655172413793, 0.7802049622437972, 0.7782648585750089]
2022-12-16 03:17:07,222|INFO|nn.computeOptunaObjective|Trial 6 timings:|5.576977800000002
2022-12-16 03:17:07,222|INFO|nn.computeOptunaObjective|Trial 6 objective:|0.5001934984520124
2022-12-16 03:17:12,329|INFO|nn.computeOptunaObjective|Trial 7 params:|{'n_layers': 3, 'architecture': 'bottom', 'lr': 0.001, 'n_epochs': 100}
2022-12-16 03:17:12,329|INFO|nn.computeOptunaObjective|Trial 7 balacc:|[0.6555388645648231, 0.6469344608879493, 0.5654261704681873, 0.5726504450069405, 0.6661107926416177, 0.6741954022988506, 0.6521035598705501, 0.6968984962406015]
2022-12-16 03:17:12,329|INFO|nn.computeOptunaObjective|Trial 7 rocauc:|[0.7608166779636176, 0.8232029598308668, 0.6518607442977191, 0.6988548215889606, 0.8179686278597111, 0.8282183908045978, 0.8225458468176915, 0.7961622807017543]
2022-12-16 03:17:12,329|INFO|nn.computeOptunaObjective|Trial 7 timings:|5.097222500000001
2022-12-16 03:17:12,329|INFO|nn.computeOptunaObjective|Trial 7 objective:|0.64123227399744
2022-12-16 03:17:17,751|INFO|nn.computeOptunaObjective|Trial 8 params:|{'n_layers': 3, 'architecture': 'linear', 'lr': 0.0001, 'n_epochs': 100}
2022-12-16 03:17:17,751|INFO|nn.computeOptunaObjective|Trial 8 balacc:|[0.5, 0.5, 0.5, 0.5, 0.5, 0.5, 0.5, 0.5]
2022-12-16 03:17:17,751|INFO|nn.computeOptunaObjective|Trial 8 rocauc:|[0.6865718944070932, 0.7597780126849893, 0.60984393757503, 0.6453723360823059, 0.729193808953046, 0.7813793103448277, 0.7012765192376842, 0.729092821339062]
2022-12-16 03:17:17,751|INFO|nn.computeOptunaObjective|Trial 8 timings:|5.430251599999998
2022-12-16 03:17:17,751|INFO|nn.computeOptunaObjective|Trial 8 objective:|0.5
2022-12-16 03:17:25,647|INFO|nn.computeOptunaObjective|Trial 9 params:|{'n_layers': 2, 'architecture': 'bottom', 'lr': 0.0001, 'n_epochs': 150}
2022-12-16 03:17:25,647|INFO|nn.computeOptunaObjective|Trial 9 balacc:|[0.5233572095920274, 0.5, 0.5588235294117647, 0.5, 0.5, 0.52, 0.5138888888888888, 0.543515037593985]
2022-12-16 03:17:25,647|INFO|nn.computeOptunaObjective|Trial 9 rocauc:|[0.6788777547767784, 0.711416490486258, 0.6290516206482594, 0.6399220217196047, 0.673745374954401, 0.741551724137931, 0.6610032362459547, 0.7264164876476906]
2022-12-16 03:17:25,647|INFO|nn.computeOptunaObjective|Trial 9 timings:|7.8841793
2022-12-16 03:17:25,648|INFO|nn.computeOptunaObjective|Trial 9 objective:|0.5199480831858332
2022-12-16 03:17:35,994|INFO|nn.computeOptunaObjective|Trial 10 params:|{'n_layers': 2, 'architecture': 'bottom', 'lr': 0.001, 'n_epochs': 200}
2022-12-16 03:17:35,994|INFO|nn.computeOptunaObjective|Trial 10 balacc:|[0.659776137175518, 0.6614693446088795, 0.5858343337334934, 0.5854086715113905, 0.6411094898118714, 0.6813793103448276, 0.6243257820927723, 0.6757205513784461]
2022-12-16 03:17:35,994|INFO|nn.computeOptunaObjective|Trial 10 rocauc:|[0.737389854727316, 0.8321881606765328, 0.602641056422569, 0.7054278598840532, 0.8155974777216114, 0.8312068965517242, 0.839086659475009, 0.7936291621911923]
2022-12-16 03:17:35,994|INFO|nn.computeOptunaObjective|Trial 10 timings:|10.345163600000006
2022-12-16 03:17:35,994|INFO|nn.computeOptunaObjective|Trial 10 objective:|0.6393779525821499
2022-12-16 03:17:44,169|INFO|nn.computeOptunaObjective|Trial 11 params:|{'n_layers': 4, 'architecture': 'linear', 'lr': 0.001, 'n_epochs': 150}
2022-12-16 03:17:44,169|INFO|nn.computeOptunaObjective|Trial 11 balacc:|[0.6877773096158426, 0.6445560253699788, 0.6152460984393757, 0.6049236547725974, 0.6790088071290843, 0.7127586206896552, 0.7044228694714132, 0.7113408521303258]
2022-12-16 03:17:44,169|INFO|nn.computeOptunaObjective|Trial 11 rocauc:|[0.7673695202154359, 0.8251849894291754, 0.6278511404561826, 0.7122662692904385, 0.8193756839856168, 0.837212643678161, 0.8478065444084861, 0.8136345327604725]
2022-12-16 03:17:44,169|INFO|nn.computeOptunaObjective|Trial 11 timings:|8.172034100000005
2022-12-16 03:17:44,169|INFO|nn.computeOptunaObjective|Trial 11 objective:|0.6700042797022842
2022-12-16 03:17:54,670|INFO|nn.computeOptunaObjective|Trial 12 params:|{'n_layers': 2, 'architecture': 'outer', 'lr': 0.001, 'n_epochs': 200}
2022-12-16 03:17:54,670|INFO|nn.computeOptunaObjective|Trial 12 balacc:|[0.6569073222562148, 0.5991014799154334, 0.5654261704681873, 0.5989630113497183, 0.6419172442545208, 0.6913793103448276, 0.6291801510248112, 0.687593984962406]
2022-12-16 03:17:54,670|INFO|nn.computeOptunaObjective|Trial 12 rocauc:|[0.7433491490647958, 0.8004756871035942, 0.6290516206482593, 0.7110006532211971, 0.8092396685601125, 0.8446551724137931, 0.8264113628191297, 0.7986909237379163]
2022-12-16 03:17:54,670|INFO|nn.computeOptunaObjective|Trial 12 timings:|10.497761499999996
2022-12-16 03:17:54,670|INFO|nn.computeOptunaObjective|Trial 12 objective:|0.6338085843220149
2022-12-16 03:18:05,418|INFO|nn.computeOptunaObjective|Trial 13 params:|{'n_layers': 2, 'architecture': 'inner', 'lr': 0.001, 'n_epochs': 200}
2022-12-16 03:18:05,418|INFO|nn.computeOptunaObjective|Trial 13 balacc:|[0.6765292102515251, 0.6358350951374208, 0.5858343337334934, 0.5974524373315914, 0.640301735369222, 0.7013793103448276, 0.6488673139158576, 0.6869987468671679]
2022-12-16 03:18:05,418|INFO|nn.computeOptunaObjective|Trial 13 rocauc:|[0.7540275157088684, 0.8337737843551797, 0.6218487394957983, 0.7098575161263984, 0.8109333472301841, 0.8476436781609196, 0.8362549442646531, 0.8014343895452917]
2022-12-16 03:18:05,418|INFO|nn.computeOptunaObjective|Trial 13 timings:|10.749576000000005
2022-12-16 03:18:05,418|INFO|nn.computeOptunaObjective|Trial 13 objective:|0.6466497728688881
2022-12-16 03:18:16,397|INFO|nn.computeOptunaObjective|Trial 14 params:|{'n_layers': 3, 'architecture': 'linear', 'lr': 0.0001, 'n_epochs': 200}
2022-12-16 03:18:16,397|INFO|nn.computeOptunaObjective|Trial 14 balacc:|[0.6276274570868522, 0.5961945031712473, 0.6062424969987995, 0.5, 0.6322372192401897, 0.655632183908046, 0.6072006472491909, 0.6839285714285714]
2022-12-16 03:18:16,397|INFO|nn.computeOptunaObjective|Trial 14 rocauc:|[0.7489383919248174, 0.8446088794926004, 0.6614645858343338, 0.6995080427859884, 0.7942571264787117, 0.8182758620689655, 0.8079827400215749, 0.7943049588256356]
2022-12-16 03:18:16,397|INFO|nn.computeOptunaObjective|Trial 14 timings:|10.973142199999998
2022-12-16 03:18:16,397|INFO|nn.computeOptunaObjective|Trial 14 objective:|0.6136328848853622
2022-12-16 03:18:24,740|INFO|nn.computeOptunaObjective|Trial 15 params:|{'n_layers': 3, 'architecture': 'outer', 'lr': 0.0001, 'n_epochs': 150}
2022-12-16 03:18:24,740|INFO|nn.computeOptunaObjective|Trial 15 balacc:|[0.601993148551853, 0.5, 0.5678271308523409, 0.5, 0.5, 0.6256896551724138, 0.5, 0.6328007518796993]
2022-12-16 03:18:24,740|INFO|nn.computeOptunaObjective|Trial 15 rocauc:|[0.7204334365325078, 0.8395877378435518, 0.6266506602641058, 0.6671123540458888, 0.7677575694408255, 0.811896551724138, 0.7558432218626394, 0.7813618868600072]
2022-12-16 03:18:24,740|INFO|nn.computeOptunaObjective|Trial 15 timings:|8.340742199999994
2022-12-16 03:18:24,740|INFO|nn.computeOptunaObjective|Trial 15 objective:|0.5535388358070383
2022-12-16 03:18:32,744|INFO|nn.computeOptunaObjective|Trial 16 params:|{'n_layers': 2, 'architecture': 'inner', 'lr': 0.0001, 'n_epochs': 150}
2022-12-16 03:18:32,744|INFO|nn.computeOptunaObjective|Trial 16 balacc:|[0.5711652957663913, 0.5, 0.578031212484994, 0.5, 0.5, 0.56, 0.5, 0.5789160401002507]
2022-12-16 03:18:32,744|INFO|nn.computeOptunaObjective|Trial 16 rocauc:|[0.7092659424405077, 0.7819767441860466, 0.6230492196878752, 0.6594574181432188, 0.746417218197926, 0.7938505747126436, 0.7099065084501978, 0.7640015216612961]
2022-12-16 03:18:32,744|INFO|nn.computeOptunaObjective|Trial 16 timings:|8.000903300000004
2022-12-16 03:18:32,744|INFO|nn.computeOptunaObjective|Trial 16 objective:|0.5360140685439545
2022-12-16 03:18:40,756|INFO|nn.computeOptunaObjective|Trial 17 params:|{'n_layers': 2, 'architecture': 'linear', 'lr': 0.001, 'n_epochs': 150}
2022-12-16 03:18:40,757|INFO|nn.computeOptunaObjective|Trial 17 balacc:|[0.6707018154505652, 0.6643763213530656, 0.5552220888355343, 0.596697150322528, 0.634660482568138, 0.6713793103448276, 0.6504854368932039, 0.6886904761904762]
2022-12-16 03:18:40,757|INFO|nn.computeOptunaObjective|Trial 17 rocauc:|[0.7531536812794255, 0.8253171247357294, 0.6254501800720288, 0.7103066056993549, 0.8181770806191047, 0.8475862068965516, 0.8454692556634305, 0.8000067132116004]
2022-12-16 03:18:40,757|INFO|nn.computeOptunaObjective|Trial 17 timings:|8.0103929
2022-12-16 03:18:40,757|INFO|nn.computeOptunaObjective|Trial 17 objective:|0.6415266352447924
2022-12-16 03:18:51,671|INFO|nn.computeOptunaObjective|Trial 18 params:|{'n_layers': 4, 'architecture': 'linear', 'lr': 0.001, 'n_epochs': 200}
2022-12-16 03:18:51,671|INFO|nn.computeOptunaObjective|Trial 18 balacc:|[0.6776705076300218, 0.6585623678646935, 0.6050420168067226, 0.5929207152772108, 0.630634738652353, 0.7185057471264368, 0.6643743257820928, 0.6973997493734335]
2022-12-16 03:18:51,671|INFO|nn.computeOptunaObjective|Trial 18 rocauc:|[0.753553043764999, 0.8027219873150107, 0.6038415366146459, 0.6971911488527803, 0.8111157433946532, 0.8320114942528736, 0.8443455591513844, 0.8200881668456855]
2022-12-16 03:18:51,671|INFO|nn.computeOptunaObjective|Trial 18 timings:|10.913275999999996
2022-12-16 03:18:51,671|INFO|nn.computeOptunaObjective|Trial 18 objective:|0.6556387710641206
2022-12-16 03:18:57,104|INFO|nn.computeOptunaObjective|Trial 19 params:|{'n_layers': 3, 'architecture': 'top', 'lr': 0.001, 'n_epochs': 100}
2022-12-16 03:18:57,104|INFO|nn.computeOptunaObjective|Trial 19 balacc:|[0.6870903328631359, 0.6812896405919662, 0.6152460984393757, 0.5816730627908876, 0.6854578143728178, 0.735632183908046, 0.6814994606256742, 0.7098684210526316]
2022-12-16 03:18:57,104|INFO|nn.computeOptunaObjective|Trial 19 rocauc:|[0.7753329547328118, 0.8353594080338267, 0.6110444177671068, 0.699773413897281, 0.8317786231695242, 0.8519540229885058, 0.8579647608773822, 0.8172551915503043]
2022-12-16 03:18:57,104|INFO|nn.computeOptunaObjective|Trial 19 timings:|5.429234600000001
2022-12-16 03:18:57,105|INFO|nn.computeOptunaObjective|Trial 19 objective:|0.6722196268305669
2022-12-16 03:19:07,841|INFO|nn.computeOptunaObjective|Trial 20 params:|{'n_layers': 3, 'architecture': 'top', 'lr': 0.0001, 'n_epochs': 200}
2022-12-16 03:19:07,841|INFO|nn.computeOptunaObjective|Trial 20 balacc:|[0.6577207027314196, 0.6416490486257929, 0.6062424969987995, 0.5765085327018862, 0.6548152587419875, 0.6856321839080459, 0.6504854368932039, 0.6951127819548872]
2022-12-16 03:19:07,841|INFO|nn.computeOptunaObjective|Trial 20 rocauc:|[0.7727645776466925, 0.8353594080338267, 0.6638655462184875, 0.7156140279252061, 0.8121319505966961, 0.8304597701149425, 0.834591873426825, 0.804656731113498]
2022-12-16 03:19:07,841|INFO|nn.computeOptunaObjective|Trial 20 timings:|10.732515799999987
2022-12-16 03:19:07,841|INFO|nn.computeOptunaObjective|Trial 20 objective:|0.6460208053195029
2022-12-16 03:19:15,776|INFO|nn.computeOptunaObjective|Trial 21 params:|{'n_layers': 3, 'architecture': 'outer', 'lr': 0.001, 'n_epochs': 150}
2022-12-16 03:19:15,776|INFO|nn.computeOptunaObjective|Trial 21 balacc:|[0.68258376536538, 0.6585623678646935, 0.5960384153661464, 0.5914101412590839, 0.6580462765125853, 0.6899425287356322, 0.688915857605178, 0.7074874686716792]
2022-12-16 03:19:15,776|INFO|nn.computeOptunaObjective|Trial 21 rocauc:|[0.7622510854232694, 0.8266384778012685, 0.6020408163265306, 0.69418020739773, 0.8343842826619416, 0.8477586206896551, 0.8391765551959727, 0.8093604547081992]
2022-12-16 03:19:15,776|INFO|nn.computeOptunaObjective|Trial 21 timings:|7.936981299999985
2022-12-16 03:19:15,776|INFO|nn.computeOptunaObjective|Trial 21 objective:|0.6591233526725473
2022-12-16 03:19:21,377|INFO|nn.computeOptunaObjective|Trial 22 params:|{'n_layers': 4, 'architecture': 'inner', 'lr': 0.001, 'n_epochs': 100}
2022-12-16 03:19:21,377|INFO|nn.computeOptunaObjective|Trial 22 balacc:|[0.6845384432190814, 0.6871035940803383, 0.6254501800720288, 0.5975340899812198, 0.68222679660222, 0.6913218390804597, 0.6734088457389428, 0.7135964912280701]
2022-12-16 03:19:21,377|INFO|nn.computeOptunaObjective|Trial 22 rocauc:|[0.781506585817136, 0.8321881606765329, 0.645858343337335, 0.7202069894668082, 0.81690030746782, 0.8331034482758621, 0.8397159295217548, 0.8040480665950591]
2022-12-16 03:19:21,377|INFO|nn.computeOptunaObjective|Trial 22 timings:|5.593301699999984
2022-12-16 03:19:21,377|INFO|nn.computeOptunaObjective|Trial 22 objective:|0.6693975350002951
2022-12-16 03:19:29,661|INFO|nn.computeOptunaObjective|Trial 23 params:|{'n_layers': 4, 'architecture': 'top', 'lr': 0.001, 'n_epochs': 150}
2022-12-16 03:19:29,661|INFO|nn.computeOptunaObjective|Trial 23 balacc:|[0.6854104457105171, 0.5932875264270613, 0.6152460984393757, 0.6183963419612967, 0.6427249986971703, 0.7070689655172414, 0.6504854368932039, 0.6899749373433584]
2022-12-16 03:19:29,661|INFO|nn.computeOptunaObjective|Trial 23 rocauc:|[0.7743400443328998, 0.7936046511627908, 0.6308523409363744, 0.7183085653629461, 0.8133566105581322, 0.8297701149425287, 0.8514023732470335, 0.8197055137844611]
2022-12-16 03:19:29,661|INFO|nn.computeOptunaObjective|Trial 23 timings:|8.292619299999984
2022-12-16 03:19:29,661|INFO|nn.computeOptunaObjective|Trial 23 objective:|0.6503243438736531
2022-12-16 03:19:39,688|INFO|nn.computeOptunaObjective|Trial 24 params:|{'n_layers': 2, 'architecture': 'inner', 'lr': 0.0001, 'n_epochs': 200}
2022-12-16 03:19:39,688|INFO|nn.computeOptunaObjective|Trial 24 balacc:|[0.5949823217982303, 0.562367864693446, 0.5768307322929171, 0.5060014697476933, 0.5733753713064776, 0.6456896551724138, 0.531957928802589, 0.6383458646616542]
2022-12-16 03:19:39,688|INFO|nn.computeOptunaObjective|Trial 24 rocauc:|[0.726684009013135, 0.8401162790697674, 0.6626650660264106, 0.6881174981628154, 0.7707280212621814, 0.8064367816091953, 0.7624955052139518, 0.7790570175438596]
2022-12-16 03:19:39,688|INFO|nn.computeOptunaObjective|Trial 24 timings:|10.024774799999989
2022-12-16 03:19:39,688|INFO|nn.computeOptunaObjective|Trial 24 objective:|0.5786939010594278
2022-12-16 03:19:49,742|INFO|nn.computeOptunaObjective|Trial 25 params:|{'n_layers': 3, 'architecture': 'bottom', 'lr': 0.0001, 'n_epochs': 200}
2022-12-16 03:19:49,742|INFO|nn.computeOptunaObjective|Trial 25 balacc:|[0.5905655192628281, 0.5565539112050739, 0.5666266506602641, 0.5, 0.5362838084319141, 0.6171264367816092, 0.5368122977346278, 0.6360588972431077]
2022-12-16 03:19:49,742|INFO|nn.computeOptunaObjective|Trial 25 rocauc:|[0.7152527158480958, 0.8311310782241015, 0.6206482593037215, 0.6679697068669879, 0.7582208556985773, 0.7963218390804597, 0.7305825242718447, 0.7709027031865379]
2022-12-16 03:19:49,742|INFO|nn.computeOptunaObjective|Trial 25 timings:|10.038618200000002
2022-12-16 03:19:49,742|INFO|nn.computeOptunaObjective|Trial 25 objective:|0.5675034401649282
2022-12-16 03:19:57,365|INFO|nn.computeOptunaObjective|Trial 26 params:|{'n_layers': 2, 'architecture': 'outer', 'lr': 0.0001, 'n_epochs': 150}
2022-12-16 03:19:57,366|INFO|nn.computeOptunaObjective|Trial 26 balacc:|[0.5651107406525363, 0.5, 0.5882352941176471, 0.5, 0.5080645161290323, 0.53, 0.5138888888888888, 0.5997807017543859]
2022-12-16 03:19:57,366|INFO|nn.computeOptunaObjective|Trial 26 rocauc:|[0.7054958140216535, 0.7856765327695561, 0.6278511404561824, 0.6610496448109741, 0.7403981447704414, 0.7845977011494252, 0.7105357784969435, 0.7626991586108127]
2022-12-16 03:19:57,366|INFO|nn.computeOptunaObjective|Trial 26 timings:|7.620280600000001
2022-12-16 03:19:57,366|INFO|nn.computeOptunaObjective|Trial 26 objective:|0.5381350176928112
2022-12-16 03:20:02,578|INFO|nn.computeOptunaObjective|Trial 27 params:|{'n_layers': 3, 'architecture': 'inner', 'lr': 0.0001, 'n_epochs': 100}
2022-12-16 03:20:02,578|INFO|nn.computeOptunaObjective|Trial 27 balacc:|[0.5, 0.5, 0.5, 0.5, 0.5, 0.5, 0.5, 0.5]
2022-12-16 03:20:02,578|INFO|nn.computeOptunaObjective|Trial 27 rocauc:|[0.6828933628885999, 0.7597780126849895, 0.6086434573829531, 0.645229443945456, 0.7289071864088802, 0.7848275862068966, 0.6970514203523912, 0.7265059971356964]
2022-12-16 03:20:02,578|INFO|nn.computeOptunaObjective|Trial 27 timings:|5.209485300000011
2022-12-16 03:20:02,578|INFO|nn.computeOptunaObjective|Trial 27 objective:|0.5
2022-12-16 03:20:10,665|INFO|nn.computeOptunaObjective|Trial 28 params:|{'n_layers': 3, 'architecture': 'top', 'lr': 0.001, 'n_epochs': 150}
2022-12-16 03:20:10,666|INFO|nn.computeOptunaObjective|Trial 28 balacc:|[0.6855423452470368, 0.672568710359408, 0.6152460984393757, 0.5906548542500204, 0.6524050237115013, 0.6999425287356322, 0.7028047464940669, 0.7012531328320801]
2022-12-16 03:20:10,666|INFO|nn.computeOptunaObjective|Trial 28 rocauc:|[0.7660450290362174, 0.8333773784355181, 0.6230492196878752, 0.7035498489425982, 0.8327427171817187, 0.8504022988505747, 0.8598525710176196, 0.8143103293949159]
2022-12-16 03:20:10,666|INFO|nn.computeOptunaObjective|Trial 28 timings:|8.08399990000001
2022-12-16 03:20:10,666|INFO|nn.computeOptunaObjective|Trial 28 objective:|0.6650521800086402
2022-12-16 03:20:16,165|INFO|nn.computeOptunaObjective|Trial 29 params:|{'n_layers': 4, 'architecture': 'outer', 'lr': 0.001, 'n_epochs': 100}
2022-12-16 03:20:16,165|INFO|nn.computeOptunaObjective|Trial 29 balacc:|[0.6849029988825178, 0.6358350951374208, 0.6254501800720288, 0.5892667592063362, 0.7056125905466674, 0.7027586206896552, 0.6750269687162891, 0.7204260651629073]
2022-12-16 03:20:16,165|INFO|nn.computeOptunaObjective|Trial 29 rocauc:|[0.7802828512283144, 0.8266384778012685, 0.6374549819927972, 0.716757165020005, 0.8136432331022982, 0.836264367816092, 0.8362998921251348, 0.8030724131757967]
2022-12-16 03:20:16,165|INFO|nn.computeOptunaObjective|Trial 29 timings:|5.496019000000018
2022-12-16 03:20:16,165|INFO|nn.computeOptunaObjective|Trial 29 objective:|0.6674099098017278
2022-12-16 03:20:27,047|INFO|nn.computeOptunaObjective|Trial 30 params:|{'n_layers': 4, 'architecture': 'linear', 'lr': 0.0001, 'n_epochs': 200}
2022-12-16 03:20:27,047|INFO|nn.computeOptunaObjective|Trial 30 balacc:|[0.6644146042097936, 0.6614693446088795, 0.5960384153661464, 0.5, 0.6677132732294544, 0.6913218390804597, 0.645631067961165, 0.7021303258145364]
2022-12-16 03:20:27,047|INFO|nn.computeOptunaObjective|Trial 30 rocauc:|[0.7675911847143093, 0.8451374207188161, 0.6446578631452581, 0.7097554503143627, 0.8052530095367136, 0.8120114942528736, 0.8145451276519237, 0.7954999104905119]
2022-12-16 03:20:27,047|INFO|nn.computeOptunaObjective|Trial 30 timings:|10.892893299999969
2022-12-16 03:20:27,047|INFO|nn.computeOptunaObjective|Trial 30 objective:|0.6410898587838044
2022-12-16 03:20:32,501|INFO|nn.computeOptunaObjective|Trial 31 params:|{'n_layers': 3, 'architecture': 'top', 'lr': 0.0001, 'n_epochs': 100}
2022-12-16 03:20:32,501|INFO|nn.computeOptunaObjective|Trial 31 balacc:|[0.5310971476725227, 0.5, 0.5294117647058824, 0.5, 0.5, 0.5, 0.5, 0.5329260651629073]
2022-12-16 03:20:32,501|INFO|nn.computeOptunaObjective|Trial 31 rocauc:|[0.7079322915712531, 0.8150105708245243, 0.6014405762304922, 0.6651526904548053, 0.7659857209859817, 0.8221264367816092, 0.7444264653002517, 0.772921142141067]
2022-12-16 03:20:32,501|INFO|nn.computeOptunaObjective|Trial 31 timings:|5.436354599999959
2022-12-16 03:20:32,501|INFO|nn.computeOptunaObjective|Trial 31 objective:|0.511679372192664
2022-12-16 03:20:43,100|INFO|nn.computeOptunaObjective|Trial 32 params:|{'n_layers': 4, 'architecture': 'inner', 'lr': 0.001, 'n_epochs': 200}
2022-12-16 03:20:43,100|INFO|nn.computeOptunaObjective|Trial 32 balacc:|[0.6843644091083958, 0.5932875264270613, 0.6152460984393757, 0.6221319506817996, 0.661277294283183, 0.7056321839080459, 0.6659924487594391, 0.7114348370927318]
2022-12-16 03:20:43,100|INFO|nn.computeOptunaObjective|Trial 32 rocauc:|[0.7678787989814424, 0.7863372093023255, 0.6458583433373349, 0.712858251000245, 0.810490385116473, 0.8297413793103448, 0.8394462423588637, 0.8146168993913354]
2022-12-16 03:20:43,100|INFO|nn.computeOptunaObjective|Trial 32 timings:|10.59523089999999
2022-12-16 03:20:43,100|INFO|nn.computeOptunaObjective|Trial 32 objective:|0.657420843587504
2022-12-16 03:20:50,789|INFO|nn.computeOptunaObjective|Trial 33 params:|{'n_layers': 3, 'architecture': 'bottom', 'lr': 0.001, 'n_epochs': 150}
2022-12-16 03:20:50,789|INFO|nn.computeOptunaObjective|Trial 33 balacc:|[0.6870005679007822, 0.6783826638477801, 0.5960384153661464, 0.60639340246591, 0.6773932982437856, 0.6885057471264369, 0.6782632146709817, 0.7082706766917293]
2022-12-16 03:20:50,789|INFO|nn.computeOptunaObjective|Trial 33 rocauc:|[0.7630241632623153, 0.8205602536997885, 0.6104441776710685, 0.7055095125336818, 0.8248475689196935, 0.8403448275862069, 0.8390866594750089, 0.8034908700322233]
2022-12-16 03:20:50,789|INFO|nn.computeOptunaObjective|Trial 33 timings:|7.686730699999998
2022-12-16 03:20:50,789|INFO|nn.computeOptunaObjective|Trial 33 objective:|0.6650309982891941
2022-12-16 03:21:01,315|INFO|nn.computeOptunaObjective|Trial 34 params:|{'n_layers': 3, 'architecture': 'inner', 'lr': 0.001, 'n_epochs': 200}
2022-12-16 03:21:01,315|INFO|nn.computeOptunaObjective|Trial 34 balacc:|[0.6820818143514024, 0.6754756871035941, 0.5756302521008403, 0.5816322364660733, 0.6427249986971703, 0.6885057471264369, 0.6905339805825242, 0.7088659147869674]
2022-12-16 03:21:01,315|INFO|nn.computeOptunaObjective|Trial 34 rocauc:|[0.7643651418835987, 0.8380021141649049, 0.6110444177671069, 0.6954764432105822, 0.8295768408984314, 0.8407471264367817, 0.840794678173319, 0.8116272824919442]
2022-12-16 03:21:01,315|INFO|nn.computeOptunaObjective|Trial 34 timings:|10.529542400000025
2022-12-16 03:21:01,315|INFO|nn.computeOptunaObjective|Trial 34 objective:|0.6556813289018761
2022-12-16 03:21:12,213|INFO|nn.computeOptunaObjective|Trial 35 params:|{'n_layers': 4, 'architecture': 'top', 'lr': 0.001, 'n_epochs': 200}
2022-12-16 03:21:12,213|INFO|nn.computeOptunaObjective|Trial 35 balacc:|[0.675620568999945, 0.5991014799154334, 0.6050420168067226, 0.6071078631501592, 0.6620720204283704, 0.6970689655172414, 0.6782632146709817, 0.6965225563909775]
2022-12-16 03:21:12,213|INFO|nn.computeOptunaObjective|Trial 35 rocauc:|[0.7722974334548519, 0.8039112050739958, 0.6374549819927972, 0.7111231321956398, 0.8085100839022357, 0.8274425287356322, 0.8476267529665586, 0.8151181525241675]
2022-12-16 03:21:12,213|INFO|nn.computeOptunaObjective|Trial 35 timings:|10.88578670000004
2022-12-16 03:21:12,213|INFO|nn.computeOptunaObjective|Trial 35 objective:|0.6525998357349789
2022-12-16 03:21:19,674|INFO|nn.computeOptunaObjective|Trial 36 params:|{'n_layers': 3, 'architecture': 'bottom', 'lr': 0.0001, 'n_epochs': 150}
2022-12-16 03:21:19,674|INFO|nn.computeOptunaObjective|Trial 36 balacc:|[0.5, 0.5, 0.5588235294117647, 0.5, 0.5, 0.52, 0.5, 0.5113721804511279]
2022-12-16 03:21:19,674|INFO|nn.computeOptunaObjective|Trial 36 rocauc:|[0.6706926557605292, 0.7193446088794926, 0.6134453781512605, 0.6353290601780028, 0.7130647766949815, 0.7641954022988505, 0.679881337648328, 0.7182800751879699]
2022-12-16 03:21:19,674|INFO|nn.computeOptunaObjective|Trial 36 timings:|7.457324299999982
2022-12-16 03:21:19,674|INFO|nn.computeOptunaObjective|Trial 36 objective:|0.5112744637328616
2022-12-16 03:21:27,413|INFO|nn.computeOptunaObjective|Trial 37 params:|{'n_layers': 3, 'architecture': 'linear', 'lr': 0.0001, 'n_epochs': 150}
2022-12-16 03:21:27,413|INFO|nn.computeOptunaObjective|Trial 37 balacc:|[0.5815945188414824, 0.5, 0.5678271308523409, 0.5, 0.4991922455573506, 0.6071264367816092, 0.5245415318230852, 0.6179824561403509]
2022-12-16 03:21:27,414|INFO|nn.computeOptunaObjective|Trial 37 rocauc:|[0.7261820579991574, 0.8493657505285412, 0.6266506602641057, 0.6851167632889688, 0.7751836989942155, 0.8149425287356321, 0.7701366414958648, 0.7816975474400287]
2022-12-16 03:21:27,414|INFO|nn.computeOptunaObjective|Trial 37 timings:|7.735896799999978
2022-12-16 03:21:27,414|INFO|nn.computeOptunaObjective|Trial 37 objective:|0.5497830399995274
2022-12-16 03:21:37,721|INFO|nn.computeOptunaObjective|Trial 38 params:|{'n_layers': 4, 'architecture': 'bottom', 'lr': 0.001, 'n_epochs': 200}
2022-12-16 03:21:37,721|INFO|nn.computeOptunaObjective|Trial 38 balacc:|[0.6835876673933354, 0.6585623678646935, 0.5960384153661464, 0.59363517596146, 0.6870733232581165, 0.7498850574712643, 0.6782632146709817, 0.7153822055137844]
2022-12-16 03:21:37,721|INFO|nn.computeOptunaObjective|Trial 38 rocauc:|[0.757935039478264, 0.8127642706131077, 0.5936374549819928, 0.7034273699681555, 0.8263588514252956, 0.8367528735632185, 0.830591513843941, 0.8093045112781955]
2022-12-16 03:21:37,721|INFO|nn.computeOptunaObjective|Trial 38 timings:|10.314662599999963
2022-12-16 03:21:37,721|INFO|nn.computeOptunaObjective|Trial 38 objective:|0.6703034284374727
2022-12-16 03:21:46,698|INFO|nn.computeOptunaObjective|Trial 39 params:|{'n_layers': 4, 'architecture': 'top', 'lr': 0.0001, 'n_epochs': 150}
2022-12-16 03:21:46,698|INFO|nn.computeOptunaObjective|Trial 39 balacc:|[0.6620477403044681, 0.6614693446088795, 0.5960384153661464, 0.5, 0.6693287821147533, 0.6884482758620689, 0.6440129449838188, 0.6889724310776942]
2022-12-16 03:21:46,698|INFO|nn.computeOptunaObjective|Trial 39 rocauc:|[0.770910656383388, 0.8448731501057083, 0.6506602641056423, 0.7153078304890994, 0.8110375736098807, 0.814655172413793, 0.8224559510967278, 0.7985387576083064]
2022-12-16 03:21:46,699|INFO|nn.computeOptunaObjective|Trial 39 timings:|8.961584399999992
2022-12-16 03:21:46,699|INFO|nn.computeOptunaObjective|Trial 39 objective:|0.6387897417897287
2022-12-16 03:21:58,106|INFO|nn.computeOptunaObjective|Trial 40 params:|{'n_layers': 3, 'architecture': 'linear', 'lr': 0.001, 'n_epochs': 200}
2022-12-16 03:21:58,106|INFO|nn.computeOptunaObjective|Trial 40 balacc:|[0.6874548885265723, 0.6754756871035941, 0.5858343337334934, 0.5914101412590839, 0.6653030381989682, 0.6885057471264369, 0.6905339805825242, 0.7107456140350877]
2022-12-16 03:21:58,106|INFO|nn.computeOptunaObjective|Trial 40 rocauc:|[0.7662593657830619, 0.8389270613107822, 0.6350540216086433, 0.6890156773087287, 0.8282870394496847, 0.8424137931034483, 0.8469075871988493, 0.811595954171142]
2022-12-16 03:21:58,106|INFO|nn.computeOptunaObjective|Trial 40 timings:|11.412701200000015
2022-12-16 03:21:58,106|INFO|nn.computeOptunaObjective|Trial 40 objective:|0.6619079288207201
2022-12-16 03:22:09,926|INFO|nn.computeOptunaObjective|Trial 41 params:|{'n_layers': 4, 'architecture': 'outer', 'lr': 0.001, 'n_epochs': 200}
2022-12-16 03:22:09,926|INFO|nn.computeOptunaObjective|Trial 41 balacc:|[0.6795775550955356, 0.6982029598308668, 0.6254501800720288, 0.5764677063770719, 0.6427249986971703, 0.7056321839080459, 0.7028047464940669, 0.6979010025062657]
2022-12-16 03:22:09,926|INFO|nn.computeOptunaObjective|Trial 41 rocauc:|[0.7835748438272848, 0.8476479915433404, 0.637454981992797, 0.7044276149261044, 0.8109854604200323, 0.8387068965517241, 0.8502337288745055, 0.8189290189760116]
2022-12-16 03:22:09,926|INFO|nn.computeOptunaObjective|Trial 41 timings:|11.80894440000003
2022-12-16 03:22:09,926|INFO|nn.computeOptunaObjective|Trial 41 objective:|0.6660951666226316
2022-12-16 03:22:19,545|INFO|nn.computeOptunaObjective|Trial 42 params:|{'n_layers': 2, 'architecture': 'linear', 'lr': 0.0001, 'n_epochs': 150}
2022-12-16 03:22:19,546|INFO|nn.computeOptunaObjective|Trial 42 balacc:|[0.5691629875245022, 0.5, 0.5678271308523409, 0.5, 0.5, 0.54, 0.5138888888888888, 0.6009711779448621]
2022-12-16 03:22:19,546|INFO|nn.computeOptunaObjective|Trial 42 rocauc:|[0.7048949383552859, 0.7758985200845666, 0.6290516206482594, 0.6618049318200376, 0.7414664651623325, 0.7957471264367816, 0.7133225458468178, 0.7636166308628715]
2022-12-16 03:22:19,546|INFO|nn.computeOptunaObjective|Trial 42 timings:|9.61261410000003
2022-12-16 03:22:19,546|INFO|nn.computeOptunaObjective|Trial 42 objective:|0.5364812731513242
2022-12-16 03:22:28,432|INFO|nn.computeOptunaObjective|Trial 43 params:|{'n_layers': 4, 'architecture': 'linear', 'lr': 0.0001, 'n_epochs': 150}
2022-12-16 03:22:28,432|INFO|nn.computeOptunaObjective|Trial 43 balacc:|[0.6009892465238976, 0.5338266384778012, 0.5474189675870348, 0.5, 0.5, 0.4985632183908046, 0.5335760517799353, 0.6085839598997493]
2022-12-16 03:22:28,432|INFO|nn.computeOptunaObjective|Trial 43 rocauc:|[0.740476670269478, 0.8459302325581396, 0.6398559423769508, 0.6915264962848044, 0.785528167179113, 0.8201724137931035, 0.7942286947141315, 0.7849601682778374]
2022-12-16 03:22:28,432|INFO|nn.computeOptunaObjective|Trial 43 timings:|8.882440400000007
2022-12-16 03:22:28,433|INFO|nn.computeOptunaObjective|Trial 43 objective:|0.5403697603324029
2022-12-16 03:22:39,334|INFO|nn.computeOptunaObjective|Trial 44 params:|{'n_layers': 4, 'architecture': 'outer', 'lr': 0.0001, 'n_epochs': 200}
2022-12-16 03:22:39,334|INFO|nn.computeOptunaObjective|Trial 44 balacc:|[0.6560829501529668, 0.6358350951374208, 0.5960384153661464, 0.5, 0.6749700349158372, 0.6927586206896552, 0.6285059331175836, 0.69984335839599]
2022-12-16 03:22:39,334|INFO|nn.computeOptunaObjective|Trial 44 rocauc:|[0.7601351970249326, 0.8528012684989429, 0.6626650660264105, 0.7085510737323425, 0.8014487466777841, 0.8157471264367816, 0.8117583603020495, 0.7930249731471536]
2022-12-16 03:22:39,334|INFO|nn.computeOptunaObjective|Trial 44 timings:|10.897031700000014
2022-12-16 03:22:39,334|INFO|nn.computeOptunaObjective|Trial 44 objective:|0.63550430097195
2022-12-16 03:22:44,669|INFO|nn.computeOptunaObjective|Trial 45 params:|{'n_layers': 4, 'architecture': 'bottom', 'lr': 0.001, 'n_epochs': 100}
2022-12-16 03:22:44,669|INFO|nn.computeOptunaObjective|Trial 45 balacc:|[0.6666019381904116, 0.6754756871035941, 0.5960384153661464, 0.5, 0.6781880243889729, 0.6812643678160919, 0.6685544768069039, 0.718421052631579]
2022-12-16 03:22:44,669|INFO|nn.computeOptunaObjective|Trial 45 rocauc:|[0.7613442761096965, 0.8340380549682876, 0.6890756302521008, 0.712531640401731, 0.8092136119651885, 0.8083908045977011, 0.8113088816972313, 0.7879408342284282]
2022-12-16 03:22:44,669|INFO|nn.computeOptunaObjective|Trial 45 timings:|5.333539500000029
2022-12-16 03:22:44,669|INFO|nn.computeOptunaObjective|Trial 45 objective:|0.6480679952879624
2022-12-16 03:22:55,633|INFO|nn.computeOptunaObjective|Trial 46 params:|{'n_layers': 3, 'architecture': 'inner', 'lr': 0.0001, 'n_epochs': 200}
2022-12-16 03:22:55,633|INFO|nn.computeOptunaObjective|Trial 46 balacc:|[0.6263066297836481, 0.5734672304439746, 0.6062424969987995, 0.5, 0.617723695867424, 0.6656321839080459, 0.5778047464940669, 0.6794799498746867]
2022-12-16 03:22:55,633|INFO|nn.computeOptunaObjective|Trial 46 rocauc:|[0.756042647516808, 0.8485729386892177, 0.638655462184874, 0.7047950518494325, 0.7970712387305228, 0.8204022988505747, 0.8109492988133764, 0.7962428392409595]
2022-12-16 03:22:55,633|INFO|nn.computeOptunaObjective|Trial 46 timings:|10.95758410000002
2022-12-16 03:22:55,633|INFO|nn.computeOptunaObjective|Trial 46 objective:|0.6058321166713307
2022-12-16 03:23:03,869|INFO|nn.computeOptunaObjective|Trial 47 params:|{'n_layers': 2, 'architecture': 'top', 'lr': 0.001, 'n_epochs': 150}
2022-12-16 03:23:03,869|INFO|nn.computeOptunaObjective|Trial 47 balacc:|[0.6637807536592961, 0.6416490486257929, 0.5858343337334934, 0.5982077243406548, 0.6411094898118714, 0.6913793103448276, 0.6382146709816613, 0.6842418546365915]
2022-12-16 03:23:03,869|INFO|nn.computeOptunaObjective|Trial 47 rocauc:|[0.7523146536721197, 0.8364164904862579, 0.6122448979591837, 0.7115313954437821, 0.8162749491896399, 0.8485057471264368, 0.8398058252427184, 0.8057509846043681]
2022-12-16 03:23:03,869|INFO|nn.computeOptunaObjective|Trial 47 timings:|8.230669999999975
2022-12-16 03:23:03,869|INFO|nn.computeOptunaObjective|Trial 47 objective:|0.6430521482667736
2022-12-16 03:23:09,196|INFO|nn.computeOptunaObjective|Trial 48 params:|{'n_layers': 2, 'architecture': 'inner', 'lr': 0.001, 'n_epochs': 100}
2022-12-16 03:23:09,196|INFO|nn.computeOptunaObjective|Trial 48 balacc:|[0.6557238903035522, 0.6416490486257929, 0.5858343337334934, 0.5914509675838981, 0.6241727031111575, 0.6413793103448275, 0.636596548004315, 0.6891917293233083]
2022-12-16 03:23:09,196|INFO|nn.computeOptunaObjective|Trial 48 rocauc:|[0.7519061314965101, 0.8271670190274841, 0.617046818727491, 0.7165530333959338, 0.8155193079368389, 0.8442528735632185, 0.8362099964041712, 0.8042718403150735]
2022-12-16 03:23:09,196|INFO|nn.computeOptunaObjective|Trial 48 timings:|5.322692899999993
2022-12-16 03:23:09,196|INFO|nn.computeOptunaObjective|Trial 48 objective:|0.6332498163787932
2022-12-16 03:23:19,853|INFO|nn.computeOptunaObjective|Trial 49 params:|{'n_layers': 2, 'architecture': 'outer', 'lr': 0.0001, 'n_epochs': 200}
2022-12-16 03:23:19,853|INFO|nn.computeOptunaObjective|Trial 49 balacc:|[0.5927052228552586, 0.5169133192389006, 0.5768307322929171, 0.5044908957295664, 0.5516050862473292, 0.6056896551724138, 0.5351941747572816, 0.6289473684210527]
2022-12-16 03:23:19,853|INFO|nn.computeOptunaObjective|Trial 49 rocauc:|[0.7204151171524356, 0.8327167019027485, 0.6770708283313325, 0.6805442149097739, 0.7647610610245453, 0.8056896551724139, 0.7482020855807263, 0.7733239348370929]
2022-12-16 03:23:19,853|INFO|nn.computeOptunaObjective|Trial 49 timings:|10.666457600000001
2022-12-16 03:23:19,853|INFO|nn.computeOptunaObjective|Trial 49 objective:|0.56404705683934
2022-12-16 03:23:25,353|INFO|nn.computeOptunaObjective|Trial 50 params:|{'n_layers': 2, 'architecture': 'top', 'lr': 0.001, 'n_epochs': 100}
2022-12-16 03:23:25,353|INFO|nn.computeOptunaObjective|Trial 50 balacc:|[0.660457618114203, 0.6445560253699788, 0.556422569027611, 0.5906956805748347, 0.6265959664391056, 0.6813793103448276, 0.6382146709816613, 0.6835526315789474]
2022-12-16 03:23:25,353|INFO|nn.computeOptunaObjective|Trial 50 rocauc:|[0.7584241669261913, 0.8345665961945031, 0.631452581032413, 0.7147770882665143, 0.8195320235551619, 0.8525862068965516, 0.8371988493347717, 0.8081073218761189]
2022-12-16 03:23:25,353|INFO|nn.computeOptunaObjective|Trial 50 timings:|5.495038300000033
2022-12-16 03:23:25,353|INFO|nn.computeOptunaObjective|Trial 50 objective:|0.6352343090538961
2022-12-16 03:23:36,203|INFO|nn.computeOptunaObjective|Trial 51 params:|{'n_layers': 3, 'architecture': 'top', 'lr': 0.001, 'n_epochs': 200}
2022-12-16 03:23:36,203|INFO|nn.computeOptunaObjective|Trial 51 balacc:|[0.6870903328631359, 0.672568710359408, 0.6050420168067226, 0.586163958520454, 0.6677263015269165, 0.6613793103448276, 0.7150755124056094, 0.7044172932330827]
2022-12-16 03:23:36,203|INFO|nn.computeOptunaObjective|Trial 51 rocauc:|[0.7681151189843736, 0.8357558139534884, 0.6266506602641055, 0.6994876296235814, 0.8310750951065714, 0.8509770114942529, 0.8612459546925566, 0.8133391514500536]
2022-12-16 03:23:36,203|INFO|nn.computeOptunaObjective|Trial 51 timings:|10.841904599999964
2022-12-16 03:23:36,203|INFO|nn.computeOptunaObjective|Trial 51 objective:|0.6624329295075196
2022-12-16 03:23:41,508|INFO|nn.computeOptunaObjective|Trial 52 params:|{'n_layers': 2, 'architecture': 'bottom', 'lr': 0.001, 'n_epochs': 100}
2022-12-16 03:23:41,508|INFO|nn.computeOptunaObjective|Trial 52 balacc:|[0.6412900507446828, 0.5705602536997886, 0.5858343337334934, 0.5794480280885115, 0.6419172442545208, 0.632816091954023, 0.5858953613807983, 0.6830513784461153]
2022-12-16 03:23:41,508|INFO|nn.computeOptunaObjective|Trial 52 rocauc:|[0.7489237364207595, 0.8279598308668077, 0.6470588235294118, 0.7192475708336735, 0.8034029912970972, 0.825632183908046, 0.8138259618842144, 0.7888851593268886]
2022-12-16 03:23:41,508|INFO|nn.computeOptunaObjective|Trial 52 timings:|5.289913100000035
2022-12-16 03:23:41,508|INFO|nn.computeOptunaObjective|Trial 52 objective:|0.6151015927877417
2022-12-16 03:23:49,826|INFO|nn.computeOptunaObjective|Trial 53 params:|{'n_layers': 2, 'architecture': 'outer', 'lr': 0.001, 'n_epochs': 150}
2022-12-16 03:23:49,826|INFO|nn.computeOptunaObjective|Trial 53 balacc:|[0.668926667521571, 0.6643763213530656, 0.5654261704681873, 0.592961541602025, 0.634660482568138, 0.7185057471264368, 0.6120550161812297, 0.681766917293233]
2022-12-16 03:23:49,826|INFO|nn.computeOptunaObjective|Trial 53 rocauc:|[0.7513107516441644, 0.8208245243128964, 0.6122448979591837, 0.7059177757818241, 0.8194017405805409, 0.84, 0.8396260338007911, 0.7981784819190834]
2022-12-16 03:23:49,826|INFO|nn.computeOptunaObjective|Trial 53 timings:|8.313132500000052
2022-12-16 03:23:49,826|INFO|nn.computeOptunaObjective|Trial 53 objective:|0.6423348580142358
2022-12-16 03:23:55,353|INFO|nn.computeOptunaObjective|Trial 54 params:|{'n_layers': 3, 'architecture': 'inner', 'lr': 0.001, 'n_epochs': 100}
2022-12-16 03:23:55,353|INFO|nn.computeOptunaObjective|Trial 54 balacc:|[0.6750233572095921, 0.6585623678646935, 0.5858343337334934, 0.5869600718543317, 0.6870602949606546, 0.715632183908046, 0.6766450916936354, 0.6985902255639098]
2022-12-16 03:23:55,353|INFO|nn.computeOptunaObjective|Trial 54 rocauc:|[0.7769065894810119, 0.8387949260042283, 0.6434573829531813, 0.710653629460276, 0.8274011152222627, 0.8475287356321838, 0.8465480043149946, 0.813983619763695]
2022-12-16 03:23:55,353|INFO|nn.computeOptunaObjective|Trial 54 timings:|5.532255000000021
2022-12-16 03:23:55,353|INFO|nn.computeOptunaObjective|Trial 54 objective:|0.6605384908485445
2022-12-16 03:24:03,716|INFO|nn.computeOptunaObjective|Trial 55 params:|{'n_layers': 3, 'architecture': 'inner', 'lr': 0.001, 'n_epochs': 150}
2022-12-16 03:24:03,716|INFO|nn.computeOptunaObjective|Trial 55 balacc:|[0.6798523457966182, 0.6469344608879493, 0.6050420168067226, 0.60639340246591, 0.651597269268852, 0.7099425287356322, 0.6782632146709817, 0.7011591478696741]
2022-12-16 03:24:03,716|INFO|nn.computeOptunaObjective|Trial 55 rocauc:|[0.7707329583966879, 0.8276955602536997, 0.6404561824729892, 0.7021413407365068, 0.832026160821304, 0.8497701149425286, 0.8676285508809781, 0.8127573397780165]
2022-12-16 03:24:03,716|INFO|nn.computeOptunaObjective|Trial 55 timings:|8.347867899999983
2022-12-16 03:24:03,716|INFO|nn.computeOptunaObjective|Trial 55 objective:|0.6598980483127925
2022-12-16 03:24:11,806|INFO|nn.computeOptunaObjective|Trial 56 params:|{'n_layers': 4, 'architecture': 'bottom', 'lr': 0.0001, 'n_epochs': 150}
2022-12-16 03:24:11,806|INFO|nn.computeOptunaObjective|Trial 56 balacc:|[0.5, 0.5, 0.5294117647058824, 0.5, 0.5, 0.5, 0.5, 0.5031641604010025]
2022-12-16 03:24:11,806|INFO|nn.computeOptunaObjective|Trial 56 rocauc:|[0.6676589664205763, 0.6802325581395349, 0.6158463385354142, 0.6404935902670043, 0.6742143936630361, 0.732758620689655, 0.6519237684286228, 0.696766469745793]
2022-12-16 03:24:11,806|INFO|nn.computeOptunaObjective|Trial 56 timings:|8.089849800000025
2022-12-16 03:24:11,806|INFO|nn.computeOptunaObjective|Trial 56 objective:|0.5040719906383606
2022-12-16 03:24:17,255|INFO|nn.computeOptunaObjective|Trial 57 params:|{'n_layers': 2, 'architecture': 'linear', 'lr': 0.001, 'n_epochs': 100}
2022-12-16 03:24:17,255|INFO|nn.computeOptunaObjective|Trial 57 balacc:|[0.6601406928389544, 0.6871035940803383, 0.5858343337334934, 0.5989630113497183, 0.6354682370107875, 0.6513793103448275, 0.6104368932038835, 0.6880012531328321]
2022-12-16 03:24:17,255|INFO|nn.computeOptunaObjective|Trial 57 rocauc:|[0.7568193892318683, 0.8374735729386892, 0.6302521008403361, 0.7130215562995019, 0.8232320600343948, 0.846551724137931, 0.8459187342682488, 0.8047104368063014]
2022-12-16 03:24:17,255|INFO|nn.computeOptunaObjective|Trial 57 timings:|5.4442615999999475
2022-12-16 03:24:17,255|INFO|nn.computeOptunaObjective|Trial 57 objective:|0.6396659157118543
2022-12-16 03:24:28,110|INFO|nn.computeOptunaObjective|Trial 58 params:|{'n_layers': 2, 'architecture': 'top', 'lr': 0.0001, 'n_epochs': 200}
2022-12-16 03:24:28,110|INFO|nn.computeOptunaObjective|Trial 58 balacc:|[0.6190210123289428, 0.5792811839323467, 0.5666266506602641, 0.5240058789907733, 0.6120824430663401, 0.6442528735632184, 0.5442286947141316, 0.6477443609022556]
2022-12-16 03:24:28,110|INFO|nn.computeOptunaObjective|Trial 58 rocauc:|[0.7414640848553685, 0.8512156448202959, 0.6926770708283313, 0.6962623499632563, 0.7838344885090417, 0.8141954022988506, 0.7918914059690758, 0.7865758145363407]
2022-12-16 03:24:28,110|INFO|nn.computeOptunaObjective|Trial 58 timings:|10.854561999999987
2022-12-16 03:24:28,110|INFO|nn.computeOptunaObjective|Trial 58 objective:|0.5921553872697841
2022-12-16 03:24:33,574|INFO|nn.computeOptunaObjective|Trial 59 params:|{'n_layers': 2, 'architecture': 'linear', 'lr': 0.0001, 'n_epochs': 100}
2022-12-16 03:24:33,574|INFO|nn.computeOptunaObjective|Trial 59 balacc:|[0.5, 0.5, 0.5, 0.5, 0.5, 0.5, 0.5, 0.5018796992481203]
2022-12-16 03:24:33,574|INFO|nn.computeOptunaObjective|Trial 59 rocauc:|[0.6668382581933427, 0.6728329809725159, 0.631452581032413, 0.6373703764187147, 0.6672312262233572, 0.7127586206896551, 0.6430240920532182, 0.6931100071607591]
2022-12-16 03:24:33,574|INFO|nn.computeOptunaObjective|Trial 59 timings:|5.453124099999968
2022-12-16 03:24:33,574|INFO|nn.computeOptunaObjective|Trial 59 objective:|0.5002349624060151
2022-12-16 03:24:44,544|INFO|nn.computeOptunaObjective|Trial 60 params:|{'n_layers': 2, 'architecture': 'linear', 'lr': 0.0001, 'n_epochs': 200}
2022-12-16 03:24:44,544|INFO|nn.computeOptunaObjective|Trial 60 balacc:|[0.5907926795757231, 0.4941860465116279, 0.5768307322929171, 0.4984894259818731, 0.5580540934910626, 0.6256896551724138, 0.5458468176914779, 0.6309210526315789]
2022-12-16 03:24:44,544|INFO|nn.computeOptunaObjective|Trial 60 rocauc:|[0.7268049169216114, 0.8327167019027484, 0.6566626650660266, 0.6861986608965462, 0.7661681171504507, 0.8070114942528736, 0.7653721682847896, 0.7766626387397065]
2022-12-16 03:24:44,544|INFO|nn.computeOptunaObjective|Trial 60 timings:|10.960071099999993
2022-12-16 03:24:44,544|INFO|nn.computeOptunaObjective|Trial 60 objective:|0.5651013129185842
2022-12-16 03:24:50,212|INFO|nn.computeOptunaObjective|Trial 61 params:|{'n_layers': 2, 'architecture': 'outer', 'lr': 0.001, 'n_epochs': 100}
2022-12-16 03:24:50,212|INFO|nn.computeOptunaObjective|Trial 61 balacc:|[0.6574990382325462, 0.5991014799154334, 0.5858343337334934, 0.5869600718543317, 0.6435327531398197, 0.6213793103448275, 0.5703883495145631, 0.6923558897243107]
2022-12-16 03:24:50,212|INFO|nn.computeOptunaObjective|Trial 61 rocauc:|[0.7564786487625258, 0.8276955602536998, 0.6422569027611045, 0.7224524373315914, 0.8161707228099432, 0.8379310344827586, 0.8428622797554837, 0.8031753490870032]
2022-12-16 03:24:50,212|INFO|nn.computeOptunaObjective|Trial 61 timings:|5.665324299999952
2022-12-16 03:24:50,212|INFO|nn.computeOptunaObjective|Trial 61 objective:|0.6196314033074157
2022-12-16 03:24:58,611|INFO|nn.computeOptunaObjective|Trial 62 params:|{'n_layers': 4, 'architecture': 'bottom', 'lr': 0.001, 'n_epochs': 150}
2022-12-16 03:24:58,611|INFO|nn.computeOptunaObjective|Trial 62 balacc:|[0.6674208144796381, 0.6387420718816068, 0.6050420168067226, 0.5831428104842002, 0.6507764865287404, 0.7070114942528736, 0.593311758360302, 0.7029135338345864]
2022-12-16 03:24:58,611|INFO|nn.computeOptunaObjective|Trial 62 rocauc:|[0.7627768516313408, 0.785676532769556, 0.6446578631452581, 0.7129807299746878, 0.8250820782740111, 0.8183333333333332, 0.8353110391945343, 0.7973080021482278]
2022-12-16 03:24:58,611|INFO|nn.computeOptunaObjective|Trial 62 timings:|8.392099700000017
2022-12-16 03:24:58,611|INFO|nn.computeOptunaObjective|Trial 62 objective:|0.6435451233285838
2022-12-16 03:25:06,872|INFO|nn.computeOptunaObjective|Trial 63 params:|{'n_layers': 2, 'architecture': 'top', 'lr': 0.0001, 'n_epochs': 150}
2022-12-16 03:25:06,872|INFO|nn.computeOptunaObjective|Trial 63 balacc:|[0.5811401982156924, 0.49709302325581395, 0.5870348139255702, 0.5, 0.5128980144874667, 0.5971264367816091, 0.5261596548004315, 0.631422305764411]
2022-12-16 03:25:06,872|INFO|nn.computeOptunaObjective|Trial 63 rocauc:|[0.7181471778994999, 0.8187103594080338, 0.6494597839135654, 0.6738078713154242, 0.7603314398874355, 0.811896551724138, 0.7422689679971233, 0.7765597028284998]
2022-12-16 03:25:06,872|INFO|nn.computeOptunaObjective|Trial 63 timings:|8.254780600000004
2022-12-16 03:25:06,872|INFO|nn.computeOptunaObjective|Trial 63 objective:|0.5541093059038744
2022-12-16 03:25:15,057|INFO|nn.computeOptunaObjective|Trial 64 params:|{'n_layers': 3, 'architecture': 'inner', 'lr': 0.0001, 'n_epochs': 150}
2022-12-16 03:25:15,057|INFO|nn.computeOptunaObjective|Trial 64 balacc:|[0.5937512594573799, 0.5396405919661733, 0.5474189675870348, 0.5, 0.5, 0.6242528735632185, 0.5335760517799353, 0.6343984962406015]
2022-12-16 03:25:15,057|INFO|nn.computeOptunaObjective|Trial 64 rocauc:|[0.7288750068697675, 0.8461945031712474, 0.6194477791116446, 0.6824834653384502, 0.7800562822450362, 0.8167241379310345, 0.7792161093131966, 0.7843783566058001]
2022-12-16 03:25:15,057|INFO|nn.computeOptunaObjective|Trial 64 timings:|8.193219999999997
2022-12-16 03:25:15,057|INFO|nn.computeOptunaObjective|Trial 64 objective:|0.5591297800742929
2022-12-16 03:25:20,539|INFO|nn.computeOptunaObjective|Trial 65 params:|{'n_layers': 3, 'architecture': 'outer', 'lr': 0.0001, 'n_epochs': 100}
2022-12-16 03:25:20,539|INFO|nn.computeOptunaObjective|Trial 65 balacc:|[0.5, 0.5, 0.5, 0.5, 0.5, 0.5, 0.5, 0.5]
2022-12-16 03:25:20,539|INFO|nn.computeOptunaObjective|Trial 65 rocauc:|[0.6734185795152692, 0.7193446088794926, 0.6182472989195678, 0.6404323507797828, 0.7084788159883266, 0.7548275862068965, 0.6732290542970155, 0.7176803616183315]
2022-12-16 03:25:20,539|INFO|nn.computeOptunaObjective|Trial 65 timings:|5.463114800000085
2022-12-16 03:25:20,539|INFO|nn.computeOptunaObjective|Trial 65 objective:|0.5
2022-12-16 03:25:28,513|INFO|nn.computeOptunaObjective|Trial 66 params:|{'n_layers': 2, 'architecture': 'inner', 'lr': 0.001, 'n_epochs': 150}
2022-12-16 03:25:28,513|INFO|nn.computeOptunaObjective|Trial 66 balacc:|[0.6774854818912928, 0.6783826638477801, 0.5756302521008403, 0.5838980974932637, 0.6427249986971703, 0.6813793103448276, 0.6382146709816613, 0.6930451127819548]
2022-12-16 03:25:28,514|INFO|nn.computeOptunaObjective|Trial 66 rocauc:|[0.7514334914906481, 0.8250528541226215, 0.5966386554621849, 0.708265289458643, 0.8160925530251707, 0.8449425287356322, 0.8456490471053577, 0.8032469566774079]
2022-12-16 03:25:28,514|INFO|nn.computeOptunaObjective|Trial 66 timings:|7.968895699999962
2022-12-16 03:25:28,514|INFO|nn.computeOptunaObjective|Trial 66 objective:|0.6463450735173488
2022-12-16 03:25:33,991|INFO|nn.computeOptunaObjective|Trial 67 params:|{'n_layers': 4, 'architecture': 'linear', 'lr': 0.0001, 'n_epochs': 100}
2022-12-16 03:25:33,991|INFO|nn.computeOptunaObjective|Trial 67 balacc:|[0.5, 0.5, 0.5, 0.5, 0.5, 0.5, 0.5, 0.5]
2022-12-16 03:25:33,991|INFO|nn.computeOptunaObjective|Trial 67 rocauc:|[0.6829080183926576, 0.7745771670190276, 0.6038415366146459, 0.6444537437739856, 0.7357861274688623, 0.7877011494252874, 0.7082883854728514, 0.728721356963838]
2022-12-16 03:25:33,991|INFO|nn.computeOptunaObjective|Trial 67 timings:|5.47755959999995
2022-12-16 03:25:33,991|INFO|nn.computeOptunaObjective|Trial 67 objective:|0.5
2022-12-16 03:25:39,371|INFO|nn.computeOptunaObjective|Trial 68 params:|{'n_layers': 2, 'architecture': 'outer', 'lr': 0.0001, 'n_epochs': 100}
2022-12-16 03:25:39,371|INFO|nn.computeOptunaObjective|Trial 68 balacc:|[0.5086962097202631, 0.5, 0.5, 0.5, 0.5, 0.5, 0.5, 0.5037593984962406]
2022-12-16 03:25:39,371|INFO|nn.computeOptunaObjective|Trial 68 rocauc:|[0.6747558942605383, 0.6820824524312896, 0.6278511404561824, 0.6392279741977627, 0.6450049507530355, 0.7148850574712644, 0.6481481481481481, 0.693656015037594]
2022-12-16 03:25:39,371|INFO|nn.computeOptunaObjective|Trial 68 timings:|5.383251200000018
2022-12-16 03:25:39,371|INFO|nn.computeOptunaObjective|Trial 68 objective:|0.501556951027063
2022-12-16 03:25:47,757|INFO|nn.computeOptunaObjective|Trial 69 params:|{'n_layers': 4, 'architecture': 'inner', 'lr': 0.0001, 'n_epochs': 150}
2022-12-16 03:25:47,757|INFO|nn.computeOptunaObjective|Trial 69 balacc:|[0.595753567699269, 0.5309196617336152, 0.5282112845138055, 0.5, 0.5, 0.645632183908046, 0.5, 0.6238095238095238]
2022-12-16 03:25:47,757|INFO|nn.computeOptunaObjective|Trial 69 rocauc:|[0.7467876967043435, 0.8488372093023256, 0.6506602641056423, 0.6943843390218012, 0.7904528636197822, 0.8214367816091953, 0.7998022294138799, 0.7892476727533119]
2022-12-16 03:25:47,757|INFO|nn.computeOptunaObjective|Trial 69 timings:|8.365659400000027
2022-12-16 03:25:47,757|INFO|nn.computeOptunaObjective|Trial 69 objective:|0.5530407777080324
2022-12-16 03:25:58,672|INFO|nn.computeOptunaObjective|Trial 70 params:|{'n_layers': 4, 'architecture': 'top', 'lr': 0.0001, 'n_epochs': 200}
2022-12-16 03:25:58,673|INFO|nn.computeOptunaObjective|Trial 70 balacc:|[0.6810779123234469, 0.6841966173361522, 0.6152460984393757, 0.560688331836368, 0.6910990671739017, 0.7013218390804598, 0.6611380798274002, 0.7095551378446115]
2022-12-16 03:25:58,673|INFO|nn.computeOptunaObjective|Trial 70 rocauc:|[0.779143385787825, 0.8424947145877378, 0.6398559423769508, 0.7209826896382787, 0.8164834019490333, 0.8318965517241379, 0.8399856166846458, 0.8037482098102398]
2022-12-16 03:25:58,673|INFO|nn.computeOptunaObjective|Trial 70 timings:|10.91016060000004
2022-12-16 03:25:58,673|INFO|nn.computeOptunaObjective|Trial 70 objective:|0.6630403854827145
2022-12-16 03:26:03,738|INFO|nn.computeOptunaObjective|Trial 71 params:|{'n_layers': 2, 'architecture': 'inner', 'lr': 0.0001, 'n_epochs': 100}
2022-12-16 03:26:03,738|INFO|nn.computeOptunaObjective|Trial 71 balacc:|[0.5030959752321982, 0.5, 0.5, 0.5, 0.5, 0.5, 0.5, 0.5025689223057644]
2022-12-16 03:26:03,738|INFO|nn.computeOptunaObjective|Trial 71 rocauc:|[0.6665598036162456, 0.6834038054968288, 0.6254501800720289, 0.638615579325549, 0.6693418104122154, 0.7176436781609195, 0.6459007551240561, 0.7020117257429287]
2022-12-16 03:26:03,738|INFO|nn.computeOptunaObjective|Trial 71 timings:|5.063856299999998
2022-12-16 03:26:03,738|INFO|nn.computeOptunaObjective|Trial 71 objective:|0.5007081121922453
2022-12-16 03:26:08,967|INFO|nn.computeOptunaObjective|Trial 72 params:|{'n_layers': 2, 'architecture': 'top', 'lr': 0.0001, 'n_epochs': 100}
2022-12-16 03:26:08,967|INFO|nn.computeOptunaObjective|Trial 72 balacc:|[0.5127484565922289, 0.5, 0.5, 0.5, 0.5, 0.5, 0.5, 0.5158208020050126]
2022-12-16 03:26:08,967|INFO|nn.computeOptunaObjective|Trial 72 rocauc:|[0.6885687068349607, 0.7354651162790697, 0.6254501800720288, 0.6470258022372827, 0.7110323622908958, 0.7722988505747128, 0.6836569579288025, 0.7380840494092373]
2022-12-16 03:26:08,967|INFO|nn.computeOptunaObjective|Trial 72 timings:|5.219100000000026
2022-12-16 03:26:08,967|INFO|nn.computeOptunaObjective|Trial 72 objective:|0.5035711573246552
2022-12-16 03:26:19,312|INFO|nn.computeOptunaObjective|Trial 73 params:|{'n_layers': 4, 'architecture': 'inner', 'lr': 0.0001, 'n_epochs': 200}
2022-12-16 03:26:19,312|INFO|nn.computeOptunaObjective|Trial 73 balacc:|[0.6744316412332607, 0.6387420718816068, 0.5960384153661464, 0.5, 0.6757777893584866, 0.7027586206896552, 0.6734088457389428, 0.7154761904761905]
2022-12-16 03:26:19,312|INFO|nn.computeOptunaObjective|Trial 73 rocauc:|[0.7707677652188251, 0.836416490486258, 0.6614645858343338, 0.7136543643341227, 0.81153264891344, 0.816896551724138, 0.8205681409564904, 0.7966053526673826]
2022-12-16 03:26:19,312|INFO|nn.computeOptunaObjective|Trial 73 timings:|10.346334200000001
2022-12-16 03:26:19,312|INFO|nn.computeOptunaObjective|Trial 73 objective:|0.647079196843036
2022-12-16 03:26:24,591|INFO|nn.computeOptunaObjective|Trial 74 params:|{'n_layers': 3, 'architecture': 'linear', 'lr': 0.001, 'n_epochs': 100}
2022-12-16 03:26:24,591|INFO|nn.computeOptunaObjective|Trial 74 balacc:|[0.6760693938117135, 0.6358350951374208, 0.6254501800720288, 0.5944721156201519, 0.6806112877169211, 0.7056321839080459, 0.6627562028047465, 0.7022556390977444]
2022-12-16 03:26:24,591|INFO|nn.computeOptunaObjective|Trial 74 rocauc:|[0.7800850019235349, 0.8403805496828753, 0.6506602641056421, 0.7216154976728995, 0.8239877012871957, 0.8446551724137931, 0.8501438331535419, 0.814453544575725]
2022-12-16 03:26:24,591|INFO|nn.computeOptunaObjective|Trial 74 timings:|5.265746400000012
2022-12-16 03:26:24,591|INFO|nn.computeOptunaObjective|Trial 74 objective:|0.6603852622710966
2022-12-16 03:26:35,343|INFO|nn.computeOptunaObjective|Trial 75 params:|{'n_layers': 3, 'architecture': 'bottom', 'lr': 0.001, 'n_epochs': 200}
2022-12-16 03:26:35,343|INFO|nn.computeOptunaObjective|Trial 75 balacc:|[0.6754831736494037, 0.6585623678646935, 0.5666266506602641, 0.5936760022862742, 0.6862655688154672, 0.6913793103448276, 0.6872977346278317, 0.7159774436090225]
2022-12-16 03:26:35,343|INFO|nn.computeOptunaObjective|Trial 75 rocauc:|[0.7591935808892227, 0.7925475687103595, 0.6086434573829531, 0.7184718706622031, 0.8173953827713795, 0.8507758620689655, 0.8261866235167206, 0.8029470998925885]
2022-12-16 03:26:35,343|INFO|nn.computeOptunaObjective|Trial 75 timings:|10.7459841000001
2022-12-16 03:26:35,343|INFO|nn.computeOptunaObjective|Trial 75 objective:|0.6594085314822231
2022-12-16 03:26:40,370|INFO|nn.computeOptunaObjective|Trial 76 params:|{'n_layers': 2, 'architecture': 'bottom', 'lr': 0.0001, 'n_epochs': 100}
2022-12-16 03:26:40,370|INFO|nn.computeOptunaObjective|Trial 76 balacc:|[0.5, 0.5, 0.5, 0.5, 0.5, 0.5, 0.5, 0.5]
2022-12-16 03:26:40,370|INFO|nn.computeOptunaObjective|Trial 76 rocauc:|[0.6237877150237238, 0.6215644820295984, 0.617046818727491, 0.6209377806809832, 0.5812184063786545, 0.6204022988505747, 0.5923229054297016, 0.608783118510562]
2022-12-16 03:26:40,370|INFO|nn.computeOptunaObjective|Trial 76 timings:|5.031349100000057
2022-12-16 03:26:40,370|INFO|nn.computeOptunaObjective|Trial 76 objective:|0.5
2022-12-16 03:26:45,618|INFO|nn.computeOptunaObjective|Trial 77 params:|{'n_layers': 4, 'architecture': 'outer', 'lr': 0.0001, 'n_epochs': 100}
2022-12-16 03:26:45,618|INFO|nn.computeOptunaObjective|Trial 77 balacc:|[0.5, 0.5, 0.5, 0.5, 0.5, 0.5, 0.5, 0.5]
2022-12-16 03:26:45,618|INFO|nn.computeOptunaObjective|Trial 77 rocauc:|[0.6744114899151812, 0.7618921775898521, 0.6014405762304922, 0.6460255572793338, 0.7215331700453386, 0.771551724137931, 0.689500179791442, 0.7122202828499821]
2022-12-16 03:26:45,618|INFO|nn.computeOptunaObjective|Trial 77 timings:|5.244483500000001
2022-12-16 03:26:45,618|INFO|nn.computeOptunaObjective|Trial 77 objective:|0.5
2022-12-16 03:26:55,830|INFO|nn.computeOptunaObjective|Trial 78 params:|{'n_layers': 2, 'architecture': 'linear', 'lr': 0.001, 'n_epochs': 200}
2022-12-16 03:26:55,830|INFO|nn.computeOptunaObjective|Trial 78 balacc:|[0.6639181490098375, 0.6416490486257929, 0.5756302521008403, 0.596697150322528, 0.6507895148262025, 0.7013793103448276, 0.6521035598705501, 0.6891917293233083]
2022-12-16 03:26:55,830|INFO|nn.computeOptunaObjective|Trial 78 rocauc:|[0.7536171615952516, 0.8102536997885835, 0.6230492196878752, 0.7167163386951908, 0.8192975142008443, 0.8471264367816091, 0.8401654081265733, 0.805046097386323]
2022-12-16 03:26:55,830|INFO|nn.computeOptunaObjective|Trial 78 timings:|10.192726500000049
2022-12-16 03:26:55,830|INFO|nn.computeOptunaObjective|Trial 78 objective:|0.6464198393029859
2022-12-16 03:27:03,832|INFO|nn.computeOptunaObjective|Trial 79 params:|{'n_layers': 3, 'architecture': 'top', 'lr': 0.0001, 'n_epochs': 150}
2022-12-16 03:27:03,832|INFO|nn.computeOptunaObjective|Trial 79 balacc:|[0.6218898272482459, 0.5309196617336152, 0.6062424969987995, 0.5, 0.5814398874355099, 0.6442528735632184, 0.5426105717367853, 0.6580200501253133]
2022-12-16 03:27:03,832|INFO|nn.computeOptunaObjective|Trial 79 rocauc:|[0.7484913990510561, 0.8491014799154335, 0.6542617046818727, 0.7017739038131786, 0.7940747303142426, 0.8235057471264368, 0.8095109672779575, 0.7974601682778375]
2022-12-16 03:27:03,832|INFO|nn.computeOptunaObjective|Trial 79 timings:|7.9953702999999905
2022-12-16 03:27:03,832|INFO|nn.computeOptunaObjective|Trial 79 objective:|0.585671921105186
2022-12-16 03:27:14,333|INFO|nn.computeOptunaObjective|Trial 80 params:|{'n_layers': 3, 'architecture': 'outer', 'lr': 0.001, 'n_epochs': 200}
2022-12-16 03:27:14,333|INFO|nn.computeOptunaObjective|Trial 80 balacc:|[0.6750709875977797, 0.6358350951374208, 0.6062424969987995, 0.598922185024904, 0.6967533482724477, 0.7470689655172413, 0.7044228694714132, 0.7101503759398496]
2022-12-16 03:27:14,333|INFO|nn.computeOptunaObjective|Trial 80 rocauc:|[0.7698371407111584, 0.8432875264270614, 0.6374549819927972, 0.7183595982689638, 0.8338370941685339, 0.8549425287356323, 0.8544588277597986, 0.8141693519513068]
2022-12-16 03:27:14,333|INFO|nn.computeOptunaObjective|Trial 80 timings:|10.495069100000023
2022-12-16 03:27:14,333|INFO|nn.computeOptunaObjective|Trial 80 objective:|0.671808290494982
2022-12-16 03:27:22,266|INFO|nn.computeOptunaObjective|Trial 81 params:|{'n_layers': 4, 'architecture': 'outer', 'lr': 0.0001, 'n_epochs': 150}
2022-12-16 03:27:22,266|INFO|nn.computeOptunaObjective|Trial 81 balacc:|[0.5366973821605877, 0.5425475687103594, 0.5384153661464586, 0.4962235649546828, 0.5120902600448174, 0.5, 0.5, 0.5417293233082707]
2022-12-16 03:27:22,266|INFO|nn.computeOptunaObjective|Trial 81 rocauc:|[0.7244637001483869, 0.8549154334038055, 0.6182472989195679, 0.6757675349065078, 0.776017510031789, 0.8160344827586207, 0.7749011147069399, 0.7751678302900108]
2022-12-16 03:27:22,266|INFO|nn.computeOptunaObjective|Trial 81 timings:|7.9267280000000255
2022-12-16 03:27:22,266|INFO|nn.computeOptunaObjective|Trial 81 objective:|0.5209629331656471
2022-12-16 03:27:32,982|INFO|nn.computeOptunaObjective|Trial 82 params:|{'n_layers': 2, 'architecture': 'bottom', 'lr': 0.0001, 'n_epochs': 200}
2022-12-16 03:27:32,982|INFO|nn.computeOptunaObjective|Trial 82 balacc:|[0.5678897906094857, 0.4941860465116279, 0.5870348139255702, 0.5, 0.5, 0.5585632183908046, 0.5400485436893204, 0.599968671679198]
2022-12-16 03:27:32,982|INFO|nn.computeOptunaObjective|Trial 82 rocauc:|[0.702740579258798, 0.7840909090909091, 0.6398559423769508, 0.657803951988242, 0.7220803585387462, 0.7845402298850574, 0.7051420352391226, 0.7577537593984962]
2022-12-16 03:27:32,982|INFO|nn.computeOptunaObjective|Trial 82 timings:|10.710527200000001
2022-12-16 03:27:32,982|INFO|nn.computeOptunaObjective|Trial 82 objective:|0.5434613856007509
2022-12-16 03:27:41,331|INFO|nn.computeOptunaObjective|Trial 83 params:|{'n_layers': 4, 'architecture': 'inner', 'lr': 0.001, 'n_epochs': 150}
2022-12-16 03:27:41,331|INFO|nn.computeOptunaObjective|Trial 83 balacc:|[0.6801326323117226, 0.5961945031712473, 0.6050420168067226, 0.6394218992406304, 0.6782010526864349, 0.7213218390804598, 0.7028047464940669, 0.700657894736842]
2022-12-16 03:27:41,331|INFO|nn.computeOptunaObjective|Trial 83 rocauc:|[0.7571198270650521, 0.8369450317124736, 0.6254501800720287, 0.718380011431371, 0.8225285319714419, 0.8385344827586207, 0.8556274721323265, 0.8171612065878981]
2022-12-16 03:27:41,331|INFO|nn.computeOptunaObjective|Trial 83 timings:|8.341118800000004
2022-12-16 03:27:41,331|INFO|nn.computeOptunaObjective|Trial 83 objective:|0.6654720730660159
2022-12-16 03:27:46,550|INFO|nn.computeOptunaObjective|Trial 84 params:|{'n_layers': 3, 'architecture': 'bottom', 'lr': 0.0001, 'n_epochs': 100}
2022-12-16 03:27:46,550|INFO|nn.computeOptunaObjective|Trial 84 balacc:|[0.5, 0.5, 0.5, 0.5, 0.5, 0.5, 0.5, 0.5]
2022-12-16 03:27:46,550|INFO|nn.computeOptunaObjective|Trial 84 rocauc:|[0.6113891585908733, 0.6149577167019027, 0.6062424969987995, 0.6217338940148608, 0.5975819479910366, 0.6091379310344828, 0.5994246673858324, 0.5969589151450054]
2022-12-16 03:27:46,550|INFO|nn.computeOptunaObjective|Trial 84 timings:|5.212700499999983
2022-12-16 03:27:46,550|INFO|nn.computeOptunaObjective|Trial 84 objective:|0.5
2022-12-16 03:27:52,224|INFO|nn.computeOptunaObjective|Trial 85 params:|{'n_layers': 4, 'architecture': 'linear', 'lr': 0.001, 'n_epochs': 100}
2022-12-16 03:27:52,224|INFO|nn.computeOptunaObjective|Trial 85 balacc:|[0.6840841225932914, 0.6841966173361522, 0.6254501800720288, 0.5809994284314526, 0.7048048361040179, 0.7013218390804598, 0.7011866235167206, 0.7154761904761905]
2022-12-16 03:27:52,224|INFO|nn.computeOptunaObjective|Trial 85 rocauc:|[0.7784289299650099, 0.8382663847780127, 0.6506602641056423, 0.7174103862170328, 0.8180989108343322, 0.8407471264367816, 0.8414239482200647, 0.8066304153240245]
2022-12-16 03:27:52,224|INFO|nn.computeOptunaObjective|Trial 85 timings:|5.680968600000028
2022-12-16 03:27:52,224|INFO|nn.computeOptunaObjective|Trial 85 objective:|0.6746899797012892
2022-12-16 03:28:00,385|INFO|nn.computeOptunaObjective|Trial 86 params:|{'n_layers': 3, 'architecture': 'linear', 'lr': 0.001, 'n_epochs': 150}
2022-12-16 03:28:00,385|INFO|nn.computeOptunaObjective|Trial 86 balacc:|[0.6903237034458753, 0.6556553911205074, 0.6152460984393757, 0.586163958520454, 0.6749830632132993, 0.7270689655172413, 0.7028047464940669, 0.706390977443609]
2022-12-16 03:28:00,385|INFO|nn.computeOptunaObjective|Trial 86 rocauc:|[0.763366735669665, 0.8358879492600424, 0.6380552220888356, 0.6976402384257369, 0.8306321329928605, 0.8527011494252873, 0.8580996044588277, 0.8183404940923737]
2022-12-16 03:28:00,385|INFO|nn.computeOptunaObjective|Trial 86 timings:|8.13987940000004
2022-12-16 03:28:00,385|INFO|nn.computeOptunaObjective|Trial 86 objective:|0.6698296130243037
2022-12-16 03:28:05,957|INFO|nn.computeOptunaObjective|Trial 87 params:|{'n_layers': 4, 'architecture': 'inner', 'lr': 0.0001, 'n_epochs': 100}
2022-12-16 03:28:05,957|INFO|nn.computeOptunaObjective|Trial 87 balacc:|[0.5, 0.5, 0.5, 0.5, 0.5, 0.5, 0.5, 0.5]
2022-12-16 03:28:05,957|INFO|nn.computeOptunaObjective|Trial 87 rocauc:|[0.6861945151776064, 0.7603065539112052, 0.6074429771908764, 0.6466583653139545, 0.7378445984678723, 0.7870689655172414, 0.7089176555195973, 0.7291912817758683]
2022-12-16 03:28:05,957|INFO|nn.computeOptunaObjective|Trial 87 timings:|5.565378699999997
2022-12-16 03:28:05,957|INFO|nn.computeOptunaObjective|Trial 87 objective:|0.5
2022-12-16 03:28:16,402|INFO|nn.computeOptunaObjective|Trial 88 params:|{'n_layers': 4, 'architecture': 'bottom', 'lr': 0.0001, 'n_epochs': 200}
2022-12-16 03:28:16,402|INFO|nn.computeOptunaObjective|Trial 88 balacc:|[0.5568688515580632, 0.55946088794926, 0.5, 0.5, 0.5346682995466152, 0.5, 0.5, 0.5594298245614034]
2022-12-16 03:28:16,402|INFO|nn.computeOptunaObjective|Trial 88 rocauc:|[0.7062249253485262, 0.8292811839323467, 0.6038415366146459, 0.6705009390054707, 0.7635103444681849, 0.7922413793103449, 0.7300431499460626, 0.7472274436090225]
2022-12-16 03:28:16,402|INFO|nn.computeOptunaObjective|Trial 88 timings:|10.439546500000006
2022-12-16 03:28:16,402|INFO|nn.computeOptunaObjective|Trial 88 objective:|0.5263034829519178
2022-12-16 03:28:24,595|INFO|nn.computeOptunaObjective|Trial 89 params:|{'n_layers': 4, 'architecture': 'outer', 'lr': 0.001, 'n_epochs': 150}
2022-12-16 03:28:24,595|INFO|nn.computeOptunaObjective|Trial 89 balacc:|[0.6792606298202869, 0.6585623678646935, 0.6152460984393757, 0.609455376826978, 0.6701365365574027, 0.7098850574712644, 0.6766450916936354, 0.7191416040100251]
2022-12-16 03:28:24,595|INFO|nn.computeOptunaObjective|Trial 89 rocauc:|[0.7746478099181123, 0.8300739957716702, 0.6254501800720288, 0.7176961704907325, 0.816014383240398, 0.835977011494253, 0.8448399856166847, 0.8078119405657]
2022-12-16 03:28:24,595|INFO|nn.computeOptunaObjective|Trial 89 timings:|8.189653799999974
2022-12-16 03:28:24,595|INFO|nn.computeOptunaObjective|Trial 89 objective:|0.6672915953354577
2022-12-16 03:28:24,595|INFO|mtg.runMTGExperiment|Best trial number:|85
2022-12-16 03:28:24,595|INFO|mtg.runMTGExperiment|Best trial objective:|0.6746899797012892
2022-12-16 03:28:24,595|INFO|mtg.runMTGExperiment|Best trial params:|{'n_layers': 4, 'architecture': 'linear', 'lr': 0.001, 'n_epochs': 100}
2022-12-16 03:28:24,628|INFO|nn.loadModellingDataset|Trainval descriptors loaded (features, instances):|1024|6711
2022-12-16 03:28:24,628|INFO|nn.loadModellingDataset|Trainval endpoints loaded (tasks, instances):|8|6711
2022-12-16 03:28:24,654|INFO|nn.loadModellingDataset|Test descriptors loaded (features, instances):|1024|1372
2022-12-16 03:28:24,654|INFO|nn.loadModellingDataset|Test endpoints loaded (tasks, instances):|8|1372
2022-12-16 03:28:24,654|INFO|mtg.runMTGExperiment|Final neural network hyperparams:|{'n_layers': 4, 'architecture': 'linear', 'lr': 0.001, 'n_epochs': 100, 'best_trial_num': 85}
2022-12-16 03:28:30,769|INFO|nn.testFinalModel|Final model test balacc:|[0.7957891839823861, 0.8599033816425121, 0.8045112781954887, 0.5883539362394274, 0.7838056680161943, 0.849820143884892, 0.7932027649769586, 0.8110961365678346]
2022-12-16 03:28:30,769|INFO|nn.testFinalModel|Final model test rocauc:|[0.9093046190541718, 0.9194847020933976, 0.9097744360902256, 0.8779440468445023, 0.9444534412955465, 0.9654676258992806, 0.9216589861751152, 0.9410377358490566]
2022-12-16 03:28:30,779|INFO|mtg.runMTGExperiment|Mechanistic task grouping experiment timing:|737.9980565
2022-12-16 03:28:30,779|INFO|mtg.runMTGExperiment|DONE
