2022-12-16 03:02:56,933|INFO|__main__.startLogging|>>>> START LOGGING A GMTAMES EXPERIMENT
2022-12-16 03:02:56,933|INFO|__main__.startLogging|mode:|mtg
2022-12-16 03:02:56,933|INFO|__main__.startLogging|tasks:|TA100,TA102,TA104,TA1535,TA1537,TA1538,TA97,TA98
2022-12-16 03:02:56,933|INFO|__main__.startLogging|output:|mtg_experiment
2022-12-16 03:02:56,933|INFO|__main__.startLogging|device:|titanv
2022-12-16 03:02:56,933|INFO|__main__.startLogging|DONE
2022-12-16 03:02:56,933|INFO|mtg.runMTGExperiment|>>>> RUNNING MECHANISTIC TASK GROUPING EXPERIMENT
2022-12-16 03:02:56,933|INFO|data.generateModellingDatasets|>>>> GENERATING MODELLING DATASETS
2022-12-16 03:02:56,944|INFO|data.generateModellingDatasets|Task list parsed:|['TA100', 'TA102', 'TA104', 'TA1535', 'TA1537', 'TA1538', 'TA97', 'TA98']
2022-12-16 03:03:00,205|INFO|data.generateModellingDatasets|Modelling train dataset generated: (rows, columns)|6380|1033
2022-12-16 03:03:00,282|INFO|data.generateModellingDatasets|Modelling val dataset generated: (rows, columns)|2636|1033
2022-12-16 03:03:00,564|INFO|data.generateModellingDatasets|Modelling trainval dataset generated: (rows, columns)|7325|1033
2022-12-16 03:03:00,612|INFO|data.generateModellingDatasets|Modelling test dataset generated: (rows, columns)|1504|1033
2022-12-16 03:03:00,613|INFO|data.generateModellingDatasets|Modelling datasets generation timing:|3.6698752000000003
2022-12-16 03:03:00,613|INFO|data.generateModellingDatasets|DONE
2022-12-16 03:03:00,613|INFO|mtg.runMTGExperiment|Device confirmed:|cuda:0
2022-12-16 03:03:01,753|INFO|nn.loadModellingDataset|Train descriptors loaded (features, instances):|1024|6380
2022-12-16 03:03:01,753|INFO|nn.loadModellingDataset|Train endpoints loaded (tasks, instances):|8|6380
2022-12-16 03:03:01,782|INFO|nn.loadModellingDataset|Val descriptors loaded (features, instances):|1024|2636
2022-12-16 03:03:01,782|INFO|nn.loadModellingDataset|Val endpoints loaded (tasks, instances):|8|2636
2022-12-16 03:03:13,442|INFO|nn.computeOptunaObjective|Trial 0 params:|{'n_layers': 2, 'architecture': 'top', 'lr': 0.001, 'n_epochs': 200}
2022-12-16 03:03:13,442|INFO|nn.computeOptunaObjective|Trial 0 balacc:|[0.676268445522539, 0.656989247311828, 0.7022727272727273, 0.6216932157587826, 0.6403693439215478, 0.7053550011993284, 0.6758859507105595, 0.671269769737548]
2022-12-16 03:03:13,442|INFO|nn.computeOptunaObjective|Trial 0 rocauc:|[0.7667862677717134, 0.783563748079877, 0.7848484848484848, 0.7860723936851087, 0.8101582902520919, 0.8528424082513792, 0.7892606583917969, 0.80722118500397]
2022-12-16 03:03:13,443|INFO|nn.computeOptunaObjective|Trial 0 timings:|11.6594184
2022-12-16 03:03:13,443|INFO|nn.computeOptunaObjective|Trial 0 objective:|0.6687629626793575
2022-12-16 03:03:19,384|INFO|nn.computeOptunaObjective|Trial 1 params:|{'n_layers': 4, 'architecture': 'top', 'lr': 0.001, 'n_epochs': 100}
2022-12-16 03:03:19,384|INFO|nn.computeOptunaObjective|Trial 1 balacc:|[0.6812478943467422, 0.7489247311827957, 0.6856060606060606, 0.6034081211776419, 0.6852582209667963, 0.7096126169345167, 0.7371829465731247, 0.700055795188738]
2022-12-16 03:03:19,384|INFO|nn.computeOptunaObjective|Trial 1 rocauc:|[0.7773246411966849, 0.8566820276497696, 0.85, 0.750924477314749, 0.7969407877205138, 0.8234588630366995, 0.8034718474545781, 0.8061245949483895]
2022-12-16 03:03:19,384|INFO|nn.computeOptunaObjective|Trial 1 timings:|5.939799400000002
2022-12-16 03:03:19,384|INFO|nn.computeOptunaObjective|Trial 1 objective:|0.693912048372052
2022-12-16 03:03:24,951|INFO|nn.computeOptunaObjective|Trial 2 params:|{'n_layers': 3, 'architecture': 'outer', 'lr': 0.001, 'n_epochs': 100}
2022-12-16 03:03:24,951|INFO|nn.computeOptunaObjective|Trial 2 balacc:|[0.7068762212788895, 0.6810291858678955, 0.6878787878787879, 0.6223954629497938, 0.6640329371635666, 0.6908431278484048, 0.7169454937938478, 0.6993154359535612]
2022-12-16 03:03:24,951|INFO|nn.computeOptunaObjective|Trial 2 rocauc:|[0.7819233879118657, 0.8248847926267281, 0.803030303030303, 0.7751031147774142, 0.8071470447156638, 0.8374910050371792, 0.7806260118726389, 0.8193544925856778]
2022-12-16 03:03:24,951|INFO|nn.computeOptunaObjective|Trial 2 timings:|5.5700501
2022-12-16 03:03:24,951|INFO|nn.computeOptunaObjective|Trial 2 objective:|0.6836645815918434
2022-12-16 03:03:30,298|INFO|nn.computeOptunaObjective|Trial 3 params:|{'n_layers': 4, 'architecture': 'bottom', 'lr': 0.0001, 'n_epochs': 100}
2022-12-16 03:03:30,298|INFO|nn.computeOptunaObjective|Trial 3 balacc:|[0.5, 0.5115975422427035, 0.5, 0.5, 0.5, 0.5, 0.5, 0.5]
2022-12-16 03:03:30,298|INFO|nn.computeOptunaObjective|Trial 3 rocauc:|[0.5909086314938347, 0.5823348694316437, 0.509090909090909, 0.6686637747119898, 0.5288333422160635, 0.5503118253777884, 0.5420039575463214, 0.5705787677847164]
2022-12-16 03:03:30,298|INFO|nn.computeOptunaObjective|Trial 3 timings:|5.346342400000001
2022-12-16 03:03:30,298|INFO|nn.computeOptunaObjective|Trial 3 objective:|0.5014496927803379
2022-12-16 03:03:38,247|INFO|nn.computeOptunaObjective|Trial 4 params:|{'n_layers': 2, 'architecture': 'bottom', 'lr': 0.001, 'n_epochs': 150}
2022-12-16 03:03:38,247|INFO|nn.computeOptunaObjective|Trial 4 balacc:|[0.6601037665925477, 0.573963133640553, 0.6878787878787879, 0.6491164130280188, 0.6294302616852316, 0.679989206044615, 0.634826407627271, 0.6605399257494796]
2022-12-16 03:03:38,247|INFO|nn.computeOptunaObjective|Trial 4 rocauc:|[0.7518613974799542, 0.7857142857142857, 0.7931818181818181, 0.7850412459109657, 0.7916910941747055, 0.8499040537299113, 0.7833243389098759, 0.8019099122298762]
2022-12-16 03:03:38,247|INFO|nn.computeOptunaObjective|Trial 4 timings:|7.948877199999998
2022-12-16 03:03:38,247|INFO|nn.computeOptunaObjective|Trial 4 objective:|0.646980987780813
2022-12-16 03:03:49,302|INFO|nn.computeOptunaObjective|Trial 5 params:|{'n_layers': 3, 'architecture': 'outer', 'lr': 0.0001, 'n_epochs': 200}
2022-12-16 03:03:49,302|INFO|nn.computeOptunaObjective|Trial 5 balacc:|[0.6367798665858095, 0.624884792626728, 0.6712121212121213, 0.5168806001991182, 0.6043409902467622, 0.6472175581674262, 0.6084727468969239, 0.6432241035215348]
2022-12-16 03:03:49,302|INFO|nn.computeOptunaObjective|Trial 5 rocauc:|[0.7386749545178896, 0.817357910906298, 0.7734848484848484, 0.7395818517991752, 0.78329691413953, 0.821360038378508, 0.7699226479582658, 0.7842271293375394]
2022-12-16 03:03:49,302|INFO|nn.computeOptunaObjective|Trial 5 timings:|11.0452601
2022-12-16 03:03:49,302|INFO|nn.computeOptunaObjective|Trial 5 objective:|0.619126597432053
2022-12-16 03:03:55,133|INFO|nn.computeOptunaObjective|Trial 6 params:|{'n_layers': 4, 'architecture': 'top', 'lr': 0.0001, 'n_epochs': 100}
2022-12-16 03:03:55,133|INFO|nn.computeOptunaObjective|Trial 6 balacc:|[0.5011185230105788, 0.5, 0.5227272727272727, 0.5, 0.5, 0.5, 0.5, 0.5]
2022-12-16 03:03:55,133|INFO|nn.computeOptunaObjective|Trial 6 rocauc:|[0.7124907351256654, 0.8218125960061443, 0.7636363636363637, 0.7196878111221732, 0.7722112668549806, 0.8211801391220916, 0.7416801583018529, 0.7681838666065796]
2022-12-16 03:03:55,133|INFO|nn.computeOptunaObjective|Trial 6 timings:|5.834781500000005
2022-12-16 03:03:55,133|INFO|nn.computeOptunaObjective|Trial 6 objective:|0.5029807244672314
2022-12-16 03:04:00,609|INFO|nn.computeOptunaObjective|Trial 7 params:|{'n_layers': 3, 'architecture': 'bottom', 'lr': 0.001, 'n_epochs': 100}
2022-12-16 03:04:00,609|INFO|nn.computeOptunaObjective|Trial 7 balacc:|[0.66689239269591, 0.6980030721966206, 0.6772727272727272, 0.6470185606599346, 0.6326413686510686, 0.6921623890621252, 0.6804731066738622, 0.6646215584025408]
2022-12-16 03:04:00,609|INFO|nn.computeOptunaObjective|Trial 7 rocauc:|[0.7573832625833838, 0.7901689708141321, 0.7727272727272727, 0.7658938984497227, 0.7745296594361243, 0.8347925161909331, 0.772980751933801, 0.8028927659391832]
2022-12-16 03:04:00,609|INFO|nn.computeOptunaObjective|Trial 7 timings:|5.468858600000004
2022-12-16 03:04:00,609|INFO|nn.computeOptunaObjective|Trial 7 objective:|0.6698856469518486
2022-12-16 03:04:06,421|INFO|nn.computeOptunaObjective|Trial 8 params:|{'n_layers': 3, 'architecture': 'linear', 'lr': 0.0001, 'n_epochs': 100}
2022-12-16 03:04:06,421|INFO|nn.computeOptunaObjective|Trial 8 balacc:|[0.5, 0.5115975422427035, 0.5227272727272727, 0.5, 0.5, 0.5, 0.5, 0.5]
2022-12-16 03:04:06,421|INFO|nn.computeOptunaObjective|Trial 8 rocauc:|[0.6702159557981269, 0.7539170506912443, 0.6424242424242423, 0.7060517707296259, 0.7004743377924639, 0.7513792276325257, 0.6681957186544343, 0.7176334256099917]
2022-12-16 03:04:06,421|INFO|nn.computeOptunaObjective|Trial 8 timings:|5.809590200000002
2022-12-16 03:04:06,421|INFO|nn.computeOptunaObjective|Trial 8 objective:|0.504290601871247
2022-12-16 03:04:14,774|INFO|nn.computeOptunaObjective|Trial 9 params:|{'n_layers': 2, 'architecture': 'bottom', 'lr': 0.0001, 'n_epochs': 150}
2022-12-16 03:04:14,774|INFO|nn.computeOptunaObjective|Trial 9 balacc:|[0.5121285627653123, 0.5374807987711213, 0.5287878787878788, 0.5, 0.5, 0.5, 0.5, 0.5259426167943518]
2022-12-16 03:04:14,774|INFO|nn.computeOptunaObjective|Trial 9 rocauc:|[0.6573192507243447, 0.7434715821812596, 0.6401515151515151, 0.704273929739724, 0.6393966849650908, 0.6986687455025187, 0.6239431552437489, 0.6994270263310371]
2022-12-16 03:04:14,774|INFO|nn.computeOptunaObjective|Trial 9 timings:|8.350477400000003
2022-12-16 03:04:14,774|INFO|nn.computeOptunaObjective|Trial 9 objective:|0.513042482139833
2022-12-16 03:04:25,812|INFO|nn.computeOptunaObjective|Trial 10 params:|{'n_layers': 2, 'architecture': 'bottom', 'lr': 0.001, 'n_epochs': 200}
2022-12-16 03:04:25,812|INFO|nn.computeOptunaObjective|Trial 10 balacc:|[0.6585573748399703, 0.5998463901689708, 0.6651515151515152, 0.6266178353008107, 0.6482172360496722, 0.6485368193811466, 0.6495322899802123, 0.6640335629519947]
2022-12-16 03:04:25,812|INFO|nn.computeOptunaObjective|Trial 10 rocauc:|[0.7535543426992791, 0.7580645161290323, 0.7924242424242425, 0.7875835585265254, 0.7881468848265202, 0.8386303669944831, 0.7768483540205072, 0.8006073091697247]
2022-12-16 03:04:25,812|INFO|nn.computeOptunaObjective|Trial 10 timings:|11.036183399999999
2022-12-16 03:04:25,812|INFO|nn.computeOptunaObjective|Trial 10 objective:|0.6450616279780366
2022-12-16 03:04:34,561|INFO|nn.computeOptunaObjective|Trial 11 params:|{'n_layers': 4, 'architecture': 'linear', 'lr': 0.001, 'n_epochs': 150}
2022-12-16 03:04:34,561|INFO|nn.computeOptunaObjective|Trial 11 balacc:|[0.7027525099386833, 0.7042242703533026, 0.6916666666666667, 0.6329469492248614, 0.6466716409955764, 0.7061645478532022, 0.7432991545241949, 0.6540784136998647]
2022-12-16 03:04:34,561|INFO|nn.computeOptunaObjective|Trial 11 rocauc:|[0.7828616670035712, 0.839247311827957, 0.8022727272727272, 0.766249466647703, 0.8146085380802643, 0.8493343727512593, 0.7828746177370031, 0.8222279448056825]
2022-12-16 03:04:34,561|INFO|nn.computeOptunaObjective|Trial 11 timings:|8.750006200000001
2022-12-16 03:04:34,561|INFO|nn.computeOptunaObjective|Trial 11 objective:|0.685225519157044
2022-12-16 03:04:45,608|INFO|nn.computeOptunaObjective|Trial 12 params:|{'n_layers': 2, 'architecture': 'outer', 'lr': 0.001, 'n_epochs': 200}
2022-12-16 03:04:45,608|INFO|nn.computeOptunaObjective|Trial 12 balacc:|[0.6632841452732295, 0.590937019969278, 0.6712121212121213, 0.6413828047219456, 0.6294302616852316, 0.6485368193811466, 0.6363554596150387, 0.6702182450267173]
2022-12-16 03:04:45,608|INFO|nn.computeOptunaObjective|Trial 12 rocauc:|[0.7587426723266627, 0.7490015360983103, 0.756060606060606, 0.7845612288436923, 0.8005382934498747, 0.8399496282082032, 0.7699226479582659, 0.8000321895319643]
2022-12-16 03:04:45,608|INFO|nn.computeOptunaObjective|Trial 12 timings:|11.041163400000002
2022-12-16 03:04:45,609|INFO|nn.computeOptunaObjective|Trial 12 objective:|0.6439196096105886
2022-12-16 03:04:57,417|INFO|nn.computeOptunaObjective|Trial 13 params:|{'n_layers': 2, 'architecture': 'inner', 'lr': 0.001, 'n_epochs': 200}
2022-12-16 03:04:57,417|INFO|nn.computeOptunaObjective|Trial 13 balacc:|[0.6674954517889631, 0.5855606758832566, 0.7333333333333334, 0.6477119186459963, 0.6294302616852316, 0.7040357399856081, 0.6170624212987947, 0.6773922187171398]
2022-12-16 03:04:57,417|INFO|nn.computeOptunaObjective|Trial 13 rocauc:|[0.7624688363317836, 0.7734254992319508, 0.765909090909091, 0.7850056890911677, 0.8042423919415871, 0.8509834492684097, 0.7809857888109372, 0.8035623082040387]
2022-12-16 03:04:57,417|INFO|nn.computeOptunaObjective|Trial 13 timings:|11.80603699999999
2022-12-16 03:04:57,418|INFO|nn.computeOptunaObjective|Trial 13 objective:|0.6577527526672905
2022-12-16 03:05:09,190|INFO|nn.computeOptunaObjective|Trial 14 params:|{'n_layers': 3, 'architecture': 'linear', 'lr': 0.0001, 'n_epochs': 200}
2022-12-16 03:05:09,190|INFO|nn.computeOptunaObjective|Trial 14 balacc:|[0.642800350380702, 0.6766513056835637, 0.6712121212121213, 0.5, 0.6341869637051644, 0.662029263612377, 0.654119445943515, 0.6634455675014486]
2022-12-16 03:05:09,190|INFO|nn.computeOptunaObjective|Trial 14 rocauc:|[0.7378023718078296, 0.8313364055299539, 0.775, 0.7350483572749253, 0.7919575760805841, 0.8242983928999761, 0.7807159561072134, 0.7862443400072963]
2022-12-16 03:05:09,190|INFO|nn.computeOptunaObjective|Trial 14 timings:|11.771066200000007
2022-12-16 03:05:09,191|INFO|nn.computeOptunaObjective|Trial 14 objective:|0.6380556272548614
2022-12-16 03:05:17,853|INFO|nn.computeOptunaObjective|Trial 15 params:|{'n_layers': 3, 'architecture': 'outer', 'lr': 0.0001, 'n_epochs': 150}
2022-12-16 03:05:17,853|INFO|nn.computeOptunaObjective|Trial 15 balacc:|[0.5693383195202479, 0.572273425499232, 0.6568181818181817, 0.5, 0.5070750946010766, 0.5414967618133845, 0.5278827127181147, 0.5945556771604541]
2022-12-16 03:05:17,853|INFO|nn.computeOptunaObjective|Trial 15 rocauc:|[0.7145290074792804, 0.7923195084485407, 0.7568181818181818, 0.7313682264258285, 0.7616852315727763, 0.8128448069081314, 0.7322360136715236, 0.7682353698577222]
2022-12-16 03:05:17,853|INFO|nn.computeOptunaObjective|Trial 15 timings:|8.659752999999995
2022-12-16 03:05:17,853|INFO|nn.computeOptunaObjective|Trial 15 objective:|0.5586800216413365
2022-12-16 03:05:26,420|INFO|nn.computeOptunaObjective|Trial 16 params:|{'n_layers': 2, 'architecture': 'inner', 'lr': 0.0001, 'n_epochs': 150}
2022-12-16 03:05:26,420|INFO|nn.computeOptunaObjective|Trial 16 balacc:|[0.5277878849134156, 0.5749615975422427, 0.5742424242424242, 0.5, 0.4992272024729521, 0.5113636363636364, 0.5, 0.5569561578574648]
2022-12-16 03:05:26,420|INFO|nn.computeOptunaObjective|Trial 16 rocauc:|[0.6904656020483795, 0.7812596006144393, 0.7303030303030302, 0.7298215047646138, 0.7312263497308533, 0.763552410650036, 0.6800683576182768, 0.7402218931736733]
2022-12-16 03:05:26,420|INFO|nn.computeOptunaObjective|Trial 16 timings:|8.565273500000018
2022-12-16 03:05:26,420|INFO|nn.computeOptunaObjective|Trial 16 objective:|0.5305673629240171
2022-12-16 03:05:34,911|INFO|nn.computeOptunaObjective|Trial 17 params:|{'n_layers': 2, 'architecture': 'linear', 'lr': 0.001, 'n_epochs': 150}
2022-12-16 03:05:34,911|INFO|nn.computeOptunaObjective|Trial 17 balacc:|[0.6680109157064889, 0.614132104454685, 0.7106060606060606, 0.6294268240648556, 0.6395965463944998, 0.6725833533221396, 0.6332973556395035, 0.6692289534110174]
2022-12-16 03:05:34,911|INFO|nn.computeOptunaObjective|Trial 17 rocauc:|[0.7654066437571592, 0.7751152073732719, 0.7636363636363637, 0.7832634049210638, 0.8038693172733571, 0.8500839529863277, 0.7909695988487138, 0.8073885705701839]
2022-12-16 03:05:34,911|INFO|nn.computeOptunaObjective|Trial 17 timings:|8.487344499999978
2022-12-16 03:05:34,911|INFO|nn.computeOptunaObjective|Trial 17 objective:|0.6546102641999063
2022-12-16 03:05:46,598|INFO|nn.computeOptunaObjective|Trial 18 params:|{'n_layers': 4, 'architecture': 'linear', 'lr': 0.001, 'n_epochs': 200}
2022-12-16 03:05:46,598|INFO|nn.computeOptunaObjective|Trial 18 balacc:|[0.6887473889899602, 0.6070660522273426, 0.7371212121212121, 0.6343514436068838, 0.6451260459414806, 0.6948009114895658, 0.7022396114409066, 0.6639713298568639]
2022-12-16 03:05:46,598|INFO|nn.computeOptunaObjective|Trial 18 rocauc:|[0.768053028771646, 0.8198156682027651, 0.8056818181818182, 0.7834945242497512, 0.8130629430261685, 0.8484048932597745, 0.7495952509444145, 0.8133050065452048]
2022-12-16 03:05:46,598|INFO|nn.computeOptunaObjective|Trial 18 timings:|11.69807400000002
2022-12-16 03:05:46,598|INFO|nn.computeOptunaObjective|Trial 18 objective:|0.671677999459277
2022-12-16 03:05:52,458|INFO|nn.computeOptunaObjective|Trial 19 params:|{'n_layers': 3, 'architecture': 'top', 'lr': 0.001, 'n_epochs': 100}
2022-12-16 03:05:52,459|INFO|nn.computeOptunaObjective|Trial 19 balacc:|[0.7056701030927834, 0.6783410138248848, 0.7560606060606061, 0.6624857772720808, 0.6395965463944998, 0.724934036939314, 0.7068267674042095, 0.6713942359278096]
2022-12-16 03:05:52,459|INFO|nn.computeOptunaObjective|Trial 19 rocauc:|[0.7833080654942389, 0.8267281105990784, 0.8234848484848486, 0.7696629213483145, 0.8183659329531525, 0.8471455984648597, 0.7761288001439108, 0.8234726067082985]
2022-12-16 03:05:52,459|INFO|nn.computeOptunaObjective|Trial 19 timings:|5.843195699999995
2022-12-16 03:05:52,459|INFO|nn.computeOptunaObjective|Trial 19 objective:|0.6931636358645235
2022-12-16 03:06:03,850|INFO|nn.computeOptunaObjective|Trial 20 params:|{'n_layers': 3, 'architecture': 'top', 'lr': 0.0001, 'n_epochs': 200}
2022-12-16 03:06:03,850|INFO|nn.computeOptunaObjective|Trial 20 balacc:|[0.6693720099723739, 0.6453917050691245, 0.6568181818181817, 0.5900387569335799, 0.6812743164739115, 0.6821180139122092, 0.7037686634286742, 0.6808236228245241]
2022-12-16 03:06:03,850|INFO|nn.computeOptunaObjective|Trial 20 rocauc:|[0.7723384542820566, 0.8403993855606758, 0.8196969696969697, 0.7591203242781965, 0.7981133081063796, 0.8207603741904533, 0.7894405468609462, 0.80490997660894]
2022-12-16 03:06:03,850|INFO|nn.computeOptunaObjective|Trial 20 timings:|11.392826900000017
2022-12-16 03:06:03,850|INFO|nn.computeOptunaObjective|Trial 20 objective:|0.6637006588040724
2022-12-16 03:06:12,196|INFO|nn.computeOptunaObjective|Trial 21 params:|{'n_layers': 3, 'architecture': 'outer', 'lr': 0.001, 'n_epochs': 150}
2022-12-16 03:06:12,196|INFO|nn.computeOptunaObjective|Trial 21 balacc:|[0.694154706556162, 0.6667434715821813, 0.7333333333333334, 0.6449029298819513, 0.669442519852902, 0.7022067642120412, 0.6627091203453859, 0.6818751475353548]
2022-12-16 03:06:12,196|INFO|nn.computeOptunaObjective|Trial 21 rocauc:|[0.7773987601913618, 0.8044546850998463, 0.7787878787878788, 0.7731030436637747, 0.815434631988488, 0.8328136243703527, 0.7742399712178448, 0.8161848966716025]
2022-12-16 03:06:12,196|INFO|nn.computeOptunaObjective|Trial 21 timings:|8.339313099999998
2022-12-16 03:06:12,197|INFO|nn.computeOptunaObjective|Trial 21 objective:|0.681920999162414
2022-12-16 03:06:17,867|INFO|nn.computeOptunaObjective|Trial 22 params:|{'n_layers': 4, 'architecture': 'inner', 'lr': 0.001, 'n_epochs': 100}
2022-12-16 03:06:17,867|INFO|nn.computeOptunaObjective|Trial 22 balacc:|[0.6924230173168924, 0.76321044546851, 0.6856060606060606, 0.6273289716967714, 0.6720007461493365, 0.7135704005756776, 0.7007105594531391, 0.7021588446103993]
2022-12-16 03:06:17,867|INFO|nn.computeOptunaObjective|Trial 22 rocauc:|[0.7827791253958628, 0.8557603686635945, 0.8393939393939394, 0.7339638742710852, 0.7902520918829612, 0.8275965459342768, 0.7918690411944594, 0.8094937659606429]
2022-12-16 03:06:17,867|INFO|nn.computeOptunaObjective|Trial 22 timings:|5.668213399999985
2022-12-16 03:06:17,868|INFO|nn.computeOptunaObjective|Trial 22 objective:|0.6946261307345984
2022-12-16 03:06:26,768|INFO|nn.computeOptunaObjective|Trial 23 params:|{'n_layers': 4, 'architecture': 'top', 'lr': 0.001, 'n_epochs': 150}
2022-12-16 03:06:26,768|INFO|nn.computeOptunaObjective|Trial 23 balacc:|[0.6891752577319588, 0.7121351766513057, 0.6424242424242425, 0.6357648271938559, 0.6429275702179822, 0.6948009114895658, 0.6860046771001979, 0.6737741153243632]
2022-12-16 03:06:26,768|INFO|nn.computeOptunaObjective|Trial 23 rocauc:|[0.7773701233070548, 0.8321044546850999, 0.8208333333333333, 0.7664450291565924, 0.8072536374780153, 0.850953466059007, 0.7929483720093542, 0.8240048069701067]
2022-12-16 03:06:26,768|INFO|nn.computeOptunaObjective|Trial 23 timings:|8.897788699999978
2022-12-16 03:06:26,768|INFO|nn.computeOptunaObjective|Trial 23 objective:|0.672125847266684
2022-12-16 03:06:37,882|INFO|nn.computeOptunaObjective|Trial 24 params:|{'n_layers': 2, 'architecture': 'inner', 'lr': 0.0001, 'n_epochs': 200}
2022-12-16 03:06:37,882|INFO|nn.computeOptunaObjective|Trial 24 balacc:|[0.5803483592749814, 0.5874039938556068, 0.634090909090909, 0.5063291139240507, 0.5815701113894367, 0.58695130726793, 0.5704713077891707, 0.601605184660615]
2022-12-16 03:06:37,882|INFO|nn.computeOptunaObjective|Trial 24 rocauc:|[0.7095057610673136, 0.7915514592933948, 0.7575757575757576, 0.7580358412743564, 0.7763950327772744, 0.8132046054209642, 0.7340348983630149, 0.7639391403248997]
2022-12-16 03:06:37,882|INFO|nn.computeOptunaObjective|Trial 24 timings:|11.110477900000006
2022-12-16 03:06:37,882|INFO|nn.computeOptunaObjective|Trial 24 objective:|0.5810962859065876
2022-12-16 03:06:49,676|INFO|nn.computeOptunaObjective|Trial 25 params:|{'n_layers': 3, 'architecture': 'bottom', 'lr': 0.0001, 'n_epochs': 200}
2022-12-16 03:06:49,676|INFO|nn.computeOptunaObjective|Trial 25 balacc:|[0.5858533791523481, 0.6391705069124424, 0.693939393939394, 0.5, 0.5651015296061398, 0.5214080115135524, 0.5278827127181147, 0.5979870812678384]
2022-12-16 03:06:49,676|INFO|nn.computeOptunaObjective|Trial 25 rocauc:|[0.6952109022303079, 0.7995391705069124, 0.7795454545454547, 0.7339283174512872, 0.7481745989447316, 0.7760254257615735, 0.7120885051268213, 0.7475138951479645]
2022-12-16 03:06:49,676|INFO|nn.computeOptunaObjective|Trial 25 timings:|11.7952765
2022-12-16 03:06:49,676|INFO|nn.computeOptunaObjective|Trial 25 objective:|0.5789178268887287
2022-12-16 03:06:58,676|INFO|nn.computeOptunaObjective|Trial 26 params:|{'n_layers': 2, 'architecture': 'outer', 'lr': 0.0001, 'n_epochs': 150}
2022-12-16 03:06:58,676|INFO|nn.computeOptunaObjective|Trial 26 balacc:|[0.5265817667273095, 0.5660522273425499, 0.5515151515151515, 0.5, 0.5086206896551724, 0.5, 0.5147058823529411, 0.5635421360973412]
2022-12-16 03:06:58,676|INFO|nn.computeOptunaObjective|Trial 26 rocauc:|[0.6862964085978034, 0.7657450076804915, 0.7121212121212122, 0.7302481866021904, 0.7225390395992113, 0.7492204365555288, 0.6772800863464653, 0.7433936350565463]
2022-12-16 03:06:58,676|INFO|nn.computeOptunaObjective|Trial 26 timings:|9.00161940000001
2022-12-16 03:06:58,676|INFO|nn.computeOptunaObjective|Trial 26 objective:|0.5288772317113082
2022-12-16 03:07:04,583|INFO|nn.computeOptunaObjective|Trial 27 params:|{'n_layers': 3, 'architecture': 'inner', 'lr': 0.0001, 'n_epochs': 100}
2022-12-16 03:07:04,583|INFO|nn.computeOptunaObjective|Trial 27 balacc:|[0.5, 0.5, 0.5143939393939394, 0.5, 0.5, 0.5, 0.5, 0.5]
2022-12-16 03:07:04,583|INFO|nn.computeOptunaObjective|Trial 27 rocauc:|[0.6704551580082204, 0.7542242703533026, 0.6613636363636364, 0.705216185464372, 0.6998880775995309, 0.7524586231710242, 0.6717035438028423, 0.7176248417348012]
2022-12-16 03:07:04,583|INFO|nn.computeOptunaObjective|Trial 27 timings:|5.894487700000013
2022-12-16 03:07:04,583|INFO|nn.computeOptunaObjective|Trial 27 objective:|0.5017992424242425
2022-12-16 03:07:13,336|INFO|nn.computeOptunaObjective|Trial 28 params:|{'n_layers': 3, 'architecture': 'top', 'lr': 0.001, 'n_epochs': 150}
2022-12-16 03:07:13,336|INFO|nn.computeOptunaObjective|Trial 28 balacc:|[0.6977629539788424, 0.6667434715821813, 0.7083333333333333, 0.6533387853790358, 0.6560651281777967, 0.7162089230031183, 0.677415002698327, 0.6650850876628254]
2022-12-16 03:07:13,336|INFO|nn.computeOptunaObjective|Trial 28 rocauc:|[0.7773061114480156, 0.8007680491551459, 0.8151515151515152, 0.7698762622671028, 0.8242285348824815, 0.8483149436315663, 0.773610361575823, 0.8202815511062469]
2022-12-16 03:07:13,336|INFO|nn.computeOptunaObjective|Trial 28 timings:|8.75828899999999
2022-12-16 03:07:13,336|INFO|nn.computeOptunaObjective|Trial 28 objective:|0.6801190857269325
2022-12-16 03:07:19,055|INFO|nn.computeOptunaObjective|Trial 29 params:|{'n_layers': 4, 'architecture': 'outer', 'lr': 0.001, 'n_epochs': 100}
2022-12-16 03:07:19,055|INFO|nn.computeOptunaObjective|Trial 29 balacc:|[0.7052422343507849, 0.6837173579109063, 0.6772727272727272, 0.6414005831318447, 0.6640329371635666, 0.6948009114895658, 0.6875337290879655, 0.6804845597545012]
2022-12-16 03:07:19,055|INFO|nn.computeOptunaObjective|Trial 29 rocauc:|[0.7820985782629203, 0.8380184331797235, 0.828030303030303, 0.7356528232114918, 0.8025902041251398, 0.8526025425761573, 0.7850332793667926, 0.8238159617159166]
2022-12-16 03:07:19,055|INFO|nn.computeOptunaObjective|Trial 29 timings:|5.718565599999977
2022-12-16 03:07:19,055|INFO|nn.computeOptunaObjective|Trial 29 objective:|0.6793106300202327
2022-12-16 03:07:30,404|INFO|nn.computeOptunaObjective|Trial 30 params:|{'n_layers': 4, 'architecture': 'linear', 'lr': 0.0001, 'n_epochs': 200}
2022-12-16 03:07:30,405|INFO|nn.computeOptunaObjective|Trial 30 balacc:|[0.6664544168182737, 0.7427035330261136, 0.6628787878787878, 0.5823140378324563, 0.6797287214198156, 0.6781602302710482, 0.6860046771001979, 0.6741131783943861]
2022-12-16 03:07:30,405|INFO|nn.computeOptunaObjective|Trial 30 rocauc:|[0.759306987399771, 0.8529953917050691, 0.7984848484848485, 0.7263547148343052, 0.7929702073229228, 0.8109258815063565, 0.784493613959345, 0.7942702633103714]
2022-12-16 03:07:30,405|INFO|nn.computeOptunaObjective|Trial 30 timings:|11.335644699999989
2022-12-16 03:07:30,405|INFO|nn.computeOptunaObjective|Trial 30 objective:|0.6715446978426349
2022-12-16 03:07:36,305|INFO|nn.computeOptunaObjective|Trial 31 params:|{'n_layers': 3, 'architecture': 'top', 'lr': 0.0001, 'n_epochs': 100}
2022-12-16 03:07:36,305|INFO|nn.computeOptunaObjective|Trial 31 balacc:|[0.5133346809514184, 0.5115975422427035, 0.5287878787878788, 0.5, 0.5, 0.5, 0.5, 0.5417433850511814]
2022-12-16 03:07:36,305|INFO|nn.computeOptunaObjective|Trial 31 rocauc:|[0.6977073647328348, 0.8029185867895545, 0.7575757575757576, 0.7197055895320723, 0.7529979214411341, 0.8058887023266971, 0.7116387839539484, 0.7615957423979056]
2022-12-16 03:07:36,306|INFO|nn.computeOptunaObjective|Trial 31 timings:|5.897015500000009
2022-12-16 03:07:36,306|INFO|nn.computeOptunaObjective|Trial 31 objective:|0.5119329358791478
2022-12-16 03:07:47,616|INFO|nn.computeOptunaObjective|Trial 32 params:|{'n_layers': 4, 'architecture': 'inner', 'lr': 0.001, 'n_epochs': 200}
2022-12-16 03:07:47,616|INFO|nn.computeOptunaObjective|Trial 32 balacc:|[0.6994070480425847, 0.6702764976958525, 0.5659090909090909, 0.6491253022329683, 0.6349597612322123, 0.7035260254257616, 0.7062421298794748, 0.6544797098650186]
2022-12-16 03:07:47,616|INFO|nn.computeOptunaObjective|Trial 32 rocauc:|[0.7681608382184488, 0.8304147465437789, 0.8026515151515152, 0.7625515573887072, 0.8033630016521879, 0.8487646917726075, 0.7676740420939017, 0.8133092984828]
2022-12-16 03:07:47,616|INFO|nn.computeOptunaObjective|Trial 32 timings:|11.307293700000002
2022-12-16 03:07:47,616|INFO|nn.computeOptunaObjective|Trial 32 objective:|0.6604906956603704
2022-12-16 03:07:56,055|INFO|nn.computeOptunaObjective|Trial 33 params:|{'n_layers': 3, 'architecture': 'bottom', 'lr': 0.001, 'n_epochs': 150}
2022-12-16 03:07:56,055|INFO|nn.computeOptunaObjective|Trial 33 balacc:|[0.6944174920827437, 0.7087557603686636, 0.7333333333333334, 0.6364759635898165, 0.6443532484144326, 0.6887143199808108, 0.7245907537326857, 0.6819373806304856]
2022-12-16 03:07:56,055|INFO|nn.computeOptunaObjective|Trial 33 rocauc:|[0.7783740987804056, 0.8036098310291858, 0.8234848484848485, 0.7650938700042669, 0.811277514256782, 0.8593187814823698, 0.7890807699226479, 0.8121740809888625]
2022-12-16 03:07:56,055|INFO|nn.computeOptunaObjective|Trial 33 timings:|8.43712099999999
2022-12-16 03:07:56,055|INFO|nn.computeOptunaObjective|Trial 33 objective:|0.6890722815166215
2022-12-16 03:08:07,172|INFO|nn.computeOptunaObjective|Trial 34 params:|{'n_layers': 3, 'architecture': 'inner', 'lr': 0.001, 'n_epochs': 200}
2022-12-16 03:08:07,172|INFO|nn.computeOptunaObjective|Trial 34 balacc:|[0.6965568357927363, 0.6640552995391705, 0.7106060606060606, 0.6062259991466363, 0.6937589937643234, 0.6921623890621252, 0.6860046771001979, 0.6749501062254555]
2022-12-16 03:08:07,172|INFO|nn.computeOptunaObjective|Trial 34 rocauc:|[0.7769557307459065, 0.7629800307219662, 0.7962121212121213, 0.7693517991750818, 0.8122368491179449, 0.8362916766610698, 0.7802212628170533, 0.8163973475825661]
2022-12-16 03:08:07,172|INFO|nn.computeOptunaObjective|Trial 34 timings:|11.111407100000008
2022-12-16 03:08:07,172|INFO|nn.computeOptunaObjective|Trial 34 objective:|0.6780400451545882
2022-12-16 03:08:18,759|INFO|nn.computeOptunaObjective|Trial 35 params:|{'n_layers': 4, 'architecture': 'top', 'lr': 0.001, 'n_epochs': 200}
2022-12-16 03:08:18,759|INFO|nn.computeOptunaObjective|Trial 35 balacc:|[0.6932012667609999, 0.6855606758832565, 0.6651515151515152, 0.6610723936851088, 0.6467915578532217, 0.6821180139122092, 0.6728278467350243, 0.6627052082662719]
2022-12-16 03:08:18,759|INFO|nn.computeOptunaObjective|Trial 35 rocauc:|[0.7788373424971363, 0.8504608294930875, 0.8325757575757576, 0.7608448300384014, 0.8138890369343922, 0.8373710721995683, 0.7824698686814175, 0.8181334363398356]
2022-12-16 03:08:18,759|INFO|nn.computeOptunaObjective|Trial 35 timings:|11.583646499999986
2022-12-16 03:08:18,759|INFO|nn.computeOptunaObjective|Trial 35 objective:|0.671178559780951
2022-12-16 03:08:27,119|INFO|nn.computeOptunaObjective|Trial 36 params:|{'n_layers': 3, 'architecture': 'bottom', 'lr': 0.0001, 'n_epochs': 150}
2022-12-16 03:08:27,119|INFO|nn.computeOptunaObjective|Trial 36 balacc:|[0.5055050198773667, 0.5, 0.5598484848484848, 0.5, 0.5, 0.5, 0.5, 0.5132341895748835]
2022-12-16 03:08:27,119|INFO|nn.computeOptunaObjective|Trial 36 rocauc:|[0.6530944680277608, 0.7000000000000001, 0.593939393939394, 0.7010204807282037, 0.6682033789905665, 0.7176181338450468, 0.6428314445044072, 0.6984613403721109]
2022-12-16 03:08:27,119|INFO|nn.computeOptunaObjective|Trial 36 timings:|8.354942100000017
2022-12-16 03:08:27,119|INFO|nn.computeOptunaObjective|Trial 36 objective:|0.5098234617875919
2022-12-16 03:08:36,246|INFO|nn.computeOptunaObjective|Trial 37 params:|{'n_layers': 3, 'architecture': 'linear', 'lr': 0.0001, 'n_epochs': 150}
2022-12-16 03:08:36,246|INFO|nn.computeOptunaObjective|Trial 37 balacc:|[0.5541944612896705, 0.572273425499232, 0.603030303030303, 0.5, 0.5063022970740286, 0.5301331254497481, 0.542588595071056, 0.5895469859868238]
2022-12-16 03:08:36,246|INFO|nn.computeOptunaObjective|Trial 37 rocauc:|[0.7187200997237383, 0.8109062980030722, 0.7742424242424242, 0.7344972265680557, 0.7723711559985077, 0.8150635644039338, 0.7417701025364275, 0.7682825811712698]
2022-12-16 03:08:36,246|INFO|nn.computeOptunaObjective|Trial 37 timings:|9.135257299999978
2022-12-16 03:08:36,246|INFO|nn.computeOptunaObjective|Trial 37 objective:|0.5497586491751079
2022-12-16 03:08:48,040|INFO|nn.computeOptunaObjective|Trial 38 params:|{'n_layers': 4, 'architecture': 'bottom', 'lr': 0.001, 'n_epochs': 200}
2022-12-16 03:08:48,041|INFO|nn.computeOptunaObjective|Trial 38 balacc:|[0.6867630213597467, 0.6774961597542243, 0.7083333333333333, 0.6090349879106813, 0.6600490326706816, 0.6982489805708803, 0.7497751394135637, 0.6848430223824545]
2022-12-16 03:08:48,041|INFO|nn.computeOptunaObjective|Trial 38 rocauc:|[0.7741543696516408, 0.8425499231950845, 0.7886363636363636, 0.7756453562793344, 0.8115173479720728, 0.8238186615495323, 0.7779276848354021, 0.8079014571128136]
2022-12-16 03:08:48,041|INFO|nn.computeOptunaObjective|Trial 38 timings:|11.777139499999976
2022-12-16 03:08:48,041|INFO|nn.computeOptunaObjective|Trial 38 objective:|0.6843179596744458
2022-12-16 03:08:56,914|INFO|nn.computeOptunaObjective|Trial 39 params:|{'n_layers': 4, 'architecture': 'top', 'lr': 0.0001, 'n_epochs': 150}
2022-12-16 03:08:56,914|INFO|nn.computeOptunaObjective|Trial 39 balacc:|[0.6668822855602722, 0.7596774193548387, 0.6628787878787878, 0.5794961598634618, 0.6797287214198156, 0.6607100023986567, 0.6860046771001979, 0.6725981244232709]
2022-12-16 03:08:56,914|INFO|nn.computeOptunaObjective|Trial 39 rocauc:|[0.7648591739101139, 0.8503840245775729, 0.7931818181818182, 0.7347639027165411, 0.7955284336193573, 0.8152434636603502, 0.7830545062061522, 0.7960428335372004]
2022-12-16 03:08:56,914|INFO|nn.computeOptunaObjective|Trial 39 timings:|8.882969100000025
2022-12-16 03:08:56,914|INFO|nn.computeOptunaObjective|Trial 39 objective:|0.6709970222499126
2022-12-16 03:09:07,980|INFO|nn.computeOptunaObjective|Trial 40 params:|{'n_layers': 3, 'architecture': 'linear', 'lr': 0.001, 'n_epochs': 200}
2022-12-16 03:09:07,980|INFO|nn.computeOptunaObjective|Trial 40 balacc:|[0.7116130988477866, 0.6729646697388633, 0.731060606060606, 0.6449029298819513, 0.6960773863454671, 0.7048452866394819, 0.677415002698327, 0.662642975171141]
2022-12-16 03:09:07,980|INFO|nn.computeOptunaObjective|Trial 40 rocauc:|[0.7779293848123441, 0.7976190476190476, 0.8174242424242425, 0.7739919641587256, 0.8140622501732132, 0.8474754137682897, 0.7693829825508185, 0.8140453657803814]
2022-12-16 03:09:07,980|INFO|nn.computeOptunaObjective|Trial 40 timings:|11.04825790000001
2022-12-16 03:09:07,980|INFO|nn.computeOptunaObjective|Trial 40 objective:|0.687690244422953
2022-12-16 03:09:19,354|INFO|nn.computeOptunaObjective|Trial 41 params:|{'n_layers': 4, 'architecture': 'outer', 'lr': 0.001, 'n_epochs': 200}
2022-12-16 03:09:19,354|INFO|nn.computeOptunaObjective|Trial 41 balacc:|[0.6918300653594771, 0.6748079877112135, 0.6856060606060606, 0.6434895462949793, 0.6246735596652987, 0.714889661789398, 0.766594711279007, 0.6605399257494796]
2022-12-16 03:09:19,354|INFO|nn.computeOptunaObjective|Trial 41 rocauc:|[0.7800956808840375, 0.8174347158218126, 0.7791666666666666, 0.7782321149196416, 0.8112242178756062, 0.8393199808107459, 0.7647508544702285, 0.815315779308569]
2022-12-16 03:09:19,354|INFO|nn.computeOptunaObjective|Trial 41 timings:|11.384255900000028
2022-12-16 03:09:19,369|INFO|nn.computeOptunaObjective|Trial 41 objective:|0.6828039398068642
2022-12-16 03:09:27,988|INFO|nn.computeOptunaObjective|Trial 42 params:|{'n_layers': 2, 'architecture': 'linear', 'lr': 0.0001, 'n_epochs': 150}
2022-12-16 03:09:27,988|INFO|nn.computeOptunaObjective|Trial 42 balacc:|[0.5387103294926218, 0.5606758832565284, 0.5969696969696969, 0.5, 0.49845440494590415, 0.5214080115135524, 0.5147058823529411, 0.5706538766926329]
2022-12-16 03:09:27,988|INFO|nn.computeOptunaObjective|Trial 42 rocauc:|[0.6866956404554948, 0.7731182795698925, 0.7492424242424243, 0.7334127435642156, 0.7299205883920482, 0.7672103621971695, 0.6827666846555137, 0.7444065323290199]
2022-12-16 03:09:27,988|INFO|nn.computeOptunaObjective|Trial 42 timings:|8.624647500000037
2022-12-16 03:09:27,988|INFO|nn.computeOptunaObjective|Trial 42 objective:|0.5376972606529847
2022-12-16 03:09:36,802|INFO|nn.computeOptunaObjective|Trial 43 params:|{'n_layers': 4, 'architecture': 'linear', 'lr': 0.0001, 'n_epochs': 150}
2022-12-16 03:09:36,802|INFO|nn.computeOptunaObjective|Trial 43 balacc:|[0.5822350245940301, 0.6124423963133641, 0.6318181818181818, 0.5, 0.5, 0.5113636363636364, 0.5805900341788092, 0.6016674177557458]
2022-12-16 03:09:36,802|INFO|nn.computeOptunaObjective|Trial 43 rocauc:|[0.7289215686274509, 0.8324116743471582, 0.7689393939393939, 0.725252453420566, 0.7899589617864947, 0.8201607100023985, 0.7662349343407087, 0.7727290285199253]
2022-12-16 03:09:36,802|INFO|nn.computeOptunaObjective|Trial 43 timings:|8.805737399999998
2022-12-16 03:09:36,802|INFO|nn.computeOptunaObjective|Trial 43 objective:|0.565014586377971
2022-12-16 03:09:48,489|INFO|nn.computeOptunaObjective|Trial 44 params:|{'n_layers': 4, 'architecture': 'outer', 'lr': 0.0001, 'n_epochs': 200}
2022-12-16 03:09:48,489|INFO|nn.computeOptunaObjective|Trial 44 balacc:|[0.6639545852705344, 0.7400153609831028, 0.731060606060606, 0.5147738586260845, 0.688349411074988, 0.6567522187574958, 0.6829465731246627, 0.6786583403077319]
2022-12-16 03:09:48,489|INFO|nn.computeOptunaObjective|Trial 44 rocauc:|[0.7555505019877368, 0.8440860215053764, 0.7931818181818183, 0.7298570615844119, 0.7915578532217662, 0.8133845046773807, 0.7851232236013671, 0.7940256228674435]
2022-12-16 03:09:48,489|INFO|nn.computeOptunaObjective|Trial 44 timings:|11.678358199999991
2022-12-16 03:09:48,489|INFO|nn.computeOptunaObjective|Trial 44 objective:|0.6695638692756507
2022-12-16 03:09:54,143|INFO|nn.computeOptunaObjective|Trial 45 params:|{'n_layers': 4, 'architecture': 'bottom', 'lr': 0.001, 'n_epochs': 100}
2022-12-16 03:09:54,143|INFO|nn.computeOptunaObjective|Trial 45 balacc:|[0.6750623273364329, 0.6917818740399385, 0.7, 0.6013013796046082, 0.6775302456963173, 0.7130606860158311, 0.735653894585357, 0.6922315929526385]
2022-12-16 03:09:54,143|INFO|nn.computeOptunaObjective|Trial 45 rocauc:|[0.7523734923522675, 0.8139784946236559, 0.781060606060606, 0.7247902147631916, 0.779486222885466, 0.7908970976253298, 0.7861126101816874, 0.7980643361445523]
2022-12-16 03:09:54,143|INFO|nn.computeOptunaObjective|Trial 45 timings:|5.6630268000000115
2022-12-16 03:09:54,143|INFO|nn.computeOptunaObjective|Trial 45 objective:|0.6858277500288905
2022-12-16 03:10:05,578|INFO|nn.computeOptunaObjective|Trial 46 params:|{'n_layers': 3, 'architecture': 'inner', 'lr': 0.0001, 'n_epochs': 200}
2022-12-16 03:10:05,578|INFO|nn.computeOptunaObjective|Trial 46 balacc:|[0.6487332390000673, 0.6561443932411675, 0.6568181818181817, 0.5414948087043094, 0.6349597612322123, 0.6633485248260974, 0.6378845116028062, 0.6538917144144724]
2022-12-16 03:10:05,578|INFO|nn.computeOptunaObjective|Trial 46 rocauc:|[0.7468448891584125, 0.8298003072196621, 0.787878787878788, 0.736577300526241, 0.7861749187230187, 0.8277164787718878, 0.7798165137614679, 0.7939741196163007]
2022-12-16 03:10:05,578|INFO|nn.computeOptunaObjective|Trial 46 timings:|11.420084000000031
2022-12-16 03:10:05,578|INFO|nn.computeOptunaObjective|Trial 46 objective:|0.6366593918549143
2022-12-16 03:10:14,217|INFO|nn.computeOptunaObjective|Trial 47 params:|{'n_layers': 2, 'architecture': 'top', 'lr': 0.001, 'n_epochs': 150}
2022-12-16 03:10:14,217|INFO|nn.computeOptunaObjective|Trial 47 balacc:|[0.6804797520382724, 0.6195084485407065, 0.7333333333333334, 0.6371604323709288, 0.6395965463944998, 0.6712640921084193, 0.6480032379924447, 0.6815360844653319]
2022-12-16 03:10:14,217|INFO|nn.computeOptunaObjective|Trial 47 rocauc:|[0.7677296004312378, 0.7695852534562213, 0.7772727272727273, 0.7866768596216754, 0.8107978468262005, 0.858958982969537, 0.78557294477424, 0.8094916199918454]
2022-12-16 03:10:14,217|INFO|nn.computeOptunaObjective|Trial 47 timings:|8.639898399999993
2022-12-16 03:10:14,217|INFO|nn.computeOptunaObjective|Trial 47 objective:|0.6638602409054921
2022-12-16 03:10:20,107|INFO|nn.computeOptunaObjective|Trial 48 params:|{'n_layers': 2, 'architecture': 'inner', 'lr': 0.001, 'n_epochs': 100}
2022-12-16 03:10:20,107|INFO|nn.computeOptunaObjective|Trial 48 balacc:|[0.6592379219729129, 0.590937019969278, 0.7189393939393939, 0.6491164130280188, 0.6419149389756436, 0.6813084672583354, 0.6642381723331534, 0.6596128672289105]
2022-12-16 03:10:20,107|INFO|nn.computeOptunaObjective|Trial 48 rocauc:|[0.7585624284077891, 0.7757296466973886, 0.7689393939393939, 0.7880457971838998, 0.8097052710120984, 0.8503238186615496, 0.7869221082928585, 0.8115581879439473]
2022-12-16 03:10:20,107|INFO|nn.computeOptunaObjective|Trial 48 timings:|5.875807000000009
2022-12-16 03:10:20,107|INFO|nn.computeOptunaObjective|Trial 48 objective:|0.6581631493382057
2022-12-16 03:10:31,659|INFO|nn.computeOptunaObjective|Trial 49 params:|{'n_layers': 2, 'architecture': 'outer', 'lr': 0.0001, 'n_epochs': 200}
2022-12-16 03:10:31,659|INFO|nn.computeOptunaObjective|Trial 49 balacc:|[0.5769927902432451, 0.5990015360983103, 0.6795454545454546, 0.5189873417721519, 0.5815701113894367, 0.5414967618133845, 0.5557654254362295, 0.5956072018712848]
2022-12-16 03:10:31,659|INFO|nn.computeOptunaObjective|Trial 49 rocauc:|[0.7034178963681692, 0.780952380952381, 0.7568181818181818, 0.7611826198264827, 0.7706656718008847, 0.807147997121612, 0.7198237093002339, 0.7611450889504068]
2022-12-16 03:10:31,659|INFO|nn.computeOptunaObjective|Trial 49 timings:|11.55110719999999
2022-12-16 03:10:31,659|INFO|nn.computeOptunaObjective|Trial 49 objective:|0.5811208278961871
2022-12-16 03:10:37,631|INFO|nn.computeOptunaObjective|Trial 50 params:|{'n_layers': 2, 'architecture': 'top', 'lr': 0.001, 'n_epochs': 100}
2022-12-16 03:10:37,631|INFO|nn.computeOptunaObjective|Trial 50 balacc:|[0.676521123913483, 0.6052227342549923, 0.6962121212121212, 0.63786267956194, 0.6160528700101263, 0.6725833533221396, 0.6409426155783414, 0.6729092898989248]
2022-12-16 03:10:37,631|INFO|nn.computeOptunaObjective|Trial 50 rocauc:|[0.7677733980190015, 0.7887864823348695, 0.7757575757575758, 0.7888813824491536, 0.8106912540638491, 0.8546414008155433, 0.7790969598848714, 0.8154166398420567]
2022-12-16 03:10:37,631|INFO|nn.computeOptunaObjective|Trial 50 timings:|5.9642827000000125
2022-12-16 03:10:37,632|INFO|nn.computeOptunaObjective|Trial 50 objective:|0.6522883484690085
2022-12-16 03:10:49,201|INFO|nn.computeOptunaObjective|Trial 51 params:|{'n_layers': 3, 'architecture': 'top', 'lr': 0.001, 'n_epochs': 200}
2022-12-16 03:10:49,201|INFO|nn.computeOptunaObjective|Trial 51 balacc:|[0.688562091503268, 0.6980030721966206, 0.725, 0.6259155881097994, 0.6623674252518255, 0.7101223314943631, 0.6758859507105595, 0.6698169488615635]
2022-12-16 03:10:49,201|INFO|nn.computeOptunaObjective|Trial 51 rocauc:|[0.7799592345529278, 0.7943932411674347, 0.8363636363636364, 0.767520622955483, 0.8188189521931462, 0.84045934276805, 0.7809857888109373, 0.8146011716989635]
2022-12-16 03:10:49,201|INFO|nn.computeOptunaObjective|Trial 51 timings:|11.56547710000001
2022-12-16 03:10:49,201|INFO|nn.computeOptunaObjective|Trial 51 objective:|0.681959176016
2022-12-16 03:10:54,684|INFO|nn.computeOptunaObjective|Trial 52 params:|{'n_layers': 2, 'architecture': 'bottom', 'lr': 0.001, 'n_epochs': 100}
2022-12-16 03:10:54,684|INFO|nn.computeOptunaObjective|Trial 52 balacc:|[0.6460784313725491, 0.6275729646697389, 0.6484848484848484, 0.6153552126297823, 0.622355167084155, 0.6913528424082513, 0.6054146429213887, 0.6294641515912359]
2022-12-16 03:10:54,684|INFO|nn.computeOptunaObjective|Trial 52 rocauc:|[0.7461744491611076, 0.7721966205837173, 0.7522727272727273, 0.7902680984212772, 0.7933965783723285, 0.8382705684816503, 0.770732146069437, 0.7939698276787055]
2022-12-16 03:10:54,684|INFO|nn.computeOptunaObjective|Trial 52 timings:|5.478868900000009
2022-12-16 03:10:54,684|INFO|nn.computeOptunaObjective|Trial 52 objective:|0.6357597826452437
2022-12-16 03:11:02,964|INFO|nn.computeOptunaObjective|Trial 53 params:|{'n_layers': 2, 'architecture': 'outer', 'lr': 0.001, 'n_epochs': 150}
2022-12-16 03:11:02,965|INFO|nn.computeOptunaObjective|Trial 53 balacc:|[0.6756653864294859, 0.590937019969278, 0.7333333333333334, 0.6301290712558669, 0.6395965463944998, 0.6498560805948669, 0.6480032379924447, 0.6728470568037941]
2022-12-16 03:11:02,965|INFO|nn.computeOptunaObjective|Trial 53 rocauc:|[0.7627282528131528, 0.7739631336405529, 0.7840909090909091, 0.7889702744986489, 0.7992325321110696, 0.8508635164307987, 0.7853930563050908, 0.805304834867701]
2022-12-16 03:11:02,965|INFO|nn.computeOptunaObjective|Trial 53 timings:|8.274762899999985
2022-12-16 03:11:02,965|INFO|nn.computeOptunaObjective|Trial 53 objective:|0.6550459665966962
2022-12-16 03:11:08,770|INFO|nn.computeOptunaObjective|Trial 54 params:|{'n_layers': 3, 'architecture': 'inner', 'lr': 0.001, 'n_epochs': 100}
2022-12-16 03:11:08,771|INFO|nn.computeOptunaObjective|Trial 54 balacc:|[0.6950980392156862, 0.7033794162826421, 0.6962121212121212, 0.6533476745839852, 0.6608218301977296, 0.6942911969297193, 0.6728278467350243, 0.6824009098907702]
2022-12-16 03:11:08,771|INFO|nn.computeOptunaObjective|Trial 54 rocauc:|[0.7791624553601509, 0.8084485407066052, 0.7719696969696969, 0.7666761484852795, 0.8039492618451206, 0.8341328855840728, 0.7776578521316784, 0.8201077276336403]
2022-12-16 03:11:08,771|INFO|nn.computeOptunaObjective|Trial 54 timings:|5.801075499999968
2022-12-16 03:11:08,771|INFO|nn.computeOptunaObjective|Trial 54 objective:|0.6822973793809598
2022-12-16 03:11:17,677|INFO|nn.computeOptunaObjective|Trial 55 params:|{'n_layers': 3, 'architecture': 'inner', 'lr': 0.001, 'n_epochs': 150}
2022-12-16 03:11:17,677|INFO|nn.computeOptunaObjective|Trial 55 balacc:|[0.6961289670507378, 0.6613671274961598, 0.7560606060606061, 0.6350625800028445, 0.6671241272717583, 0.7114415927080835, 0.6789440546860945, 0.6804223266593703]
2022-12-16 03:11:17,677|INFO|nn.computeOptunaObjective|Trial 55 rocauc:|[0.7754969341688567, 0.7901689708141321, 0.7962121212121213, 0.766320580287299, 0.8209508074401748, 0.8608179419525066, 0.7804910955207771, 0.8203738277645443]
2022-12-16 03:11:17,677|INFO|nn.computeOptunaObjective|Trial 55 timings:|8.914679400000011
2022-12-16 03:11:17,677|INFO|nn.computeOptunaObjective|Trial 55 objective:|0.6858189227419569
2022-12-16 03:11:26,128|INFO|nn.computeOptunaObjective|Trial 56 params:|{'n_layers': 4, 'architecture': 'bottom', 'lr': 0.0001, 'n_epochs': 150}
2022-12-16 03:11:26,128|INFO|nn.computeOptunaObjective|Trial 56 balacc:|[0.5, 0.5, 0.5, 0.5, 0.5, 0.5, 0.5, 0.5081632653061224]
2022-12-16 03:11:26,128|INFO|nn.computeOptunaObjective|Trial 56 rocauc:|[0.6426133683714035, 0.6447004608294931, 0.5545454545454546, 0.6981759351443608, 0.6158663326760113, 0.6826577116814584, 0.6109012412304372, 0.6663190197214531]
2022-12-16 03:11:26,128|INFO|nn.computeOptunaObjective|Trial 56 timings:|8.432461100000012
2022-12-16 03:11:26,128|INFO|nn.computeOptunaObjective|Trial 56 objective:|0.5010204081632653
2022-12-16 03:11:31,879|INFO|nn.computeOptunaObjective|Trial 57 params:|{'n_layers': 2, 'architecture': 'linear', 'lr': 0.001, 'n_epochs': 100}
2022-12-16 03:11:31,880|INFO|nn.computeOptunaObjective|Trial 57 balacc:|[0.671278889562698, 0.6364823348694316, 0.6878787878787879, 0.6568500213340919, 0.6317486542663753, 0.6712640921084193, 0.6363554596150387, 0.6620549797205948]
2022-12-16 03:11:31,880|INFO|nn.computeOptunaObjective|Trial 57 rocauc:|[0.7623997709049255, 0.794162826420891, 0.7712121212121211, 0.7876724505760205, 0.8042157437509992, 0.8545814343967377, 0.7825148407987048, 0.8095152256486191]
2022-12-16 03:11:31,880|INFO|nn.computeOptunaObjective|Trial 57 timings:|5.746393500000011
2022-12-16 03:11:31,880|INFO|nn.computeOptunaObjective|Trial 57 objective:|0.6567391524194297
2022-12-16 03:11:43,469|INFO|nn.computeOptunaObjective|Trial 58 params:|{'n_layers': 2, 'architecture': 'top', 'lr': 0.0001, 'n_epochs': 200}
2022-12-16 03:11:43,469|INFO|nn.computeOptunaObjective|Trial 58 balacc:|[0.6057240078161849, 0.618663594470046, 0.6628787878787878, 0.5182850945811407, 0.6058865853008581, 0.6384924442312305, 0.5968249685195179, 0.6199725315993905]
2022-12-16 03:11:43,469|INFO|nn.computeOptunaObjective|Trial 58 rocauc:|[0.727055117579678, 0.804147465437788, 0.7772727272727273, 0.7673517280614421, 0.7923306507488141, 0.8328136243703527, 0.7524734664508005, 0.7794931221700035]
2022-12-16 03:11:43,469|INFO|nn.computeOptunaObjective|Trial 58 timings:|11.587441799999965
2022-12-16 03:11:43,469|INFO|nn.computeOptunaObjective|Trial 58 objective:|0.6083410017996445
2022-12-16 03:11:49,134|INFO|nn.computeOptunaObjective|Trial 59 params:|{'n_layers': 2, 'architecture': 'linear', 'lr': 0.0001, 'n_epochs': 100}
2022-12-16 03:11:49,134|INFO|nn.computeOptunaObjective|Trial 59 balacc:|[0.5, 0.49731182795698925, 0.5227272727272727, 0.5, 0.5, 0.5, 0.5, 0.5]
2022-12-16 03:11:49,134|INFO|nn.computeOptunaObjective|Trial 59 rocauc:|[0.6437150461559195, 0.6972350230414747, 0.5962121212121212, 0.6963269805148629, 0.6285508713958322, 0.667905972655313, 0.5984889368591473, 0.6718470353441061]
2022-12-16 03:11:49,134|INFO|nn.computeOptunaObjective|Trial 59 timings:|5.6576246999999285
2022-12-16 03:11:49,134|INFO|nn.computeOptunaObjective|Trial 59 objective:|0.5025048875855327
2022-12-16 03:12:00,658|INFO|nn.computeOptunaObjective|Trial 60 params:|{'n_layers': 2, 'architecture': 'linear', 'lr': 0.0001, 'n_epochs': 200}
2022-12-16 03:12:00,658|INFO|nn.computeOptunaObjective|Trial 60 balacc:|[0.5744929586955057, 0.6043778801843318, 0.6795454545454546, 0.5063291139240507, 0.5815701113894367, 0.5856320460542096, 0.5557654254362295, 0.5960707311315694]
2022-12-16 03:12:00,658|INFO|nn.computeOptunaObjective|Trial 60 rocauc:|[0.7121235091974935, 0.7937019969278034, 0.7704545454545455, 0.7600270231830465, 0.7680541491232745, 0.8119453106260495, 0.7291779096959884, 0.7654284426704436]
2022-12-16 03:12:00,658|INFO|nn.computeOptunaObjective|Trial 60 timings:|11.521324100000015
2022-12-16 03:12:00,658|INFO|nn.computeOptunaObjective|Trial 60 objective:|0.5854729651700985
2022-12-16 03:12:06,645|INFO|nn.computeOptunaObjective|Trial 61 params:|{'n_layers': 2, 'architecture': 'outer', 'lr': 0.001, 'n_epochs': 100}
2022-12-16 03:12:06,645|INFO|nn.computeOptunaObjective|Trial 61 balacc:|[0.665686274509804, 0.5936251920122888, 0.6651515151515152, 0.6301290712558669, 0.6246735596652987, 0.6699448308946989, 0.6378845116028062, 0.6667246078242023]
2022-12-16 03:12:06,645|INFO|nn.computeOptunaObjective|Trial 61 rocauc:|[0.7620999258810053, 0.78678955453149, 0.7727272727272728, 0.7874946664770303, 0.8098651601556254, 0.8501439194051332, 0.7868321640582839, 0.813704156741561]
2022-12-16 03:12:06,645|INFO|nn.computeOptunaObjective|Trial 61 timings:|5.978678899999977
2022-12-16 03:12:06,645|INFO|nn.computeOptunaObjective|Trial 61 objective:|0.6442274453645601
2022-12-16 03:12:15,518|INFO|nn.computeOptunaObjective|Trial 62 params:|{'n_layers': 4, 'architecture': 'bottom', 'lr': 0.001, 'n_epochs': 150}
2022-12-16 03:12:15,518|INFO|nn.computeOptunaObjective|Trial 62 balacc:|[0.6810828111313254, 0.5936251920122888, 0.7083333333333333, 0.5963856492675295, 0.6609417470553749, 0.7196569920844327, 0.6743568987227919, 0.7015708491598532]
2022-12-16 03:12:15,518|INFO|nn.computeOptunaObjective|Trial 62 rocauc:|[0.7712519372009973, 0.7612903225806451, 0.7575757575757576, 0.7726230265965013, 0.7860416777700793, 0.8339230031182537, 0.7704623133657132, 0.8022554132062919]
2022-12-16 03:12:15,518|INFO|nn.computeOptunaObjective|Trial 62 timings:|8.867164099999968
2022-12-16 03:12:15,518|INFO|nn.computeOptunaObjective|Trial 62 objective:|0.6669941840958662
2022-12-16 03:12:24,253|INFO|nn.computeOptunaObjective|Trial 63 params:|{'n_layers': 2, 'architecture': 'top', 'lr': 0.0001, 'n_epochs': 150}
2022-12-16 03:12:24,253|INFO|nn.computeOptunaObjective|Trial 63 balacc:|[0.5656323697864025, 0.5954685099846391, 0.6113636363636363, 0.5, 0.5235436763843735, 0.5414967618133845, 0.5278827127181147, 0.5879696989205777]
2022-12-16 03:12:24,253|INFO|nn.computeOptunaObjective|Trial 63 rocauc:|[0.7050990499292501, 0.7900153609831029, 0.7553030303030304, 0.7458220736737305, 0.7517454564835048, 0.8033101463180619, 0.7135276128800143, 0.7637889225090667]
2022-12-16 03:12:24,253|INFO|nn.computeOptunaObjective|Trial 63 timings:|8.730033299999945
2022-12-16 03:12:24,253|INFO|nn.computeOptunaObjective|Trial 63 objective:|0.556669670746391
2022-12-16 03:12:32,836|INFO|nn.computeOptunaObjective|Trial 64 params:|{'n_layers': 3, 'architecture': 'inner', 'lr': 0.0001, 'n_epochs': 150}
2022-12-16 03:12:32,836|INFO|nn.computeOptunaObjective|Trial 64 balacc:|[0.5659827504885115, 0.589247311827957, 0.6401515151515151, 0.5, 0.5, 0.5742684096905732, 0.5674132038136356, 0.5965964934869847]
2022-12-16 03:12:32,836|INFO|nn.computeOptunaObjective|Trial 64 rocauc:|[0.7193130516811536, 0.8218125960061444, 0.771969696969697, 0.7296081638458256, 0.7766881628737409, 0.819441112976733, 0.7505846375247347, 0.7684628425502694]
2022-12-16 03:12:32,836|INFO|nn.computeOptunaObjective|Trial 64 timings:|8.576903199999947
2022-12-16 03:12:32,836|INFO|nn.computeOptunaObjective|Trial 64 objective:|0.5667074605573972
2022-12-16 03:12:38,777|INFO|nn.computeOptunaObjective|Trial 65 params:|{'n_layers': 3, 'architecture': 'outer', 'lr': 0.0001, 'n_epochs': 100}
2022-12-16 03:12:38,777|INFO|nn.computeOptunaObjective|Trial 65 balacc:|[0.5, 0.5115975422427035, 0.5227272727272727, 0.5, 0.5, 0.5, 0.5, 0.5]
2022-12-16 03:12:38,777|INFO|nn.computeOptunaObjective|Trial 65 rocauc:|[0.6549103833973452, 0.7368663594470045, 0.6303030303030303, 0.6995626511164842, 0.677183819218675, 0.7125209882465819, 0.6431912214427055, 0.7011352174939376]
2022-12-16 03:12:38,777|INFO|nn.computeOptunaObjective|Trial 65 timings:|5.935641000000032
2022-12-16 03:12:38,777|INFO|nn.computeOptunaObjective|Trial 65 objective:|0.504290601871247
2022-12-16 03:12:47,347|INFO|nn.computeOptunaObjective|Trial 66 params:|{'n_layers': 2, 'architecture': 'inner', 'lr': 0.001, 'n_epochs': 150}
2022-12-16 03:12:47,347|INFO|nn.computeOptunaObjective|Trial 66 balacc:|[0.6690418435415404, 0.6453917050691245, 0.7643939393939394, 0.6526365381880245, 0.6403693439215478, 0.6826277284720557, 0.6480032379924447, 0.671269769737548]
2022-12-16 03:12:47,347|INFO|nn.computeOptunaObjective|Trial 66 rocauc:|[0.7654875008422612, 0.7786482334869431, 0.7931818181818181, 0.7840989901863178, 0.8119703672120663, 0.8540417366274886, 0.7805360676380644, 0.8102319792270221]
2022-12-16 03:12:47,347|INFO|nn.computeOptunaObjective|Trial 66 timings:|8.564517899999942
2022-12-16 03:12:47,347|INFO|nn.computeOptunaObjective|Trial 66 objective:|0.6717167632895281
2022-12-16 03:12:53,322|INFO|nn.computeOptunaObjective|Trial 67 params:|{'n_layers': 4, 'architecture': 'linear', 'lr': 0.0001, 'n_epochs': 100}
2022-12-16 03:12:53,322|INFO|nn.computeOptunaObjective|Trial 67 balacc:|[0.5, 0.5, 0.5227272727272727, 0.5, 0.5, 0.5, 0.5, 0.5]
2022-12-16 03:12:53,322|INFO|nn.computeOptunaObjective|Trial 67 rocauc:|[0.6710582171012736, 0.7751152073732719, 0.6803030303030303, 0.7032250035556821, 0.7211799818792305, 0.7678100263852243, 0.6795286922108292, 0.7250627695873301]
2022-12-16 03:12:53,322|INFO|nn.computeOptunaObjective|Trial 67 timings:|5.985103699999968
2022-12-16 03:12:53,338|INFO|nn.computeOptunaObjective|Trial 67 objective:|0.5028409090909091
2022-12-16 03:12:59,063|INFO|nn.computeOptunaObjective|Trial 68 params:|{'n_layers': 2, 'architecture': 'outer', 'lr': 0.0001, 'n_epochs': 100}
2022-12-16 03:12:59,064|INFO|nn.computeOptunaObjective|Trial 68 balacc:|[0.5043864968667879, 0.5115975422427035, 0.5454545454545454, 0.5, 0.5, 0.5, 0.5, 0.5020408163265306]
2022-12-16 03:12:59,064|INFO|nn.computeOptunaObjective|Trial 68 rocauc:|[0.6529630752644701, 0.7195084485407066, 0.6113636363636363, 0.7026027592092164, 0.620663006981826, 0.6649076517150396, 0.609911854650117, 0.6738427863258869]
2022-12-16 03:12:59,064|INFO|nn.computeOptunaObjective|Trial 68 timings:|5.719460799999979
2022-12-16 03:12:59,064|INFO|nn.computeOptunaObjective|Trial 68 objective:|0.507934925111321
2022-12-16 03:13:07,822|INFO|nn.computeOptunaObjective|Trial 69 params:|{'n_layers': 4, 'architecture': 'inner', 'lr': 0.0001, 'n_epochs': 150}
2022-12-16 03:13:07,822|INFO|nn.computeOptunaObjective|Trial 69 balacc:|[0.5844720706151877, 0.6124423963133641, 0.6174242424242424, 0.5, 0.5, 0.6458982969537059, 0.5, 0.621425352475375]
2022-12-16 03:13:07,822|INFO|nn.computeOptunaObjective|Trial 69 rocauc:|[0.7397463108954921, 0.8425499231950844, 0.7803030303030303, 0.7254124591096573, 0.7903053882641369, 0.8257975533701127, 0.7667745997481562, 0.7785145603982919]
2022-12-16 03:13:07,822|INFO|nn.computeOptunaObjective|Trial 69 timings:|8.76597460000005
2022-12-16 03:13:07,822|INFO|nn.computeOptunaObjective|Trial 69 objective:|0.5727077948477344
2022-12-16 03:13:19,560|INFO|nn.computeOptunaObjective|Trial 70 params:|{'n_layers': 4, 'architecture': 'top', 'lr': 0.0001, 'n_epochs': 200}
2022-12-16 03:13:19,560|INFO|nn.computeOptunaObjective|Trial 70 balacc:|[0.6851088201603666, 0.7230414746543778, 0.7765151515151515, 0.6090349879106813, 0.6774103288386719, 0.7096126169345167, 0.7534178809138334, 0.6980772119573382]
2022-12-16 03:13:19,560|INFO|nn.computeOptunaObjective|Trial 70 rocauc:|[0.7834697796644431, 0.8577572964669739, 0.8378787878787879, 0.7552801877400086, 0.7887597932100412, 0.8215399376349245, 0.7951969778737183, 0.8083692783106934]
2022-12-16 03:13:19,560|INFO|nn.computeOptunaObjective|Trial 70 timings:|11.733136599999966
2022-12-16 03:13:19,560|INFO|nn.computeOptunaObjective|Trial 70 objective:|0.7040273091106172
2022-12-16 03:13:25,049|INFO|nn.computeOptunaObjective|Trial 71 params:|{'n_layers': 2, 'architecture': 'inner', 'lr': 0.0001, 'n_epochs': 100}
2022-12-16 03:13:25,049|INFO|nn.computeOptunaObjective|Trial 71 balacc:|[0.5, 0.5115975422427035, 0.5227272727272727, 0.5, 0.5, 0.5, 0.5, 0.5020408163265306]
2022-12-16 03:13:25,049|INFO|nn.computeOptunaObjective|Trial 71 rocauc:|[0.6418721784246345, 0.7196620583717358, 0.615909090909091, 0.7009315886787086, 0.6331077119863562, 0.6763612377068842, 0.6119805720453318, 0.6797914118328718]
2022-12-16 03:13:25,049|INFO|nn.computeOptunaObjective|Trial 71 timings:|5.473901100000035
2022-12-16 03:13:25,049|INFO|nn.computeOptunaObjective|Trial 71 objective:|0.5045457039120633
2022-12-16 03:13:30,601|INFO|nn.computeOptunaObjective|Trial 72 params:|{'n_layers': 2, 'architecture': 'top', 'lr': 0.0001, 'n_epochs': 100}
2022-12-16 03:13:30,601|INFO|nn.computeOptunaObjective|Trial 72 balacc:|[0.5081699346405228, 0.5231950844854071, 0.5227272727272727, 0.5, 0.5, 0.5, 0.5, 0.5117191356037684]
2022-12-16 03:13:30,601|INFO|nn.computeOptunaObjective|Trial 72 rocauc:|[0.6667492082743751, 0.7542242703533026, 0.6598484848484848, 0.7107986061726641, 0.6881095773596974, 0.729671384024946, 0.648857708220903, 0.7139294834653106]
2022-12-16 03:13:30,601|INFO|nn.computeOptunaObjective|Trial 72 timings:|5.555489499999908
2022-12-16 03:13:30,601|INFO|nn.computeOptunaObjective|Trial 72 objective:|0.5082264284321214
2022-12-16 03:13:42,001|INFO|nn.computeOptunaObjective|Trial 73 params:|{'n_layers': 4, 'architecture': 'inner', 'lr': 0.0001, 'n_epochs': 200}
2022-12-16 03:13:42,001|INFO|nn.computeOptunaObjective|Trial 73 balacc:|[0.6674853446533252, 0.7141321044546851, 0.7083333333333333, 0.6069282463376475, 0.6868038160208921, 0.6654773326936916, 0.7123583378305451, 0.6898517135560849]
2022-12-16 03:13:42,001|INFO|nn.computeOptunaObjective|Trial 73 rocauc:|[0.7669446128967051, 0.8556067588325653, 0.8227272727272728, 0.7331994026454274, 0.7858284922453765, 0.8120052770448549, 0.7873718294657313, 0.7991931157320974]
2022-12-16 03:13:42,001|INFO|nn.computeOptunaObjective|Trial 73 timings:|11.392667199999892
2022-12-16 03:13:42,001|INFO|nn.computeOptunaObjective|Trial 73 objective:|0.6814212786100255
2022-12-16 03:13:47,896|INFO|nn.computeOptunaObjective|Trial 74 params:|{'n_layers': 3, 'architecture': 'linear', 'lr': 0.001, 'n_epochs': 100}
2022-12-16 03:13:47,896|INFO|nn.computeOptunaObjective|Trial 74 balacc:|[0.7031702715450442, 0.6872503840245776, 0.7022727272727273, 0.6399783103399233, 0.6420348558332889, 0.7135704005756776, 0.6728278467350243, 0.6631065044314255]
2022-12-16 03:13:47,896|INFO|nn.computeOptunaObjective|Trial 74 rocauc:|[0.7873492352267367, 0.8294930875576035, 0.8257575757575758, 0.7692540179206373, 0.8118904226403028, 0.8382106020628448, 0.783504227379025, 0.8222622803064443]
2022-12-16 03:13:47,896|INFO|nn.computeOptunaObjective|Trial 74 timings:|5.882865400000014
2022-12-16 03:13:47,896|INFO|nn.computeOptunaObjective|Trial 74 objective:|0.6780264125947111
2022-12-16 03:13:59,107|INFO|nn.computeOptunaObjective|Trial 75 params:|{'n_layers': 3, 'architecture': 'bottom', 'lr': 0.001, 'n_epochs': 200}
2022-12-16 03:13:59,107|INFO|nn.computeOptunaObjective|Trial 75 balacc:|[0.6850414392561148, 0.6810291858678955, 0.7166666666666667, 0.6076304935286587, 0.6522011405425572, 0.6707543775485728, 0.6961234034898363, 0.6829266722461855]
2022-12-16 03:13:59,107|INFO|nn.computeOptunaObjective|Trial 75 rocauc:|[0.7733070547806752, 0.787941628264209, 0.7954545454545454, 0.76865844118902, 0.7921974097958749, 0.8373710721995682, 0.784133837021047, 0.805493680121891]
2022-12-16 03:13:59,107|INFO|nn.computeOptunaObjective|Trial 75 timings:|11.20219099999997
2022-12-16 03:13:59,107|INFO|nn.computeOptunaObjective|Trial 75 objective:|0.674046672393311
2022-12-16 03:14:04,695|INFO|nn.computeOptunaObjective|Trial 76 params:|{'n_layers': 2, 'architecture': 'bottom', 'lr': 0.0001, 'n_epochs': 100}
2022-12-16 03:14:04,695|INFO|nn.computeOptunaObjective|Trial 76 balacc:|[0.5, 0.5, 0.5, 0.5, 0.5, 0.5, 0.5, 0.5]
2022-12-16 03:14:04,695|INFO|nn.computeOptunaObjective|Trial 76 rocauc:|[0.6158395660669767, 0.6506912442396313, 0.5651515151515152, 0.6778907694495804, 0.5442626445664339, 0.5864715759174862, 0.5541464292138873, 0.6084036138114552]
2022-12-16 03:14:04,695|INFO|nn.computeOptunaObjective|Trial 76 timings:|5.577126000000021
2022-12-16 03:14:04,695|INFO|nn.computeOptunaObjective|Trial 76 objective:|0.5
2022-12-16 03:14:10,626|INFO|nn.computeOptunaObjective|Trial 77 params:|{'n_layers': 4, 'architecture': 'outer', 'lr': 0.0001, 'n_epochs': 100}
2022-12-16 03:14:10,626|INFO|nn.computeOptunaObjective|Trial 77 balacc:|[0.5, 0.5, 0.5, 0.5, 0.5, 0.5, 0.5, 0.5]
2022-12-16 03:14:10,626|INFO|nn.computeOptunaObjective|Trial 77 rocauc:|[0.6651657570244593, 0.7534562211981566, 0.6462121212121212, 0.7060695491395248, 0.6959707935831158, 0.7449628208203406, 0.6681057744198596, 0.7092662932680959]
2022-12-16 03:14:10,626|INFO|nn.computeOptunaObjective|Trial 77 timings:|5.929229599999985
2022-12-16 03:14:10,626|INFO|nn.computeOptunaObjective|Trial 77 objective:|0.5
2022-12-16 03:14:21,867|INFO|nn.computeOptunaObjective|Trial 78 params:|{'n_layers': 2, 'architecture': 'linear', 'lr': 0.001, 'n_epochs': 200}
2022-12-16 03:14:21,867|INFO|nn.computeOptunaObjective|Trial 78 balacc:|[0.6740313995013814, 0.6427035330261137, 0.7333333333333334, 0.6392760631489119, 0.6317486542663753, 0.6712640921084193, 0.6449451340169096, 0.6666623747290714]
2022-12-16 03:14:21,867|INFO|nn.computeOptunaObjective|Trial 78 rocauc:|[0.7642308469779664, 0.7699692780337941, 0.7863636363636364, 0.7831033992319727, 0.8069871555721366, 0.8490045574478292, 0.7931282604785034, 0.8018605549475311]
2022-12-16 03:14:21,867|INFO|nn.computeOptunaObjective|Trial 78 timings:|11.231291300000066
2022-12-16 03:14:21,867|INFO|nn.computeOptunaObjective|Trial 78 objective:|0.6629955730163145
2022-12-16 03:14:30,576|INFO|nn.computeOptunaObjective|Trial 79 params:|{'n_layers': 3, 'architecture': 'top', 'lr': 0.0001, 'n_epochs': 150}
2022-12-16 03:14:30,576|INFO|nn.computeOptunaObjective|Trial 79 balacc:|[0.6259349100464928, 0.6159754224270353, 0.6712121212121213, 0.5, 0.6027953951926663, 0.6485368193811466, 0.5968249685195179, 0.6478314985300114]
2022-12-16 03:14:30,576|INFO|nn.computeOptunaObjective|Trial 79 rocauc:|[0.7393150731082812, 0.8313364055299539, 0.7795454545454545, 0.7384351443606884, 0.7918243351276448, 0.8321539937634924, 0.7701025364274149, 0.7873559518444602]
2022-12-16 03:14:30,576|INFO|nn.computeOptunaObjective|Trial 79 timings:|8.71514579999996
2022-12-16 03:14:30,576|INFO|nn.computeOptunaObjective|Trial 79 objective:|0.613638891913624
2022-12-16 03:14:41,982|INFO|nn.computeOptunaObjective|Trial 80 params:|{'n_layers': 3, 'architecture': 'outer', 'lr': 0.001, 'n_epochs': 200}
2022-12-16 03:14:41,982|INFO|nn.computeOptunaObjective|Trial 80 balacc:|[0.700603059093053, 0.6675883256528418, 0.6734848484848485, 0.6280134404778837, 0.6615946277247775, 0.7008875029983209, 0.7331804281345566, 0.6768042232665937]
2022-12-16 03:14:41,982|INFO|nn.computeOptunaObjective|Trial 80 rocauc:|[0.7702951283606225, 0.7825652841781874, 0.7840909090909092, 0.7726496942113498, 0.8006582103075202, 0.8435775965459343, 0.7847634466630689, 0.8116955299469946]
2022-12-16 03:14:41,982|INFO|nn.computeOptunaObjective|Trial 80 timings:|11.38916329999995
2022-12-16 03:14:41,982|INFO|nn.computeOptunaObjective|Trial 80 objective:|0.6802695569791095
2022-12-16 03:14:50,796|INFO|nn.computeOptunaObjective|Trial 81 params:|{'n_layers': 4, 'architecture': 'outer', 'lr': 0.0001, 'n_epochs': 150}
2022-12-16 03:14:50,796|INFO|nn.computeOptunaObjective|Trial 81 balacc:|[0.5349268917188869, 0.5231950844854071, 0.6174242424242424, 0.5084447447020338, 0.5643287320790918, 0.5, 0.5, 0.5666344771347025]
2022-12-16 03:14:50,796|INFO|nn.computeOptunaObjective|Trial 81 rocauc:|[0.7152668283808369, 0.8294930875576036, 0.7742424242424243, 0.7237768453989476, 0.7761285508713959, 0.8201607100023987, 0.7477064220183486, 0.7638017983218526]
2022-12-16 03:14:50,796|INFO|nn.computeOptunaObjective|Trial 81 timings:|8.81721319999997
2022-12-16 03:14:50,796|INFO|nn.computeOptunaObjective|Trial 81 objective:|0.5393692715680456
2022-12-16 03:15:01,700|INFO|nn.computeOptunaObjective|Trial 82 params:|{'n_layers': 2, 'architecture': 'bottom', 'lr': 0.0001, 'n_epochs': 200}
2022-12-16 03:15:01,700|INFO|nn.computeOptunaObjective|Trial 82 balacc:|[0.5493800956808841, 0.5900921658986176, 0.5659090909090909, 0.5, 0.5, 0.5340909090909091, 0.5278827127181147, 0.5691388227215176]
2022-12-16 03:15:01,700|INFO|nn.computeOptunaObjective|Trial 82 rocauc:|[0.6831598275048851, 0.7761904761904761, 0.7553030303030304, 0.7335727492533068, 0.7111336140276074, 0.7544375149916046, 0.6837560712358338, 0.7381832228159402]
2022-12-16 03:15:01,700|INFO|nn.computeOptunaObjective|Trial 82 timings:|10.883857599999942
2022-12-16 03:15:01,700|INFO|nn.computeOptunaObjective|Trial 82 objective:|0.5420617246273918
2022-12-16 03:15:10,455|INFO|nn.computeOptunaObjective|Trial 83 params:|{'n_layers': 4, 'architecture': 'inner', 'lr': 0.001, 'n_epochs': 150}
2022-12-16 03:15:10,455|INFO|nn.computeOptunaObjective|Trial 83 balacc:|[0.6932113738966377, 0.6961597542242703, 0.5886363636363636, 0.6463252026738728, 0.6648057346906145, 0.6934816502758455, 0.7007105594531391, 0.6788450395931243]
2022-12-16 03:15:10,455|INFO|nn.computeOptunaObjective|Trial 83 rocauc:|[0.774356512364396, 0.8263440860215054, 0.7863636363636364, 0.7614404067700186, 0.817886265522571, 0.8520928280163108, 0.7806260118726389, 0.8197171613124745]
2022-12-16 03:15:10,455|INFO|nn.computeOptunaObjective|Trial 83 timings:|8.755945600000018
2022-12-16 03:15:10,455|INFO|nn.computeOptunaObjective|Trial 83 objective:|0.6702719598054835
2022-12-16 03:15:15,956|INFO|nn.computeOptunaObjective|Trial 84 params:|{'n_layers': 3, 'architecture': 'bottom', 'lr': 0.0001, 'n_epochs': 100}
2022-12-16 03:15:15,956|INFO|nn.computeOptunaObjective|Trial 84 balacc:|[0.5, 0.5, 0.5, 0.5, 0.5, 0.5, 0.5, 0.5]
2022-12-16 03:15:15,956|INFO|nn.computeOptunaObjective|Trial 84 rocauc:|[0.6073462030860454, 0.608294930875576, 0.5363636363636364, 0.6768418432655383, 0.5613441347332516, 0.5894099304389542, 0.5561252023745278, 0.6061803901371274]
2022-12-16 03:15:15,956|INFO|nn.computeOptunaObjective|Trial 84 timings:|5.487603899999954
2022-12-16 03:15:15,956|INFO|nn.computeOptunaObjective|Trial 84 objective:|0.5
2022-12-16 03:15:21,871|INFO|nn.computeOptunaObjective|Trial 85 params:|{'n_layers': 4, 'architecture': 'linear', 'lr': 0.001, 'n_epochs': 100}
2022-12-16 03:15:21,871|INFO|nn.computeOptunaObjective|Trial 85 balacc:|[0.6793511218920558, 0.69715821812596, 0.7, 0.6005991324135969, 0.6837126259127005, 0.7096126169345167, 0.754946932901601, 0.7086203566600142]
2022-12-16 03:15:21,871|INFO|nn.computeOptunaObjective|Trial 85 rocauc:|[0.7739926554814365, 0.857910906298003, 0.8416666666666667, 0.7428708576304935, 0.7911847785535363, 0.803190213480451, 0.8022126281705343, 0.8002789759436898]
2022-12-16 03:15:21,871|INFO|nn.computeOptunaObjective|Trial 85 timings:|5.920456999999942
2022-12-16 03:15:21,871|INFO|nn.computeOptunaObjective|Trial 85 objective:|0.6917501256050557
2022-12-16 03:15:30,675|INFO|nn.computeOptunaObjective|Trial 86 params:|{'n_layers': 3, 'architecture': 'linear', 'lr': 0.001, 'n_epochs': 150}
2022-12-16 03:15:30,675|INFO|nn.computeOptunaObjective|Trial 86 balacc:|[0.6964793477528468, 0.6524577572964669, 0.7333333333333334, 0.6280312188877827, 0.6615946277247775, 0.7000779563444471, 0.6951789890268034, 0.6775166849074015]
2022-12-16 03:15:30,675|INFO|nn.computeOptunaObjective|Trial 86 rocauc:|[0.7738444174920828, 0.7678955453149001, 0.7628787878787878, 0.7617426397383017, 0.8117571816873635, 0.8596186135763971, 0.7738801942795466, 0.8195326079958798]
2022-12-16 03:15:30,675|INFO|nn.computeOptunaObjective|Trial 86 timings:|8.785273800000027
2022-12-16 03:15:30,675|INFO|nn.computeOptunaObjective|Trial 86 objective:|0.6805837394092323
2022-12-16 03:15:36,685|INFO|nn.computeOptunaObjective|Trial 87 params:|{'n_layers': 4, 'architecture': 'inner', 'lr': 0.0001, 'n_epochs': 100}
2022-12-16 03:15:36,685|INFO|nn.computeOptunaObjective|Trial 87 balacc:|[0.5, 0.5, 0.5, 0.5, 0.5, 0.5, 0.5, 0.5]
2022-12-16 03:15:36,685|INFO|nn.computeOptunaObjective|Trial 87 rocauc:|[0.675832154167509, 0.7640552995391704, 0.6628787878787878, 0.7028516569478026, 0.7168096786228215, 0.7681098584792516, 0.6789890268033819, 0.725985536170304]
2022-12-16 03:15:36,685|INFO|nn.computeOptunaObjective|Trial 87 timings:|6.002905700000042
2022-12-16 03:15:36,685|INFO|nn.computeOptunaObjective|Trial 87 objective:|0.5
2022-12-16 03:15:47,878|INFO|nn.computeOptunaObjective|Trial 88 params:|{'n_layers': 4, 'architecture': 'bottom', 'lr': 0.0001, 'n_epochs': 200}
2022-12-16 03:15:47,878|INFO|nn.computeOptunaObjective|Trial 88 balacc:|[0.5376794016575702, 0.5900921658986176, 0.5825757575757575, 0.5, 0.5392394606406226, 0.5, 0.5, 0.5518852335887036]
2022-12-16 03:15:47,878|INFO|nn.computeOptunaObjective|Trial 88 rocauc:|[0.6879573478876087, 0.8027649769585253, 0.7401515151515151, 0.7301770729625942, 0.7496136012364761, 0.7831014631806189, 0.7207231516459796, 0.7309813515311487]
2022-12-16 03:15:47,878|INFO|nn.computeOptunaObjective|Trial 88 timings:|11.198774299999968
2022-12-16 03:15:47,878|INFO|nn.computeOptunaObjective|Trial 88 objective:|0.537684002420159
2022-12-16 03:15:56,610|INFO|nn.computeOptunaObjective|Trial 89 params:|{'n_layers': 4, 'architecture': 'outer', 'lr': 0.001, 'n_epochs': 150}
2022-12-16 03:15:56,610|INFO|nn.computeOptunaObjective|Trial 89 balacc:|[0.6907991375244256, 0.7230414746543778, 0.6916666666666667, 0.5823051486275068, 0.6829398283856526, 0.7096126169345167, 0.7387119985608923, 0.710259876821391]
2022-12-16 03:15:56,610|INFO|nn.computeOptunaObjective|Trial 89 rocauc:|[0.776728320194057, 0.8549923195084486, 0.8340909090909091, 0.7512800455127294, 0.8080264350050631, 0.8281962101223316, 0.7934880374168017, 0.8112234168115195]
2022-12-16 03:15:56,610|INFO|nn.computeOptunaObjective|Trial 89 timings:|8.71455739999999
2022-12-16 03:15:56,610|INFO|nn.computeOptunaObjective|Trial 89 objective:|0.6911670935219287
2022-12-16 03:15:56,610|INFO|mtg.runMTGExperiment|Best trial number:|70
2022-12-16 03:15:56,610|INFO|mtg.runMTGExperiment|Best trial objective:|0.7040273091106172
2022-12-16 03:15:56,610|INFO|mtg.runMTGExperiment|Best trial params:|{'n_layers': 4, 'architecture': 'top', 'lr': 0.0001, 'n_epochs': 200}
2022-12-16 03:15:56,670|INFO|nn.loadModellingDataset|Trainval descriptors loaded (features, instances):|1024|7325
2022-12-16 03:15:56,670|INFO|nn.loadModellingDataset|Trainval endpoints loaded (tasks, instances):|8|7325
2022-12-16 03:15:56,674|INFO|nn.loadModellingDataset|Test descriptors loaded (features, instances):|1024|1504
2022-12-16 03:15:56,674|INFO|nn.loadModellingDataset|Test endpoints loaded (tasks, instances):|8|1504
2022-12-16 03:15:56,674|INFO|mtg.runMTGExperiment|Final neural network hyperparams:|{'n_layers': 4, 'architecture': 'top', 'lr': 0.0001, 'n_epochs': 200, 'best_trial_num': 70}
2022-12-16 03:16:09,906|INFO|nn.testFinalModel|Final model test balacc:|[0.7938772944430476, 0.8261904761904761, 0.75, 0.6525767543859649, 0.8125734430082256, 0.7710913312693499, 0.8426306517909572, 0.8176691729323309]
2022-12-16 03:16:09,906|INFO|nn.testFinalModel|Final model test rocauc:|[0.8945184812672868, 0.9219047619047618, 0.8148148148148149, 0.868859649122807, 0.9056572100050361, 0.926470588235294, 0.9430416911332943, 0.9297261009667024]
2022-12-16 03:16:09,911|INFO|mtg.runMTGExperiment|Mechanistic task grouping experiment timing:|792.9826993
2022-12-16 03:16:09,911|INFO|mtg.runMTGExperiment|DONE
