2022-12-16 02:50:52,186|INFO|__main__.startLogging|>>>> START LOGGING A GMTAMES EXPERIMENT
2022-12-16 02:50:52,186|INFO|__main__.startLogging|mode:|mtg
2022-12-16 02:50:52,186|INFO|__main__.startLogging|tasks:|TA1537,TA1537_S9,TA1538,TA1538_S9,TA97,TA97_S9,TA98,TA98_S9
2022-12-16 02:50:52,186|INFO|__main__.startLogging|output:|mtg_experiment
2022-12-16 02:50:52,186|INFO|__main__.startLogging|device:|titanv
2022-12-16 02:50:52,186|INFO|__main__.startLogging|DONE
2022-12-16 02:50:52,186|INFO|mtg.runMTGExperiment|>>>> RUNNING MECHANISTIC TASK GROUPING EXPERIMENT
2022-12-16 02:50:52,186|INFO|data.generateModellingDatasets|>>>> GENERATING MODELLING DATASETS
2022-12-16 02:50:52,186|INFO|data.generateModellingDatasets|Task list parsed:|['TA1537', 'TA1537_S9', 'TA1538', 'TA1538_S9', 'TA97', 'TA97_S9', 'TA98', 'TA98_S9']
2022-12-16 02:50:55,494|INFO|data.generateModellingDatasets|Modelling train dataset generated: (rows, columns)|5878|1033
2022-12-16 02:50:55,592|INFO|data.generateModellingDatasets|Modelling val dataset generated: (rows, columns)|2483|1033
2022-12-16 02:50:55,891|INFO|data.generateModellingDatasets|Modelling trainval dataset generated: (rows, columns)|6736|1033
2022-12-16 02:50:55,924|INFO|data.generateModellingDatasets|Modelling test dataset generated: (rows, columns)|1480|1033
2022-12-16 02:50:55,924|INFO|data.generateModellingDatasets|Modelling datasets generation timing:|3.7482301
2022-12-16 02:50:55,924|INFO|data.generateModellingDatasets|DONE
2022-12-16 02:50:55,952|INFO|mtg.runMTGExperiment|Device confirmed:|cuda:0
2022-12-16 02:50:57,108|INFO|nn.loadModellingDataset|Train descriptors loaded (features, instances):|1024|5878
2022-12-16 02:50:57,108|INFO|nn.loadModellingDataset|Train endpoints loaded (tasks, instances):|8|5878
2022-12-16 02:50:57,113|INFO|nn.loadModellingDataset|Val descriptors loaded (features, instances):|1024|2483
2022-12-16 02:50:57,113|INFO|nn.loadModellingDataset|Val endpoints loaded (tasks, instances):|8|2483
2022-12-16 02:51:07,887|INFO|nn.computeOptunaObjective|Trial 0 params:|{'n_layers': 2, 'architecture': 'top', 'lr': 0.001, 'n_epochs': 200}
2022-12-16 02:51:07,887|INFO|nn.computeOptunaObjective|Trial 0 balacc:|[0.6474444385226243, 0.6653030381989682, 0.6813084672583354, 0.6770689655172414, 0.631768303651736, 0.7247842502696872, 0.665859782398764, 0.687406015037594]
2022-12-16 02:51:07,887|INFO|nn.computeOptunaObjective|Trial 0 rocauc:|[0.820537760486063, 0.8070509145864819, 0.8612377068841449, 0.8329310344827587, 0.7331354560172694, 0.8426824883135564, 0.8011845747762828, 0.7986036519871106]
2022-12-16 02:51:07,887|INFO|nn.computeOptunaObjective|Trial 0 timings:|10.768655199999998
2022-12-16 02:51:07,887|INFO|nn.computeOptunaObjective|Trial 0 objective:|0.6726179076068688
2022-12-16 02:51:13,298|INFO|nn.computeOptunaObjective|Trial 1 params:|{'n_layers': 4, 'architecture': 'top', 'lr': 0.001, 'n_epochs': 100}
2022-12-16 02:51:13,298|INFO|nn.computeOptunaObjective|Trial 1 balacc:|[0.6890022917443905, 0.7007790921882329, 0.7114415927080835, 0.6941954022988506, 0.6216495772620975, 0.7060409924487594, 0.6607888581300028, 0.7140037593984963]
2022-12-16 02:51:13,298|INFO|nn.computeOptunaObjective|Trial 1 rocauc:|[0.84117678409636, 0.8117932148626819, 0.8644159270808348, 0.8264367816091954, 0.7041734124842598, 0.850683207479324, 0.8135024356745852, 0.8043165950590763]
2022-12-16 02:51:13,298|INFO|nn.computeOptunaObjective|Trial 1 timings:|5.402731599999999
2022-12-16 02:51:13,299|INFO|nn.computeOptunaObjective|Trial 1 objective:|0.6872376957723642
2022-12-16 02:51:18,350|INFO|nn.computeOptunaObjective|Trial 2 params:|{'n_layers': 3, 'architecture': 'outer', 'lr': 0.001, 'n_epochs': 100}
2022-12-16 02:51:18,350|INFO|nn.computeOptunaObjective|Trial 2 balacc:|[0.6702153173799499, 0.6983688571577467, 0.6961201727032862, 0.7041954022988506, 0.6054146429213887, 0.6847357065803668, 0.6719199982832249, 0.6994674185463658]
2022-12-16 02:51:18,350|INFO|nn.computeOptunaObjective|Trial 2 rocauc:|[0.8381655385599318, 0.8096305174839752, 0.8504437514991605, 0.82683908045977, 0.718744378485339, 0.8504135203164329, 0.8129788192879677, 0.8024503222341568]
2022-12-16 02:51:18,350|INFO|nn.computeOptunaObjective|Trial 2 timings:|5.0504721
2022-12-16 02:51:18,350|INFO|nn.computeOptunaObjective|Trial 2 objective:|0.6788046894838974
2022-12-16 02:51:23,327|INFO|nn.computeOptunaObjective|Trial 3 params:|{'n_layers': 4, 'architecture': 'bottom', 'lr': 0.0001, 'n_epochs': 100}
2022-12-16 02:51:23,327|INFO|nn.computeOptunaObjective|Trial 3 balacc:|[0.5, 0.4991922455573506, 0.5, 0.5, 0.5, 0.5, 0.5, 0.5]
2022-12-16 02:51:23,327|INFO|nn.computeOptunaObjective|Trial 3 rocauc:|[0.5438362735170282, 0.5721767679399656, 0.5768169824898056, 0.5617241379310345, 0.5310307609282245, 0.5707479323984178, 0.5788622073435051, 0.5597811493018261]
2022-12-16 02:51:23,327|INFO|nn.computeOptunaObjective|Trial 3 timings:|4.9834134999999975
2022-12-16 02:51:23,327|INFO|nn.computeOptunaObjective|Trial 3 objective:|0.4998990306946688
2022-12-16 02:51:30,650|INFO|nn.computeOptunaObjective|Trial 4 params:|{'n_layers': 2, 'architecture': 'bottom', 'lr': 0.001, 'n_epochs': 150}
2022-12-16 02:51:30,650|INFO|nn.computeOptunaObjective|Trial 4 balacc:|[0.6294302616852316, 0.6636875293136693, 0.6712640921084193, 0.6613793103448276, 0.6332973556395035, 0.6553398058252428, 0.6484817270756883, 0.6781954887218045]
2022-12-16 02:51:30,650|INFO|nn.computeOptunaObjective|Trial 4 rocauc:|[0.8145019453179129, 0.8075720464849653, 0.8535020388582395, 0.8167241379310345, 0.7353840618816333, 0.8412441567781372, 0.7949741410759887, 0.7934143394199785]
2022-12-16 02:51:30,650|INFO|nn.computeOptunaObjective|Trial 4 timings:|7.3127911999999995
2022-12-16 02:51:30,650|INFO|nn.computeOptunaObjective|Trial 4 objective:|0.6551344463392983
2022-12-16 02:51:40,781|INFO|nn.computeOptunaObjective|Trial 5 params:|{'n_layers': 3, 'architecture': 'outer', 'lr': 0.0001, 'n_epochs': 200}
2022-12-16 02:51:40,781|INFO|nn.computeOptunaObjective|Trial 5 balacc:|[0.6114160848478388, 0.6112746886236906, 0.6572619333173423, 0.6313793103448275, 0.5952959165317503, 0.6014023732470335, 0.6234661688019056, 0.6465538847117794]
2022-12-16 02:51:40,781|INFO|nn.computeOptunaObjective|Trial 5 rocauc:|[0.8061077652827373, 0.802334670905206, 0.8637562964739746, 0.8233908045977012, 0.6814175211368951, 0.804027328299173, 0.7820210734135927, 0.7832550125313285]
2022-12-16 02:51:40,781|INFO|nn.computeOptunaObjective|Trial 5 timings:|10.1438445
2022-12-16 02:51:40,781|INFO|nn.computeOptunaObjective|Trial 5 objective:|0.6222562950532711
2022-12-16 02:51:46,167|INFO|nn.computeOptunaObjective|Trial 6 params:|{'n_layers': 4, 'architecture': 'top', 'lr': 0.0001, 'n_epochs': 100}
2022-12-16 02:51:46,167|INFO|nn.computeOptunaObjective|Trial 6 balacc:|[0.5, 0.5, 0.5, 0.5, 0.5, 0.5, 0.5, 0.5]
2022-12-16 02:51:46,167|INFO|nn.computeOptunaObjective|Trial 6 rocauc:|[0.798219900868731, 0.7821668664338945, 0.8617774046533941, 0.8358620689655174, 0.6637884511602806, 0.7811039194534339, 0.7577930856885341, 0.7690274794128178]
2022-12-16 02:51:46,167|INFO|nn.computeOptunaObjective|Trial 6 timings:|5.369218199999999
2022-12-16 02:51:46,167|INFO|nn.computeOptunaObjective|Trial 6 objective:|0.5
2022-12-16 02:51:51,194|INFO|nn.computeOptunaObjective|Trial 7 params:|{'n_layers': 3, 'architecture': 'bottom', 'lr': 0.001, 'n_epochs': 100}
2022-12-16 02:51:51,194|INFO|nn.computeOptunaObjective|Trial 7 balacc:|[0.6286574641581837, 0.6588410026577727, 0.7101223314943631, 0.6941954022988506, 0.6611800683576183, 0.7199298813376483, 0.6596751003240413, 0.6890664160401002]
2022-12-16 02:51:51,194|INFO|nn.computeOptunaObjective|Trial 7 rocauc:|[0.8253211106965836, 0.810933347230184, 0.8529623410889902, 0.8040229885057472, 0.7280086346465191, 0.8300970873786409, 0.7997210240563101, 0.7876767812388112]
2022-12-16 02:51:51,194|INFO|nn.computeOptunaObjective|Trial 7 timings:|5.024790299999999
2022-12-16 02:51:51,194|INFO|nn.computeOptunaObjective|Trial 7 objective:|0.6777084583335723
2022-12-16 02:51:56,694|INFO|nn.computeOptunaObjective|Trial 8 params:|{'n_layers': 3, 'architecture': 'linear', 'lr': 0.0001, 'n_epochs': 100}
2022-12-16 02:51:56,694|INFO|nn.computeOptunaObjective|Trial 8 balacc:|[0.5, 0.5, 0.5, 0.5, 0.5, 0.5, 0.5, 0.5018796992481203]
2022-12-16 02:51:56,694|INFO|nn.computeOptunaObjective|Trial 8 rocauc:|[0.7547833502105207, 0.7401375788211997, 0.8132645718397697, 0.7826436781609196, 0.636715236553337, 0.6969615246314276, 0.7245777806390694, 0.7240265843179376]
2022-12-16 02:51:56,694|INFO|nn.computeOptunaObjective|Trial 8 timings:|5.5081098
2022-12-16 02:51:56,694|INFO|nn.computeOptunaObjective|Trial 8 objective:|0.5002349624060151
2022-12-16 02:52:04,410|INFO|nn.computeOptunaObjective|Trial 9 params:|{'n_layers': 2, 'architecture': 'bottom', 'lr': 0.0001, 'n_epochs': 150}
2022-12-16 02:52:04,410|INFO|nn.computeOptunaObjective|Trial 9 balacc:|[0.5, 0.5, 0.5113636363636364, 0.51, 0.5, 0.5, 0.5274576707654671, 0.5410401002506265]
2022-12-16 02:52:04,410|INFO|nn.computeOptunaObjective|Trial 9 rocauc:|[0.6773970047433779, 0.6775496378133306, 0.7475413768289758, 0.7225862068965517, 0.6025364274150027, 0.6430240920532182, 0.7065902701774717, 0.7150174543501612]
2022-12-16 02:52:04,410|INFO|nn.computeOptunaObjective|Trial 9 timings:|7.716739899999993
2022-12-16 02:52:04,410|INFO|nn.computeOptunaObjective|Trial 9 objective:|0.5112326759224662
2022-12-16 02:52:14,708|INFO|nn.computeOptunaObjective|Trial 10 params:|{'n_layers': 2, 'architecture': 'bottom', 'lr': 0.001, 'n_epochs': 200}
2022-12-16 02:52:14,708|INFO|nn.computeOptunaObjective|Trial 10 balacc:|[0.6482172360496722, 0.649981760383553, 0.679989206044615, 0.6770689655172414, 0.6155333693110272, 0.6537216828478964, 0.6504603103070882, 0.6720551378446116]
2022-12-16 02:52:14,708|INFO|nn.computeOptunaObjective|Trial 10 rocauc:|[0.8203378990566541, 0.8034811610818698, 0.8515831134564643, 0.8218390804597702, 0.7288181327576901, 0.8379180151024811, 0.7872765509989486, 0.789657178660938]
2022-12-16 02:52:14,708|INFO|nn.computeOptunaObjective|Trial 10 timings:|10.281659599999998
2022-12-16 02:52:14,708|INFO|nn.computeOptunaObjective|Trial 10 objective:|0.6558784585382131
2022-12-16 02:52:22,800|INFO|nn.computeOptunaObjective|Trial 11 params:|{'n_layers': 4, 'architecture': 'linear', 'lr': 0.001, 'n_epochs': 150}
2022-12-16 02:52:22,800|INFO|nn.computeOptunaObjective|Trial 11 balacc:|[0.6717609124340457, 0.6701365365574027, 0.7114415927080835, 0.7041954022988506, 0.6363554596150387, 0.6970064724919094, 0.6485439601708191, 0.7036967418546366]
2022-12-16 02:52:22,815|INFO|nn.computeOptunaObjective|Trial 11 rocauc:|[0.845307253637478, 0.811819271457606, 0.8689433917006477, 0.8212068965517242, 0.7208130958805542, 0.8444804027328299, 0.8130238846327176, 0.7988677049767275]
2022-12-16 02:52:22,815|INFO|nn.computeOptunaObjective|Trial 11 timings:|8.104332
2022-12-16 02:52:22,815|INFO|nn.computeOptunaObjective|Trial 11 objective:|0.6803921347663483
2022-12-16 02:52:33,090|INFO|nn.computeOptunaObjective|Trial 12 params:|{'n_layers': 2, 'architecture': 'outer', 'lr': 0.001, 'n_epochs': 200}
2022-12-16 02:52:33,090|INFO|nn.computeOptunaObjective|Trial 12 balacc:|[0.6482172360496722, 0.6491740059409037, 0.6813084672583354, 0.6813793103448276, 0.6140043173232596, 0.6937702265372169, 0.6550677053155647, 0.6719611528822055]
2022-12-16 02:52:33,090|INFO|nn.computeOptunaObjective|Trial 12 rocauc:|[0.8216703085860471, 0.8071551409661785, 0.8557207963540416, 0.8244252873563218, 0.7166756610901241, 0.8295577130528586, 0.7966994999892701, 0.7924364482635159]
2022-12-16 02:52:33,090|INFO|nn.computeOptunaObjective|Trial 12 timings:|10.281583600000005
2022-12-16 02:52:33,090|INFO|nn.computeOptunaObjective|Trial 12 objective:|0.6618603027064982
2022-12-16 02:52:43,610|INFO|nn.computeOptunaObjective|Trial 13 params:|{'n_layers': 2, 'architecture': 'inner', 'lr': 0.001, 'n_epochs': 200}
2022-12-16 02:52:43,610|INFO|nn.computeOptunaObjective|Trial 13 balacc:|[0.6395965463944998, 0.6661107926416177, 0.6813084672583354, 0.6985057471264368, 0.6464741860046771, 0.7386731391585761, 0.6561814631215261, 0.681265664160401]
2022-12-16 02:52:43,610|INFO|nn.computeOptunaObjective|Trial 13 rocauc:|[0.8240819698342483, 0.8048361040179268, 0.8615975053969777, 0.8314942528735632, 0.7380823889188703, 0.8352211434735707, 0.8032876241979443, 0.794734604368063]
2022-12-16 02:52:43,610|INFO|nn.computeOptunaObjective|Trial 13 timings:|10.509104199999996
2022-12-16 02:52:43,610|INFO|nn.computeOptunaObjective|Trial 13 objective:|0.6760145007332587
2022-12-16 02:52:54,516|INFO|nn.computeOptunaObjective|Trial 14 params:|{'n_layers': 3, 'architecture': 'linear', 'lr': 0.0001, 'n_epochs': 200}
2022-12-16 02:52:54,516|INFO|nn.computeOptunaObjective|Trial 14 balacc:|[0.6192639769759634, 0.6193392047527229, 0.6485368193811466, 0.6413793103448275, 0.5937668645439828, 0.6136731391585761, 0.6331444880791434, 0.6462406015037594]
2022-12-16 02:52:54,516|INFO|nn.computeOptunaObjective|Trial 14 rocauc:|[0.810531364920322, 0.8023607275001302, 0.8644159270808348, 0.8263218390804599, 0.6914013311746717, 0.8125674217907227, 0.7869568016481041, 0.7854569459362692]
2022-12-16 02:52:54,516|INFO|nn.computeOptunaObjective|Trial 14 timings:|10.902783600000006
2022-12-16 02:52:54,516|INFO|nn.computeOptunaObjective|Trial 14 objective:|0.6269180505925153
2022-12-16 02:53:02,555|INFO|nn.computeOptunaObjective|Trial 15 params:|{'n_layers': 3, 'architecture': 'outer', 'lr': 0.0001, 'n_epochs': 150}
2022-12-16 02:53:02,555|INFO|nn.computeOptunaObjective|Trial 15 balacc:|[0.515695784256249, 0.5, 0.5340909090909091, 0.5585632183908046, 0.5, 0.5368122977346278, 0.551760767398442, 0.5866228070175439]
2022-12-16 02:53:02,555|INFO|nn.computeOptunaObjective|Trial 15 rocauc:|[0.7813249480360284, 0.7701287195789254, 0.847205564883665, 0.8150574712643678, 0.6605504587155964, 0.7513484358144552, 0.7517672053048349, 0.7659975832438239]
2022-12-16 02:53:02,555|INFO|nn.computeOptunaObjective|Trial 15 timings:|8.04183549999999
2022-12-16 02:53:02,555|INFO|nn.computeOptunaObjective|Trial 15 objective:|0.535443222986072
2022-12-16 02:53:10,472|INFO|nn.computeOptunaObjective|Trial 16 params:|{'n_layers': 2, 'architecture': 'inner', 'lr': 0.0001, 'n_epochs': 150}
2022-12-16 02:53:10,472|INFO|nn.computeOptunaObjective|Trial 16 balacc:|[0.5, 0.5, 0.5, 0.53, 0.5147058823529411, 0.5138888888888888, 0.5304877787076976, 0.556171679197995]
2022-12-16 02:53:10,472|INFO|nn.computeOptunaObjective|Trial 16 rocauc:|[0.7615786388104248, 0.7495440095888268, 0.8187814823698729, 0.7956896551724137, 0.6553336931102717, 0.7124235886371809, 0.7385823730122965, 0.748717776584318]
2022-12-16 02:53:10,472|INFO|nn.computeOptunaObjective|Trial 16 timings:|7.918090800000016
2022-12-16 02:53:10,472|INFO|nn.computeOptunaObjective|Trial 16 objective:|0.5181567786434403
2022-12-16 02:53:18,373|INFO|nn.computeOptunaObjective|Trial 17 params:|{'n_layers': 2, 'architecture': 'linear', 'lr': 0.001, 'n_epochs': 150}
2022-12-16 02:53:18,373|INFO|nn.computeOptunaObjective|Trial 17 balacc:|[0.6466716409955764, 0.6572385220699359, 0.6712640921084193, 0.6799425287356322, 0.631768303651736, 0.7002427184466019, 0.6546041760552801, 0.6773182957393483]
2022-12-16 02:53:18,374|INFO|nn.computeOptunaObjective|Trial 17 rocauc:|[0.8220167350636891, 0.8065037260930743, 0.8614775725593667, 0.829712643678161, 0.7258499730167297, 0.8389068680330817, 0.8010365029292474, 0.7981046365914787]
2022-12-16 02:53:18,374|INFO|nn.computeOptunaObjective|Trial 17 timings:|7.8898135999999965
2022-12-16 02:53:18,374|INFO|nn.computeOptunaObjective|Trial 17 objective:|0.6648812847253163
2022-12-16 02:53:29,213|INFO|nn.computeOptunaObjective|Trial 18 params:|{'n_layers': 4, 'architecture': 'linear', 'lr': 0.001, 'n_epochs': 200}
2022-12-16 02:53:29,213|INFO|nn.computeOptunaObjective|Trial 18 balacc:|[0.6474444385226243, 0.6701365365574027, 0.6813084672583354, 0.6827586206896552, 0.6363554596150387, 0.6814994606256742, 0.643473035902058, 0.6967731829573935]
2022-12-16 02:53:29,213|INFO|nn.computeOptunaObjective|Trial 18 rocauc:|[0.839844374566967, 0.8042107457397468, 0.8489745742384265, 0.8366091954022989, 0.7118186724230977, 0.8500988852930601, 0.8069679606858516, 0.8016223594701039]
2022-12-16 02:53:29,213|INFO|nn.computeOptunaObjective|Trial 18 timings:|10.837264000000005
2022-12-16 02:53:29,213|INFO|nn.computeOptunaObjective|Trial 18 objective:|0.6674686502660228
2022-12-16 02:53:34,596|INFO|nn.computeOptunaObjective|Trial 19 params:|{'n_layers': 3, 'architecture': 'top', 'lr': 0.001, 'n_epochs': 100}
2022-12-16 02:53:34,596|INFO|nn.computeOptunaObjective|Trial 19 balacc:|[0.6874566966902947, 0.6951378393871489, 0.6847565363396498, 0.7041954022988506, 0.634826407627271, 0.7108953613807982, 0.6720444644734865, 0.6968984962406015]
2022-12-16 02:53:34,596|INFO|nn.computeOptunaObjective|Trial 19 rocauc:|[0.8431620742951553, 0.8142685913804784, 0.8544615015591269, 0.8377586206896552, 0.7264795826587516, 0.8451995685005395, 0.8164767484280778, 0.8127886680988186]
2022-12-16 02:53:34,596|INFO|nn.computeOptunaObjective|Trial 19 timings:|5.392501099999976
2022-12-16 02:53:34,596|INFO|nn.computeOptunaObjective|Trial 19 objective:|0.6857764005547626
2022-12-16 02:53:45,276|INFO|nn.computeOptunaObjective|Trial 20 params:|{'n_layers': 3, 'architecture': 'top', 'lr': 0.0001, 'n_epochs': 200}
2022-12-16 02:53:45,277|INFO|nn.computeOptunaObjective|Trial 20 balacc:|[0.6545195331237008, 0.672559799885351, 0.7040357399856081, 0.6656321839080459, 0.6084727468969239, 0.6210895361380798, 0.6424215111912273, 0.6787907268170426]
2022-12-16 02:53:45,277|INFO|nn.computeOptunaObjective|Trial 20 rocauc:|[0.8259073708895166, 0.8132523841784356, 0.8644159270808347, 0.8294252873563217, 0.71856449001619, 0.8367493707299533, 0.8100774694735938, 0.802311582527748]
2022-12-16 02:53:45,277|INFO|nn.computeOptunaObjective|Trial 20 timings:|10.664924100000007
2022-12-16 02:53:45,277|INFO|nn.computeOptunaObjective|Trial 20 objective:|0.6559402222432473
2022-12-16 02:53:53,115|INFO|nn.computeOptunaObjective|Trial 21 params:|{'n_layers': 3, 'architecture': 'outer', 'lr': 0.001, 'n_epochs': 150}
2022-12-16 02:53:53,115|INFO|nn.computeOptunaObjective|Trial 21 balacc:|[0.6600490326706816, 0.6951378393871489, 0.6900335811945311, 0.7127586206896552, 0.6185914732865624, 0.6937702265372169, 0.6628296744565334, 0.6989661654135338]
2022-12-16 02:53:53,115|INFO|nn.computeOptunaObjective|Trial 21 rocauc:|[0.8417097479081169, 0.8082755745479181, 0.8569201247301512, 0.8364367816091954, 0.7358337830545062, 0.839895720963682, 0.8105860640786283, 0.8008704797708557]
2022-12-16 02:53:53,115|INFO|nn.computeOptunaObjective|Trial 21 timings:|7.846730900000011
2022-12-16 02:53:53,115|INFO|nn.computeOptunaObjective|Trial 21 objective:|0.6790170767044829
2022-12-16 02:53:58,557|INFO|nn.computeOptunaObjective|Trial 22 params:|{'n_layers': 4, 'architecture': 'inner', 'lr': 0.001, 'n_epochs': 100}
2022-12-16 02:53:58,557|INFO|nn.computeOptunaObjective|Trial 22 balacc:|[0.7046980760006396, 0.6838423054875189, 0.7201667066442792, 0.6941954022988506, 0.634826407627271, 0.7060409924487594, 0.6423592780960965, 0.6955200501253133]
2022-12-16 02:53:58,557|INFO|nn.computeOptunaObjective|Trial 22 rocauc:|[0.8401241805681394, 0.8103861587367762, 0.858629167666107, 0.8177586206896551, 0.7047130778917071, 0.8439410284070479, 0.8079143329255993, 0.806670694593627]
2022-12-16 02:53:58,557|INFO|nn.computeOptunaObjective|Trial 22 timings:|5.4271698999999956
2022-12-16 02:53:58,557|INFO|nn.computeOptunaObjective|Trial 22 objective:|0.6852061523410911
2022-12-16 02:54:06,708|INFO|nn.computeOptunaObjective|Trial 23 params:|{'n_layers': 4, 'architecture': 'top', 'lr': 0.001, 'n_epochs': 150}
2022-12-16 02:54:06,708|INFO|nn.computeOptunaObjective|Trial 23 balacc:|[0.6403693439215478, 0.6693287821147533, 0.6873950587670904, 0.6698850574712644, 0.6247076812376327, 0.6766450916936354, 0.6439987982574733, 0.6957706766917293]
2022-12-16 02:54:06,708|INFO|nn.computeOptunaObjective|Trial 23 rocauc:|[0.8451073922080691, 0.8104252436291627, 0.8473554809306788, 0.8273563218390805, 0.7147868321640584, 0.835985257101762, 0.8141140367819052, 0.8021079484425351]
2022-12-16 02:54:06,708|INFO|nn.computeOptunaObjective|Trial 23 timings:|8.148414900000006
2022-12-16 02:54:06,708|INFO|nn.computeOptunaObjective|Trial 23 objective:|0.6635125612693908
2022-12-16 02:54:16,670|INFO|nn.computeOptunaObjective|Trial 24 params:|{'n_layers': 2, 'architecture': 'inner', 'lr': 0.0001, 'n_epochs': 200}
2022-12-16 02:54:16,670|INFO|nn.computeOptunaObjective|Trial 24 balacc:|[0.5894180035175611, 0.5895044035645421, 0.5615855121132166, 0.6256896551724138, 0.554236373448462, 0.5752427184466019, 0.5892980536063006, 0.62468671679198]
2022-12-16 02:54:16,670|INFO|nn.computeOptunaObjective|Trial 24 rocauc:|[0.7755955870596387, 0.7750534160195945, 0.8484648596785801, 0.815977011494253, 0.6762906997661451, 0.7659115426105717, 0.7560891864632288, 0.7704148764769067]
2022-12-16 02:54:16,670|INFO|nn.computeOptunaObjective|Trial 24 timings:|9.958881399999996
2022-12-16 02:54:16,670|INFO|nn.computeOptunaObjective|Trial 24 objective:|0.5887076795826347
2022-12-16 02:54:26,594|INFO|nn.computeOptunaObjective|Trial 25 params:|{'n_layers': 3, 'architecture': 'bottom', 'lr': 0.0001, 'n_epochs': 200}
2022-12-16 02:54:26,594|INFO|nn.computeOptunaObjective|Trial 25 balacc:|[0.547087352768747, 0.5499895773620304, 0.5541796593907412, 0.51, 0.5410595430832883, 0.5351941747572816, 0.5649327238781948, 0.6004699248120301]
2022-12-16 02:54:26,610|INFO|nn.computeOptunaObjective|Trial 25 rocauc:|[0.7697862815114853, 0.7701026629840013, 0.8338330534900456, 0.8016091954022989, 0.6629789530491096, 0.7393923049262855, 0.7418056181463123, 0.7556771392767634]
2022-12-16 02:54:26,610|INFO|nn.computeOptunaObjective|Trial 25 timings:|9.936278600000009
2022-12-16 02:54:26,610|INFO|nn.computeOptunaObjective|Trial 25 objective:|0.5503641195065392
2022-12-16 02:54:34,166|INFO|nn.computeOptunaObjective|Trial 26 params:|{'n_layers': 2, 'architecture': 'outer', 'lr': 0.0001, 'n_epochs': 150}
2022-12-16 02:54:34,166|INFO|nn.computeOptunaObjective|Trial 26 balacc:|[0.5086206896551724, 0.5, 0.5227272727272727, 0.53, 0.5278827127181147, 0.5, 0.5482048971007961, 0.5796992481203007]
2022-12-16 02:54:34,166|INFO|nn.computeOptunaObjective|Trial 26 rocauc:|[0.75454351649523, 0.750143311272083, 0.8180618853442072, 0.7907471264367817, 0.6516459794927145, 0.7078389068680331, 0.7437326981265692, 0.7513225026852848]
2022-12-16 02:54:34,166|INFO|nn.computeOptunaObjective|Trial 26 timings:|7.552558099999999
2022-12-16 02:54:34,166|INFO|nn.computeOptunaObjective|Trial 26 objective:|0.5271418525402072
2022-12-16 02:54:39,266|INFO|nn.computeOptunaObjective|Trial 27 params:|{'n_layers': 3, 'architecture': 'inner', 'lr': 0.0001, 'n_epochs': 100}
2022-12-16 02:54:39,266|INFO|nn.computeOptunaObjective|Trial 27 balacc:|[0.5, 0.5, 0.5, 0.5, 0.5, 0.5, 0.5020408163265306, 0.5]
2022-12-16 02:54:39,266|INFO|nn.computeOptunaObjective|Trial 27 rocauc:|[0.7533443479187764, 0.7406847673146073, 0.813804269609019, 0.7817816091954022, 0.6384241770102537, 0.6952535059331175, 0.7223717247151227, 0.7233105084138919]
2022-12-16 02:54:39,266|INFO|nn.computeOptunaObjective|Trial 27 timings:|5.097398799999979
2022-12-16 02:54:39,266|INFO|nn.computeOptunaObjective|Trial 27 objective:|0.5002551020408164
2022-12-16 02:54:47,252|INFO|nn.computeOptunaObjective|Trial 28 params:|{'n_layers': 3, 'architecture': 'top', 'lr': 0.001, 'n_epochs': 150}
2022-12-16 02:54:47,252|INFO|nn.computeOptunaObjective|Trial 28 balacc:|[0.6608218301977296, 0.6814320704570327, 0.693991364835692, 0.7056321839080459, 0.6054146429213887, 0.7076591154261057, 0.6597373334191721, 0.6946115288220551]
2022-12-16 02:54:47,252|INFO|nn.computeOptunaObjective|Trial 28 rocauc:|[0.8410435431434206, 0.8037156704361875, 0.8596785799952027, 0.842212643678161, 0.7576002878215506, 0.8469075871988493, 0.8167943518101247, 0.805735320443967]
2022-12-16 02:54:47,252|INFO|nn.computeOptunaObjective|Trial 28 timings:|7.981972399999989
2022-12-16 02:54:47,252|INFO|nn.computeOptunaObjective|Trial 28 objective:|0.6761625087484027
2022-12-16 02:54:52,511|INFO|nn.computeOptunaObjective|Trial 29 params:|{'n_layers': 4, 'architecture': 'outer', 'lr': 0.001, 'n_epochs': 100}
2022-12-16 02:54:52,512|INFO|nn.computeOptunaObjective|Trial 29 balacc:|[0.6772904119810265, 0.6910990671739017, 0.7088030702806428, 0.6827586206896552, 0.6201205252743299, 0.7060409924487594, 0.652099830468465, 0.700657894736842]
2022-12-16 02:54:52,512|INFO|nn.computeOptunaObjective|Trial 29 rocauc:|[0.8379123807493472, 0.8118713846474542, 0.8529923242983929, 0.8177586206896551, 0.7114588954847995, 0.8372887450557354, 0.808815639820597, 0.8003199964196204]
2022-12-16 02:54:52,512|INFO|nn.computeOptunaObjective|Trial 29 timings:|5.256826399999994
2022-12-16 02:54:52,512|INFO|nn.computeOptunaObjective|Trial 29 objective:|0.6798588016317029
2022-12-16 02:55:03,027|INFO|nn.computeOptunaObjective|Trial 30 params:|{'n_layers': 4, 'architecture': 'linear', 'lr': 0.0001, 'n_epochs': 200}
2022-12-16 02:55:03,027|INFO|nn.computeOptunaObjective|Trial 30 balacc:|[0.6443532484144326, 0.649981760383553, 0.6773506836171743, 0.6399425287356322, 0.6069436949091563, 0.6259439050701187, 0.6402562286744351, 0.6634711779448622]
2022-12-16 02:55:03,027|INFO|nn.computeOptunaObjective|Trial 30 rocauc:|[0.8212439375366413, 0.8076241596748137, 0.8662149196449987, 0.8175287356321839, 0.6999460334592551, 0.8285688601222582, 0.7964119401703899, 0.7886345327604727]
2022-12-16 02:55:03,027|INFO|nn.computeOptunaObjective|Trial 30 timings:|10.519904499999996
2022-12-16 02:55:03,027|INFO|nn.computeOptunaObjective|Trial 30 objective:|0.6435304034686706
2022-12-16 02:55:08,431|INFO|nn.computeOptunaObjective|Trial 31 params:|{'n_layers': 3, 'architecture': 'top', 'lr': 0.0001, 'n_epochs': 100}
2022-12-16 02:55:08,431|INFO|nn.computeOptunaObjective|Trial 31 balacc:|[0.5, 0.5, 0.5, 0.5, 0.5, 0.5, 0.5096783192772377, 0.5171052631578947]
2022-12-16 02:55:08,431|INFO|nn.computeOptunaObjective|Trial 31 rocauc:|[0.7846826200500985, 0.7703892855281672, 0.8502038858239386, 0.8229885057471265, 0.6504767044432452, 0.7467637540453074, 0.7520032618725724, 0.7593425528105979]
2022-12-16 02:55:08,431|INFO|nn.computeOptunaObjective|Trial 31 timings:|5.392298799999992
2022-12-16 02:55:08,431|INFO|nn.computeOptunaObjective|Trial 31 objective:|0.5033479478043916
2022-12-16 02:55:18,967|INFO|nn.computeOptunaObjective|Trial 32 params:|{'n_layers': 4, 'architecture': 'inner', 'lr': 0.001, 'n_epochs': 200}
2022-12-16 02:55:18,967|INFO|nn.computeOptunaObjective|Trial 32 balacc:|[0.6395965463944998, 0.6531997498566887, 0.6686255696809786, 0.6755747126436782, 0.6231786292498651, 0.7076591154261057, 0.6461018476791347, 0.7086152882205514]
2022-12-16 02:55:18,967|INFO|nn.computeOptunaObjective|Trial 32 rocauc:|[0.8500239833715291, 0.8004976809630517, 0.8313444471096186, 0.8178448275862069, 0.7245907537326857, 0.8517619561308881, 0.8119787978282796, 0.7895184389545291]
2022-12-16 02:55:18,967|INFO|nn.computeOptunaObjective|Trial 32 timings:|10.53269359999996
2022-12-16 02:55:18,967|INFO|nn.computeOptunaObjective|Trial 32 objective:|0.6653189323939378
2022-12-16 02:55:26,575|INFO|nn.computeOptunaObjective|Trial 33 params:|{'n_layers': 3, 'architecture': 'bottom', 'lr': 0.001, 'n_epochs': 150}
2022-12-16 02:55:26,576|INFO|nn.computeOptunaObjective|Trial 33 balacc:|[0.6357325587592603, 0.6862655688154672, 0.6900335811945311, 0.6870689655172414, 0.6332973556395035, 0.7076591154261057, 0.6739608146097555, 0.6839285714285714]
2022-12-16 02:55:26,576|INFO|nn.computeOptunaObjective|Trial 33 rocauc:|[0.8280925225177211, 0.8055396320808796, 0.859078915807148, 0.819712643678161, 0.7285483000539665, 0.8293329737504495, 0.8039378527436212, 0.7947883100608665]
2022-12-16 02:55:26,576|INFO|nn.computeOptunaObjective|Trial 33 timings:|7.603845500000034
2022-12-16 02:55:26,576|INFO|nn.computeOptunaObjective|Trial 33 objective:|0.6747433164238046
2022-12-16 02:55:37,308|INFO|nn.computeOptunaObjective|Trial 34 params:|{'n_layers': 3, 'architecture': 'inner', 'lr': 0.001, 'n_epochs': 200}
2022-12-16 02:55:37,323|INFO|nn.computeOptunaObjective|Trial 34 balacc:|[0.6702153173799499, 0.6838423054875189, 0.7254437514991605, 0.6756321839080459, 0.6495322899802123, 0.7215480043149947, 0.663293203716818, 0.6907581453634085]
2022-12-16 02:55:37,323|INFO|nn.computeOptunaObjective|Trial 34 rocauc:|[0.832822576347066, 0.8015008598676325, 0.8618373710721995, 0.8346551724137931, 0.7445583738082389, 0.8451096727795756, 0.8103328397605098, 0.8025912996777658]
2022-12-16 02:55:37,323|INFO|nn.computeOptunaObjective|Trial 34 timings:|10.743870700000002
2022-12-16 02:55:37,324|INFO|nn.computeOptunaObjective|Trial 34 objective:|0.6850331502062637
2022-12-16 02:55:48,119|INFO|nn.computeOptunaObjective|Trial 35 params:|{'n_layers': 4, 'architecture': 'top', 'lr': 0.001, 'n_epochs': 200}
2022-12-16 02:55:48,119|INFO|nn.computeOptunaObjective|Trial 35 balacc:|[0.6372781538133561, 0.670944291000052, 0.6699448308946989, 0.7298850574712643, 0.6231786292498651, 0.6782632146709817, 0.6378763492778815, 0.7058583959899749]
2022-12-16 02:55:48,119|INFO|nn.computeOptunaObjective|Trial 35 rocauc:|[0.8400309119010818, 0.8036244723539528, 0.8447169585032381, 0.8172413793103448, 0.7237812556215147, 0.8486605537576412, 0.8025236593059937, 0.7942982456140352]
2022-12-16 02:55:48,119|INFO|nn.computeOptunaObjective|Trial 35 timings:|10.792341799999974
2022-12-16 02:55:48,119|INFO|nn.computeOptunaObjective|Trial 35 objective:|0.6691536152960094
2022-12-16 02:55:55,466|INFO|nn.computeOptunaObjective|Trial 36 params:|{'n_layers': 3, 'architecture': 'bottom', 'lr': 0.0001, 'n_epochs': 150}
2022-12-16 02:55:55,466|INFO|nn.computeOptunaObjective|Trial 36 balacc:|[0.5, 0.5, 0.5, 0.52, 0.5, 0.5138888888888888, 0.5289727247365823, 0.5253132832080201]
2022-12-16 02:55:55,466|INFO|nn.computeOptunaObjective|Trial 36 rocauc:|[0.7124127271758247, 0.699906196258273, 0.7696689853681937, 0.7472413793103447, 0.62475265335492, 0.6567781373606617, 0.7193072812721304, 0.714158163265306]
2022-12-16 02:55:55,466|INFO|nn.computeOptunaObjective|Trial 36 timings:|7.343417499999987
2022-12-16 02:55:55,466|INFO|nn.computeOptunaObjective|Trial 36 objective:|0.5110218621041864
2022-12-16 02:56:03,136|INFO|nn.computeOptunaObjective|Trial 37 params:|{'n_layers': 3, 'architecture': 'linear', 'lr': 0.0001, 'n_epochs': 150}
2022-12-16 02:56:03,137|INFO|nn.computeOptunaObjective|Trial 37 balacc:|[0.5384666631135746, 0.5, 0.5327716478771888, 0.5671264367816091, 0.5557654254362295, 0.5490830636461704, 0.5634176699070795, 0.5984022556390978]
2022-12-16 02:56:03,137|INFO|nn.computeOptunaObjective|Trial 37 rocauc:|[0.7901188509300219, 0.7819844702694252, 0.857040057567762, 0.8231609195402299, 0.6668465551358157, 0.7737324703344121, 0.7607502306916457, 0.7729479949874687]
2022-12-16 02:56:03,137|INFO|nn.computeOptunaObjective|Trial 37 timings:|7.6657310999999595
2022-12-16 02:56:03,137|INFO|nn.computeOptunaObjective|Trial 37 objective:|0.5506291453001186
2022-12-16 02:56:13,257|INFO|nn.computeOptunaObjective|Trial 38 params:|{'n_layers': 4, 'architecture': 'bottom', 'lr': 0.001, 'n_epochs': 200}
2022-12-16 02:56:13,257|INFO|nn.computeOptunaObjective|Trial 38 balacc:|[0.6780632095080744, 0.6620589921309084, 0.6974394339170065, 0.6713218390804598, 0.6216495772620975, 0.6953883495145631, 0.6602630957745874, 0.6922305764411028]
2022-12-16 02:56:13,257|INFO|nn.computeOptunaObjective|Trial 38 rocauc:|[0.8363401375046635, 0.7998592943874094, 0.8516730630846726, 0.8075287356321839, 0.724141032559813, 0.8376932758000719, 0.8002446404429279, 0.7902926960257788]
2022-12-16 02:56:13,257|INFO|nn.computeOptunaObjective|Trial 38 timings:|10.120722699999988
2022-12-16 02:56:13,257|INFO|nn.computeOptunaObjective|Trial 38 objective:|0.6723018842036
2022-12-16 02:56:21,383|INFO|nn.computeOptunaObjective|Trial 39 params:|{'n_layers': 4, 'architecture': 'top', 'lr': 0.0001, 'n_epochs': 150}
2022-12-16 02:56:21,383|INFO|nn.computeOptunaObjective|Trial 39 balacc:|[0.6428076533603369, 0.6185314503100734, 0.6847565363396498, 0.632816091954023, 0.5952959165317503, 0.627562028047465, 0.6275478014549668, 0.6520050125313284]
2022-12-16 02:56:21,383|INFO|nn.computeOptunaObjective|Trial 39 rocauc:|[0.8271065394659702, 0.8099431966230652, 0.866514751739026, 0.8266666666666668, 0.6961683756071236, 0.8350413520316433, 0.800077254876714, 0.7928235767991407]
2022-12-16 02:56:21,383|INFO|nn.computeOptunaObjective|Trial 39 timings:|8.118148299999973
2022-12-16 02:56:21,383|INFO|nn.computeOptunaObjective|Trial 39 objective:|0.6351653113161991
2022-12-16 02:56:31,574|INFO|nn.computeOptunaObjective|Trial 40 params:|{'n_layers': 3, 'architecture': 'linear', 'lr': 0.001, 'n_epochs': 200}
2022-12-16 02:56:31,574|INFO|nn.computeOptunaObjective|Trial 40 balacc:|[0.6968501838725151, 0.6782010526864349, 0.693991364835692, 0.6770689655172414, 0.6510613419679798, 0.7215480043149947, 0.6638189660722333, 0.7027255639097745]
2022-12-16 02:56:31,574|INFO|nn.computeOptunaObjective|Trial 40 rocauc:|[0.8400175878057881, 0.8041846891448226, 0.8670244662988726, 0.8413218390804599, 0.7460874257960065, 0.845019777058612, 0.8094830361166548, 0.8064021661296097]
2022-12-16 02:56:31,574|INFO|nn.computeOptunaObjective|Trial 40 timings:|10.186713899999972
2022-12-16 02:56:31,574|INFO|nn.computeOptunaObjective|Trial 40 objective:|0.6856581803971082
2022-12-16 02:56:41,890|INFO|nn.computeOptunaObjective|Trial 41 params:|{'n_layers': 4, 'architecture': 'outer', 'lr': 0.001, 'n_epochs': 200}
2022-12-16 02:56:41,890|INFO|nn.computeOptunaObjective|Trial 41 balacc:|[0.6646858178329691, 0.6644822554588566, 0.6773506836171743, 0.6684482758620689, 0.5922378125562151, 0.6659924487594391, 0.6403806948646966, 0.6942982456140351]
2022-12-16 02:56:41,890|INFO|nn.computeOptunaObjective|Trial 41 rocauc:|[0.8372328518893567, 0.8003022565011205, 0.8606080594866875, 0.8319252873563218, 0.7212628170534269, 0.8425476447321109, 0.7932638039442907, 0.795951933404941]
2022-12-16 02:56:41,890|INFO|nn.computeOptunaObjective|Trial 41 timings:|10.322367199999974
2022-12-16 02:56:41,890|INFO|nn.computeOptunaObjective|Trial 41 objective:|0.6584845293206818
2022-12-16 02:56:49,409|INFO|nn.computeOptunaObjective|Trial 42 params:|{'n_layers': 2, 'architecture': 'linear', 'lr': 0.0001, 'n_epochs': 150}
2022-12-16 02:56:49,409|INFO|nn.computeOptunaObjective|Trial 42 balacc:|[0.5, 0.5072567616863829, 0.5340909090909091, 0.56, 0.5278827127181147, 0.5138888888888888, 0.5588725079937338, 0.5796992481203007]
2022-12-16 02:56:49,409|INFO|nn.computeOptunaObjective|Trial 42 rocauc:|[0.7560091669775622, 0.7465214445776226, 0.8220796354041737, 0.791206896551724, 0.6548839719373989, 0.7029845379359944, 0.7436940706882121, 0.7508704797708556]
2022-12-16 02:56:49,409|INFO|nn.computeOptunaObjective|Trial 42 timings:|7.506024500000024
2022-12-16 02:56:49,409|INFO|nn.computeOptunaObjective|Trial 42 objective:|0.5352113785622913
2022-12-16 02:56:57,094|INFO|nn.computeOptunaObjective|Trial 43 params:|{'n_layers': 4, 'architecture': 'linear', 'lr': 0.0001, 'n_epochs': 150}
2022-12-16 02:56:57,094|INFO|nn.computeOptunaObjective|Trial 43 balacc:|[0.5721766242072164, 0.5, 0.5528603981770208, 0.5, 0.5, 0.5, 0.5812592544904397, 0.5579573934837093]
2022-12-16 02:56:57,094|INFO|nn.computeOptunaObjective|Trial 43 rocauc:|[0.7995256622075362, 0.7910261087081141, 0.8623770688414488, 0.8294827586206897, 0.6703543802842237, 0.7892844300611291, 0.7654284426704436, 0.7774950769781596]
2022-12-16 02:56:57,094|INFO|nn.computeOptunaObjective|Trial 43 timings:|7.679252399999996
2022-12-16 02:56:57,094|INFO|nn.computeOptunaObjective|Trial 43 objective:|0.5330317087947983
2022-12-16 02:57:07,621|INFO|nn.computeOptunaObjective|Trial 44 params:|{'n_layers': 4, 'architecture': 'outer', 'lr': 0.0001, 'n_epochs': 200}
2022-12-16 02:57:07,621|INFO|nn.computeOptunaObjective|Trial 44 balacc:|[0.5557080424239194, 0.6491740059409037, 0.7048452866394819, 0.6499425287356322, 0.5937668645439828, 0.6227076591154261, 0.6402562286744351, 0.668796992481203]
2022-12-16 02:57:07,621|INFO|nn.computeOptunaObjective|Trial 44 rocauc:|[0.8188722485743217, 0.8044713116889884, 0.8627968337730871, 0.8224712643678161, 0.7077711818672423, 0.823804386911183, 0.7971973647503166, 0.7871934300035803]
2022-12-16 02:57:07,621|INFO|nn.computeOptunaObjective|Trial 44 timings:|10.524054700000022
2022-12-16 02:57:07,621|INFO|nn.computeOptunaObjective|Trial 44 objective:|0.635649701069373
2022-12-16 02:57:12,868|INFO|nn.computeOptunaObjective|Trial 45 params:|{'n_layers': 4, 'architecture': 'bottom', 'lr': 0.001, 'n_epochs': 100}
2022-12-16 02:57:12,868|INFO|nn.computeOptunaObjective|Trial 45 balacc:|[0.6945317912913713, 0.6669055187868049, 0.7302110817941952, 0.6970114942528736, 0.6201205252743299, 0.6905339805825242, 0.6463786776540269, 0.6964912280701754]
2022-12-16 02:57:12,868|INFO|nn.computeOptunaObjective|Trial 45 rocauc:|[0.8271331876565581, 0.805435405701183, 0.8566202926361237, 0.8041379310344828, 0.7200035977693829, 0.8332434376123696, 0.7994763836133822, 0.7895072502685285]
2022-12-16 02:57:12,868|INFO|nn.computeOptunaObjective|Trial 45 timings:|5.241197499999998
2022-12-16 02:57:12,868|INFO|nn.computeOptunaObjective|Trial 45 objective:|0.6802730372132877
2022-12-16 02:57:23,736|INFO|nn.computeOptunaObjective|Trial 46 params:|{'n_layers': 3, 'architecture': 'inner', 'lr': 0.0001, 'n_epochs': 200}
2022-12-16 02:57:23,736|INFO|nn.computeOptunaObjective|Trial 46 balacc:|[0.6184911794489154, 0.6427249986971703, 0.6258095466538738, 0.6413793103448275, 0.5937668645439828, 0.6152912621359223, 0.6347217751453894, 0.65]
2022-12-16 02:57:23,736|INFO|nn.computeOptunaObjective|Trial 46 rocauc:|[0.8117038853061876, 0.8037938402209599, 0.8624370352602543, 0.8241954022988506, 0.6930203273970138, 0.8137360661632506, 0.7867722483315093, 0.7866742749731471]
2022-12-16 02:57:23,736|INFO|nn.computeOptunaObjective|Trial 46 timings:|10.864066100000002
2022-12-16 02:57:23,736|INFO|nn.computeOptunaObjective|Trial 46 objective:|0.6277731171212602
2022-12-16 02:57:31,823|INFO|nn.computeOptunaObjective|Trial 47 params:|{'n_layers': 2, 'architecture': 'top', 'lr': 0.001, 'n_epochs': 150}
2022-12-16 02:57:31,823|INFO|nn.computeOptunaObjective|Trial 47 balacc:|[0.6552923306507488, 0.6653030381989682, 0.6926721036219717, 0.6913793103448276, 0.6332973556395035, 0.6986245954692557, 0.6551299384106954, 0.6898809523809524]
2022-12-16 02:57:31,823|INFO|nn.computeOptunaObjective|Trial 47 rocauc:|[0.8273996695624367, 0.8047839908280785, 0.8599184456704246, 0.8317816091954023, 0.7322809857888111, 0.8375584322186265, 0.8049571879224875, 0.797158073755818]
2022-12-16 02:57:31,823|INFO|nn.computeOptunaObjective|Trial 47 timings:|8.094890700000008
2022-12-16 02:57:31,823|INFO|nn.computeOptunaObjective|Trial 47 objective:|0.6726974530896155
2022-12-16 02:57:37,042|INFO|nn.computeOptunaObjective|Trial 48 params:|{'n_layers': 2, 'architecture': 'inner', 'lr': 0.001, 'n_epochs': 100}
2022-12-16 02:57:37,043|INFO|nn.computeOptunaObjective|Trial 48 balacc:|[0.6466716409955764, 0.640301735369222, 0.6725833533221396, 0.6742528735632184, 0.631768303651736, 0.7018608414239482, 0.6535526513444494, 0.6917606516290726]
2022-12-16 02:57:37,043|INFO|nn.computeOptunaObjective|Trial 48 rocauc:|[0.8236422746895486, 0.813617176507374, 0.8572799232429839, 0.833735632183908, 0.726209749955028, 0.8438511326860841, 0.801416339406425, 0.7983463122090942]
2022-12-16 02:57:37,043|INFO|nn.computeOptunaObjective|Trial 48 timings:|5.201844600000015
2022-12-16 02:57:37,043|INFO|nn.computeOptunaObjective|Trial 48 objective:|0.6640940064124203
2022-12-16 02:57:47,536|INFO|nn.computeOptunaObjective|Trial 49 params:|{'n_layers': 2, 'architecture': 'outer', 'lr': 0.0001, 'n_epochs': 200}
2022-12-16 02:57:47,536|INFO|nn.computeOptunaObjective|Trial 49 balacc:|[0.5392394606406226, 0.5427328156756475, 0.5428160230271049, 0.6356896551724138, 0.5674132038136356, 0.5490830636461704, 0.5904118114122621, 0.6209273182957393]
2022-12-16 02:57:47,536|INFO|nn.computeOptunaObjective|Trial 49 rocauc:|[0.7720780259020412, 0.7686434936682476, 0.8391100983449269, 0.815, 0.6687353840618817, 0.7595289464221504, 0.7554453958239447, 0.7679444146079485]
2022-12-16 02:57:47,536|INFO|nn.computeOptunaObjective|Trial 49 timings:|10.49046709999999
2022-12-16 02:57:47,536|INFO|nn.computeOptunaObjective|Trial 49 objective:|0.5735391689604495
2022-12-16 02:57:52,937|INFO|nn.computeOptunaObjective|Trial 50 params:|{'n_layers': 2, 'architecture': 'top', 'lr': 0.001, 'n_epochs': 100}
2022-12-16 02:57:52,937|INFO|nn.computeOptunaObjective|Trial 50 balacc:|[0.6458988434685284, 0.6580462765125853, 0.693991364835692, 0.6613793103448276, 0.634826407627271, 0.6831175836030206, 0.665859782398764, 0.6973997493734335]
2022-12-16 02:57:52,937|INFO|nn.computeOptunaObjective|Trial 50 rocauc:|[0.8252411661248201, 0.8132784407733598, 0.8639961621491964, 0.8413218390804597, 0.7201834862385321, 0.8464581085940309, 0.8104637438571644, 0.8046791084854994]
2022-12-16 02:57:52,937|INFO|nn.computeOptunaObjective|Trial 50 timings:|5.394960199999957
2022-12-16 02:57:52,937|INFO|nn.computeOptunaObjective|Trial 50 objective:|0.6675649147705154
2022-12-16 02:58:03,624|INFO|nn.computeOptunaObjective|Trial 51 params:|{'n_layers': 3, 'architecture': 'top', 'lr': 0.001, 'n_epochs': 200}
2022-12-16 02:58:03,624|INFO|nn.computeOptunaObjective|Trial 51 balacc:|[0.685911101636199, 0.6943300849444994, 0.693991364835692, 0.6770689655172414, 0.631768303651736, 0.6921521035598706, 0.6679628318204254, 0.6888784461152881]
2022-12-16 02:58:03,624|INFO|nn.computeOptunaObjective|Trial 51 rocauc:|[0.8318232692000214, 0.7950779092188233, 0.8683137443031903, 0.8399999999999999, 0.7650656592912395, 0.8380079108234448, 0.8161419772956502, 0.8049409237379163]
2022-12-16 02:58:03,624|INFO|nn.computeOptunaObjective|Trial 51 timings:|10.68225179999996
2022-12-16 02:58:03,624|INFO|nn.computeOptunaObjective|Trial 51 objective:|0.6790079002601189
2022-12-16 02:58:08,784|INFO|nn.computeOptunaObjective|Trial 52 params:|{'n_layers': 2, 'architecture': 'bottom', 'lr': 0.001, 'n_epochs': 100}
2022-12-16 02:58:08,784|INFO|nn.computeOptunaObjective|Trial 52 balacc:|[0.6302030592122795, 0.6427249986971703, 0.6712640921084193, 0.6771264367816092, 0.6449451340169096, 0.6259439050701187, 0.6505225434022189, 0.6818609022556391]
2022-12-16 02:58:08,784|INFO|nn.computeOptunaObjective|Trial 52 rocauc:|[0.8149549645579065, 0.8100734795976862, 0.858059486687455, 0.816896551724138, 0.7280086346465192, 0.8220064724919094, 0.7930642288461125, 0.7853853383458647]
2022-12-16 02:58:08,784|INFO|nn.computeOptunaObjective|Trial 52 timings:|5.155051399999991
2022-12-16 02:58:08,784|INFO|nn.computeOptunaObjective|Trial 52 objective:|0.6530738839430456
2022-12-16 02:58:17,001|INFO|nn.computeOptunaObjective|Trial 53 params:|{'n_layers': 2, 'architecture': 'outer', 'lr': 0.001, 'n_epochs': 150}
2022-12-16 02:58:17,001|INFO|nn.computeOptunaObjective|Trial 53 balacc:|[0.6489900335767201, 0.649981760383553, 0.6612197169585032, 0.662816091954023, 0.6287101996762008, 0.6782632146709817, 0.6556557007661108, 0.6794799498746867]
2022-12-16 02:58:17,001|INFO|nn.computeOptunaObjective|Trial 53 rocauc:|[0.8260406118424559, 0.8117932148626819, 0.8624370352602542, 0.8248850574712644, 0.7231516459794928, 0.8390866594750089, 0.8019485396682332, 0.7970663265306123]
2022-12-16 02:58:17,001|INFO|nn.computeOptunaObjective|Trial 53 timings:|8.211714400000005
2022-12-16 02:58:17,001|INFO|nn.computeOptunaObjective|Trial 53 objective:|0.6581395834825974
2022-12-16 02:58:22,435|INFO|nn.computeOptunaObjective|Trial 54 params:|{'n_layers': 3, 'architecture': 'inner', 'lr': 0.001, 'n_epochs': 100}
2022-12-16 02:58:22,435|INFO|nn.computeOptunaObjective|Trial 54 balacc:|[0.6890022917443905, 0.687881077700766, 0.7315303430079156, 0.6870689655172414, 0.6332973556395035, 0.7108953613807982, 0.6612523873902874, 0.7062030075187969]
2022-12-16 02:58:22,435|INFO|nn.computeOptunaObjective|Trial 54 rocauc:|[0.8380589457975803, 0.8140080254312365, 0.8497841208923003, 0.8228735632183908, 0.7197337650656593, 0.8421431139877742, 0.8136869889911801, 0.8072704081632653]
2022-12-16 02:58:22,435|INFO|nn.computeOptunaObjective|Trial 54 timings:|5.4294223999999645
2022-12-16 02:58:22,435|INFO|nn.computeOptunaObjective|Trial 54 objective:|0.6883913487374624
2022-12-16 02:58:30,519|INFO|nn.computeOptunaObjective|Trial 55 params:|{'n_layers': 3, 'architecture': 'inner', 'lr': 0.001, 'n_epochs': 150}
2022-12-16 02:58:30,519|INFO|nn.computeOptunaObjective|Trial 55 balacc:|[0.669442519852902, 0.6733675543280004, 0.693991364835692, 0.6941954022988506, 0.6185914732865624, 0.7354368932038835, 0.6607888581300028, 0.6928258145363408]
2022-12-16 02:58:30,519|INFO|nn.computeOptunaObjective|Trial 55 rocauc:|[0.8366332676011298, 0.8062040752514461, 0.8573099064523867, 0.8395977011494253, 0.7615578341428314, 0.8366594750089895, 0.811444451597674, 0.8025219298245614]
2022-12-16 02:58:30,519|INFO|nn.computeOptunaObjective|Trial 55 timings:|8.084813199999985
2022-12-16 02:58:30,519|INFO|nn.computeOptunaObjective|Trial 55 objective:|0.6798299850590294
2022-12-16 02:58:38,406|INFO|nn.computeOptunaObjective|Trial 56 params:|{'n_layers': 4, 'architecture': 'bottom', 'lr': 0.0001, 'n_epochs': 150}
2022-12-16 02:58:38,406|INFO|nn.computeOptunaObjective|Trial 56 balacc:|[0.5, 0.5, 0.5100443751499161, 0.5, 0.5, 0.5138888888888888, 0.5, 0.5018796992481203]
2022-12-16 02:58:38,406|INFO|nn.computeOptunaObjective|Trial 56 rocauc:|[0.6811277514256783, 0.6705664703736516, 0.7378867834012953, 0.7033908045977012, 0.6063140852671344, 0.6361920172599784, 0.6773450074035923, 0.6651830469029718]
2022-12-16 02:58:38,406|INFO|nn.computeOptunaObjective|Trial 56 timings:|7.876160200000015
2022-12-16 02:58:38,407|INFO|nn.computeOptunaObjective|Trial 56 objective:|0.5032266204108656
2022-12-16 02:58:43,726|INFO|nn.computeOptunaObjective|Trial 57 params:|{'n_layers': 2, 'architecture': 'linear', 'lr': 0.001, 'n_epochs': 100}
2022-12-16 02:58:43,726|INFO|nn.computeOptunaObjective|Trial 57 balacc:|[0.638050951340404, 0.634660482568138, 0.6826277284720557, 0.652816091954023, 0.6170624212987947, 0.7002427184466019, 0.6622416790059873, 0.6919486215538847]
2022-12-16 02:58:43,726|INFO|nn.computeOptunaObjective|Trial 57 rocauc:|[0.8246282577412993, 0.8108812340403356, 0.859078915807148, 0.8314367816091954, 0.7186544342507646, 0.8407047824523554, 0.8026481254962552, 0.7991966523451486]
2022-12-16 02:58:43,726|INFO|nn.computeOptunaObjective|Trial 57 timings:|5.327709499999969
2022-12-16 02:58:43,726|INFO|nn.computeOptunaObjective|Trial 57 objective:|0.6599563368299862
2022-12-16 02:58:54,447|INFO|nn.computeOptunaObjective|Trial 58 params:|{'n_layers': 2, 'architecture': 'top', 'lr': 0.0001, 'n_epochs': 200}
2022-12-16 02:58:54,447|INFO|nn.computeOptunaObjective|Trial 58 balacc:|[0.5980386931727336, 0.5983766741362239, 0.6170844327176781, 0.6456896551724138, 0.5805900341788092, 0.5736245954692557, 0.6046352926028455, 0.6440789473684211]
2022-12-16 02:58:54,447|INFO|nn.computeOptunaObjective|Trial 58 rocauc:|[0.7916910941747054, 0.7902183542654646, 0.8591988486447589, 0.8263793103448276, 0.6771901421118907, 0.79638619201726, 0.7739007274834222, 0.7813305585392052]
2022-12-16 02:58:54,447|INFO|nn.computeOptunaObjective|Trial 58 timings:|10.715444700000035
2022-12-16 02:58:54,447|INFO|nn.computeOptunaObjective|Trial 58 objective:|0.6077647906022976
2022-12-16 02:58:59,779|INFO|nn.computeOptunaObjective|Trial 59 params:|{'n_layers': 2, 'architecture': 'linear', 'lr': 0.0001, 'n_epochs': 100}
2022-12-16 02:58:59,779|INFO|nn.computeOptunaObjective|Trial 59 balacc:|[0.5, 0.5, 0.5, 0.5, 0.5, 0.5, 0.5040816326530613, 0.5018796992481203]
2022-12-16 02:58:59,779|INFO|nn.computeOptunaObjective|Trial 59 rocauc:|[0.6651388370729627, 0.6647297931106363, 0.712401055408971, 0.7049425287356322, 0.595880554056485, 0.636281912980942, 0.685018991823859, 0.6773160580021482]
2022-12-16 02:58:59,779|INFO|nn.computeOptunaObjective|Trial 59 timings:|5.328060199999982
2022-12-16 02:58:59,794|INFO|nn.computeOptunaObjective|Trial 59 objective:|0.5007451664876477
2022-12-16 02:59:10,647|INFO|nn.computeOptunaObjective|Trial 60 params:|{'n_layers': 2, 'architecture': 'linear', 'lr': 0.0001, 'n_epochs': 200}
2022-12-16 02:59:10,647|INFO|nn.computeOptunaObjective|Trial 60 balacc:|[0.531391568512498, 0.5419250612329981, 0.5515411369633005, 0.6256896551724138, 0.554236373448462, 0.5613538295577131, 0.591401103027962, 0.6309210526315789]
2022-12-16 02:59:10,647|INFO|nn.computeOptunaObjective|Trial 60 rocauc:|[0.7706923199914726, 0.7713012663505133, 0.844507076037419, 0.8188505747126437, 0.6708940456916712, 0.7607874865156418, 0.7630979205562352, 0.7718917830290011]
2022-12-16 02:59:10,647|INFO|nn.computeOptunaObjective|Trial 60 timings:|10.847474000000034
2022-12-16 02:59:10,647|INFO|nn.computeOptunaObjective|Trial 60 objective:|0.5735574725683659
2022-12-16 02:59:16,101|INFO|nn.computeOptunaObjective|Trial 61 params:|{'n_layers': 2, 'architecture': 'outer', 'lr': 0.001, 'n_epochs': 100}
2022-12-16 02:59:16,101|INFO|nn.computeOptunaObjective|Trial 61 balacc:|[0.6294302616852316, 0.6435327531398197, 0.659900455744783, 0.6699425287356322, 0.634826407627271, 0.656957928802589, 0.6551299384106954, 0.6800751879699248]
2022-12-16 02:59:16,101|INFO|nn.computeOptunaObjective|Trial 61 rocauc:|[0.8171667643766989, 0.805748084840273, 0.8587790837131207, 0.8317241379310344, 0.7283684115848174, 0.8282092772384035, 0.7984377347153373, 0.7929533655567491]
2022-12-16 02:59:16,101|INFO|nn.computeOptunaObjective|Trial 61 timings:|5.448475299999984
2022-12-16 02:59:16,101|INFO|nn.computeOptunaObjective|Trial 61 objective:|0.6537244327644933
2022-12-16 02:59:24,139|INFO|nn.computeOptunaObjective|Trial 62 params:|{'n_layers': 4, 'architecture': 'bottom', 'lr': 0.001, 'n_epochs': 150}
2022-12-16 02:59:24,139|INFO|nn.computeOptunaObjective|Trial 62 balacc:|[0.6945317912913713, 0.6870602949606546, 0.7188474454305589, 0.6713218390804598, 0.6201205252743299, 0.7231661272923409, 0.6699414150518251, 0.7117167919799499]
2022-12-16 02:59:24,139|INFO|nn.computeOptunaObjective|Trial 62 rocauc:|[0.8350477002611523, 0.7993642190838501, 0.8554209642600143, 0.8004885057471265, 0.7218024824608743, 0.8305465659834591, 0.805472220433915, 0.7890373254564985]
2022-12-16 02:59:24,139|INFO|nn.computeOptunaObjective|Trial 62 timings:|8.032341400000007
2022-12-16 02:59:24,139|INFO|nn.computeOptunaObjective|Trial 62 objective:|0.6870882787951864
2022-12-16 02:59:32,307|INFO|nn.computeOptunaObjective|Trial 63 params:|{'n_layers': 2, 'architecture': 'top', 'lr': 0.0001, 'n_epochs': 150}
2022-12-16 02:59:32,307|INFO|nn.computeOptunaObjective|Trial 63 balacc:|[0.5172413793103449, 0.5145135233727657, 0.5327716478771888, 0.5556896551724138, 0.5278827127181147, 0.5368122977346278, 0.5628919075516642, 0.6044172932330827]
2022-12-16 02:59:32,307|INFO|nn.computeOptunaObjective|Trial 63 rocauc:|[0.7735969727655493, 0.7694512481108968, 0.8440873111057807, 0.8120114942528736, 0.6659471127900701, 0.7530564545127651, 0.7582308633232473, 0.7695869137128535]
2022-12-16 02:59:32,307|INFO|nn.computeOptunaObjective|Trial 63 timings:|8.161817999999926
2022-12-16 02:59:32,307|INFO|nn.computeOptunaObjective|Trial 63 objective:|0.5440275521212753
2022-12-16 02:59:40,369|INFO|nn.computeOptunaObjective|Trial 64 params:|{'n_layers': 3, 'architecture': 'inner', 'lr': 0.0001, 'n_epochs': 150}
2022-12-16 02:59:40,369|INFO|nn.computeOptunaObjective|Trial 64 balacc:|[0.5400122581676704, 0.5137057689301162, 0.5528603981770208, 0.5585632183908046, 0.5410595430832883, 0.5368122977346278, 0.5700658812420868, 0.587625313283208]
2022-12-16 02:59:40,370|INFO|nn.computeOptunaObjective|Trial 64 rocauc:|[0.7947023397111337, 0.7845901297618426, 0.8586591508755097, 0.8245402298850574, 0.6652275589134736, 0.7796655879180151, 0.7615356552715723, 0.7722140171858218]
2022-12-16 02:59:40,370|INFO|nn.computeOptunaObjective|Trial 64 timings:|8.057789800000023
2022-12-16 02:59:40,370|INFO|nn.computeOptunaObjective|Trial 64 objective:|0.550088084876103
2022-12-16 02:59:45,727|INFO|nn.computeOptunaObjective|Trial 65 params:|{'n_layers': 3, 'architecture': 'outer', 'lr': 0.0001, 'n_epochs': 100}
2022-12-16 02:59:45,727|INFO|nn.computeOptunaObjective|Trial 65 balacc:|[0.5, 0.5, 0.5, 0.5, 0.5, 0.5, 0.5040816326530613, 0.5]
2022-12-16 02:59:45,727|INFO|nn.computeOptunaObjective|Trial 65 rocauc:|[0.7143580450887385, 0.7034238365730368, 0.7679299592228352, 0.740977011494253, 0.6237632667745997, 0.6599244875943906, 0.7020966115152685, 0.7006914607948442]
2022-12-16 02:59:45,727|INFO|nn.computeOptunaObjective|Trial 65 timings:|5.360537399999998
2022-12-16 02:59:45,727|INFO|nn.computeOptunaObjective|Trial 65 objective:|0.5005102040816327
2022-12-16 02:59:53,789|INFO|nn.computeOptunaObjective|Trial 66 params:|{'n_layers': 2, 'architecture': 'inner', 'lr': 0.001, 'n_epochs': 150}
2022-12-16 02:59:53,790|INFO|nn.computeOptunaObjective|Trial 66 balacc:|[0.6552923306507488, 0.6475584970556048, 0.6813084672583354, 0.6685057471264368, 0.6155333693110272, 0.6847357065803668, 0.6525633597287496, 0.6880012531328321]
2022-12-16 02:59:53,790|INFO|nn.computeOptunaObjective|Trial 66 rocauc:|[0.8187123594307947, 0.8092917817499609, 0.8599184456704245, 0.8318390804597702, 0.7345745637704624, 0.8375584322186264, 0.8035644541728364, 0.7980912101682778]
2022-12-16 02:59:53,790|INFO|nn.computeOptunaObjective|Trial 66 timings:|8.048194500000022
2022-12-16 02:59:53,790|INFO|nn.computeOptunaObjective|Trial 66 objective:|0.6616873413555127
2022-12-16 02:59:59,324|INFO|nn.computeOptunaObjective|Trial 67 params:|{'n_layers': 4, 'architecture': 'linear', 'lr': 0.0001, 'n_epochs': 100}
2022-12-16 02:59:59,324|INFO|nn.computeOptunaObjective|Trial 67 balacc:|[0.5, 0.5, 0.5, 0.5, 0.5, 0.5, 0.5, 0.5]
2022-12-16 02:59:59,324|INFO|nn.computeOptunaObjective|Trial 67 rocauc:|[0.7633374193892235, 0.7479285007035281, 0.8230390981050612, 0.7927011494252874, 0.6392336751214248, 0.7134124415677814, 0.725569218223567, 0.729876029359112]
2022-12-16 02:59:59,324|INFO|nn.computeOptunaObjective|Trial 67 timings:|5.543182399999978
2022-12-16 02:59:59,324|INFO|nn.computeOptunaObjective|Trial 67 objective:|0.5
2022-12-16 03:00:04,610|INFO|nn.computeOptunaObjective|Trial 68 params:|{'n_layers': 2, 'architecture': 'outer', 'lr': 0.0001, 'n_epochs': 100}
2022-12-16 03:00:04,610|INFO|nn.computeOptunaObjective|Trial 68 balacc:|[0.5, 0.5, 0.5, 0.5, 0.5, 0.5, 0.5040816326530613, 0.5037593984962406]
2022-12-16 03:00:04,610|INFO|nn.computeOptunaObjective|Trial 68 rocauc:|[0.6689495283270266, 0.6604825681379957, 0.7269728951787, 0.6973563218390806, 0.5910235653894585, 0.6298094210715569, 0.6905083800081547, 0.680999373433584]
2022-12-16 03:00:04,610|INFO|nn.computeOptunaObjective|Trial 68 timings:|5.275062700000035
2022-12-16 03:00:04,610|INFO|nn.computeOptunaObjective|Trial 68 objective:|0.5009801288936627
2022-12-16 03:00:12,720|INFO|nn.computeOptunaObjective|Trial 69 params:|{'n_layers': 4, 'architecture': 'inner', 'lr': 0.0001, 'n_epochs': 150}
2022-12-16 03:00:12,720|INFO|nn.computeOptunaObjective|Trial 69 balacc:|[0.5541624473698236, 0.5911199124498411, 0.5, 0.6056896551724138, 0.5, 0.5629719525350594, 0.5786926758084938, 0.6071115288220551]
2022-12-16 03:00:12,720|INFO|nn.computeOptunaObjective|Trial 69 rocauc:|[0.8058945797580344, 0.7961592579081767, 0.8630966658671143, 0.8317816091954023, 0.6701744918150746, 0.8001618122977346, 0.7731710980922337, 0.7816438417472251]
2022-12-16 03:00:12,720|INFO|nn.computeOptunaObjective|Trial 69 timings:|8.096521199999984
2022-12-16 03:00:12,720|INFO|nn.computeOptunaObjective|Trial 69 objective:|0.5624685215197109
2022-12-16 03:00:23,596|INFO|nn.computeOptunaObjective|Trial 70 params:|{'n_layers': 4, 'architecture': 'top', 'lr': 0.0001, 'n_epochs': 200}
2022-12-16 03:00:23,596|INFO|nn.computeOptunaObjective|Trial 70 balacc:|[0.6725337099610936, 0.6927145760592006, 0.7000779563444471, 0.6956321839080459, 0.6216495772620975, 0.688915857605178, 0.6403806948646966, 0.6979949874686716]
2022-12-16 03:00:23,596|INFO|nn.computeOptunaObjective|Trial 70 rocauc:|[0.8345946810211586, 0.817473552556152, 0.865735188294555, 0.828103448275862, 0.7142471667566109, 0.8442107155699388, 0.8158243739136033, 0.8090650733977801]
2022-12-16 03:00:23,596|INFO|nn.computeOptunaObjective|Trial 70 timings:|10.869627400000013
2022-12-16 03:00:23,596|INFO|nn.computeOptunaObjective|Trial 70 objective:|0.6762374429341789
2022-12-16 03:00:28,642|INFO|nn.computeOptunaObjective|Trial 71 params:|{'n_layers': 2, 'architecture': 'inner', 'lr': 0.0001, 'n_epochs': 100}
2022-12-16 03:00:28,642|INFO|nn.computeOptunaObjective|Trial 71 balacc:|[0.5, 0.5, 0.5, 0.5, 0.5, 0.5, 0.5020408163265306, 0.5018796992481203]
2022-12-16 03:00:28,642|INFO|nn.computeOptunaObjective|Trial 71 rocauc:|[0.6618078132494803, 0.6671791130335087, 0.7212760853921805, 0.7016666666666667, 0.6021766504767044, 0.6395181589356347, 0.6796841133929914, 0.6792673648406731]
2022-12-16 03:00:28,642|INFO|nn.computeOptunaObjective|Trial 71 timings:|5.039341899999954
2022-12-16 03:00:28,643|INFO|nn.computeOptunaObjective|Trial 71 objective:|0.5004900644468313
2022-12-16 03:00:33,772|INFO|nn.computeOptunaObjective|Trial 72 params:|{'n_layers': 2, 'architecture': 'top', 'lr': 0.0001, 'n_epochs': 100}
2022-12-16 03:00:33,772|INFO|nn.computeOptunaObjective|Trial 72 balacc:|[0.5, 0.5, 0.5, 0.5, 0.5, 0.5, 0.5061224489795918, 0.5100877192982456]
2022-12-16 03:00:33,772|INFO|nn.computeOptunaObjective|Trial 72 rocauc:|[0.7323189255449555, 0.719969774349888, 0.7912568961381626, 0.7670114942528736, 0.6265515380464113, 0.6756562387630349, 0.718470353441061, 0.72562432867884]
2022-12-16 03:00:33,772|INFO|nn.computeOptunaObjective|Trial 72 timings:|5.124005099999977
2022-12-16 03:00:33,772|INFO|nn.computeOptunaObjective|Trial 72 objective:|0.5020262710347296
2022-12-16 03:00:44,470|INFO|nn.computeOptunaObjective|Trial 73 params:|{'n_layers': 4, 'architecture': 'inner', 'lr': 0.0001, 'n_epochs': 200}
2022-12-16 03:00:44,471|INFO|nn.computeOptunaObjective|Trial 73 balacc:|[0.6623674252518255, 0.6653030381989682, 0.7013972175581674, 0.6970689655172414, 0.6084727468969239, 0.6210895361380798, 0.6438743320672118, 0.6833333333333333]
2022-12-16 03:00:44,471|INFO|nn.computeOptunaObjective|Trial 73 rocauc:|[0.8264936310824496, 0.809448121319506, 0.8651355241065004, 0.8181609195402298, 0.7093901780895845, 0.8309061488673138, 0.8055752269362003, 0.793468045112782]
2022-12-16 03:00:44,471|INFO|nn.computeOptunaObjective|Trial 73 timings:|10.692371699999967
2022-12-16 03:00:44,471|INFO|nn.computeOptunaObjective|Trial 73 objective:|0.6603633243702189
2022-12-16 03:00:49,764|INFO|nn.computeOptunaObjective|Trial 74 params:|{'n_layers': 3, 'architecture': 'linear', 'lr': 0.001, 'n_epochs': 100}
2022-12-16 03:00:49,764|INFO|nn.computeOptunaObjective|Trial 74 balacc:|[0.6874566966902947, 0.6862655688154672, 0.7000779563444471, 0.7056321839080459, 0.6054146429213887, 0.7060409924487594, 0.6602630957745874, 0.700657894736842]
2022-12-16 03:00:49,764|INFO|nn.computeOptunaObjective|Trial 74 rocauc:|[0.8447209934445451, 0.8134868935327532, 0.8583593187814824, 0.8217816091954023, 0.7269293038316244, 0.8430420711974109, 0.8154853108435804, 0.8054667919799499]
2022-12-16 03:00:49,764|INFO|nn.computeOptunaObjective|Trial 74 timings:|5.287938899999972
2022-12-16 03:00:49,764|INFO|nn.computeOptunaObjective|Trial 74 objective:|0.6814761289549791
2022-12-16 03:01:00,118|INFO|nn.computeOptunaObjective|Trial 75 params:|{'n_layers': 3, 'architecture': 'bottom', 'lr': 0.001, 'n_epochs': 200}
2022-12-16 03:01:00,118|INFO|nn.computeOptunaObjective|Trial 75 balacc:|[0.6623674252518255, 0.6765855438011361, 0.6913528424082513, 0.7041954022988506, 0.6302392516639683, 0.7215480043149947, 0.6638189660722333, 0.693922305764411]
2022-12-16 03:01:00,118|INFO|nn.computeOptunaObjective|Trial 75 rocauc:|[0.8215770399189894, 0.8044582833915265, 0.8504437514991604, 0.8144827586206896, 0.7282784673502428, 0.835131247752607, 0.8004570913538916, 0.790874507697816]
2022-12-16 03:01:00,118|INFO|nn.computeOptunaObjective|Trial 75 timings:|10.359675299999935
2022-12-16 03:01:00,118|INFO|nn.computeOptunaObjective|Trial 75 objective:|0.6805037176969588
2022-12-16 03:01:05,254|INFO|nn.computeOptunaObjective|Trial 76 params:|{'n_layers': 2, 'architecture': 'bottom', 'lr': 0.0001, 'n_epochs': 100}
2022-12-16 03:01:05,254|INFO|nn.computeOptunaObjective|Trial 76 balacc:|[0.5, 0.5, 0.5, 0.5, 0.5, 0.5, 0.5, 0.5]
2022-12-16 03:01:05,254|INFO|nn.computeOptunaObjective|Trial 76 rocauc:|[0.5711240206789959, 0.5922403460315806, 0.6055408970976253, 0.6055172413793103, 0.5517179348803742, 0.5953793599424667, 0.6099315435953561, 0.6073241138560688]
2022-12-16 03:01:05,254|INFO|nn.computeOptunaObjective|Trial 76 timings:|5.11619619999999
2022-12-16 03:01:05,254|INFO|nn.computeOptunaObjective|Trial 76 objective:|0.5
2022-12-16 03:01:10,672|INFO|nn.computeOptunaObjective|Trial 77 params:|{'n_layers': 4, 'architecture': 'outer', 'lr': 0.0001, 'n_epochs': 100}
2022-12-16 03:01:10,672|INFO|nn.computeOptunaObjective|Trial 77 balacc:|[0.5, 0.5, 0.5, 0.5, 0.5, 0.5, 0.5, 0.5]
2022-12-16 03:01:10,672|INFO|nn.computeOptunaObjective|Trial 77 rocauc:|[0.7516122155305653, 0.7343009015581844, 0.8103262173183018, 0.7735057471264368, 0.6336571325778018, 0.6877022653721683, 0.7153200712461639, 0.7138046007876836]
2022-12-16 03:01:10,672|INFO|nn.computeOptunaObjective|Trial 77 timings:|5.4131609999999455
2022-12-16 03:01:10,672|INFO|nn.computeOptunaObjective|Trial 77 objective:|0.5
2022-12-16 03:01:20,963|INFO|nn.computeOptunaObjective|Trial 78 params:|{'n_layers': 2, 'architecture': 'linear', 'lr': 0.001, 'n_epochs': 200}
2022-12-16 03:01:20,963|INFO|nn.computeOptunaObjective|Trial 78 balacc:|[0.666231412887065, 0.6653030381989682, 0.6485368193811466, 0.6899425287356322, 0.631768303651736, 0.6676105717367853, 0.65658275928668, 0.6786967418546366]
2022-12-16 03:01:20,963|INFO|nn.computeOptunaObjective|Trial 78 rocauc:|[0.8212705857272292, 0.8050966699671687, 0.8581794195250659, 0.8293103448275863, 0.7257600287821551, 0.8365695792880259, 0.7973325607845663, 0.7956185105621196]
2022-12-16 03:01:20,963|INFO|nn.computeOptunaObjective|Trial 78 timings:|10.283651500000019
2022-12-16 03:01:20,963|INFO|nn.computeOptunaObjective|Trial 78 objective:|0.6630840219665812
2022-12-16 03:01:29,024|INFO|nn.computeOptunaObjective|Trial 79 params:|{'n_layers': 3, 'architecture': 'top', 'lr': 0.0001, 'n_epochs': 150}
2022-12-16 03:01:29,024|INFO|nn.computeOptunaObjective|Trial 79 balacc:|[0.5620103394979481, 0.5911199124498411, 0.5943571599904054, 0.6242528735632185, 0.5968249685195179, 0.6014023732470335, 0.6097062168716066, 0.6309210526315789]
2022-12-16 03:01:29,024|INFO|nn.computeOptunaObjective|Trial 79 rocauc:|[0.8095986782497469, 0.8003804262858929, 0.8663948189014152, 0.835977011494253, 0.6786292498650837, 0.8140057533261417, 0.7835876306358507, 0.7892297708557108]
2022-12-16 03:01:29,024|INFO|nn.computeOptunaObjective|Trial 79 timings:|8.063287800000012
2022-12-16 03:01:29,024|INFO|nn.computeOptunaObjective|Trial 79 objective:|0.6013243620963937
2022-12-16 03:01:39,560|INFO|nn.computeOptunaObjective|Trial 80 params:|{'n_layers': 3, 'architecture': 'outer', 'lr': 0.001, 'n_epochs': 200}
2022-12-16 03:01:39,560|INFO|nn.computeOptunaObjective|Trial 80 balacc:|[0.6615946277247775, 0.6604565115430716, 0.7000779563444471, 0.6856321839080459, 0.6038855909336212, 0.6953883495145631, 0.6663855447541793, 0.6920426065162907]
2022-12-16 03:01:39,560|INFO|nn.computeOptunaObjective|Trial 80 rocauc:|[0.8332356233011778, 0.8007061337224451, 0.8525425761573519, 0.8335632183908045, 0.7365533369311028, 0.8435364976627112, 0.8100109444408679, 0.7995032223415682]
2022-12-16 03:01:39,560|INFO|nn.computeOptunaObjective|Trial 80 timings:|10.528139900000042
2022-12-16 03:01:39,560|INFO|nn.computeOptunaObjective|Trial 80 objective:|0.6706829214048746
2022-12-16 03:01:47,729|INFO|nn.computeOptunaObjective|Trial 81 params:|{'n_layers': 4, 'architecture': 'outer', 'lr': 0.0001, 'n_epochs': 150}
2022-12-16 03:01:47,729|INFO|nn.computeOptunaObjective|Trial 81 balacc:|[0.5, 0.5516050862473292, 0.5742684096905732, 0.5685632183908046, 0.5704713077891707, 0.5122707659115426, 0.5447734929934119, 0.5661654135338346]
2022-12-16 03:01:47,729|INFO|nn.computeOptunaObjective|Trial 81 rocauc:|[0.7937163566593828, 0.7853978842044922, 0.8605780762772848, 0.8245977011494252, 0.6688253282964561, 0.7812837108953614, 0.7592351767205305, 0.7687410490511993]
2022-12-16 03:01:47,729|INFO|nn.computeOptunaObjective|Trial 81 timings:|8.154344599999945
2022-12-16 03:01:47,729|INFO|nn.computeOptunaObjective|Trial 81 objective:|0.5485147118195833
2022-12-16 03:01:57,766|INFO|nn.computeOptunaObjective|Trial 82 params:|{'n_layers': 2, 'architecture': 'bottom', 'lr': 0.0001, 'n_epochs': 200}
2022-12-16 03:01:57,766|INFO|nn.computeOptunaObjective|Trial 82 balacc:|[0.5243164739114214, 0.520962530616499, 0.5340909090909091, 0.56, 0.5278827127181147, 0.5245415318230852, 0.5547286422455417, 0.5778195488721805]
2022-12-16 03:01:57,766|INFO|nn.computeOptunaObjective|Trial 82 rocauc:|[0.7466823002718116, 0.7408671634790766, 0.8122451427200768, 0.7783908045977012, 0.6518258679618636, 0.6989392304926285, 0.736612373656087, 0.7425102935911206]
2022-12-16 03:01:57,766|INFO|nn.computeOptunaObjective|Trial 82 timings:|10.04170089999991
2022-12-16 03:01:57,766|INFO|nn.computeOptunaObjective|Trial 82 objective:|0.540542793659719
2022-12-16 03:02:05,739|INFO|nn.computeOptunaObjective|Trial 83 params:|{'n_layers': 4, 'architecture': 'inner', 'lr': 0.001, 'n_epochs': 150}
2022-12-16 03:02:05,739|INFO|nn.computeOptunaObjective|Trial 83 balacc:|[0.665458615360017, 0.6846500599301684, 0.679989206044615, 0.6870114942528736, 0.6480032379924447, 0.7060409924487594, 0.6439987982574733, 0.6976503759398496]
2022-12-16 03:02:05,739|INFO|nn.computeOptunaObjective|Trial 83 rocauc:|[0.8373394446517082, 0.8043019438219814, 0.8432777644519069, 0.8256609195402299, 0.7076812376326678, 0.8542790363178712, 0.8111461619348054, 0.7975899570354459]
2022-12-16 03:02:05,739|INFO|nn.computeOptunaObjective|Trial 83 timings:|7.969433199999912
2022-12-16 03:02:05,739|INFO|nn.computeOptunaObjective|Trial 83 objective:|0.6766003475282751
2022-12-16 03:02:10,969|INFO|nn.computeOptunaObjective|Trial 84 params:|{'n_layers': 3, 'architecture': 'bottom', 'lr': 0.0001, 'n_epochs': 100}
2022-12-16 03:02:10,969|INFO|nn.computeOptunaObjective|Trial 84 balacc:|[0.5, 0.5, 0.5, 0.5, 0.5, 0.5, 0.5, 0.5]
2022-12-16 03:02:10,969|INFO|nn.computeOptunaObjective|Trial 84 rocauc:|[0.5847945424505676, 0.5960446088905101, 0.6293475653633965, 0.6086781609195402, 0.5592732505846376, 0.5985257101761956, 0.6213051782227087, 0.6015238990332975]
2022-12-16 03:02:10,969|INFO|nn.computeOptunaObjective|Trial 84 timings:|5.209814599999959
2022-12-16 03:02:10,969|INFO|nn.computeOptunaObjective|Trial 84 objective:|0.5
2022-12-16 03:02:16,325|INFO|nn.computeOptunaObjective|Trial 85 params:|{'n_layers': 4, 'architecture': 'linear', 'lr': 0.001, 'n_epochs': 100}
2022-12-16 03:02:16,325|INFO|nn.computeOptunaObjective|Trial 85 balacc:|[0.6960773863454671, 0.7015868466308823, 0.7114415927080835, 0.6856321839080459, 0.634826407627271, 0.7060409924487594, 0.6602008626794567, 0.6982769423558897]
2022-12-16 03:02:16,325|INFO|nn.computeOptunaObjective|Trial 85 rocauc:|[0.8362601929328999, 0.8123404033560895, 0.8539817702086832, 0.8182758620689655, 0.7096600107933082, 0.8426824883135563, 0.8079486684263611, 0.803390171858217]
2022-12-16 03:02:16,325|INFO|nn.computeOptunaObjective|Trial 85 timings:|5.355327999999986
2022-12-16 03:02:16,325|INFO|nn.computeOptunaObjective|Trial 85 objective:|0.686760401837982
2022-12-16 03:02:24,188|INFO|nn.computeOptunaObjective|Trial 86 params:|{'n_layers': 3, 'architecture': 'linear', 'lr': 0.001, 'n_epochs': 150}
2022-12-16 03:02:24,188|INFO|nn.computeOptunaObjective|Trial 86 balacc:|[0.6772904119810265, 0.6701365365574027, 0.6913528424082513, 0.725632183908046, 0.6201205252743299, 0.7076591154261057, 0.664870490783064, 0.6953007518796992]
2022-12-16 03:02:24,188|INFO|nn.computeOptunaObjective|Trial 86 rocauc:|[0.8397377818046156, 0.8067121788524676, 0.8542816023027104, 0.8370977011494253, 0.7576002878215506, 0.8451995685005393, 0.8148565419858795, 0.8039317042606517]
2022-12-16 03:02:24,188|INFO|nn.computeOptunaObjective|Trial 86 timings:|7.8637010999999575
2022-12-16 03:02:24,188|INFO|nn.computeOptunaObjective|Trial 86 objective:|0.6815453572772407
2022-12-16 03:02:29,664|INFO|nn.computeOptunaObjective|Trial 87 params:|{'n_layers': 4, 'architecture': 'inner', 'lr': 0.0001, 'n_epochs': 100}
2022-12-16 03:02:29,664|INFO|nn.computeOptunaObjective|Trial 87 balacc:|[0.5, 0.5, 0.5, 0.5, 0.5, 0.5, 0.5, 0.5]
2022-12-16 03:02:29,664|INFO|nn.computeOptunaObjective|Trial 87 rocauc:|[0.767601129883281, 0.7513679712335193, 0.825197889182058, 0.7929885057471264, 0.6391437308868502, 0.7145810859403093, 0.7302216785767934, 0.7312141962047978]
2022-12-16 03:02:29,664|INFO|nn.computeOptunaObjective|Trial 87 timings:|5.45553039999993
2022-12-16 03:02:29,664|INFO|nn.computeOptunaObjective|Trial 87 objective:|0.5
2022-12-16 03:02:39,899|INFO|nn.computeOptunaObjective|Trial 88 params:|{'n_layers': 4, 'architecture': 'bottom', 'lr': 0.0001, 'n_epochs': 200}
2022-12-16 03:02:39,899|INFO|nn.computeOptunaObjective|Trial 88 balacc:|[0.5815701113894367, 0.5419250612329981, 0.5, 0.5656896551724138, 0.5, 0.5, 0.5477413678405116, 0.5706140350877192]
2022-12-16 03:02:39,899|INFO|nn.computeOptunaObjective|Trial 88 rocauc:|[0.769866226083249, 0.7661420605555266, 0.8429479491484769, 0.8039080459770115, 0.6610901241230437, 0.7392125134843581, 0.74195154402455, 0.7425147690655209]
2022-12-16 03:02:39,899|INFO|nn.computeOptunaObjective|Trial 88 timings:|10.22900889999994
2022-12-16 03:02:39,900|INFO|nn.computeOptunaObjective|Trial 88 objective:|0.5384425288403849
2022-12-16 03:02:47,996|INFO|nn.computeOptunaObjective|Trial 89 params:|{'n_layers': 4, 'architecture': 'outer', 'lr': 0.001, 'n_epochs': 150}
2022-12-16 03:02:47,996|INFO|nn.computeOptunaObjective|Trial 89 balacc:|[0.6890022917443905, 0.6927145760592006, 0.7114415927080835, 0.7113218390804598, 0.5907087605684476, 0.6953883495145631, 0.6515740681130496, 0.705576441102757]
2022-12-16 03:02:47,996|INFO|nn.computeOptunaObjective|Trial 89 rocauc:|[0.8462665884986409, 0.8089530460159466, 0.862676900935476, 0.8258620689655172, 0.7142021946393236, 0.8445253505933117, 0.811543166162364, 0.798845327604726]
2022-12-16 03:02:47,996|INFO|nn.computeOptunaObjective|Trial 89 timings:|8.102735300000063
2022-12-16 03:02:47,996|INFO|nn.computeOptunaObjective|Trial 89 objective:|0.6809659898613689
2022-12-16 03:02:48,014|INFO|mtg.runMTGExperiment|Best trial number:|54
2022-12-16 03:02:48,014|INFO|mtg.runMTGExperiment|Best trial objective:|0.6883913487374624
2022-12-16 03:02:48,014|INFO|mtg.runMTGExperiment|Best trial params:|{'n_layers': 3, 'architecture': 'inner', 'lr': 0.001, 'n_epochs': 100}
2022-12-16 03:02:48,057|INFO|nn.loadModellingDataset|Trainval descriptors loaded (features, instances):|1024|6736
2022-12-16 03:02:48,057|INFO|nn.loadModellingDataset|Trainval endpoints loaded (tasks, instances):|8|6736
2022-12-16 03:02:48,061|INFO|nn.loadModellingDataset|Test descriptors loaded (features, instances):|1024|1480
2022-12-16 03:02:48,061|INFO|nn.loadModellingDataset|Test endpoints loaded (tasks, instances):|8|1480
2022-12-16 03:02:48,061|INFO|mtg.runMTGExperiment|Final neural network hyperparams:|{'n_layers': 3, 'architecture': 'inner', 'lr': 0.001, 'n_epochs': 100, 'best_trial_num': 54}
2022-12-16 03:02:54,137|INFO|nn.testFinalModel|Final model test balacc:|[0.7570085613563875, 0.7498785425101215, 0.8037925696594428, 0.9070143884892086, 0.8423370522607163, 0.8410138248847927, 0.8397153598281418, 0.8103380503144654]
2022-12-16 03:02:54,137|INFO|nn.testFinalModel|Final model test rocauc:|[0.9479603827429914, 0.9651821862348178, 0.94156346749226, 0.9877697841726618, 0.9776864357017029, 0.9400921658986174, 0.9326799140708915, 0.9496293800539083]
2022-12-16 03:02:54,156|INFO|mtg.runMTGExperiment|Mechanistic task grouping experiment timing:|721.9659583
2022-12-16 03:02:54,156|INFO|mtg.runMTGExperiment|DONE
