2022-12-16 03:28:33,583|INFO|__main__.startLogging|>>>> START LOGGING A GMTAMES EXPERIMENT
2022-12-16 03:28:33,583|INFO|__main__.startLogging|mode:|mtg
2022-12-16 03:28:33,583|INFO|__main__.startLogging|tasks:|TA100,TA102,TA104,TA1535
2022-12-16 03:28:33,583|INFO|__main__.startLogging|output:|mtg_experiment
2022-12-16 03:28:33,583|INFO|__main__.startLogging|device:|titanv
2022-12-16 03:28:33,584|INFO|__main__.startLogging|DONE
2022-12-16 03:28:33,584|INFO|mtg.runMTGExperiment|>>>> RUNNING MECHANISTIC TASK GROUPING EXPERIMENT
2022-12-16 03:28:33,584|INFO|data.generateModellingDatasets|>>>> GENERATING MODELLING DATASETS
2022-12-16 03:28:33,586|INFO|data.generateModellingDatasets|Task list parsed:|['TA100', 'TA102', 'TA104', 'TA1535']
2022-12-16 03:28:35,142|INFO|data.generateModellingDatasets|Modelling train dataset generated: (rows, columns)|5470|1029
2022-12-16 03:28:35,198|INFO|data.generateModellingDatasets|Modelling val dataset generated: (rows, columns)|1805|1029
2022-12-16 03:28:35,362|INFO|data.generateModellingDatasets|Modelling trainval dataset generated: (rows, columns)|6567|1029
2022-12-16 03:28:35,390|INFO|data.generateModellingDatasets|Modelling test dataset generated: (rows, columns)|857|1029
2022-12-16 03:28:35,390|INFO|data.generateModellingDatasets|Modelling datasets generation timing:|1.8041650999999996
2022-12-16 03:28:35,390|INFO|data.generateModellingDatasets|DONE
2022-12-16 03:28:35,397|INFO|mtg.runMTGExperiment|Device confirmed:|cuda:0
2022-12-16 03:28:36,493|INFO|nn.loadModellingDataset|Train descriptors loaded (features, instances):|1024|5470
2022-12-16 03:28:36,493|INFO|nn.loadModellingDataset|Train endpoints loaded (tasks, instances):|4|5470
2022-12-16 03:28:36,494|INFO|nn.loadModellingDataset|Val descriptors loaded (features, instances):|1024|1805
2022-12-16 03:28:36,494|INFO|nn.loadModellingDataset|Val endpoints loaded (tasks, instances):|4|1805
2022-12-16 03:28:45,796|INFO|nn.computeOptunaObjective|Trial 0 params:|{'n_layers': 2, 'architecture': 'top', 'lr': 0.001, 'n_epochs': 200}
2022-12-16 03:28:45,796|INFO|nn.computeOptunaObjective|Trial 0 balacc:|[0.6606192305100734, 0.5793394777265745, 0.6712121212121213, 0.6273200824918219]
2022-12-16 03:28:45,796|INFO|nn.computeOptunaObjective|Trial 0 rocauc:|[0.7460278956943601, 0.7635176651305684, 0.7999999999999999, 0.7809522116341914]
2022-12-16 03:28:45,796|INFO|nn.computeOptunaObjective|Trial 0 timings:|9.290116900000001
2022-12-16 03:28:45,796|INFO|nn.computeOptunaObjective|Trial 0 objective:|0.6346227279851477
2022-12-16 03:28:50,555|INFO|nn.computeOptunaObjective|Trial 1 params:|{'n_layers': 4, 'architecture': 'top', 'lr': 0.001, 'n_epochs': 100}
2022-12-16 03:28:50,555|INFO|nn.computeOptunaObjective|Trial 1 balacc:|[0.6797992049053299, 0.6427035330261137, 0.725, 0.6090172095007822]
2022-12-16 03:28:50,555|INFO|nn.computeOptunaObjective|Trial 1 rocauc:|[0.755425847314871, 0.81036866359447, 0.8431818181818183, 0.7842412174655098]
2022-12-16 03:28:50,555|INFO|nn.computeOptunaObjective|Trial 1 timings:|4.757103399999998
2022-12-16 03:28:50,555|INFO|nn.computeOptunaObjective|Trial 1 objective:|0.6641299868580565
2022-12-16 03:28:54,951|INFO|nn.computeOptunaObjective|Trial 2 params:|{'n_layers': 3, 'architecture': 'outer', 'lr': 0.001, 'n_epochs': 100}
2022-12-16 03:28:54,951|INFO|nn.computeOptunaObjective|Trial 2 balacc:|[0.6531399501381309, 0.6195084485407065, 0.6401515151515151, 0.6456051770729626]
2022-12-16 03:28:54,951|INFO|nn.computeOptunaObjective|Trial 2 rocauc:|[0.7478724479482515, 0.7719662058371736, 0.7946969696969697, 0.7772898591949936]
2022-12-16 03:28:54,951|INFO|nn.computeOptunaObjective|Trial 2 timings:|4.408817599999999
2022-12-16 03:28:54,951|INFO|nn.computeOptunaObjective|Trial 2 objective:|0.6396012727258288
2022-12-16 03:28:59,286|INFO|nn.computeOptunaObjective|Trial 3 params:|{'n_layers': 4, 'architecture': 'bottom', 'lr': 0.0001, 'n_epochs': 100}
2022-12-16 03:28:59,286|INFO|nn.computeOptunaObjective|Trial 3 balacc:|[0.5, 0.5, 0.5, 0.5]
2022-12-16 03:28:59,286|INFO|nn.computeOptunaObjective|Trial 3 rocauc:|[0.6104827841789636, 0.6434715821812595, 0.5803030303030303, 0.6847532356706016]
2022-12-16 03:28:59,286|INFO|nn.computeOptunaObjective|Trial 3 timings:|4.326527799999997
2022-12-16 03:28:59,286|INFO|nn.computeOptunaObjective|Trial 3 objective:|0.5
2022-12-16 03:29:05,645|INFO|nn.computeOptunaObjective|Trial 4 params:|{'n_layers': 2, 'architecture': 'bottom', 'lr': 0.001, 'n_epochs': 150}
2022-12-16 03:29:05,645|INFO|nn.computeOptunaObjective|Trial 4 balacc:|[0.6486658580958156, 0.590937019969278, 0.725, 0.6378715687668894]
2022-12-16 03:29:05,645|INFO|nn.computeOptunaObjective|Trial 4 rocauc:|[0.7349942726231385, 0.7682027649769585, 0.7757575757575758, 0.7784276774285308]
2022-12-16 03:29:05,645|INFO|nn.computeOptunaObjective|Trial 4 timings:|6.351887899999998
2022-12-16 03:29:05,645|INFO|nn.computeOptunaObjective|Trial 4 objective:|0.6506186117079957
2022-12-16 03:29:14,485|INFO|nn.computeOptunaObjective|Trial 5 params:|{'n_layers': 3, 'architecture': 'outer', 'lr': 0.0001, 'n_epochs': 200}
2022-12-16 03:29:14,485|INFO|nn.computeOptunaObjective|Trial 5 balacc:|[0.6378209015564988, 0.6890937019969278, 0.6856060606060606, 0.5738515147205234]
2022-12-16 03:29:14,485|INFO|nn.computeOptunaObjective|Trial 5 rocauc:|[0.7334630415740179, 0.8049155145929339, 0.7886363636363637, 0.7738052908547859]
2022-12-16 03:29:14,485|INFO|nn.computeOptunaObjective|Trial 5 timings:|8.8358876
2022-12-16 03:29:14,485|INFO|nn.computeOptunaObjective|Trial 5 objective:|0.6465930447200027
2022-12-16 03:29:19,197|INFO|nn.computeOptunaObjective|Trial 6 params:|{'n_layers': 4, 'architecture': 'top', 'lr': 0.0001, 'n_epochs': 100}
2022-12-16 03:29:19,197|INFO|nn.computeOptunaObjective|Trial 6 balacc:|[0.5412000539047235, 0.6178187403993856, 0.6628787878787878, 0.5]
2022-12-16 03:29:19,197|INFO|nn.computeOptunaObjective|Trial 6 rocauc:|[0.724339667138333, 0.8007680491551459, 0.7803030303030304, 0.7567380173517281]
2022-12-16 03:29:19,197|INFO|nn.computeOptunaObjective|Trial 6 timings:|4.709198699999995
2022-12-16 03:29:19,197|INFO|nn.computeOptunaObjective|Trial 6 objective:|0.5804743955457242
2022-12-16 03:29:23,557|INFO|nn.computeOptunaObjective|Trial 7 params:|{'n_layers': 3, 'architecture': 'bottom', 'lr': 0.001, 'n_epochs': 100}
2022-12-16 03:29:23,557|INFO|nn.computeOptunaObjective|Trial 7 balacc:|[0.66320665723334, 0.6605222734254992, 0.6712121212121213, 0.6470185606599346]
2022-12-16 03:29:23,557|INFO|nn.computeOptunaObjective|Trial 7 rocauc:|[0.7455545448419919, 0.8011520737327189, 0.790909090909091, 0.7693962451998294]
2022-12-16 03:29:23,557|INFO|nn.computeOptunaObjective|Trial 7 timings:|4.358249499999999
2022-12-16 03:29:23,557|INFO|nn.computeOptunaObjective|Trial 7 objective:|0.6604899031327238
2022-12-16 03:29:27,991|INFO|nn.computeOptunaObjective|Trial 8 params:|{'n_layers': 3, 'architecture': 'linear', 'lr': 0.0001, 'n_epochs': 100}
2022-12-16 03:29:27,991|INFO|nn.computeOptunaObjective|Trial 8 balacc:|[0.5, 0.5374807987711213, 0.5371212121212121, 0.5]
2022-12-16 03:29:27,991|INFO|nn.computeOptunaObjective|Trial 8 rocauc:|[0.6715972643352873, 0.7726574500768048, 0.7431818181818182, 0.7373239937419998]
2022-12-16 03:29:27,991|INFO|nn.computeOptunaObjective|Trial 8 timings:|4.435711300000001
2022-12-16 03:29:27,991|INFO|nn.computeOptunaObjective|Trial 8 objective:|0.5186505027230833
2022-12-16 03:29:34,567|INFO|nn.computeOptunaObjective|Trial 9 params:|{'n_layers': 2, 'architecture': 'bottom', 'lr': 0.0001, 'n_epochs': 150}
2022-12-16 03:29:34,567|INFO|nn.computeOptunaObjective|Trial 9 balacc:|[0.5209015564988883, 0.5749615975422427, 0.6053030303030302, 0.5]
2022-12-16 03:29:34,567|INFO|nn.computeOptunaObjective|Trial 9 rocauc:|[0.6635957819553939, 0.7201228878648234, 0.6893939393939394, 0.7096963447589247]
2022-12-16 03:29:34,567|INFO|nn.computeOptunaObjective|Trial 9 timings:|6.574754200000001
2022-12-16 03:29:34,567|INFO|nn.computeOptunaObjective|Trial 9 objective:|0.5502915460860403
2022-12-16 03:29:43,485|INFO|nn.computeOptunaObjective|Trial 10 params:|{'n_layers': 2, 'architecture': 'bottom', 'lr': 0.001, 'n_epochs': 200}
2022-12-16 03:29:43,485|INFO|nn.computeOptunaObjective|Trial 10 balacc:|[0.6424701839498687, 0.5685867895545315, 0.6462121212121212, 0.62028872137676]
2022-12-16 03:29:43,500|INFO|nn.computeOptunaObjective|Trial 10 rocauc:|[0.7395037396401859, 0.705837173579109, 0.7500000000000001, 0.7725963589816527]
2022-12-16 03:29:43,500|INFO|nn.computeOptunaObjective|Trial 10 timings:|8.925939499999998
2022-12-16 03:29:43,500|INFO|nn.computeOptunaObjective|Trial 10 objective:|0.6193894540233204
2022-12-16 03:29:50,349|INFO|nn.computeOptunaObjective|Trial 11 params:|{'n_layers': 4, 'architecture': 'linear', 'lr': 0.001, 'n_epochs': 150}
2022-12-16 03:29:50,349|INFO|nn.computeOptunaObjective|Trial 11 balacc:|[0.6726601980998584, 0.675652841781874, 0.7166666666666667, 0.6308313184468781]
2022-12-16 03:29:50,349|INFO|nn.computeOptunaObjective|Trial 11 rocauc:|[0.7571541675089279, 0.8080645161290323, 0.8242424242424243, 0.7752008960318588]
2022-12-16 03:29:50,349|INFO|nn.computeOptunaObjective|Trial 11 timings:|6.846885999999998
2022-12-16 03:29:50,349|INFO|nn.computeOptunaObjective|Trial 11 objective:|0.6739527562488192
2022-12-16 03:29:58,979|INFO|nn.computeOptunaObjective|Trial 12 params:|{'n_layers': 2, 'architecture': 'outer', 'lr': 0.001, 'n_epochs': 200}
2022-12-16 03:29:58,979|INFO|nn.computeOptunaObjective|Trial 12 balacc:|[0.6532174381780204, 0.5766513056835637, 0.6878787878787879, 0.6076304935286587]
2022-12-16 03:29:58,979|INFO|nn.computeOptunaObjective|Trial 12 rocauc:|[0.7467994070480426, 0.7366359447004608, 0.7765151515151516, 0.7753697909258996]
2022-12-16 03:29:58,979|INFO|nn.computeOptunaObjective|Trial 12 timings:|8.627911999999995
2022-12-16 03:29:58,979|INFO|nn.computeOptunaObjective|Trial 12 objective:|0.6313445063172577
2022-12-16 03:30:07,633|INFO|nn.computeOptunaObjective|Trial 13 params:|{'n_layers': 2, 'architecture': 'inner', 'lr': 0.001, 'n_epochs': 200}
2022-12-16 03:30:07,633|INFO|nn.computeOptunaObjective|Trial 13 balacc:|[0.6557172697257597, 0.5855606758832566, 0.6568181818181817, 0.6273200824918219]
2022-12-16 03:30:07,633|INFO|nn.computeOptunaObjective|Trial 13 rocauc:|[0.7442625160029648, 0.7632872503840246, 0.7856060606060606, 0.7813788934717678]
2022-12-16 03:30:07,633|INFO|nn.computeOptunaObjective|Trial 13 timings:|8.6601091
2022-12-16 03:30:07,633|INFO|nn.computeOptunaObjective|Trial 13 objective:|0.631354052479755
2022-12-16 03:30:16,504|INFO|nn.computeOptunaObjective|Trial 14 params:|{'n_layers': 3, 'architecture': 'linear', 'lr': 0.0001, 'n_epochs': 200}
2022-12-16 03:30:16,504|INFO|nn.computeOptunaObjective|Trial 14 balacc:|[0.6535577117444916, 0.640015360983103, 0.6856060606060606, 0.6005813540036979]
2022-12-16 03:30:16,504|INFO|nn.computeOptunaObjective|Trial 14 rocauc:|[0.7405144532039619, 0.7967741935483871, 0.7833333333333334, 0.7759564784525673]
2022-12-16 03:30:16,504|INFO|nn.computeOptunaObjective|Trial 14 timings:|8.873420599999989
2022-12-16 03:30:16,504|INFO|nn.computeOptunaObjective|Trial 14 objective:|0.6449401218343382
2022-12-16 03:30:23,230|INFO|nn.computeOptunaObjective|Trial 15 params:|{'n_layers': 3, 'architecture': 'outer', 'lr': 0.0001, 'n_epochs': 150}
2022-12-16 03:30:23,230|INFO|nn.computeOptunaObjective|Trial 15 balacc:|[0.6016002964759787, 0.650768049155146, 0.7227272727272727, 0.5]
2022-12-16 03:30:23,230|INFO|nn.computeOptunaObjective|Trial 15 rocauc:|[0.7110791051815915, 0.7938556067588325, 0.7886363636363636, 0.768062864457403]
2022-12-16 03:30:23,230|INFO|nn.computeOptunaObjective|Trial 15 timings:|6.709116899999998
2022-12-16 03:30:23,230|INFO|nn.computeOptunaObjective|Trial 15 objective:|0.6187739045895994
2022-12-16 03:30:30,167|INFO|nn.computeOptunaObjective|Trial 16 params:|{'n_layers': 2, 'architecture': 'inner', 'lr': 0.0001, 'n_epochs': 150}
2022-12-16 03:30:30,167|INFO|nn.computeOptunaObjective|Trial 16 balacc:|[0.5705343305707162, 0.6070660522273426, 0.6484848484848484, 0.5]
2022-12-16 03:30:30,167|INFO|nn.computeOptunaObjective|Trial 16 rocauc:|[0.6997321609055994, 0.7605222734254993, 0.743939393939394, 0.7551379604608164]
2022-12-16 03:30:30,167|INFO|nn.computeOptunaObjective|Trial 16 timings:|6.934313799999998
2022-12-16 03:30:30,167|INFO|nn.computeOptunaObjective|Trial 16 objective:|0.5815213078207269
2022-12-16 03:30:37,345|INFO|nn.computeOptunaObjective|Trial 17 params:|{'n_layers': 2, 'architecture': 'linear', 'lr': 0.001, 'n_epochs': 150}
2022-12-16 03:30:37,345|INFO|nn.computeOptunaObjective|Trial 17 balacc:|[0.6471969543831279, 0.5685867895545315, 0.7022727272727273, 0.6266178353008107]
2022-12-16 03:30:37,345|INFO|nn.computeOptunaObjective|Trial 17 rocauc:|[0.742030523549626, 0.7467741935483871, 0.787878787878788, 0.7762409330109515]
2022-12-16 03:30:37,345|INFO|nn.computeOptunaObjective|Trial 17 timings:|7.175410600000006
2022-12-16 03:30:37,345|INFO|nn.computeOptunaObjective|Trial 17 objective:|0.6361685766277994
2022-12-16 03:30:46,758|INFO|nn.computeOptunaObjective|Trial 18 params:|{'n_layers': 4, 'architecture': 'linear', 'lr': 0.001, 'n_epochs': 200}
2022-12-16 03:30:46,758|INFO|nn.computeOptunaObjective|Trial 18 balacc:|[0.6753453271342902, 0.7033794162826421, 0.6462121212121212, 0.6413828047219456]
2022-12-16 03:30:46,758|INFO|nn.computeOptunaObjective|Trial 18 rocauc:|[0.7467353951890034, 0.818663594470046, 0.815530303030303, 0.7692806855354857]
2022-12-16 03:30:46,758|INFO|nn.computeOptunaObjective|Trial 18 timings:|9.414059800000004
2022-12-16 03:30:46,758|INFO|nn.computeOptunaObjective|Trial 18 objective:|0.6665799173377498
2022-12-16 03:30:51,523|INFO|nn.computeOptunaObjective|Trial 19 params:|{'n_layers': 3, 'architecture': 'top', 'lr': 0.001, 'n_epochs': 100}
2022-12-16 03:30:51,524|INFO|nn.computeOptunaObjective|Trial 19 balacc:|[0.6733407452328011, 0.6774961597542243, 0.7022727272727273, 0.63786267956194]
2022-12-16 03:30:51,524|INFO|nn.computeOptunaObjective|Trial 19 rocauc:|[0.7561569301260023, 0.7898617511520737, 0.7992424242424243, 0.7922237235101692]
2022-12-16 03:30:51,524|INFO|nn.computeOptunaObjective|Trial 19 timings:|4.759339699999998
2022-12-16 03:30:51,524|INFO|nn.computeOptunaObjective|Trial 19 objective:|0.6727430779554231
2022-12-16 03:31:00,923|INFO|nn.computeOptunaObjective|Trial 20 params:|{'n_layers': 3, 'architecture': 'top', 'lr': 0.0001, 'n_epochs': 200}
2022-12-16 03:31:00,923|INFO|nn.computeOptunaObjective|Trial 20 balacc:|[0.6643049659726433, 0.6596774193548387, 0.6712121212121213, 0.6181642013938273]
2022-12-16 03:31:00,923|INFO|nn.computeOptunaObjective|Trial 20 rocauc:|[0.7575988814769894, 0.8208909370199693, 0.8424242424242424, 0.7869257573602617]
2022-12-16 03:31:00,923|INFO|nn.computeOptunaObjective|Trial 20 timings:|9.397048299999994
2022-12-16 03:31:00,923|INFO|nn.computeOptunaObjective|Trial 20 objective:|0.6533396769833577
2022-12-16 03:31:07,734|INFO|nn.computeOptunaObjective|Trial 21 params:|{'n_layers': 3, 'architecture': 'outer', 'lr': 0.001, 'n_epochs': 150}
2022-12-16 03:31:07,734|INFO|nn.computeOptunaObjective|Trial 21 balacc:|[0.6692170338925949, 0.6766513056835637, 0.6712121212121213, 0.6378715687668894]
2022-12-16 03:31:07,734|INFO|nn.computeOptunaObjective|Trial 21 rocauc:|[0.7506182197965097, 0.8161290322580645, 0.7878787878787878, 0.7818055753093442]
2022-12-16 03:31:07,734|INFO|nn.computeOptunaObjective|Trial 21 timings:|6.814567100000005
2022-12-16 03:31:07,734|INFO|nn.computeOptunaObjective|Trial 21 objective:|0.6637380073887924
2022-12-16 03:31:12,344|INFO|nn.computeOptunaObjective|Trial 22 params:|{'n_layers': 4, 'architecture': 'inner', 'lr': 0.001, 'n_epochs': 100}
2022-12-16 03:31:12,344|INFO|nn.computeOptunaObjective|Trial 22 balacc:|[0.6644026682838083, 0.6953149001536099, 0.7022727272727273, 0.6456051770729626]
2022-12-16 03:31:12,344|INFO|nn.computeOptunaObjective|Trial 22 rocauc:|[0.755156323697864, 0.8378648233486943, 0.828030303030303, 0.7765253875693358]
2022-12-16 03:31:12,344|INFO|nn.computeOptunaObjective|Trial 22 timings:|4.600106000000011
2022-12-16 03:31:12,345|INFO|nn.computeOptunaObjective|Trial 22 objective:|0.676898868195777
2022-12-16 03:31:19,504|INFO|nn.computeOptunaObjective|Trial 23 params:|{'n_layers': 4, 'architecture': 'top', 'lr': 0.001, 'n_epochs': 150}
2022-12-16 03:31:19,504|INFO|nn.computeOptunaObjective|Trial 23 balacc:|[0.6754127080385419, 0.7220430107526882, 0.7166666666666667, 0.6012924903996587]
2022-12-16 03:31:19,504|INFO|nn.computeOptunaObjective|Trial 23 rocauc:|[0.7514318442153494, 0.8078341013824885, 0.8178030303030304, 0.7783476745839851]
2022-12-16 03:31:19,504|INFO|nn.computeOptunaObjective|Trial 23 timings:|7.157550299999997
2022-12-16 03:31:19,504|INFO|nn.computeOptunaObjective|Trial 23 objective:|0.6788537189643888
2022-12-16 03:31:28,112|INFO|nn.computeOptunaObjective|Trial 24 params:|{'n_layers': 2, 'architecture': 'inner', 'lr': 0.0001, 'n_epochs': 200}
2022-12-16 03:31:28,112|INFO|nn.computeOptunaObjective|Trial 24 balacc:|[0.5972137996091907, 0.590937019969278, 0.6712121212121213, 0.5295388280472195]
2022-12-16 03:31:28,112|INFO|nn.computeOptunaObjective|Trial 24 rocauc:|[0.7151017451654201, 0.766973886328725, 0.7674242424242423, 0.7876902289859196]
2022-12-16 03:31:28,112|INFO|nn.computeOptunaObjective|Trial 24 timings:|8.604224899999991
2022-12-16 03:31:28,113|INFO|nn.computeOptunaObjective|Trial 24 objective:|0.5972254422094525
2022-12-16 03:31:36,643|INFO|nn.computeOptunaObjective|Trial 25 params:|{'n_layers': 3, 'architecture': 'bottom', 'lr': 0.0001, 'n_epochs': 200}
2022-12-16 03:31:36,643|INFO|nn.computeOptunaObjective|Trial 25 balacc:|[0.559008826898457, 0.614132104454685, 0.7, 0.5]
2022-12-16 03:31:36,643|INFO|nn.computeOptunaObjective|Trial 25 rocauc:|[0.6862930395525907, 0.7615975422427036, 0.7492424242424243, 0.750960034134547]
2022-12-16 03:31:36,643|INFO|nn.computeOptunaObjective|Trial 25 timings:|8.527420700000022
2022-12-16 03:31:36,643|INFO|nn.computeOptunaObjective|Trial 25 objective:|0.5932852328382855
2022-12-16 03:31:43,239|INFO|nn.computeOptunaObjective|Trial 26 params:|{'n_layers': 2, 'architecture': 'outer', 'lr': 0.0001, 'n_epochs': 150}
2022-12-16 03:31:43,239|INFO|nn.computeOptunaObjective|Trial 26 balacc:|[0.5544471396806145, 0.5981566820276498, 0.6424242424242425, 0.5]
2022-12-16 03:31:43,239|INFO|nn.computeOptunaObjective|Trial 26 rocauc:|[0.6955545448419918, 0.7410138248847926, 0.7083333333333334, 0.7543734888351586]
2022-12-16 03:31:43,239|INFO|nn.computeOptunaObjective|Trial 26 timings:|6.597441499999974
2022-12-16 03:31:43,239|INFO|nn.computeOptunaObjective|Trial 26 objective:|0.5737570160331267
2022-12-16 03:31:47,665|INFO|nn.computeOptunaObjective|Trial 27 params:|{'n_layers': 3, 'architecture': 'inner', 'lr': 0.0001, 'n_epochs': 100}
2022-12-16 03:31:47,665|INFO|nn.computeOptunaObjective|Trial 27 balacc:|[0.5016339869281046, 0.5660522273425499, 0.5371212121212121, 0.5]
2022-12-16 03:31:47,665|INFO|nn.computeOptunaObjective|Trial 27 rocauc:|[0.6814651977629539, 0.7754224270353303, 0.7356060606060607, 0.7437419997155454]
2022-12-16 03:31:47,665|INFO|nn.computeOptunaObjective|Trial 27 timings:|4.419322499999993
2022-12-16 03:31:47,665|INFO|nn.computeOptunaObjective|Trial 27 objective:|0.5262018565979667
2022-12-16 03:31:54,509|INFO|nn.computeOptunaObjective|Trial 28 params:|{'n_layers': 3, 'architecture': 'top', 'lr': 0.001, 'n_epochs': 150}
2022-12-16 03:31:54,509|INFO|nn.computeOptunaObjective|Trial 28 balacc:|[0.657263661478337, 0.5855606758832566, 0.7022727272727273, 0.64981866021903]
2022-12-16 03:31:54,509|INFO|nn.computeOptunaObjective|Trial 28 rocauc:|[0.7512667609999326, 0.7675115207373272, 0.8007575757575758, 0.7821967003271229]
2022-12-16 03:31:54,509|INFO|nn.computeOptunaObjective|Trial 28 timings:|6.843001100000009
2022-12-16 03:31:54,509|INFO|nn.computeOptunaObjective|Trial 28 objective:|0.6487289312133376
2022-12-16 03:31:59,070|INFO|nn.computeOptunaObjective|Trial 29 params:|{'n_layers': 4, 'architecture': 'outer', 'lr': 0.001, 'n_epochs': 100}
2022-12-16 03:31:59,070|INFO|nn.computeOptunaObjective|Trial 29 balacc:|[0.6716292702648069, 0.7176651305683563, 0.693939393939394, 0.6224043521547433]
2022-12-16 03:31:59,070|INFO|nn.computeOptunaObjective|Trial 29 rocauc:|[0.7560659659052624, 0.838863287250384, 0.8325757575757575, 0.7737163988052908]
2022-12-16 03:31:59,070|INFO|nn.computeOptunaObjective|Trial 29 timings:|4.554876900000011
2022-12-16 03:31:59,071|INFO|nn.computeOptunaObjective|Trial 29 objective:|0.676409536731825
2022-12-16 03:32:08,339|INFO|nn.computeOptunaObjective|Trial 30 params:|{'n_layers': 4, 'architecture': 'linear', 'lr': 0.0001, 'n_epochs': 200}
2022-12-16 03:32:08,339|INFO|nn.computeOptunaObjective|Trial 30 balacc:|[0.6611346944275992, 0.69715821812596, 0.6833333333333333, 0.6181730905987768]
2022-12-16 03:32:08,339|INFO|nn.computeOptunaObjective|Trial 30 rocauc:|[0.7498197560811266, 0.8305683563748079, 0.8143939393939393, 0.7778587683117623]
2022-12-16 03:32:08,339|INFO|nn.computeOptunaObjective|Trial 30 timings:|9.264611099999996
2022-12-16 03:32:08,339|INFO|nn.computeOptunaObjective|Trial 30 objective:|0.6649498341214173
2022-12-16 03:32:13,042|INFO|nn.computeOptunaObjective|Trial 31 params:|{'n_layers': 3, 'architecture': 'top', 'lr': 0.0001, 'n_epochs': 100}
2022-12-16 03:32:13,042|INFO|nn.computeOptunaObjective|Trial 31 balacc:|[0.5423185769153023, 0.5838709677419355, 0.6424242424242425, 0.5]
2022-12-16 03:32:13,042|INFO|nn.computeOptunaObjective|Trial 31 rocauc:|[0.7134340677851897, 0.7783410138248849, 0.7651515151515151, 0.7635293699331531]
2022-12-16 03:32:13,042|INFO|nn.computeOptunaObjective|Trial 31 timings:|4.700033200000007
2022-12-16 03:32:13,042|INFO|nn.computeOptunaObjective|Trial 31 objective:|0.56715344677037
2022-12-16 03:32:22,286|INFO|nn.computeOptunaObjective|Trial 32 params:|{'n_layers': 4, 'architecture': 'inner', 'lr': 0.001, 'n_epochs': 200}
2022-12-16 03:32:22,286|INFO|nn.computeOptunaObjective|Trial 32 balacc:|[0.6693147362037599, 0.7354838709677419, 0.7393939393939394, 0.5956656236666192]
2022-12-16 03:32:22,286|INFO|nn.computeOptunaObjective|Trial 32 rocauc:|[0.7484182332726905, 0.8109062980030722, 0.821969696969697, 0.7704540605888208]
2022-12-16 03:32:22,286|INFO|nn.computeOptunaObjective|Trial 32 timings:|9.241243499999996
2022-12-16 03:32:22,287|INFO|nn.computeOptunaObjective|Trial 32 objective:|0.6849645425580151
2022-12-16 03:32:28,948|INFO|nn.computeOptunaObjective|Trial 33 params:|{'n_layers': 3, 'architecture': 'bottom', 'lr': 0.001, 'n_epochs': 150}
2022-12-16 03:32:28,948|INFO|nn.computeOptunaObjective|Trial 33 balacc:|[0.6540832827976552, 0.6516129032258065, 0.6795454545454546, 0.6209998577727208]
2022-12-16 03:32:28,948|INFO|nn.computeOptunaObjective|Trial 33 rocauc:|[0.7445926824337983, 0.7639016897081413, 0.743181818181818, 0.783352296970559]
2022-12-16 03:32:28,948|INFO|nn.computeOptunaObjective|Trial 33 timings:|6.671812099999983
2022-12-16 03:32:28,948|INFO|nn.computeOptunaObjective|Trial 33 objective:|0.6515603745854093
2022-12-16 03:32:38,080|INFO|nn.computeOptunaObjective|Trial 34 params:|{'n_layers': 3, 'architecture': 'inner', 'lr': 0.001, 'n_epochs': 200}
2022-12-16 03:32:38,080|INFO|nn.computeOptunaObjective|Trial 34 balacc:|[0.6661242503874402, 0.6516129032258065, 0.693939393939394, 0.6449029298819513]
2022-12-16 03:32:38,080|INFO|nn.computeOptunaObjective|Trial 34 rocauc:|[0.7451873189138198, 0.7855606758832565, 0.8015151515151515, 0.7761431517565069]
2022-12-16 03:32:38,080|INFO|nn.computeOptunaObjective|Trial 34 timings:|9.114072899999996
2022-12-16 03:32:38,080|INFO|nn.computeOptunaObjective|Trial 34 objective:|0.664144869358648
2022-12-16 03:32:47,496|INFO|nn.computeOptunaObjective|Trial 35 params:|{'n_layers': 4, 'architecture': 'top', 'lr': 0.001, 'n_epochs': 200}
2022-12-16 03:32:47,496|INFO|nn.computeOptunaObjective|Trial 35 balacc:|[0.6827269051950677, 0.7203533026113671, 0.7022727272727273, 0.6019858483857203]
2022-12-16 03:32:47,496|INFO|nn.computeOptunaObjective|Trial 35 rocauc:|[0.7554005794757765, 0.823195084485407, 0.8159090909090909, 0.7776276489830749]
2022-12-16 03:32:47,496|INFO|nn.computeOptunaObjective|Trial 35 timings:|9.412886500000013
2022-12-16 03:32:47,496|INFO|nn.computeOptunaObjective|Trial 35 objective:|0.6768346958662206
2022-12-16 03:32:54,196|INFO|nn.computeOptunaObjective|Trial 36 params:|{'n_layers': 3, 'architecture': 'bottom', 'lr': 0.0001, 'n_epochs': 150}
2022-12-16 03:32:54,196|INFO|nn.computeOptunaObjective|Trial 36 balacc:|[0.5203860925813625, 0.5579877112135176, 0.6424242424242425, 0.5]
2022-12-16 03:32:54,196|INFO|nn.computeOptunaObjective|Trial 36 rocauc:|[0.6649905666734048, 0.7353302611367127, 0.709848484848485, 0.7170032712274215]
2022-12-16 03:32:54,196|INFO|nn.computeOptunaObjective|Trial 36 timings:|6.7046269999999595
2022-12-16 03:32:54,196|INFO|nn.computeOptunaObjective|Trial 36 objective:|0.5551995115547806
2022-12-16 03:33:01,367|INFO|nn.computeOptunaObjective|Trial 37 params:|{'n_layers': 3, 'architecture': 'linear', 'lr': 0.0001, 'n_epochs': 150}
2022-12-16 03:33:01,368|INFO|nn.computeOptunaObjective|Trial 37 balacc:|[0.5984974058351863, 0.6016897081413211, 0.6712121212121213, 0.5]
2022-12-16 03:33:01,368|INFO|nn.computeOptunaObjective|Trial 37 rocauc:|[0.710863486287986, 0.7821812596006145, 0.7780303030303031, 0.7725963589816528]
2022-12-16 03:33:01,368|INFO|nn.computeOptunaObjective|Trial 37 timings:|7.1586536000000365
2022-12-16 03:33:01,368|INFO|nn.computeOptunaObjective|Trial 37 objective:|0.5928498087971572
2022-12-16 03:33:10,646|INFO|nn.computeOptunaObjective|Trial 38 params:|{'n_layers': 4, 'architecture': 'bottom', 'lr': 0.001, 'n_epochs': 200}
2022-12-16 03:33:10,646|INFO|nn.computeOptunaObjective|Trial 38 balacc:|[0.6527120813961323, 0.6934715821812596, 0.6484848484848484, 0.6399871995448727]
2022-12-16 03:33:10,646|INFO|nn.computeOptunaObjective|Trial 38 rocauc:|[0.7409187386294724, 0.7864823348694316, 0.7704545454545454, 0.7637604892618404]
2022-12-16 03:33:10,646|INFO|nn.computeOptunaObjective|Trial 38 timings:|9.283894700000019
2022-12-16 03:33:10,646|INFO|nn.computeOptunaObjective|Trial 38 objective:|0.6586639279017783
2022-12-16 03:33:17,812|INFO|nn.computeOptunaObjective|Trial 39 params:|{'n_layers': 4, 'architecture': 'top', 'lr': 0.0001, 'n_epochs': 150}
2022-12-16 03:33:17,813|INFO|nn.computeOptunaObjective|Trial 39 balacc:|[0.6662017384273298, 0.7087557603686636, 0.6916666666666667, 0.6132484710567487]
2022-12-16 03:33:17,813|INFO|nn.computeOptunaObjective|Trial 39 rocauc:|[0.752205040091638, 0.8342549923195084, 0.8106060606060607, 0.7808277627648984]
2022-12-16 03:33:17,813|INFO|nn.computeOptunaObjective|Trial 39 timings:|7.154266899999982
2022-12-16 03:33:17,813|INFO|nn.computeOptunaObjective|Trial 39 objective:|0.6699681591298522
2022-12-16 03:33:26,696|INFO|nn.computeOptunaObjective|Trial 40 params:|{'n_layers': 3, 'architecture': 'linear', 'lr': 0.001, 'n_epochs': 200}
2022-12-16 03:33:26,696|INFO|nn.computeOptunaObjective|Trial 40 balacc:|[0.6686139747995419, 0.669431643625192, 0.7022727272727273, 0.6343514436068838]
2022-12-16 03:33:26,696|INFO|nn.computeOptunaObjective|Trial 40 rocauc:|[0.7525992183815108, 0.7881720430107527, 0.7992424242424243, 0.7822589247617693]
2022-12-16 03:33:26,696|INFO|nn.computeOptunaObjective|Trial 40 timings:|8.892416999999966
2022-12-16 03:33:26,696|INFO|nn.computeOptunaObjective|Trial 40 objective:|0.6686674473260862
2022-12-16 03:33:35,733|INFO|nn.computeOptunaObjective|Trial 41 params:|{'n_layers': 4, 'architecture': 'outer', 'lr': 0.001, 'n_epochs': 200}
2022-12-16 03:33:35,733|INFO|nn.computeOptunaObjective|Trial 41 balacc:|[0.6737787211104374, 0.7354838709677419, 0.6712121212121213, 0.621684326553833]
2022-12-16 03:33:35,733|INFO|nn.computeOptunaObjective|Trial 41 rocauc:|[0.7514705882352941, 0.8152073732718894, 0.8257575757575758, 0.7880991324135969]
2022-12-16 03:33:35,733|INFO|nn.computeOptunaObjective|Trial 41 timings:|9.019470500000011
2022-12-16 03:33:35,733|INFO|nn.computeOptunaObjective|Trial 41 objective:|0.6755397599610334
2022-12-16 03:33:42,481|INFO|nn.computeOptunaObjective|Trial 42 params:|{'n_layers': 2, 'architecture': 'linear', 'lr': 0.0001, 'n_epochs': 150}
2022-12-16 03:33:42,481|INFO|nn.computeOptunaObjective|Trial 42 balacc:|[0.5645138467758237, 0.5990015360983103, 0.6568181818181817, 0.5]
2022-12-16 03:33:42,481|INFO|nn.computeOptunaObjective|Trial 42 rocauc:|[0.6981015430227073, 0.7617511520737327, 0.7348484848484849, 0.753840136538188]
2022-12-16 03:33:42,481|INFO|nn.computeOptunaObjective|Trial 42 timings:|6.751533700000039
2022-12-16 03:33:42,481|INFO|nn.computeOptunaObjective|Trial 42 objective:|0.5800833911730789
2022-12-16 03:33:49,705|INFO|nn.computeOptunaObjective|Trial 43 params:|{'n_layers': 4, 'architecture': 'linear', 'lr': 0.0001, 'n_epochs': 150}
2022-12-16 03:33:49,705|INFO|nn.computeOptunaObjective|Trial 43 balacc:|[0.6385014486894414, 0.6936251920122888, 0.6484848484848484, 0.5232097141231689]
2022-12-16 03:33:49,705|INFO|nn.computeOptunaObjective|Trial 43 rocauc:|[0.7358112660871909, 0.8101382488479262, 0.7712121212121213, 0.7729519271796332]
2022-12-16 03:33:49,705|INFO|nn.computeOptunaObjective|Trial 43 timings:|7.212231699999961
2022-12-16 03:33:49,705|INFO|nn.computeOptunaObjective|Trial 43 objective:|0.6259553008274368
2022-12-16 03:33:59,227|INFO|nn.computeOptunaObjective|Trial 44 params:|{'n_layers': 4, 'architecture': 'outer', 'lr': 0.0001, 'n_epochs': 200}
2022-12-16 03:33:59,227|INFO|nn.computeOptunaObjective|Trial 44 balacc:|[0.6585573748399703, 0.7033794162826421, 0.6856060606060606, 0.6125462238657374]
2022-12-16 03:33:59,227|INFO|nn.computeOptunaObjective|Trial 44 rocauc:|[0.7456488781079443, 0.8313364055299539, 0.831060606060606, 0.7802055184184327]
2022-12-16 03:33:59,227|INFO|nn.computeOptunaObjective|Trial 44 timings:|9.51821769999998
2022-12-16 03:33:59,227|INFO|nn.computeOptunaObjective|Trial 44 objective:|0.6650222688986026
2022-12-16 03:34:03,811|INFO|nn.computeOptunaObjective|Trial 45 params:|{'n_layers': 4, 'architecture': 'bottom', 'lr': 0.001, 'n_epochs': 100}
2022-12-16 03:34:03,811|INFO|nn.computeOptunaObjective|Trial 45 balacc:|[0.6657064887810795, 0.6774961597542243, 0.7083333333333333, 0.6322535912387997]
2022-12-16 03:34:03,811|INFO|nn.computeOptunaObjective|Trial 45 rocauc:|[0.7464945084563035, 0.8032258064516129, 0.7924242424242425, 0.7636715972123453]
2022-12-16 03:34:03,811|INFO|nn.computeOptunaObjective|Trial 45 timings:|4.579329099999995
2022-12-16 03:34:03,811|INFO|nn.computeOptunaObjective|Trial 45 objective:|0.6709473932768593
2022-12-16 03:34:13,195|INFO|nn.computeOptunaObjective|Trial 46 params:|{'n_layers': 3, 'architecture': 'inner', 'lr': 0.0001, 'n_epochs': 200}
2022-12-16 03:34:13,195|INFO|nn.computeOptunaObjective|Trial 46 balacc:|[0.6472845495586551, 0.7087557603686636, 0.7083333333333333, 0.5928477456976248]
2022-12-16 03:34:13,195|INFO|nn.computeOptunaObjective|Trial 46 rocauc:|[0.7428660467623476, 0.8196620583717358, 0.8143939393939393, 0.7828011662636893]
2022-12-16 03:34:13,195|INFO|nn.computeOptunaObjective|Trial 46 timings:|9.3789759
2022-12-16 03:34:13,195|INFO|nn.computeOptunaObjective|Trial 46 objective:|0.6643053472395691
2022-12-16 03:34:20,138|INFO|nn.computeOptunaObjective|Trial 47 params:|{'n_layers': 2, 'architecture': 'top', 'lr': 0.001, 'n_epochs': 150}
2022-12-16 03:34:20,138|INFO|nn.computeOptunaObjective|Trial 47 balacc:|[0.6515834512499158, 0.5793394777265745, 0.6651515151515152, 0.6343514436068838]
2022-12-16 03:34:20,138|INFO|nn.computeOptunaObjective|Trial 47 rocauc:|[0.7459739909709588, 0.7546082949308756, 0.796969696969697, 0.775849807993173]
2022-12-16 03:34:20,138|INFO|nn.computeOptunaObjective|Trial 47 timings:|6.938965699999983
2022-12-16 03:34:20,138|INFO|nn.computeOptunaObjective|Trial 47 objective:|0.6326064719337223
2022-12-16 03:34:24,616|INFO|nn.computeOptunaObjective|Trial 48 params:|{'n_layers': 2, 'architecture': 'inner', 'lr': 0.001, 'n_epochs': 100}
2022-12-16 03:34:24,616|INFO|nn.computeOptunaObjective|Trial 48 balacc:|[0.6457381578060778, 0.5936251920122888, 0.6568181818181817, 0.6104394822927037]
2022-12-16 03:34:24,616|INFO|nn.computeOptunaObjective|Trial 48 rocauc:|[0.7419311367158548, 0.7705069124423962, 0.7727272727272727, 0.7821433650974257]
2022-12-16 03:34:24,616|INFO|nn.computeOptunaObjective|Trial 48 timings:|4.484977200000003
2022-12-16 03:34:24,616|INFO|nn.computeOptunaObjective|Trial 48 objective:|0.6266552534823131
2022-12-16 03:34:34,036|INFO|nn.computeOptunaObjective|Trial 49 params:|{'n_layers': 2, 'architecture': 'outer', 'lr': 0.0001, 'n_epochs': 200}
2022-12-16 03:34:34,036|INFO|nn.computeOptunaObjective|Trial 49 balacc:|[0.6022033555690318, 0.6132872503840245, 0.6712121212121213, 0.5302410752382307]
2022-12-16 03:34:34,036|INFO|nn.computeOptunaObjective|Trial 49 rocauc:|[0.7128040563304361, 0.753763440860215, 0.7477272727272728, 0.7820366946380316]
2022-12-16 03:34:34,036|INFO|nn.computeOptunaObjective|Trial 49 timings:|9.402983099999972
2022-12-16 03:34:34,036|INFO|nn.computeOptunaObjective|Trial 49 objective:|0.6042359506008521
2022-12-16 03:34:38,891|INFO|nn.computeOptunaObjective|Trial 50 params:|{'n_layers': 2, 'architecture': 'top', 'lr': 0.001, 'n_epochs': 100}
2022-12-16 03:34:38,892|INFO|nn.computeOptunaObjective|Trial 50 balacc:|[0.6485782629202883, 0.5936251920122888, 0.7022727272727273, 0.6167685962167544]
2022-12-16 03:34:38,892|INFO|nn.computeOptunaObjective|Trial 50 rocauc:|[0.7447931406239473, 0.7737327188940092, 0.7924242424242424, 0.7821255866875267]
2022-12-16 03:34:38,892|INFO|nn.computeOptunaObjective|Trial 50 timings:|4.851629600000024
2022-12-16 03:34:38,892|INFO|nn.computeOptunaObjective|Trial 50 objective:|0.6403111946055147
2022-12-16 03:34:48,328|INFO|nn.computeOptunaObjective|Trial 51 params:|{'n_layers': 3, 'architecture': 'top', 'lr': 0.001, 'n_epochs': 200}
2022-12-16 03:34:48,328|INFO|nn.computeOptunaObjective|Trial 51 balacc:|[0.662505895829122, 0.6265745007680492, 0.6795454545454546, 0.6695082491821931]
2022-12-16 03:34:48,328|INFO|nn.computeOptunaObjective|Trial 51 rocauc:|[0.7530035038070211, 0.7807987711213517, 0.7992424242424242, 0.7834856350448016]
2022-12-16 03:34:48,328|INFO|nn.computeOptunaObjective|Trial 51 timings:|9.431224499999985
2022-12-16 03:34:48,328|INFO|nn.computeOptunaObjective|Trial 51 objective:|0.6595335250812048
2022-12-16 03:34:52,702|INFO|nn.computeOptunaObjective|Trial 52 params:|{'n_layers': 2, 'architecture': 'bottom', 'lr': 0.001, 'n_epochs': 100}
2022-12-16 03:34:52,702|INFO|nn.computeOptunaObjective|Trial 52 balacc:|[0.6401556498888215, 0.590937019969278, 0.6712121212121213, 0.6547432797610582]
2022-12-16 03:34:52,702|INFO|nn.computeOptunaObjective|Trial 52 rocauc:|[0.7365726703052354, 0.7643625192012289, 0.7886363636363637, 0.7885080358412745]
2022-12-16 03:34:52,702|INFO|nn.computeOptunaObjective|Trial 52 timings:|4.380026199999975
2022-12-16 03:34:52,702|INFO|nn.computeOptunaObjective|Trial 52 objective:|0.6392620177078198
2022-12-16 03:34:59,220|INFO|nn.computeOptunaObjective|Trial 53 params:|{'n_layers': 2, 'architecture': 'outer', 'lr': 0.001, 'n_epochs': 150}
2022-12-16 03:34:59,221|INFO|nn.computeOptunaObjective|Trial 53 balacc:|[0.6517586416009703, 0.6052227342549923, 0.6651515151515152, 0.6223954629497938]
2022-12-16 03:34:59,221|INFO|nn.computeOptunaObjective|Trial 53 rocauc:|[0.7416548750084225, 0.7671274961597543, 0.7727272727272727, 0.7754942397951927]
2022-12-16 03:34:59,221|INFO|nn.computeOptunaObjective|Trial 53 timings:|6.503531199999998
2022-12-16 03:34:59,221|INFO|nn.computeOptunaObjective|Trial 53 objective:|0.6361320884893178
2022-12-16 03:35:03,742|INFO|nn.computeOptunaObjective|Trial 54 params:|{'n_layers': 3, 'architecture': 'inner', 'lr': 0.001, 'n_epochs': 100}
2022-12-16 03:35:03,743|INFO|nn.computeOptunaObjective|Trial 54 balacc:|[0.6607068256856007, 0.6721198156682028, 0.7083333333333333, 0.6371693215758782]
2022-12-16 03:35:03,743|INFO|nn.computeOptunaObjective|Trial 54 rocauc:|[0.7543612290276935, 0.8102918586789554, 0.8128787878787879, 0.7739386289290286]
2022-12-16 03:35:03,743|INFO|nn.computeOptunaObjective|Trial 54 timings:|4.517149899999993
2022-12-16 03:35:03,743|INFO|nn.computeOptunaObjective|Trial 54 objective:|0.6695823240657537
2022-12-16 03:35:10,516|INFO|nn.computeOptunaObjective|Trial 55 params:|{'n_layers': 3, 'architecture': 'inner', 'lr': 0.001, 'n_epochs': 150}
2022-12-16 03:35:10,516|INFO|nn.computeOptunaObjective|Trial 55 balacc:|[0.6680109157064889, 0.6238863287250385, 0.725, 0.6477119186459963]
2022-12-16 03:35:10,516|INFO|nn.computeOptunaObjective|Trial 55 rocauc:|[0.7491678458324911, 0.7622119815668202, 0.7871212121212121, 0.7777876546721662]
2022-12-16 03:35:10,516|INFO|nn.computeOptunaObjective|Trial 55 timings:|6.767849999999953
2022-12-16 03:35:10,516|INFO|nn.computeOptunaObjective|Trial 55 objective:|0.6661522907693809
2022-12-16 03:35:17,444|INFO|nn.computeOptunaObjective|Trial 56 params:|{'n_layers': 4, 'architecture': 'bottom', 'lr': 0.0001, 'n_epochs': 150}
2022-12-16 03:35:17,444|INFO|nn.computeOptunaObjective|Trial 56 balacc:|[0.5027525099386834, 0.5115975422427035, 0.5227272727272727, 0.5063291139240507]
2022-12-16 03:35:17,444|INFO|nn.computeOptunaObjective|Trial 56 rocauc:|[0.6435499629405027, 0.723195084485407, 0.6196969696969696, 0.7183722087896458]
2022-12-16 03:35:17,444|INFO|nn.computeOptunaObjective|Trial 56 timings:|6.9244875999999635
2022-12-16 03:35:17,444|INFO|nn.computeOptunaObjective|Trial 56 objective:|0.5108516097081776
2022-12-16 03:35:22,280|INFO|nn.computeOptunaObjective|Trial 57 params:|{'n_layers': 2, 'architecture': 'linear', 'lr': 0.001, 'n_epochs': 100}
2022-12-16 03:35:22,280|INFO|nn.computeOptunaObjective|Trial 57 balacc:|[0.6399804595377669, 0.5766513056835637, 0.6484848484848484, 0.6252044517138386]
2022-12-16 03:35:22,280|INFO|nn.computeOptunaObjective|Trial 57 rocauc:|[0.7419631426453743, 0.751305683563748, 0.7727272727272727, 0.7850234675010668]
2022-12-16 03:35:22,280|INFO|nn.computeOptunaObjective|Trial 57 timings:|4.836592699999983
2022-12-16 03:35:22,280|INFO|nn.computeOptunaObjective|Trial 57 objective:|0.6225802663550044
2022-12-16 03:35:31,779|INFO|nn.computeOptunaObjective|Trial 58 params:|{'n_layers': 2, 'architecture': 'top', 'lr': 0.0001, 'n_epochs': 200}
2022-12-16 03:35:31,779|INFO|nn.computeOptunaObjective|Trial 58 balacc:|[0.6199245333872381, 0.5963133640552996, 0.6628787878787878, 0.5696291423695065]
2022-12-16 03:35:31,779|INFO|nn.computeOptunaObjective|Trial 58 rocauc:|[0.7317953641937874, 0.7680491551459293, 0.7537878787878788, 0.7873702176077371]
2022-12-16 03:35:31,779|INFO|nn.computeOptunaObjective|Trial 58 timings:|9.49817870000004
2022-12-16 03:35:31,779|INFO|nn.computeOptunaObjective|Trial 58 objective:|0.612186456922708
2022-12-16 03:35:36,401|INFO|nn.computeOptunaObjective|Trial 59 params:|{'n_layers': 2, 'architecture': 'linear', 'lr': 0.0001, 'n_epochs': 100}
2022-12-16 03:35:36,402|INFO|nn.computeOptunaObjective|Trial 59 balacc:|[0.5088605889091031, 0.5517665130568357, 0.5598484848484848, 0.5]
2022-12-16 03:35:36,402|INFO|nn.computeOptunaObjective|Trial 59 rocauc:|[0.6656037329020955, 0.7205837173579108, 0.6757575757575758, 0.713820935855497]
2022-12-16 03:35:36,402|INFO|nn.computeOptunaObjective|Trial 59 timings:|4.607373699999982
2022-12-16 03:35:36,402|INFO|nn.computeOptunaObjective|Trial 59 objective:|0.5301188967036059
2022-12-16 03:35:45,808|INFO|nn.computeOptunaObjective|Trial 60 params:|{'n_layers': 2, 'architecture': 'linear', 'lr': 0.0001, 'n_epochs': 200}
2022-12-16 03:35:45,808|INFO|nn.computeOptunaObjective|Trial 60 balacc:|[0.603146688228556, 0.5820276497695852, 0.6484848484848484, 0.5351656947802589]
2022-12-16 03:35:45,809|INFO|nn.computeOptunaObjective|Trial 60 rocauc:|[0.714768209689374, 0.7493087557603687, 0.743939393939394, 0.7821433650974257]
2022-12-16 03:35:45,809|INFO|nn.computeOptunaObjective|Trial 60 timings:|9.400939999999991
2022-12-16 03:35:45,809|INFO|nn.computeOptunaObjective|Trial 60 objective:|0.5922062203158122
2022-12-16 03:35:50,531|INFO|nn.computeOptunaObjective|Trial 61 params:|{'n_layers': 2, 'architecture': 'outer', 'lr': 0.001, 'n_epochs': 100}
2022-12-16 03:35:50,531|INFO|nn.computeOptunaObjective|Trial 61 balacc:|[0.6376558183410821, 0.5793394777265745, 0.6795454545454546, 0.6266089460958613]
2022-12-16 03:35:50,531|INFO|nn.computeOptunaObjective|Trial 61 rocauc:|[0.739210632706691, 0.7560675883256528, 0.7984848484848485, 0.7815566775707581]
2022-12-16 03:35:50,531|INFO|nn.computeOptunaObjective|Trial 61 timings:|4.717611099999999
2022-12-16 03:35:50,531|INFO|nn.computeOptunaObjective|Trial 61 objective:|0.6307874241772431
2022-12-16 03:35:57,460|INFO|nn.computeOptunaObjective|Trial 62 params:|{'n_layers': 4, 'architecture': 'bottom', 'lr': 0.001, 'n_epochs': 150}
2022-12-16 03:35:57,460|INFO|nn.computeOptunaObjective|Trial 62 balacc:|[0.6687891651505963, 0.6818740399385561, 0.6856060606060606, 0.642102830322856]
2022-12-16 03:35:57,460|INFO|nn.computeOptunaObjective|Trial 62 rocauc:|[0.7537059497338454, 0.7660522273425499, 0.7522727272727273, 0.7702318304650833]
2022-12-16 03:35:57,460|INFO|nn.computeOptunaObjective|Trial 62 timings:|6.93657730000001
2022-12-16 03:35:57,460|INFO|nn.computeOptunaObjective|Trial 62 objective:|0.6695930240045171
2022-12-16 03:36:04,566|INFO|nn.computeOptunaObjective|Trial 63 params:|{'n_layers': 2, 'architecture': 'top', 'lr': 0.0001, 'n_epochs': 150}
2022-12-16 03:36:04,566|INFO|nn.computeOptunaObjective|Trial 63 balacc:|[0.5859409743278755, 0.5990015360983103, 0.6484848484848484, 0.5112537334660788]
2022-12-16 03:36:04,566|INFO|nn.computeOptunaObjective|Trial 63 rocauc:|[0.7114261168384881, 0.7658986175115208, 0.7568181818181818, 0.7802588536481296]
2022-12-16 03:36:04,566|INFO|nn.computeOptunaObjective|Trial 63 timings:|7.096012599999995
2022-12-16 03:36:04,566|INFO|nn.computeOptunaObjective|Trial 63 objective:|0.5861702730942783
2022-12-16 03:36:11,652|INFO|nn.computeOptunaObjective|Trial 64 params:|{'n_layers': 3, 'architecture': 'inner', 'lr': 0.0001, 'n_epochs': 150}
2022-12-16 03:36:11,653|INFO|nn.computeOptunaObjective|Trial 64 balacc:|[0.6174247018394987, 0.6221966205837173, 0.6712121212121213, 0.5]
2022-12-16 03:36:11,653|INFO|nn.computeOptunaObjective|Trial 64 rocauc:|[0.7236725961862408, 0.7897081413210445, 0.7901515151515152, 0.7702673872848813]
2022-12-16 03:36:11,653|INFO|nn.computeOptunaObjective|Trial 64 timings:|7.0730482000000165
2022-12-16 03:36:11,653|INFO|nn.computeOptunaObjective|Trial 64 objective:|0.6027083609088343
2022-12-16 03:36:16,447|INFO|nn.computeOptunaObjective|Trial 65 params:|{'n_layers': 3, 'architecture': 'outer', 'lr': 0.0001, 'n_epochs': 100}
2022-12-16 03:36:16,447|INFO|nn.computeOptunaObjective|Trial 65 balacc:|[0.5104069806616804, 0.5258832565284178, 0.5825757575757575, 0.5]
2022-12-16 03:36:16,447|INFO|nn.computeOptunaObjective|Trial 65 rocauc:|[0.6768967724546863, 0.7697388632872503, 0.7378787878787878, 0.7370750960034134]
2022-12-16 03:36:16,447|INFO|nn.computeOptunaObjective|Trial 65 timings:|4.7981388999999695
2022-12-16 03:36:16,447|INFO|nn.computeOptunaObjective|Trial 65 objective:|0.529716498691464
2022-12-16 03:36:23,579|INFO|nn.computeOptunaObjective|Trial 66 params:|{'n_layers': 2, 'architecture': 'inner', 'lr': 0.001, 'n_epochs': 150}
2022-12-16 03:36:23,579|INFO|nn.computeOptunaObjective|Trial 66 balacc:|[0.6561451384677582, 0.5766513056835637, 0.6651515151515152, 0.624511093727777]
2022-12-16 03:36:23,579|INFO|nn.computeOptunaObjective|Trial 66 rocauc:|[0.746445657300721, 0.7619047619047619, 0.7818181818181817, 0.7771298535059024]
2022-12-16 03:36:23,579|INFO|nn.computeOptunaObjective|Trial 66 timings:|7.119011999999998
2022-12-16 03:36:23,579|INFO|nn.computeOptunaObjective|Trial 66 objective:|0.6306147632576535
2022-12-16 03:36:28,424|INFO|nn.computeOptunaObjective|Trial 67 params:|{'n_layers': 4, 'architecture': 'linear', 'lr': 0.0001, 'n_epochs': 100}
2022-12-16 03:36:28,424|INFO|nn.computeOptunaObjective|Trial 67 balacc:|[0.5, 0.5115975422427035, 0.5598484848484848, 0.5]
2022-12-16 03:36:28,424|INFO|nn.computeOptunaObjective|Trial 67 rocauc:|[0.6809059362576646, 0.7824884792626728, 0.728030303030303, 0.7368617550846253]
2022-12-16 03:36:28,424|INFO|nn.computeOptunaObjective|Trial 67 timings:|4.840583199999969
2022-12-16 03:36:28,424|INFO|nn.computeOptunaObjective|Trial 67 objective:|0.5178615067727971
2022-12-16 03:36:33,083|INFO|nn.computeOptunaObjective|Trial 68 params:|{'n_layers': 2, 'architecture': 'outer', 'lr': 0.0001, 'n_epochs': 100}
2022-12-16 03:36:33,083|INFO|nn.computeOptunaObjective|Trial 68 balacc:|[0.5088605889091031, 0.5374807987711213, 0.5681818181818181, 0.5]
2022-12-16 03:36:33,083|INFO|nn.computeOptunaObjective|Trial 68 rocauc:|[0.6574910720301868, 0.7221198156682027, 0.6757575757575758, 0.7165410325700469]
2022-12-16 03:36:33,083|INFO|nn.computeOptunaObjective|Trial 68 timings:|4.652474299999994
2022-12-16 03:36:33,083|INFO|nn.computeOptunaObjective|Trial 68 objective:|0.5286308014655106
2022-12-16 03:36:40,154|INFO|nn.computeOptunaObjective|Trial 69 params:|{'n_layers': 4, 'architecture': 'inner', 'lr': 0.0001, 'n_epochs': 150}
2022-12-16 03:36:40,154|INFO|nn.computeOptunaObjective|Trial 69 balacc:|[0.6527019742604946, 0.6890937019969278, 0.6833333333333333, 0.5]
2022-12-16 03:36:40,154|INFO|nn.computeOptunaObjective|Trial 69 rocauc:|[0.7252998450239202, 0.8175115207373272, 0.7878787878787878, 0.7732008249182193]
2022-12-16 03:36:40,154|INFO|nn.computeOptunaObjective|Trial 69 timings:|7.064562299999977
2022-12-16 03:36:40,154|INFO|nn.computeOptunaObjective|Trial 69 objective:|0.6312822523976889
2022-12-16 03:36:49,617|INFO|nn.computeOptunaObjective|Trial 70 params:|{'n_layers': 4, 'architecture': 'top', 'lr': 0.0001, 'n_epochs': 200}
2022-12-16 03:36:49,617|INFO|nn.computeOptunaObjective|Trial 70 balacc:|[0.6739336971902163, 0.7033794162826421, 0.7083333333333333, 0.6287156876688949]
2022-12-16 03:36:49,617|INFO|nn.computeOptunaObjective|Trial 70 rocauc:|[0.7615036048783774, 0.829646697388633, 0.8234848484848485, 0.7896458540748115]
2022-12-16 03:36:49,617|INFO|nn.computeOptunaObjective|Trial 70 timings:|9.4660255
2022-12-16 03:36:49,617|INFO|nn.computeOptunaObjective|Trial 70 objective:|0.6785905336187716
2022-12-16 03:36:53,911|INFO|nn.computeOptunaObjective|Trial 71 params:|{'n_layers': 2, 'architecture': 'inner', 'lr': 0.0001, 'n_epochs': 100}
2022-12-16 03:36:53,911|INFO|nn.computeOptunaObjective|Trial 71 balacc:|[0.5065359477124183, 0.5374807987711213, 0.5371212121212121, 0.5]
2022-12-16 03:36:53,911|INFO|nn.computeOptunaObjective|Trial 71 rocauc:|[0.6606613435752308, 0.7308755760368664, 0.6787878787878788, 0.7074207082918504]
2022-12-16 03:36:53,911|INFO|nn.computeOptunaObjective|Trial 71 timings:|4.278338899999994
2022-12-16 03:36:53,911|INFO|nn.computeOptunaObjective|Trial 71 objective:|0.5202844896511879
2022-12-16 03:36:58,324|INFO|nn.computeOptunaObjective|Trial 72 params:|{'n_layers': 2, 'architecture': 'top', 'lr': 0.0001, 'n_epochs': 100}
2022-12-16 03:36:58,325|INFO|nn.computeOptunaObjective|Trial 72 balacc:|[0.5182366417357321, 0.5660522273425499, 0.5969696969696969, 0.5]
2022-12-16 03:36:58,325|INFO|nn.computeOptunaObjective|Trial 72 rocauc:|[0.6792045684253082, 0.7506912442396313, 0.7136363636363636, 0.7287903569904708]
2022-12-16 03:36:58,325|INFO|nn.computeOptunaObjective|Trial 72 timings:|4.4087387999999805
2022-12-16 03:36:58,325|INFO|nn.computeOptunaObjective|Trial 72 objective:|0.5453146415119947
2022-12-16 03:37:07,338|INFO|nn.computeOptunaObjective|Trial 73 params:|{'n_layers': 4, 'architecture': 'inner', 'lr': 0.0001, 'n_epochs': 200}
2022-12-16 03:37:07,338|INFO|nn.computeOptunaObjective|Trial 73 balacc:|[0.6580318037868068, 0.7033794162826421, 0.7083333333333333, 0.6062171099416869]
2022-12-16 03:37:07,338|INFO|nn.computeOptunaObjective|Trial 73 rocauc:|[0.7548025739505424, 0.8325652841781874, 0.8128787878787879, 0.7833878537903569]
2022-12-16 03:37:07,338|INFO|nn.computeOptunaObjective|Trial 73 timings:|9.01379639999999
2022-12-16 03:37:07,338|INFO|nn.computeOptunaObjective|Trial 73 objective:|0.6689904158361173
2022-12-16 03:37:12,089|INFO|nn.computeOptunaObjective|Trial 74 params:|{'n_layers': 3, 'architecture': 'linear', 'lr': 0.001, 'n_epochs': 100}
2022-12-16 03:37:12,089|INFO|nn.computeOptunaObjective|Trial 74 balacc:|[0.6615625631695978, 0.6489247311827957, 0.6712121212121213, 0.6463074242639738]
2022-12-16 03:37:12,089|INFO|nn.computeOptunaObjective|Trial 74 rocauc:|[0.7481672394043529, 0.7837173579109064, 0.8083333333333333, 0.780401080927322]
2022-12-16 03:37:12,089|INFO|nn.computeOptunaObjective|Trial 74 timings:|4.7506812999999966
2022-12-16 03:37:12,089|INFO|nn.computeOptunaObjective|Trial 74 objective:|0.6570017099571221
2022-12-16 03:37:21,490|INFO|nn.computeOptunaObjective|Trial 75 params:|{'n_layers': 3, 'architecture': 'bottom', 'lr': 0.001, 'n_epochs': 200}
2022-12-16 03:37:21,490|INFO|nn.computeOptunaObjective|Trial 75 balacc:|[0.6595007074994946, 0.6114439324116743, 0.6712121212121213, 0.6273289716967714]
2022-12-16 03:37:21,490|INFO|nn.computeOptunaObjective|Trial 75 rocauc:|[0.7417340475709184, 0.7406298003072197, 0.746969696969697, 0.7841523254160149]
2022-12-16 03:37:21,490|INFO|nn.computeOptunaObjective|Trial 75 timings:|9.388750200000004
2022-12-16 03:37:21,490|INFO|nn.computeOptunaObjective|Trial 75 objective:|0.6423714332050154
2022-12-16 03:37:26,145|INFO|nn.computeOptunaObjective|Trial 76 params:|{'n_layers': 2, 'architecture': 'bottom', 'lr': 0.0001, 'n_epochs': 100}
2022-12-16 03:37:26,145|INFO|nn.computeOptunaObjective|Trial 76 balacc:|[0.5, 0.49731182795698925, 0.5227272727272727, 0.5]
2022-12-16 03:37:26,145|INFO|nn.computeOptunaObjective|Trial 76 rocauc:|[0.6265160703456641, 0.6847926267281106, 0.6196969696969696, 0.6883266960603045]
2022-12-16 03:37:26,145|INFO|nn.computeOptunaObjective|Trial 76 timings:|4.6431969999999865
2022-12-16 03:37:26,145|INFO|nn.computeOptunaObjective|Trial 76 objective:|0.5050097751710655
2022-12-16 03:37:30,755|INFO|nn.computeOptunaObjective|Trial 77 params:|{'n_layers': 4, 'architecture': 'outer', 'lr': 0.0001, 'n_epochs': 100}
2022-12-16 03:37:30,755|INFO|nn.computeOptunaObjective|Trial 77 balacc:|[0.5, 0.5, 0.5227272727272727, 0.5]
2022-12-16 03:37:30,755|INFO|nn.computeOptunaObjective|Trial 77 rocauc:|[0.6692591469577522, 0.7715821812596005, 0.7159090909090909, 0.737644005120182]
2022-12-16 03:37:30,755|INFO|nn.computeOptunaObjective|Trial 77 timings:|4.604393899999991
2022-12-16 03:37:30,755|INFO|nn.computeOptunaObjective|Trial 77 objective:|0.5056818181818181
2022-12-16 03:37:39,420|INFO|nn.computeOptunaObjective|Trial 78 params:|{'n_layers': 2, 'architecture': 'linear', 'lr': 0.001, 'n_epochs': 200}
2022-12-16 03:37:39,420|INFO|nn.computeOptunaObjective|Trial 78 balacc:|[0.6567481975608113, 0.590937019969278, 0.725, 0.6273200824918219]
2022-12-16 03:37:39,420|INFO|nn.computeOptunaObjective|Trial 78 rocauc:|[0.7438649686678795, 0.7618279569892472, 0.8007575757575757, 0.7749431090883231]
2022-12-16 03:37:39,420|INFO|nn.computeOptunaObjective|Trial 78 timings:|8.671748000000093
2022-12-16 03:37:39,420|INFO|nn.computeOptunaObjective|Trial 78 objective:|0.6500013250054778
2022-12-16 03:37:46,361|INFO|nn.computeOptunaObjective|Trial 79 params:|{'n_layers': 3, 'architecture': 'top', 'lr': 0.0001, 'n_epochs': 150}
2022-12-16 03:37:46,361|INFO|nn.computeOptunaObjective|Trial 79 balacc:|[0.6469341688565461, 0.6480798771121352, 0.6772727272727272, 0.5914343621106528]
2022-12-16 03:37:46,361|INFO|nn.computeOptunaObjective|Trial 79 rocauc:|[0.741582440536352, 0.8007680491551459, 0.7878787878787878, 0.7813433366519698]
2022-12-16 03:37:46,361|INFO|nn.computeOptunaObjective|Trial 79 timings:|6.921649399999978
2022-12-16 03:37:46,361|INFO|nn.computeOptunaObjective|Trial 79 objective:|0.6409302838380153
2022-12-16 03:37:55,321|INFO|nn.computeOptunaObjective|Trial 80 params:|{'n_layers': 3, 'architecture': 'outer', 'lr': 0.001, 'n_epochs': 200}
2022-12-16 03:37:55,321|INFO|nn.computeOptunaObjective|Trial 80 balacc:|[0.6576915302203356, 0.6052227342549923, 0.6878787878787879, 0.5984923908405633]
2022-12-16 03:37:55,321|INFO|nn.computeOptunaObjective|Trial 80 rocauc:|[0.7456033959975744, 0.7697388632872504, 0.7583333333333333, 0.7777965438771156]
2022-12-16 03:37:55,321|INFO|nn.computeOptunaObjective|Trial 80 timings:|8.963812599999983
2022-12-16 03:37:55,321|INFO|nn.computeOptunaObjective|Trial 80 objective:|0.6373213607986697
2022-12-16 03:38:02,169|INFO|nn.computeOptunaObjective|Trial 81 params:|{'n_layers': 4, 'architecture': 'outer', 'lr': 0.0001, 'n_epochs': 150}
2022-12-16 03:38:02,169|INFO|nn.computeOptunaObjective|Trial 81 balacc:|[0.5808638231925072, 0.5811827956989247, 0.6651515151515152, 0.5]
2022-12-16 03:38:02,169|INFO|nn.computeOptunaObjective|Trial 81 rocauc:|[0.7078212384610201, 0.7319508448540707, 0.7287878787878788, 0.768062864457403]
2022-12-16 03:38:02,169|INFO|nn.computeOptunaObjective|Trial 81 timings:|6.830975400000057
2022-12-16 03:38:02,169|INFO|nn.computeOptunaObjective|Trial 81 objective:|0.5817995335107368
2022-12-16 03:38:10,779|INFO|nn.computeOptunaObjective|Trial 82 params:|{'n_layers': 2, 'architecture': 'bottom', 'lr': 0.0001, 'n_epochs': 200}
2022-12-16 03:38:10,779|INFO|nn.computeOptunaObjective|Trial 82 balacc:|[0.571400175190351, 0.5874039938556068, 0.6484848484848484, 0.52391196131418]
2022-12-16 03:38:10,779|INFO|nn.computeOptunaObjective|Trial 82 rocauc:|[0.6941631291691934, 0.7468509984639017, 0.7242424242424242, 0.7579825060446593]
2022-12-16 03:38:10,779|INFO|nn.computeOptunaObjective|Trial 82 timings:|8.613260399999945
2022-12-16 03:38:10,779|INFO|nn.computeOptunaObjective|Trial 82 objective:|0.5828002447112466
2022-12-16 03:38:17,993|INFO|nn.computeOptunaObjective|Trial 83 params:|{'n_layers': 4, 'architecture': 'inner', 'lr': 0.001, 'n_epochs': 150}
2022-12-16 03:38:17,993|INFO|nn.computeOptunaObjective|Trial 83 balacc:|[0.6685364867596523, 0.7354838709677419, 0.6545454545454545, 0.6132484710567487]
2022-12-16 03:38:17,993|INFO|nn.computeOptunaObjective|Trial 83 rocauc:|[0.7556818947510276, 0.8172043010752689, 0.825, 0.7682762053761911]
2022-12-16 03:38:17,993|INFO|nn.computeOptunaObjective|Trial 83 timings:|7.202081399999997
2022-12-16 03:38:17,993|INFO|nn.computeOptunaObjective|Trial 83 objective:|0.6679535708323994
2022-12-16 03:38:22,589|INFO|nn.computeOptunaObjective|Trial 84 params:|{'n_layers': 3, 'architecture': 'bottom', 'lr': 0.0001, 'n_epochs': 100}
2022-12-16 03:38:22,589|INFO|nn.computeOptunaObjective|Trial 84 balacc:|[0.5, 0.5, 0.5, 0.5]
2022-12-16 03:38:22,589|INFO|nn.computeOptunaObjective|Trial 84 rocauc:|[0.6082962738359948, 0.658678955453149, 0.568939393939394, 0.6883444744702033]
2022-12-16 03:38:22,589|INFO|nn.computeOptunaObjective|Trial 84 timings:|4.590972999999963
2022-12-16 03:38:22,589|INFO|nn.computeOptunaObjective|Trial 84 objective:|0.5
2022-12-16 03:38:27,405|INFO|nn.computeOptunaObjective|Trial 85 params:|{'n_layers': 4, 'architecture': 'linear', 'lr': 0.001, 'n_epochs': 100}
2022-12-16 03:38:27,405|INFO|nn.computeOptunaObjective|Trial 85 balacc:|[0.6783404083282798, 0.7060675883256529, 0.731060606060606, 0.6167685962167544]
2022-12-16 03:38:27,405|INFO|nn.computeOptunaObjective|Trial 85 rocauc:|[0.7546947645037396, 0.8403225806451612, 0.831060606060606, 0.7702762764898308]
2022-12-16 03:38:27,405|INFO|nn.computeOptunaObjective|Trial 85 timings:|4.809006300000078
2022-12-16 03:38:27,405|INFO|nn.computeOptunaObjective|Trial 85 objective:|0.6830592997328233
2022-12-16 03:38:34,500|INFO|nn.computeOptunaObjective|Trial 86 params:|{'n_layers': 3, 'architecture': 'linear', 'lr': 0.001, 'n_epochs': 150}
2022-12-16 03:38:34,500|INFO|nn.computeOptunaObjective|Trial 86 balacc:|[0.6581295060979718, 0.6176651305683564, 0.6795454545454546, 0.6336491964158726]
2022-12-16 03:38:34,500|INFO|nn.computeOptunaObjective|Trial 86 rocauc:|[0.7475742874469374, 0.7577572964669739, 0.7886363636363636, 0.7840901009813682]
2022-12-16 03:38:34,500|INFO|nn.computeOptunaObjective|Trial 86 timings:|7.093597900000077
2022-12-16 03:38:34,500|INFO|nn.computeOptunaObjective|Trial 86 objective:|0.6472473219069138
2022-12-16 03:38:39,213|INFO|nn.computeOptunaObjective|Trial 87 params:|{'n_layers': 4, 'architecture': 'inner', 'lr': 0.0001, 'n_epochs': 100}
2022-12-16 03:38:39,213|INFO|nn.computeOptunaObjective|Trial 87 balacc:|[0.5055050198773667, 0.49731182795698925, 0.5227272727272727, 0.5]
2022-12-16 03:38:39,213|INFO|nn.computeOptunaObjective|Trial 87 rocauc:|[0.6882875143184422, 0.7895545314900153, 0.7477272727272727, 0.7437597781254445]
2022-12-16 03:38:39,213|INFO|nn.computeOptunaObjective|Trial 87 timings:|4.694060599999943
2022-12-16 03:38:39,213|INFO|nn.computeOptunaObjective|Trial 87 objective:|0.5063860301404072
2022-12-16 03:38:48,174|INFO|nn.computeOptunaObjective|Trial 88 params:|{'n_layers': 4, 'architecture': 'bottom', 'lr': 0.0001, 'n_epochs': 200}
2022-12-16 03:38:48,174|INFO|nn.computeOptunaObjective|Trial 88 balacc:|[0.5681322013341419, 0.6534562211981567, 0.6628787878787878, 0.5]
2022-12-16 03:38:48,174|INFO|nn.computeOptunaObjective|Trial 88 rocauc:|[0.692438178020349, 0.7949308755760368, 0.7628787878787879, 0.7566491253022329]
2022-12-16 03:38:48,174|INFO|nn.computeOptunaObjective|Trial 88 timings:|8.962849799999958
2022-12-16 03:38:48,174|INFO|nn.computeOptunaObjective|Trial 88 objective:|0.5961168026027717
2022-12-16 03:38:55,234|INFO|nn.computeOptunaObjective|Trial 89 params:|{'n_layers': 4, 'architecture': 'outer', 'lr': 0.001, 'n_epochs': 150}
2022-12-16 03:38:55,234|INFO|nn.computeOptunaObjective|Trial 89 balacc:|[0.6742065898524358, 0.6685867895545314, 0.725, 0.6167597070118048]
2022-12-16 03:38:55,234|INFO|nn.computeOptunaObjective|Trial 89 rocauc:|[0.7571625901219594, 0.8104454685099847, 0.8136363636363637, 0.7799566206798463]
2022-12-16 03:38:55,235|INFO|nn.computeOptunaObjective|Trial 89 timings:|7.0458600999999135
2022-12-16 03:38:55,235|INFO|nn.computeOptunaObjective|Trial 89 objective:|0.671138271604693
2022-12-16 03:38:55,239|INFO|mtg.runMTGExperiment|Best trial number:|32
2022-12-16 03:38:55,239|INFO|mtg.runMTGExperiment|Best trial objective:|0.6849645425580151
2022-12-16 03:38:55,239|INFO|mtg.runMTGExperiment|Best trial params:|{'n_layers': 4, 'architecture': 'inner', 'lr': 0.001, 'n_epochs': 200}
2022-12-16 03:38:55,276|INFO|nn.loadModellingDataset|Trainval descriptors loaded (features, instances):|1024|6567
2022-12-16 03:38:55,276|INFO|nn.loadModellingDataset|Trainval endpoints loaded (tasks, instances):|4|6567
2022-12-16 03:38:55,276|INFO|nn.loadModellingDataset|Test descriptors loaded (features, instances):|1024|857
2022-12-16 03:38:55,276|INFO|nn.loadModellingDataset|Test endpoints loaded (tasks, instances):|4|857
2022-12-16 03:38:55,276|INFO|mtg.runMTGExperiment|Final neural network hyperparams:|{'n_layers': 4, 'architecture': 'inner', 'lr': 0.001, 'n_epochs': 200, 'best_trial_num': 32}
2022-12-16 03:39:06,320|INFO|nn.testFinalModel|Final model test balacc:|[0.7599740172659459, 0.9042857142857144, 0.7916666666666666, 0.6804824561403509]
2022-12-16 03:39:06,320|INFO|nn.testFinalModel|Final model test rocauc:|[0.844103595675132, 0.9033333333333333, 0.7777777777777777, 0.9040570175438596]
2022-12-16 03:39:06,343|INFO|mtg.runMTGExperiment|Mechanistic task grouping experiment timing:|632.7596429
2022-12-16 03:39:06,343|INFO|mtg.runMTGExperiment|DONE
