2022-12-16 01:52:04,112|INFO|__main__.startLogging|>>>> START LOGGING A GMTAMES EXPERIMENT
2022-12-16 01:52:04,114|INFO|__main__.startLogging|mode:|mtg
2022-12-16 01:52:04,114|INFO|__main__.startLogging|tasks:|TA1537_S9
2022-12-16 01:52:04,114|INFO|__main__.startLogging|output:|mtg_experiment
2022-12-16 01:52:04,114|INFO|__main__.startLogging|device:|titanv
2022-12-16 01:52:04,114|INFO|__main__.startLogging|DONE
2022-12-16 01:52:04,114|INFO|mtg.runMTGExperiment|>>>> RUNNING MECHANISTIC TASK GROUPING EXPERIMENT
2022-12-16 01:52:04,114|INFO|data.generateModellingDatasets|>>>> GENERATING MODELLING DATASETS
2022-12-16 01:52:04,114|INFO|data.generateModellingDatasets|Task list parsed:|['TA1537_S9']
2022-12-16 01:52:04,557|INFO|data.generateModellingDatasets|Modelling train dataset generated: (rows, columns)|2451|1026
2022-12-16 01:52:04,575|INFO|data.generateModellingDatasets|Modelling val dataset generated: (rows, columns)|681|1026
2022-12-16 01:52:04,640|INFO|data.generateModellingDatasets|Modelling trainval dataset generated: (rows, columns)|3132|1026
2022-12-16 01:52:04,648|INFO|data.generateModellingDatasets|Modelling test dataset generated: (rows, columns)|272|1026
2022-12-16 01:52:04,649|INFO|data.generateModellingDatasets|Modelling datasets generation timing:|0.5345233
2022-12-16 01:52:04,649|INFO|data.generateModellingDatasets|DONE
2022-12-16 01:52:04,650|INFO|mtg.runMTGExperiment|Device confirmed:|cuda:0
2022-12-16 01:52:05,767|INFO|nn.loadModellingDataset|Train descriptors loaded (features, instances):|1024|2451
2022-12-16 01:52:05,767|INFO|nn.loadModellingDataset|Train endpoints loaded (tasks, instances):|1|2451
2022-12-16 01:52:05,771|INFO|nn.loadModellingDataset|Val descriptors loaded (features, instances):|1024|681
2022-12-16 01:52:05,771|INFO|nn.loadModellingDataset|Val endpoints loaded (tasks, instances):|1|681
2022-12-16 01:52:09,892|INFO|nn.computeOptunaObjective|Trial 0 params:|{'n_layers': 2, 'architecture': 'top', 'lr': 0.001, 'n_epochs': 200}
2022-12-16 01:52:09,892|INFO|nn.computeOptunaObjective|Trial 0 balacc:|[0.5846709052061076]
2022-12-16 01:52:09,892|INFO|nn.computeOptunaObjective|Trial 0 rocauc:|[0.763823023607275]
2022-12-16 01:52:09,892|INFO|nn.computeOptunaObjective|Trial 0 timings:|4.1219672
2022-12-16 01:52:09,892|INFO|nn.computeOptunaObjective|Trial 0 objective:|0.5846709052061076
2022-12-16 01:52:11,983|INFO|nn.computeOptunaObjective|Trial 1 params:|{'n_layers': 4, 'architecture': 'top', 'lr': 0.001, 'n_epochs': 100}
2022-12-16 01:52:11,983|INFO|nn.computeOptunaObjective|Trial 1 balacc:|[0.5693496273906926]
2022-12-16 01:52:11,983|INFO|nn.computeOptunaObjective|Trial 1 rocauc:|[0.7653473344103393]
2022-12-16 01:52:11,983|INFO|nn.computeOptunaObjective|Trial 1 timings:|2.086890800000001
2022-12-16 01:52:11,983|INFO|nn.computeOptunaObjective|Trial 1 objective:|0.5693496273906926
2022-12-16 01:52:13,850|INFO|nn.computeOptunaObjective|Trial 2 params:|{'n_layers': 3, 'architecture': 'outer', 'lr': 0.001, 'n_epochs': 100}
2022-12-16 01:52:13,850|INFO|nn.computeOptunaObjective|Trial 2 balacc:|[0.5774141435197249]
2022-12-16 01:52:13,850|INFO|nn.computeOptunaObjective|Trial 2 rocauc:|[0.7634712595757986]
2022-12-16 01:52:13,850|INFO|nn.computeOptunaObjective|Trial 2 timings:|1.8733024999999994
2022-12-16 01:52:13,850|INFO|nn.computeOptunaObjective|Trial 2 objective:|0.5774141435197249
2022-12-16 01:52:15,764|INFO|nn.computeOptunaObjective|Trial 3 params:|{'n_layers': 4, 'architecture': 'bottom', 'lr': 0.0001, 'n_epochs': 100}
2022-12-16 01:52:15,764|INFO|nn.computeOptunaObjective|Trial 3 balacc:|[0.5]
2022-12-16 01:52:15,764|INFO|nn.computeOptunaObjective|Trial 3 rocauc:|[0.5991453436864871]
2022-12-16 01:52:15,764|INFO|nn.computeOptunaObjective|Trial 3 timings:|1.9126563999999995
2022-12-16 01:52:15,764|INFO|nn.computeOptunaObjective|Trial 3 objective:|0.5
2022-12-16 01:52:18,564|INFO|nn.computeOptunaObjective|Trial 4 params:|{'n_layers': 2, 'architecture': 'bottom', 'lr': 0.001, 'n_epochs': 150}
2022-12-16 01:52:18,564|INFO|nn.computeOptunaObjective|Trial 4 balacc:|[0.5838631507634582]
2022-12-16 01:52:18,564|INFO|nn.computeOptunaObjective|Trial 4 rocauc:|[0.7649434571890144]
2022-12-16 01:52:18,564|INFO|nn.computeOptunaObjective|Trial 4 timings:|2.7957485999999996
2022-12-16 01:52:18,564|INFO|nn.computeOptunaObjective|Trial 4 objective:|0.5838631507634582
2022-12-16 01:52:22,653|INFO|nn.computeOptunaObjective|Trial 5 params:|{'n_layers': 3, 'architecture': 'outer', 'lr': 0.0001, 'n_epochs': 200}
2022-12-16 01:52:22,653|INFO|nn.computeOptunaObjective|Trial 5 balacc:|[0.5290270467455312]
2022-12-16 01:52:22,653|INFO|nn.computeOptunaObjective|Trial 5 rocauc:|[0.7660899473656783]
2022-12-16 01:52:22,653|INFO|nn.computeOptunaObjective|Trial 5 timings:|4.081487199999998
2022-12-16 01:52:22,653|INFO|nn.computeOptunaObjective|Trial 5 objective:|0.5290270467455312
2022-12-16 01:52:24,764|INFO|nn.computeOptunaObjective|Trial 6 params:|{'n_layers': 4, 'architecture': 'top', 'lr': 0.0001, 'n_epochs': 100}
2022-12-16 01:52:24,765|INFO|nn.computeOptunaObjective|Trial 6 balacc:|[0.5]
2022-12-16 01:52:24,765|INFO|nn.computeOptunaObjective|Trial 6 rocauc:|[0.760409609672208]
2022-12-16 01:52:24,765|INFO|nn.computeOptunaObjective|Trial 6 timings:|2.109367200000001
2022-12-16 01:52:24,765|INFO|nn.computeOptunaObjective|Trial 6 objective:|0.5
2022-12-16 01:52:26,554|INFO|nn.computeOptunaObjective|Trial 7 params:|{'n_layers': 3, 'architecture': 'bottom', 'lr': 0.001, 'n_epochs': 100}
2022-12-16 01:52:26,554|INFO|nn.computeOptunaObjective|Trial 7 balacc:|[0.5838631507634582]
2022-12-16 01:52:26,554|INFO|nn.computeOptunaObjective|Trial 7 rocauc:|[0.7615039866590235]
2022-12-16 01:52:26,554|INFO|nn.computeOptunaObjective|Trial 7 timings:|1.787330800000003
2022-12-16 01:52:26,554|INFO|nn.computeOptunaObjective|Trial 7 objective:|0.5838631507634582
2022-12-16 01:52:28,431|INFO|nn.computeOptunaObjective|Trial 8 params:|{'n_layers': 3, 'architecture': 'linear', 'lr': 0.0001, 'n_epochs': 100}
2022-12-16 01:52:28,431|INFO|nn.computeOptunaObjective|Trial 8 balacc:|[0.5]
2022-12-16 01:52:28,431|INFO|nn.computeOptunaObjective|Trial 8 rocauc:|[0.7289592995987284]
2022-12-16 01:52:28,431|INFO|nn.computeOptunaObjective|Trial 8 timings:|1.875713900000001
2022-12-16 01:52:28,431|INFO|nn.computeOptunaObjective|Trial 8 objective:|0.5
2022-12-16 01:52:31,103|INFO|nn.computeOptunaObjective|Trial 9 params:|{'n_layers': 2, 'architecture': 'bottom', 'lr': 0.0001, 'n_epochs': 150}
2022-12-16 01:52:31,103|INFO|nn.computeOptunaObjective|Trial 9 balacc:|[0.5153212778154151]
2022-12-16 01:52:31,103|INFO|nn.computeOptunaObjective|Trial 9 rocauc:|[0.7021731200166761]
2022-12-16 01:52:31,103|INFO|nn.computeOptunaObjective|Trial 9 timings:|2.6704574999999977
2022-12-16 01:52:31,103|INFO|nn.computeOptunaObjective|Trial 9 objective:|0.5153212778154151
2022-12-16 01:52:34,642|INFO|nn.computeOptunaObjective|Trial 10 params:|{'n_layers': 2, 'architecture': 'bottom', 'lr': 0.001, 'n_epochs': 200}
2022-12-16 01:52:34,642|INFO|nn.computeOptunaObjective|Trial 10 balacc:|[0.5983766741362239]
2022-12-16 01:52:34,642|INFO|nn.computeOptunaObjective|Trial 10 rocauc:|[0.7584553650528949]
2022-12-16 01:52:34,642|INFO|nn.computeOptunaObjective|Trial 10 timings:|3.5425486
2022-12-16 01:52:34,642|INFO|nn.computeOptunaObjective|Trial 10 objective:|0.5983766741362239
2022-12-16 01:52:37,513|INFO|nn.computeOptunaObjective|Trial 11 params:|{'n_layers': 4, 'architecture': 'linear', 'lr': 0.001, 'n_epochs': 150}
2022-12-16 01:52:37,513|INFO|nn.computeOptunaObjective|Trial 11 balacc:|[0.5774141435197249]
2022-12-16 01:52:37,513|INFO|nn.computeOptunaObjective|Trial 11 rocauc:|[0.7696727291677523]
2022-12-16 01:52:37,513|INFO|nn.computeOptunaObjective|Trial 11 timings:|2.862128300000002
2022-12-16 01:52:37,513|INFO|nn.computeOptunaObjective|Trial 11 objective:|0.5774141435197249
2022-12-16 01:52:41,144|INFO|nn.computeOptunaObjective|Trial 12 params:|{'n_layers': 2, 'architecture': 'outer', 'lr': 0.001, 'n_epochs': 200}
2022-12-16 01:52:41,144|INFO|nn.computeOptunaObjective|Trial 12 balacc:|[0.5766063890770754]
2022-12-16 01:52:41,144|INFO|nn.computeOptunaObjective|Trial 12 rocauc:|[0.7611913075199334]
2022-12-16 01:52:41,144|INFO|nn.computeOptunaObjective|Trial 12 timings:|3.636195999999998
2022-12-16 01:52:41,144|INFO|nn.computeOptunaObjective|Trial 12 objective:|0.5766063890770754
2022-12-16 01:52:44,766|INFO|nn.computeOptunaObjective|Trial 13 params:|{'n_layers': 2, 'architecture': 'inner', 'lr': 0.001, 'n_epochs': 200}
2022-12-16 01:52:44,766|INFO|nn.computeOptunaObjective|Trial 13 balacc:|[0.5830553963208088]
2022-12-16 01:52:44,766|INFO|nn.computeOptunaObjective|Trial 13 rocauc:|[0.7615039866590234]
2022-12-16 01:52:44,766|INFO|nn.computeOptunaObjective|Trial 13 timings:|3.611296799999998
2022-12-16 01:52:44,766|INFO|nn.computeOptunaObjective|Trial 13 objective:|0.5830553963208088
2022-12-16 01:52:48,559|INFO|nn.computeOptunaObjective|Trial 14 params:|{'n_layers': 3, 'architecture': 'linear', 'lr': 0.0001, 'n_epochs': 200}
2022-12-16 01:52:48,559|INFO|nn.computeOptunaObjective|Trial 14 balacc:|[0.5290270467455312]
2022-12-16 01:52:48,559|INFO|nn.computeOptunaObjective|Trial 14 rocauc:|[0.7632497785189432]
2022-12-16 01:52:48,559|INFO|nn.computeOptunaObjective|Trial 14 timings:|3.8005118000000024
2022-12-16 01:52:48,559|INFO|nn.computeOptunaObjective|Trial 14 objective:|0.5290270467455312
2022-12-16 01:52:51,451|INFO|nn.computeOptunaObjective|Trial 15 params:|{'n_layers': 3, 'architecture': 'outer', 'lr': 0.0001, 'n_epochs': 150}
2022-12-16 01:52:51,451|INFO|nn.computeOptunaObjective|Trial 15 balacc:|[0.5]
2022-12-16 01:52:51,451|INFO|nn.computeOptunaObjective|Trial 15 rocauc:|[0.7555370264213872]
2022-12-16 01:52:51,451|INFO|nn.computeOptunaObjective|Trial 15 timings:|2.8800639999999973
2022-12-16 01:52:51,451|INFO|nn.computeOptunaObjective|Trial 15 objective:|0.5
2022-12-16 01:52:54,201|INFO|nn.computeOptunaObjective|Trial 16 params:|{'n_layers': 2, 'architecture': 'inner', 'lr': 0.0001, 'n_epochs': 150}
2022-12-16 01:52:54,201|INFO|nn.computeOptunaObjective|Trial 16 balacc:|[0.5233857939444474]
2022-12-16 01:52:54,201|INFO|nn.computeOptunaObjective|Trial 16 rocauc:|[0.737948824847569]
2022-12-16 01:52:54,201|INFO|nn.computeOptunaObjective|Trial 16 timings:|2.7605153000000016
2022-12-16 01:52:54,201|INFO|nn.computeOptunaObjective|Trial 16 objective:|0.5233857939444474
2022-12-16 01:52:56,949|INFO|nn.computeOptunaObjective|Trial 17 params:|{'n_layers': 2, 'architecture': 'linear', 'lr': 0.001, 'n_epochs': 150}
2022-12-16 01:52:56,949|INFO|nn.computeOptunaObjective|Trial 17 balacc:|[0.5838631507634582]
2022-12-16 01:52:56,949|INFO|nn.computeOptunaObjective|Trial 17 rocauc:|[0.7620251185575069]
2022-12-16 01:52:56,949|INFO|nn.computeOptunaObjective|Trial 17 timings:|2.738387700000004
2022-12-16 01:52:56,949|INFO|nn.computeOptunaObjective|Trial 17 objective:|0.5838631507634582
2022-12-16 01:53:00,879|INFO|nn.computeOptunaObjective|Trial 18 params:|{'n_layers': 4, 'architecture': 'linear', 'lr': 0.001, 'n_epochs': 200}
2022-12-16 01:53:00,879|INFO|nn.computeOptunaObjective|Trial 18 balacc:|[0.5846709052061076]
2022-12-16 01:53:00,879|INFO|nn.computeOptunaObjective|Trial 18 rocauc:|[0.7679660222002189]
2022-12-16 01:53:00,879|INFO|nn.computeOptunaObjective|Trial 18 timings:|3.9218058999999954
2022-12-16 01:53:00,879|INFO|nn.computeOptunaObjective|Trial 18 objective:|0.5846709052061076
2022-12-16 01:53:02,795|INFO|nn.computeOptunaObjective|Trial 19 params:|{'n_layers': 3, 'architecture': 'top', 'lr': 0.001, 'n_epochs': 100}
2022-12-16 01:53:02,795|INFO|nn.computeOptunaObjective|Trial 19 balacc:|[0.5846709052061076]
2022-12-16 01:53:02,795|INFO|nn.computeOptunaObjective|Trial 19 rocauc:|[0.7740111522226276]
2022-12-16 01:53:02,795|INFO|nn.computeOptunaObjective|Trial 19 timings:|1.9145687999999979
2022-12-16 01:53:02,795|INFO|nn.computeOptunaObjective|Trial 19 objective:|0.5846709052061076
2022-12-16 01:53:06,721|INFO|nn.computeOptunaObjective|Trial 20 params:|{'n_layers': 3, 'architecture': 'top', 'lr': 0.0001, 'n_epochs': 200}
2022-12-16 01:53:06,721|INFO|nn.computeOptunaObjective|Trial 20 balacc:|[0.5685418729480431]
2022-12-16 01:53:06,721|INFO|nn.computeOptunaObjective|Trial 20 rocauc:|[0.7713533795403616]
2022-12-16 01:53:06,721|INFO|nn.computeOptunaObjective|Trial 20 timings:|3.9222456000000037
2022-12-16 01:53:06,721|INFO|nn.computeOptunaObjective|Trial 20 objective:|0.5685418729480431
2022-12-16 01:53:09,600|INFO|nn.computeOptunaObjective|Trial 21 params:|{'n_layers': 3, 'architecture': 'outer', 'lr': 0.001, 'n_epochs': 150}
2022-12-16 01:53:09,600|INFO|nn.computeOptunaObjective|Trial 21 balacc:|[0.5830553963208088]
2022-12-16 01:53:09,600|INFO|nn.computeOptunaObjective|Trial 21 rocauc:|[0.7685653238834748]
2022-12-16 01:53:09,600|INFO|nn.computeOptunaObjective|Trial 21 timings:|2.8827479999999923
2022-12-16 01:53:09,600|INFO|nn.computeOptunaObjective|Trial 21 objective:|0.5830553963208088
2022-12-16 01:53:11,579|INFO|nn.computeOptunaObjective|Trial 22 params:|{'n_layers': 4, 'architecture': 'inner', 'lr': 0.001, 'n_epochs': 100}
2022-12-16 01:53:11,579|INFO|nn.computeOptunaObjective|Trial 22 balacc:|[0.5854786596487571]
2022-12-16 01:53:11,579|INFO|nn.computeOptunaObjective|Trial 22 rocauc:|[0.7696597008702902]
2022-12-16 01:53:11,579|INFO|nn.computeOptunaObjective|Trial 22 timings:|1.9830100999999871
2022-12-16 01:53:11,579|INFO|nn.computeOptunaObjective|Trial 22 objective:|0.5854786596487571
2022-12-16 01:53:14,684|INFO|nn.computeOptunaObjective|Trial 23 params:|{'n_layers': 4, 'architecture': 'top', 'lr': 0.001, 'n_epochs': 150}
2022-12-16 01:53:14,684|INFO|nn.computeOptunaObjective|Trial 23 balacc:|[0.5774141435197249]
2022-12-16 01:53:14,684|INFO|nn.computeOptunaObjective|Trial 23 rocauc:|[0.770206889363698]
2022-12-16 01:53:14,684|INFO|nn.computeOptunaObjective|Trial 23 timings:|3.096836499999995
2022-12-16 01:53:14,684|INFO|nn.computeOptunaObjective|Trial 23 objective:|0.5774141435197249
2022-12-16 01:53:18,349|INFO|nn.computeOptunaObjective|Trial 24 params:|{'n_layers': 2, 'architecture': 'inner', 'lr': 0.0001, 'n_epochs': 200}
2022-12-16 01:53:18,349|INFO|nn.computeOptunaObjective|Trial 24 balacc:|[0.5370915628745635]
2022-12-16 01:53:18,349|INFO|nn.computeOptunaObjective|Trial 24 rocauc:|[0.7543905362447236]
2022-12-16 01:53:18,349|INFO|nn.computeOptunaObjective|Trial 24 timings:|3.6560746999999907
2022-12-16 01:53:18,349|INFO|nn.computeOptunaObjective|Trial 24 objective:|0.5370915628745635
2022-12-16 01:53:22,009|INFO|nn.computeOptunaObjective|Trial 25 params:|{'n_layers': 3, 'architecture': 'bottom', 'lr': 0.0001, 'n_epochs': 200}
2022-12-16 01:53:22,010|INFO|nn.computeOptunaObjective|Trial 25 balacc:|[0.5370915628745635]
2022-12-16 01:53:22,010|INFO|nn.computeOptunaObjective|Trial 25 rocauc:|[0.7486841419563292]
2022-12-16 01:53:22,010|INFO|nn.computeOptunaObjective|Trial 25 timings:|3.6540403999999995
2022-12-16 01:53:22,010|INFO|nn.computeOptunaObjective|Trial 25 objective:|0.5370915628745635
2022-12-16 01:53:24,731|INFO|nn.computeOptunaObjective|Trial 26 params:|{'n_layers': 2, 'architecture': 'outer', 'lr': 0.0001, 'n_epochs': 150}
2022-12-16 01:53:24,731|INFO|nn.computeOptunaObjective|Trial 26 balacc:|[0.5153212778154151]
2022-12-16 01:53:24,731|INFO|nn.computeOptunaObjective|Trial 26 rocauc:|[0.7364114857470425]
2022-12-16 01:53:24,731|INFO|nn.computeOptunaObjective|Trial 26 timings:|2.718942999999996
2022-12-16 01:53:24,731|INFO|nn.computeOptunaObjective|Trial 26 objective:|0.5153212778154151
2022-12-16 01:53:26,595|INFO|nn.computeOptunaObjective|Trial 27 params:|{'n_layers': 3, 'architecture': 'inner', 'lr': 0.0001, 'n_epochs': 100}
2022-12-16 01:53:26,595|INFO|nn.computeOptunaObjective|Trial 27 balacc:|[0.5]
2022-12-16 01:53:26,595|INFO|nn.computeOptunaObjective|Trial 27 rocauc:|[0.7216373964250351]
2022-12-16 01:53:26,595|INFO|nn.computeOptunaObjective|Trial 27 timings:|1.8604306000000008
2022-12-16 01:53:26,595|INFO|nn.computeOptunaObjective|Trial 27 objective:|0.5
2022-12-16 01:53:29,484|INFO|nn.computeOptunaObjective|Trial 28 params:|{'n_layers': 3, 'architecture': 'top', 'lr': 0.001, 'n_epochs': 150}
2022-12-16 01:53:29,484|INFO|nn.computeOptunaObjective|Trial 28 balacc:|[0.5854786596487571]
2022-12-16 01:53:29,484|INFO|nn.computeOptunaObjective|Trial 28 rocauc:|[0.7663635416123822]
2022-12-16 01:53:29,484|INFO|nn.computeOptunaObjective|Trial 28 timings:|2.8964428999999967
2022-12-16 01:53:29,484|INFO|nn.computeOptunaObjective|Trial 28 objective:|0.5854786596487571
2022-12-16 01:53:31,429|INFO|nn.computeOptunaObjective|Trial 29 params:|{'n_layers': 4, 'architecture': 'outer', 'lr': 0.001, 'n_epochs': 100}
2022-12-16 01:53:31,429|INFO|nn.computeOptunaObjective|Trial 29 balacc:|[0.5774141435197249]
2022-12-16 01:53:31,429|INFO|nn.computeOptunaObjective|Trial 29 rocauc:|[0.766949814998176]
2022-12-16 01:53:31,429|INFO|nn.computeOptunaObjective|Trial 29 timings:|1.9320973999999893
2022-12-16 01:53:31,429|INFO|nn.computeOptunaObjective|Trial 29 objective:|0.5774141435197249
2022-12-16 01:53:35,302|INFO|nn.computeOptunaObjective|Trial 30 params:|{'n_layers': 4, 'architecture': 'linear', 'lr': 0.0001, 'n_epochs': 200}
2022-12-16 01:53:35,302|INFO|nn.computeOptunaObjective|Trial 30 balacc:|[0.5290270467455312]
2022-12-16 01:53:35,302|INFO|nn.computeOptunaObjective|Trial 30 rocauc:|[0.7645526082651519]
2022-12-16 01:53:35,302|INFO|nn.computeOptunaObjective|Trial 30 timings:|3.868621399999995
2022-12-16 01:53:35,302|INFO|nn.computeOptunaObjective|Trial 30 objective:|0.5290270467455312
2022-12-16 01:53:37,280|INFO|nn.computeOptunaObjective|Trial 31 params:|{'n_layers': 3, 'architecture': 'top', 'lr': 0.0001, 'n_epochs': 100}
2022-12-16 01:53:37,280|INFO|nn.computeOptunaObjective|Trial 31 balacc:|[0.5]
2022-12-16 01:53:37,280|INFO|nn.computeOptunaObjective|Trial 31 rocauc:|[0.7485278023867841]
2022-12-16 01:53:37,281|INFO|nn.computeOptunaObjective|Trial 31 timings:|1.9750878999999912
2022-12-16 01:53:37,281|INFO|nn.computeOptunaObjective|Trial 31 objective:|0.5
2022-12-16 01:53:41,117|INFO|nn.computeOptunaObjective|Trial 32 params:|{'n_layers': 4, 'architecture': 'inner', 'lr': 0.001, 'n_epochs': 200}
2022-12-16 01:53:41,117|INFO|nn.computeOptunaObjective|Trial 32 balacc:|[0.5766063890770754]
2022-12-16 01:53:41,117|INFO|nn.computeOptunaObjective|Trial 32 rocauc:|[0.7686304653707854]
2022-12-16 01:53:41,117|INFO|nn.computeOptunaObjective|Trial 32 timings:|3.8337661000000054
2022-12-16 01:53:41,117|INFO|nn.computeOptunaObjective|Trial 32 objective:|0.5766063890770754
2022-12-16 01:53:43,933|INFO|nn.computeOptunaObjective|Trial 33 params:|{'n_layers': 3, 'architecture': 'bottom', 'lr': 0.001, 'n_epochs': 150}
2022-12-16 01:53:43,933|INFO|nn.computeOptunaObjective|Trial 33 balacc:|[0.5830553963208088]
2022-12-16 01:53:43,934|INFO|nn.computeOptunaObjective|Trial 33 rocauc:|[0.7592761477930063]
2022-12-16 01:53:43,934|INFO|nn.computeOptunaObjective|Trial 33 timings:|2.8127429999999976
2022-12-16 01:53:43,934|INFO|nn.computeOptunaObjective|Trial 33 objective:|0.5830553963208088
2022-12-16 01:53:47,601|INFO|nn.computeOptunaObjective|Trial 34 params:|{'n_layers': 3, 'architecture': 'inner', 'lr': 0.001, 'n_epochs': 200}
2022-12-16 01:53:47,601|INFO|nn.computeOptunaObjective|Trial 34 balacc:|[0.5846709052061076]
2022-12-16 01:53:47,602|INFO|nn.computeOptunaObjective|Trial 34 rocauc:|[0.7671973526499557]
2022-12-16 01:53:47,602|INFO|nn.computeOptunaObjective|Trial 34 timings:|3.663852900000009
2022-12-16 01:53:47,602|INFO|nn.computeOptunaObjective|Trial 34 objective:|0.5846709052061076
2022-12-16 01:53:51,640|INFO|nn.computeOptunaObjective|Trial 35 params:|{'n_layers': 4, 'architecture': 'top', 'lr': 0.001, 'n_epochs': 200}
2022-12-16 01:53:51,640|INFO|nn.computeOptunaObjective|Trial 35 balacc:|[0.5766063890770754]
2022-12-16 01:53:51,640|INFO|nn.computeOptunaObjective|Trial 35 rocauc:|[0.7702980874459324]
2022-12-16 01:53:51,640|INFO|nn.computeOptunaObjective|Trial 35 timings:|4.045049999999989
2022-12-16 01:53:51,640|INFO|nn.computeOptunaObjective|Trial 35 objective:|0.5766063890770754
2022-12-16 01:53:54,375|INFO|nn.computeOptunaObjective|Trial 36 params:|{'n_layers': 3, 'architecture': 'bottom', 'lr': 0.0001, 'n_epochs': 150}
2022-12-16 01:53:54,375|INFO|nn.computeOptunaObjective|Trial 36 balacc:|[0.5]
2022-12-16 01:53:54,375|INFO|nn.computeOptunaObjective|Trial 36 rocauc:|[0.7165042472249726]
2022-12-16 01:53:54,375|INFO|nn.computeOptunaObjective|Trial 36 timings:|2.7236830000000083
2022-12-16 01:53:54,375|INFO|nn.computeOptunaObjective|Trial 36 objective:|0.5
2022-12-16 01:53:57,284|INFO|nn.computeOptunaObjective|Trial 37 params:|{'n_layers': 3, 'architecture': 'linear', 'lr': 0.0001, 'n_epochs': 150}
2022-12-16 01:53:57,284|INFO|nn.computeOptunaObjective|Trial 37 balacc:|[0.5306425556308302]
2022-12-16 01:53:57,284|INFO|nn.computeOptunaObjective|Trial 37 rocauc:|[0.7548334983584345]
2022-12-16 01:53:57,284|INFO|nn.computeOptunaObjective|Trial 37 timings:|2.902443000000005
2022-12-16 01:53:57,284|INFO|nn.computeOptunaObjective|Trial 37 objective:|0.5306425556308302
2022-12-16 01:54:01,176|INFO|nn.computeOptunaObjective|Trial 38 params:|{'n_layers': 4, 'architecture': 'bottom', 'lr': 0.001, 'n_epochs': 200}
2022-12-16 01:54:01,176|INFO|nn.computeOptunaObjective|Trial 38 balacc:|[0.5919276668924904]
2022-12-16 01:54:01,176|INFO|nn.computeOptunaObjective|Trial 38 rocauc:|[0.7636406274428058]
2022-12-16 01:54:01,176|INFO|nn.computeOptunaObjective|Trial 38 timings:|3.8887486999999936
2022-12-16 01:54:01,176|INFO|nn.computeOptunaObjective|Trial 38 objective:|0.5919276668924904
2022-12-16 01:54:04,325|INFO|nn.computeOptunaObjective|Trial 39 params:|{'n_layers': 4, 'architecture': 'top', 'lr': 0.0001, 'n_epochs': 150}
2022-12-16 01:54:04,325|INFO|nn.computeOptunaObjective|Trial 39 balacc:|[0.5298348011881807]
2022-12-16 01:54:04,325|INFO|nn.computeOptunaObjective|Trial 39 rocauc:|[0.7647610610245452]
2022-12-16 01:54:04,325|INFO|nn.computeOptunaObjective|Trial 39 timings:|3.151512799999992
2022-12-16 01:54:04,325|INFO|nn.computeOptunaObjective|Trial 39 objective:|0.5298348011881807
2022-12-16 01:54:08,105|INFO|nn.computeOptunaObjective|Trial 40 params:|{'n_layers': 3, 'architecture': 'linear', 'lr': 0.001, 'n_epochs': 200}
2022-12-16 01:54:08,105|INFO|nn.computeOptunaObjective|Trial 40 balacc:|[0.5838631507634582]
2022-12-16 01:54:08,105|INFO|nn.computeOptunaObjective|Trial 40 rocauc:|[0.7649434571890146]
2022-12-16 01:54:08,105|INFO|nn.computeOptunaObjective|Trial 40 timings:|3.7697059000000053
2022-12-16 01:54:08,105|INFO|nn.computeOptunaObjective|Trial 40 objective:|0.5838631507634582
2022-12-16 01:54:11,973|INFO|nn.computeOptunaObjective|Trial 41 params:|{'n_layers': 4, 'architecture': 'outer', 'lr': 0.001, 'n_epochs': 200}
2022-12-16 01:54:11,973|INFO|nn.computeOptunaObjective|Trial 41 balacc:|[0.5838631507634582]
2022-12-16 01:54:11,973|INFO|nn.computeOptunaObjective|Trial 41 rocauc:|[0.768864974725103]
2022-12-16 01:54:11,973|INFO|nn.computeOptunaObjective|Trial 41 timings:|3.8737043
2022-12-16 01:54:11,973|INFO|nn.computeOptunaObjective|Trial 41 objective:|0.5838631507634582
2022-12-16 01:54:14,761|INFO|nn.computeOptunaObjective|Trial 42 params:|{'n_layers': 2, 'architecture': 'linear', 'lr': 0.0001, 'n_epochs': 150}
2022-12-16 01:54:14,762|INFO|nn.computeOptunaObjective|Trial 42 balacc:|[0.5145135233727657]
2022-12-16 01:54:14,762|INFO|nn.computeOptunaObjective|Trial 42 rocauc:|[0.7397988430871852]
2022-12-16 01:54:14,762|INFO|nn.computeOptunaObjective|Trial 42 timings:|2.774380999999977
2022-12-16 01:54:14,762|INFO|nn.computeOptunaObjective|Trial 42 objective:|0.5145135233727657
2022-12-16 01:54:17,602|INFO|nn.computeOptunaObjective|Trial 43 params:|{'n_layers': 4, 'architecture': 'linear', 'lr': 0.0001, 'n_epochs': 150}
2022-12-16 01:54:17,602|INFO|nn.computeOptunaObjective|Trial 43 balacc:|[0.5161290322580645]
2022-12-16 01:54:17,602|INFO|nn.computeOptunaObjective|Trial 43 rocauc:|[0.7592631194955444]
2022-12-16 01:54:17,602|INFO|nn.computeOptunaObjective|Trial 43 timings:|2.8369467999999927
2022-12-16 01:54:17,602|INFO|nn.computeOptunaObjective|Trial 43 objective:|0.5161290322580645
2022-12-16 01:54:21,503|INFO|nn.computeOptunaObjective|Trial 44 params:|{'n_layers': 4, 'architecture': 'outer', 'lr': 0.0001, 'n_epochs': 200}
2022-12-16 01:54:21,503|INFO|nn.computeOptunaObjective|Trial 44 balacc:|[0.5298348011881807]
2022-12-16 01:54:21,503|INFO|nn.computeOptunaObjective|Trial 44 rocauc:|[0.762051175152431]
2022-12-16 01:54:21,503|INFO|nn.computeOptunaObjective|Trial 44 timings:|3.8979525000000024
2022-12-16 01:54:21,503|INFO|nn.computeOptunaObjective|Trial 44 objective:|0.5298348011881807
2022-12-16 01:54:23,383|INFO|nn.computeOptunaObjective|Trial 45 params:|{'n_layers': 4, 'architecture': 'bottom', 'lr': 0.001, 'n_epochs': 100}
2022-12-16 01:54:23,383|INFO|nn.computeOptunaObjective|Trial 45 balacc:|[0.5927354213351399]
2022-12-16 01:54:23,383|INFO|nn.computeOptunaObjective|Trial 45 rocauc:|[0.7562926676741883]
2022-12-16 01:54:23,383|INFO|nn.computeOptunaObjective|Trial 45 timings:|1.8737394999999992
2022-12-16 01:54:23,383|INFO|nn.computeOptunaObjective|Trial 45 objective:|0.5927354213351399
2022-12-16 01:54:27,111|INFO|nn.computeOptunaObjective|Trial 46 params:|{'n_layers': 3, 'architecture': 'inner', 'lr': 0.0001, 'n_epochs': 200}
2022-12-16 01:54:27,111|INFO|nn.computeOptunaObjective|Trial 46 balacc:|[0.5370915628745635]
2022-12-16 01:54:27,111|INFO|nn.computeOptunaObjective|Trial 46 rocauc:|[0.7602011569128145]
2022-12-16 01:54:27,111|INFO|nn.computeOptunaObjective|Trial 46 timings:|3.7236461999999904
2022-12-16 01:54:27,111|INFO|nn.computeOptunaObjective|Trial 46 objective:|0.5370915628745635
2022-12-16 01:54:29,855|INFO|nn.computeOptunaObjective|Trial 47 params:|{'n_layers': 2, 'architecture': 'top', 'lr': 0.001, 'n_epochs': 150}
2022-12-16 01:54:29,855|INFO|nn.computeOptunaObjective|Trial 47 balacc:|[0.5846709052061076]
2022-12-16 01:54:29,855|INFO|nn.computeOptunaObjective|Trial 47 rocauc:|[0.7620251185575069]
2022-12-16 01:54:29,855|INFO|nn.computeOptunaObjective|Trial 47 timings:|2.7462650000000224
2022-12-16 01:54:29,855|INFO|nn.computeOptunaObjective|Trial 47 objective:|0.5846709052061076
2022-12-16 01:54:31,689|INFO|nn.computeOptunaObjective|Trial 48 params:|{'n_layers': 2, 'architecture': 'inner', 'lr': 0.001, 'n_epochs': 100}
2022-12-16 01:54:31,689|INFO|nn.computeOptunaObjective|Trial 48 balacc:|[0.5306425556308302]
2022-12-16 01:54:31,689|INFO|nn.computeOptunaObjective|Trial 48 rocauc:|[0.7629631559747772]
2022-12-16 01:54:31,689|INFO|nn.computeOptunaObjective|Trial 48 timings:|1.8243689999999901
2022-12-16 01:54:31,689|INFO|nn.computeOptunaObjective|Trial 48 objective:|0.5306425556308302
2022-12-16 01:54:35,358|INFO|nn.computeOptunaObjective|Trial 49 params:|{'n_layers': 2, 'architecture': 'outer', 'lr': 0.0001, 'n_epochs': 200}
2022-12-16 01:54:35,358|INFO|nn.computeOptunaObjective|Trial 49 balacc:|[0.5443483245609464]
2022-12-16 01:54:35,358|INFO|nn.computeOptunaObjective|Trial 49 rocauc:|[0.7552504038772214]
2022-12-16 01:54:35,358|INFO|nn.computeOptunaObjective|Trial 49 timings:|3.6639245000000074
2022-12-16 01:54:35,358|INFO|nn.computeOptunaObjective|Trial 49 objective:|0.5443483245609464
2022-12-16 01:54:37,182|INFO|nn.computeOptunaObjective|Trial 50 params:|{'n_layers': 2, 'architecture': 'top', 'lr': 0.001, 'n_epochs': 100}
2022-12-16 01:54:37,182|INFO|nn.computeOptunaObjective|Trial 50 balacc:|[0.5298348011881807]
2022-12-16 01:54:37,182|INFO|nn.computeOptunaObjective|Trial 50 rocauc:|[0.7615821564437959]
2022-12-16 01:54:37,182|INFO|nn.computeOptunaObjective|Trial 50 timings:|1.8192166999999984
2022-12-16 01:54:37,182|INFO|nn.computeOptunaObjective|Trial 50 objective:|0.5298348011881807
2022-12-16 01:54:41,047|INFO|nn.computeOptunaObjective|Trial 51 params:|{'n_layers': 3, 'architecture': 'top', 'lr': 0.001, 'n_epochs': 200}
2022-12-16 01:54:41,047|INFO|nn.computeOptunaObjective|Trial 51 balacc:|[0.5854786596487571]
2022-12-16 01:54:41,047|INFO|nn.computeOptunaObjective|Trial 51 rocauc:|[0.7688258898327167]
2022-12-16 01:54:41,047|INFO|nn.computeOptunaObjective|Trial 51 timings:|3.864530000000002
2022-12-16 01:54:41,047|INFO|nn.computeOptunaObjective|Trial 51 objective:|0.5854786596487571
2022-12-16 01:54:42,887|INFO|nn.computeOptunaObjective|Trial 52 params:|{'n_layers': 2, 'architecture': 'bottom', 'lr': 0.001, 'n_epochs': 100}
2022-12-16 01:54:42,887|INFO|nn.computeOptunaObjective|Trial 52 balacc:|[0.5830553963208088]
2022-12-16 01:54:42,887|INFO|nn.computeOptunaObjective|Trial 52 rocauc:|[0.7627547032153839]
2022-12-16 01:54:42,887|INFO|nn.computeOptunaObjective|Trial 52 timings:|1.8312187000000222
2022-12-16 01:54:42,887|INFO|nn.computeOptunaObjective|Trial 52 objective:|0.5830553963208088
2022-12-16 01:54:45,738|INFO|nn.computeOptunaObjective|Trial 53 params:|{'n_layers': 2, 'architecture': 'outer', 'lr': 0.001, 'n_epochs': 150}
2022-12-16 01:54:45,738|INFO|nn.computeOptunaObjective|Trial 53 balacc:|[0.5612851112616604]
2022-12-16 01:54:45,738|INFO|nn.computeOptunaObjective|Trial 53 rocauc:|[0.7592891760904684]
2022-12-16 01:54:45,738|INFO|nn.computeOptunaObjective|Trial 53 timings:|2.8484248000000036
2022-12-16 01:54:45,738|INFO|nn.computeOptunaObjective|Trial 53 objective:|0.5612851112616604
2022-12-16 01:54:47,770|INFO|nn.computeOptunaObjective|Trial 54 params:|{'n_layers': 3, 'architecture': 'inner', 'lr': 0.001, 'n_epochs': 100}
2022-12-16 01:54:47,770|INFO|nn.computeOptunaObjective|Trial 54 balacc:|[0.5846709052061076]
2022-12-16 01:54:47,770|INFO|nn.computeOptunaObjective|Trial 54 rocauc:|[0.767679399656053]
2022-12-16 01:54:47,770|INFO|nn.computeOptunaObjective|Trial 54 timings:|2.026520099999999
2022-12-16 01:54:47,770|INFO|nn.computeOptunaObjective|Trial 54 objective:|0.5846709052061076
2022-12-16 01:54:50,815|INFO|nn.computeOptunaObjective|Trial 55 params:|{'n_layers': 3, 'architecture': 'inner', 'lr': 0.001, 'n_epochs': 150}
2022-12-16 01:54:50,815|INFO|nn.computeOptunaObjective|Trial 55 balacc:|[0.5774141435197249]
2022-12-16 01:54:50,815|INFO|nn.computeOptunaObjective|Trial 55 rocauc:|[0.7674579185991975]
2022-12-16 01:54:50,815|INFO|nn.computeOptunaObjective|Trial 55 timings:|3.047017299999993
2022-12-16 01:54:50,815|INFO|nn.computeOptunaObjective|Trial 55 objective:|0.5774141435197249
2022-12-16 01:54:53,872|INFO|nn.computeOptunaObjective|Trial 56 params:|{'n_layers': 4, 'architecture': 'bottom', 'lr': 0.0001, 'n_epochs': 150}
2022-12-16 01:54:53,872|INFO|nn.computeOptunaObjective|Trial 56 balacc:|[0.5]
2022-12-16 01:54:53,872|INFO|nn.computeOptunaObjective|Trial 56 rocauc:|[0.7154619834280056]
2022-12-16 01:54:53,873|INFO|nn.computeOptunaObjective|Trial 56 timings:|3.044766399999986
2022-12-16 01:54:53,873|INFO|nn.computeOptunaObjective|Trial 56 objective:|0.5
2022-12-16 01:54:55,908|INFO|nn.computeOptunaObjective|Trial 57 params:|{'n_layers': 2, 'architecture': 'linear', 'lr': 0.001, 'n_epochs': 100}
2022-12-16 01:54:55,908|INFO|nn.computeOptunaObjective|Trial 57 balacc:|[0.5838631507634582]
2022-12-16 01:54:55,908|INFO|nn.computeOptunaObjective|Trial 57 rocauc:|[0.7634321746834123]
2022-12-16 01:54:55,908|INFO|nn.computeOptunaObjective|Trial 57 timings:|2.0318266000000165
2022-12-16 01:54:55,908|INFO|nn.computeOptunaObjective|Trial 57 objective:|0.5838631507634582
2022-12-16 01:55:00,045|INFO|nn.computeOptunaObjective|Trial 58 params:|{'n_layers': 2, 'architecture': 'top', 'lr': 0.0001, 'n_epochs': 200}
2022-12-16 01:55:00,045|INFO|nn.computeOptunaObjective|Trial 58 balacc:|[0.5362838084319141]
2022-12-16 01:55:00,045|INFO|nn.computeOptunaObjective|Trial 58 rocauc:|[0.7602793266975872]
2022-12-16 01:55:00,045|INFO|nn.computeOptunaObjective|Trial 58 timings:|4.131779200000011
2022-12-16 01:55:00,045|INFO|nn.computeOptunaObjective|Trial 58 objective:|0.5362838084319141
2022-12-16 01:55:02,078|INFO|nn.computeOptunaObjective|Trial 59 params:|{'n_layers': 2, 'architecture': 'linear', 'lr': 0.0001, 'n_epochs': 100}
2022-12-16 01:55:02,078|INFO|nn.computeOptunaObjective|Trial 59 balacc:|[0.5]
2022-12-16 01:55:02,078|INFO|nn.computeOptunaObjective|Trial 59 rocauc:|[0.6968054614622962]
2022-12-16 01:55:02,078|INFO|nn.computeOptunaObjective|Trial 59 timings:|2.031150000000025
2022-12-16 01:55:02,078|INFO|nn.computeOptunaObjective|Trial 59 objective:|0.5
2022-12-16 01:55:06,170|INFO|nn.computeOptunaObjective|Trial 60 params:|{'n_layers': 2, 'architecture': 'linear', 'lr': 0.0001, 'n_epochs': 200}
2022-12-16 01:55:06,170|INFO|nn.computeOptunaObjective|Trial 60 balacc:|[0.5443483245609464]
2022-12-16 01:55:06,171|INFO|nn.computeOptunaObjective|Trial 60 rocauc:|[0.7545208192193444]
2022-12-16 01:55:06,171|INFO|nn.computeOptunaObjective|Trial 60 timings:|4.084193199999987
2022-12-16 01:55:06,171|INFO|nn.computeOptunaObjective|Trial 60 objective:|0.5443483245609464
2022-12-16 01:55:08,160|INFO|nn.computeOptunaObjective|Trial 61 params:|{'n_layers': 2, 'architecture': 'outer', 'lr': 0.001, 'n_epochs': 100}
2022-12-16 01:55:08,160|INFO|nn.computeOptunaObjective|Trial 61 balacc:|[0.5838631507634582]
2022-12-16 01:55:08,160|INFO|nn.computeOptunaObjective|Trial 61 rocauc:|[0.765177966543332]
2022-12-16 01:55:08,160|INFO|nn.computeOptunaObjective|Trial 61 timings:|1.9982703000000015
2022-12-16 01:55:08,160|INFO|nn.computeOptunaObjective|Trial 61 objective:|0.5838631507634582
2022-12-16 01:55:11,269|INFO|nn.computeOptunaObjective|Trial 62 params:|{'n_layers': 4, 'architecture': 'bottom', 'lr': 0.001, 'n_epochs': 150}
2022-12-16 01:55:11,269|INFO|nn.computeOptunaObjective|Trial 62 balacc:|[0.5838631507634582]
2022-12-16 01:55:11,269|INFO|nn.computeOptunaObjective|Trial 62 rocauc:|[0.7622075147219761]
2022-12-16 01:55:11,269|INFO|nn.computeOptunaObjective|Trial 62 timings:|3.094649199999992
2022-12-16 01:55:11,269|INFO|nn.computeOptunaObjective|Trial 62 objective:|0.5838631507634582
2022-12-16 01:55:14,340|INFO|nn.computeOptunaObjective|Trial 63 params:|{'n_layers': 2, 'architecture': 'top', 'lr': 0.0001, 'n_epochs': 150}
2022-12-16 01:55:14,340|INFO|nn.computeOptunaObjective|Trial 63 balacc:|[0.5306425556308302]
2022-12-16 01:55:14,340|INFO|nn.computeOptunaObjective|Trial 63 rocauc:|[0.751029235499505]
2022-12-16 01:55:14,340|INFO|nn.computeOptunaObjective|Trial 63 timings:|3.063984099999999
2022-12-16 01:55:14,340|INFO|nn.computeOptunaObjective|Trial 63 objective:|0.5306425556308302
2022-12-16 01:55:17,359|INFO|nn.computeOptunaObjective|Trial 64 params:|{'n_layers': 3, 'architecture': 'inner', 'lr': 0.0001, 'n_epochs': 150}
2022-12-16 01:55:17,359|INFO|nn.computeOptunaObjective|Trial 64 balacc:|[0.5225780395017979]
2022-12-16 01:55:17,359|INFO|nn.computeOptunaObjective|Trial 64 rocauc:|[0.7614779300640991]
2022-12-16 01:55:17,359|INFO|nn.computeOptunaObjective|Trial 64 timings:|3.011500199999972
2022-12-16 01:55:17,359|INFO|nn.computeOptunaObjective|Trial 64 objective:|0.5225780395017979
2022-12-16 01:55:19,450|INFO|nn.computeOptunaObjective|Trial 65 params:|{'n_layers': 3, 'architecture': 'outer', 'lr': 0.0001, 'n_epochs': 100}
2022-12-16 01:55:19,450|INFO|nn.computeOptunaObjective|Trial 65 balacc:|[0.5]
2022-12-16 01:55:19,450|INFO|nn.computeOptunaObjective|Trial 65 rocauc:|[0.7243993954869977]
2022-12-16 01:55:19,450|INFO|nn.computeOptunaObjective|Trial 65 timings:|2.0892900000000054
2022-12-16 01:55:19,450|INFO|nn.computeOptunaObjective|Trial 65 objective:|0.5
2022-12-16 01:55:22,384|INFO|nn.computeOptunaObjective|Trial 66 params:|{'n_layers': 2, 'architecture': 'inner', 'lr': 0.001, 'n_epochs': 150}
2022-12-16 01:55:22,384|INFO|nn.computeOptunaObjective|Trial 66 balacc:|[0.5362838084319141]
2022-12-16 01:55:22,385|INFO|nn.computeOptunaObjective|Trial 66 rocauc:|[0.7605398926468288]
2022-12-16 01:55:22,385|INFO|nn.computeOptunaObjective|Trial 66 timings:|2.9244724000000133
2022-12-16 01:55:22,385|INFO|nn.computeOptunaObjective|Trial 66 objective:|0.5362838084319141
2022-12-16 01:55:24,520|INFO|nn.computeOptunaObjective|Trial 67 params:|{'n_layers': 4, 'architecture': 'linear', 'lr': 0.0001, 'n_epochs': 100}
2022-12-16 01:55:24,520|INFO|nn.computeOptunaObjective|Trial 67 balacc:|[0.5]
2022-12-16 01:55:24,520|INFO|nn.computeOptunaObjective|Trial 67 rocauc:|[0.7391734848090051]
2022-12-16 01:55:24,520|INFO|nn.computeOptunaObjective|Trial 67 timings:|2.1381633999999963
2022-12-16 01:55:24,520|INFO|nn.computeOptunaObjective|Trial 67 objective:|0.5
2022-12-16 01:55:26,465|INFO|nn.computeOptunaObjective|Trial 68 params:|{'n_layers': 2, 'architecture': 'outer', 'lr': 0.0001, 'n_epochs': 100}
2022-12-16 01:55:26,465|INFO|nn.computeOptunaObjective|Trial 68 balacc:|[0.5]
2022-12-16 01:55:26,465|INFO|nn.computeOptunaObjective|Trial 68 rocauc:|[0.6950857261973006]
2022-12-16 01:55:26,465|INFO|nn.computeOptunaObjective|Trial 68 timings:|1.9408604000000196
2022-12-16 01:55:26,465|INFO|nn.computeOptunaObjective|Trial 68 objective:|0.5
2022-12-16 01:55:29,566|INFO|nn.computeOptunaObjective|Trial 69 params:|{'n_layers': 4, 'architecture': 'inner', 'lr': 0.0001, 'n_epochs': 150}
2022-12-16 01:55:29,566|INFO|nn.computeOptunaObjective|Trial 69 balacc:|[0.5]
2022-12-16 01:55:29,566|INFO|nn.computeOptunaObjective|Trial 69 rocauc:|[0.7639011933920475]
2022-12-16 01:55:29,566|INFO|nn.computeOptunaObjective|Trial 69 timings:|3.096775500000007
2022-12-16 01:55:29,566|INFO|nn.computeOptunaObjective|Trial 69 objective:|0.5
2022-12-16 01:55:33,692|INFO|nn.computeOptunaObjective|Trial 70 params:|{'n_layers': 4, 'architecture': 'top', 'lr': 0.0001, 'n_epochs': 200}
2022-12-16 01:55:33,692|INFO|nn.computeOptunaObjective|Trial 70 balacc:|[0.5693496273906926]
2022-12-16 01:55:33,692|INFO|nn.computeOptunaObjective|Trial 70 rocauc:|[0.7670279847829484]
2022-12-16 01:55:33,692|INFO|nn.computeOptunaObjective|Trial 70 timings:|4.1157288999999935
2022-12-16 01:55:33,692|INFO|nn.computeOptunaObjective|Trial 70 objective:|0.5693496273906926
2022-12-16 01:55:35,546|INFO|nn.computeOptunaObjective|Trial 71 params:|{'n_layers': 2, 'architecture': 'inner', 'lr': 0.0001, 'n_epochs': 100}
2022-12-16 01:55:35,546|INFO|nn.computeOptunaObjective|Trial 71 balacc:|[0.5]
2022-12-16 01:55:35,546|INFO|nn.computeOptunaObjective|Trial 71 rocauc:|[0.7001146490176663]
2022-12-16 01:55:35,546|INFO|nn.computeOptunaObjective|Trial 71 timings:|1.8480396000000212
2022-12-16 01:55:35,546|INFO|nn.computeOptunaObjective|Trial 71 objective:|0.5
2022-12-16 01:55:37,385|INFO|nn.computeOptunaObjective|Trial 72 params:|{'n_layers': 2, 'architecture': 'top', 'lr': 0.0001, 'n_epochs': 100}
2022-12-16 01:55:37,385|INFO|nn.computeOptunaObjective|Trial 72 balacc:|[0.5]
2022-12-16 01:55:37,385|INFO|nn.computeOptunaObjective|Trial 72 rocauc:|[0.7261191307519933]
2022-12-16 01:55:37,385|INFO|nn.computeOptunaObjective|Trial 72 timings:|1.8278946000000076
2022-12-16 01:55:37,385|INFO|nn.computeOptunaObjective|Trial 72 objective:|0.5
2022-12-16 01:55:41,331|INFO|nn.computeOptunaObjective|Trial 73 params:|{'n_layers': 4, 'architecture': 'inner', 'lr': 0.0001, 'n_epochs': 200}
2022-12-16 01:55:41,331|INFO|nn.computeOptunaObjective|Trial 73 balacc:|[0.5370915628745635]
2022-12-16 01:55:41,331|INFO|nn.computeOptunaObjective|Trial 73 rocauc:|[0.7685913804783989]
2022-12-16 01:55:41,331|INFO|nn.computeOptunaObjective|Trial 73 timings:|3.9507420000000195
2022-12-16 01:55:41,331|INFO|nn.computeOptunaObjective|Trial 73 objective:|0.5370915628745635
2022-12-16 01:55:43,383|INFO|nn.computeOptunaObjective|Trial 74 params:|{'n_layers': 3, 'architecture': 'linear', 'lr': 0.001, 'n_epochs': 100}
2022-12-16 01:55:43,383|INFO|nn.computeOptunaObjective|Trial 74 balacc:|[0.5766063890770754]
2022-12-16 01:55:43,383|INFO|nn.computeOptunaObjective|Trial 74 rocauc:|[0.7677054562509771]
2022-12-16 01:55:43,383|INFO|nn.computeOptunaObjective|Trial 74 timings:|2.0415351999999984
2022-12-16 01:55:43,383|INFO|nn.computeOptunaObjective|Trial 74 objective:|0.5766063890770754
2022-12-16 01:55:47,349|INFO|nn.computeOptunaObjective|Trial 75 params:|{'n_layers': 3, 'architecture': 'bottom', 'lr': 0.001, 'n_epochs': 200}
2022-12-16 01:55:47,349|INFO|nn.computeOptunaObjective|Trial 75 balacc:|[0.5975689196935744]
2022-12-16 01:55:47,349|INFO|nn.computeOptunaObjective|Trial 75 rocauc:|[0.7661160039606025]
2022-12-16 01:55:47,349|INFO|nn.computeOptunaObjective|Trial 75 timings:|3.958898399999981
2022-12-16 01:55:47,349|INFO|nn.computeOptunaObjective|Trial 75 objective:|0.5975689196935744
2022-12-16 01:55:49,363|INFO|nn.computeOptunaObjective|Trial 76 params:|{'n_layers': 2, 'architecture': 'bottom', 'lr': 0.0001, 'n_epochs': 100}
2022-12-16 01:55:49,363|INFO|nn.computeOptunaObjective|Trial 76 balacc:|[0.5]
2022-12-16 01:55:49,363|INFO|nn.computeOptunaObjective|Trial 76 rocauc:|[0.6421908385012247]
2022-12-16 01:55:49,363|INFO|nn.computeOptunaObjective|Trial 76 timings:|2.005452599999984
2022-12-16 01:55:49,363|INFO|nn.computeOptunaObjective|Trial 76 objective:|0.5
2022-12-16 01:55:51,505|INFO|nn.computeOptunaObjective|Trial 77 params:|{'n_layers': 4, 'architecture': 'outer', 'lr': 0.0001, 'n_epochs': 100}
2022-12-16 01:55:51,505|INFO|nn.computeOptunaObjective|Trial 77 balacc:|[0.5]
2022-12-16 01:55:51,505|INFO|nn.computeOptunaObjective|Trial 77 rocauc:|[0.7364114857470426]
2022-12-16 01:55:51,505|INFO|nn.computeOptunaObjective|Trial 77 timings:|2.1479488999999887
2022-12-16 01:55:51,505|INFO|nn.computeOptunaObjective|Trial 77 objective:|0.5
2022-12-16 01:55:55,386|INFO|nn.computeOptunaObjective|Trial 78 params:|{'n_layers': 2, 'architecture': 'linear', 'lr': 0.001, 'n_epochs': 200}
2022-12-16 01:55:55,387|INFO|nn.computeOptunaObjective|Trial 78 balacc:|[0.5911199124498411]
2022-12-16 01:55:55,387|INFO|nn.computeOptunaObjective|Trial 78 rocauc:|[0.7640575329615925]
2022-12-16 01:55:55,387|INFO|nn.computeOptunaObjective|Trial 78 timings:|3.861436600000019
2022-12-16 01:55:55,387|INFO|nn.computeOptunaObjective|Trial 78 objective:|0.5911199124498411
2022-12-16 01:55:58,409|INFO|nn.computeOptunaObjective|Trial 79 params:|{'n_layers': 3, 'architecture': 'top', 'lr': 0.0001, 'n_epochs': 150}
2022-12-16 01:55:58,409|INFO|nn.computeOptunaObjective|Trial 79 balacc:|[0.5298348011881807]
2022-12-16 01:55:58,409|INFO|nn.computeOptunaObjective|Trial 79 rocauc:|[0.7629631559747773]
2022-12-16 01:55:58,409|INFO|nn.computeOptunaObjective|Trial 79 timings:|3.0182517000000075
2022-12-16 01:55:58,409|INFO|nn.computeOptunaObjective|Trial 79 objective:|0.5298348011881807
2022-12-16 01:56:02,234|INFO|nn.computeOptunaObjective|Trial 80 params:|{'n_layers': 3, 'architecture': 'outer', 'lr': 0.001, 'n_epochs': 200}
2022-12-16 01:56:02,234|INFO|nn.computeOptunaObjective|Trial 80 balacc:|[0.5838631507634582]
2022-12-16 01:56:02,234|INFO|nn.computeOptunaObjective|Trial 80 rocauc:|[0.7666762207514721]
2022-12-16 01:56:02,234|INFO|nn.computeOptunaObjective|Trial 80 timings:|3.8177419000000157
2022-12-16 01:56:02,234|INFO|nn.computeOptunaObjective|Trial 80 objective:|0.5838631507634582
2022-12-16 01:56:05,252|INFO|nn.computeOptunaObjective|Trial 81 params:|{'n_layers': 4, 'architecture': 'outer', 'lr': 0.0001, 'n_epochs': 150}
2022-12-16 01:56:05,252|INFO|nn.computeOptunaObjective|Trial 81 balacc:|[0.5241935483870968]
2022-12-16 01:56:05,252|INFO|nn.computeOptunaObjective|Trial 81 rocauc:|[0.7627547032153839]
2022-12-16 01:56:05,252|INFO|nn.computeOptunaObjective|Trial 81 timings:|3.0108855000000005
2022-12-16 01:56:05,252|INFO|nn.computeOptunaObjective|Trial 81 objective:|0.5241935483870968
2022-12-16 01:56:08,933|INFO|nn.computeOptunaObjective|Trial 82 params:|{'n_layers': 2, 'architecture': 'bottom', 'lr': 0.0001, 'n_epochs': 200}
2022-12-16 01:56:08,933|INFO|nn.computeOptunaObjective|Trial 82 balacc:|[0.5370915628745635]
2022-12-16 01:56:08,933|INFO|nn.computeOptunaObjective|Trial 82 rocauc:|[0.7431862004273281]
2022-12-16 01:56:08,933|INFO|nn.computeOptunaObjective|Trial 82 timings:|3.677022800000003
2022-12-16 01:56:08,933|INFO|nn.computeOptunaObjective|Trial 82 objective:|0.5370915628745635
2022-12-16 01:56:11,937|INFO|nn.computeOptunaObjective|Trial 83 params:|{'n_layers': 4, 'architecture': 'inner', 'lr': 0.001, 'n_epochs': 150}
2022-12-16 01:56:11,937|INFO|nn.computeOptunaObjective|Trial 83 balacc:|[0.5774141435197249]
2022-12-16 01:56:11,937|INFO|nn.computeOptunaObjective|Trial 83 rocauc:|[0.7712361248632029]
2022-12-16 01:56:11,937|INFO|nn.computeOptunaObjective|Trial 83 timings:|2.995737599999984
2022-12-16 01:56:11,937|INFO|nn.computeOptunaObjective|Trial 83 objective:|0.5774141435197249
2022-12-16 01:56:13,788|INFO|nn.computeOptunaObjective|Trial 84 params:|{'n_layers': 3, 'architecture': 'bottom', 'lr': 0.0001, 'n_epochs': 100}
2022-12-16 01:56:13,788|INFO|nn.computeOptunaObjective|Trial 84 balacc:|[0.5]
2022-12-16 01:56:13,788|INFO|nn.computeOptunaObjective|Trial 84 rocauc:|[0.6418781593621347]
2022-12-16 01:56:13,788|INFO|nn.computeOptunaObjective|Trial 84 timings:|1.8590666999999996
2022-12-16 01:56:13,788|INFO|nn.computeOptunaObjective|Trial 84 objective:|0.5
2022-12-16 01:56:15,811|INFO|nn.computeOptunaObjective|Trial 85 params:|{'n_layers': 4, 'architecture': 'linear', 'lr': 0.001, 'n_epochs': 100}
2022-12-16 01:56:15,811|INFO|nn.computeOptunaObjective|Trial 85 balacc:|[0.5846709052061076]
2022-12-16 01:56:15,811|INFO|nn.computeOptunaObjective|Trial 85 rocauc:|[0.7698160404398353]
2022-12-16 01:56:15,811|INFO|nn.computeOptunaObjective|Trial 85 timings:|2.001429800000011
2022-12-16 01:56:15,811|INFO|nn.computeOptunaObjective|Trial 85 objective:|0.5846709052061076
2022-12-16 01:56:18,681|INFO|nn.computeOptunaObjective|Trial 86 params:|{'n_layers': 3, 'architecture': 'linear', 'lr': 0.001, 'n_epochs': 150}
2022-12-16 01:56:18,681|INFO|nn.computeOptunaObjective|Trial 86 balacc:|[0.5774141435197249]
2022-12-16 01:56:18,681|INFO|nn.computeOptunaObjective|Trial 86 rocauc:|[0.7650997967585595]
2022-12-16 01:56:18,681|INFO|nn.computeOptunaObjective|Trial 86 timings:|2.8636610000000076
2022-12-16 01:56:18,681|INFO|nn.computeOptunaObjective|Trial 86 objective:|0.5774141435197249
2022-12-16 01:56:20,692|INFO|nn.computeOptunaObjective|Trial 87 params:|{'n_layers': 4, 'architecture': 'inner', 'lr': 0.0001, 'n_epochs': 100}
2022-12-16 01:56:20,692|INFO|nn.computeOptunaObjective|Trial 87 balacc:|[0.5]
2022-12-16 01:56:20,692|INFO|nn.computeOptunaObjective|Trial 87 rocauc:|[0.739434050758247]
2022-12-16 01:56:20,692|INFO|nn.computeOptunaObjective|Trial 87 timings:|2.004778799999997
2022-12-16 01:56:20,692|INFO|nn.computeOptunaObjective|Trial 87 objective:|0.5
2022-12-16 01:56:24,463|INFO|nn.computeOptunaObjective|Trial 88 params:|{'n_layers': 4, 'architecture': 'bottom', 'lr': 0.0001, 'n_epochs': 200}
2022-12-16 01:56:24,463|INFO|nn.computeOptunaObjective|Trial 88 balacc:|[0.5153212778154151]
2022-12-16 01:56:24,463|INFO|nn.computeOptunaObjective|Trial 88 rocauc:|[0.7324508833185679]
2022-12-16 01:56:24,463|INFO|nn.computeOptunaObjective|Trial 88 timings:|3.7638386000000423
2022-12-16 01:56:24,463|INFO|nn.computeOptunaObjective|Trial 88 objective:|0.5153212778154151
2022-12-16 01:56:27,431|INFO|nn.computeOptunaObjective|Trial 89 params:|{'n_layers': 4, 'architecture': 'outer', 'lr': 0.001, 'n_epochs': 150}
2022-12-16 01:56:27,431|INFO|nn.computeOptunaObjective|Trial 89 balacc:|[0.5774141435197249]
2022-12-16 01:56:27,431|INFO|nn.computeOptunaObjective|Trial 89 rocauc:|[0.767692427953515]
2022-12-16 01:56:27,431|INFO|nn.computeOptunaObjective|Trial 89 timings:|2.9616000999999983
2022-12-16 01:56:27,431|INFO|nn.computeOptunaObjective|Trial 89 objective:|0.5774141435197249
2022-12-16 01:56:27,435|INFO|mtg.runMTGExperiment|Best trial number:|10
2022-12-16 01:56:27,435|INFO|mtg.runMTGExperiment|Best trial objective:|0.5983766741362239
2022-12-16 01:56:27,435|INFO|mtg.runMTGExperiment|Best trial params:|{'n_layers': 2, 'architecture': 'bottom', 'lr': 0.001, 'n_epochs': 200}
2022-12-16 01:56:27,454|INFO|nn.loadModellingDataset|Trainval descriptors loaded (features, instances):|1024|3132
2022-12-16 01:56:27,454|INFO|nn.loadModellingDataset|Trainval endpoints loaded (tasks, instances):|1|3132
2022-12-16 01:56:27,456|INFO|nn.loadModellingDataset|Test descriptors loaded (features, instances):|1024|272
2022-12-16 01:56:27,457|INFO|nn.loadModellingDataset|Test endpoints loaded (tasks, instances):|1|272
2022-12-16 01:56:27,457|INFO|mtg.runMTGExperiment|Final neural network hyperparams:|{'n_layers': 2, 'architecture': 'bottom', 'lr': 0.001, 'n_epochs': 200, 'best_trial_num': 10}
2022-12-16 01:56:31,985|INFO|nn.testFinalModel|Final model test balacc:|[0.6339271255060729]
2022-12-16 01:56:31,985|INFO|nn.testFinalModel|Final model test rocauc:|[0.9076923076923078]
2022-12-16 01:56:31,989|INFO|mtg.runMTGExperiment|Mechanistic task grouping experiment timing:|267.8754138
2022-12-16 01:56:31,989|INFO|mtg.runMTGExperiment|DONE
