2022-12-16 02:37:51,668|INFO|__main__.startLogging|>>>> START LOGGING A GMTAMES EXPERIMENT
2022-12-16 02:37:51,668|INFO|__main__.startLogging|mode:|mtg
2022-12-16 02:37:51,668|INFO|__main__.startLogging|tasks:|TA100,TA100_S9,TA102,TA102_S9,TA104,TA104_S9,TA1535,TA1535_S9
2022-12-16 02:37:51,668|INFO|__main__.startLogging|output:|mtg_experiment
2022-12-16 02:37:51,668|INFO|__main__.startLogging|device:|titanv
2022-12-16 02:37:51,668|INFO|__main__.startLogging|DONE
2022-12-16 02:37:51,668|INFO|mtg.runMTGExperiment|>>>> RUNNING MECHANISTIC TASK GROUPING EXPERIMENT
2022-12-16 02:37:51,676|INFO|data.generateModellingDatasets|>>>> GENERATING MODELLING DATASETS
2022-12-16 02:37:51,676|INFO|data.generateModellingDatasets|Task list parsed:|['TA100', 'TA100_S9', 'TA102', 'TA102_S9', 'TA104', 'TA104_S9', 'TA1535', 'TA1535_S9']
2022-12-16 02:37:54,681|INFO|data.generateModellingDatasets|Modelling train dataset generated: (rows, columns)|6428|1033
2022-12-16 02:37:54,758|INFO|data.generateModellingDatasets|Modelling val dataset generated: (rows, columns)|2485|1033
2022-12-16 02:37:55,052|INFO|data.generateModellingDatasets|Modelling trainval dataset generated: (rows, columns)|7352|1033
2022-12-16 02:37:55,089|INFO|data.generateModellingDatasets|Modelling test dataset generated: (rows, columns)|1412|1033
2022-12-16 02:37:55,089|INFO|data.generateModellingDatasets|Modelling datasets generation timing:|3.4223715000000006
2022-12-16 02:37:55,089|INFO|data.generateModellingDatasets|DONE
2022-12-16 02:37:55,110|INFO|mtg.runMTGExperiment|Device confirmed:|cuda:0
2022-12-16 02:37:56,259|INFO|nn.loadModellingDataset|Train descriptors loaded (features, instances):|1024|6428
2022-12-16 02:37:56,259|INFO|nn.loadModellingDataset|Train endpoints loaded (tasks, instances):|8|6428
2022-12-16 02:37:56,276|INFO|nn.loadModellingDataset|Val descriptors loaded (features, instances):|1024|2485
2022-12-16 02:37:56,276|INFO|nn.loadModellingDataset|Val endpoints loaded (tasks, instances):|8|2485
2022-12-16 02:38:08,036|INFO|nn.computeOptunaObjective|Trial 0 params:|{'n_layers': 2, 'architecture': 'top', 'lr': 0.001, 'n_epochs': 200}
2022-12-16 02:38:08,036|INFO|nn.computeOptunaObjective|Trial 0 balacc:|[0.6664645239539115, 0.6786744096579772, 0.6990015360983103, 0.7069238900634249, 0.7022727272727273, 0.5846338535414166, 0.6118439766747261, 0.6304809341063118]
2022-12-16 02:38:08,036|INFO|nn.computeOptunaObjective|Trial 0 rocauc:|[0.7694579206252948, 0.7655155989521315, 0.8689708141321044, 0.8776427061310783, 0.796969696969697, 0.6878751500600241, 0.8104643720665623, 0.7195945945945946]
2022-12-16 02:38:08,036|INFO|nn.computeOptunaObjective|Trial 0 timings:|11.7591592
2022-12-16 02:38:08,037|INFO|nn.computeOptunaObjective|Trial 0 objective:|0.6600369814211007
2022-12-16 02:38:13,883|INFO|nn.computeOptunaObjective|Trial 1 params:|{'n_layers': 4, 'architecture': 'top', 'lr': 0.001, 'n_epochs': 100}
2022-12-16 02:38:13,883|INFO|nn.computeOptunaObjective|Trial 1 balacc:|[0.6853817128225861, 0.6876509058933445, 0.801689708141321, 0.7891120507399577, 0.6977272727272728, 0.6536614645858343, 0.6547432797610582, 0.6079039764840368]
2022-12-16 02:38:13,883|INFO|nn.computeOptunaObjective|Trial 1 rocauc:|[0.7876911933158143, 0.7511953395497096, 0.8973886328725038, 0.8851744186046512, 0.7992424242424242, 0.7346938775510204, 0.7992817522400797, 0.7508063199150813]
2022-12-16 02:38:13,883|INFO|nn.computeOptunaObjective|Trial 1 timings:|5.855853100000001
2022-12-16 02:38:13,883|INFO|nn.computeOptunaObjective|Trial 1 objective:|0.6972337963944264
2022-12-16 02:38:19,367|INFO|nn.computeOptunaObjective|Trial 2 params:|{'n_layers': 3, 'architecture': 'outer', 'lr': 0.001, 'n_epochs': 100}
2022-12-16 02:38:19,367|INFO|nn.computeOptunaObjective|Trial 2 balacc:|[0.6853817128225861, 0.6823144704783191, 0.7658986175115208, 0.7325581395348837, 0.693939393939394, 0.5948379351740697, 0.6434984354999289, 0.6259083857271168]
2022-12-16 02:38:19,367|INFO|nn.computeOptunaObjective|Trial 2 rocauc:|[0.7847803382521393, 0.7739315221572902, 0.8864823348694315, 0.8686575052854123, 0.806060606060606, 0.6584633853541416, 0.8050064002275636, 0.7118784192047032]
2022-12-16 02:38:19,367|INFO|nn.computeOptunaObjective|Trial 2 timings:|5.4768875
2022-12-16 02:38:19,367|INFO|nn.computeOptunaObjective|Trial 2 objective:|0.6780421363359774
2022-12-16 02:38:24,755|INFO|nn.computeOptunaObjective|Trial 3 params:|{'n_layers': 4, 'architecture': 'bottom', 'lr': 0.0001, 'n_epochs': 100}
2022-12-16 02:38:24,755|INFO|nn.computeOptunaObjective|Trial 3 balacc:|[0.5, 0.4996830747247513, 0.49731182795698925, 0.5, 0.5, 0.5, 0.5, 0.5]
2022-12-16 02:38:24,755|INFO|nn.computeOptunaObjective|Trial 3 rocauc:|[0.5851071356377603, 0.5641178302526242, 0.6115207373271889, 0.6239429175475687, 0.5060606060606061, 0.5618247298919568, 0.6663881382449155, 0.6179166326447294]
2022-12-16 02:38:24,755|INFO|nn.computeOptunaObjective|Trial 3 timings:|5.394787399999995
2022-12-16 02:38:24,755|INFO|nn.computeOptunaObjective|Trial 3 objective:|0.4996243628352176
2022-12-16 02:38:32,769|INFO|nn.computeOptunaObjective|Trial 4 params:|{'n_layers': 2, 'architecture': 'bottom', 'lr': 0.001, 'n_epochs': 150}
2022-12-16 02:38:32,769|INFO|nn.computeOptunaObjective|Trial 4 balacc:|[0.6575264470049188, 0.6697510396248191, 0.707910906298003, 0.7069238900634249, 0.731060606060606, 0.6356542617046819, 0.6322358128289006, 0.6289703600881849]
2022-12-16 02:38:32,769|INFO|nn.computeOptunaObjective|Trial 4 rocauc:|[0.7527929384812345, 0.7507648341180134, 0.8553763440860215, 0.892970401691332, 0.8083333333333333, 0.7214885954381752, 0.7965616555255298, 0.711000653221197]
2022-12-16 02:38:32,769|INFO|nn.computeOptunaObjective|Trial 4 timings:|8.004500700000001
2022-12-16 02:38:32,769|INFO|nn.computeOptunaObjective|Trial 4 objective:|0.6712541654591924
2022-12-16 02:38:43,626|INFO|nn.computeOptunaObjective|Trial 5 params:|{'n_layers': 3, 'architecture': 'outer', 'lr': 0.0001, 'n_epochs': 200}
2022-12-16 02:38:43,626|INFO|nn.computeOptunaObjective|Trial 5 balacc:|[0.6205275924802911, 0.6351878652426401, 0.7356374807987711, 0.7523784355179703, 0.7227272727272727, 0.6254501800720288, 0.5450149338643152, 0.5622397321793092]
2022-12-16 02:38:43,627|INFO|nn.computeOptunaObjective|Trial 5 rocauc:|[0.7405548817465131, 0.7490959385934379, 0.8800307219662058, 0.9022198731501058, 0.7787878787878788, 0.7719087635054023, 0.773698620395392, 0.6927104597044174]
2022-12-16 02:38:43,627|INFO|nn.computeOptunaObjective|Trial 5 timings:|10.849601799999995
2022-12-16 02:38:43,627|INFO|nn.computeOptunaObjective|Trial 5 objective:|0.6498954366103248
2022-12-16 02:38:49,386|INFO|nn.computeOptunaObjective|Trial 6 params:|{'n_layers': 4, 'architecture': 'top', 'lr': 0.0001, 'n_epochs': 100}
2022-12-16 02:38:49,386|INFO|nn.computeOptunaObjective|Trial 6 balacc:|[0.504989555959841, 0.5, 0.5115975422427035, 0.5227272727272727, 0.5659090909090909, 0.5486194477791116, 0.5, 0.5]
2022-12-16 02:38:49,386|INFO|nn.computeOptunaObjective|Trial 6 rocauc:|[0.7234232868405094, 0.7162712733801087, 0.8476190476190476, 0.8932346723044398, 0.7643939393939394, 0.7418967587034814, 0.7532712274214194, 0.6726034947334041]
2022-12-16 02:38:49,386|INFO|nn.computeOptunaObjective|Trial 6 timings:|5.757316699999997
2022-12-16 02:38:49,386|INFO|nn.computeOptunaObjective|Trial 6 objective:|0.5192303637022524
2022-12-16 02:38:54,953|INFO|nn.computeOptunaObjective|Trial 7 params:|{'n_layers': 3, 'architecture': 'bottom', 'lr': 0.001, 'n_epochs': 100}
2022-12-16 02:38:54,953|INFO|nn.computeOptunaObjective|Trial 7 balacc:|[0.65494912741729, 0.6682928169710737, 0.7427035330261136, 0.7576638477801269, 0.7333333333333334, 0.6446578631452581, 0.6434984354999289, 0.6191108026455459]
2022-12-16 02:38:54,953|INFO|nn.computeOptunaObjective|Trial 7 rocauc:|[0.7593036183545584, 0.7574752230384523, 0.8508448540706605, 0.8520084566596194, 0.7871212121212121, 0.7190876350540216, 0.7918148200824918, 0.6898117906426064]
2022-12-16 02:38:54,953|INFO|nn.computeOptunaObjective|Trial 7 timings:|5.564762199999997
2022-12-16 02:38:54,953|INFO|nn.computeOptunaObjective|Trial 7 objective:|0.6830262199773338
2022-12-16 02:39:00,775|INFO|nn.computeOptunaObjective|Trial 8 params:|{'n_layers': 3, 'architecture': 'linear', 'lr': 0.0001, 'n_epochs': 100}
2022-12-16 02:39:00,775|INFO|nn.computeOptunaObjective|Trial 8 balacc:|[0.5, 0.5046439628482973, 0.49731182795698925, 0.5, 0.5, 0.5, 0.5, 0.5]
2022-12-16 02:39:00,775|INFO|nn.computeOptunaObjective|Trial 8 rocauc:|[0.678048985917391, 0.6786176195797534, 0.7838709677419354, 0.8276955602536997, 0.6916666666666667, 0.6890756302521008, 0.7302837434219882, 0.6608455131869028]
2022-12-16 02:39:00,775|INFO|nn.computeOptunaObjective|Trial 8 timings:|5.833280599999995
2022-12-16 02:39:00,775|INFO|nn.computeOptunaObjective|Trial 8 objective:|0.5002444738506608
2022-12-16 02:39:09,064|INFO|nn.computeOptunaObjective|Trial 9 params:|{'n_layers': 2, 'architecture': 'bottom', 'lr': 0.0001, 'n_epochs': 150}
2022-12-16 02:39:09,064|INFO|nn.computeOptunaObjective|Trial 9 balacc:|[0.514968667879523, 0.5399307527433271, 0.5517665130568357, 0.5, 0.5598484848484848, 0.578031212484994, 0.5, 0.5]
2022-12-16 02:39:09,064|INFO|nn.computeOptunaObjective|Trial 9 rocauc:|[0.6666211845562968, 0.6854067818345028, 0.7500768049155145, 0.7402219873150105, 0.6833333333333333, 0.6962785114045619, 0.7104430379746836, 0.6505164530089]
2022-12-16 02:39:09,064|INFO|nn.computeOptunaObjective|Trial 9 timings:|8.278633
2022-12-16 02:39:09,064|INFO|nn.computeOptunaObjective|Trial 9 objective:|0.5305682038766456
2022-12-16 02:39:20,071|INFO|nn.computeOptunaObjective|Trial 10 params:|{'n_layers': 2, 'architecture': 'bottom', 'lr': 0.001, 'n_epochs': 200}
2022-12-16 02:39:20,071|INFO|nn.computeOptunaObjective|Trial 10 balacc:|[0.6610572063877097, 0.6660633484162897, 0.6623655913978495, 0.6982029598308668, 0.7, 0.7034813925570228, 0.6301290712558669, 0.6124356985384176]
2022-12-16 02:39:20,071|INFO|nn.computeOptunaObjective|Trial 10 rocauc:|[0.7544909372683781, 0.7486526095956914, 0.8314900153609831, 0.8728858350951374, 0.8212121212121213, 0.7575030012004802, 0.7879391267245057, 0.713041969461909]
2022-12-16 02:39:20,071|INFO|nn.computeOptunaObjective|Trial 10 timings:|10.999745899999994
2022-12-16 02:39:20,071|INFO|nn.computeOptunaObjective|Trial 10 objective:|0.6667169085480029
2022-12-16 02:39:28,759|INFO|nn.computeOptunaObjective|Trial 11 params:|{'n_layers': 4, 'architecture': 'linear', 'lr': 0.001, 'n_epochs': 150}
2022-12-16 02:39:28,759|INFO|nn.computeOptunaObjective|Trial 11 balacc:|[0.6931237787211104, 0.6760382508655907, 0.7820276497695853, 0.7943974630021141, 0.7454545454545455, 0.6818727490996399, 0.6638902716541033, 0.6184371682861108]
2022-12-16 02:39:28,759|INFO|nn.computeOptunaObjective|Trial 11 rocauc:|[0.7883515261774814, 0.7585780497187974, 0.8966973886328724, 0.8879492600422834, 0.818560606060606, 0.765906362545018, 0.7970238941829043, 0.7436412999101821]
2022-12-16 02:39:28,759|INFO|nn.computeOptunaObjective|Trial 11 timings:|8.699281200000001
2022-12-16 02:39:28,759|INFO|nn.computeOptunaObjective|Trial 11 objective:|0.7069052346066
2022-12-16 02:39:39,897|INFO|nn.computeOptunaObjective|Trial 12 params:|{'n_layers': 2, 'architecture': 'outer', 'lr': 0.001, 'n_epochs': 200}
2022-12-16 02:39:39,897|INFO|nn.computeOptunaObjective|Trial 12 balacc:|[0.6547739370662354, 0.6698408045871728, 0.6990015360983103, 0.6871035940803383, 0.6628787878787878, 0.5858343337334934, 0.6188753377897881, 0.6259900383767454]
2022-12-16 02:39:39,897|INFO|nn.computeOptunaObjective|Trial 12 rocauc:|[0.7627046694966646, 0.7610181911444117, 0.8451612903225806, 0.8956131078224102, 0.8303030303030302, 0.6998799519807923, 0.7980905987768454, 0.7180023679268392]
2022-12-16 02:39:39,897|INFO|nn.computeOptunaObjective|Trial 12 timings:|11.121211000000002
2022-12-16 02:39:39,897|INFO|nn.computeOptunaObjective|Trial 12 objective:|0.6505372962013589
2022-12-16 02:39:51,377|INFO|nn.computeOptunaObjective|Trial 13 params:|{'n_layers': 2, 'architecture': 'inner', 'lr': 0.001, 'n_epochs': 200}
2022-12-16 02:39:51,377|INFO|nn.computeOptunaObjective|Trial 13 balacc:|[0.6744693753790176, 0.6701155952882554, 0.7132872503840246, 0.7296511627906976, 0.7166666666666667, 0.6740696278511404, 0.6294268240648556, 0.6334612558177513]
2022-12-16 02:39:51,377|INFO|nn.computeOptunaObjective|Trial 13 rocauc:|[0.7645559598409811, 0.7580706028907982, 0.8695852534562212, 0.8908562367864693, 0.7962121212121213, 0.6938775510204082, 0.8069442469065566, 0.7186964154486813]
2022-12-16 02:39:51,377|INFO|nn.computeOptunaObjective|Trial 13 timings:|11.492973300000003
2022-12-16 02:39:51,377|INFO|nn.computeOptunaObjective|Trial 13 objective:|0.6801434697803012
2022-12-16 02:40:02,907|INFO|nn.computeOptunaObjective|Trial 14 params:|{'n_layers': 3, 'architecture': 'linear', 'lr': 0.0001, 'n_epochs': 200}
2022-12-16 02:40:02,907|INFO|nn.computeOptunaObjective|Trial 14 balacc:|[0.6232801024189745, 0.6484382728488468, 0.7097542242703533, 0.7552854122621564, 0.7083333333333333, 0.5948379351740697, 0.5393880671312757, 0.5449497836204785]
2022-12-16 02:40:02,907|INFO|nn.computeOptunaObjective|Trial 14 rocauc:|[0.7504430294454552, 0.7506017916353711, 0.8780337941628265, 0.8993128964059198, 0.7606060606060605, 0.7503001200480193, 0.769129569051344, 0.6925063280803463]
2022-12-16 02:40:02,907|INFO|nn.computeOptunaObjective|Trial 14 timings:|11.511781200000001
2022-12-16 02:40:02,907|INFO|nn.computeOptunaObjective|Trial 14 objective:|0.640533391382436
2022-12-16 02:40:11,638|INFO|nn.computeOptunaObjective|Trial 15 params:|{'n_layers': 3, 'architecture': 'outer', 'lr': 0.0001, 'n_epochs': 150}
2022-12-16 02:40:11,638|INFO|nn.computeOptunaObjective|Trial 15 balacc:|[0.5700289737888282, 0.595753567699269, 0.6329493087557604, 0.5, 0.6734848484848485, 0.5768307322929171, 0.5, 0.5]
2022-12-16 02:40:11,638|INFO|nn.computeOptunaObjective|Trial 15 rocauc:|[0.7177835051546392, 0.7306043563485811, 0.8377880184331797, 0.8742071881606764, 0.7795454545454545, 0.7490996398559424, 0.7554224150192007, 0.6707663101167632]
2022-12-16 02:40:11,638|INFO|nn.computeOptunaObjective|Trial 15 timings:|8.736816900000008
2022-12-16 02:40:11,638|INFO|nn.computeOptunaObjective|Trial 15 objective:|0.568630928877703
2022-12-16 02:40:20,017|INFO|nn.computeOptunaObjective|Trial 16 params:|{'n_layers': 2, 'architecture': 'inner', 'lr': 0.0001, 'n_epochs': 150}
2022-12-16 02:40:20,017|INFO|nn.computeOptunaObjective|Trial 16 balacc:|[0.538194865575096, 0.5659296169417627, 0.5776497695852535, 0.5, 0.5969696969696969, 0.578031212484994, 0.5, 0.5]
2022-12-16 02:40:20,017|INFO|nn.computeOptunaObjective|Trial 16 rocauc:|[0.6979263526716529, 0.7128968435708135, 0.7969278033794163, 0.8411733615221988, 0.7787878787878788, 0.7454981992797118, 0.7477421419428246, 0.6657038458397975]
2022-12-16 02:40:20,017|INFO|nn.computeOptunaObjective|Trial 16 timings:|8.380320000000012
2022-12-16 02:40:20,017|INFO|nn.computeOptunaObjective|Trial 16 objective:|0.5445968951946003
2022-12-16 02:40:28,461|INFO|nn.computeOptunaObjective|Trial 17 params:|{'n_layers': 2, 'architecture': 'linear', 'lr': 0.001, 'n_epochs': 150}
2022-12-16 02:40:28,461|INFO|nn.computeOptunaObjective|Trial 17 balacc:|[0.6524492958695506, 0.674257607122575, 0.7240399385560676, 0.712737843551797, 0.693939393939394, 0.6932773109243697, 0.6132484710567487, 0.6289703600881849]
2022-12-16 02:40:28,462|INFO|nn.computeOptunaObjective|Trial 17 rocauc:|[0.7623205983424298, 0.7602487771813802, 0.8717357910906298, 0.8985200845665962, 0.7681818181818182, 0.729891956782713, 0.8047930593087754, 0.725963501265616]
2022-12-16 02:40:28,462|INFO|nn.computeOptunaObjective|Trial 17 timings:|8.429621800000007
2022-12-16 02:40:28,462|INFO|nn.computeOptunaObjective|Trial 17 objective:|0.6741150276385859
2022-12-16 02:40:40,059|INFO|nn.computeOptunaObjective|Trial 18 params:|{'n_layers': 4, 'architecture': 'linear', 'lr': 0.001, 'n_epochs': 200}
2022-12-16 02:40:40,059|INFO|nn.computeOptunaObjective|Trial 18 balacc:|[0.6767839094400647, 0.6809991389891366, 0.7534562211981566, 0.7973044397463002, 0.7143939393939394, 0.6920768307322929, 0.62590669890485, 0.6162121335837347]
2022-12-16 02:40:40,059|INFO|nn.computeOptunaObjective|Trial 18 rocauc:|[0.7769422545650563, 0.7625991536446406, 0.8668202764976959, 0.8842494714587738, 0.7901515151515153, 0.7346938775510203, 0.7919926041814819, 0.7419470074303912]
2022-12-16 02:40:40,059|INFO|nn.computeOptunaObjective|Trial 18 timings:|11.595213600000022
2022-12-16 02:40:40,059|INFO|nn.computeOptunaObjective|Trial 18 objective:|0.6946416639985594
2022-12-16 02:40:45,909|INFO|nn.computeOptunaObjective|Trial 19 params:|{'n_layers': 3, 'architecture': 'top', 'lr': 0.001, 'n_epochs': 100}
2022-12-16 02:40:45,909|INFO|nn.computeOptunaObjective|Trial 19 balacc:|[0.6814230846977967, 0.6914650008243721, 0.7712749615975423, 0.7576638477801269, 0.6856060606060606, 0.6038415366146459, 0.6674015076091595, 0.6491998040336409]
2022-12-16 02:40:45,909|INFO|nn.computeOptunaObjective|Trial 19 rocauc:|[0.7864446465871572, 0.779387033542785, 0.8818740399385561, 0.8878171247357295, 0.8393939393939394, 0.7166866746698679, 0.8068197980372636, 0.720860210663836]
2022-12-16 02:40:45,909|INFO|nn.computeOptunaObjective|Trial 19 timings:|5.846893399999999
2022-12-16 02:40:45,909|INFO|nn.computeOptunaObjective|Trial 19 objective:|0.688484475470418
2022-12-16 02:40:57,349|INFO|nn.computeOptunaObjective|Trial 20 params:|{'n_layers': 3, 'architecture': 'top', 'lr': 0.0001, 'n_epochs': 200}
2022-12-16 02:40:57,349|INFO|nn.computeOptunaObjective|Trial 20 balacc:|[0.676521123913483, 0.6720226427537692, 0.7561443932411674, 0.8118393234672304, 0.725, 0.5744297719087635, 0.6209820793628218, 0.5974116110067772]
2022-12-16 02:40:57,349|INFO|nn.computeOptunaObjective|Trial 20 rocauc:|[0.7751482379893537, 0.7759777969113525, 0.8855606758832565, 0.8934989429175476, 0.7954545454545454, 0.7587034813925569, 0.7918859337220879, 0.7157365068996488]
2022-12-16 02:40:57,349|INFO|nn.computeOptunaObjective|Trial 20 timings:|11.445032099999992
2022-12-16 02:40:57,349|INFO|nn.computeOptunaObjective|Trial 20 objective:|0.6792938682067515
2022-12-16 02:41:06,023|INFO|nn.computeOptunaObjective|Trial 21 params:|{'n_layers': 3, 'architecture': 'outer', 'lr': 0.001, 'n_epochs': 150}
2022-12-16 02:41:06,023|INFO|nn.computeOptunaObjective|Trial 21 balacc:|[0.6745468634189071, 0.6914228662502061, 0.7551459293394778, 0.7238372093023255, 0.6916666666666667, 0.6626650660264106, 0.651232043806002, 0.6371968645382542]
2022-12-16 02:41:06,023|INFO|nn.computeOptunaObjective|Trial 21 rocauc:|[0.7853800282999799, 0.7735211680436734, 0.8725038402457757, 0.872093023255814, 0.8318181818181818, 0.7046818727490997, 0.8126422272791922, 0.725943088103209]
2022-12-16 02:41:06,023|INFO|nn.computeOptunaObjective|Trial 21 timings:|8.666947199999981
2022-12-16 02:41:06,023|INFO|nn.computeOptunaObjective|Trial 21 objective:|0.6859641886685313
2022-12-16 02:41:12,002|INFO|nn.computeOptunaObjective|Trial 22 params:|{'n_layers': 4, 'architecture': 'inner', 'lr': 0.001, 'n_epochs': 100}
2022-12-16 02:41:12,003|INFO|nn.computeOptunaObjective|Trial 22 balacc:|[0.6931237787211104, 0.6799531023870152, 0.8052227342549922, 0.7803911205073996, 0.7227272727272727, 0.6524609843937574, 0.6505297966149908, 0.6131501592226668]
2022-12-16 02:41:12,003|INFO|nn.computeOptunaObjective|Trial 22 rocauc:|[0.7845967252880532, 0.761963471156136, 0.9003072196620584, 0.886892177589852, 0.7962121212121213, 0.7346938775510203, 0.7908547859479449, 0.7421307258920551]
2022-12-16 02:41:12,003|INFO|nn.computeOptunaObjective|Trial 22 timings:|5.973779400000012
2022-12-16 02:41:12,003|INFO|nn.computeOptunaObjective|Trial 22 objective:|0.6996948686036506
2022-12-16 02:41:20,686|INFO|nn.computeOptunaObjective|Trial 23 params:|{'n_layers': 4, 'architecture': 'top', 'lr': 0.001, 'n_epochs': 150}
2022-12-16 02:41:20,687|INFO|nn.computeOptunaObjective|Trial 23 balacc:|[0.6864126406576376, 0.6736237565720776, 0.778494623655914, 0.7891120507399577, 0.693939393939394, 0.6524609843937574, 0.6385649267529512, 0.6267044990609946]
2022-12-16 02:41:20,687|INFO|nn.computeOptunaObjective|Trial 23 rocauc:|[0.7879303955259079, 0.761937824024035, 0.8984639016897081, 0.8876849894291755, 0.8303030303030303, 0.7454981992797118, 0.8049352865879675, 0.7522556544459867]
2022-12-16 02:41:20,687|INFO|nn.computeOptunaObjective|Trial 23 timings:|8.680081999999999
2022-12-16 02:41:20,687|INFO|nn.computeOptunaObjective|Trial 23 objective:|0.6924141094715855
2022-12-16 02:41:31,412|INFO|nn.computeOptunaObjective|Trial 24 params:|{'n_layers': 2, 'architecture': 'inner', 'lr': 0.0001, 'n_epochs': 200}
2022-12-16 02:41:31,412|INFO|nn.computeOptunaObjective|Trial 24 balacc:|[0.569688700222357, 0.6170187040870537, 0.5990015360983103, 0.5792811839323467, 0.7083333333333333, 0.6650660264105642, 0.5182850945811407, 0.5052461827386299]
2022-12-16 02:41:31,412|INFO|nn.computeOptunaObjective|Trial 24 rocauc:|[0.7197645037396403, 0.7336893399527361, 0.8222734254992319, 0.8950845665961945, 0.7916666666666666, 0.7827130852340936, 0.7717429953064998, 0.6827080101249285]
2022-12-16 02:41:31,412|INFO|nn.computeOptunaObjective|Trial 24 timings:|10.726263899999992
2022-12-16 02:41:31,412|INFO|nn.computeOptunaObjective|Trial 24 objective:|0.5952400951754669
2022-12-16 02:41:42,029|INFO|nn.computeOptunaObjective|Trial 25 params:|{'n_layers': 3, 'architecture': 'bottom', 'lr': 0.0001, 'n_epochs': 200}
2022-12-16 02:41:42,029|INFO|nn.computeOptunaObjective|Trial 25 balacc:|[0.5502459403005189, 0.6101452726839725, 0.6070660522273426, 0.5, 0.725, 0.6458583433373349, 0.5, 0.5]
2022-12-16 02:41:42,029|INFO|nn.computeOptunaObjective|Trial 25 rocauc:|[0.7067296678121421, 0.7146958066939015, 0.8208909370199693, 0.8723572938689219, 0.7787878787878788, 0.7983193277310925, 0.7482399374199973, 0.6690311913121582]
2022-12-16 02:41:42,029|INFO|nn.computeOptunaObjective|Trial 25 timings:|10.610542599999974
2022-12-16 02:41:42,029|INFO|nn.computeOptunaObjective|Trial 25 objective:|0.5797894510686461
2022-12-16 02:41:50,299|INFO|nn.computeOptunaObjective|Trial 26 params:|{'n_layers': 2, 'architecture': 'outer', 'lr': 0.0001, 'n_epochs': 150}
2022-12-16 02:41:50,299|INFO|nn.computeOptunaObjective|Trial 26 balacc:|[0.532602250522202, 0.5636525179987909, 0.5633640552995391, 0.5, 0.6196969696969696, 0.578031212484994, 0.5, 0.5]
2022-12-16 02:41:50,299|INFO|nn.computeOptunaObjective|Trial 26 rocauc:|[0.6955781281584799, 0.7134427610969645, 0.7857142857142857, 0.8366807610993658, 0.771969696969697, 0.7683073229291717, 0.7457865168539326, 0.6689699518249368]
2022-12-16 02:41:50,299|INFO|nn.computeOptunaObjective|Trial 26 timings:|8.266394999999989
2022-12-16 02:41:50,299|INFO|nn.computeOptunaObjective|Trial 26 objective:|0.5446683757503119
2022-12-16 02:41:56,230|INFO|nn.computeOptunaObjective|Trial 27 params:|{'n_layers': 3, 'architecture': 'inner', 'lr': 0.0001, 'n_epochs': 100}
2022-12-16 02:41:56,230|INFO|nn.computeOptunaObjective|Trial 27 balacc:|[0.5, 0.5, 0.5115975422427035, 0.5, 0.5, 0.5, 0.5, 0.5]
2022-12-16 02:41:56,230|INFO|nn.computeOptunaObjective|Trial 27 rocauc:|[0.6759938683377131, 0.677899499880924, 0.7795698924731183, 0.827431289640592, 0.6893939393939394, 0.6890756302521008, 0.7292881524676433, 0.6609067526741244]
2022-12-16 02:41:56,230|INFO|nn.computeOptunaObjective|Trial 27 timings:|5.9282737999999995
2022-12-16 02:41:56,230|INFO|nn.computeOptunaObjective|Trial 27 objective:|0.5014496927803379
2022-12-16 02:42:04,864|INFO|nn.computeOptunaObjective|Trial 28 params:|{'n_layers': 3, 'architecture': 'top', 'lr': 0.001, 'n_epochs': 150}
2022-12-16 02:42:04,864|INFO|nn.computeOptunaObjective|Trial 28 balacc:|[0.682113738966377, 0.6982962976532874, 0.7721198156682028, 0.732029598308668, 0.6772727272727272, 0.6728691476590636, 0.6638813824491537, 0.6387074385563811]
2022-12-16 02:42:04,864|INFO|nn.computeOptunaObjective|Trial 28 rocauc:|[0.7905498281786942, 0.7772033634381812, 0.8664362519201229, 0.8849101479915433, 0.8212121212121213, 0.723889555822329, 0.8125088892049495, 0.7344553768269781]
2022-12-16 02:42:04,864|INFO|nn.computeOptunaObjective|Trial 28 timings:|8.63543009999998
2022-12-16 02:42:04,864|INFO|nn.computeOptunaObjective|Trial 28 objective:|0.6921612683167326
2022-12-16 02:42:10,659|INFO|nn.computeOptunaObjective|Trial 29 params:|{'n_layers': 4, 'architecture': 'outer', 'lr': 0.001, 'n_epochs': 100}
2022-12-16 02:42:10,660|INFO|nn.computeOptunaObjective|Trial 29 balacc:|[0.6973350852368438, 0.6880997307051129, 0.7936251920122888, 0.8002114164904862, 0.7454545454545455, 0.6728691476590636, 0.6765484995022045, 0.631195394790561]
2022-12-16 02:42:10,660|INFO|nn.computeOptunaObjective|Trial 29 rocauc:|[0.7880718954248366, 0.7724934508216241, 0.8938556067588326, 0.8810782241014801, 0.8, 0.751500600240096, 0.7998862181766461, 0.7491936800849187]
2022-12-16 02:42:10,660|INFO|nn.computeOptunaObjective|Trial 29 timings:|5.787369800000022
2022-12-16 02:42:10,660|INFO|nn.computeOptunaObjective|Trial 29 objective:|0.7131673764813883
2022-12-16 02:42:21,943|INFO|nn.computeOptunaObjective|Trial 30 params:|{'n_layers': 4, 'architecture': 'linear', 'lr': 0.0001, 'n_epochs': 200}
2022-12-16 02:42:21,943|INFO|nn.computeOptunaObjective|Trial 30 balacc:|[0.6674954517889631, 0.6840474838331471, 0.8132872503840246, 0.8345665961945032, 0.7, 0.5936374549819927, 0.6413828047219456, 0.5838980974932637]
2022-12-16 02:42:21,943|INFO|nn.computeOptunaObjective|Trial 30 rocauc:|[0.767443231588168, 0.7579295436642424, 0.8903225806451612, 0.8924418604651163, 0.7636363636363636, 0.7118847539015606, 0.7762764898307496, 0.715226177839471]
2022-12-16 02:42:21,943|INFO|nn.computeOptunaObjective|Trial 30 timings:|11.28583530000003
2022-12-16 02:42:21,943|INFO|nn.computeOptunaObjective|Trial 30 objective:|0.68978939242473
2022-12-16 02:42:27,700|INFO|nn.computeOptunaObjective|Trial 31 params:|{'n_layers': 3, 'architecture': 'top', 'lr': 0.0001, 'n_epochs': 100}
2022-12-16 02:42:27,700|INFO|nn.computeOptunaObjective|Trial 31 balacc:|[0.5098915167441547, 0.5316888636488541, 0.5374807987711213, 0.5, 0.5598484848484848, 0.5588235294117647, 0.5, 0.5]
2022-12-16 02:42:27,700|INFO|nn.computeOptunaObjective|Trial 31 rocauc:|[0.7077875480088943, 0.7123655815487203, 0.8307219662058372, 0.8752642706131077, 0.7772727272727273, 0.7442977190876351, 0.7493244204238373, 0.6730729974687678]
2022-12-16 02:42:27,700|INFO|nn.computeOptunaObjective|Trial 31 timings:|5.747988200000009
2022-12-16 02:42:27,700|INFO|nn.computeOptunaObjective|Trial 31 objective:|0.5247166491780475
2022-12-16 02:42:38,902|INFO|nn.computeOptunaObjective|Trial 32 params:|{'n_layers': 4, 'architecture': 'inner', 'lr': 0.001, 'n_epochs': 200}
2022-12-16 02:42:38,902|INFO|nn.computeOptunaObjective|Trial 32 balacc:|[0.6769489926554815, 0.6759961162914248, 0.7230414746543778, 0.7856765327695561, 0.731060606060606, 0.6920768307322929, 0.6273111932868725, 0.5951865763044011]
2022-12-16 02:42:38,902|INFO|nn.computeOptunaObjective|Trial 32 rocauc:|[0.7921198032477598, 0.7564145309322733, 0.8674347158218126, 0.8761892177589852, 0.8234848484848485, 0.7490996398559424, 0.8051841843265538, 0.7389768923001552]
2022-12-16 02:42:38,902|INFO|nn.computeOptunaObjective|Trial 32 timings:|11.19766279999999
2022-12-16 02:42:38,902|INFO|nn.computeOptunaObjective|Trial 32 objective:|0.6884122903443766
2022-12-16 02:42:47,383|INFO|nn.computeOptunaObjective|Trial 33 params:|{'n_layers': 3, 'architecture': 'bottom', 'lr': 0.001, 'n_epochs': 150}
2022-12-16 02:42:47,383|INFO|nn.computeOptunaObjective|Trial 33 balacc:|[0.6769590997911192, 0.6773535823547732, 0.7203533026113671, 0.7518498942917548, 0.6916666666666667, 0.6548619447779112, 0.6413828047219456, 0.6213766636727363]
2022-12-16 02:42:47,383|INFO|nn.computeOptunaObjective|Trial 33 rocauc:|[0.770251330772859, 0.7626028175206552, 0.8399385560675883, 0.8578224101479915, 0.8227272727272728, 0.7466986794717887, 0.8004906841132129, 0.7012023352657794]
2022-12-16 02:42:47,383|INFO|nn.computeOptunaObjective|Trial 33 timings:|8.478147700000022
2022-12-16 02:42:47,383|INFO|nn.computeOptunaObjective|Trial 33 objective:|0.6794754948610342
2022-12-16 02:42:59,172|INFO|nn.computeOptunaObjective|Trial 34 params:|{'n_layers': 3, 'architecture': 'inner', 'lr': 0.001, 'n_epochs': 200}
2022-12-16 02:42:59,172|INFO|nn.computeOptunaObjective|Trial 34 balacc:|[0.6772117781820632, 0.6853683111363511, 0.7497695852534563, 0.734936575052854, 0.7022727272727273, 0.624249699879952, 0.6477119186459963, 0.6334204294929371]
2022-12-16 02:42:59,172|INFO|nn.computeOptunaObjective|Trial 34 rocauc:|[0.7830115895155314, 0.766512173228058, 0.8754992319508448, 0.8695824524312897, 0.7928030303030303, 0.6944777911164466, 0.8172023894182904, 0.7324753000734874]
2022-12-16 02:42:59,172|INFO|nn.computeOptunaObjective|Trial 34 timings:|11.788467100000048
2022-12-16 02:42:59,172|INFO|nn.computeOptunaObjective|Trial 34 objective:|0.6818676281145422
2022-12-16 02:43:10,800|INFO|nn.computeOptunaObjective|Trial 35 params:|{'n_layers': 4, 'architecture': 'top', 'lr': 0.001, 'n_epochs': 200}
2022-12-16 02:43:10,800|INFO|nn.computeOptunaObjective|Trial 35 balacc:|[0.6764436358735935, 0.6627035741110521, 0.7221966205837174, 0.8002114164904862, 0.7393939393939394, 0.6422569027611045, 0.6146440762338217, 0.6132318118722953]
2022-12-16 02:43:10,800|INFO|nn.computeOptunaObjective|Trial 35 rocauc:|[0.783486624890506, 0.740542620037738, 0.8597542242703533, 0.8689217758985202, 0.8053030303030304, 0.7262905162064827, 0.800037334660788, 0.7338429819547645]
2022-12-16 02:43:10,800|INFO|nn.computeOptunaObjective|Trial 35 timings:|11.631999399999984
2022-12-16 02:43:10,800|INFO|nn.computeOptunaObjective|Trial 35 objective:|0.6838852471650012
2022-12-16 02:43:18,817|INFO|nn.computeOptunaObjective|Trial 36 params:|{'n_layers': 3, 'architecture': 'bottom', 'lr': 0.0001, 'n_epochs': 150}
2022-12-16 02:43:18,817|INFO|nn.computeOptunaObjective|Trial 36 balacc:|[0.5, 0.5030959752321982, 0.5401689708141321, 0.5, 0.5454545454545454, 0.5588235294117647, 0.5, 0.5]
2022-12-16 02:43:18,817|INFO|nn.computeOptunaObjective|Trial 36 rocauc:|[0.6496209824135839, 0.659246707091432, 0.7576036866359447, 0.7613636363636362, 0.6742424242424243, 0.6986794717887155, 0.7227101408050064, 0.6524761165999837]
2022-12-16 02:43:18,817|INFO|nn.computeOptunaObjective|Trial 36 timings:|8.012049300000001
2022-12-16 02:43:18,817|INFO|nn.computeOptunaObjective|Trial 36 objective:|0.5184428776140801
2022-12-16 02:43:27,021|INFO|nn.computeOptunaObjective|Trial 37 params:|{'n_layers': 3, 'architecture': 'linear', 'lr': 0.0001, 'n_epochs': 150}
2022-12-16 02:43:27,021|INFO|nn.computeOptunaObjective|Trial 37 balacc:|[0.5695135098713024, 0.5805008518511734, 0.6213517665130568, 0.5, 0.6712121212121213, 0.6164465786314526, 0.5, 0.5]
2022-12-16 02:43:27,021|INFO|nn.computeOptunaObjective|Trial 37 rocauc:|[0.7242183815106799, 0.7308828109256783, 0.8496159754224271, 0.8855708245243129, 0.7886363636363637, 0.7695078031212484, 0.7595470061157731, 0.677849677472034]
2022-12-16 02:43:27,021|INFO|nn.computeOptunaObjective|Trial 37 timings:|8.18990930000001
2022-12-16 02:43:27,021|INFO|nn.computeOptunaObjective|Trial 37 objective:|0.5698781035098883
2022-12-16 02:43:38,435|INFO|nn.computeOptunaObjective|Trial 38 params:|{'n_layers': 4, 'architecture': 'bottom', 'lr': 0.001, 'n_epochs': 200}
2022-12-16 02:43:38,435|INFO|nn.computeOptunaObjective|Trial 38 balacc:|[0.6828043932349572, 0.6901551651492114, 0.7640552995391705, 0.7600422832980973, 0.7454545454545455, 0.6140456182472989, 0.6589656521120751, 0.6168449416183555]
2022-12-16 02:43:38,435|INFO|nn.computeOptunaObjective|Trial 38 rocauc:|[0.7667643689778317, 0.7518438456042648, 0.8559139784946237, 0.867732558139535, 0.759090909090909, 0.6680672268907564, 0.7955838429810838, 0.7174614191230505]
2022-12-16 02:43:38,435|INFO|nn.computeOptunaObjective|Trial 38 timings:|11.424435800000026
2022-12-16 02:43:38,435|INFO|nn.computeOptunaObjective|Trial 38 objective:|0.6915459873317139
2022-12-16 02:43:47,217|INFO|nn.computeOptunaObjective|Trial 39 params:|{'n_layers': 4, 'architecture': 'top', 'lr': 0.0001, 'n_epochs': 150}
2022-12-16 02:43:47,217|INFO|nn.computeOptunaObjective|Trial 39 balacc:|[0.6629337645711205, 0.6823621008665066, 0.8105990783410137, 0.8176532769556025, 0.7, 0.5948379351740697, 0.6273111932868725, 0.5862047848452683]
2022-12-16 02:43:47,217|INFO|nn.computeOptunaObjective|Trial 39 rocauc:|[0.7737635604069808, 0.7584681334383644, 0.8920122887864823, 0.8892706131078225, 0.7507575757575757, 0.6938775510204082, 0.776703171668326, 0.7199620315179227]
2022-12-16 02:43:47,217|INFO|nn.computeOptunaObjective|Trial 39 timings:|8.764966700000002
2022-12-16 02:43:47,217|INFO|nn.computeOptunaObjective|Trial 39 objective:|0.6852377667550567
2022-12-16 02:43:58,198|INFO|nn.computeOptunaObjective|Trial 40 params:|{'n_layers': 3, 'architecture': 'linear', 'lr': 0.001, 'n_epochs': 200}
2022-12-16 02:43:58,198|INFO|nn.computeOptunaObjective|Trial 40 balacc:|[0.6695573074590662, 0.6929708538663052, 0.7569892473118279, 0.7774841437632135, 0.6856060606060606, 0.6536614645858343, 0.6561477741430806, 0.6424430472768842]
2022-12-16 02:43:58,198|INFO|nn.computeOptunaObjective|Trial 40 rocauc:|[0.7869163129169193, 0.7731602762562515, 0.8764208909370199, 0.8857029598308669, 0.7946969696969697, 0.6770708283313326, 0.8060553264116058, 0.7296378704988976]
2022-12-16 02:43:58,198|INFO|nn.computeOptunaObjective|Trial 40 timings:|10.976816999999983
2022-12-16 02:43:58,198|INFO|nn.computeOptunaObjective|Trial 40 objective:|0.6918574873765341
2022-12-16 02:44:09,404|INFO|nn.computeOptunaObjective|Trial 41 params:|{'n_layers': 4, 'architecture': 'outer', 'lr': 0.001, 'n_epochs': 200}
2022-12-16 02:44:09,405|INFO|nn.computeOptunaObjective|Trial 41 balacc:|[0.694407384947106, 0.674854818912928, 0.7837173579109062, 0.7967758985200846, 0.731060606060606, 0.6920768307322929, 0.6322358128289006, 0.6101698375112272]
2022-12-16 02:44:09,405|INFO|nn.computeOptunaObjective|Trial 41 rocauc:|[0.7904942389326864, 0.7584717973143789, 0.8374807987711214, 0.8705073995771669, 0.8053030303030303, 0.7358943577430972, 0.794837149765325, 0.7203600881848616]
2022-12-16 02:44:09,405|INFO|nn.computeOptunaObjective|Trial 41 timings:|11.20158280000004
2022-12-16 02:44:09,405|INFO|nn.computeOptunaObjective|Trial 41 objective:|0.7019123184280064
2022-12-16 02:44:17,515|INFO|nn.computeOptunaObjective|Trial 42 params:|{'n_layers': 2, 'architecture': 'linear', 'lr': 0.0001, 'n_epochs': 150}
2022-12-16 02:44:17,515|INFO|nn.computeOptunaObjective|Trial 42 balacc:|[0.5358702243784111, 0.5666587282686354, 0.5642089093701997, 0.5, 0.5969696969696969, 0.578031212484994, 0.5, 0.5]
2022-12-16 02:44:17,515|INFO|nn.computeOptunaObjective|Trial 42 rocauc:|[0.6943922242436493, 0.7099291039991207, 0.7989247311827957, 0.8485729386892178, 0.793939393939394, 0.7575030012004803, 0.7496266533921206, 0.6713378786641627]
2022-12-16 02:44:17,515|INFO|nn.computeOptunaObjective|Trial 42 timings:|8.106724100000008
2022-12-16 02:44:17,516|INFO|nn.computeOptunaObjective|Trial 42 objective:|0.5427173464339922
2022-12-16 02:44:26,222|INFO|nn.computeOptunaObjective|Trial 43 params:|{'n_layers': 4, 'architecture': 'linear', 'lr': 0.0001, 'n_epochs': 150}
2022-12-16 02:44:26,223|INFO|nn.computeOptunaObjective|Trial 43 balacc:|[0.6020281652179772, 0.609822851594702, 0.7356374807987711, 0.6218287526427061, 0.6606060606060606, 0.5858343337334934, 0.5, 0.5]
2022-12-16 02:44:26,223|INFO|nn.computeOptunaObjective|Trial 43 rocauc:|[0.7398372751162321, 0.7351475626064813, 0.8705069124423963, 0.9006342494714588, 0.7401515151515151, 0.7298919567827131, 0.7582491821931447, 0.6853821344002613]
2022-12-16 02:44:26,223|INFO|nn.computeOptunaObjective|Trial 43 timings:|8.702693300000021
2022-12-16 02:44:26,223|INFO|nn.computeOptunaObjective|Trial 43 objective:|0.6019697055742138
2022-12-16 02:44:37,732|INFO|nn.computeOptunaObjective|Trial 44 params:|{'n_layers': 4, 'architecture': 'outer', 'lr': 0.0001, 'n_epochs': 200}
2022-12-16 02:44:37,732|INFO|nn.computeOptunaObjective|Trial 44 balacc:|[0.6637120140152282, 0.6822723359041529, 0.8132872503840246, 0.8374735729386893, 0.6916666666666667, 0.624249699879952, 0.6406805575309344, 0.5778966277455704]
2022-12-16 02:44:37,732|INFO|nn.computeOptunaObjective|Trial 44 rocauc:|[0.7687268378141634, 0.7554307802223972, 0.8935483870967742, 0.8961416490486259, 0.7636363636363637, 0.7322929171668667, 0.7727030294410469, 0.7132665142483874]
2022-12-16 02:44:37,732|INFO|nn.computeOptunaObjective|Trial 44 timings:|11.505192399999999
2022-12-16 02:44:37,732|INFO|nn.computeOptunaObjective|Trial 44 objective:|0.6914048406331523
2022-12-16 02:44:43,270|INFO|nn.computeOptunaObjective|Trial 45 params:|{'n_layers': 4, 'architecture': 'bottom', 'lr': 0.001, 'n_epochs': 100}
2022-12-16 02:44:43,270|INFO|nn.computeOptunaObjective|Trial 45 balacc:|[0.683164881072704, 0.6787641746203308, 0.775652841781874, 0.7576638477801269, 0.675, 0.6230492196878752, 0.6547610581709572, 0.6183146893116682]
2022-12-16 02:44:43,270|INFO|nn.computeOptunaObjective|Trial 45 rocauc:|[0.7669075533993666, 0.7660377012841886, 0.8758064516129033, 0.8641649048625792, 0.7666666666666666, 0.709483793517407, 0.7714585407481154, 0.7066322364660733]
2022-12-16 02:44:43,270|INFO|nn.computeOptunaObjective|Trial 45 timings:|5.534423699999991
2022-12-16 02:44:43,270|INFO|nn.computeOptunaObjective|Trial 45 objective:|0.6832963390531921
2022-12-16 02:44:54,453|INFO|nn.computeOptunaObjective|Trial 46 params:|{'n_layers': 3, 'architecture': 'inner', 'lr': 0.0001, 'n_epochs': 200}
2022-12-16 02:44:54,453|INFO|nn.computeOptunaObjective|Trial 46 balacc:|[0.6324034768546594, 0.6467107553080403, 0.795468509984639, 0.766384778012685, 0.7393939393939394, 0.6254501800720288, 0.5942522400796473, 0.5486853923409815]
2022-12-16 02:44:54,454|INFO|nn.computeOptunaObjective|Trial 46 rocauc:|[0.7539636816926084, 0.7534779343067031, 0.8841781874039939, 0.8982558139534883, 0.7765151515151515, 0.751500600240096, 0.7672983928317452, 0.6939556626112517]
2022-12-16 02:44:54,454|INFO|nn.computeOptunaObjective|Trial 46 timings:|11.179084000000046
2022-12-16 02:44:54,454|INFO|nn.computeOptunaObjective|Trial 46 objective:|0.6685936590058276
2022-12-16 02:45:02,894|INFO|nn.computeOptunaObjective|Trial 47 params:|{'n_layers': 2, 'architecture': 'top', 'lr': 0.001, 'n_epochs': 150}
2022-12-16 02:45:02,894|INFO|nn.computeOptunaObjective|Trial 47 balacc:|[0.6751499225119602, 0.6722076684924982, 0.6900921658986175, 0.709830866807611, 0.6628787878787878, 0.6062424969987995, 0.6069193571326981, 0.6319915081244386]
2022-12-16 02:45:02,894|INFO|nn.computeOptunaObjective|Trial 47 rocauc:|[0.7670844282730275, 0.7657116163189037, 0.8620583717357911, 0.8847780126849895, 0.8098484848484849, 0.7214885954381752, 0.7999928886360405, 0.7249836694700743]
2022-12-16 02:45:02,894|INFO|nn.computeOptunaObjective|Trial 47 timings:|8.445125599999983
2022-12-16 02:45:02,894|INFO|nn.computeOptunaObjective|Trial 47 objective:|0.6569140967306764
2022-12-16 02:45:08,610|INFO|nn.computeOptunaObjective|Trial 48 params:|{'n_layers': 2, 'architecture': 'inner', 'lr': 0.001, 'n_epochs': 100}
2022-12-16 02:45:08,610|INFO|nn.computeOptunaObjective|Trial 48 balacc:|[0.6531399501381309, 0.6632842984593401, 0.7043778801843318, 0.6614693446088795, 0.7106060606060606, 0.6254501800720288, 0.6434895462949793, 0.6229688903404915]
2022-12-16 02:45:08,610|INFO|nn.computeOptunaObjective|Trial 48 rocauc:|[0.7554932282191228, 0.7587539157674904, 0.8639016897081413, 0.8831923890063424, 0.7931818181818181, 0.7250900360144058, 0.8012195989190728, 0.71338899322283]
2022-12-16 02:45:08,610|INFO|nn.computeOptunaObjective|Trial 48 timings:|5.702684900000008
2022-12-16 02:45:08,610|INFO|nn.computeOptunaObjective|Trial 48 objective:|0.6605982688380303
2022-12-16 02:45:20,255|INFO|nn.computeOptunaObjective|Trial 49 params:|{'n_layers': 2, 'architecture': 'outer', 'lr': 0.0001, 'n_epochs': 200}
2022-12-16 02:45:20,255|INFO|nn.computeOptunaObjective|Trial 49 balacc:|[0.5679671181187251, 0.6122373458882151, 0.6016897081413211, 0.55946088794926, 0.693939393939394, 0.6854741896758703, 0.51195598065709, 0.5300073487384666]
2022-12-16 02:45:20,255|INFO|nn.computeOptunaObjective|Trial 49 rocauc:|[0.7176622195269861, 0.7323227141993515, 0.8211981566820277, 0.890063424947146, 0.7977272727272727, 0.765906362545018, 0.7716896600768027, 0.6783804196946192]
2022-12-16 02:45:20,255|INFO|nn.computeOptunaObjective|Trial 49 timings:|11.650248799999986
2022-12-16 02:45:20,255|INFO|nn.computeOptunaObjective|Trial 49 objective:|0.5953414966385427
2022-12-16 02:45:26,085|INFO|nn.computeOptunaObjective|Trial 50 params:|{'n_layers': 2, 'architecture': 'top', 'lr': 0.001, 'n_epochs': 100}
2022-12-16 02:45:26,085|INFO|nn.computeOptunaObjective|Trial 50 balacc:|[0.6642274779327539, 0.673845421070951, 0.7070660522273425, 0.7354651162790697, 0.7022727272727273, 0.6254501800720288, 0.6371604323709288, 0.6342165428268147]
2022-12-16 02:45:26,085|INFO|nn.computeOptunaObjective|Trial 50 rocauc:|[0.7618859915100061, 0.7619524795280928, 0.8530721966205836, 0.8871564482029598, 0.8068181818181818, 0.7286914765906363, 0.8043130422415019, 0.7154098963011349]
2022-12-16 02:45:26,085|INFO|nn.computeOptunaObjective|Trial 50 timings:|5.829889199999968
2022-12-16 02:45:26,085|INFO|nn.computeOptunaObjective|Trial 50 objective:|0.672462993756577
2022-12-16 02:45:37,577|INFO|nn.computeOptunaObjective|Trial 51 params:|{'n_layers': 3, 'architecture': 'top', 'lr': 0.001, 'n_epochs': 200}
2022-12-16 02:45:37,577|INFO|nn.computeOptunaObjective|Trial 51 balacc:|[0.6762583383869012, 0.6888709766061516, 0.7381720430107527, 0.7489429175475687, 0.6628787878787878, 0.6932773109243697, 0.6652947660361257, 0.6529354127541439]
2022-12-16 02:45:37,577|INFO|nn.computeOptunaObjective|Trial 51 rocauc:|[0.7886985378343778, 0.7750563320937218, 0.859984639016897, 0.8850422832980972, 0.8348484848484848, 0.7406962785114046, 0.8018062864457404, 0.7256981301543235]
2022-12-16 02:45:37,577|INFO|nn.computeOptunaObjective|Trial 51 timings:|11.471763199999998
2022-12-16 02:45:37,577|INFO|nn.computeOptunaObjective|Trial 51 objective:|0.6908288191431002
2022-12-16 02:45:42,994|INFO|nn.computeOptunaObjective|Trial 52 params:|{'n_layers': 2, 'architecture': 'bottom', 'lr': 0.001, 'n_epochs': 100}
2022-12-16 02:45:42,994|INFO|nn.computeOptunaObjective|Trial 52 balacc:|[0.6357691530220335, 0.6192115338816935, 0.624884792626728, 0.6812896405919662, 0.725, 0.6638655462184874, 0.6223865737448443, 0.6064750551155385]
2022-12-16 02:45:42,994|INFO|nn.computeOptunaObjective|Trial 52 rocauc:|[0.7435600700761403, 0.7423837177349919, 0.8427035330261137, 0.8821353065539113, 0.7795454545454545, 0.729891956782713, 0.7927037405774428, 0.7123683351024741]
2022-12-16 02:45:42,994|INFO|nn.computeOptunaObjective|Trial 52 timings:|5.417461899999978
2022-12-16 02:45:42,994|INFO|nn.computeOptunaObjective|Trial 52 objective:|0.6473602869001613
2022-12-16 02:45:51,140|INFO|nn.computeOptunaObjective|Trial 53 params:|{'n_layers': 2, 'architecture': 'outer', 'lr': 0.001, 'n_epochs': 150}
2022-12-16 02:45:51,140|INFO|nn.computeOptunaObjective|Trial 53 balacc:|[0.6644902634593356, 0.676032755051569, 0.7248847926267281, 0.6643763213530656, 0.7106060606060606, 0.6062424969987995, 0.6308313184468781, 0.6199477423042378]
2022-12-16 02:45:51,140|INFO|nn.computeOptunaObjective|Trial 53 rocauc:|[0.7594215349369989, 0.7543023064099511, 0.8532258064516128, 0.8892706131078224, 0.8143939393939393, 0.7106842737094837, 0.795637178210781, 0.7135727116844942]
2022-12-16 02:45:51,140|INFO|nn.computeOptunaObjective|Trial 53 timings:|8.14486629999999
2022-12-16 02:45:51,140|INFO|nn.computeOptunaObjective|Trial 53 objective:|0.6621764688558343
2022-12-16 02:45:56,587|INFO|nn.computeOptunaObjective|Trial 54 params:|{'n_layers': 3, 'architecture': 'inner', 'lr': 0.001, 'n_epochs': 100}
2022-12-16 02:45:56,587|INFO|nn.computeOptunaObjective|Trial 54 balacc:|[0.6823765244929587, 0.6855478410610585, 0.7828725038402458, 0.732029598308668, 0.6878787878787879, 0.5948379351740697, 0.6758462523111933, 0.63715603821344]
2022-12-16 02:45:56,587|INFO|nn.computeOptunaObjective|Trial 54 rocauc:|[0.7824607506232735, 0.7751076263579241, 0.8847926267281107, 0.8710359408033826, 0.8098484848484848, 0.6794717887154862, 0.8050064002275638, 0.7191863313464522]
2022-12-16 02:45:56,587|INFO|nn.computeOptunaObjective|Trial 54 timings:|5.446320000000014
2022-12-16 02:45:56,587|INFO|nn.computeOptunaObjective|Trial 54 objective:|0.6848181851600528
2022-12-16 02:46:05,170|INFO|nn.computeOptunaObjective|Trial 55 params:|{'n_layers': 3, 'architecture': 'inner', 'lr': 0.001, 'n_epochs': 150}
2022-12-16 02:46:05,170|INFO|nn.computeOptunaObjective|Trial 55 balacc:|[0.6688666531904859, 0.6981589023027461, 0.7274193548387097, 0.7774841437632135, 0.7022727272727273, 0.6638655462184874, 0.6610812828900583, 0.6461786559973871]
2022-12-16 02:46:05,170|INFO|nn.computeOptunaObjective|Trial 55 rocauc:|[0.7855703793544909, 0.77493908806126, 0.8623655913978494, 0.8776427061310782, 0.8318181818181818, 0.7581032412965186, 0.8038330251742284, 0.7242283824610108]
2022-12-16 02:46:05,170|INFO|nn.computeOptunaObjective|Trial 55 timings:|8.565740000000005
2022-12-16 02:46:05,170|INFO|nn.computeOptunaObjective|Trial 55 objective:|0.693165908309227
2022-12-16 02:46:13,565|INFO|nn.computeOptunaObjective|Trial 56 params:|{'n_layers': 4, 'architecture': 'bottom', 'lr': 0.0001, 'n_epochs': 150}
2022-12-16 02:46:13,565|INFO|nn.computeOptunaObjective|Trial 56 balacc:|[0.5, 0.5, 0.5142857142857142, 0.5, 0.5, 0.5, 0.5, 0.5]
2022-12-16 02:46:13,565|INFO|nn.computeOptunaObjective|Trial 56 rocauc:|[0.6435095343979516, 0.6364720537856999, 0.710752688172043, 0.7349365750528541, 0.6257575757575757, 0.6578631452581033, 0.7139987199544873, 0.6511492610435209]
2022-12-16 02:46:13,565|INFO|nn.computeOptunaObjective|Trial 56 timings:|8.396535200000017
2022-12-16 02:46:13,565|INFO|nn.computeOptunaObjective|Trial 56 objective:|0.5017857142857143
2022-12-16 02:46:19,313|INFO|nn.computeOptunaObjective|Trial 57 params:|{'n_layers': 2, 'architecture': 'linear', 'lr': 0.001, 'n_epochs': 100}
2022-12-16 02:46:19,313|INFO|nn.computeOptunaObjective|Trial 57 balacc:|[0.6485782629202883, 0.6601883232271419, 0.7025345622119815, 0.7040169133192389, 0.6856060606060606, 0.6254501800720288, 0.6329380600199118, 0.6184779946109251]
2022-12-16 02:46:19,313|INFO|nn.computeOptunaObjective|Trial 57 rocauc:|[0.7567060844956539, 0.7531591770934472, 0.8629800307219662, 0.8874207188160677, 0.8090909090909091, 0.723889555822329, 0.8006151329825061, 0.7147566751041071]
2022-12-16 02:46:19,313|INFO|nn.computeOptunaObjective|Trial 57 timings:|5.737043999999969
2022-12-16 02:46:19,313|INFO|nn.computeOptunaObjective|Trial 57 objective:|0.6597237946234471
2022-12-16 02:46:30,797|INFO|nn.computeOptunaObjective|Trial 58 params:|{'n_layers': 2, 'architecture': 'top', 'lr': 0.0001, 'n_epochs': 200}
2022-12-16 02:46:30,797|INFO|nn.computeOptunaObjective|Trial 58 balacc:|[0.6007445589919818, 0.6276274570868522, 0.6418586789554532, 0.6445560253699788, 0.7393939393939394, 0.6548619447779112, 0.5281343336651969, 0.5360088184861599]
2022-12-16 02:46:30,797|INFO|nn.computeOptunaObjective|Trial 58 rocauc:|[0.7363132538238663, 0.7476010771795482, 0.852073732718894, 0.8971987315010571, 0.7916666666666666, 0.7683073229291717, 0.7847567913525814, 0.6932207887645955]
2022-12-16 02:46:30,797|INFO|nn.computeOptunaObjective|Trial 58 timings:|11.478864499999986
2022-12-16 02:46:30,797|INFO|nn.computeOptunaObjective|Trial 58 objective:|0.6216482195909342
2022-12-16 02:46:36,414|INFO|nn.computeOptunaObjective|Trial 59 params:|{'n_layers': 2, 'architecture': 'linear', 'lr': 0.0001, 'n_epochs': 100}
2022-12-16 02:46:36,414|INFO|nn.computeOptunaObjective|Trial 59 balacc:|[0.5, 0.5015479876160991, 0.49731182795698925, 0.5, 0.5227272727272727, 0.5, 0.5, 0.5]
2022-12-16 02:46:36,414|INFO|nn.computeOptunaObjective|Trial 59 rocauc:|[0.652669968330975, 0.657616282265008, 0.7250384024577573, 0.7111522198731501, 0.6409090909090909, 0.673469387755102, 0.7002560091025459, 0.6429839960806729]
2022-12-16 02:46:36,414|INFO|nn.computeOptunaObjective|Trial 59 timings:|5.620935999999915
2022-12-16 02:46:36,414|INFO|nn.computeOptunaObjective|Trial 59 objective:|0.5026983860375451
2022-12-16 02:46:47,623|INFO|nn.computeOptunaObjective|Trial 60 params:|{'n_layers': 2, 'architecture': 'linear', 'lr': 0.0001, 'n_epochs': 200}
2022-12-16 02:46:47,623|INFO|nn.computeOptunaObjective|Trial 60 balacc:|[0.5694259146957752, 0.6110539139355524, 0.6105990783410138, 0.5652748414376321, 0.693939393939394, 0.6650660264105642, 0.5175828473901295, 0.5112476524863232]
2022-12-16 02:46:47,623|INFO|nn.computeOptunaObjective|Trial 60 rocauc:|[0.721388383532107, 0.7350119991939472, 0.8296466973886328, 0.900105708245243, 0.7946969696969697, 0.7743097238895558, 0.7759209216327692, 0.6808504123458806]
2022-12-16 02:46:47,623|INFO|nn.computeOptunaObjective|Trial 60 timings:|11.19473359999995
2022-12-16 02:46:47,624|INFO|nn.computeOptunaObjective|Trial 60 objective:|0.593023708579548
2022-12-16 02:46:53,514|INFO|nn.computeOptunaObjective|Trial 61 params:|{'n_layers': 2, 'architecture': 'outer', 'lr': 0.001, 'n_epochs': 100}
2022-12-16 02:46:53,514|INFO|nn.computeOptunaObjective|Trial 61 balacc:|[0.6590728387574961, 0.6627823474453625, 0.6418586789554532, 0.7069238900634249, 0.6856060606060606, 0.6536614645858343, 0.6413739155169962, 0.609455376826978]
2022-12-16 02:46:53,514|INFO|nn.computeOptunaObjective|Trial 61 rocauc:|[0.7551866451047773, 0.7598054481836335, 0.8493087557603686, 0.8929704016913319, 0.8083333333333333, 0.7683073229291716, 0.7954238372919926, 0.7187576549359027]
2022-12-16 02:46:53,514|INFO|nn.computeOptunaObjective|Trial 61 timings:|5.885345799999982
2022-12-16 02:46:53,514|INFO|nn.computeOptunaObjective|Trial 61 objective:|0.6575918215947008
2022-12-16 02:47:02,374|INFO|nn.computeOptunaObjective|Trial 62 params:|{'n_layers': 4, 'architecture': 'bottom', 'lr': 0.001, 'n_epochs': 150}
2022-12-16 02:47:02,374|INFO|nn.computeOptunaObjective|Trial 62 balacc:|[0.6781652179772253, 0.6760803854397567, 0.7435483870967742, 0.7769556025369979, 0.7083333333333333, 0.6140456182472989, 0.6554544161570189, 0.6115987588797256]
2022-12-16 02:47:02,374|INFO|nn.computeOptunaObjective|Trial 62 rocauc:|[0.7795330503335356, 0.7609009471119497, 0.8698924731182796, 0.827431289640592, 0.8049242424242424, 0.7118847539015607, 0.7987661783530081, 0.7231056585286193]
2022-12-16 02:47:02,374|INFO|nn.computeOptunaObjective|Trial 62 timings:|8.85692169999993
2022-12-16 02:47:02,374|INFO|nn.computeOptunaObjective|Trial 62 objective:|0.6830227149585163
2022-12-16 02:47:11,258|INFO|nn.computeOptunaObjective|Trial 63 params:|{'n_layers': 2, 'architecture': 'top', 'lr': 0.0001, 'n_epochs': 150}
2022-12-16 02:47:11,258|INFO|nn.computeOptunaObjective|Trial 63 balacc:|[0.5560912337443569, 0.5962555187132468, 0.5954685099846391, 0.5454545454545454, 0.6795454545454546, 0.6752701080432173, 0.5, 0.49924471299093653]
2022-12-16 02:47:11,258|INFO|nn.computeOptunaObjective|Trial 63 rocauc:|[0.7137069604474092, 0.7302379687471375, 0.8258064516129031, 0.891384778012685, 0.7810606060606061, 0.7911164465786314, 0.7599914663632485, 0.6768902588388993]
2022-12-16 02:47:11,258|INFO|nn.computeOptunaObjective|Trial 63 timings:|8.872944200000006
2022-12-16 02:47:11,258|INFO|nn.computeOptunaObjective|Trial 63 objective:|0.5809162604345496
2022-12-16 02:47:20,061|INFO|nn.computeOptunaObjective|Trial 64 params:|{'n_layers': 3, 'architecture': 'inner', 'lr': 0.0001, 'n_epochs': 150}
2022-12-16 02:47:20,061|INFO|nn.computeOptunaObjective|Trial 64 balacc:|[0.5778586348628798, 0.6247586421675491, 0.6410138248847926, 0.5454545454545454, 0.6545454545454545, 0.6164465786314526, 0.5, 0.5]
2022-12-16 02:47:20,061|INFO|nn.computeOptunaObjective|Trial 64 rocauc:|[0.7275032005929519, 0.7322604283071061, 0.8557603686635945, 0.8942917547568711, 0.7689393939393939, 0.765906362545018, 0.7571824775992035, 0.6767473667020495]
2022-12-16 02:47:20,061|INFO|nn.computeOptunaObjective|Trial 64 timings:|8.802089000000024
2022-12-16 02:47:20,061|INFO|nn.computeOptunaObjective|Trial 64 objective:|0.5825097100683343
2022-12-16 02:47:25,928|INFO|nn.computeOptunaObjective|Trial 65 params:|{'n_layers': 3, 'architecture': 'outer', 'lr': 0.0001, 'n_epochs': 100}
2022-12-16 02:47:25,928|INFO|nn.computeOptunaObjective|Trial 65 balacc:|[0.5, 0.5, 0.5115975422427035, 0.5, 0.5227272727272727, 0.5, 0.5, 0.5]
2022-12-16 02:47:25,929|INFO|nn.computeOptunaObjective|Trial 65 rocauc:|[0.6656037329020956, 0.6633758953597011, 0.7663594470046082, 0.767706131078224, 0.6825757575757576, 0.6926770708283313, 0.7171810553264116, 0.6537009063444109]
2022-12-16 02:47:25,929|INFO|nn.computeOptunaObjective|Trial 65 timings:|5.857226999999966
2022-12-16 02:47:25,929|INFO|nn.computeOptunaObjective|Trial 65 objective:|0.504290601871247
2022-12-16 02:47:34,386|INFO|nn.computeOptunaObjective|Trial 66 params:|{'n_layers': 2, 'architecture': 'inner', 'lr': 0.001, 'n_epochs': 150}
2022-12-16 02:47:34,386|INFO|nn.computeOptunaObjective|Trial 66 balacc:|[0.6653460009433327, 0.6859123967244949, 0.7132872503840246, 0.7325581395348837, 0.731060606060606, 0.6152460984393757, 0.6315335656378893, 0.6289703600881849]
2022-12-16 02:47:34,386|INFO|nn.computeOptunaObjective|Trial 66 rocauc:|[0.7631308537160569, 0.7638705186216498, 0.8766513056835638, 0.8831923890063424, 0.8181818181818182, 0.7454981992797118, 0.8056819798037265, 0.7234730954519475]
2022-12-16 02:47:34,386|INFO|nn.computeOptunaObjective|Trial 66 timings:|8.464369099999999
2022-12-16 02:47:34,386|INFO|nn.computeOptunaObjective|Trial 66 objective:|0.675489302226599
2022-12-16 02:47:40,193|INFO|nn.computeOptunaObjective|Trial 67 params:|{'n_layers': 4, 'architecture': 'linear', 'lr': 0.0001, 'n_epochs': 100}
2022-12-16 02:47:40,194|INFO|nn.computeOptunaObjective|Trial 67 balacc:|[0.5, 0.5, 0.5, 0.5, 0.5, 0.5, 0.5, 0.5]
2022-12-16 02:47:40,194|INFO|nn.computeOptunaObjective|Trial 67 rocauc:|[0.6777626170743212, 0.6734332350193268, 0.790937019969278, 0.8417019027484143, 0.7174242424242424, 0.6950780312124849, 0.7347639027165409, 0.6621111292561443]
2022-12-16 02:47:40,194|INFO|nn.computeOptunaObjective|Trial 67 timings:|5.788627600000041
2022-12-16 02:47:40,194|INFO|nn.computeOptunaObjective|Trial 67 objective:|0.5
2022-12-16 02:47:45,874|INFO|nn.computeOptunaObjective|Trial 68 params:|{'n_layers': 2, 'architecture': 'outer', 'lr': 0.0001, 'n_epochs': 100}
2022-12-16 02:47:45,874|INFO|nn.computeOptunaObjective|Trial 68 balacc:|[0.5027525099386834, 0.5096524813600307, 0.5258832565284178, 0.5, 0.5227272727272727, 0.5, 0.5, 0.5]
2022-12-16 02:47:45,874|INFO|nn.computeOptunaObjective|Trial 68 rocauc:|[0.6571609055993531, 0.6708721856852364, 0.7281105990783411, 0.7196088794926004, 0.6356060606060606, 0.6758703481392557, 0.7065140093870006, 0.6428819302686373]
2022-12-16 02:47:45,874|INFO|nn.computeOptunaObjective|Trial 68 timings:|5.674987099999953
2022-12-16 02:47:45,874|INFO|nn.computeOptunaObjective|Trial 68 objective:|0.5076269400693005
2022-12-16 02:47:55,072|INFO|nn.computeOptunaObjective|Trial 69 params:|{'n_layers': 4, 'architecture': 'inner', 'lr': 0.0001, 'n_epochs': 150}
2022-12-16 02:47:55,072|INFO|nn.computeOptunaObjective|Trial 69 balacc:|[0.602543629135503, 0.6175627896751974, 0.6811827956989247, 0.6672832980972516, 0.6833333333333333, 0.556422569027611, 0.5, 0.5389483138727852]
2022-12-16 02:47:55,072|INFO|nn.computeOptunaObjective|Trial 69 rocauc:|[0.7462586752914224, 0.7382398739626651, 0.8723502304147466, 0.8993128964059197, 0.7446969696969696, 0.7274909963985594, 0.7590669890484996, 0.6904650118396342]
2022-12-16 02:47:55,072|INFO|nn.computeOptunaObjective|Trial 69 timings:|9.191535499999986
2022-12-16 02:47:55,072|INFO|nn.computeOptunaObjective|Trial 69 objective:|0.6059095911050758
2022-12-16 02:48:06,632|INFO|nn.computeOptunaObjective|Trial 70 params:|{'n_layers': 4, 'architecture': 'top', 'lr': 0.0001, 'n_epochs': 200}
2022-12-16 02:48:06,632|INFO|nn.computeOptunaObjective|Trial 70 balacc:|[0.6684387844484874, 0.697065235312437, 0.7820276497695853, 0.8089323467230444, 0.7227272727272727, 0.6332533013205282, 0.6603701464940975, 0.6124356985384176]
2022-12-16 02:48:06,633|INFO|nn.computeOptunaObjective|Trial 70 rocauc:|[0.7830857085102082, 0.7703684027332515, 0.8935483870967742, 0.8964059196617337, 0.8037878787878788, 0.7190876350540216, 0.8003484568340208, 0.7341491793908712]
2022-12-16 02:48:06,633|INFO|nn.computeOptunaObjective|Trial 70 timings:|11.555464200000074
2022-12-16 02:48:06,633|INFO|nn.computeOptunaObjective|Trial 70 objective:|0.6981563044167338
2022-12-16 02:48:12,133|INFO|nn.computeOptunaObjective|Trial 71 params:|{'n_layers': 2, 'architecture': 'inner', 'lr': 0.0001, 'n_epochs': 100}
2022-12-16 02:48:12,133|INFO|nn.computeOptunaObjective|Trial 71 balacc:|[0.5, 0.5056002344880649, 0.5115975422427035, 0.5, 0.5227272727272727, 0.5, 0.5, 0.5]
2022-12-16 02:48:12,134|INFO|nn.computeOptunaObjective|Trial 71 rocauc:|[0.6483710666397144, 0.6639328045138952, 0.7439324116743471, 0.7267441860465116, 0.6583333333333334, 0.6998799519807923, 0.7057317593514436, 0.648291418306524]
2022-12-16 02:48:12,134|INFO|nn.computeOptunaObjective|Trial 71 timings:|5.495211799999993
2022-12-16 02:48:12,134|INFO|nn.computeOptunaObjective|Trial 71 objective:|0.5049906311822551
2022-12-16 02:48:17,583|INFO|nn.computeOptunaObjective|Trial 72 params:|{'n_layers': 2, 'architecture': 'top', 'lr': 0.0001, 'n_epochs': 100}
2022-12-16 02:48:17,598|INFO|nn.computeOptunaObjective|Trial 72 balacc:|[0.5099791119196819, 0.5293219997435287, 0.5231950844854071, 0.5, 0.5454545454545454, 0.5294117647058824, 0.5, 0.5]
2022-12-16 02:48:17,598|INFO|nn.computeOptunaObjective|Trial 72 rocauc:|[0.6771764032073311, 0.6955703738985473, 0.7683563748079877, 0.7806553911205074, 0.7007575757575757, 0.7238895558223288, 0.7253413454700611, 0.6582530415611986]
2022-12-16 02:48:17,599|INFO|nn.computeOptunaObjective|Trial 72 timings:|5.458053500000005
2022-12-16 02:48:17,599|INFO|nn.computeOptunaObjective|Trial 72 objective:|0.5171703132886307
2022-12-16 02:48:28,677|INFO|nn.computeOptunaObjective|Trial 73 params:|{'n_layers': 4, 'architecture': 'inner', 'lr': 0.0001, 'n_epochs': 200}
2022-12-16 02:48:28,677|INFO|nn.computeOptunaObjective|Trial 73 balacc:|[0.6714540799137524, 0.6854580760987048, 0.8195084485407066, 0.8089323467230444, 0.7, 0.5552220888355343, 0.654041032570047, 0.5906548542500204]
2022-12-16 02:48:28,677|INFO|nn.computeOptunaObjective|Trial 73 rocauc:|[0.7734485546796037, 0.7591972447652371, 0.8983102918586789, 0.8950845665961945, 0.7772727272727272, 0.7010804321728692, 0.779583274071967, 0.7264125908385727]
2022-12-16 02:48:28,677|INFO|nn.computeOptunaObjective|Trial 73 timings:|11.0739059
2022-12-16 02:48:28,677|INFO|nn.computeOptunaObjective|Trial 73 objective:|0.6856588658664762
2022-12-16 02:48:34,344|INFO|nn.computeOptunaObjective|Trial 74 params:|{'n_layers': 3, 'architecture': 'linear', 'lr': 0.001, 'n_epochs': 100}
2022-12-16 02:48:34,344|INFO|nn.computeOptunaObjective|Trial 74 balacc:|[0.6820261437908497, 0.6863667173502849, 0.7605222734254993, 0.7547568710359408, 0.6856060606060606, 0.6038415366146459, 0.6652947660361257, 0.6364415775291908]
2022-12-16 02:48:34,345|INFO|nn.computeOptunaObjective|Trial 74 rocauc:|[0.7883431035644498, 0.7807115247220034, 0.8757296466973886, 0.864693446088795, 0.7931818181818182, 0.7004801920768307, 0.8029796614990755, 0.727147464685229]
2022-12-16 02:48:34,345|INFO|nn.computeOptunaObjective|Trial 74 timings:|5.659826399999929
2022-12-16 02:48:34,345|INFO|nn.computeOptunaObjective|Trial 74 objective:|0.6843569932985747
2022-12-16 02:48:46,115|INFO|nn.computeOptunaObjective|Trial 75 params:|{'n_layers': 3, 'architecture': 'bottom', 'lr': 0.001, 'n_epochs': 200}
2022-12-16 02:48:46,115|INFO|nn.computeOptunaObjective|Trial 75 balacc:|[0.6710262111717539, 0.6652444721270632, 0.6944700460829493, 0.734936575052854, 0.6954545454545455, 0.6944777911164466, 0.6237999573318163, 0.6296031681228056]
2022-12-16 02:48:46,115|INFO|nn.computeOptunaObjective|Trial 75 rocauc:|[0.7765362846169396, 0.756504295894627, 0.8434715821812596, 0.8403805496828752, 0.7651515151515151, 0.7755102040816326, 0.8024551984070545, 0.6935167796194986]
2022-12-16 02:48:46,115|INFO|nn.computeOptunaObjective|Trial 75 timings:|11.764920200000006
2022-12-16 02:48:46,115|INFO|nn.computeOptunaObjective|Trial 75 objective:|0.6761265958075293
2022-12-16 02:48:52,107|INFO|nn.computeOptunaObjective|Trial 76 params:|{'n_layers': 2, 'architecture': 'bottom', 'lr': 0.0001, 'n_epochs': 100}
2022-12-16 02:48:52,107|INFO|nn.computeOptunaObjective|Trial 76 balacc:|[0.5, 0.5, 0.5, 0.5, 0.5, 0.5, 0.5, 0.5]
2022-12-16 02:48:52,107|INFO|nn.computeOptunaObjective|Trial 76 rocauc:|[0.6226753588033151, 0.6169948888929598, 0.64715821812596, 0.6448202959830867, 0.5606060606060607, 0.6206482593037215, 0.6751528943251316, 0.6282048664979178]
2022-12-16 02:48:52,107|INFO|nn.computeOptunaObjective|Trial 76 timings:|5.984983199999988
2022-12-16 02:48:52,107|INFO|nn.computeOptunaObjective|Trial 76 objective:|0.5
2022-12-16 02:48:58,194|INFO|nn.computeOptunaObjective|Trial 77 params:|{'n_layers': 4, 'architecture': 'outer', 'lr': 0.0001, 'n_epochs': 100}
2022-12-16 02:48:58,194|INFO|nn.computeOptunaObjective|Trial 77 balacc:|[0.5, 0.5, 0.5, 0.5, 0.5, 0.5, 0.5, 0.5]
2022-12-16 02:48:58,194|INFO|nn.computeOptunaObjective|Trial 77 rocauc:|[0.6715871571996496, 0.6666880392767508, 0.7755760368663595, 0.8276955602536998, 0.6901515151515152, 0.674669867947179, 0.7292525956478453, 0.6578856046378705]
2022-12-16 02:48:58,194|INFO|nn.computeOptunaObjective|Trial 77 timings:|6.089197500000068
2022-12-16 02:48:58,194|INFO|nn.computeOptunaObjective|Trial 77 objective:|0.5
2022-12-16 02:49:09,412|INFO|nn.computeOptunaObjective|Trial 78 params:|{'n_layers': 2, 'architecture': 'linear', 'lr': 0.001, 'n_epochs': 200}
2022-12-16 02:49:09,412|INFO|nn.computeOptunaObjective|Trial 78 balacc:|[0.6604440401590189, 0.6692490886108414, 0.6650537634408602, 0.6614693446088795, 0.7083333333333333, 0.6140456182472989, 0.6237999573318163, 0.6274597860700579]
2022-12-16 02:49:09,412|INFO|nn.computeOptunaObjective|Trial 78 rocauc:|[0.7667845832491071, 0.7594115815120815, 0.8333333333333334, 0.8773784355179703, 0.818939393939394, 0.7322929171668667, 0.8001528943251315, 0.7249632563076672]
2022-12-16 02:49:09,412|INFO|nn.computeOptunaObjective|Trial 78 timings:|11.204513399999996
2022-12-16 02:49:09,413|INFO|nn.computeOptunaObjective|Trial 78 objective:|0.6537318664752633
2022-12-16 02:49:18,043|INFO|nn.computeOptunaObjective|Trial 79 params:|{'n_layers': 3, 'architecture': 'top', 'lr': 0.0001, 'n_epochs': 150}
2022-12-16 02:49:18,043|INFO|nn.computeOptunaObjective|Trial 79 balacc:|[0.6276665992857624, 0.6457966182424386, 0.7097542242703533, 0.6841966173361522, 0.7, 0.6650660264105642, 0.5175828473901295, 0.5404997142157263]
2022-12-16 02:49:18,043|INFO|nn.computeOptunaObjective|Trial 79 rocauc:|[0.754283740987804, 0.7539798853206807, 0.8841781874039938, 0.9006342494714588, 0.7689393939393939, 0.765906362545018, 0.7744097567913524, 0.6963848289376989]
2022-12-16 02:49:18,043|INFO|nn.computeOptunaObjective|Trial 79 timings:|8.637044899999978
2022-12-16 02:49:18,043|INFO|nn.computeOptunaObjective|Trial 79 objective:|0.6363203308938908
2022-12-16 02:49:29,215|INFO|nn.computeOptunaObjective|Trial 80 params:|{'n_layers': 3, 'architecture': 'outer', 'lr': 0.001, 'n_epochs': 200}
2022-12-16 02:49:29,215|INFO|nn.computeOptunaObjective|Trial 80 balacc:|[0.6788457651101678, 0.6931503837910125, 0.7721198156682028, 0.7209302325581395, 0.6856060606060606, 0.6830732292917168, 0.64981866021903, 0.6274189597452438]
2022-12-16 02:49:29,215|INFO|nn.computeOptunaObjective|Trial 80 rocauc:|[0.7775099386833771, 0.7735816219979115, 0.8732718894009217, 0.879492600422833, 0.7973484848484849, 0.7346938775510204, 0.8098954629497938, 0.7237078468196293]
2022-12-16 02:49:29,215|INFO|nn.computeOptunaObjective|Trial 80 timings:|11.16570989999991
2022-12-16 02:49:29,215|INFO|nn.computeOptunaObjective|Trial 80 objective:|0.6888703883736967
2022-12-16 02:49:38,010|INFO|nn.computeOptunaObjective|Trial 81 params:|{'n_layers': 4, 'architecture': 'outer', 'lr': 0.0001, 'n_epochs': 150}
2022-12-16 02:49:38,010|INFO|nn.computeOptunaObjective|Trial 81 balacc:|[0.49948453608247423, 0.5740341106856944, 0.589247311827957, 0.5821881606765328, 0.6257575757575757, 0.6368547418967587, 0.5, 0.5104923654772597]
2022-12-16 02:49:38,010|INFO|nn.computeOptunaObjective|Trial 81 rocauc:|[0.725057273768614, 0.7252514334914906, 0.8608294930875576, 0.8995771670190275, 0.7689393939393939, 0.758703481392557, 0.750960034134547, 0.6717665550747122]
2022-12-16 02:49:38,010|INFO|nn.computeOptunaObjective|Trial 81 timings:|8.776153700000009
2022-12-16 02:49:38,011|INFO|nn.computeOptunaObjective|Trial 81 objective:|0.5647573503005315
2022-12-16 02:49:48,769|INFO|nn.computeOptunaObjective|Trial 82 params:|{'n_layers': 2, 'architecture': 'bottom', 'lr': 0.0001, 'n_epochs': 200}
2022-12-16 02:49:48,769|INFO|nn.computeOptunaObjective|Trial 82 balacc:|[0.5476585135772523, 0.5927949878176122, 0.5838709677419355, 0.5, 0.6196969696969696, 0.6956782713085234, 0.5, 0.49924471299093653]
2022-12-16 02:49:48,769|INFO|nn.computeOptunaObjective|Trial 82 rocauc:|[0.6919462974193114, 0.7120468243354645, 0.7906298003072196, 0.8390591966173362, 0.7833333333333333, 0.7599039615846339, 0.7460354145925188, 0.6671531803707029]
2022-12-16 02:49:48,769|INFO|nn.computeOptunaObjective|Trial 82 timings:|10.7539941
2022-12-16 02:49:48,769|INFO|nn.computeOptunaObjective|Trial 82 objective:|0.5673680528916537
2022-12-16 02:49:57,364|INFO|nn.computeOptunaObjective|Trial 83 params:|{'n_layers': 4, 'architecture': 'inner', 'lr': 0.001, 'n_epochs': 150}
2022-12-16 02:49:57,364|INFO|nn.computeOptunaObjective|Trial 83 balacc:|[0.6931136715854727, 0.6916555223771228, 0.7845622119815668, 0.8142177589852009, 0.7477272727272727, 0.6626650660264106, 0.6596590100981368, 0.6139054462317303]
2022-12-16 02:49:57,364|INFO|nn.computeOptunaObjective|Trial 83 rocauc:|[0.795136783235631, 0.7628904317877883, 0.8623655913978494, 0.8776427061310782, 0.8007575757575758, 0.7430972388955582, 0.810162139098279, 0.7438862578590676]
2022-12-16 02:49:57,364|INFO|nn.computeOptunaObjective|Trial 83 timings:|8.587059300000078
2022-12-16 02:49:57,364|INFO|nn.computeOptunaObjective|Trial 83 objective:|0.7084382450016142
2022-12-16 02:50:02,876|INFO|nn.computeOptunaObjective|Trial 84 params:|{'n_layers': 3, 'architecture': 'bottom', 'lr': 0.0001, 'n_epochs': 100}
2022-12-16 02:50:02,876|INFO|nn.computeOptunaObjective|Trial 84 balacc:|[0.5, 0.5, 0.5, 0.5, 0.5, 0.5, 0.5, 0.5]
2022-12-16 02:50:02,876|INFO|nn.computeOptunaObjective|Trial 84 rocauc:|[0.6031180513442491, 0.5859875061827907, 0.6582181259600615, 0.6429704016913319, 0.5621212121212121, 0.6098439375750301, 0.6788152467643294, 0.6259798317955418]
2022-12-16 02:50:02,876|INFO|nn.computeOptunaObjective|Trial 84 timings:|5.511043599999994
2022-12-16 02:50:02,876|INFO|nn.computeOptunaObjective|Trial 84 objective:|0.5
2022-12-16 02:50:08,637|INFO|nn.computeOptunaObjective|Trial 85 params:|{'n_layers': 4, 'architecture': 'linear', 'lr': 0.001, 'n_epochs': 100}
2022-12-16 02:50:08,638|INFO|nn.computeOptunaObjective|Trial 85 balacc:|[0.683319857152483, 0.6864619781266602, 0.8025345622119815, 0.8089323467230444, 0.731060606060606, 0.6230492196878752, 0.664601408050064, 0.6243978117089899]
2022-12-16 02:50:08,638|INFO|nn.computeOptunaObjective|Trial 85 rocauc:|[0.7846691597601241, 0.7623335226335942, 0.8881720430107527, 0.8919133192389006, 0.7878787878787878, 0.7286914765906363, 0.7924015076091594, 0.743294276149261]
2022-12-16 02:50:08,638|INFO|nn.computeOptunaObjective|Trial 85 timings:|5.750004600000011
2022-12-16 02:50:08,638|INFO|nn.computeOptunaObjective|Trial 85 objective:|0.7030447237152131
2022-12-16 02:50:17,167|INFO|nn.computeOptunaObjective|Trial 86 params:|{'n_layers': 3, 'architecture': 'linear', 'lr': 0.001, 'n_epochs': 150}
2022-12-16 02:50:17,167|INFO|nn.computeOptunaObjective|Trial 86 balacc:|[0.6699076881611751, 0.6824994962170481, 0.7238863287250383, 0.7436575052854122, 0.6795454545454546, 0.5744297719087635, 0.6624857772720808, 0.6499142647178902]
2022-12-16 02:50:17,167|INFO|nn.computeOptunaObjective|Trial 86 rocauc:|[0.776826022505222, 0.7670177881180502, 0.8685867895545315, 0.8509513742071881, 0.8090909090909091, 0.6584633853541416, 0.80054401934291, 0.7167265452763942]
2022-12-16 02:50:17,167|INFO|nn.computeOptunaObjective|Trial 86 timings:|8.529863400000067
2022-12-16 02:50:17,167|INFO|nn.computeOptunaObjective|Trial 86 objective:|0.6732907858541078
2022-12-16 02:50:22,900|INFO|nn.computeOptunaObjective|Trial 87 params:|{'n_layers': 4, 'architecture': 'inner', 'lr': 0.0001, 'n_epochs': 100}
2022-12-16 02:50:22,900|INFO|nn.computeOptunaObjective|Trial 87 balacc:|[0.5, 0.5, 0.5, 0.5, 0.5, 0.5, 0.5, 0.5]
2022-12-16 02:50:22,900|INFO|nn.computeOptunaObjective|Trial 87 rocauc:|[0.6807408530422479, 0.6744408009232967, 0.7887864823348694, 0.8306025369978858, 0.7007575757575757, 0.6830732292917168, 0.7349950220452284, 0.6661121090879399]
2022-12-16 02:50:22,900|INFO|nn.computeOptunaObjective|Trial 87 timings:|5.728721800000017
2022-12-16 02:50:22,900|INFO|nn.computeOptunaObjective|Trial 87 objective:|0.5
2022-12-16 02:50:33,937|INFO|nn.computeOptunaObjective|Trial 88 params:|{'n_layers': 4, 'architecture': 'bottom', 'lr': 0.0001, 'n_epochs': 200}
2022-12-16 02:50:33,937|INFO|nn.computeOptunaObjective|Trial 88 balacc:|[0.5575601374570447, 0.5555956546430468, 0.5294162826420891, 0.55946088794926, 0.6257575757575757, 0.5, 0.5, 0.5254756266840859]
2022-12-16 02:50:33,937|INFO|nn.computeOptunaObjective|Trial 88 rocauc:|[0.6923842732969476, 0.6917159763313608, 0.8268817204301075, 0.882399577167019, 0.7462121212121212, 0.7262905162064826, 0.7369328687242214, 0.654762390789581]
2022-12-16 02:50:33,937|INFO|nn.computeOptunaObjective|Trial 88 timings:|11.019696000000067
2022-12-16 02:50:33,937|INFO|nn.computeOptunaObjective|Trial 88 objective:|0.5441582706416378
2022-12-16 02:50:42,605|INFO|nn.computeOptunaObjective|Trial 89 params:|{'n_layers': 4, 'architecture': 'outer', 'lr': 0.001, 'n_epochs': 150}
2022-12-16 02:50:42,605|INFO|nn.computeOptunaObjective|Trial 89 balacc:|[0.678582979583586, 0.675124113799989, 0.7445468509984638, 0.7774841437632135, 0.7621212121212122, 0.7226890756302521, 0.6505209074100412, 0.6109251245202907]
2022-12-16 02:50:42,605|INFO|nn.computeOptunaObjective|Trial 89 rocauc:|[0.7859022303079308, 0.7611702419990107, 0.8867127496159755, 0.8753964059196617, 0.8132575757575757, 0.7545018007202879, 0.7954238372919925, 0.7417224626439128]
2022-12-16 02:50:42,605|INFO|nn.computeOptunaObjective|Trial 89 timings:|8.669531300000017
2022-12-16 02:50:42,605|INFO|nn.computeOptunaObjective|Trial 89 objective:|0.7027493009783812
2022-12-16 02:50:42,605|INFO|mtg.runMTGExperiment|Best trial number:|29
2022-12-16 02:50:42,605|INFO|mtg.runMTGExperiment|Best trial objective:|0.7131673764813883
2022-12-16 02:50:42,605|INFO|mtg.runMTGExperiment|Best trial params:|{'n_layers': 4, 'architecture': 'outer', 'lr': 0.001, 'n_epochs': 100}
2022-12-16 02:50:42,664|INFO|nn.loadModellingDataset|Trainval descriptors loaded (features, instances):|1024|7352
2022-12-16 02:50:42,664|INFO|nn.loadModellingDataset|Trainval endpoints loaded (tasks, instances):|8|7352
2022-12-16 02:50:42,672|INFO|nn.loadModellingDataset|Test descriptors loaded (features, instances):|1024|1412
2022-12-16 02:50:42,672|INFO|nn.loadModellingDataset|Test endpoints loaded (tasks, instances):|8|1412
2022-12-16 02:50:42,672|INFO|mtg.runMTGExperiment|Final neural network hyperparams:|{'n_layers': 4, 'architecture': 'outer', 'lr': 0.001, 'n_epochs': 100, 'best_trial_num': 29}
2022-12-16 02:50:49,317|INFO|nn.testFinalModel|Final model test balacc:|[0.7638399966473892, 0.7863515435071786, 0.8752380952380951, 0.8454106280193237, 0.7569444444444444, 0.8045112781954887, 0.812171052631579, 0.6996096291476903]
2022-12-16 02:50:49,317|INFO|nn.testFinalModel|Final model test rocauc:|[0.8858645545218339, 0.8964153020503647, 0.9523809523809523, 0.9484702093397746, 0.8425925925925926, 0.9548872180451127, 0.9286184210526316, 0.9237475601821731]
2022-12-16 02:50:49,322|INFO|mtg.runMTGExperiment|Mechanistic task grouping experiment timing:|777.6545073999999
2022-12-16 02:50:49,322|INFO|mtg.runMTGExperiment|DONE
