2022-12-16 02:21:11,147|INFO|__main__.startLogging|>>>> START LOGGING A GMTAMES EXPERIMENT
2022-12-16 02:21:11,147|INFO|__main__.startLogging|mode:|mtg
2022-12-16 02:21:11,147|INFO|__main__.startLogging|tasks:|TA100,TA100_S9,TA102,TA102_S9,TA104,TA104_S9,TA1535,TA1535_S9,TA1537,TA1537_S9,TA1538,TA1538_S9,TA97,TA97_S9,TA98,TA98_S9
2022-12-16 02:21:11,147|INFO|__main__.startLogging|output:|mtg_experiment
2022-12-16 02:21:11,147|INFO|__main__.startLogging|device:|titanv
2022-12-16 02:21:11,147|INFO|__main__.startLogging|DONE
2022-12-16 02:21:11,147|INFO|mtg.runMTGExperiment|>>>> RUNNING MECHANISTIC TASK GROUPING EXPERIMENT
2022-12-16 02:21:11,147|INFO|data.generateModellingDatasets|>>>> GENERATING MODELLING DATASETS
2022-12-16 02:21:11,147|INFO|data.generateModellingDatasets|Task list parsed:|['TA100', 'TA100_S9', 'TA102', 'TA102_S9', 'TA104', 'TA104_S9', 'TA1535', 'TA1535_S9', 'TA1537', 'TA1537_S9', 'TA1538', 'TA1538_S9', 'TA97', 'TA97_S9', 'TA98', 'TA98_S9']
2022-12-16 02:21:17,417|INFO|data.generateModellingDatasets|Modelling train dataset generated: (rows, columns)|7360|1041
2022-12-16 02:21:17,581|INFO|data.generateModellingDatasets|Modelling val dataset generated: (rows, columns)|3440|1041
2022-12-16 02:21:17,952|INFO|data.generateModellingDatasets|Modelling trainval dataset generated: (rows, columns)|8154|1041
2022-12-16 02:21:18,051|INFO|data.generateModellingDatasets|Modelling test dataset generated: (rows, columns)|2281|1041
2022-12-16 02:21:18,051|INFO|data.generateModellingDatasets|Modelling datasets generation timing:|6.9029314
2022-12-16 02:21:18,051|INFO|data.generateModellingDatasets|DONE
2022-12-16 02:21:18,084|INFO|mtg.runMTGExperiment|Device confirmed:|cuda:0
2022-12-16 02:21:19,268|INFO|nn.loadModellingDataset|Train descriptors loaded (features, instances):|1024|7360
2022-12-16 02:21:19,268|INFO|nn.loadModellingDataset|Train endpoints loaded (tasks, instances):|16|7360
2022-12-16 02:21:19,293|INFO|nn.loadModellingDataset|Val descriptors loaded (features, instances):|1024|3440
2022-12-16 02:21:19,293|INFO|nn.loadModellingDataset|Val endpoints loaded (tasks, instances):|16|3440
2022-12-16 02:21:33,988|INFO|nn.computeOptunaObjective|Trial 0 params:|{'n_layers': 2, 'architecture': 'top', 'lr': 0.001, 'n_epochs': 200}
2022-12-16 02:21:33,988|INFO|nn.computeOptunaObjective|Trial 0 balacc:|[0.6804797520382724, 0.6998864198435525, 0.684715821812596, 0.6783826638477801, 0.7416666666666667, 0.6050420168067226, 0.6322358128289006, 0.6297256470972483, 0.6514283430155092, 0.6927145760592006, 0.6686255696809786, 0.6785057471264369, 0.6936499370390358, 0.7893743257820929, 0.6774544518122707, 0.7119360902255639]
2022-12-16 02:21:33,988|INFO|nn.computeOptunaObjective|Trial 0 rocauc:|[0.7883094131123239, 0.8015168446699764, 0.8531490015360983, 0.8847780126849895, 0.8068181818181819, 0.6890756302521008, 0.8003306784241216, 0.726820854086715, 0.8482385546021425, 0.832351868257856, 0.8905313024706165, 0.8624712643678162, 0.7928584277747796, 0.9211614527148507, 0.827058520569111, 0.8307375581811671]
2022-12-16 02:21:33,988|INFO|nn.computeOptunaObjective|Trial 0 timings:|14.693850200000002
2022-12-16 02:21:33,988|INFO|nn.computeOptunaObjective|Trial 0 objective:|0.6822389901051767
2022-12-16 02:21:41,488|INFO|nn.computeOptunaObjective|Trial 1 params:|{'n_layers': 4, 'architecture': 'top', 'lr': 0.001, 'n_epochs': 100}
2022-12-16 02:21:41,489|INFO|nn.computeOptunaObjective|Trial 1 balacc:|[0.6808099184691059, 0.7314378881418653, 0.8221966205837173, 0.7576638477801269, 0.7537878787878788, 0.6728691476590636, 0.5949722656805575, 0.5688740099616233, 0.723724884080371, 0.724138829537756, 0.7323398896617894, 0.7055172413793103, 0.7448282065119626, 0.8238942826321467, 0.7342861434794739, 0.7416353383458647]
2022-12-16 02:21:41,489|INFO|nn.computeOptunaObjective|Trial 1 rocauc:|[0.8111599622666936, 0.8089453532892447, 0.8814132104454685, 0.9262684989429176, 0.8053030303030303, 0.7274909963985594, 0.7724896885222585, 0.7322711684494161, 0.8483184991739061, 0.8428005628224504, 0.8716718637562965, 0.8336206896551724, 0.7772980751933801, 0.9220604099244876, 0.8391167192429022, 0.8101973684210525]
2022-12-16 02:21:41,489|INFO|nn.computeOptunaObjective|Trial 1 timings:|7.499105999999998
2022-12-16 02:21:41,489|INFO|nn.computeOptunaObjective|Trial 1 objective:|0.7195610245432883
2022-12-16 02:21:48,576|INFO|nn.computeOptunaObjective|Trial 2 params:|{'n_layers': 3, 'architecture': 'outer', 'lr': 0.001, 'n_epochs': 100}
2022-12-16 02:21:48,576|INFO|nn.computeOptunaObjective|Trial 2 balacc:|[0.700252678390944, 0.7197354681517578, 0.7623655913978494, 0.7716701902748414, 0.725, 0.624249699879952, 0.6519342909970132, 0.6394218992406304, 0.676637531311624, 0.7152926155609984, 0.720976253298153, 0.7227586206896552, 0.7138873898183127, 0.7812837108953614, 0.6968110903667462, 0.7234022556390978]
2022-12-16 02:21:48,576|INFO|nn.computeOptunaObjective|Trial 2 rocauc:|[0.8104019270938616, 0.8078498543609284, 0.8635176651305684, 0.9101479915433404, 0.8030303030303031, 0.680672268907563, 0.8050597354572606, 0.7116538744182248, 0.8356073122634973, 0.8531450310073481, 0.860098344926841, 0.8574137931034482, 0.7835941716135996, 0.9295217547644732, 0.8366273954376702, 0.8273742391693519]
2022-12-16 02:21:48,576|INFO|nn.computeOptunaObjective|Trial 2 timings:|7.0964253
2022-12-16 02:21:48,576|INFO|nn.computeOptunaObjective|Trial 2 objective:|0.7091049553695585
2022-12-16 02:21:55,552|INFO|nn.computeOptunaObjective|Trial 3 params:|{'n_layers': 4, 'architecture': 'bottom', 'lr': 0.0001, 'n_epochs': 100}
2022-12-16 02:21:55,552|INFO|nn.computeOptunaObjective|Trial 3 balacc:|[0.5, 0.5, 0.5, 0.5, 0.5, 0.5, 0.5, 0.5, 0.5, 0.5, 0.5, 0.5, 0.5, 0.5, 0.5, 0.5]
2022-12-16 02:21:55,552|INFO|nn.computeOptunaObjective|Trial 3 rocauc:|[0.6146267097904454, 0.6182882371260556, 0.620583717357911, 0.6419133192389006, 0.5106060606060606, 0.6038415366146458, 0.664965865452994, 0.6276537111129257, 0.5920428502904653, 0.5975558913961123, 0.6322859198848645, 0.6131034482758622, 0.5702464472027343, 0.5998741459906508, 0.6318762205197537, 0.6007004117436449]
2022-12-16 02:21:55,552|INFO|nn.computeOptunaObjective|Trial 3 timings:|6.962661300000001
2022-12-16 02:21:55,552|INFO|nn.computeOptunaObjective|Trial 3 objective:|0.5
2022-12-16 02:22:05,899|INFO|nn.computeOptunaObjective|Trial 4 params:|{'n_layers': 2, 'architecture': 'bottom', 'lr': 0.001, 'n_epochs': 150}
2022-12-16 02:22:05,899|INFO|nn.computeOptunaObjective|Trial 4 balacc:|[0.6642274779327539, 0.6923315075017862, 0.6793394777265744, 0.6358350951374208, 0.7022727272727273, 0.6254501800720288, 0.635053690797895, 0.6049236547725974, 0.6458988434685284, 0.6475584970556048, 0.6699448308946989, 0.6670689655172414, 0.6743568987227919, 0.6676105717367853, 0.6672503701796176, 0.6973997493734335]
2022-12-16 02:22:05,899|INFO|nn.computeOptunaObjective|Trial 4 rocauc:|[0.774086988747389, 0.779454815249052, 0.823195084485407, 0.8813424947145877, 0.8143939393939394, 0.6854741896758704, 0.7831389560517708, 0.7108985874091613, 0.8364867025528967, 0.8254729271978737, 0.869692971935716, 0.8372988505747128, 0.7894405468609461, 0.8935634663790003, 0.8200948518208545, 0.8141626387397063]
2022-12-16 02:22:05,899|INFO|nn.computeOptunaObjective|Trial 4 timings:|10.356985199999997
2022-12-16 02:22:05,899|INFO|nn.computeOptunaObjective|Trial 4 objective:|0.6610326586351554
2022-12-16 02:22:20,253|INFO|nn.computeOptunaObjective|Trial 5 params:|{'n_layers': 3, 'architecture': 'outer', 'lr': 0.0001, 'n_epochs': 200}
2022-12-16 02:22:20,253|INFO|nn.computeOptunaObjective|Trial 5 balacc:|[0.5712350919749343, 0.6222543829116822, 0.6731182795698925, 0.5507399577167019, 0.6318181818181818, 0.6062424969987995, 0.5, 0.5, 0.5792517188082928, 0.5572463390484131, 0.6244902854401535, 0.625632183908046, 0.6069436949091563, 0.5965480043149947, 0.6157041996609369, 0.637531328320802]
2022-12-16 02:22:20,253|INFO|nn.computeOptunaObjective|Trial 5 rocauc:|[0.7248079644228825, 0.7387235055965706, 0.851152073732719, 0.9127906976744187, 0.7628787878787879, 0.7454981992797118, 0.7257858057175366, 0.6740324161019026, 0.8107711986356125, 0.7973057480848403, 0.8450467738066683, 0.7831034482758622, 0.7417701025364274, 0.7998921251348436, 0.7883430974913626, 0.7715919262441818]
2022-12-16 02:22:20,253|INFO|nn.computeOptunaObjective|Trial 5 timings:|14.3487912
2022-12-16 02:22:20,253|INFO|nn.computeOptunaObjective|Trial 5 objective:|0.5936722590875617
2022-12-16 02:22:27,741|INFO|nn.computeOptunaObjective|Trial 6 params:|{'n_layers': 4, 'architecture': 'top', 'lr': 0.0001, 'n_epochs': 100}
2022-12-16 02:22:27,741|INFO|nn.computeOptunaObjective|Trial 6 balacc:|[0.5, 0.5, 0.5, 0.5, 0.5, 0.5, 0.5, 0.5, 0.5, 0.5, 0.5, 0.5, 0.5, 0.5, 0.5, 0.5]
2022-12-16 02:22:27,741|INFO|nn.computeOptunaObjective|Trial 6 rocauc:|[0.7010663028097837, 0.7154102625167165, 0.8043010752688172, 0.892706131078224, 0.7015151515151514, 0.645858343337335, 0.7028872137676005, 0.6557830489099371, 0.8003784043063475, 0.7764604721455, 0.845766370832334, 0.8024137931034483, 0.6988667026443606, 0.7591693635382956, 0.7795489173587415, 0.7585235409953456]
2022-12-16 02:22:27,741|INFO|nn.computeOptunaObjective|Trial 6 timings:|7.48525459999999
2022-12-16 02:22:27,741|INFO|nn.computeOptunaObjective|Trial 6 objective:|0.5
2022-12-16 02:22:34,611|INFO|nn.computeOptunaObjective|Trial 7 params:|{'n_layers': 3, 'architecture': 'bottom', 'lr': 0.001, 'n_epochs': 100}
2022-12-16 02:22:34,611|INFO|nn.computeOptunaObjective|Trial 7 balacc:|[0.6744592682433799, 0.6531720006594977, 0.7578341013824885, 0.7576638477801269, 0.7083333333333333, 0.6536614645858343, 0.5942700184895463, 0.5816322364660733, 0.6649256515482599, 0.7031893272187191, 0.6942911969297193, 0.7170114942528736, 0.7240061162079511, 0.7241100323624595, 0.6692289534110174, 0.700657894736842]
2022-12-16 02:22:34,611|INFO|nn.computeOptunaObjective|Trial 7 rocauc:|[0.7672680412371133, 0.7786121237657317, 0.8556067588325653, 0.8895348837209303, 0.806060606060606, 0.7226890756302521, 0.7415908121177641, 0.6562525516453009, 0.8138357405532164, 0.8342539996873208, 0.8479851283281362, 0.8197126436781609, 0.7745098039215685, 0.8782811938151743, 0.816176312796412, 0.8108463122090942]
2022-12-16 02:22:34,611|INFO|nn.computeOptunaObjective|Trial 7 timings:|6.8652971000000065
2022-12-16 02:22:34,611|INFO|nn.computeOptunaObjective|Trial 7 objective:|0.6861529336005077
2022-12-16 02:22:41,746|INFO|nn.computeOptunaObjective|Trial 8 params:|{'n_layers': 3, 'architecture': 'linear', 'lr': 0.0001, 'n_epochs': 100}
2022-12-16 02:22:41,746|INFO|nn.computeOptunaObjective|Trial 8 balacc:|[0.5, 0.5, 0.5, 0.5, 0.5, 0.5, 0.5, 0.5, 0.5, 0.5, 0.5, 0.5, 0.5, 0.5, 0.5, 0.5]
2022-12-16 02:22:41,746|INFO|nn.computeOptunaObjective|Trial 8 rocauc:|[0.6599976416683513, 0.6738216058768571, 0.7192012288786482, 0.7729915433403807, 0.5992424242424244, 0.6158463385354142, 0.6864421846110084, 0.6400649138564546, 0.7137184885146299, 0.6907342748449633, 0.7712880786759415, 0.7274137931034482, 0.6421118906278107, 0.6606436533621, 0.7221270842721946, 0.6971513605442178]
2022-12-16 02:22:41,747|INFO|nn.computeOptunaObjective|Trial 8 timings:|7.128331199999991
2022-12-16 02:22:41,747|INFO|nn.computeOptunaObjective|Trial 8 objective:|0.5
2022-12-16 02:22:52,120|INFO|nn.computeOptunaObjective|Trial 9 params:|{'n_layers': 2, 'architecture': 'bottom', 'lr': 0.0001, 'n_epochs': 150}
2022-12-16 02:22:52,120|INFO|nn.computeOptunaObjective|Trial 9 balacc:|[0.500603059093053, 0.5108359133126935, 0.49731182795698925, 0.5, 0.5454545454545454, 0.5, 0.5, 0.5, 0.5, 0.5, 0.5, 0.51, 0.5, 0.5, 0.5, 0.5069235588972432]
2022-12-16 02:22:52,120|INFO|nn.computeOptunaObjective|Trial 9 rocauc:|[0.6452648069537094, 0.6594665396522982, 0.6940092165898617, 0.6931818181818181, 0.5954545454545455, 0.6290516206482594, 0.6817309059877684, 0.6390646688985057, 0.6682833235623301, 0.6540726457866486, 0.7260134324778124, 0.6991379310344827, 0.6153984529591653, 0.6400575332614167, 0.6824438292667225, 0.6843783566058002]
2022-12-16 02:22:52,120|INFO|nn.computeOptunaObjective|Trial 9 timings:|10.374649399999996
2022-12-16 02:22:52,120|INFO|nn.computeOptunaObjective|Trial 9 objective:|0.5044455565446577
2022-12-16 02:23:06,411|INFO|nn.computeOptunaObjective|Trial 10 params:|{'n_layers': 2, 'architecture': 'bottom', 'lr': 0.001, 'n_epochs': 200}
2022-12-16 02:23:06,411|INFO|nn.computeOptunaObjective|Trial 10 balacc:|[0.6723974125732768, 0.6931503837910125, 0.6963133640552995, 0.613107822410148, 0.7333333333333334, 0.6050420168067226, 0.6385738159579006, 0.6304401077814975, 0.6263390715770399, 0.6628797748710198, 0.6699448308946989, 0.6670689655172414, 0.6758859507105595, 0.7076591154261057, 0.6672503701796176, 0.7031328320802005]
2022-12-16 02:23:06,411|INFO|nn.computeOptunaObjective|Trial 10 rocauc:|[0.776005659995957, 0.7876252587612433, 0.825268817204301, 0.8760570824524313, 0.8348484848484848, 0.6626650660264106, 0.7960816384582563, 0.7250040826324814, 0.8357405532164367, 0.8321173589035383, 0.876589110098345, 0.8463793103448276, 0.7891707141572225, 0.8957209636821287, 0.8207407884289363, 0.8189648227712139]
2022-12-16 02:23:06,411|INFO|nn.computeOptunaObjective|Trial 10 timings:|14.284618800000004
2022-12-16 02:23:06,411|INFO|nn.computeOptunaObjective|Trial 10 objective:|0.6664074479978547
2022-12-16 02:23:17,537|INFO|nn.computeOptunaObjective|Trial 11 params:|{'n_layers': 4, 'architecture': 'linear', 'lr': 0.001, 'n_epochs': 150}
2022-12-16 02:23:17,537|INFO|nn.computeOptunaObjective|Trial 11 balacc:|[0.6627484670844284, 0.711858134720721, 0.7569892473118279, 0.7122093023255813, 0.7454545454545455, 0.6932773109243697, 0.5942700184895463, 0.5951865763044011, 0.6806214358045088, 0.7233310750951065, 0.7397457423842648, 0.7098275862068966, 0.7432991545241949, 0.7764293419633226, 0.7210519539045903, 0.7291040100250626]
2022-12-16 02:23:17,537|INFO|nn.computeOptunaObjective|Trial 11 rocauc:|[0.8076561552456034, 0.8110447542455163, 0.880568356374808, 0.9224365750528541, 0.8026515151515151, 0.709483793517407, 0.7737341772151898, 0.743967910508696, 0.8319298619623727, 0.8465266558966075, 0.8681338450467739, 0.8388505747126438, 0.7912394315524375, 0.9271844660194173, 0.8326316015365137, 0.8093380773361977]
2022-12-16 02:23:17,537|INFO|nn.computeOptunaObjective|Trial 11 timings:|11.13214219999999
2022-12-16 02:23:17,537|INFO|nn.computeOptunaObjective|Trial 11 objective:|0.7059627439077105
2022-12-16 02:23:31,708|INFO|nn.computeOptunaObjective|Trial 12 params:|{'n_layers': 2, 'architecture': 'outer', 'lr': 0.001, 'n_epochs': 200}
2022-12-16 02:23:31,708|INFO|nn.computeOptunaObjective|Trial 12 balacc:|[0.6716191631291692, 0.7045303826918496, 0.6739631336405529, 0.6754756871035941, 0.7189393939393939, 0.6548619447779112, 0.6434895462949793, 0.6207030293133012, 0.6514283430155092, 0.6749700349158372, 0.6572619333173423, 0.6799425287356322, 0.7037686634286742, 0.7599784250269688, 0.6871327710895083, 0.7162907268170426]
2022-12-16 02:23:31,708|INFO|nn.computeOptunaObjective|Trial 12 rocauc:|[0.785801158951553, 0.7973748328356569, 0.8539938556067588, 0.8903276955602537, 0.7893939393939394, 0.6914765906362546, 0.7952460531930025, 0.7309443128929535, 0.848345147364494, 0.833081452915733, 0.8897217558167427, 0.8574137931034482, 0.7853031120705163, 0.9180151024811218, 0.8245391532007124, 0.8297551915503043]
2022-12-16 02:23:31,708|INFO|nn.computeOptunaObjective|Trial 12 timings:|14.160939799999994
2022-12-16 02:23:31,709|INFO|nn.computeOptunaObjective|Trial 12 objective:|0.6808972317023292
2022-12-16 02:23:45,856|INFO|nn.computeOptunaObjective|Trial 13 params:|{'n_layers': 2, 'architecture': 'inner', 'lr': 0.001, 'n_epochs': 200}
2022-12-16 02:23:45,856|INFO|nn.computeOptunaObjective|Trial 13 balacc:|[0.676268445522539, 0.697519555938227, 0.6704301075268817, 0.6614693446088795, 0.7333333333333334, 0.624249699879952, 0.6420850519129568, 0.6282150730791214, 0.6428076533603369, 0.6919068216165511, 0.6813084672583354, 0.6999425287356322, 0.708355819391977, 0.7215480043149947, 0.6887100581557544, 0.7094611528822055]
2022-12-16 02:23:45,856|INFO|nn.computeOptunaObjective|Trial 13 rocauc:|[0.7796374907351257, 0.7969681425980545, 0.8448540706605222, 0.8802854122621565, 0.8257575757575758, 0.6824729891956783, 0.7925437348883515, 0.7292500204131624, 0.8421894153386984, 0.8364166970660274, 0.8913408491244903, 0.8604597701149426, 0.7915992084907356, 0.9119021934555915, 0.8261615056117084, 0.8250447547440027]
2022-12-16 02:23:45,856|INFO|nn.computeOptunaObjective|Trial 13 timings:|14.145835699999992
2022-12-16 02:23:45,857|INFO|nn.computeOptunaObjective|Trial 13 objective:|0.6798506948448548
2022-12-16 02:24:00,272|INFO|nn.computeOptunaObjective|Trial 14 params:|{'n_layers': 3, 'architecture': 'linear', 'lr': 0.0001, 'n_epochs': 200}
2022-12-16 02:24:00,272|INFO|nn.computeOptunaObjective|Trial 14 balacc:|[0.6076207802708713, 0.638373605437192, 0.7248847926267281, 0.6643763213530656, 0.6856060606060606, 0.6152460984393757, 0.5, 0.5, 0.6075520972125993, 0.6410964615144092, 0.6292576157351883, 0.6598850574712644, 0.6201205252743299, 0.6407766990291262, 0.6497478486662804, 0.6645989974937343]
2022-12-16 02:24:00,272|INFO|nn.computeOptunaObjective|Trial 14 rocauc:|[0.7343895290074792, 0.7465495447634053, 0.8592933947772657, 0.9133192389006342, 0.7621212121212121, 0.7430972388955582, 0.7415908121177642, 0.6782171143953621, 0.8138357405532165, 0.8067903486372401, 0.84462700887503, 0.7864942528735632, 0.7437488756970678, 0.8211974110032363, 0.7938367776132534, 0.7823420157536699]
2022-12-16 02:24:00,272|INFO|nn.computeOptunaObjective|Trial 14 timings:|14.412489599999986
2022-12-16 02:24:00,272|INFO|nn.computeOptunaObjective|Trial 14 objective:|0.6280714350706391
2022-12-16 02:24:11,370|INFO|nn.computeOptunaObjective|Trial 15 params:|{'n_layers': 3, 'architecture': 'outer', 'lr': 0.0001, 'n_epochs': 150}
2022-12-16 02:24:11,370|INFO|nn.computeOptunaObjective|Trial 15 balacc:|[0.5344990229768883, 0.5615128144063605, 0.589247311827957, 0.5, 0.5969696969696969, 0.5882352941176471, 0.5084447447020338, 0.5, 0.5, 0.5, 0.5428160230271049, 0.51, 0.5, 0.5, 0.548267130195927, 0.5328320802005013]
2022-12-16 02:24:11,370|INFO|nn.computeOptunaObjective|Trial 15 rocauc:|[0.6993716730678525, 0.7137615183102204, 0.8105990783410137, 0.8940274841437632, 0.718939393939394, 0.6722689075630253, 0.7064784525672024, 0.6591103943822977, 0.791211426744124, 0.7689822294022618, 0.8425281842168386, 0.7797126436781608, 0.7054326317683037, 0.7542250988852931, 0.7716260005579518, 0.7547238632295024]
2022-12-16 02:24:11,370|INFO|nn.computeOptunaObjective|Trial 15 timings:|11.10554909999999
2022-12-16 02:24:11,370|INFO|nn.computeOptunaObjective|Trial 15 objective:|0.5320515074015073
2022-12-16 02:24:22,120|INFO|nn.computeOptunaObjective|Trial 16 params:|{'n_layers': 2, 'architecture': 'inner', 'lr': 0.0001, 'n_epochs': 150}
2022-12-16 02:24:22,120|INFO|nn.computeOptunaObjective|Trial 16 balacc:|[0.5150562630550503, 0.5486269624635902, 0.5374807987711213, 0.5, 0.5431818181818182, 0.5882352941176471, 0.5, 0.5, 0.5, 0.5, 0.5, 0.52, 0.5, 0.5138888888888888, 0.5427326766668813, 0.5531015037593985]
2022-12-16 02:24:22,120|INFO|nn.computeOptunaObjective|Trial 16 rocauc:|[0.6860134087999461, 0.700512942642021, 0.7686635944700461, 0.8171247357293869, 0.6696969696969697, 0.6434573829531812, 0.7079540605888208, 0.6553951988242017, 0.7432446836859777, 0.7251550367397989, 0.8007315903094269, 0.764367816091954, 0.6654074473826227, 0.6994786048184106, 0.7518487521191441, 0.7466590583601862]
2022-12-16 02:24:22,120|INFO|nn.computeOptunaObjective|Trial 16 timings:|10.743882900000017
2022-12-16 02:24:22,120|INFO|nn.computeOptunaObjective|Trial 16 objective:|0.5226440128690247
2022-12-16 02:24:32,915|INFO|nn.computeOptunaObjective|Trial 17 params:|{'n_layers': 2, 'architecture': 'linear', 'lr': 0.001, 'n_epochs': 150}
2022-12-16 02:24:32,915|INFO|nn.computeOptunaObjective|Trial 17 balacc:|[0.6804797520382724, 0.7124077161228864, 0.7105990783410138, 0.6952959830866807, 0.7189393939393939, 0.5960384153661464, 0.6434895462949793, 0.6319506817996243, 0.6585034376165859, 0.6838423054875189, 0.679989206044615, 0.6999425287356322, 0.7169454937938478, 0.7477076591154261, 0.6835769007918625, 0.7151002506265665]
2022-12-16 02:24:32,915|INFO|nn.computeOptunaObjective|Trial 17 rocauc:|[0.7880584192439862, 0.7996317804605494, 0.8445468509984638, 0.8945560253699789, 0.7878787878787878, 0.6674669867947178, 0.8058775423126155, 0.7275149016085573, 0.8417630442892927, 0.8368596591797384, 0.8817462221156153, 0.863448275862069, 0.7875517179348803, 0.9215210355987056, 0.8315972445760638, 0.8262866988900823]
2022-12-16 02:24:32,915|INFO|nn.computeOptunaObjective|Trial 17 timings:|10.7995703
2022-12-16 02:24:32,915|INFO|nn.computeOptunaObjective|Trial 17 objective:|0.6859255218250657
2022-12-16 02:24:47,563|INFO|nn.computeOptunaObjective|Trial 18 params:|{'n_layers': 4, 'architecture': 'linear', 'lr': 0.001, 'n_epochs': 200}
2022-12-16 02:24:47,563|INFO|nn.computeOptunaObjective|Trial 18 balacc:|[0.6863149383464726, 0.7369483576675766, 0.7373271889400921, 0.763477801268499, 0.7227272727272727, 0.6842737094837935, 0.6624768880671312, 0.6559565607903977, 0.6765176144539786, 0.7136771066756996, 0.7450227872391461, 0.7398850574712643, 0.7889458535707861, 0.7722491909385114, 0.700366960664392, 0.7206140350877193]
2022-12-16 02:24:47,563|INFO|nn.computeOptunaObjective|Trial 18 rocauc:|[0.8052354962603598, 0.8086247641379817, 0.8527649769585254, 0.9278541226215644, 0.7806818181818181, 0.6728691476590636, 0.798623951073816, 0.737333632726382, 0.8638010979054522, 0.8603366512064203, 0.8877428639961622, 0.8657471264367815, 0.7896204353300953, 0.934376123696512, 0.8383012510998089, 0.8207908163265307]
2022-12-16 02:24:47,563|INFO|nn.computeOptunaObjective|Trial 18 timings:|14.631610800000004
2022-12-16 02:24:47,563|INFO|nn.computeOptunaObjective|Trial 18 objective:|0.7191738327120458
2022-12-16 02:24:54,932|INFO|nn.computeOptunaObjective|Trial 19 params:|{'n_layers': 3, 'architecture': 'top', 'lr': 0.001, 'n_epochs': 100}
2022-12-16 02:24:54,932|INFO|nn.computeOptunaObjective|Trial 19 balacc:|[0.6839128091098983, 0.7027973693370216, 0.76321044546851, 0.7407505285412261, 0.7022727272727273, 0.624249699879952, 0.64981866021903, 0.6491998040336409, 0.6703352342375952, 0.6935223305018501, 0.7222955145118733, 0.7041954022988506, 0.7270642201834863, 0.7599784250269688, 0.7100452799416296, 0.706109022556391]
2022-12-16 02:24:54,932|INFO|nn.computeOptunaObjective|Trial 19 rocauc:|[0.8088925948386227, 0.8109934599813142, 0.8731182795698925, 0.9106765327695561, 0.8234848484848485, 0.6818727490996398, 0.8028729910396815, 0.7429064260635257, 0.847385812503331, 0.8546042003231018, 0.8686735428160229, 0.8664367816091955, 0.7806260118726389, 0.934645810859403, 0.839000836927831, 0.8291733798782671]
2022-12-16 02:24:54,932|INFO|nn.computeOptunaObjective|Trial 19 timings:|7.365500800000007
2022-12-16 02:24:54,932|INFO|nn.computeOptunaObjective|Trial 19 objective:|0.7006098420700406
2022-12-16 02:25:09,352|INFO|nn.computeOptunaObjective|Trial 20 params:|{'n_layers': 3, 'architecture': 'top', 'lr': 0.0001, 'n_epochs': 200}
2022-12-16 02:25:09,352|INFO|nn.computeOptunaObjective|Trial 20 balacc:|[0.6499393571861733, 0.6747064319343433, 0.7507680491551458, 0.6585623678646935, 0.7083333333333333, 0.6152460984393757, 0.5661179064144503, 0.5434392096023516, 0.6711080317646432, 0.7072280994319662, 0.7008875029983209, 0.6841379310344827, 0.6697697427594891, 0.7257281553398058, 0.675752698555763, 0.7024122807017544]
2022-12-16 02:25:09,352|INFO|nn.computeOptunaObjective|Trial 20 rocauc:|[0.7729987871437235, 0.7803158261124444, 0.8761904761904762, 0.9162262156448203, 0.7727272727272728, 0.7178871548619448, 0.7606137107097142, 0.6988548215889606, 0.8200447689601876, 0.8332899056751263, 0.850263852242744, 0.8170689655172414, 0.7663248785752832, 0.863718087019058, 0.8181548960278117, 0.8071898496240602]
2022-12-16 02:25:09,352|INFO|nn.computeOptunaObjective|Trial 20 timings:|14.421815900000013
2022-12-16 02:25:09,352|INFO|nn.computeOptunaObjective|Trial 20 objective:|0.6690085747822558
2022-12-16 02:25:20,188|INFO|nn.computeOptunaObjective|Trial 21 params:|{'n_layers': 3, 'architecture': 'outer', 'lr': 0.001, 'n_epochs': 150}
2022-12-16 02:25:20,188|INFO|nn.computeOptunaObjective|Trial 21 balacc:|[0.710231790310626, 0.7216956418194809, 0.7766513056835638, 0.7204016913319239, 0.7621212121212122, 0.6050420168067226, 0.6666992604181482, 0.6491998040336409, 0.6954245056760646, 0.7225493772473813, 0.6987586951307267, 0.7141954022988506, 0.7285932721712538, 0.7738673139158576, 0.6912144037425696, 0.7082706766917293]
2022-12-16 02:25:20,188|INFO|nn.computeOptunaObjective|Trial 21 rocauc:|[0.8039518900343643, 0.8063934636451904, 0.8565284178187403, 0.8871564482029599, 0.85, 0.7130852340936376, 0.7926326269378466, 0.7343328978525352, 0.8532750626232479, 0.8587732555109698, 0.8857040057567761, 0.8671264367816092, 0.7842237812556214, 0.9325782092772382, 0.8403764029271014, 0.8291465270318652]
2022-12-16 02:25:20,188|INFO|nn.computeOptunaObjective|Trial 21 timings:|10.833631799999978
2022-12-16 02:25:20,188|INFO|nn.computeOptunaObjective|Trial 21 objective:|0.7090572730874845
2022-12-16 02:25:27,687|INFO|nn.computeOptunaObjective|Trial 22 params:|{'n_layers': 4, 'architecture': 'inner', 'lr': 0.001, 'n_epochs': 100}
2022-12-16 02:25:27,687|INFO|nn.computeOptunaObjective|Trial 22 balacc:|[0.6699750690654268, 0.7191437521754264, 0.8114439324116743, 0.7547568710359408, 0.731060606060606, 0.6830732292917168, 0.6132573602616982, 0.5568710704662366, 0.7143313968981506, 0.7201130856219708, 0.7270628448069081, 0.7112643678160919, 0.7432991545241949, 0.8025889967637541, 0.7128886885984678, 0.7247493734335839]
2022-12-16 02:25:27,687|INFO|nn.computeOptunaObjective|Trial 22 rocauc:|[0.8076965837881543, 0.8089160422811292, 0.8758832565284178, 0.9209830866807611, 0.8060606060606061, 0.7070828331332534, 0.7724007964727635, 0.7302094390462971, 0.8363268134093695, 0.8443900151128251, 0.8672943151834972, 0.8327586206896551, 0.7802662349343406, 0.9235886371808701, 0.835507199725316, 0.806746777658432]
2022-12-16 02:25:27,687|INFO|nn.computeOptunaObjective|Trial 22 timings:|7.490201200000001
2022-12-16 02:25:27,687|INFO|nn.computeOptunaObjective|Trial 22 objective:|0.7122424874519905
2022-12-16 02:25:38,719|INFO|nn.computeOptunaObjective|Trial 23 params:|{'n_layers': 4, 'architecture': 'top', 'lr': 0.001, 'n_epochs': 150}
2022-12-16 02:25:38,719|INFO|nn.computeOptunaObjective|Trial 23 balacc:|[0.6780574085304225, 0.7289812592741861, 0.773963133640553, 0.7891120507399577, 0.7454545454545455, 0.6932773109243697, 0.6533298961740862, 0.6627541438719686, 0.6874566966902947, 0.7096513627599146, 0.7275725593667546, 0.7355747126436782, 0.7463572584997302, 0.8074433656957929, 0.7039228309620378, 0.7236842105263158]
2022-12-16 02:25:38,719|INFO|nn.computeOptunaObjective|Trial 23 rocauc:|[0.8162640657637625, 0.8095901954677852, 0.8823348694316436, 0.9397463002114165, 0.7886363636363636, 0.6974789915966386, 0.800526240933011, 0.7440087368335102, 0.8512498001385707, 0.8572880296002918, 0.8852542576157353, 0.8561494252873564, 0.7907897103795648, 0.9258360302049621, 0.8409794201592309, 0.8235499462943072]
2022-12-16 02:25:38,719|INFO|nn.computeOptunaObjective|Trial 23 timings:|11.03705240000005
2022-12-16 02:25:38,719|INFO|nn.computeOptunaObjective|Trial 23 objective:|0.722912046609663
2022-12-16 02:25:52,645|INFO|nn.computeOptunaObjective|Trial 24 params:|{'n_layers': 2, 'architecture': 'inner', 'lr': 0.0001, 'n_epochs': 200}
2022-12-16 02:25:52,645|INFO|nn.computeOptunaObjective|Trial 24 balacc:|[0.5624620982413584, 0.595711433125103, 0.578494623655914, 0.5, 0.6507575757575758, 0.578031212484994, 0.5, 0.5, 0.5400122581676704, 0.5419250612329981, 0.5528603981770208, 0.6242528735632185, 0.542588595071056, 0.5458468176914779, 0.5883087619906007, 0.6214285714285714]
2022-12-16 02:25:52,645|INFO|nn.computeOptunaObjective|Trial 24 rocauc:|[0.7090644161444647, 0.7198105776100536, 0.8235023041474654, 0.8842494714587739, 0.7681818181818182, 0.715486194477791, 0.7389062722230124, 0.6689087123377154, 0.7807120396525076, 0.771978737818542, 0.834132885584073, 0.7869540229885057, 0.7051627990645799, 0.7554836389787847, 0.7751968926371811, 0.772017096312209]
2022-12-16 02:25:52,645|INFO|nn.computeOptunaObjective|Trial 24 timings:|13.92441580000002
2022-12-16 02:25:52,645|INFO|nn.computeOptunaObjective|Trial 24 objective:|0.5639175175367224
2022-12-16 02:26:07,080|INFO|nn.computeOptunaObjective|Trial 25 params:|{'n_layers': 3, 'architecture': 'bottom', 'lr': 0.0001, 'n_epochs': 200}
2022-12-16 02:26:07,080|INFO|nn.computeOptunaObjective|Trial 25 balacc:|[0.5294218718415201, 0.5610584937805705, 0.49731182795698925, 0.5140063424947146, 0.5825757575757575, 0.5882352941176471, 0.5, 0.5007144606842492, 0.5, 0.5, 0.5, 0.53, 0.5, 0.5122707659115426, 0.5563681624069186, 0.5796992481203007]
2022-12-16 02:26:07,080|INFO|nn.computeOptunaObjective|Trial 25 rocauc:|[0.6799524964625026, 0.6969369996519317, 0.7723502304147465, 0.8446088794926004, 0.6893939393939394, 0.6650660264105642, 0.7055006400227564, 0.6563342042949294, 0.7645898843468528, 0.7288811298139558, 0.8099064523866635, 0.7418965517241379, 0.6858247886310488, 0.7098166127292341, 0.7526298847614755, 0.7387598460436806]
2022-12-16 02:26:07,080|INFO|nn.computeOptunaObjective|Trial 25 timings:|14.422536799999989
2022-12-16 02:26:07,080|INFO|nn.computeOptunaObjective|Trial 25 objective:|0.5282288890556381
2022-12-16 02:26:18,127|INFO|nn.computeOptunaObjective|Trial 26 params:|{'n_layers': 2, 'architecture': 'outer', 'lr': 0.0001, 'n_epochs': 150}
2022-12-16 02:26:18,127|INFO|nn.computeOptunaObjective|Trial 26 balacc:|[0.519958223839364, 0.5517229376957884, 0.5401689708141321, 0.5, 0.5681818181818181, 0.5, 0.5, 0.5, 0.5, 0.5, 0.5, 0.52, 0.5147058823529411, 0.5, 0.5437219682825811, 0.5460839598997493]
2022-12-16 02:26:18,127|INFO|nn.computeOptunaObjective|Trial 26 rocauc:|[0.6771460818004178, 0.6989997618480591, 0.7708141321044547, 0.8002114164904863, 0.6606060606060606, 0.6398559423769509, 0.7068340207651826, 0.6526394218992406, 0.7345040771731599, 0.7077231747355256, 0.7903573998560806, 0.7622413793103447, 0.6583018528512322, 0.6782632146709817, 0.745994549239254, 0.7357120479770857]
2022-12-16 02:26:18,127|INFO|nn.computeOptunaObjective|Trial 26 timings:|11.056998700000008
2022-12-16 02:26:18,127|INFO|nn.computeOptunaObjective|Trial 26 objective:|0.5190339850666483
2022-12-16 02:26:25,555|INFO|nn.computeOptunaObjective|Trial 27 params:|{'n_layers': 3, 'architecture': 'inner', 'lr': 0.0001, 'n_epochs': 100}
2022-12-16 02:26:25,555|INFO|nn.computeOptunaObjective|Trial 27 balacc:|[0.5, 0.5, 0.5, 0.5, 0.5, 0.5, 0.5, 0.5, 0.5, 0.5, 0.5, 0.5, 0.5, 0.5, 0.5, 0.5]
2022-12-16 02:26:25,555|INFO|nn.computeOptunaObjective|Trial 27 rocauc:|[0.6559547874132471, 0.6730668474178835, 0.7084485407066052, 0.7542283298097252, 0.593939393939394, 0.6182472989195679, 0.6821042525956479, 0.6389013635992488, 0.7162500666204765, 0.6957892542602533, 0.7648716718637563, 0.7326436781609196, 0.638334232775679, 0.6707119741100324, 0.7158994828215197, 0.6972095417114212]
2022-12-16 02:26:25,555|INFO|nn.computeOptunaObjective|Trial 27 timings:|7.410597400000029
2022-12-16 02:26:25,555|INFO|nn.computeOptunaObjective|Trial 27 objective:|0.5
2022-12-16 02:26:36,495|INFO|nn.computeOptunaObjective|Trial 28 params:|{'n_layers': 3, 'architecture': 'top', 'lr': 0.001, 'n_epochs': 150}
2022-12-16 02:26:36,495|INFO|nn.computeOptunaObjective|Trial 28 balacc:|[0.7046391752577319, 0.7188268269001777, 0.7569892473118279, 0.6638477801268499, 0.6712121212121213, 0.7034813925570228, 0.6547432797610582, 0.6529354127541439, 0.7000612908383521, 0.6919068216165511, 0.7315303430079156, 0.6870689655172414, 0.7301223241590213, 0.7690129449838188, 0.690750874482285, 0.706296992481203]
2022-12-16 02:26:36,495|INFO|nn.computeOptunaObjective|Trial 28 rocauc:|[0.8053534128428003, 0.8047062487405428, 0.8486175115207374, 0.8981236786469343, 0.8212121212121213, 0.705282112845138, 0.7973261271511876, 0.7398546582836613, 0.8521824868091457, 0.861326801813539, 0.8835452146797795, 0.86566091954023, 0.7803561791689152, 0.9285329018338727, 0.8377132556492628, 0.8305921052631577]
2022-12-16 02:26:36,496|INFO|nn.computeOptunaObjective|Trial 28 timings:|10.937878100000034
2022-12-16 02:26:36,496|INFO|nn.computeOptunaObjective|Trial 28 objective:|0.7020891120604575
2022-12-16 02:26:43,738|INFO|nn.computeOptunaObjective|Trial 29 params:|{'n_layers': 4, 'architecture': 'outer', 'lr': 0.001, 'n_epochs': 100}
2022-12-16 02:26:43,738|INFO|nn.computeOptunaObjective|Trial 29 balacc:|[0.6628360622599556, 0.71249748108524, 0.7855606758832565, 0.7745771670190275, 0.7083333333333333, 0.6536614645858343, 0.568242426397383, 0.5606475055115538, 0.6932260299525662, 0.707202042837042, 0.7384264811705445, 0.6955172413793104, 0.7331804281345566, 0.7576860841423949, 0.7190111375780597, 0.7170112781954887]
2022-12-16 02:26:43,738|INFO|nn.computeOptunaObjective|Trial 29 rocauc:|[0.8003756485412035, 0.8061131771300859, 0.879416282642089, 0.9159619450317125, 0.8045454545454546, 0.723889555822329, 0.7650583131844688, 0.7244733404098963, 0.8364867025528967, 0.8345145656365626, 0.8615375389781722, 0.824655172413793, 0.7769382982550819, 0.9162171880618483, 0.8335457842442969, 0.8005258682420338]
2022-12-16 02:26:43,738|INFO|nn.computeOptunaObjective|Trial 29 timings:|7.238169299999981
2022-12-16 02:26:43,738|INFO|nn.computeOptunaObjective|Trial 29 objective:|0.6992260524665967
2022-12-16 02:26:58,096|INFO|nn.computeOptunaObjective|Trial 30 params:|{'n_layers': 4, 'architecture': 'linear', 'lr': 0.0001, 'n_epochs': 200}
2022-12-16 02:26:58,096|INFO|nn.computeOptunaObjective|Trial 30 balacc:|[0.6440940637423354, 0.660457618114203, 0.8141321044546851, 0.7011099365750528, 0.7083333333333333, 0.624249699879952, 0.5893365097425686, 0.5224544786478321, 0.5533896498427756, 0.6620589921309084, 0.6908431278484048, 0.6670114942528735, 0.6535348084187804, 0.6669363538295577, 0.6781325779523165, 0.6800438596491227]
2022-12-16 02:26:58,096|INFO|nn.computeOptunaObjective|Trial 30 rocauc:|[0.7615440334209285, 0.7689504827156649, 0.8662058371735791, 0.9186046511627908, 0.7560606060606061, 0.7130852340936376, 0.7310126582278481, 0.688382869274108, 0.8236422746895486, 0.8231017770597738, 0.8571000239865675, 0.7873563218390804, 0.7593991725130419, 0.8390866594750089, 0.8067512178372928, 0.7818004833512352]
2022-12-16 02:26:58,096|INFO|nn.computeOptunaObjective|Trial 30 timings:|14.355086599999993
2022-12-16 02:26:58,096|INFO|nn.computeOptunaObjective|Trial 30 objective:|0.6572574130259189
2022-12-16 02:27:05,457|INFO|nn.computeOptunaObjective|Trial 31 params:|{'n_layers': 3, 'architecture': 'top', 'lr': 0.0001, 'n_epochs': 100}
2022-12-16 02:27:05,457|INFO|nn.computeOptunaObjective|Trial 31 balacc:|[0.5016339869281046, 0.5, 0.5, 0.5, 0.5227272727272727, 0.5, 0.5, 0.5, 0.5, 0.5, 0.5, 0.5, 0.5, 0.5, 0.5, 0.5018796992481203]
2022-12-16 02:27:05,457|INFO|nn.computeOptunaObjective|Trial 31 rocauc:|[0.6842008624755744, 0.7017183578507703, 0.7792626728110599, 0.851215644820296, 0.6666666666666667, 0.6398559423769508, 0.6934290997013227, 0.6494141422389156, 0.7718115439961627, 0.7534003856376048, 0.8238786279683378, 0.7836206896551725, 0.6751214247166757, 0.7280654440848615, 0.7620506877829997, 0.7453522198353026]
2022-12-16 02:27:05,457|INFO|nn.computeOptunaObjective|Trial 31 timings:|7.357616800000017
2022-12-16 02:27:05,457|INFO|nn.computeOptunaObjective|Trial 31 objective:|0.5016400599314685
2022-12-16 02:27:19,800|INFO|nn.computeOptunaObjective|Trial 32 params:|{'n_layers': 4, 'architecture': 'inner', 'lr': 0.001, 'n_epochs': 200}
2022-12-16 02:27:19,801|INFO|nn.computeOptunaObjective|Trial 32 balacc:|[0.678232598881477, 0.7305292468902852, 0.7364823348694316, 0.7180232558139534, 0.7, 0.6434573829531813, 0.6315335656378893, 0.6401771862496938, 0.6420348558332889, 0.6773932982437856, 0.6948009114895658, 0.6856321839080459, 0.750944414463033, 0.7877562028047465, 0.6887722912508852, 0.7045112781954888]
2022-12-16 02:27:19,801|INFO|nn.computeOptunaObjective|Trial 32 rocauc:|[0.7969830200121286, 0.802749738948834, 0.8774961597542242, 0.9252114164904863, 0.812878787878788, 0.7112845138055222, 0.7869968709998578, 0.7277088266514249, 0.8503171134679955, 0.8523112199697743, 0.8820760374190453, 0.8581034482758622, 0.7942975355279727, 0.9299712333692916, 0.8377948024635722, 0.8235141424991049]
2022-12-16 02:27:19,801|INFO|nn.computeOptunaObjective|Trial 32 timings:|14.340152999999987
2022-12-16 02:27:19,801|INFO|nn.computeOptunaObjective|Trial 32 objective:|0.694392562967797
2022-12-16 02:27:30,224|INFO|nn.computeOptunaObjective|Trial 33 params:|{'n_layers': 3, 'architecture': 'bottom', 'lr': 0.001, 'n_epochs': 150}
2022-12-16 02:27:30,224|INFO|nn.computeOptunaObjective|Trial 33 balacc:|[0.6948352536891045, 0.7214684815065858, 0.6926267281105991, 0.6783826638477801, 0.6712121212121213, 0.624249699879952, 0.665997013227137, 0.6424022209520699, 0.6875766135479401, 0.7394861639480952, 0.7082933557207964, 0.7341379310344828, 0.6991815074653714, 0.7428532901833873, 0.6886478250606236, 0.743358395989975]
2022-12-16 02:27:30,224|INFO|nn.computeOptunaObjective|Trial 33 rocauc:|[0.8067364059025671, 0.8066664224082656, 0.8383256528417818, 0.8982558139534884, 0.7462121212121212, 0.6686674669867947, 0.8057708718532215, 0.7330876949457009, 0.8450674199221873, 0.8526499557037887, 0.8725113936195731, 0.8424712643678162, 0.76389638424177, 0.9287126932758001, 0.8347346509581751, 0.8228853383458646]
2022-12-16 02:27:30,224|INFO|nn.computeOptunaObjective|Trial 33 timings:|10.419548599999985
2022-12-16 02:27:30,224|INFO|nn.computeOptunaObjective|Trial 33 objective:|0.6959193290860014
2022-12-16 02:27:44,505|INFO|nn.computeOptunaObjective|Trial 34 params:|{'n_layers': 3, 'architecture': 'inner', 'lr': 0.001, 'n_epochs': 200}
2022-12-16 02:27:44,506|INFO|nn.computeOptunaObjective|Trial 34 balacc:|[0.6999124048244727, 0.7274332716580871, 0.7489247311827957, 0.7605708245243129, 0.731060606060606, 0.6434573829531813, 0.6885044801592946, 0.6484445170245774, 0.6992884933113042, 0.6814190421595705, 0.7315303430079156, 0.7170689655172414, 0.7301223241590213, 0.7796655879180151, 0.6906886413871542, 0.7051065162907268]
2022-12-16 02:27:44,506|INFO|nn.computeOptunaObjective|Trial 34 rocauc:|[0.8021326056195673, 0.8053547547950978, 0.8635944700460829, 0.8948202959830867, 0.8492424242424242, 0.6920768307322929, 0.7984283885649267, 0.7333632726381971, 0.8519160049032671, 0.849145343686487, 0.8794375149916047, 0.8632183908045977, 0.7705972297175752, 0.9293869111830276, 0.8344857185776519, 0.8254251700680272]
2022-12-16 02:27:44,506|INFO|nn.computeOptunaObjective|Trial 34 timings:|14.277621899999986
2022-12-16 02:27:44,506|INFO|nn.computeOptunaObjective|Trial 34 objective:|0.7114498832586423
2022-12-16 02:27:59,422|INFO|nn.computeOptunaObjective|Trial 35 params:|{'n_layers': 4, 'architecture': 'top', 'lr': 0.001, 'n_epochs': 200}
2022-12-16 02:27:59,423|INFO|nn.computeOptunaObjective|Trial 35 balacc:|[0.6934539451519439, 0.7260648139666954, 0.7650537634408602, 0.763477801268499, 0.731060606060606, 0.6536614645858343, 0.6884955909543451, 0.6702253613129746, 0.7055907903853329, 0.7443326906039919, 0.6781602302710482, 0.7498850574712643, 0.7920039575463214, 0.7919363538295576, 0.7136011502392755, 0.7322994987468672]
2022-12-16 02:27:59,423|INFO|nn.computeOptunaObjective|Trial 35 rocauc:|[0.8006350650225726, 0.8132064410940334, 0.8700460829493087, 0.9290433403805497, 0.8196969696969697, 0.6986794717887155, 0.7853257004693499, 0.7301481995590757, 0.855886585300858, 0.855698577309917, 0.8672343487646917, 0.8624137931034481, 0.7839539485518978, 0.8985077310320029, 0.8320865254619197, 0.8273563372717508]
2022-12-16 02:27:59,423|INFO|nn.computeOptunaObjective|Trial 35 timings:|14.913211100000012
2022-12-16 02:27:59,423|INFO|nn.computeOptunaObjective|Trial 35 objective:|0.7249564422397136
2022-12-16 02:28:09,814|INFO|nn.computeOptunaObjective|Trial 36 params:|{'n_layers': 3, 'architecture': 'bottom', 'lr': 0.0001, 'n_epochs': 150}
2022-12-16 02:28:09,814|INFO|nn.computeOptunaObjective|Trial 36 balacc:|[0.5016339869281046, 0.5, 0.5, 0.5, 0.5, 0.5, 0.5, 0.5, 0.5, 0.5, 0.5, 0.5, 0.5, 0.5, 0.5061224489795918, 0.5]
2022-12-16 02:28:09,814|INFO|nn.computeOptunaObjective|Trial 36 rocauc:|[0.641794690384745, 0.6396303149101434, 0.6715821812596007, 0.705338266384778, 0.5537878787878787, 0.6074429771908764, 0.6843621106528233, 0.6354107128276312, 0.6606352928636146, 0.6396633487935797, 0.7224754137682897, 0.6740229885057473, 0.6166576722432091, 0.6223480762315714, 0.6868902766153782, 0.6527188506981739]
2022-12-16 02:28:09,814|INFO|nn.computeOptunaObjective|Trial 36 timings:|10.392921000000001
2022-12-16 02:28:09,814|INFO|nn.computeOptunaObjective|Trial 36 objective:|0.500484777244231
2022-12-16 02:28:20,468|INFO|nn.computeOptunaObjective|Trial 37 params:|{'n_layers': 3, 'architecture': 'linear', 'lr': 0.0001, 'n_epochs': 150}
2022-12-16 02:28:20,468|INFO|nn.computeOptunaObjective|Trial 37 balacc:|[0.5306279900276262, 0.5524520490226611, 0.5258832565284178, 0.5, 0.634090909090909, 0.5588235294117647, 0.5, 0.5, 0.5, 0.5048334983584345, 0.5214080115135524, 0.5, 0.5410595430832883, 0.5, 0.548267130195927, 0.5724937343358396]
2022-12-16 02:28:20,468|INFO|nn.computeOptunaObjective|Trial 37 rocauc:|[0.6979971026211171, 0.7127136497700918, 0.8121351766513056, 0.8924418604651162, 0.7075757575757577, 0.680672268907563, 0.7090741004124591, 0.6603147709643177, 0.7901188509300219, 0.7714576059200584, 0.8407291916526746, 0.786264367816092, 0.7017449181507465, 0.7526069759079468, 0.7717848022489753, 0.7577940386680988]
2022-12-16 02:28:20,468|INFO|nn.computeOptunaObjective|Trial 37 timings:|10.648502300000018
2022-12-16 02:28:20,468|INFO|nn.computeOptunaObjective|Trial 37 objective:|0.5306212282230263
2022-12-16 02:28:35,065|INFO|nn.computeOptunaObjective|Trial 38 params:|{'n_layers': 4, 'architecture': 'bottom', 'lr': 0.001, 'n_epochs': 200}
2022-12-16 02:28:35,066|INFO|nn.computeOptunaObjective|Trial 38 balacc:|[0.6802169665116906, 0.725700258303259, 0.7274193548387097, 0.7116807610993657, 0.6439393939393939, 0.6422569027611045, 0.6498275494239796, 0.6461786559973871, 0.6718808292916911, 0.7031893272187191, 0.7035260254257616, 0.7041954022988506, 0.7047130778917071, 0.7870819848975188, 0.6946458078499539, 0.72437343358396]
2022-12-16 02:28:35,066|INFO|nn.computeOptunaObjective|Trial 38 rocauc:|[0.8069166498214406, 0.8034513712055983, 0.8411674347158218, 0.8822674418604651, 0.8015151515151515, 0.6728691476590637, 0.7896814108946095, 0.7236159875887972, 0.8477322389809732, 0.8515295221220491, 0.8785680019189255, 0.8415229885057471, 0.7654254362295376, 0.9239482200647249, 0.8359878967359814, 0.8137419441460795]
2022-12-16 02:28:35,066|INFO|nn.computeOptunaObjective|Trial 38 timings:|14.590244499999983
2022-12-16 02:28:35,066|INFO|nn.computeOptunaObjective|Trial 38 objective:|0.6950516082083158
2022-12-16 02:28:46,218|INFO|nn.computeOptunaObjective|Trial 39 params:|{'n_layers': 4, 'architecture': 'top', 'lr': 0.0001, 'n_epochs': 150}
2022-12-16 02:28:46,218|INFO|nn.computeOptunaObjective|Trial 39 balacc:|[0.6240482447274442, 0.6333650869254585, 0.7561443932411674, 0.6841966173361522, 0.6545454545454545, 0.5858343337334934, 0.5, 0.5, 0.5998241219421201, 0.6104539058835792, 0.6821180139122092, 0.638448275862069, 0.612475265335492, 0.6301240560949299, 0.6497478486662804, 0.6572055137844611]
2022-12-16 02:28:46,218|INFO|nn.computeOptunaObjective|Trial 39 rocauc:|[0.7573057745434943, 0.7646527561507317, 0.8675883256528417, 0.9199260042283299, 0.746969696969697, 0.722689075630252, 0.7292170388280472, 0.6850759369641546, 0.8210041038213505, 0.8149981760383553, 0.8545814343967377, 0.7858045977011495, 0.7530131318582479, 0.834861560589716, 0.8074422197901243, 0.7832684389545291]
2022-12-16 02:28:46,219|INFO|nn.computeOptunaObjective|Trial 39 timings:|11.148948500000017
2022-12-16 02:28:46,219|INFO|nn.computeOptunaObjective|Trial 39 objective:|0.6261581957493945
2022-12-16 02:29:00,304|INFO|nn.computeOptunaObjective|Trial 40 params:|{'n_layers': 3, 'architecture': 'linear', 'lr': 0.001, 'n_epochs': 200}
2022-12-16 02:29:00,304|INFO|nn.computeOptunaObjective|Trial 40 balacc:|[0.6938919210295802, 0.7238353454119113, 0.7265745007680491, 0.7460359408033828, 0.7287878787878788, 0.6536614645858343, 0.6554455269520694, 0.6469339430064506, 0.6875766135479401, 0.7265751211631664, 0.7415747181578316, 0.7170689655172414, 0.7417701025364274, 0.7812837108953614, 0.6881220627052083, 0.7134085213032582]
2022-12-16 02:29:00,304|INFO|nn.computeOptunaObjective|Trial 40 rocauc:|[0.8010123980863822, 0.8004671441918405, 0.8609831029185868, 0.8927061310782242, 0.8371212121212122, 0.6866746698679471, 0.7926504053477457, 0.7180023679268392, 0.8596972765549219, 0.8572619730053677, 0.882795634444711, 0.8557471264367816, 0.7843137254901961, 0.9272743617403811, 0.8348998905555912, 0.8250626566416042]
2022-12-16 02:29:00,304|INFO|nn.computeOptunaObjective|Trial 40 timings:|14.081031399999972
2022-12-16 02:29:00,304|INFO|nn.computeOptunaObjective|Trial 40 objective:|0.7107841460732244
2022-12-16 02:29:14,611|INFO|nn.computeOptunaObjective|Trial 41 params:|{'n_layers': 4, 'architecture': 'outer', 'lr': 0.001, 'n_epochs': 200}
2022-12-16 02:29:14,612|INFO|nn.computeOptunaObjective|Trial 41 balacc:|[0.6875210565325787, 0.732579185520362, 0.7551459293394778, 0.7547568710359408, 0.706060606060606, 0.6830732292917168, 0.6491075238230692, 0.6454641953131379, 0.660168949528327, 0.7596279118244829, 0.7336591508755097, 0.7527011494252873, 0.7377675840978593, 0.7625404530744337, 0.7119616300778987, 0.7341478696741854]
2022-12-16 02:29:14,612|INFO|nn.computeOptunaObjective|Trial 41 rocauc:|[0.8030186645104778, 0.8062139337204829, 0.868663594470046, 0.9156976744186048, 0.7886363636363637, 0.6884753901560623, 0.787245768738444, 0.730699354944068, 0.8439481959174973, 0.8464224295169107, 0.8762293115855121, 0.8563793103448275, 0.7884511602806261, 0.9230043149946063, 0.8320607738363485, 0.821748567848192]
2022-12-16 02:29:14,612|INFO|nn.computeOptunaObjective|Trial 41 timings:|14.303725799999995
2022-12-16 02:29:14,612|INFO|nn.computeOptunaObjective|Trial 41 objective:|0.7166427059684295
2022-12-16 02:29:25,585|INFO|nn.computeOptunaObjective|Trial 42 params:|{'n_layers': 2, 'architecture': 'linear', 'lr': 0.0001, 'n_epochs': 150}
2022-12-16 02:29:25,585|INFO|nn.computeOptunaObjective|Trial 42 balacc:|[0.5183242369112594, 0.5407496290325535, 0.5258832565284178, 0.5, 0.5287878787878788, 0.5882352941176471, 0.5, 0.5, 0.5, 0.4991922455573506, 0.5, 0.5, 0.5, 0.5138888888888888, 0.5371359900427048, 0.5492481203007519]
2022-12-16 02:29:25,585|INFO|nn.computeOptunaObjective|Trial 42 rocauc:|[0.6794673539518901, 0.6973070511293897, 0.7683563748079877, 0.806553911205074, 0.6727272727272727, 0.6638655462184875, 0.7043094865595222, 0.6534151220707112, 0.7391408623354474, 0.7277085830423681, 0.8028304149676182, 0.7613793103448275, 0.6656772800863465, 0.6983998561668464, 0.7514839374235499, 0.7437768528464017]
2022-12-16 02:29:25,585|INFO|nn.computeOptunaObjective|Trial 42 timings:|10.974109399999975
2022-12-16 02:29:25,585|INFO|nn.computeOptunaObjective|Trial 42 objective:|0.5188403462604658
2022-12-16 02:29:36,577|INFO|nn.computeOptunaObjective|Trial 43 params:|{'n_layers': 4, 'architecture': 'linear', 'lr': 0.0001, 'n_epochs': 150}
2022-12-16 02:29:36,577|INFO|nn.computeOptunaObjective|Trial 43 balacc:|[0.553513914156728, 0.5070584571418103, 0.5437019969278034, 0.5, 0.5143939393939394, 0.5870348139255702, 0.5, 0.5, 0.5, 0.5, 0.5983149436315663, 0.6056896551724138, 0.5410595430832883, 0.5351941747572816, 0.5781046803579476, 0.6000626566416041]
2022-12-16 02:29:36,577|INFO|nn.computeOptunaObjective|Trial 43 rocauc:|[0.7209369314736204, 0.7358913294374119, 0.8331797235023042, 0.9175475687103594, 0.7507575757575757, 0.7082833133253301, 0.7178921917223724, 0.6641524454968564, 0.813356073122635, 0.7913127312522799, 0.8479251619093308, 0.7847701149425287, 0.7407807159561072, 0.7968356706220784, 0.7849524667911327, 0.7677027389903329]
2022-12-16 02:29:36,577|INFO|nn.computeOptunaObjective|Trial 43 timings:|10.982239800000002
2022-12-16 02:29:36,577|INFO|nn.computeOptunaObjective|Trial 43 objective:|0.5415080484493721
2022-12-16 02:29:51,203|INFO|nn.computeOptunaObjective|Trial 44 params:|{'n_layers': 4, 'architecture': 'outer', 'lr': 0.0001, 'n_epochs': 200}
2022-12-16 02:29:51,203|INFO|nn.computeOptunaObjective|Trial 44 balacc:|[0.6163061788289199, 0.6217524318977046, 0.7758064516129033, 0.6871035940803383, 0.6772727272727272, 0.5282112845138055, 0.5, 0.5, 0.5863268134093695, 0.5, 0.6707543775485728, 0.6298850574712643, 0.6256520957006656, 0.6146170442286947, 0.6264340436490053, 0.6515664160401002]
2022-12-16 02:29:51,203|INFO|nn.computeOptunaObjective|Trial 44 rocauc:|[0.7493346135705141, 0.7617729496033855, 0.8697388632872503, 0.921247357293869, 0.7416666666666667, 0.723889555822329, 0.7286303513013797, 0.6789928145668327, 0.8271864840377338, 0.8136432331022982, 0.8540417366274886, 0.7811494252873563, 0.7495952509444145, 0.8284789644012944, 0.7999313289984763, 0.7785333870390262]
2022-12-16 02:29:51,203|INFO|nn.computeOptunaObjective|Trial 44 timings:|14.6216541
2022-12-16 02:29:51,203|INFO|nn.computeOptunaObjective|Trial 44 objective:|0.6132305322658795
2022-12-16 02:29:58,296|INFO|nn.computeOptunaObjective|Trial 45 params:|{'n_layers': 4, 'architecture': 'bottom', 'lr': 0.001, 'n_epochs': 100}
2022-12-16 02:29:58,296|INFO|nn.computeOptunaObjective|Trial 45 balacc:|[0.6618152415605417, 0.712001025885284, 0.786405529953917, 0.7885835095137421, 0.7454545454545455, 0.6038415366146459, 0.5, 0.5568710704662366, 0.7175425038639877, 0.7410625879410079, 0.7217857999520269, 0.686896551724138, 0.7178899082568808, 0.7789913700107874, 0.7156698641601751, 0.7313283208020049]
2022-12-16 02:29:58,296|INFO|nn.computeOptunaObjective|Trial 45 rocauc:|[0.7736928104575164, 0.7828658838184914, 0.8556067588325653, 0.8982558139534884, 0.7568181818181818, 0.6962785114045618, 0.7343194424690654, 0.6896280721809422, 0.8210041038213505, 0.8245348897806035, 0.8422883185416167, 0.7864942528735631, 0.7519338010433531, 0.8801690039554116, 0.814781433077963, 0.7948196383816684]
2022-12-16 02:29:58,296|INFO|nn.computeOptunaObjective|Trial 45 timings:|7.099340299999994
2022-12-16 02:29:58,296|INFO|nn.computeOptunaObjective|Trial 45 objective:|0.6978837103849951
2022-12-16 02:30:12,774|INFO|nn.computeOptunaObjective|Trial 46 params:|{'n_layers': 3, 'architecture': 'inner', 'lr': 0.0001, 'n_epochs': 200}
2022-12-16 02:30:12,774|INFO|nn.computeOptunaObjective|Trial 46 balacc:|[0.6263728859241291, 0.6465257295693114, 0.7364823348694316, 0.6643763213530656, 0.6545454545454545, 0.6548619447779112, 0.5, 0.5, 0.6052337046314555, 0.608043670853093, 0.6694351163348524, 0.631264367816092, 0.6155333693110272, 0.6423948220064725, 0.6629198051460332, 0.6691416040100251]
2022-12-16 02:30:12,774|INFO|nn.computeOptunaObjective|Trial 46 rocauc:|[0.7419631426453743, 0.7505944638833423, 0.8654377880184332, 0.915169133192389, 0.7659090909090909, 0.758703481392557, 0.7322215901009814, 0.680748346533845, 0.8179928582849224, 0.809005159205795, 0.846426001439194, 0.7885632183908047, 0.748246087425796, 0.825512405609493, 0.7989012639756218, 0.7800550483351235]
2022-12-16 02:30:12,774|INFO|nn.computeOptunaObjective|Trial 46 timings:|14.475660300000072
2022-12-16 02:30:12,774|INFO|nn.computeOptunaObjective|Trial 46 objective:|0.6304456956967721
2022-12-16 02:30:23,710|INFO|nn.computeOptunaObjective|Trial 47 params:|{'n_layers': 2, 'architecture': 'top', 'lr': 0.001, 'n_epochs': 150}
2022-12-16 02:30:23,710|INFO|nn.computeOptunaObjective|Trial 47 balacc:|[0.6772117781820632, 0.6961089636726694, 0.7213517665130569, 0.7209302325581395, 0.7643939393939394, 0.6050420168067226, 0.6301290712558669, 0.6274597860700579, 0.6529739380696051, 0.6910990671739017, 0.6773506836171743, 0.7185057471264368, 0.6936499370390358, 0.7754854368932039, 0.6815983175604627, 0.7107456140350877]
2022-12-16 02:30:23,710|INFO|nn.computeOptunaObjective|Trial 47 rocauc:|[0.7883986928104574, 0.7993148551853004, 0.8582949308755761, 0.886892177589852, 0.8166666666666668, 0.6686674669867947, 0.8008284739012943, 0.7214726055360496, 0.8498907424185898, 0.8428526760122986, 0.8901415207483808, 0.8617241379310345, 0.797535527972657, 0.9169363538295576, 0.8300457091353891, 0.8282514321518082]
2022-12-16 02:30:23,710|INFO|nn.computeOptunaObjective|Trial 47 timings:|10.926675300000056
2022-12-16 02:30:23,710|INFO|nn.computeOptunaObjective|Trial 47 objective:|0.690252268497964
2022-12-16 02:30:30,918|INFO|nn.computeOptunaObjective|Trial 48 params:|{'n_layers': 2, 'architecture': 'inner', 'lr': 0.001, 'n_epochs': 100}
2022-12-16 02:30:30,918|INFO|nn.computeOptunaObjective|Trial 48 balacc:|[0.671531567953642, 0.6853628153223295, 0.7159754224270354, 0.6952959830866807, 0.7106060606060606, 0.634453781512605, 0.6434895462949793, 0.6297256470972483, 0.669442519852902, 0.6870733232581165, 0.6961201727032862, 0.6656321839080459, 0.6525903939557475, 0.7322006472491909, 0.6851541878581086, 0.7068922305764411]
2022-12-16 02:30:30,918|INFO|nn.computeOptunaObjective|Trial 48 rocauc:|[0.7862222896031265, 0.7859398757946032, 0.8612903225806452, 0.8971987315010572, 0.7924242424242424, 0.7154861944777912, 0.7992817522400798, 0.7085306605699355, 0.8238288120236635, 0.8287560581583199, 0.8594387143199809, 0.8453448275862069, 0.7860226659471128, 0.8976986695433297, 0.8307431489946138, 0.8203253669889009]
2022-12-16 02:30:30,918|INFO|nn.computeOptunaObjective|Trial 48 timings:|7.2099134999999706
2022-12-16 02:30:30,918|INFO|nn.computeOptunaObjective|Trial 48 objective:|0.6800966552289012
2022-12-16 02:30:45,441|INFO|nn.computeOptunaObjective|Trial 49 params:|{'n_layers': 2, 'architecture': 'outer', 'lr': 0.0001, 'n_epochs': 200}
2022-12-16 02:30:45,441|INFO|nn.computeOptunaObjective|Trial 49 balacc:|[0.5455090627316218, 0.5823236301683551, 0.5579877112135176, 0.5169133192389006, 0.6113636363636363, 0.5474189675870348, 0.5, 0.5, 0.5392394606406226, 0.5427328156756475, 0.5454545454545454, 0.5756896551724138, 0.5410595430832883, 0.5368122977346278, 0.5873194703749007, 0.6112468671679199]
2022-12-16 02:30:45,441|INFO|nn.computeOptunaObjective|Trial 49 rocauc:|[0.6980712216157942, 0.7119662190631469, 0.8061443932411674, 0.875, 0.7545454545454545, 0.7058823529411765, 0.7406485563931162, 0.6690924307993795, 0.7790332036454725, 0.7638490802021991, 0.8257375869513073, 0.7785632183908046, 0.6905018888289259, 0.7333692916217188, 0.7702397047146934, 0.7676042785535266]
2022-12-16 02:30:45,441|INFO|nn.computeOptunaObjective|Trial 49 timings:|14.50409060000004
2022-12-16 02:30:45,441|INFO|nn.computeOptunaObjective|Trial 49 objective:|0.5525669364129395
2022-12-16 02:30:52,812|INFO|nn.computeOptunaObjective|Trial 50 params:|{'n_layers': 2, 'architecture': 'top', 'lr': 0.001, 'n_epochs': 100}
2022-12-16 02:30:52,812|INFO|nn.computeOptunaObjective|Trial 50 balacc:|[0.66689239269591, 0.6977467162511221, 0.7221966205837174, 0.6300211416490487, 0.7416666666666667, 0.6254501800720288, 0.6315335656378893, 0.6289703600881849, 0.6600490326706816, 0.7023946010735317, 0.6887143199808108, 0.6699425287356322, 0.677415002698327, 0.7493257820927723, 0.6781046803579476, 0.7086779448621554]
2022-12-16 02:30:52,812|INFO|nn.computeOptunaObjective|Trial 50 rocauc:|[0.7913567145071088, 0.795678458240973, 0.8602150537634409, 0.8985200845665963, 0.8242424242424242, 0.7310924369747899, 0.8080642867301948, 0.7140422144198579, 0.8363001652187816, 0.8380582625462505, 0.867774046533941, 0.8570689655172414, 0.7928584277747798, 0.9158576051779934, 0.8363913388699328, 0.8249574829931973]
2022-12-16 02:30:52,812|INFO|nn.computeOptunaObjective|Trial 50 timings:|7.37053370000001
2022-12-16 02:30:52,812|INFO|nn.computeOptunaObjective|Trial 50 objective:|0.6799438460072766
2022-12-16 02:31:07,492|INFO|nn.computeOptunaObjective|Trial 51 params:|{'n_layers': 3, 'architecture': 'top', 'lr': 0.001, 'n_epochs': 200}
2022-12-16 02:31:07,492|INFO|nn.computeOptunaObjective|Trial 51 balacc:|[0.7025773195876288, 0.7206496052173594, 0.7408602150537634, 0.734936575052854, 0.7166666666666667, 0.734093637454982, 0.64981866021903, 0.6499550910427043, 0.685138304109151, 0.7144848611183491, 0.738936195730391, 0.7213793103448276, 0.7301223241590213, 0.7690129449838188, 0.6927916908088156, 0.7052944862155388]
2022-12-16 02:31:07,492|INFO|nn.computeOptunaObjective|Trial 51 rocauc:|[0.8019321474294184, 0.8004744719438694, 0.8501536098310292, 0.8900634249471459, 0.8204545454545454, 0.6890756302521008, 0.8018418432655383, 0.7420082469176126, 0.8482385546021425, 0.8483636458387618, 0.8731110578076278, 0.8674712643678161, 0.7739701385141212, 0.9232740021574973, 0.8369278310693362, 0.8298760293591121]
2022-12-16 02:31:07,492|INFO|nn.computeOptunaObjective|Trial 51 timings:|14.670500299999958
2022-12-16 02:31:07,492|INFO|nn.computeOptunaObjective|Trial 51 objective:|0.7129198679853064
2022-12-16 02:31:14,579|INFO|nn.computeOptunaObjective|Trial 52 params:|{'n_layers': 2, 'architecture': 'bottom', 'lr': 0.001, 'n_epochs': 100}
2022-12-16 02:31:14,579|INFO|nn.computeOptunaObjective|Trial 52 balacc:|[0.6331817262987669, 0.6457966182424386, 0.650768049155146, 0.669661733615222, 0.7333333333333334, 0.6638655462184874, 0.6097283458967431, 0.592961541602025, 0.6294302616852316, 0.6548152587419875, 0.6826277284720557, 0.6670689655172414, 0.6449451340169096, 0.6488673139158576, 0.6570462885469646, 0.6786967418546366]
2022-12-16 02:31:14,579|INFO|nn.computeOptunaObjective|Trial 52 rocauc:|[0.7503722794959908, 0.7621759759649733, 0.8341013824884793, 0.8882135306553911, 0.771969696969697, 0.7442977190876351, 0.7879569051344048, 0.6875051032906019, 0.8140755742685072, 0.8174474959612277, 0.8504437514991605, 0.8232183908045978, 0.7599388379204894, 0.8360302049622438, 0.8000858387519045, 0.794671947726459]
2022-12-16 02:31:14,579|INFO|nn.computeOptunaObjective|Trial 52 timings:|7.08922640000003
2022-12-16 02:31:14,579|INFO|nn.computeOptunaObjective|Trial 52 objective:|0.6539246616945654
2022-12-16 02:31:25,698|INFO|nn.computeOptunaObjective|Trial 53 params:|{'n_layers': 2, 'architecture': 'outer', 'lr': 0.001, 'n_epochs': 150}
2022-12-16 02:31:25,698|INFO|nn.computeOptunaObjective|Trial 53 balacc:|[0.6702479617276464, 0.6897796178577317, 0.7097542242703533, 0.6329281183932347, 0.7106060606060606, 0.6254501800720288, 0.6329380600199118, 0.6229280640156774, 0.6278846666311357, 0.6854578143728178, 0.6712640921084193, 0.6985057471264368, 0.6758859507105595, 0.7354368932038835, 0.6749501062254555, 0.7168859649122807]
2022-12-16 02:31:25,698|INFO|nn.computeOptunaObjective|Trial 53 rocauc:|[0.7861970217640322, 0.7975250517522487, 0.861904761904762, 0.895877378435518, 0.8295454545454546, 0.6962785114045618, 0.8005617977528091, 0.7193292234833021, 0.84490753077866, 0.8411589973422273, 0.8828855840729191, 0.8606896551724138, 0.7894405468609462, 0.9135203164329377, 0.834734650958175, 0.829732814178303]
2022-12-16 02:31:25,698|INFO|nn.computeOptunaObjective|Trial 53 timings:|11.116637200000014
2022-12-16 02:31:25,698|INFO|nn.computeOptunaObjective|Trial 53 objective:|0.6738064701408522
2022-12-16 02:31:33,104|INFO|nn.computeOptunaObjective|Trial 54 params:|{'n_layers': 3, 'architecture': 'inner', 'lr': 0.001, 'n_epochs': 100}
2022-12-16 02:31:33,104|INFO|nn.computeOptunaObjective|Trial 54 balacc:|[0.7159120005390472, 0.72324362943558, 0.7640552995391705, 0.7576638477801269, 0.7166666666666667, 0.624249699879952, 0.6695082491821931, 0.6416877602678207, 0.6970900175878059, 0.7193183594767836, 0.7170184696569921, 0.7298850574712643, 0.7123583378305451, 0.7780474649406688, 0.7235562994914053, 0.7205200501253133]
2022-12-16 02:31:33,104|INFO|nn.computeOptunaObjective|Trial 54 rocauc:|[0.8100212249848393, 0.804794181764889, 0.8661290322580645, 0.9159619450317125, 0.7909090909090909, 0.6458583433373349, 0.8114955198407053, 0.7360271903323263, 0.8364867025528966, 0.8524415029443952, 0.8538618373710721, 0.86, 0.7792768483540206, 0.9296116504854369, 0.8342925813858666, 0.8265507518796992]
2022-12-16 02:31:33,104|INFO|nn.computeOptunaObjective|Trial 54 timings:|7.406826600000045
2022-12-16 02:31:33,104|INFO|nn.computeOptunaObjective|Trial 54 objective:|0.7131738256169584
2022-12-16 02:31:44,178|INFO|nn.computeOptunaObjective|Trial 55 params:|{'n_layers': 3, 'architecture': 'inner', 'lr': 0.001, 'n_epochs': 150}
2022-12-16 02:31:44,178|INFO|nn.computeOptunaObjective|Trial 55 balacc:|[0.7021494508456303, 0.7166871233077472, 0.7346390168970813, 0.7262156448202959, 0.7477272727272727, 0.6638655462184874, 0.6709216327691652, 0.6596921695109006, 0.6931061130949208, 0.7233571316900307, 0.7262532981530343, 0.7056321839080459, 0.7108292858427775, 0.7780474649406688, 0.7059636472885684, 0.7101503759398496]
2022-12-16 02:31:44,178|INFO|nn.computeOptunaObjective|Trial 55 rocauc:|[0.8065089953507176, 0.8078498543609285, 0.8536098310291859, 0.8964059196617337, 0.8325757575757576, 0.6716686674669867, 0.7997173232826057, 0.7298828284477832, 0.8493044822256569, 0.8660821303872009, 0.8816262892780043, 0.8670114942528735, 0.7789170714157222, 0.9262855088097806, 0.8422691474065966, 0.8268438954529179]
2022-12-16 02:31:44,178|INFO|nn.computeOptunaObjective|Trial 55 timings:|11.053323800000044
2022-12-16 02:31:44,178|INFO|nn.computeOptunaObjective|Trial 55 objective:|0.7109523348721547
2022-12-16 02:31:54,942|INFO|nn.computeOptunaObjective|Trial 56 params:|{'n_layers': 4, 'architecture': 'bottom', 'lr': 0.0001, 'n_epochs': 150}
2022-12-16 02:31:54,943|INFO|nn.computeOptunaObjective|Trial 56 balacc:|[0.5016339869281046, 0.5, 0.5, 0.5, 0.5, 0.5, 0.5, 0.5, 0.5, 0.5, 0.5, 0.5, 0.5, 0.5, 0.5, 0.5]
2022-12-16 02:31:54,943|INFO|nn.computeOptunaObjective|Trial 56 rocauc:|[0.6265632369786402, 0.6382233865206001, 0.646236559139785, 0.6844608879492601, 0.5227272727272727, 0.5978391356542617, 0.6699260418148201, 0.6360639340246591, 0.6378777381015829, 0.6391422168950961, 0.6904533461261693, 0.6676436781609195, 0.5994783234394675, 0.6264832793959008, 0.6647009592480525, 0.6424028822055138]
2022-12-16 02:31:54,943|INFO|nn.computeOptunaObjective|Trial 56 timings:|10.759443900000065
2022-12-16 02:31:54,943|INFO|nn.computeOptunaObjective|Trial 56 objective:|0.5001021241830066
2022-12-16 02:32:02,266|INFO|nn.computeOptunaObjective|Trial 57 params:|{'n_layers': 2, 'architecture': 'linear', 'lr': 0.001, 'n_epochs': 100}
2022-12-16 02:32:02,266|INFO|nn.computeOptunaObjective|Trial 57 balacc:|[0.6663769287783843, 0.6813105684503636, 0.7025345622119815, 0.6556553911205074, 0.7106060606060606, 0.6356542617046819, 0.6441917934859906, 0.6274597860700579, 0.6529739380696051, 0.6782010526864349, 0.679989206044615, 0.6656321839080459, 0.6495322899802123, 0.7305825242718447, 0.6606021588446105, 0.7043233082706767]
2022-12-16 02:32:02,266|INFO|nn.computeOptunaObjective|Trial 57 rocauc:|[0.7768731891381983, 0.7863722131643065, 0.8580645161290322, 0.8789640591966174, 0.8166666666666667, 0.7118847539015607, 0.7975750248897738, 0.7056115783457173, 0.829798006715344, 0.8301891708791496, 0.8633365315423362, 0.8448850574712643, 0.7761288001439107, 0.8932937792161093, 0.8284469623811669, 0.8199539026136773]
2022-12-16 02:32:02,266|INFO|nn.computeOptunaObjective|Trial 57 timings:|7.3195031999999856
2022-12-16 02:32:02,266|INFO|nn.computeOptunaObjective|Trial 57 objective:|0.6716016259065045
2022-12-16 02:32:16,857|INFO|nn.computeOptunaObjective|Trial 58 params:|{'n_layers': 2, 'architecture': 'top', 'lr': 0.0001, 'n_epochs': 200}
2022-12-16 02:32:16,857|INFO|nn.computeOptunaObjective|Trial 58 balacc:|[0.5811266087190889, 0.6096433216699947, 0.6159754224270353, 0.562367864693446, 0.6795454545454546, 0.6254501800720288, 0.5063291139240507, 0.5097370784681963, 0.5870996109364174, 0.5862733857939444, 0.6511753418085872, 0.6413793103448275, 0.6262367332254003, 0.5875134843581445, 0.6081289298053606, 0.6427944862155388]
2022-12-16 02:32:16,857|INFO|nn.computeOptunaObjective|Trial 58 rocauc:|[0.7222137996091907, 0.7370399545679375, 0.8365591397849462, 0.9112050739957717, 0.7871212121212121, 0.7539015606242496, 0.7641338358697197, 0.6723585367845187, 0.800884719927517, 0.8011100109437699, 0.8437874790117533, 0.8037356321839081, 0.7209030401151285, 0.8010607695073714, 0.7821627073542351, 0.7861148406731113]
2022-12-16 02:32:16,857|INFO|nn.computeOptunaObjective|Trial 58 timings:|14.597637799999916
2022-12-16 02:32:16,857|INFO|nn.computeOptunaObjective|Trial 58 objective:|0.6012985204379697
2022-12-16 02:32:24,067|INFO|nn.computeOptunaObjective|Trial 59 params:|{'n_layers': 2, 'architecture': 'linear', 'lr': 0.0001, 'n_epochs': 100}
2022-12-16 02:32:24,067|INFO|nn.computeOptunaObjective|Trial 59 balacc:|[0.5016339869281046, 0.5, 0.5, 0.5, 0.5, 0.5, 0.5, 0.5, 0.5, 0.5, 0.5, 0.5, 0.5, 0.5, 0.5, 0.5]
2022-12-16 02:32:24,067|INFO|nn.computeOptunaObjective|Trial 59 rocauc:|[0.6407907149113942, 0.6524612087126971, 0.6781874039938556, 0.6794397463002115, 0.5750000000000001, 0.6326530612244897, 0.6776418717109942, 0.6344717073569037, 0.6397964078239088, 0.630647766949815, 0.6947709282801631, 0.6623563218390804, 0.5991185465011692, 0.6193815174397698, 0.6842893624326702, 0.6607030970282849]
2022-12-16 02:32:24,067|INFO|nn.computeOptunaObjective|Trial 59 timings:|7.19166610000002
2022-12-16 02:32:24,067|INFO|nn.computeOptunaObjective|Trial 59 objective:|0.5001021241830066
2022-12-16 02:32:38,371|INFO|nn.computeOptunaObjective|Trial 60 params:|{'n_layers': 2, 'architecture': 'linear', 'lr': 0.0001, 'n_epochs': 200}
2022-12-16 02:32:38,371|INFO|nn.computeOptunaObjective|Trial 60 balacc:|[0.5560912337443569, 0.5904281239122868, 0.5847158218125961, 0.5, 0.6401515151515151, 0.656062424969988, 0.5, 0.4984894259818731, 0.5392394606406226, 0.5282192923028819, 0.5882705684816503, 0.5856896551724138, 0.5278827127181147, 0.5368122977346278, 0.5893602867014314, 0.612625313283208]
2022-12-16 02:32:38,371|INFO|nn.computeOptunaObjective|Trial 60 rocauc:|[0.7123896637692878, 0.7210819425870628, 0.8198156682027649, 0.8826638477801269, 0.771969696969697, 0.7454981992797118, 0.7411996870999857, 0.6681942516534661, 0.7826040611842456, 0.7718223982489969, 0.8322139601822979, 0.7998850574712645, 0.6967979852491455, 0.7548543689320388, 0.7715229940556665, 0.7747874149659865]
2022-12-16 02:32:38,371|INFO|nn.computeOptunaObjective|Trial 60 timings:|14.312424299999975
2022-12-16 02:32:38,371|INFO|nn.computeOptunaObjective|Trial 60 objective:|0.5646273832879729
2022-12-16 02:32:45,597|INFO|nn.computeOptunaObjective|Trial 61 params:|{'n_layers': 2, 'architecture': 'outer', 'lr': 0.001, 'n_epochs': 100}
2022-12-16 02:32:45,597|INFO|nn.computeOptunaObjective|Trial 61 balacc:|[0.6604440401590189, 0.6737080257204097, 0.6758064516129032, 0.6387420718816068, 0.7022727272727273, 0.6254501800720288, 0.6448940406770018, 0.6117212378541683, 0.6365053562863081, 0.6701365365574027, 0.6786699448308947, 0.6656321839080459, 0.6464741860046771, 0.6937702265372169, 0.667776132535033, 0.6899749373433584]
2022-12-16 02:32:45,597|INFO|nn.computeOptunaObjective|Trial 61 rocauc:|[0.7694680277609325, 0.775805594738674, 0.8345622119815669, 0.8868921775898521, 0.7886363636363636, 0.7478991596638656, 0.7896814108946096, 0.70318241201927, 0.826200500985983, 0.820444004377508, 0.861117774046534, 0.8458620689655173, 0.7796366252923187, 0.8824163969795038, 0.8247988154252237, 0.8118264411027569]
2022-12-16 02:32:45,597|INFO|nn.computeOptunaObjective|Trial 61 timings:|7.206565599999976
2022-12-16 02:32:45,597|INFO|nn.computeOptunaObjective|Trial 61 objective:|0.6613736424533001
2022-12-16 02:32:56,325|INFO|nn.computeOptunaObjective|Trial 62 params:|{'n_layers': 4, 'architecture': 'bottom', 'lr': 0.001, 'n_epochs': 150}
2022-12-16 02:32:56,325|INFO|nn.computeOptunaObjective|Trial 62 balacc:|[0.6801293713361634, 0.7274332716580871, 0.775652841781874, 0.7658562367864694, 0.7287878787878788, 0.6548619447779112, 0.6610812828900583, 0.6334204294929371, 0.6797287214198156, 0.6943170566470374, 0.7262532981530343, 0.7112643678160919, 0.7371829465731247, 0.7609223300970873, 0.6844417262173008, 0.7258458646616541]
2022-12-16 02:32:56,325|INFO|nn.computeOptunaObjective|Trial 62 rocauc:|[0.8094552253891247, 0.8069998351255794, 0.8600614439324117, 0.9040697674418604, 0.8143939393939393, 0.6794717887154862, 0.7982861612857346, 0.7435188209357394, 0.8397644299952034, 0.8385272812548856, 0.8721515951067402, 0.8382183908045976, 0.7861126101816873, 0.9208917655519596, 0.8325543466597995, 0.8148697636949517]
2022-12-16 02:32:56,325|INFO|nn.computeOptunaObjective|Trial 62 timings:|10.722667699999988
2022-12-16 02:32:56,325|INFO|nn.computeOptunaObjective|Trial 62 objective:|0.7091987230685328
2022-12-16 02:33:07,263|INFO|nn.computeOptunaObjective|Trial 63 params:|{'n_layers': 2, 'architecture': 'top', 'lr': 0.0001, 'n_epochs': 150}
2022-12-16 02:33:07,263|INFO|nn.computeOptunaObjective|Trial 63 balacc:|[0.5216798059429958, 0.5768131606426439, 0.5633640552995391, 0.5, 0.6113636363636363, 0.5882352941176471, 0.5, 0.5, 0.5070750946010766, 0.5064490072437334, 0.5, 0.56, 0.5294117647058824, 0.5122707659115426, 0.5635421360973412, 0.5846491228070175]
2022-12-16 02:33:07,263|INFO|nn.computeOptunaObjective|Trial 63 rocauc:|[0.7004396604002426, 0.7168208547822742, 0.8056835637480799, 0.8625792811839323, 0.7409090909090909, 0.7214885954381753, 0.7275636467074384, 0.6655405405405406, 0.7761285508713958, 0.763380061493564, 0.825197889182058, 0.794367816091954, 0.6970678179528692, 0.7370550161812297, 0.7717375909354277, 0.7687007697815968]
2022-12-16 02:33:07,263|INFO|nn.computeOptunaObjective|Trial 63 timings:|10.932428399999935
2022-12-16 02:33:07,263|INFO|nn.computeOptunaObjective|Trial 63 objective:|0.539053365233316
2022-12-16 02:33:18,188|INFO|nn.computeOptunaObjective|Trial 64 params:|{'n_layers': 3, 'architecture': 'inner', 'lr': 0.0001, 'n_epochs': 150}
2022-12-16 02:33:18,188|INFO|nn.computeOptunaObjective|Trial 64 balacc:|[0.5226231386025201, 0.5709381354534963, 0.5115975422427035, 0.5, 0.6196969696969696, 0.578031212484994, 0.5, 0.5, 0.5, 0.5201547761738496, 0.5327716478771888, 0.5385632183908046, 0.5, 0.5, 0.5391768063692354, 0.587625313283208]
2022-12-16 02:33:18,188|INFO|nn.computeOptunaObjective|Trial 64 rocauc:|[0.7062681086180177, 0.7216425156172716, 0.8204301075268817, 0.9106765327695561, 0.7318181818181819, 0.7010804321728692, 0.7147987483999432, 0.6601310525026536, 0.7985396791557854, 0.783443639585179, 0.8462461021827777, 0.7917816091954023, 0.7132577801762907, 0.7715749730312838, 0.7772183952445333, 0.7661810776942355]
2022-12-16 02:33:18,188|INFO|nn.computeOptunaObjective|Trial 64 timings:|10.920070199999941
2022-12-16 02:33:18,188|INFO|nn.computeOptunaObjective|Trial 64 objective:|0.5325736725359356
2022-12-16 02:33:25,641|INFO|nn.computeOptunaObjective|Trial 65 params:|{'n_layers': 3, 'architecture': 'outer', 'lr': 0.0001, 'n_epochs': 100}
2022-12-16 02:33:25,641|INFO|nn.computeOptunaObjective|Trial 65 balacc:|[0.5, 0.5, 0.5, 0.5, 0.5, 0.5, 0.5, 0.5, 0.5, 0.5, 0.5, 0.5, 0.5, 0.5, 0.5, 0.5]
2022-12-16 02:33:25,641|INFO|nn.computeOptunaObjective|Trial 65 rocauc:|[0.6459082945893133, 0.6652408082510488, 0.6998463901689708, 0.7280655391120507, 0.5893939393939394, 0.6254501800720288, 0.6788330251742285, 0.6363293051359517, 0.6933326227149177, 0.674501016207202, 0.741184936435596, 0.7078735632183908, 0.6277208130958806, 0.6565084501977706, 0.6992381810768471, 0.6819123702112424]
2022-12-16 02:33:25,641|INFO|nn.computeOptunaObjective|Trial 65 timings:|7.446520200000009
2022-12-16 02:33:25,641|INFO|nn.computeOptunaObjective|Trial 65 objective:|0.5
2022-12-16 02:33:36,447|INFO|nn.computeOptunaObjective|Trial 66 params:|{'n_layers': 2, 'architecture': 'inner', 'lr': 0.001, 'n_epochs': 150}
2022-12-16 02:33:36,447|INFO|nn.computeOptunaObjective|Trial 66 balacc:|[0.6796139074186376, 0.7075365929616941, 0.7132872503840246, 0.7238372093023255, 0.7416666666666667, 0.6050420168067226, 0.6329380600199118, 0.6297256470972483, 0.6412620583062411, 0.6919068216165511, 0.679989206044615, 0.7185057471264368, 0.708355819391977, 0.7477076591154261, 0.6866692418292238, 0.7118421052631578]
2022-12-16 02:33:36,447|INFO|nn.computeOptunaObjective|Trial 66 rocauc:|[0.7888063472811806, 0.7985472731602763, 0.8412442396313364, 0.8950845665961945, 0.8371212121212122, 0.6854741896758704, 0.7989972976816954, 0.7261880460520945, 0.8450407717315994, 0.8366512064203451, 0.892060446150156, 0.863103448275862, 0.7987048030221262, 0.9264653002517079, 0.8320436060859675, 0.8244920336555676]
2022-12-16 02:33:36,447|INFO|nn.computeOptunaObjective|Trial 66 timings:|10.801924400000075
2022-12-16 02:33:36,447|INFO|nn.computeOptunaObjective|Trial 66 objective:|0.6887428755844287
2022-12-16 02:33:43,818|INFO|nn.computeOptunaObjective|Trial 67 params:|{'n_layers': 4, 'architecture': 'linear', 'lr': 0.0001, 'n_epochs': 100}
2022-12-16 02:33:43,818|INFO|nn.computeOptunaObjective|Trial 67 balacc:|[0.5, 0.5, 0.5, 0.5, 0.5, 0.5, 0.5, 0.5, 0.5, 0.5, 0.5, 0.5, 0.5, 0.5, 0.5, 0.5]
2022-12-16 02:33:43,818|INFO|nn.computeOptunaObjective|Trial 67 rocauc:|[0.6650882689845699, 0.677873852748823, 0.7431643625192013, 0.8113107822410148, 0.6159090909090909, 0.6134453781512605, 0.6826553833025174, 0.6381664897525925, 0.7354101156531471, 0.7125697013914222, 0.7890381386423603, 0.7460919540229886, 0.6510163698506926, 0.6912980942107156, 0.731552179231314, 0.7110700859291084]
2022-12-16 02:33:43,818|INFO|nn.computeOptunaObjective|Trial 67 timings:|7.365893899999946
2022-12-16 02:33:43,818|INFO|nn.computeOptunaObjective|Trial 67 objective:|0.5
2022-12-16 02:33:50,986|INFO|nn.computeOptunaObjective|Trial 68 params:|{'n_layers': 2, 'architecture': 'outer', 'lr': 0.0001, 'n_epochs': 100}
2022-12-16 02:33:50,986|INFO|nn.computeOptunaObjective|Trial 68 balacc:|[0.5016339869281046, 0.5, 0.5, 0.5, 0.5, 0.5, 0.5, 0.5, 0.5, 0.5, 0.5, 0.5, 0.5, 0.5, 0.5, 0.5]
2022-12-16 02:33:50,986|INFO|nn.computeOptunaObjective|Trial 68 rocauc:|[0.6393723468768951, 0.6560078406946708, 0.6837173579109063, 0.6841966173361522, 0.5795454545454545, 0.6254501800720289, 0.6781041103683688, 0.6380848371029639, 0.6345200660875127, 0.6344259732138204, 0.670844327176781, 0.6617816091954023, 0.5967799964022306, 0.623876303487954, 0.6784909547415181, 0.6659170247046187]
2022-12-16 02:33:50,986|INFO|nn.computeOptunaObjective|Trial 68 timings:|7.160823999999934
2022-12-16 02:33:50,987|INFO|nn.computeOptunaObjective|Trial 68 objective:|0.5001021241830066
2022-12-16 02:34:01,995|INFO|nn.computeOptunaObjective|Trial 69 params:|{'n_layers': 4, 'architecture': 'inner', 'lr': 0.0001, 'n_epochs': 150}
2022-12-16 02:34:01,995|INFO|nn.computeOptunaObjective|Trial 69 balacc:|[0.5524829863216765, 0.5, 0.5838709677419355, 0.5, 0.6257575757575757, 0.5576230492196879, 0.5098581282890059, 0.49773413897280966, 0.5439961626605554, 0.5443483245609464, 0.6144459102902375, 0.5756896551724138, 0.5, 0.5, 0.5446490268031503, 0.5961152882205514]
2022-12-16 02:34:01,995|INFO|nn.computeOptunaObjective|Trial 69 rocauc:|[0.723564786739438, 0.7398922820451755, 0.8362519201228878, 0.9180761099365751, 0.7522727272727272, 0.7214885954381752, 0.7185677712985351, 0.66072303421246, 0.819378564195491, 0.7935014852259107, 0.853322139601823, 0.7885057471264367, 0.7457276488577083, 0.8017799352750808, 0.7853988283010366, 0.7732747046186896]
2022-12-16 02:34:01,995|INFO|nn.computeOptunaObjective|Trial 69 timings:|11.002693300000033
2022-12-16 02:34:01,995|INFO|nn.computeOptunaObjective|Trial 69 objective:|0.5466607008756591
2022-12-16 02:34:16,843|INFO|nn.computeOptunaObjective|Trial 70 params:|{'n_layers': 4, 'architecture': 'top', 'lr': 0.0001, 'n_epochs': 200}
2022-12-16 02:34:16,843|INFO|nn.computeOptunaObjective|Trial 70 balacc:|[0.6659288457651102, 0.7136809130379028, 0.8025345622119815, 0.7716701902748414, 0.7454545454545455, 0.6140456182472989, 0.5921543877115631, 0.5569118967910509, 0.707256302297074, 0.7338188545520872, 0.7336591508755097, 0.7040804597701149, 0.7432991545241949, 0.7609223300970873, 0.708343526685122, 0.731171679197995]
2022-12-16 02:34:16,843|INFO|nn.computeOptunaObjective|Trial 70 rocauc:|[0.8046341216899131, 0.8048564676571344, 0.8850998463901689, 0.9178118393234672, 0.7931818181818182, 0.6974789915966386, 0.7680095292277059, 0.7252898669061811, 0.8289719128071203, 0.839465318672156, 0.8544615015591269, 0.8246551724137932, 0.7784673502428494, 0.9083063646170442, 0.8293868967145218, 0.8049073576799141]
2022-12-16 02:34:16,843|INFO|nn.computeOptunaObjective|Trial 70 timings:|14.851955500000031
2022-12-16 02:34:16,843|INFO|nn.computeOptunaObjective|Trial 70 objective:|0.7053082760933425
2022-12-16 02:34:23,988|INFO|nn.computeOptunaObjective|Trial 71 params:|{'n_layers': 2, 'architecture': 'inner', 'lr': 0.0001, 'n_epochs': 100}
2022-12-16 02:34:23,988|INFO|nn.computeOptunaObjective|Trial 71 balacc:|[0.5, 0.5, 0.5, 0.5, 0.5, 0.5, 0.5, 0.5, 0.5, 0.5, 0.5, 0.5, 0.5, 0.5, 0.5, 0.5]
2022-12-16 02:34:23,988|INFO|nn.computeOptunaObjective|Trial 71 rocauc:|[0.63742503874402, 0.6488119882023192, 0.6804915514592934, 0.6757399577167019, 0.5757575757575758, 0.6302521008403361, 0.6772863035130138, 0.6354107128276312, 0.6420881522144646, 0.6286935223305018, 0.6883545214679779, 0.6543103448275862, 0.5994783234394676, 0.6230672419992809, 0.672091675787034, 0.6519580200501253]
2022-12-16 02:34:23,988|INFO|nn.computeOptunaObjective|Trial 71 timings:|7.128448800000001
2022-12-16 02:34:23,988|INFO|nn.computeOptunaObjective|Trial 71 objective:|0.5
2022-12-16 02:34:31,320|INFO|nn.computeOptunaObjective|Trial 72 params:|{'n_layers': 2, 'architecture': 'top', 'lr': 0.0001, 'n_epochs': 100}
2022-12-16 02:34:31,320|INFO|nn.computeOptunaObjective|Trial 72 balacc:|[0.5, 0.5015479876160991, 0.49731182795698925, 0.5, 0.5227272727272727, 0.5, 0.5, 0.5, 0.5, 0.5, 0.5, 0.5, 0.5, 0.5, 0.5020408163265306, 0.5018796992481203]
2022-12-16 02:34:31,320|INFO|nn.computeOptunaObjective|Trial 72 rocauc:|[0.6515346000943332, 0.6728763258651327, 0.7227342549923195, 0.7404862579281184, 0.5962121212121212, 0.6194477791116446, 0.6823709287441332, 0.6394729321466482, 0.6898417097479081, 0.6726249413726614, 0.7380666826577117, 0.7264942528735632, 0.631768303651736, 0.6507551240560949, 0.7144573917895232, 0.7004811134980309]
2022-12-16 02:34:31,320|INFO|nn.computeOptunaObjective|Trial 72 timings:|7.338843600000018
2022-12-16 02:34:31,320|INFO|nn.computeOptunaObjective|Trial 72 objective:|0.5015942252421883
2022-12-16 02:34:46,043|INFO|nn.computeOptunaObjective|Trial 73 params:|{'n_layers': 4, 'architecture': 'inner', 'lr': 0.0001, 'n_epochs': 200}
2022-12-16 02:34:46,043|INFO|nn.computeOptunaObjective|Trial 73 balacc:|[0.6562226265076477, 0.668926667521571, 0.8248847926267281, 0.7151162790697674, 0.7454545454545455, 0.5948379351740697, 0.5, 0.5561566097819874, 0.7315727762084955, 0.6789957788316223, 0.6982489805708803, 0.6783908045977012, 0.6682406907717215, 0.720873786407767, 0.6959119294405459, 0.6962406015037594]
2022-12-16 02:34:46,058|INFO|nn.computeOptunaObjective|Trial 73 rocauc:|[0.7660282325988815, 0.7718852474032278, 0.8723502304147465, 0.9072410147991543, 0.7606060606060606, 0.7082833133253301, 0.7323460389702745, 0.6890156773087286, 0.8233224964024943, 0.8279222471207462, 0.8478052290717198, 0.7820689655172414, 0.7647058823529411, 0.8483459187342683, 0.8108156827399731, 0.783814446831364]
2022-12-16 02:34:46,058|INFO|nn.computeOptunaObjective|Trial 73 timings:|14.718905599999971
2022-12-16 02:34:46,058|INFO|nn.computeOptunaObjective|Trial 73 objective:|0.6768796752793007
2022-12-16 02:34:53,305|INFO|nn.computeOptunaObjective|Trial 74 params:|{'n_layers': 3, 'architecture': 'linear', 'lr': 0.001, 'n_epochs': 100}
2022-12-16 02:34:53,305|INFO|nn.computeOptunaObjective|Trial 74 balacc:|[0.7071390068054714, 0.7152289006540018, 0.7221966205837174, 0.7291226215644819, 0.6856060606060606, 0.6038415366146459, 0.6266178353008107, 0.6281742467543072, 0.7166497894792944, 0.7289983844911148, 0.7130606860158311, 0.7255747126436782, 0.7341248425975895, 0.8000269687162891, 0.7234940663962746, 0.7342731829573935]
2022-12-16 02:34:53,305|INFO|nn.computeOptunaObjective|Trial 74 rocauc:|[0.813969745973991, 0.8101287852419075, 0.8720430107526881, 0.922568710359408, 0.825, 0.7334933973589436, 0.8003484568340208, 0.7347207479382706, 0.8409369503810691, 0.8544739173484809, 0.8508035500119933, 0.8460919540229885, 0.7834142831444505, 0.9278137360661632, 0.832996416232108, 0.8257451664876476]
2022-12-16 02:34:53,305|INFO|nn.computeOptunaObjective|Trial 74 timings:|7.241450200000031
2022-12-16 02:34:53,306|INFO|nn.computeOptunaObjective|Trial 74 objective:|0.7058830913863101
2022-12-16 02:35:07,505|INFO|nn.computeOptunaObjective|Trial 75 params:|{'n_layers': 3, 'architecture': 'bottom', 'lr': 0.001, 'n_epochs': 200}
2022-12-16 02:35:07,505|INFO|nn.computeOptunaObjective|Trial 75 balacc:|[0.7, 0.7071720372982578, 0.7721198156682028, 0.7180232558139534, 0.6856060606060606, 0.5834333733493398, 0.6491164130280188, 0.6303992814566832, 0.6914406011831796, 0.6886758038459534, 0.7013972175581674, 0.7241954022988506, 0.731651376146789, 0.7444714131607335, 0.6866692418292238, 0.7166666666666667]
2022-12-16 02:35:07,505|INFO|nn.computeOptunaObjective|Trial 75 rocauc:|[0.7933023381173775, 0.7976258083426457, 0.8708909370199693, 0.8652219873150105, 0.7848484848484849, 0.6578631452581032, 0.7937082207367373, 0.7161651833101984, 0.8473058679315674, 0.8338892073583825, 0.8775485727992324, 0.8430747126436782, 0.7817053426875337, 0.916576770945703, 0.8309234103736132, 0.8213972431077694]
2022-12-16 02:35:07,505|INFO|nn.computeOptunaObjective|Trial 75 timings:|14.199886300000003
2022-12-16 02:35:07,505|INFO|nn.computeOptunaObjective|Trial 75 objective:|0.6956898724943801
2022-12-16 02:35:15,007|INFO|nn.computeOptunaObjective|Trial 76 params:|{'n_layers': 2, 'architecture': 'bottom', 'lr': 0.0001, 'n_epochs': 100}
2022-12-16 02:35:15,007|INFO|nn.computeOptunaObjective|Trial 76 balacc:|[0.5, 0.5, 0.5, 0.5, 0.5, 0.5, 0.5, 0.5, 0.5, 0.5, 0.5, 0.5, 0.5, 0.5, 0.5, 0.5]
2022-12-16 02:35:15,007|INFO|nn.computeOptunaObjective|Trial 76 rocauc:|[0.601430159692743, 0.6091102277098943, 0.6136712749615976, 0.617336152219873, 0.5151515151515151, 0.5990396158463386, 0.6654281041103685, 0.6246733894014862, 0.556360923093322, 0.5747303142425348, 0.580295034780523, 0.5676436781609195, 0.5523475445223961, 0.5832434376123696, 0.6132406274812764, 0.5796835839598997]
2022-12-16 02:35:15,007|INFO|nn.computeOptunaObjective|Trial 76 timings:|7.4899595000000545
2022-12-16 02:35:15,007|INFO|nn.computeOptunaObjective|Trial 76 objective:|0.5
2022-12-16 02:35:22,342|INFO|nn.computeOptunaObjective|Trial 77 params:|{'n_layers': 4, 'architecture': 'outer', 'lr': 0.0001, 'n_epochs': 100}
2022-12-16 02:35:22,343|INFO|nn.computeOptunaObjective|Trial 77 balacc:|[0.5, 0.5, 0.5, 0.5, 0.5, 0.5, 0.5, 0.5, 0.5, 0.5, 0.5, 0.5, 0.5, 0.5, 0.5, 0.5]
2022-12-16 02:35:22,343|INFO|nn.computeOptunaObjective|Trial 77 rocauc:|[0.6546206455090628, 0.6673402092073204, 0.7138248847926267, 0.7671775898520085, 0.6007575757575758, 0.6086434573829532, 0.6816953491679705, 0.6388809504368417, 0.7205670734957097, 0.6965709521079786, 0.7665507315903095, 0.7255172413793104, 0.6409426155783414, 0.6659025530384753, 0.7141869997210241, 0.6919956140350878]
2022-12-16 02:35:22,343|INFO|nn.computeOptunaObjective|Trial 77 timings:|7.328626799999938
2022-12-16 02:35:22,343|INFO|nn.computeOptunaObjective|Trial 77 objective:|0.5
2022-12-16 02:35:36,444|INFO|nn.computeOptunaObjective|Trial 78 params:|{'n_layers': 2, 'architecture': 'linear', 'lr': 0.001, 'n_epochs': 200}
2022-12-16 02:35:36,444|INFO|nn.computeOptunaObjective|Trial 78 balacc:|[0.6730004716663298, 0.6969278399618957, 0.7052227342549923, 0.6754756871035941, 0.7560606060606061, 0.5960384153661464, 0.6230977101408051, 0.6334612558177513, 0.6349597612322123, 0.6910990671739017, 0.6699448308946989, 0.7099425287356322, 0.7052977154164418, 0.7460895361380798, 0.6790317388785168, 0.7099624060150376]
2022-12-16 02:35:36,444|INFO|nn.computeOptunaObjective|Trial 78 rocauc:|[0.7862610336230712, 0.7978328173374613, 0.8461597542242704, 0.8802854122621564, 0.8143939393939394, 0.6974789915966386, 0.7965083202958327, 0.7226157426308483, 0.8500772797527048, 0.8334983584345198, 0.8911009834492684, 0.859367816091954, 0.7924087066019069, 0.9185544768069039, 0.8241142513787849, 0.8273652882205513]
2022-12-16 02:35:36,444|INFO|nn.computeOptunaObjective|Trial 78 timings:|14.095290500000033
2022-12-16 02:35:36,444|INFO|nn.computeOptunaObjective|Trial 78 objective:|0.6816007690535402
2022-12-16 02:35:47,318|INFO|nn.computeOptunaObjective|Trial 79 params:|{'n_layers': 3, 'architecture': 'top', 'lr': 0.0001, 'n_epochs': 150}
2022-12-16 02:35:47,318|INFO|nn.computeOptunaObjective|Trial 79 balacc:|[0.5762246479347752, 0.6124645062011101, 0.6588325652841782, 0.5991014799154334, 0.6318181818181818, 0.6266506602641057, 0.5, 0.5, 0.5, 0.5661186096200949, 0.582993523626769, 0.6299425287356322, 0.6084727468969239, 0.5351941747572816, 0.6049743556728685, 0.6379385964912281]
2022-12-16 02:35:47,318|INFO|nn.computeOptunaObjective|Trial 79 rocauc:|[0.7353699211643421, 0.7464506201110154, 0.852073732718894, 0.9183403805496828, 0.7545454545454545, 0.73109243697479, 0.7257858057175367, 0.6730525843063608, 0.8165272078025901, 0.8037938402209598, 0.8497841208923003, 0.7933333333333334, 0.7452779276848354, 0.8222761596548004, 0.7935320500439924, 0.7823151629072682]
2022-12-16 02:35:47,318|INFO|nn.computeOptunaObjective|Trial 79 timings:|10.868562099999963
2022-12-16 02:35:47,318|INFO|nn.computeOptunaObjective|Trial 79 objective:|0.5856704110761615
2022-12-16 02:36:01,623|INFO|nn.computeOptunaObjective|Trial 80 params:|{'n_layers': 3, 'architecture': 'outer', 'lr': 0.001, 'n_epochs': 200}
2022-12-16 02:36:01,623|INFO|nn.computeOptunaObjective|Trial 80 balacc:|[0.6889899602452665, 0.7168245186582887, 0.7284178187403993, 0.7122093023255813, 0.6628787878787878, 0.6638655462184874, 0.6456051770729626, 0.6439127949701968, 0.6992884933113042, 0.7039970816613685, 0.7315303430079156, 0.7027586206896552, 0.7301223241590213, 0.7444714131607335, 0.6983261443378613, 0.7216165413533835]
2022-12-16 02:36:01,623|INFO|nn.computeOptunaObjective|Trial 80 rocauc:|[0.7977528468432047, 0.8001648744206495, 0.8337941628264208, 0.8985200845665963, 0.8037878787878788, 0.6650660264105641, 0.8116377471198974, 0.7438964644402711, 0.8528886638597238, 0.8516337485017458, 0.8831854161669465, 0.8579885057471264, 0.778872099298435, 0.9339266450916935, 0.8327710895083584, 0.8234335839598996]
2022-12-16 02:36:01,623|INFO|nn.computeOptunaObjective|Trial 80 timings:|14.298276400000077
2022-12-16 02:36:01,623|INFO|nn.computeOptunaObjective|Trial 80 objective:|0.6996759292369508
2022-12-16 02:36:12,794|INFO|nn.computeOptunaObjective|Trial 81 params:|{'n_layers': 4, 'architecture': 'outer', 'lr': 0.0001, 'n_epochs': 150}
2022-12-16 02:36:12,794|INFO|nn.computeOptunaObjective|Trial 81 balacc:|[0.5011185230105788, 0.5, 0.5, 0.5, 0.5287878787878788, 0.5294117647058824, 0.5035201251600057, 0.5044908957295664, 0.5235436763843735, 0.5, 0.5100443751499161, 0.5, 0.5, 0.5106526429341963, 0.5127084272194682, 0.5284774436090226]
2022-12-16 02:36:12,794|INFO|nn.computeOptunaObjective|Trial 81 rocauc:|[0.7104187723199246, 0.7212394892556836, 0.8262672811059908, 0.9090909090909092, 0.7303030303030302, 0.6986794717887155, 0.7141053904138813, 0.6618865844696661, 0.8005915898310504, 0.779300640992235, 0.8484048932597745, 0.7841379310344828, 0.7176650476704443, 0.7647428982380439, 0.7791712268503617, 0.7564558718224131]
2022-12-16 02:36:12,794|INFO|nn.computeOptunaObjective|Trial 81 timings:|11.164490699999988
2022-12-16 02:36:12,794|INFO|nn.computeOptunaObjective|Trial 81 objective:|0.5095472345431806
2022-12-16 02:36:26,826|INFO|nn.computeOptunaObjective|Trial 82 params:|{'n_layers': 2, 'architecture': 'bottom', 'lr': 0.0001, 'n_epochs': 200}
2022-12-16 02:36:26,826|INFO|nn.computeOptunaObjective|Trial 82 balacc:|[0.5283033488309413, 0.5589187901881401, 0.5517665130568357, 0.5, 0.5287878787878788, 0.5882352941176471, 0.5, 0.5, 0.5078478921281245, 0.5, 0.5454545454545454, 0.56, 0.5, 0.522923408845739, 0.5624906113865105, 0.5816729323308271]
2022-12-16 02:36:26,826|INFO|nn.computeOptunaObjective|Trial 82 rocauc:|[0.6791675089279698, 0.6983622474215473, 0.7634408602150538, 0.8062896405919662, 0.6651515151515152, 0.6746698679471789, 0.7069051344047788, 0.6530680983097901, 0.7398870116719074, 0.7049872322684871, 0.8036099784120894, 0.7674712643678161, 0.6572225220363375, 0.6912980942107155, 0.7533852657782356, 0.7496531507339778]
2022-12-16 02:36:26,826|INFO|nn.computeOptunaObjective|Trial 82 timings:|14.025108799999998
2022-12-16 02:36:26,826|INFO|nn.computeOptunaObjective|Trial 82 objective:|0.5335250759454494
2022-12-16 02:36:37,862|INFO|nn.computeOptunaObjective|Trial 83 params:|{'n_layers': 4, 'architecture': 'inner', 'lr': 0.001, 'n_epochs': 150}
2022-12-16 02:36:37,862|INFO|nn.computeOptunaObjective|Trial 83 balacc:|[0.7010309278350515, 0.7317603092311357, 0.8033794162826421, 0.8596723044397463, 0.7598484848484848, 0.6830732292917168, 0.6554544161570189, 0.658222421817588, 0.7049379097159303, 0.7233310750951065, 0.7357879587431038, 0.7626436781609196, 0.7417701025364274, 0.8255124056094929, 0.7174338505118135, 0.7330200501253132]
2022-12-16 02:36:37,862|INFO|nn.computeOptunaObjective|Trial 83 rocauc:|[0.8155397210430564, 0.8102020627621961, 0.8658218125960061, 0.9238900634249472, 0.7924242424242424, 0.7070828331332533, 0.7922237235101693, 0.750581775128603, 0.8391781698022704, 0.8518422012611393, 0.8627368673542817, 0.8403735632183907, 0.7807159561072136, 0.9269147788565264, 0.8375008047382992, 0.8150577336197636]
2022-12-16 02:36:37,862|INFO|nn.computeOptunaObjective|Trial 83 timings:|11.037620199999992
2022-12-16 02:36:37,862|INFO|nn.computeOptunaObjective|Trial 83 objective:|0.7373049087750931
2022-12-16 02:36:44,989|INFO|nn.computeOptunaObjective|Trial 84 params:|{'n_layers': 3, 'architecture': 'bottom', 'lr': 0.0001, 'n_epochs': 100}
2022-12-16 02:36:44,989|INFO|nn.computeOptunaObjective|Trial 84 balacc:|[0.5, 0.5, 0.5, 0.5, 0.5, 0.5, 0.5, 0.5, 0.5, 0.5, 0.5, 0.5, 0.5, 0.5, 0.5, 0.4994047619047619]
2022-12-16 02:36:44,989|INFO|nn.computeOptunaObjective|Trial 84 rocauc:|[0.5852553736271141, 0.5931723670470992, 0.6003072196620584, 0.6091437632135307, 0.5098484848484849, 0.5846338535414165, 0.6595612288436922, 0.6180595247815791, 0.5406384906464852, 0.5605034134139351, 0.5616454785320221, 0.5401149425287357, 0.5406547940277028, 0.5667026249550522, 0.5871542307774845, 0.5598259040458288]
2022-12-16 02:36:44,989|INFO|nn.computeOptunaObjective|Trial 84 timings:|7.112087299999985
2022-12-16 02:36:44,989|INFO|nn.computeOptunaObjective|Trial 84 objective:|0.4999627976190476
2022-12-16 02:36:52,396|INFO|nn.computeOptunaObjective|Trial 85 params:|{'n_layers': 4, 'architecture': 'linear', 'lr': 0.001, 'n_epochs': 100}
2022-12-16 02:36:52,396|INFO|nn.computeOptunaObjective|Trial 85 balacc:|[0.6744491611077421, 0.7209665304926081, 0.7998463901689707, 0.7716701902748414, 0.731060606060606, 0.6434573829531813, 0.5063291139240507, 0.5636686535478076, 0.7127858018440548, 0.739460107353171, 0.7484708563204605, 0.7055172413793103, 0.7402410505486599, 0.8303667745415317, 0.716970321251529, 0.743421052631579]
2022-12-16 02:36:52,396|INFO|nn.computeOptunaObjective|Trial 85 rocauc:|[0.8057324304292164, 0.8067470276805834, 0.8771121351766512, 0.9201902748414377, 0.8037878787878788, 0.7070828331332533, 0.7701962736452852, 0.7326590185351515, 0.8387784469434526, 0.8422533743290426, 0.8654353562005277, 0.8330459770114942, 0.7762187443784854, 0.9240381157856885, 0.8319577673340629, 0.8064648227712137]
2022-12-16 02:36:52,396|INFO|nn.computeOptunaObjective|Trial 85 timings:|7.400283700000045
2022-12-16 02:36:52,396|INFO|nn.computeOptunaObjective|Trial 85 objective:|0.7092925771500065
2022-12-16 02:37:03,198|INFO|nn.computeOptunaObjective|Trial 86 params:|{'n_layers': 3, 'architecture': 'linear', 'lr': 0.001, 'n_epochs': 150}
2022-12-16 02:37:03,198|INFO|nn.computeOptunaObjective|Trial 86 balacc:|[0.7042989016912606, 0.7214684815065858, 0.6820276497695852, 0.7489429175475687, 0.7560606060606061, 0.624249699879952, 0.6427872991039681, 0.6424022209520699, 0.7055907903853329, 0.7144848611183491, 0.7188474454305589, 0.715632183908046, 0.7285932721712538, 0.7829018338727076, 0.6892358205111697, 0.7143170426065163]
2022-12-16 02:37:03,198|INFO|nn.computeOptunaObjective|Trial 86 rocauc:|[0.8051832760595647, 0.8096561452360452, 0.853225806451613, 0.9060517970401691, 0.8303030303030303, 0.6818727490996399, 0.807282036694638, 0.7202274026292154, 0.8479987208868518, 0.8700557611131378, 0.8835452146797793, 0.8699425287356322, 0.770102536427415, 0.9301959726717007, 0.8417026116440267, 0.8328992123165055]
2022-12-16 02:37:03,198|INFO|nn.computeOptunaObjective|Trial 86 timings:|10.799713200000042
2022-12-16 02:37:03,198|INFO|nn.computeOptunaObjective|Trial 86 objective:|0.7057400641572207
2022-12-16 02:37:10,603|INFO|nn.computeOptunaObjective|Trial 87 params:|{'n_layers': 4, 'architecture': 'inner', 'lr': 0.0001, 'n_epochs': 100}
2022-12-16 02:37:10,603|INFO|nn.computeOptunaObjective|Trial 87 balacc:|[0.5, 0.5, 0.5, 0.5, 0.5, 0.5, 0.5, 0.5, 0.5, 0.5, 0.5, 0.5, 0.5, 0.5, 0.5, 0.5]
2022-12-16 02:37:10,603|INFO|nn.computeOptunaObjective|Trial 87 rocauc:|[0.6668031129977764, 0.6807646509242128, 0.7419354838709677, 0.8078752642706131, 0.6128787878787878, 0.6254501800720289, 0.6808242070829186, 0.639432105821834, 0.7446836859777222, 0.7232268487154099, 0.8004317582153994, 0.7575862068965518, 0.6563230796905919, 0.6978604818410643, 0.7341359256636408, 0.715218850698174]
2022-12-16 02:37:10,603|INFO|nn.computeOptunaObjective|Trial 87 timings:|7.392782099999977
2022-12-16 02:37:10,603|INFO|nn.computeOptunaObjective|Trial 87 objective:|0.5
2022-12-16 02:37:25,482|INFO|nn.computeOptunaObjective|Trial 88 params:|{'n_layers': 4, 'architecture': 'bottom', 'lr': 0.0001, 'n_epochs': 200}
2022-12-16 02:37:25,482|INFO|nn.computeOptunaObjective|Trial 88 balacc:|[0.5276228016979988, 0.5, 0.5, 0.5, 0.5946969696969697, 0.5678271308523409, 0.5, 0.5, 0.5643287320790918, 0.5, 0.5716298872631327, 0.5, 0.5, 0.5, 0.5612523873902874, 0.5987781954887218]
2022-12-16 02:37:25,482|INFO|nn.computeOptunaObjective|Trial 88 rocauc:|[0.6806397816858704, 0.6928554417718504, 0.7786482334869431, 0.855708245243129, 0.6787878787878788, 0.6470588235294117, 0.705216185464372, 0.6501081897607577, 0.759819858231626, 0.7221324717285946, 0.8099664188054689, 0.7518390804597701, 0.6694549379384781, 0.6899496583962603, 0.7520848086868817, 0.7400980128893662]
2022-12-16 02:37:25,482|INFO|nn.computeOptunaObjective|Trial 88 timings:|14.876911000000064
2022-12-16 02:37:25,482|INFO|nn.computeOptunaObjective|Trial 88 objective:|0.530383506529284
2022-12-16 02:37:36,774|INFO|nn.computeOptunaObjective|Trial 89 params:|{'n_layers': 4, 'architecture': 'outer', 'lr': 0.001, 'n_epochs': 150}
2022-12-16 02:37:36,774|INFO|nn.computeOptunaObjective|Trial 89 balacc:|[0.6897581025537363, 0.7158206166303331, 0.7712749615975423, 0.8398520084566596, 0.693939393939394, 0.624249699879952, 0.6083238515147205, 0.6079448028088512, 0.6970900175878059, 0.729793110636302, 0.7410650035979851, 0.7455172413793103, 0.7123583378305451, 0.7625404530744337, 0.7128886885984678, 0.7324561403508771]
2022-12-16 02:37:36,774|INFO|nn.computeOptunaObjective|Trial 89 rocauc:|[0.8111380634728117, 0.8080806785498378, 0.870353302611367, 0.9204545454545454, 0.8246212121212122, 0.6914765906362544, 0.8023040819229128, 0.7374356985384175, 0.8299045994776955, 0.8452238261503986, 0.8723614775725593, 0.8386781609195403, 0.7880014391077532, 0.9251168644372528, 0.8325715144101805, 0.8128378983172216]
2022-12-16 02:37:36,774|INFO|nn.computeOptunaObjective|Trial 89 timings:|11.280158400000005
2022-12-16 02:37:36,774|INFO|nn.computeOptunaObjective|Trial 89 objective:|0.7115545269023072
2022-12-16 02:37:36,779|INFO|mtg.runMTGExperiment|Best trial number:|83
2022-12-16 02:37:36,779|INFO|mtg.runMTGExperiment|Best trial objective:|0.7373049087750931
2022-12-16 02:37:36,779|INFO|mtg.runMTGExperiment|Best trial params:|{'n_layers': 4, 'architecture': 'inner', 'lr': 0.001, 'n_epochs': 150}
2022-12-16 02:37:36,834|INFO|nn.loadModellingDataset|Trainval descriptors loaded (features, instances):|1024|8154
2022-12-16 02:37:36,834|INFO|nn.loadModellingDataset|Trainval endpoints loaded (tasks, instances):|16|8154
2022-12-16 02:37:36,844|INFO|nn.loadModellingDataset|Test descriptors loaded (features, instances):|1024|2281
2022-12-16 02:37:36,844|INFO|nn.loadModellingDataset|Test endpoints loaded (tasks, instances):|16|2281
2022-12-16 02:37:36,844|INFO|mtg.runMTGExperiment|Final neural network hyperparams:|{'n_layers': 4, 'architecture': 'inner', 'lr': 0.001, 'n_epochs': 150, 'best_trial_num': 83}
2022-12-16 02:37:48,817|INFO|nn.testFinalModel|Final model test balacc:|[0.8060724163942671, 0.820524287876703, 0.8595238095238096, 0.6714975845410628, 0.7569444444444444, 0.8045112781954887, 0.722094298245614, 0.7664281067013663, 0.8579822058082928, 0.7498785425101215, 0.7809597523219814, 0.8998201438848921, 0.7847915443335292, 0.8329493087557605, 0.8270408163265306, 0.8190420035938903]
2022-12-16 02:37:48,817|INFO|nn.testFinalModel|Final model test rocauc:|[0.9144874696169644, 0.9356795559836705, 0.9542857142857143, 0.932367149758454, 0.875, 0.9022556390977443, 0.9422149122807018, 0.9381912817176318, 0.9477925130099043, 0.9497975708502024, 0.9276315789473684, 0.9856115107913669, 0.9577216676453317, 0.9210829493087558, 0.944468313641246, 0.9510332434860738]
2022-12-16 02:37:48,843|INFO|mtg.runMTGExperiment|Mechanistic task grouping experiment timing:|997.6841556999999
2022-12-16 02:37:48,843|INFO|mtg.runMTGExperiment|DONE
