2022-12-16 01:35:37,639|INFO|__main__.startLogging|>>>> START LOGGING A GMTAMES EXPERIMENT
2022-12-16 01:35:37,639|INFO|__main__.startLogging|mode:|mtg
2022-12-16 01:35:37,639|INFO|__main__.startLogging|tasks:|TA104
2022-12-16 01:35:37,639|INFO|__main__.startLogging|output:|mtg_experiment
2022-12-16 01:35:37,639|INFO|__main__.startLogging|device:|titanv
2022-12-16 01:35:37,639|INFO|__main__.startLogging|DONE
2022-12-16 01:35:37,639|INFO|mtg.runMTGExperiment|>>>> RUNNING MECHANISTIC TASK GROUPING EXPERIMENT
2022-12-16 01:35:37,639|INFO|data.generateModellingDatasets|>>>> GENERATING MODELLING DATASETS
2022-12-16 01:35:37,655|INFO|data.generateModellingDatasets|Task list parsed:|['TA104']
2022-12-16 01:35:37,792|INFO|data.generateModellingDatasets|Modelling train dataset generated: (rows, columns)|295|1026
2022-12-16 01:35:37,795|INFO|data.generateModellingDatasets|Modelling val dataset generated: (rows, columns)|82|1026
2022-12-16 01:35:37,801|INFO|data.generateModellingDatasets|Modelling trainval dataset generated: (rows, columns)|377|1026
2022-12-16 01:35:37,801|INFO|data.generateModellingDatasets|Modelling test dataset generated: (rows, columns)|33|1026
2022-12-16 01:35:37,801|INFO|data.generateModellingDatasets|Modelling datasets generation timing:|0.1515388999999998
2022-12-16 01:35:37,801|INFO|data.generateModellingDatasets|DONE
2022-12-16 01:35:37,801|INFO|mtg.runMTGExperiment|Device confirmed:|cuda:0
2022-12-16 01:35:38,857|INFO|nn.loadModellingDataset|Train descriptors loaded (features, instances):|1024|295
2022-12-16 01:35:38,857|INFO|nn.loadModellingDataset|Train endpoints loaded (tasks, instances):|1|295
2022-12-16 01:35:38,857|INFO|nn.loadModellingDataset|Val descriptors loaded (features, instances):|1024|82
2022-12-16 01:35:38,857|INFO|nn.loadModellingDataset|Val endpoints loaded (tasks, instances):|1|82
2022-12-16 01:35:40,078|INFO|nn.computeOptunaObjective|Trial 0 params:|{'n_layers': 2, 'architecture': 'top', 'lr': 0.001, 'n_epochs': 200}
2022-12-16 01:35:40,078|INFO|nn.computeOptunaObjective|Trial 0 balacc:|[0.6628787878787878]
2022-12-16 01:35:40,078|INFO|nn.computeOptunaObjective|Trial 0 rocauc:|[0.7151515151515152]
2022-12-16 01:35:40,078|INFO|nn.computeOptunaObjective|Trial 0 timings:|1.2161553000000005
2022-12-16 01:35:40,078|INFO|nn.computeOptunaObjective|Trial 0 objective:|0.6628787878787878
2022-12-16 01:35:40,578|INFO|nn.computeOptunaObjective|Trial 1 params:|{'n_layers': 4, 'architecture': 'top', 'lr': 0.001, 'n_epochs': 100}
2022-12-16 01:35:40,578|INFO|nn.computeOptunaObjective|Trial 1 balacc:|[0.6416666666666666]
2022-12-16 01:35:40,578|INFO|nn.computeOptunaObjective|Trial 1 rocauc:|[0.6962121212121212]
2022-12-16 01:35:40,578|INFO|nn.computeOptunaObjective|Trial 1 timings:|0.5045577999999997
2022-12-16 01:35:40,578|INFO|nn.computeOptunaObjective|Trial 1 objective:|0.6416666666666666
2022-12-16 01:35:41,003|INFO|nn.computeOptunaObjective|Trial 2 params:|{'n_layers': 3, 'architecture': 'outer', 'lr': 0.001, 'n_epochs': 100}
2022-12-16 01:35:41,003|INFO|nn.computeOptunaObjective|Trial 2 balacc:|[0.6628787878787878]
2022-12-16 01:35:41,003|INFO|nn.computeOptunaObjective|Trial 2 rocauc:|[0.7083333333333333]
2022-12-16 01:35:41,003|INFO|nn.computeOptunaObjective|Trial 2 timings:|0.4165732000000002
2022-12-16 01:35:41,003|INFO|nn.computeOptunaObjective|Trial 2 objective:|0.6628787878787878
2022-12-16 01:35:41,433|INFO|nn.computeOptunaObjective|Trial 3 params:|{'n_layers': 4, 'architecture': 'bottom', 'lr': 0.0001, 'n_epochs': 100}
2022-12-16 01:35:41,433|INFO|nn.computeOptunaObjective|Trial 3 balacc:|[0.5681818181818181]
2022-12-16 01:35:41,433|INFO|nn.computeOptunaObjective|Trial 3 rocauc:|[0.665151515151515]
2022-12-16 01:35:41,433|INFO|nn.computeOptunaObjective|Trial 3 timings:|0.43375129999999995
2022-12-16 01:35:41,433|INFO|nn.computeOptunaObjective|Trial 3 objective:|0.5681818181818181
2022-12-16 01:35:41,959|INFO|nn.computeOptunaObjective|Trial 4 params:|{'n_layers': 2, 'architecture': 'bottom', 'lr': 0.001, 'n_epochs': 150}
2022-12-16 01:35:41,959|INFO|nn.computeOptunaObjective|Trial 4 balacc:|[0.6712121212121213]
2022-12-16 01:35:41,959|INFO|nn.computeOptunaObjective|Trial 4 rocauc:|[0.6916666666666667]
2022-12-16 01:35:41,959|INFO|nn.computeOptunaObjective|Trial 4 timings:|0.5213289000000003
2022-12-16 01:35:41,959|INFO|nn.computeOptunaObjective|Trial 4 objective:|0.6712121212121213
2022-12-16 01:35:42,779|INFO|nn.computeOptunaObjective|Trial 5 params:|{'n_layers': 3, 'architecture': 'outer', 'lr': 0.0001, 'n_epochs': 200}
2022-12-16 01:35:42,779|INFO|nn.computeOptunaObjective|Trial 5 balacc:|[0.6424242424242425]
2022-12-16 01:35:42,779|INFO|nn.computeOptunaObjective|Trial 5 rocauc:|[0.6886363636363637]
2022-12-16 01:35:42,779|INFO|nn.computeOptunaObjective|Trial 5 timings:|0.8154459999999997
2022-12-16 01:35:42,779|INFO|nn.computeOptunaObjective|Trial 5 objective:|0.6424242424242425
2022-12-16 01:35:43,245|INFO|nn.computeOptunaObjective|Trial 6 params:|{'n_layers': 4, 'architecture': 'top', 'lr': 0.0001, 'n_epochs': 100}
2022-12-16 01:35:43,245|INFO|nn.computeOptunaObjective|Trial 6 balacc:|[0.6196969696969696]
2022-12-16 01:35:43,245|INFO|nn.computeOptunaObjective|Trial 6 rocauc:|[0.6901515151515152]
2022-12-16 01:35:43,245|INFO|nn.computeOptunaObjective|Trial 6 timings:|0.46407129999999963
2022-12-16 01:35:43,245|INFO|nn.computeOptunaObjective|Trial 6 objective:|0.6196969696969696
2022-12-16 01:35:43,615|INFO|nn.computeOptunaObjective|Trial 7 params:|{'n_layers': 3, 'architecture': 'bottom', 'lr': 0.001, 'n_epochs': 100}
2022-12-16 01:35:43,615|INFO|nn.computeOptunaObjective|Trial 7 balacc:|[0.6401515151515151]
2022-12-16 01:35:43,615|INFO|nn.computeOptunaObjective|Trial 7 rocauc:|[0.7]
2022-12-16 01:35:43,615|INFO|nn.computeOptunaObjective|Trial 7 timings:|0.3775348000000003
2022-12-16 01:35:43,615|INFO|nn.computeOptunaObjective|Trial 7 objective:|0.6401515151515151
2022-12-16 01:35:44,070|INFO|nn.computeOptunaObjective|Trial 8 params:|{'n_layers': 3, 'architecture': 'linear', 'lr': 0.0001, 'n_epochs': 100}
2022-12-16 01:35:44,071|INFO|nn.computeOptunaObjective|Trial 8 balacc:|[0.6280303030303029]
2022-12-16 01:35:44,071|INFO|nn.computeOptunaObjective|Trial 8 rocauc:|[0.6719696969696971]
2022-12-16 01:35:44,071|INFO|nn.computeOptunaObjective|Trial 8 timings:|0.44418800000000047
2022-12-16 01:35:44,071|INFO|nn.computeOptunaObjective|Trial 8 objective:|0.6280303030303029
2022-12-16 01:35:44,600|INFO|nn.computeOptunaObjective|Trial 9 params:|{'n_layers': 2, 'architecture': 'bottom', 'lr': 0.0001, 'n_epochs': 150}
2022-12-16 01:35:44,600|INFO|nn.computeOptunaObjective|Trial 9 balacc:|[0.6424242424242425]
2022-12-16 01:35:44,600|INFO|nn.computeOptunaObjective|Trial 9 rocauc:|[0.678030303030303]
2022-12-16 01:35:44,600|INFO|nn.computeOptunaObjective|Trial 9 timings:|0.5342386000000001
2022-12-16 01:35:44,600|INFO|nn.computeOptunaObjective|Trial 9 objective:|0.6424242424242425
2022-12-16 01:35:45,313|INFO|nn.computeOptunaObjective|Trial 10 params:|{'n_layers': 2, 'architecture': 'bottom', 'lr': 0.001, 'n_epochs': 200}
2022-12-16 01:35:45,313|INFO|nn.computeOptunaObjective|Trial 10 balacc:|[0.6628787878787878]
2022-12-16 01:35:45,313|INFO|nn.computeOptunaObjective|Trial 10 rocauc:|[0.6886363636363637]
2022-12-16 01:35:45,313|INFO|nn.computeOptunaObjective|Trial 10 timings:|0.7039291999999993
2022-12-16 01:35:45,313|INFO|nn.computeOptunaObjective|Trial 10 objective:|0.6628787878787878
2022-12-16 01:35:45,949|INFO|nn.computeOptunaObjective|Trial 11 params:|{'n_layers': 4, 'architecture': 'linear', 'lr': 0.001, 'n_epochs': 150}
2022-12-16 01:35:45,949|INFO|nn.computeOptunaObjective|Trial 11 balacc:|[0.6234848484848485]
2022-12-16 01:35:45,950|INFO|nn.computeOptunaObjective|Trial 11 rocauc:|[0.7053030303030303]
2022-12-16 01:35:45,950|INFO|nn.computeOptunaObjective|Trial 11 timings:|0.6341953
2022-12-16 01:35:45,950|INFO|nn.computeOptunaObjective|Trial 11 objective:|0.6234848484848485
2022-12-16 01:35:46,700|INFO|nn.computeOptunaObjective|Trial 12 params:|{'n_layers': 2, 'architecture': 'outer', 'lr': 0.001, 'n_epochs': 200}
2022-12-16 01:35:46,700|INFO|nn.computeOptunaObjective|Trial 12 balacc:|[0.6401515151515151]
2022-12-16 01:35:46,701|INFO|nn.computeOptunaObjective|Trial 12 rocauc:|[0.7068181818181818]
2022-12-16 01:35:46,701|INFO|nn.computeOptunaObjective|Trial 12 timings:|0.7483624999999989
2022-12-16 01:35:46,701|INFO|nn.computeOptunaObjective|Trial 12 objective:|0.6401515151515151
2022-12-16 01:35:47,458|INFO|nn.computeOptunaObjective|Trial 13 params:|{'n_layers': 2, 'architecture': 'inner', 'lr': 0.001, 'n_epochs': 200}
2022-12-16 01:35:47,458|INFO|nn.computeOptunaObjective|Trial 13 balacc:|[0.6628787878787878]
2022-12-16 01:35:47,458|INFO|nn.computeOptunaObjective|Trial 13 rocauc:|[0.7068181818181818]
2022-12-16 01:35:47,458|INFO|nn.computeOptunaObjective|Trial 13 timings:|0.7554621000000008
2022-12-16 01:35:47,458|INFO|nn.computeOptunaObjective|Trial 13 objective:|0.6628787878787878
2022-12-16 01:35:48,260|INFO|nn.computeOptunaObjective|Trial 14 params:|{'n_layers': 3, 'architecture': 'linear', 'lr': 0.0001, 'n_epochs': 200}
2022-12-16 01:35:48,260|INFO|nn.computeOptunaObjective|Trial 14 balacc:|[0.6424242424242425]
2022-12-16 01:35:48,260|INFO|nn.computeOptunaObjective|Trial 14 rocauc:|[0.6916666666666667]
2022-12-16 01:35:48,260|INFO|nn.computeOptunaObjective|Trial 14 timings:|0.7990744000000003
2022-12-16 01:35:48,260|INFO|nn.computeOptunaObjective|Trial 14 objective:|0.6424242424242425
2022-12-16 01:35:48,880|INFO|nn.computeOptunaObjective|Trial 15 params:|{'n_layers': 3, 'architecture': 'outer', 'lr': 0.0001, 'n_epochs': 150}
2022-12-16 01:35:48,880|INFO|nn.computeOptunaObjective|Trial 15 balacc:|[0.6424242424242425]
2022-12-16 01:35:48,880|INFO|nn.computeOptunaObjective|Trial 15 rocauc:|[0.678030303030303]
2022-12-16 01:35:48,880|INFO|nn.computeOptunaObjective|Trial 15 timings:|0.6244358999999999
2022-12-16 01:35:48,880|INFO|nn.computeOptunaObjective|Trial 15 objective:|0.6424242424242425
2022-12-16 01:35:49,426|INFO|nn.computeOptunaObjective|Trial 16 params:|{'n_layers': 2, 'architecture': 'inner', 'lr': 0.0001, 'n_epochs': 150}
2022-12-16 01:35:49,427|INFO|nn.computeOptunaObjective|Trial 16 balacc:|[0.6424242424242425]
2022-12-16 01:35:49,427|INFO|nn.computeOptunaObjective|Trial 16 rocauc:|[0.6833333333333332]
2022-12-16 01:35:49,427|INFO|nn.computeOptunaObjective|Trial 16 timings:|0.5374569000000005
2022-12-16 01:35:49,427|INFO|nn.computeOptunaObjective|Trial 16 objective:|0.6424242424242425
2022-12-16 01:35:49,960|INFO|nn.computeOptunaObjective|Trial 17 params:|{'n_layers': 2, 'architecture': 'linear', 'lr': 0.001, 'n_epochs': 150}
2022-12-16 01:35:49,960|INFO|nn.computeOptunaObjective|Trial 17 balacc:|[0.6174242424242424]
2022-12-16 01:35:49,960|INFO|nn.computeOptunaObjective|Trial 17 rocauc:|[0.7022727272727273]
2022-12-16 01:35:49,960|INFO|nn.computeOptunaObjective|Trial 17 timings:|0.5309942000000003
2022-12-16 01:35:49,960|INFO|nn.computeOptunaObjective|Trial 17 objective:|0.6174242424242424
2022-12-16 01:35:50,846|INFO|nn.computeOptunaObjective|Trial 18 params:|{'n_layers': 4, 'architecture': 'linear', 'lr': 0.001, 'n_epochs': 200}
2022-12-16 01:35:50,847|INFO|nn.computeOptunaObjective|Trial 18 balacc:|[0.6401515151515151]
2022-12-16 01:35:50,847|INFO|nn.computeOptunaObjective|Trial 18 rocauc:|[0.7056818181818182]
2022-12-16 01:35:50,847|INFO|nn.computeOptunaObjective|Trial 18 timings:|0.8837785
2022-12-16 01:35:50,847|INFO|nn.computeOptunaObjective|Trial 18 objective:|0.6401515151515151
2022-12-16 01:35:51,254|INFO|nn.computeOptunaObjective|Trial 19 params:|{'n_layers': 3, 'architecture': 'top', 'lr': 0.001, 'n_epochs': 100}
2022-12-16 01:35:51,254|INFO|nn.computeOptunaObjective|Trial 19 balacc:|[0.6234848484848485]
2022-12-16 01:35:51,254|INFO|nn.computeOptunaObjective|Trial 19 rocauc:|[0.7128787878787879]
2022-12-16 01:35:51,254|INFO|nn.computeOptunaObjective|Trial 19 timings:|0.41449159999999985
2022-12-16 01:35:51,254|INFO|nn.computeOptunaObjective|Trial 19 objective:|0.6234848484848485
2022-12-16 01:35:52,061|INFO|nn.computeOptunaObjective|Trial 20 params:|{'n_layers': 3, 'architecture': 'top', 'lr': 0.0001, 'n_epochs': 200}
2022-12-16 01:35:52,061|INFO|nn.computeOptunaObjective|Trial 20 balacc:|[0.6507575757575758]
2022-12-16 01:35:52,061|INFO|nn.computeOptunaObjective|Trial 20 rocauc:|[0.6946969696969696]
2022-12-16 01:35:52,061|INFO|nn.computeOptunaObjective|Trial 20 timings:|0.7950744999999984
2022-12-16 01:35:52,061|INFO|nn.computeOptunaObjective|Trial 20 objective:|0.6507575757575758
2022-12-16 01:35:52,689|INFO|nn.computeOptunaObjective|Trial 21 params:|{'n_layers': 3, 'architecture': 'outer', 'lr': 0.001, 'n_epochs': 150}
2022-12-16 01:35:52,689|INFO|nn.computeOptunaObjective|Trial 21 balacc:|[0.6401515151515151]
2022-12-16 01:35:52,689|INFO|nn.computeOptunaObjective|Trial 21 rocauc:|[0.7045454545454545]
2022-12-16 01:35:52,689|INFO|nn.computeOptunaObjective|Trial 21 timings:|0.6251829999999998
2022-12-16 01:35:52,689|INFO|nn.computeOptunaObjective|Trial 21 objective:|0.6401515151515151
2022-12-16 01:35:53,127|INFO|nn.computeOptunaObjective|Trial 22 params:|{'n_layers': 4, 'architecture': 'inner', 'lr': 0.001, 'n_epochs': 100}
2022-12-16 01:35:53,127|INFO|nn.computeOptunaObjective|Trial 22 balacc:|[0.6234848484848485]
2022-12-16 01:35:53,127|INFO|nn.computeOptunaObjective|Trial 22 rocauc:|[0.6946969696969697]
2022-12-16 01:35:53,127|INFO|nn.computeOptunaObjective|Trial 22 timings:|0.4355209000000002
2022-12-16 01:35:53,127|INFO|nn.computeOptunaObjective|Trial 22 objective:|0.6234848484848485
2022-12-16 01:35:53,815|INFO|nn.computeOptunaObjective|Trial 23 params:|{'n_layers': 4, 'architecture': 'top', 'lr': 0.001, 'n_epochs': 150}
2022-12-16 01:35:53,816|INFO|nn.computeOptunaObjective|Trial 23 balacc:|[0.6651515151515152]
2022-12-16 01:35:53,816|INFO|nn.computeOptunaObjective|Trial 23 rocauc:|[0.7178030303030303]
2022-12-16 01:35:53,816|INFO|nn.computeOptunaObjective|Trial 23 timings:|0.6848992000000003
2022-12-16 01:35:53,816|INFO|nn.computeOptunaObjective|Trial 23 objective:|0.6651515151515152
2022-12-16 01:35:54,584|INFO|nn.computeOptunaObjective|Trial 24 params:|{'n_layers': 2, 'architecture': 'inner', 'lr': 0.0001, 'n_epochs': 200}
2022-12-16 01:35:54,584|INFO|nn.computeOptunaObjective|Trial 24 balacc:|[0.634090909090909]
2022-12-16 01:35:54,584|INFO|nn.computeOptunaObjective|Trial 24 rocauc:|[0.6878787878787879]
2022-12-16 01:35:54,584|INFO|nn.computeOptunaObjective|Trial 24 timings:|0.7740963999999977
2022-12-16 01:35:54,584|INFO|nn.computeOptunaObjective|Trial 24 objective:|0.634090909090909
2022-12-16 01:35:55,341|INFO|nn.computeOptunaObjective|Trial 25 params:|{'n_layers': 3, 'architecture': 'bottom', 'lr': 0.0001, 'n_epochs': 200}
2022-12-16 01:35:55,341|INFO|nn.computeOptunaObjective|Trial 25 balacc:|[0.6257575757575757]
2022-12-16 01:35:55,341|INFO|nn.computeOptunaObjective|Trial 25 rocauc:|[0.6833333333333333]
2022-12-16 01:35:55,341|INFO|nn.computeOptunaObjective|Trial 25 timings:|0.7486458999999996
2022-12-16 01:35:55,341|INFO|nn.computeOptunaObjective|Trial 25 objective:|0.6257575757575757
2022-12-16 01:35:55,900|INFO|nn.computeOptunaObjective|Trial 26 params:|{'n_layers': 2, 'architecture': 'outer', 'lr': 0.0001, 'n_epochs': 150}
2022-12-16 01:35:55,900|INFO|nn.computeOptunaObjective|Trial 26 balacc:|[0.6424242424242425]
2022-12-16 01:35:55,900|INFO|nn.computeOptunaObjective|Trial 26 rocauc:|[0.6871212121212121]
2022-12-16 01:35:55,900|INFO|nn.computeOptunaObjective|Trial 26 timings:|0.5535799000000026
2022-12-16 01:35:55,900|INFO|nn.computeOptunaObjective|Trial 26 objective:|0.6424242424242425
2022-12-16 01:35:56,299|INFO|nn.computeOptunaObjective|Trial 27 params:|{'n_layers': 3, 'architecture': 'inner', 'lr': 0.0001, 'n_epochs': 100}
2022-12-16 01:35:56,299|INFO|nn.computeOptunaObjective|Trial 27 balacc:|[0.6280303030303029]
2022-12-16 01:35:56,299|INFO|nn.computeOptunaObjective|Trial 27 rocauc:|[0.675]
2022-12-16 01:35:56,299|INFO|nn.computeOptunaObjective|Trial 27 timings:|0.40213159999999704
2022-12-16 01:35:56,299|INFO|nn.computeOptunaObjective|Trial 27 objective:|0.6280303030303029
2022-12-16 01:35:56,924|INFO|nn.computeOptunaObjective|Trial 28 params:|{'n_layers': 3, 'architecture': 'top', 'lr': 0.001, 'n_epochs': 150}
2022-12-16 01:35:56,924|INFO|nn.computeOptunaObjective|Trial 28 balacc:|[0.6318181818181818]
2022-12-16 01:35:56,924|INFO|nn.computeOptunaObjective|Trial 28 rocauc:|[0.7166666666666667]
2022-12-16 01:35:56,924|INFO|nn.computeOptunaObjective|Trial 28 timings:|0.6217338999999988
2022-12-16 01:35:56,924|INFO|nn.computeOptunaObjective|Trial 28 objective:|0.6318181818181818
2022-12-16 01:35:57,384|INFO|nn.computeOptunaObjective|Trial 29 params:|{'n_layers': 4, 'architecture': 'outer', 'lr': 0.001, 'n_epochs': 100}
2022-12-16 01:35:57,384|INFO|nn.computeOptunaObjective|Trial 29 balacc:|[0.6234848484848485]
2022-12-16 01:35:57,384|INFO|nn.computeOptunaObjective|Trial 29 rocauc:|[0.703409090909091]
2022-12-16 01:35:57,384|INFO|nn.computeOptunaObjective|Trial 29 timings:|0.4576828000000006
2022-12-16 01:35:57,384|INFO|nn.computeOptunaObjective|Trial 29 objective:|0.6234848484848485
2022-12-16 01:35:58,247|INFO|nn.computeOptunaObjective|Trial 30 params:|{'n_layers': 4, 'architecture': 'linear', 'lr': 0.0001, 'n_epochs': 200}
2022-12-16 01:35:58,247|INFO|nn.computeOptunaObjective|Trial 30 balacc:|[0.6424242424242425]
2022-12-16 01:35:58,247|INFO|nn.computeOptunaObjective|Trial 30 rocauc:|[0.7007575757575757]
2022-12-16 01:35:58,247|INFO|nn.computeOptunaObjective|Trial 30 timings:|0.8513190000000002
2022-12-16 01:35:58,247|INFO|nn.computeOptunaObjective|Trial 30 objective:|0.6424242424242425
2022-12-16 01:35:58,664|INFO|nn.computeOptunaObjective|Trial 31 params:|{'n_layers': 3, 'architecture': 'top', 'lr': 0.0001, 'n_epochs': 100}
2022-12-16 01:35:58,664|INFO|nn.computeOptunaObjective|Trial 31 balacc:|[0.6196969696969696]
2022-12-16 01:35:58,664|INFO|nn.computeOptunaObjective|Trial 31 rocauc:|[0.6878787878787879]
2022-12-16 01:35:58,664|INFO|nn.computeOptunaObjective|Trial 31 timings:|0.41438530000000284
2022-12-16 01:35:58,664|INFO|nn.computeOptunaObjective|Trial 31 objective:|0.6196969696969696
2022-12-16 01:35:59,525|INFO|nn.computeOptunaObjective|Trial 32 params:|{'n_layers': 4, 'architecture': 'inner', 'lr': 0.001, 'n_epochs': 200}
2022-12-16 01:35:59,525|INFO|nn.computeOptunaObjective|Trial 32 balacc:|[0.6666666666666667]
2022-12-16 01:35:59,525|INFO|nn.computeOptunaObjective|Trial 32 rocauc:|[0.7325757575757575]
2022-12-16 01:35:59,525|INFO|nn.computeOptunaObjective|Trial 32 timings:|0.8571539999999978
2022-12-16 01:35:59,525|INFO|nn.computeOptunaObjective|Trial 32 objective:|0.6666666666666667
2022-12-16 01:36:00,115|INFO|nn.computeOptunaObjective|Trial 33 params:|{'n_layers': 3, 'architecture': 'bottom', 'lr': 0.001, 'n_epochs': 150}
2022-12-16 01:36:00,115|INFO|nn.computeOptunaObjective|Trial 33 balacc:|[0.6401515151515151]
2022-12-16 01:36:00,115|INFO|nn.computeOptunaObjective|Trial 33 rocauc:|[0.6939393939393939]
2022-12-16 01:36:00,115|INFO|nn.computeOptunaObjective|Trial 33 timings:|0.5867851000000002
2022-12-16 01:36:00,115|INFO|nn.computeOptunaObjective|Trial 33 objective:|0.6401515151515151
2022-12-16 01:36:00,920|INFO|nn.computeOptunaObjective|Trial 34 params:|{'n_layers': 3, 'architecture': 'inner', 'lr': 0.001, 'n_epochs': 200}
2022-12-16 01:36:00,920|INFO|nn.computeOptunaObjective|Trial 34 balacc:|[0.6628787878787878]
2022-12-16 01:36:00,920|INFO|nn.computeOptunaObjective|Trial 34 rocauc:|[0.7053030303030303]
2022-12-16 01:36:00,920|INFO|nn.computeOptunaObjective|Trial 34 timings:|0.8029292000000012
2022-12-16 01:36:00,920|INFO|nn.computeOptunaObjective|Trial 34 objective:|0.6628787878787878
2022-12-16 01:36:01,826|INFO|nn.computeOptunaObjective|Trial 35 params:|{'n_layers': 4, 'architecture': 'top', 'lr': 0.001, 'n_epochs': 200}
2022-12-16 01:36:01,826|INFO|nn.computeOptunaObjective|Trial 35 balacc:|[0.6378787878787879]
2022-12-16 01:36:01,826|INFO|nn.computeOptunaObjective|Trial 35 rocauc:|[0.7075757575757576]
2022-12-16 01:36:01,826|INFO|nn.computeOptunaObjective|Trial 35 timings:|0.9012901999999983
2022-12-16 01:36:01,826|INFO|nn.computeOptunaObjective|Trial 35 objective:|0.6378787878787879
2022-12-16 01:36:02,397|INFO|nn.computeOptunaObjective|Trial 36 params:|{'n_layers': 3, 'architecture': 'bottom', 'lr': 0.0001, 'n_epochs': 150}
2022-12-16 01:36:02,397|INFO|nn.computeOptunaObjective|Trial 36 balacc:|[0.634090909090909]
2022-12-16 01:36:02,397|INFO|nn.computeOptunaObjective|Trial 36 rocauc:|[0.6803030303030304]
2022-12-16 01:36:02,397|INFO|nn.computeOptunaObjective|Trial 36 timings:|0.5817968000000029
2022-12-16 01:36:02,397|INFO|nn.computeOptunaObjective|Trial 36 objective:|0.634090909090909
2022-12-16 01:36:03,023|INFO|nn.computeOptunaObjective|Trial 37 params:|{'n_layers': 3, 'architecture': 'linear', 'lr': 0.0001, 'n_epochs': 150}
2022-12-16 01:36:03,023|INFO|nn.computeOptunaObjective|Trial 37 balacc:|[0.6424242424242425]
2022-12-16 01:36:03,023|INFO|nn.computeOptunaObjective|Trial 37 rocauc:|[0.6856060606060607]
2022-12-16 01:36:03,023|INFO|nn.computeOptunaObjective|Trial 37 timings:|0.6074929000000004
2022-12-16 01:36:03,023|INFO|nn.computeOptunaObjective|Trial 37 objective:|0.6424242424242425
2022-12-16 01:36:03,871|INFO|nn.computeOptunaObjective|Trial 38 params:|{'n_layers': 4, 'architecture': 'bottom', 'lr': 0.001, 'n_epochs': 200}
2022-12-16 01:36:03,871|INFO|nn.computeOptunaObjective|Trial 38 balacc:|[0.6628787878787878]
2022-12-16 01:36:03,871|INFO|nn.computeOptunaObjective|Trial 38 rocauc:|[0.7022727272727274]
2022-12-16 01:36:03,871|INFO|nn.computeOptunaObjective|Trial 38 timings:|0.8440251999999973
2022-12-16 01:36:03,871|INFO|nn.computeOptunaObjective|Trial 38 objective:|0.6628787878787878
2022-12-16 01:36:04,599|INFO|nn.computeOptunaObjective|Trial 39 params:|{'n_layers': 4, 'architecture': 'top', 'lr': 0.0001, 'n_epochs': 150}
2022-12-16 01:36:04,599|INFO|nn.computeOptunaObjective|Trial 39 balacc:|[0.6424242424242425]
2022-12-16 01:36:04,599|INFO|nn.computeOptunaObjective|Trial 39 rocauc:|[0.6901515151515152]
2022-12-16 01:36:04,599|INFO|nn.computeOptunaObjective|Trial 39 timings:|0.7242125000000001
2022-12-16 01:36:04,599|INFO|nn.computeOptunaObjective|Trial 39 objective:|0.6424242424242425
2022-12-16 01:36:05,398|INFO|nn.computeOptunaObjective|Trial 40 params:|{'n_layers': 3, 'architecture': 'linear', 'lr': 0.001, 'n_epochs': 200}
2022-12-16 01:36:05,398|INFO|nn.computeOptunaObjective|Trial 40 balacc:|[0.6318181818181818]
2022-12-16 01:36:05,398|INFO|nn.computeOptunaObjective|Trial 40 rocauc:|[0.7071969696969697]
2022-12-16 01:36:05,398|INFO|nn.computeOptunaObjective|Trial 40 timings:|0.8048455000000025
2022-12-16 01:36:05,398|INFO|nn.computeOptunaObjective|Trial 40 objective:|0.6318181818181818
2022-12-16 01:36:06,253|INFO|nn.computeOptunaObjective|Trial 41 params:|{'n_layers': 4, 'architecture': 'outer', 'lr': 0.001, 'n_epochs': 200}
2022-12-16 01:36:06,253|INFO|nn.computeOptunaObjective|Trial 41 balacc:|[0.6234848484848485]
2022-12-16 01:36:06,253|INFO|nn.computeOptunaObjective|Trial 41 rocauc:|[0.7022727272727273]
2022-12-16 01:36:06,253|INFO|nn.computeOptunaObjective|Trial 41 timings:|0.8562328999999984
2022-12-16 01:36:06,253|INFO|nn.computeOptunaObjective|Trial 41 objective:|0.6234848484848485
2022-12-16 01:36:06,817|INFO|nn.computeOptunaObjective|Trial 42 params:|{'n_layers': 2, 'architecture': 'linear', 'lr': 0.0001, 'n_epochs': 150}
2022-12-16 01:36:06,817|INFO|nn.computeOptunaObjective|Trial 42 balacc:|[0.6424242424242425]
2022-12-16 01:36:06,817|INFO|nn.computeOptunaObjective|Trial 42 rocauc:|[0.6833333333333333]
2022-12-16 01:36:06,817|INFO|nn.computeOptunaObjective|Trial 42 timings:|0.5446610000000014
2022-12-16 01:36:06,817|INFO|nn.computeOptunaObjective|Trial 42 objective:|0.6424242424242425
2022-12-16 01:36:07,468|INFO|nn.computeOptunaObjective|Trial 43 params:|{'n_layers': 4, 'architecture': 'linear', 'lr': 0.0001, 'n_epochs': 150}
2022-12-16 01:36:07,469|INFO|nn.computeOptunaObjective|Trial 43 balacc:|[0.6424242424242425]
2022-12-16 01:36:07,469|INFO|nn.computeOptunaObjective|Trial 43 rocauc:|[0.6878787878787879]
2022-12-16 01:36:07,469|INFO|nn.computeOptunaObjective|Trial 43 timings:|0.6480874000000014
2022-12-16 01:36:07,469|INFO|nn.computeOptunaObjective|Trial 43 objective:|0.6424242424242425
2022-12-16 01:36:08,381|INFO|nn.computeOptunaObjective|Trial 44 params:|{'n_layers': 4, 'architecture': 'outer', 'lr': 0.0001, 'n_epochs': 200}
2022-12-16 01:36:08,381|INFO|nn.computeOptunaObjective|Trial 44 balacc:|[0.6424242424242425]
2022-12-16 01:36:08,381|INFO|nn.computeOptunaObjective|Trial 44 rocauc:|[0.6962121212121213]
2022-12-16 01:36:08,381|INFO|nn.computeOptunaObjective|Trial 44 timings:|0.9073257000000012
2022-12-16 01:36:08,381|INFO|nn.computeOptunaObjective|Trial 44 objective:|0.6424242424242425
2022-12-16 01:36:08,813|INFO|nn.computeOptunaObjective|Trial 45 params:|{'n_layers': 4, 'architecture': 'bottom', 'lr': 0.001, 'n_epochs': 100}
2022-12-16 01:36:08,813|INFO|nn.computeOptunaObjective|Trial 45 balacc:|[0.6484848484848484]
2022-12-16 01:36:08,813|INFO|nn.computeOptunaObjective|Trial 45 rocauc:|[0.6863636363636365]
2022-12-16 01:36:08,813|INFO|nn.computeOptunaObjective|Trial 45 timings:|0.42916010000000426
2022-12-16 01:36:08,813|INFO|nn.computeOptunaObjective|Trial 45 objective:|0.6484848484848484
2022-12-16 01:36:09,607|INFO|nn.computeOptunaObjective|Trial 46 params:|{'n_layers': 3, 'architecture': 'inner', 'lr': 0.0001, 'n_epochs': 200}
2022-12-16 01:36:09,607|INFO|nn.computeOptunaObjective|Trial 46 balacc:|[0.6424242424242425]
2022-12-16 01:36:09,607|INFO|nn.computeOptunaObjective|Trial 46 rocauc:|[0.6856060606060606]
2022-12-16 01:36:09,607|INFO|nn.computeOptunaObjective|Trial 46 timings:|0.7889476000000002
2022-12-16 01:36:09,608|INFO|nn.computeOptunaObjective|Trial 46 objective:|0.6424242424242425
2022-12-16 01:36:10,171|INFO|nn.computeOptunaObjective|Trial 47 params:|{'n_layers': 2, 'architecture': 'top', 'lr': 0.001, 'n_epochs': 150}
2022-12-16 01:36:10,171|INFO|nn.computeOptunaObjective|Trial 47 balacc:|[0.6628787878787878]
2022-12-16 01:36:10,171|INFO|nn.computeOptunaObjective|Trial 47 rocauc:|[0.718939393939394]
2022-12-16 01:36:10,171|INFO|nn.computeOptunaObjective|Trial 47 timings:|0.5591013000000018
2022-12-16 01:36:10,171|INFO|nn.computeOptunaObjective|Trial 47 objective:|0.6628787878787878
2022-12-16 01:36:10,535|INFO|nn.computeOptunaObjective|Trial 48 params:|{'n_layers': 2, 'architecture': 'inner', 'lr': 0.001, 'n_epochs': 100}
2022-12-16 01:36:10,535|INFO|nn.computeOptunaObjective|Trial 48 balacc:|[0.6628787878787878]
2022-12-16 01:36:10,535|INFO|nn.computeOptunaObjective|Trial 48 rocauc:|[0.706060606060606]
2022-12-16 01:36:10,535|INFO|nn.computeOptunaObjective|Trial 48 timings:|0.36805379999999843
2022-12-16 01:36:10,535|INFO|nn.computeOptunaObjective|Trial 48 objective:|0.6628787878787878
2022-12-16 01:36:11,283|INFO|nn.computeOptunaObjective|Trial 49 params:|{'n_layers': 2, 'architecture': 'outer', 'lr': 0.0001, 'n_epochs': 200}
2022-12-16 01:36:11,283|INFO|nn.computeOptunaObjective|Trial 49 balacc:|[0.6424242424242425]
2022-12-16 01:36:11,283|INFO|nn.computeOptunaObjective|Trial 49 rocauc:|[0.6871212121212121]
2022-12-16 01:36:11,283|INFO|nn.computeOptunaObjective|Trial 49 timings:|0.7353315000000009
2022-12-16 01:36:11,283|INFO|nn.computeOptunaObjective|Trial 49 objective:|0.6424242424242425
2022-12-16 01:36:11,719|INFO|nn.computeOptunaObjective|Trial 50 params:|{'n_layers': 2, 'architecture': 'top', 'lr': 0.001, 'n_epochs': 100}
2022-12-16 01:36:11,719|INFO|nn.computeOptunaObjective|Trial 50 balacc:|[0.6628787878787878]
2022-12-16 01:36:11,719|INFO|nn.computeOptunaObjective|Trial 50 rocauc:|[0.7174242424242424]
2022-12-16 01:36:11,719|INFO|nn.computeOptunaObjective|Trial 50 timings:|0.43203909999999723
2022-12-16 01:36:11,719|INFO|nn.computeOptunaObjective|Trial 50 objective:|0.6628787878787878
2022-12-16 01:36:12,562|INFO|nn.computeOptunaObjective|Trial 51 params:|{'n_layers': 3, 'architecture': 'top', 'lr': 0.001, 'n_epochs': 200}
2022-12-16 01:36:12,562|INFO|nn.computeOptunaObjective|Trial 51 balacc:|[0.6606060606060606]
2022-12-16 01:36:12,562|INFO|nn.computeOptunaObjective|Trial 51 rocauc:|[0.7143939393939394]
2022-12-16 01:36:12,562|INFO|nn.computeOptunaObjective|Trial 51 timings:|0.8387387000000004
2022-12-16 01:36:12,562|INFO|nn.computeOptunaObjective|Trial 51 objective:|0.6606060606060606
2022-12-16 01:36:12,926|INFO|nn.computeOptunaObjective|Trial 52 params:|{'n_layers': 2, 'architecture': 'bottom', 'lr': 0.001, 'n_epochs': 100}
2022-12-16 01:36:12,926|INFO|nn.computeOptunaObjective|Trial 52 balacc:|[0.6628787878787878]
2022-12-16 01:36:12,926|INFO|nn.computeOptunaObjective|Trial 52 rocauc:|[0.6984848484848485]
2022-12-16 01:36:12,926|INFO|nn.computeOptunaObjective|Trial 52 timings:|0.3594273000000001
2022-12-16 01:36:12,926|INFO|nn.computeOptunaObjective|Trial 52 objective:|0.6628787878787878
2022-12-16 01:36:13,464|INFO|nn.computeOptunaObjective|Trial 53 params:|{'n_layers': 2, 'architecture': 'outer', 'lr': 0.001, 'n_epochs': 150}
2022-12-16 01:36:13,464|INFO|nn.computeOptunaObjective|Trial 53 balacc:|[0.6401515151515151]
2022-12-16 01:36:13,464|INFO|nn.computeOptunaObjective|Trial 53 rocauc:|[0.7015151515151515]
2022-12-16 01:36:13,464|INFO|nn.computeOptunaObjective|Trial 53 timings:|0.5333016000000015
2022-12-16 01:36:13,464|INFO|nn.computeOptunaObjective|Trial 53 objective:|0.6401515151515151
2022-12-16 01:36:13,866|INFO|nn.computeOptunaObjective|Trial 54 params:|{'n_layers': 3, 'architecture': 'inner', 'lr': 0.001, 'n_epochs': 100}
2022-12-16 01:36:13,866|INFO|nn.computeOptunaObjective|Trial 54 balacc:|[0.6318181818181818]
2022-12-16 01:36:13,866|INFO|nn.computeOptunaObjective|Trial 54 rocauc:|[0.7151515151515151]
2022-12-16 01:36:13,866|INFO|nn.computeOptunaObjective|Trial 54 timings:|0.40086310000000225
2022-12-16 01:36:13,866|INFO|nn.computeOptunaObjective|Trial 54 objective:|0.6318181818181818
2022-12-16 01:36:14,477|INFO|nn.computeOptunaObjective|Trial 55 params:|{'n_layers': 3, 'architecture': 'inner', 'lr': 0.001, 'n_epochs': 150}
2022-12-16 01:36:14,477|INFO|nn.computeOptunaObjective|Trial 55 balacc:|[0.6628787878787878]
2022-12-16 01:36:14,477|INFO|nn.computeOptunaObjective|Trial 55 rocauc:|[0.7090909090909091]
2022-12-16 01:36:14,477|INFO|nn.computeOptunaObjective|Trial 55 timings:|0.6028735999999952
2022-12-16 01:36:14,477|INFO|nn.computeOptunaObjective|Trial 55 objective:|0.6628787878787878
2022-12-16 01:36:15,171|INFO|nn.computeOptunaObjective|Trial 56 params:|{'n_layers': 4, 'architecture': 'bottom', 'lr': 0.0001, 'n_epochs': 150}
2022-12-16 01:36:15,171|INFO|nn.computeOptunaObjective|Trial 56 balacc:|[0.6507575757575758]
2022-12-16 01:36:15,171|INFO|nn.computeOptunaObjective|Trial 56 rocauc:|[0.6833333333333333]
2022-12-16 01:36:15,171|INFO|nn.computeOptunaObjective|Trial 56 timings:|0.6892886999999988
2022-12-16 01:36:15,171|INFO|nn.computeOptunaObjective|Trial 56 objective:|0.6507575757575758
2022-12-16 01:36:15,540|INFO|nn.computeOptunaObjective|Trial 57 params:|{'n_layers': 2, 'architecture': 'linear', 'lr': 0.001, 'n_epochs': 100}
2022-12-16 01:36:15,540|INFO|nn.computeOptunaObjective|Trial 57 balacc:|[0.6628787878787878]
2022-12-16 01:36:15,540|INFO|nn.computeOptunaObjective|Trial 57 rocauc:|[0.7083333333333334]
2022-12-16 01:36:15,540|INFO|nn.computeOptunaObjective|Trial 57 timings:|0.3642751000000004
2022-12-16 01:36:15,540|INFO|nn.computeOptunaObjective|Trial 57 objective:|0.6628787878787878
2022-12-16 01:36:16,272|INFO|nn.computeOptunaObjective|Trial 58 params:|{'n_layers': 2, 'architecture': 'top', 'lr': 0.0001, 'n_epochs': 200}
2022-12-16 01:36:16,272|INFO|nn.computeOptunaObjective|Trial 58 balacc:|[0.634090909090909]
2022-12-16 01:36:16,272|INFO|nn.computeOptunaObjective|Trial 58 rocauc:|[0.6863636363636364]
2022-12-16 01:36:16,272|INFO|nn.computeOptunaObjective|Trial 58 timings:|0.7337600999999978
2022-12-16 01:36:16,272|INFO|nn.computeOptunaObjective|Trial 58 objective:|0.634090909090909
2022-12-16 01:36:16,667|INFO|nn.computeOptunaObjective|Trial 59 params:|{'n_layers': 2, 'architecture': 'linear', 'lr': 0.0001, 'n_epochs': 100}
2022-12-16 01:36:16,667|INFO|nn.computeOptunaObjective|Trial 59 balacc:|[0.6280303030303029]
2022-12-16 01:36:16,667|INFO|nn.computeOptunaObjective|Trial 59 rocauc:|[0.6765151515151515]
2022-12-16 01:36:16,667|INFO|nn.computeOptunaObjective|Trial 59 timings:|0.38242569999999887
2022-12-16 01:36:16,667|INFO|nn.computeOptunaObjective|Trial 59 objective:|0.6280303030303029
2022-12-16 01:36:17,391|INFO|nn.computeOptunaObjective|Trial 60 params:|{'n_layers': 2, 'architecture': 'linear', 'lr': 0.0001, 'n_epochs': 200}
2022-12-16 01:36:17,391|INFO|nn.computeOptunaObjective|Trial 60 balacc:|[0.634090909090909]
2022-12-16 01:36:17,391|INFO|nn.computeOptunaObjective|Trial 60 rocauc:|[0.6795454545454546]
2022-12-16 01:36:17,391|INFO|nn.computeOptunaObjective|Trial 60 timings:|0.7317350000000005
2022-12-16 01:36:17,391|INFO|nn.computeOptunaObjective|Trial 60 objective:|0.634090909090909
2022-12-16 01:36:17,790|INFO|nn.computeOptunaObjective|Trial 61 params:|{'n_layers': 2, 'architecture': 'outer', 'lr': 0.001, 'n_epochs': 100}
2022-12-16 01:36:17,790|INFO|nn.computeOptunaObjective|Trial 61 balacc:|[0.6628787878787878]
2022-12-16 01:36:17,790|INFO|nn.computeOptunaObjective|Trial 61 rocauc:|[0.6984848484848485]
2022-12-16 01:36:17,790|INFO|nn.computeOptunaObjective|Trial 61 timings:|0.3813016999999945
2022-12-16 01:36:17,790|INFO|nn.computeOptunaObjective|Trial 61 objective:|0.6628787878787878
2022-12-16 01:36:18,466|INFO|nn.computeOptunaObjective|Trial 62 params:|{'n_layers': 4, 'architecture': 'bottom', 'lr': 0.001, 'n_epochs': 150}
2022-12-16 01:36:18,466|INFO|nn.computeOptunaObjective|Trial 62 balacc:|[0.6401515151515151]
2022-12-16 01:36:18,467|INFO|nn.computeOptunaObjective|Trial 62 rocauc:|[0.6954545454545454]
2022-12-16 01:36:18,467|INFO|nn.computeOptunaObjective|Trial 62 timings:|0.6713883999999979
2022-12-16 01:36:18,467|INFO|nn.computeOptunaObjective|Trial 62 objective:|0.6401515151515151
2022-12-16 01:36:19,058|INFO|nn.computeOptunaObjective|Trial 63 params:|{'n_layers': 2, 'architecture': 'top', 'lr': 0.0001, 'n_epochs': 150}
2022-12-16 01:36:19,058|INFO|nn.computeOptunaObjective|Trial 63 balacc:|[0.6424242424242425]
2022-12-16 01:36:19,058|INFO|nn.computeOptunaObjective|Trial 63 rocauc:|[0.6787878787878788]
2022-12-16 01:36:19,058|INFO|nn.computeOptunaObjective|Trial 63 timings:|0.5863934999999998
2022-12-16 01:36:19,058|INFO|nn.computeOptunaObjective|Trial 63 objective:|0.6424242424242425
2022-12-16 01:36:19,648|INFO|nn.computeOptunaObjective|Trial 64 params:|{'n_layers': 3, 'architecture': 'inner', 'lr': 0.0001, 'n_epochs': 150}
2022-12-16 01:36:19,648|INFO|nn.computeOptunaObjective|Trial 64 balacc:|[0.6424242424242425]
2022-12-16 01:36:19,648|INFO|nn.computeOptunaObjective|Trial 64 rocauc:|[0.6886363636363636]
2022-12-16 01:36:19,648|INFO|nn.computeOptunaObjective|Trial 64 timings:|0.5837634000000023
2022-12-16 01:36:19,648|INFO|nn.computeOptunaObjective|Trial 64 objective:|0.6424242424242425
2022-12-16 01:36:20,067|INFO|nn.computeOptunaObjective|Trial 65 params:|{'n_layers': 3, 'architecture': 'outer', 'lr': 0.0001, 'n_epochs': 100}
2022-12-16 01:36:20,067|INFO|nn.computeOptunaObjective|Trial 65 balacc:|[0.6196969696969696]
2022-12-16 01:36:20,067|INFO|nn.computeOptunaObjective|Trial 65 rocauc:|[0.6787878787878788]
2022-12-16 01:36:20,067|INFO|nn.computeOptunaObjective|Trial 65 timings:|0.4137784999999994
2022-12-16 01:36:20,067|INFO|nn.computeOptunaObjective|Trial 65 objective:|0.6196969696969696
2022-12-16 01:36:20,616|INFO|nn.computeOptunaObjective|Trial 66 params:|{'n_layers': 2, 'architecture': 'inner', 'lr': 0.001, 'n_epochs': 150}
2022-12-16 01:36:20,616|INFO|nn.computeOptunaObjective|Trial 66 balacc:|[0.6401515151515151]
2022-12-16 01:36:20,616|INFO|nn.computeOptunaObjective|Trial 66 rocauc:|[0.7090909090909091]
2022-12-16 01:36:20,616|INFO|nn.computeOptunaObjective|Trial 66 timings:|0.5479638000000051
2022-12-16 01:36:20,616|INFO|nn.computeOptunaObjective|Trial 66 objective:|0.6401515151515151
2022-12-16 01:36:21,075|INFO|nn.computeOptunaObjective|Trial 67 params:|{'n_layers': 4, 'architecture': 'linear', 'lr': 0.0001, 'n_epochs': 100}
2022-12-16 01:36:21,075|INFO|nn.computeOptunaObjective|Trial 67 balacc:|[0.6363636363636364]
2022-12-16 01:36:21,075|INFO|nn.computeOptunaObjective|Trial 67 rocauc:|[0.671969696969697]
2022-12-16 01:36:21,075|INFO|nn.computeOptunaObjective|Trial 67 timings:|0.44856640000000425
2022-12-16 01:36:21,075|INFO|nn.computeOptunaObjective|Trial 67 objective:|0.6363636363636364
2022-12-16 01:36:21,438|INFO|nn.computeOptunaObjective|Trial 68 params:|{'n_layers': 2, 'architecture': 'outer', 'lr': 0.0001, 'n_epochs': 100}
2022-12-16 01:36:21,438|INFO|nn.computeOptunaObjective|Trial 68 balacc:|[0.6280303030303029]
2022-12-16 01:36:21,438|INFO|nn.computeOptunaObjective|Trial 68 rocauc:|[0.6787878787878787]
2022-12-16 01:36:21,438|INFO|nn.computeOptunaObjective|Trial 68 timings:|0.3724788000000032
2022-12-16 01:36:21,438|INFO|nn.computeOptunaObjective|Trial 68 objective:|0.6280303030303029
2022-12-16 01:36:22,148|INFO|nn.computeOptunaObjective|Trial 69 params:|{'n_layers': 4, 'architecture': 'inner', 'lr': 0.0001, 'n_epochs': 150}
2022-12-16 01:36:22,148|INFO|nn.computeOptunaObjective|Trial 69 balacc:|[0.6424242424242425]
2022-12-16 01:36:22,148|INFO|nn.computeOptunaObjective|Trial 69 rocauc:|[0.6833333333333333]
2022-12-16 01:36:22,148|INFO|nn.computeOptunaObjective|Trial 69 timings:|0.6901596000000012
2022-12-16 01:36:22,148|INFO|nn.computeOptunaObjective|Trial 69 objective:|0.6424242424242425
2022-12-16 01:36:23,069|INFO|nn.computeOptunaObjective|Trial 70 params:|{'n_layers': 4, 'architecture': 'top', 'lr': 0.0001, 'n_epochs': 200}
2022-12-16 01:36:23,069|INFO|nn.computeOptunaObjective|Trial 70 balacc:|[0.6424242424242425]
2022-12-16 01:36:23,069|INFO|nn.computeOptunaObjective|Trial 70 rocauc:|[0.7007575757575758]
2022-12-16 01:36:23,069|INFO|nn.computeOptunaObjective|Trial 70 timings:|0.9148159000000007
2022-12-16 01:36:23,069|INFO|nn.computeOptunaObjective|Trial 70 objective:|0.6424242424242425
2022-12-16 01:36:23,436|INFO|nn.computeOptunaObjective|Trial 71 params:|{'n_layers': 2, 'architecture': 'inner', 'lr': 0.0001, 'n_epochs': 100}
2022-12-16 01:36:23,436|INFO|nn.computeOptunaObjective|Trial 71 balacc:|[0.6280303030303029]
2022-12-16 01:36:23,437|INFO|nn.computeOptunaObjective|Trial 71 rocauc:|[0.6757575757575758]
2022-12-16 01:36:23,437|INFO|nn.computeOptunaObjective|Trial 71 timings:|0.36236410000000063
2022-12-16 01:36:23,437|INFO|nn.computeOptunaObjective|Trial 71 objective:|0.6280303030303029
2022-12-16 01:36:23,828|INFO|nn.computeOptunaObjective|Trial 72 params:|{'n_layers': 2, 'architecture': 'top', 'lr': 0.0001, 'n_epochs': 100}
2022-12-16 01:36:23,828|INFO|nn.computeOptunaObjective|Trial 72 balacc:|[0.6280303030303029]
2022-12-16 01:36:23,828|INFO|nn.computeOptunaObjective|Trial 72 rocauc:|[0.668939393939394]
2022-12-16 01:36:23,828|INFO|nn.computeOptunaObjective|Trial 72 timings:|0.3856941999999961
2022-12-16 01:36:23,828|INFO|nn.computeOptunaObjective|Trial 72 objective:|0.6280303030303029
2022-12-16 01:36:24,726|INFO|nn.computeOptunaObjective|Trial 73 params:|{'n_layers': 4, 'architecture': 'inner', 'lr': 0.0001, 'n_epochs': 200}
2022-12-16 01:36:24,726|INFO|nn.computeOptunaObjective|Trial 73 balacc:|[0.6507575757575758]
2022-12-16 01:36:24,726|INFO|nn.computeOptunaObjective|Trial 73 rocauc:|[0.6946969696969698]
2022-12-16 01:36:24,726|INFO|nn.computeOptunaObjective|Trial 73 timings:|0.8950159000000042
2022-12-16 01:36:24,726|INFO|nn.computeOptunaObjective|Trial 73 objective:|0.6507575757575758
2022-12-16 01:36:25,153|INFO|nn.computeOptunaObjective|Trial 74 params:|{'n_layers': 3, 'architecture': 'linear', 'lr': 0.001, 'n_epochs': 100}
2022-12-16 01:36:25,153|INFO|nn.computeOptunaObjective|Trial 74 balacc:|[0.6545454545454545]
2022-12-16 01:36:25,153|INFO|nn.computeOptunaObjective|Trial 74 rocauc:|[0.7071969696969697]
2022-12-16 01:36:25,153|INFO|nn.computeOptunaObjective|Trial 74 timings:|0.42745830000000495
2022-12-16 01:36:25,153|INFO|nn.computeOptunaObjective|Trial 74 objective:|0.6545454545454545
2022-12-16 01:36:25,934|INFO|nn.computeOptunaObjective|Trial 75 params:|{'n_layers': 3, 'architecture': 'bottom', 'lr': 0.001, 'n_epochs': 200}
2022-12-16 01:36:25,934|INFO|nn.computeOptunaObjective|Trial 75 balacc:|[0.6628787878787878]
2022-12-16 01:36:25,934|INFO|nn.computeOptunaObjective|Trial 75 rocauc:|[0.7022727272727273]
2022-12-16 01:36:25,934|INFO|nn.computeOptunaObjective|Trial 75 timings:|0.7652714000000032
2022-12-16 01:36:25,934|INFO|nn.computeOptunaObjective|Trial 75 objective:|0.6628787878787878
2022-12-16 01:36:26,310|INFO|nn.computeOptunaObjective|Trial 76 params:|{'n_layers': 2, 'architecture': 'bottom', 'lr': 0.0001, 'n_epochs': 100}
2022-12-16 01:36:26,310|INFO|nn.computeOptunaObjective|Trial 76 balacc:|[0.6053030303030302]
2022-12-16 01:36:26,310|INFO|nn.computeOptunaObjective|Trial 76 rocauc:|[0.6704545454545454]
2022-12-16 01:36:26,310|INFO|nn.computeOptunaObjective|Trial 76 timings:|0.3709911000000048
2022-12-16 01:36:26,310|INFO|nn.computeOptunaObjective|Trial 76 objective:|0.6053030303030302
2022-12-16 01:36:26,756|INFO|nn.computeOptunaObjective|Trial 77 params:|{'n_layers': 4, 'architecture': 'outer', 'lr': 0.0001, 'n_epochs': 100}
2022-12-16 01:36:26,756|INFO|nn.computeOptunaObjective|Trial 77 balacc:|[0.6363636363636364]
2022-12-16 01:36:26,756|INFO|nn.computeOptunaObjective|Trial 77 rocauc:|[0.6787878787878787]
2022-12-16 01:36:26,756|INFO|nn.computeOptunaObjective|Trial 77 timings:|0.43938110000000563
2022-12-16 01:36:26,756|INFO|nn.computeOptunaObjective|Trial 77 objective:|0.6363636363636364
2022-12-16 01:36:27,499|INFO|nn.computeOptunaObjective|Trial 78 params:|{'n_layers': 2, 'architecture': 'linear', 'lr': 0.001, 'n_epochs': 200}
2022-12-16 01:36:27,499|INFO|nn.computeOptunaObjective|Trial 78 balacc:|[0.6628787878787878]
2022-12-16 01:36:27,499|INFO|nn.computeOptunaObjective|Trial 78 rocauc:|[0.7113636363636364]
2022-12-16 01:36:27,499|INFO|nn.computeOptunaObjective|Trial 78 timings:|0.7366547000000025
2022-12-16 01:36:27,499|INFO|nn.computeOptunaObjective|Trial 78 objective:|0.6628787878787878
2022-12-16 01:36:28,092|INFO|nn.computeOptunaObjective|Trial 79 params:|{'n_layers': 3, 'architecture': 'top', 'lr': 0.0001, 'n_epochs': 150}
2022-12-16 01:36:28,092|INFO|nn.computeOptunaObjective|Trial 79 balacc:|[0.6424242424242425]
2022-12-16 01:36:28,092|INFO|nn.computeOptunaObjective|Trial 79 rocauc:|[0.6962121212121213]
2022-12-16 01:36:28,092|INFO|nn.computeOptunaObjective|Trial 79 timings:|0.5986686999999975
2022-12-16 01:36:28,092|INFO|nn.computeOptunaObjective|Trial 79 objective:|0.6424242424242425
2022-12-16 01:36:28,968|INFO|nn.computeOptunaObjective|Trial 80 params:|{'n_layers': 3, 'architecture': 'outer', 'lr': 0.001, 'n_epochs': 200}
2022-12-16 01:36:28,968|INFO|nn.computeOptunaObjective|Trial 80 balacc:|[0.6401515151515151]
2022-12-16 01:36:28,968|INFO|nn.computeOptunaObjective|Trial 80 rocauc:|[0.7151515151515151]
2022-12-16 01:36:28,968|INFO|nn.computeOptunaObjective|Trial 80 timings:|0.8581021000000035
2022-12-16 01:36:28,968|INFO|nn.computeOptunaObjective|Trial 80 objective:|0.6401515151515151
2022-12-16 01:36:29,669|INFO|nn.computeOptunaObjective|Trial 81 params:|{'n_layers': 4, 'architecture': 'outer', 'lr': 0.0001, 'n_epochs': 150}
2022-12-16 01:36:29,670|INFO|nn.computeOptunaObjective|Trial 81 balacc:|[0.6424242424242425]
2022-12-16 01:36:29,670|INFO|nn.computeOptunaObjective|Trial 81 rocauc:|[0.7022727272727273]
2022-12-16 01:36:29,670|INFO|nn.computeOptunaObjective|Trial 81 timings:|0.6950853999999964
2022-12-16 01:36:29,670|INFO|nn.computeOptunaObjective|Trial 81 objective:|0.6424242424242425
2022-12-16 01:36:30,447|INFO|nn.computeOptunaObjective|Trial 82 params:|{'n_layers': 2, 'architecture': 'bottom', 'lr': 0.0001, 'n_epochs': 200}
2022-12-16 01:36:30,447|INFO|nn.computeOptunaObjective|Trial 82 balacc:|[0.634090909090909]
2022-12-16 01:36:30,447|INFO|nn.computeOptunaObjective|Trial 82 rocauc:|[0.6833333333333333]
2022-12-16 01:36:30,447|INFO|nn.computeOptunaObjective|Trial 82 timings:|0.7709255999999982
2022-12-16 01:36:30,447|INFO|nn.computeOptunaObjective|Trial 82 objective:|0.634090909090909
2022-12-16 01:36:31,115|INFO|nn.computeOptunaObjective|Trial 83 params:|{'n_layers': 4, 'architecture': 'inner', 'lr': 0.001, 'n_epochs': 150}
2022-12-16 01:36:31,115|INFO|nn.computeOptunaObjective|Trial 83 balacc:|[0.668939393939394]
2022-12-16 01:36:31,115|INFO|nn.computeOptunaObjective|Trial 83 rocauc:|[0.6950757575757576]
2022-12-16 01:36:31,115|INFO|nn.computeOptunaObjective|Trial 83 timings:|0.6615937999999986
2022-12-16 01:36:31,115|INFO|nn.computeOptunaObjective|Trial 83 objective:|0.668939393939394
2022-12-16 01:36:31,516|INFO|nn.computeOptunaObjective|Trial 84 params:|{'n_layers': 3, 'architecture': 'bottom', 'lr': 0.0001, 'n_epochs': 100}
2022-12-16 01:36:31,516|INFO|nn.computeOptunaObjective|Trial 84 balacc:|[0.5909090909090909]
2022-12-16 01:36:31,516|INFO|nn.computeOptunaObjective|Trial 84 rocauc:|[0.6696969696969698]
2022-12-16 01:36:31,516|INFO|nn.computeOptunaObjective|Trial 84 timings:|0.3937407999999962
2022-12-16 01:36:31,516|INFO|nn.computeOptunaObjective|Trial 84 objective:|0.5909090909090909
2022-12-16 01:36:31,942|INFO|nn.computeOptunaObjective|Trial 85 params:|{'n_layers': 4, 'architecture': 'linear', 'lr': 0.001, 'n_epochs': 100}
2022-12-16 01:36:31,942|INFO|nn.computeOptunaObjective|Trial 85 balacc:|[0.6401515151515151]
2022-12-16 01:36:31,943|INFO|nn.computeOptunaObjective|Trial 85 rocauc:|[0.6886363636363637]
2022-12-16 01:36:31,943|INFO|nn.computeOptunaObjective|Trial 85 timings:|0.42004020000000253
2022-12-16 01:36:31,943|INFO|nn.computeOptunaObjective|Trial 85 objective:|0.6401515151515151
2022-12-16 01:36:32,594|INFO|nn.computeOptunaObjective|Trial 86 params:|{'n_layers': 3, 'architecture': 'linear', 'lr': 0.001, 'n_epochs': 150}
2022-12-16 01:36:32,594|INFO|nn.computeOptunaObjective|Trial 86 balacc:|[0.6318181818181818]
2022-12-16 01:36:32,594|INFO|nn.computeOptunaObjective|Trial 86 rocauc:|[0.7037878787878787]
2022-12-16 01:36:32,594|INFO|nn.computeOptunaObjective|Trial 86 timings:|0.6455252999999956
2022-12-16 01:36:32,594|INFO|nn.computeOptunaObjective|Trial 86 objective:|0.6318181818181818
2022-12-16 01:36:33,054|INFO|nn.computeOptunaObjective|Trial 87 params:|{'n_layers': 4, 'architecture': 'inner', 'lr': 0.0001, 'n_epochs': 100}
2022-12-16 01:36:33,054|INFO|nn.computeOptunaObjective|Trial 87 balacc:|[0.6280303030303029]
2022-12-16 01:36:33,054|INFO|nn.computeOptunaObjective|Trial 87 rocauc:|[0.6742424242424243]
2022-12-16 01:36:33,054|INFO|nn.computeOptunaObjective|Trial 87 timings:|0.4529582999999988
2022-12-16 01:36:33,054|INFO|nn.computeOptunaObjective|Trial 87 objective:|0.6280303030303029
2022-12-16 01:36:33,887|INFO|nn.computeOptunaObjective|Trial 88 params:|{'n_layers': 4, 'architecture': 'bottom', 'lr': 0.0001, 'n_epochs': 200}
2022-12-16 01:36:33,887|INFO|nn.computeOptunaObjective|Trial 88 balacc:|[0.6401515151515151]
2022-12-16 01:36:33,887|INFO|nn.computeOptunaObjective|Trial 88 rocauc:|[0.6742424242424242]
2022-12-16 01:36:33,887|INFO|nn.computeOptunaObjective|Trial 88 timings:|0.8272051000000005
2022-12-16 01:36:33,887|INFO|nn.computeOptunaObjective|Trial 88 objective:|0.6401515151515151
2022-12-16 01:36:34,540|INFO|nn.computeOptunaObjective|Trial 89 params:|{'n_layers': 4, 'architecture': 'outer', 'lr': 0.001, 'n_epochs': 150}
2022-12-16 01:36:34,540|INFO|nn.computeOptunaObjective|Trial 89 balacc:|[0.6234848484848485]
2022-12-16 01:36:34,540|INFO|nn.computeOptunaObjective|Trial 89 rocauc:|[0.7068181818181818]
2022-12-16 01:36:34,540|INFO|nn.computeOptunaObjective|Trial 89 timings:|0.6550153999999964
2022-12-16 01:36:34,540|INFO|nn.computeOptunaObjective|Trial 89 objective:|0.6234848484848485
2022-12-16 01:36:34,540|INFO|mtg.runMTGExperiment|Best trial number:|4
2022-12-16 01:36:34,540|INFO|mtg.runMTGExperiment|Best trial objective:|0.6712121212121213
2022-12-16 01:36:34,540|INFO|mtg.runMTGExperiment|Best trial params:|{'n_layers': 2, 'architecture': 'bottom', 'lr': 0.001, 'n_epochs': 150}
2022-12-16 01:36:34,556|INFO|nn.loadModellingDataset|Trainval descriptors loaded (features, instances):|1024|377
2022-12-16 01:36:34,557|INFO|nn.loadModellingDataset|Trainval endpoints loaded (tasks, instances):|1|377
2022-12-16 01:36:34,557|INFO|nn.loadModellingDataset|Test descriptors loaded (features, instances):|1024|33
2022-12-16 01:36:34,557|INFO|nn.loadModellingDataset|Test endpoints loaded (tasks, instances):|1|33
2022-12-16 01:36:34,557|INFO|mtg.runMTGExperiment|Final neural network hyperparams:|{'n_layers': 2, 'architecture': 'bottom', 'lr': 0.001, 'n_epochs': 150, 'best_trial_num': 4}
2022-12-16 01:36:35,164|INFO|nn.testFinalModel|Final model test balacc:|[0.7916666666666666]
2022-12-16 01:36:35,164|INFO|nn.testFinalModel|Final model test rocauc:|[0.8379629629629629]
2022-12-16 01:36:35,164|INFO|mtg.runMTGExperiment|Mechanistic task grouping experiment timing:|57.5290804
2022-12-16 01:36:35,164|INFO|mtg.runMTGExperiment|DONE
