2022-12-16 01:32:31,724|INFO|__main__.startLogging|>>>> START LOGGING A GMTAMES EXPERIMENT
2022-12-16 01:32:31,724|INFO|__main__.startLogging|mode:|mtg
2022-12-16 01:32:31,724|INFO|__main__.startLogging|tasks:|TA102
2022-12-16 01:32:31,724|INFO|__main__.startLogging|output:|mtg_experiment
2022-12-16 01:32:31,724|INFO|__main__.startLogging|device:|titanv
2022-12-16 01:32:31,724|INFO|__main__.startLogging|DONE
2022-12-16 01:32:31,724|INFO|mtg.runMTGExperiment|>>>> RUNNING MECHANISTIC TASK GROUPING EXPERIMENT
2022-12-16 01:32:31,724|INFO|data.generateModellingDatasets|>>>> GENERATING MODELLING DATASETS
2022-12-16 01:32:31,746|INFO|data.generateModellingDatasets|Task list parsed:|['TA102']
2022-12-16 01:32:31,955|INFO|data.generateModellingDatasets|Modelling train dataset generated: (rows, columns)|797|1026
2022-12-16 01:32:31,955|INFO|data.generateModellingDatasets|Modelling val dataset generated: (rows, columns)|221|1026
2022-12-16 01:32:31,985|INFO|data.generateModellingDatasets|Modelling trainval dataset generated: (rows, columns)|1018|1026
2022-12-16 01:32:31,988|INFO|data.generateModellingDatasets|Modelling test dataset generated: (rows, columns)|89|1026
2022-12-16 01:32:31,988|INFO|data.generateModellingDatasets|Modelling datasets generation timing:|0.24360870000000023
2022-12-16 01:32:31,988|INFO|data.generateModellingDatasets|DONE
2022-12-16 01:32:31,988|INFO|mtg.runMTGExperiment|Device confirmed:|cuda:0
2022-12-16 01:32:33,102|INFO|nn.loadModellingDataset|Train descriptors loaded (features, instances):|1024|797
2022-12-16 01:32:33,102|INFO|nn.loadModellingDataset|Train endpoints loaded (tasks, instances):|1|797
2022-12-16 01:32:33,104|INFO|nn.loadModellingDataset|Val descriptors loaded (features, instances):|1024|221
2022-12-16 01:32:33,104|INFO|nn.loadModellingDataset|Val endpoints loaded (tasks, instances):|1|221
2022-12-16 01:32:34,854|INFO|nn.computeOptunaObjective|Trial 0 params:|{'n_layers': 2, 'architecture': 'top', 'lr': 0.001, 'n_epochs': 200}
2022-12-16 01:32:34,854|INFO|nn.computeOptunaObjective|Trial 0 balacc:|[0.6105990783410138]
2022-12-16 01:32:34,854|INFO|nn.computeOptunaObjective|Trial 0 rocauc:|[0.6857142857142856]
2022-12-16 01:32:34,854|INFO|nn.computeOptunaObjective|Trial 0 timings:|1.74897
2022-12-16 01:32:34,855|INFO|nn.computeOptunaObjective|Trial 0 objective:|0.6105990783410138
2022-12-16 01:32:35,595|INFO|nn.computeOptunaObjective|Trial 1 params:|{'n_layers': 4, 'architecture': 'top', 'lr': 0.001, 'n_epochs': 100}
2022-12-16 01:32:35,595|INFO|nn.computeOptunaObjective|Trial 1 balacc:|[0.6221966205837173]
2022-12-16 01:32:35,595|INFO|nn.computeOptunaObjective|Trial 1 rocauc:|[0.6991551459293395]
2022-12-16 01:32:35,595|INFO|nn.computeOptunaObjective|Trial 1 timings:|0.7412522999999993
2022-12-16 01:32:35,595|INFO|nn.computeOptunaObjective|Trial 1 objective:|0.6221966205837173
2022-12-16 01:32:36,276|INFO|nn.computeOptunaObjective|Trial 2 params:|{'n_layers': 3, 'architecture': 'outer', 'lr': 0.001, 'n_epochs': 100}
2022-12-16 01:32:36,276|INFO|nn.computeOptunaObjective|Trial 2 balacc:|[0.624884792626728]
2022-12-16 01:32:36,276|INFO|nn.computeOptunaObjective|Trial 2 rocauc:|[0.7023041474654378]
2022-12-16 01:32:36,276|INFO|nn.computeOptunaObjective|Trial 2 timings:|0.6776375000000003
2022-12-16 01:32:36,276|INFO|nn.computeOptunaObjective|Trial 2 objective:|0.624884792626728
2022-12-16 01:32:36,975|INFO|nn.computeOptunaObjective|Trial 3 params:|{'n_layers': 4, 'architecture': 'bottom', 'lr': 0.0001, 'n_epochs': 100}
2022-12-16 01:32:36,975|INFO|nn.computeOptunaObjective|Trial 3 balacc:|[0.5231950844854071]
2022-12-16 01:32:36,975|INFO|nn.computeOptunaObjective|Trial 3 rocauc:|[0.6712749615975423]
2022-12-16 01:32:36,975|INFO|nn.computeOptunaObjective|Trial 3 timings:|0.7105305
2022-12-16 01:32:36,975|INFO|nn.computeOptunaObjective|Trial 3 objective:|0.5231950844854071
2022-12-16 01:32:37,882|INFO|nn.computeOptunaObjective|Trial 4 params:|{'n_layers': 2, 'architecture': 'bottom', 'lr': 0.001, 'n_epochs': 150}
2022-12-16 01:32:37,882|INFO|nn.computeOptunaObjective|Trial 4 balacc:|[0.590937019969278]
2022-12-16 01:32:37,882|INFO|nn.computeOptunaObjective|Trial 4 rocauc:|[0.6783410138248848]
2022-12-16 01:32:37,882|INFO|nn.computeOptunaObjective|Trial 4 timings:|0.8912763999999997
2022-12-16 01:32:37,882|INFO|nn.computeOptunaObjective|Trial 4 objective:|0.590937019969278
2022-12-16 01:32:39,236|INFO|nn.computeOptunaObjective|Trial 5 params:|{'n_layers': 3, 'architecture': 'outer', 'lr': 0.0001, 'n_epochs': 200}
2022-12-16 01:32:39,236|INFO|nn.computeOptunaObjective|Trial 5 balacc:|[0.5954685099846391]
2022-12-16 01:32:39,236|INFO|nn.computeOptunaObjective|Trial 5 rocauc:|[0.6807987711213517]
2022-12-16 01:32:39,236|INFO|nn.computeOptunaObjective|Trial 5 timings:|1.3526869999999995
2022-12-16 01:32:39,236|INFO|nn.computeOptunaObjective|Trial 5 objective:|0.5954685099846391
2022-12-16 01:32:39,990|INFO|nn.computeOptunaObjective|Trial 6 params:|{'n_layers': 4, 'architecture': 'top', 'lr': 0.0001, 'n_epochs': 100}
2022-12-16 01:32:39,990|INFO|nn.computeOptunaObjective|Trial 6 balacc:|[0.5865591397849462]
2022-12-16 01:32:39,990|INFO|nn.computeOptunaObjective|Trial 6 rocauc:|[0.7125960061443932]
2022-12-16 01:32:39,990|INFO|nn.computeOptunaObjective|Trial 6 timings:|0.7519407000000005
2022-12-16 01:32:39,990|INFO|nn.computeOptunaObjective|Trial 6 objective:|0.5865591397849462
2022-12-16 01:32:40,664|INFO|nn.computeOptunaObjective|Trial 7 params:|{'n_layers': 3, 'architecture': 'bottom', 'lr': 0.001, 'n_epochs': 100}
2022-12-16 01:32:40,664|INFO|nn.computeOptunaObjective|Trial 7 balacc:|[0.590937019969278]
2022-12-16 01:32:40,664|INFO|nn.computeOptunaObjective|Trial 7 rocauc:|[0.6777265745007681]
2022-12-16 01:32:40,664|INFO|nn.computeOptunaObjective|Trial 7 timings:|0.6724662000000006
2022-12-16 01:32:40,665|INFO|nn.computeOptunaObjective|Trial 7 objective:|0.590937019969278
2022-12-16 01:32:41,356|INFO|nn.computeOptunaObjective|Trial 8 params:|{'n_layers': 3, 'architecture': 'linear', 'lr': 0.0001, 'n_epochs': 100}
2022-12-16 01:32:41,356|INFO|nn.computeOptunaObjective|Trial 8 balacc:|[0.5579877112135176]
2022-12-16 01:32:41,356|INFO|nn.computeOptunaObjective|Trial 8 rocauc:|[0.7001536098310291]
2022-12-16 01:32:41,356|INFO|nn.computeOptunaObjective|Trial 8 timings:|0.6890393999999986
2022-12-16 01:32:41,356|INFO|nn.computeOptunaObjective|Trial 8 objective:|0.5579877112135176
2022-12-16 01:32:42,283|INFO|nn.computeOptunaObjective|Trial 9 params:|{'n_layers': 2, 'architecture': 'bottom', 'lr': 0.0001, 'n_epochs': 150}
2022-12-16 01:32:42,283|INFO|nn.computeOptunaObjective|Trial 9 balacc:|[0.5954685099846391]
2022-12-16 01:32:42,283|INFO|nn.computeOptunaObjective|Trial 9 rocauc:|[0.6861751152073733]
2022-12-16 01:32:42,283|INFO|nn.computeOptunaObjective|Trial 9 timings:|0.9271229000000005
2022-12-16 01:32:42,283|INFO|nn.computeOptunaObjective|Trial 9 objective:|0.5954685099846391
2022-12-16 01:32:43,469|INFO|nn.computeOptunaObjective|Trial 10 params:|{'n_layers': 2, 'architecture': 'bottom', 'lr': 0.001, 'n_epochs': 200}
2022-12-16 01:32:43,469|INFO|nn.computeOptunaObjective|Trial 10 balacc:|[0.6052227342549923]
2022-12-16 01:32:43,469|INFO|nn.computeOptunaObjective|Trial 10 rocauc:|[0.6796466973886328]
2022-12-16 01:32:43,469|INFO|nn.computeOptunaObjective|Trial 10 timings:|1.1936020999999997
2022-12-16 01:32:43,469|INFO|nn.computeOptunaObjective|Trial 10 objective:|0.6052227342549923
2022-12-16 01:32:44,505|INFO|nn.computeOptunaObjective|Trial 11 params:|{'n_layers': 4, 'architecture': 'linear', 'lr': 0.001, 'n_epochs': 150}
2022-12-16 01:32:44,505|INFO|nn.computeOptunaObjective|Trial 11 balacc:|[0.6364823348694316]
2022-12-16 01:32:44,505|INFO|nn.computeOptunaObjective|Trial 11 rocauc:|[0.7064516129032259]
2022-12-16 01:32:44,505|INFO|nn.computeOptunaObjective|Trial 11 timings:|1.023002700000001
2022-12-16 01:32:44,505|INFO|nn.computeOptunaObjective|Trial 11 objective:|0.6364823348694316
2022-12-16 01:32:45,740|INFO|nn.computeOptunaObjective|Trial 12 params:|{'n_layers': 2, 'architecture': 'outer', 'lr': 0.001, 'n_epochs': 200}
2022-12-16 01:32:45,740|INFO|nn.computeOptunaObjective|Trial 12 balacc:|[0.5990015360983103]
2022-12-16 01:32:45,740|INFO|nn.computeOptunaObjective|Trial 12 rocauc:|[0.6791858678955454]
2022-12-16 01:32:45,740|INFO|nn.computeOptunaObjective|Trial 12 timings:|1.2341699000000013
2022-12-16 01:32:45,740|INFO|nn.computeOptunaObjective|Trial 12 objective:|0.5990015360983103
2022-12-16 01:32:46,984|INFO|nn.computeOptunaObjective|Trial 13 params:|{'n_layers': 2, 'architecture': 'inner', 'lr': 0.001, 'n_epochs': 200}
2022-12-16 01:32:46,984|INFO|nn.computeOptunaObjective|Trial 13 balacc:|[0.5963133640552996]
2022-12-16 01:32:46,984|INFO|nn.computeOptunaObjective|Trial 13 rocauc:|[0.6882488479262673]
2022-12-16 01:32:46,984|INFO|nn.computeOptunaObjective|Trial 13 timings:|1.2397649999999985
2022-12-16 01:32:46,984|INFO|nn.computeOptunaObjective|Trial 13 objective:|0.5963133640552996
2022-12-16 01:32:48,273|INFO|nn.computeOptunaObjective|Trial 14 params:|{'n_layers': 3, 'architecture': 'linear', 'lr': 0.0001, 'n_epochs': 200}
2022-12-16 01:32:48,273|INFO|nn.computeOptunaObjective|Trial 14 balacc:|[0.5954685099846391]
2022-12-16 01:32:48,273|INFO|nn.computeOptunaObjective|Trial 14 rocauc:|[0.6907834101382488]
2022-12-16 01:32:48,273|INFO|nn.computeOptunaObjective|Trial 14 timings:|1.2863187000000025
2022-12-16 01:32:48,273|INFO|nn.computeOptunaObjective|Trial 14 objective:|0.5954685099846391
2022-12-16 01:32:49,369|INFO|nn.computeOptunaObjective|Trial 15 params:|{'n_layers': 3, 'architecture': 'outer', 'lr': 0.0001, 'n_epochs': 150}
2022-12-16 01:32:49,369|INFO|nn.computeOptunaObjective|Trial 15 balacc:|[0.6124423963133641]
2022-12-16 01:32:49,369|INFO|nn.computeOptunaObjective|Trial 15 rocauc:|[0.6889400921658986]
2022-12-16 01:32:49,369|INFO|nn.computeOptunaObjective|Trial 15 timings:|1.094309899999999
2022-12-16 01:32:49,370|INFO|nn.computeOptunaObjective|Trial 15 objective:|0.6124423963133641
2022-12-16 01:32:50,389|INFO|nn.computeOptunaObjective|Trial 16 params:|{'n_layers': 2, 'architecture': 'inner', 'lr': 0.0001, 'n_epochs': 150}
2022-12-16 01:32:50,389|INFO|nn.computeOptunaObjective|Trial 16 balacc:|[0.6124423963133641]
2022-12-16 01:32:50,389|INFO|nn.computeOptunaObjective|Trial 16 rocauc:|[0.6890937019969278]
2022-12-16 01:32:50,389|INFO|nn.computeOptunaObjective|Trial 16 timings:|1.0289196000000018
2022-12-16 01:32:50,389|INFO|nn.computeOptunaObjective|Trial 16 objective:|0.6124423963133641
2022-12-16 01:32:51,370|INFO|nn.computeOptunaObjective|Trial 17 params:|{'n_layers': 2, 'architecture': 'linear', 'lr': 0.001, 'n_epochs': 150}
2022-12-16 01:32:51,370|INFO|nn.computeOptunaObjective|Trial 17 balacc:|[0.607910906298003]
2022-12-16 01:32:51,370|INFO|nn.computeOptunaObjective|Trial 17 rocauc:|[0.6807219662058371]
2022-12-16 01:32:51,370|INFO|nn.computeOptunaObjective|Trial 17 timings:|0.9657669999999996
2022-12-16 01:32:51,370|INFO|nn.computeOptunaObjective|Trial 17 objective:|0.607910906298003
2022-12-16 01:32:52,758|INFO|nn.computeOptunaObjective|Trial 18 params:|{'n_layers': 4, 'architecture': 'linear', 'lr': 0.001, 'n_epochs': 200}
2022-12-16 01:32:52,758|INFO|nn.computeOptunaObjective|Trial 18 balacc:|[0.6168202764976958]
2022-12-16 01:32:52,758|INFO|nn.computeOptunaObjective|Trial 18 rocauc:|[0.7084485407066052]
2022-12-16 01:32:52,758|INFO|nn.computeOptunaObjective|Trial 18 timings:|1.3871941999999997
2022-12-16 01:32:52,758|INFO|nn.computeOptunaObjective|Trial 18 objective:|0.6168202764976958
2022-12-16 01:32:53,453|INFO|nn.computeOptunaObjective|Trial 19 params:|{'n_layers': 3, 'architecture': 'top', 'lr': 0.001, 'n_epochs': 100}
2022-12-16 01:32:53,453|INFO|nn.computeOptunaObjective|Trial 19 balacc:|[0.6364823348694316]
2022-12-16 01:32:53,453|INFO|nn.computeOptunaObjective|Trial 19 rocauc:|[0.6993855606758832]
2022-12-16 01:32:53,453|INFO|nn.computeOptunaObjective|Trial 19 timings:|0.7050297999999984
2022-12-16 01:32:53,453|INFO|nn.computeOptunaObjective|Trial 19 objective:|0.6364823348694316
2022-12-16 01:32:54,794|INFO|nn.computeOptunaObjective|Trial 20 params:|{'n_layers': 3, 'architecture': 'top', 'lr': 0.0001, 'n_epochs': 200}
2022-12-16 01:32:54,794|INFO|nn.computeOptunaObjective|Trial 20 balacc:|[0.5981566820276498]
2022-12-16 01:32:54,795|INFO|nn.computeOptunaObjective|Trial 20 rocauc:|[0.6946236559139786]
2022-12-16 01:32:54,795|INFO|nn.computeOptunaObjective|Trial 20 timings:|1.3243202000000025
2022-12-16 01:32:54,795|INFO|nn.computeOptunaObjective|Trial 20 objective:|0.5981566820276498
2022-12-16 01:32:55,782|INFO|nn.computeOptunaObjective|Trial 21 params:|{'n_layers': 3, 'architecture': 'outer', 'lr': 0.001, 'n_epochs': 150}
2022-12-16 01:32:55,782|INFO|nn.computeOptunaObjective|Trial 21 balacc:|[0.5990015360983103]
2022-12-16 01:32:55,782|INFO|nn.computeOptunaObjective|Trial 21 rocauc:|[0.7059907834101382]
2022-12-16 01:32:55,782|INFO|nn.computeOptunaObjective|Trial 21 timings:|0.9848643000000017
2022-12-16 01:32:55,782|INFO|nn.computeOptunaObjective|Trial 21 objective:|0.5990015360983103
2022-12-16 01:32:56,509|INFO|nn.computeOptunaObjective|Trial 22 params:|{'n_layers': 4, 'architecture': 'inner', 'lr': 0.001, 'n_epochs': 100}
2022-12-16 01:32:56,509|INFO|nn.computeOptunaObjective|Trial 22 balacc:|[0.6122887864823349]
2022-12-16 01:32:56,509|INFO|nn.computeOptunaObjective|Trial 22 rocauc:|[0.6929339477726574]
2022-12-16 01:32:56,509|INFO|nn.computeOptunaObjective|Trial 22 timings:|0.7238639000000013
2022-12-16 01:32:56,509|INFO|nn.computeOptunaObjective|Trial 22 objective:|0.6122887864823349
2022-12-16 01:32:57,635|INFO|nn.computeOptunaObjective|Trial 23 params:|{'n_layers': 4, 'architecture': 'top', 'lr': 0.001, 'n_epochs': 150}
2022-12-16 01:32:57,635|INFO|nn.computeOptunaObjective|Trial 23 balacc:|[0.6311059907834101]
2022-12-16 01:32:57,635|INFO|nn.computeOptunaObjective|Trial 23 rocauc:|[0.6984639016897081]
2022-12-16 01:32:57,635|INFO|nn.computeOptunaObjective|Trial 23 timings:|1.1269987000000015
2022-12-16 01:32:57,635|INFO|nn.computeOptunaObjective|Trial 23 objective:|0.6311059907834101
2022-12-16 01:32:58,878|INFO|nn.computeOptunaObjective|Trial 24 params:|{'n_layers': 2, 'architecture': 'inner', 'lr': 0.0001, 'n_epochs': 200}
2022-12-16 01:32:58,879|INFO|nn.computeOptunaObjective|Trial 24 balacc:|[0.6124423963133641]
2022-12-16 01:32:58,879|INFO|nn.computeOptunaObjective|Trial 24 rocauc:|[0.6877112135176652]
2022-12-16 01:32:58,879|INFO|nn.computeOptunaObjective|Trial 24 timings:|1.2370026000000003
2022-12-16 01:32:58,879|INFO|nn.computeOptunaObjective|Trial 24 objective:|0.6124423963133641
2022-12-16 01:33:00,168|INFO|nn.computeOptunaObjective|Trial 25 params:|{'n_layers': 3, 'architecture': 'bottom', 'lr': 0.0001, 'n_epochs': 200}
2022-12-16 01:33:00,168|INFO|nn.computeOptunaObjective|Trial 25 balacc:|[0.6070660522273426]
2022-12-16 01:33:00,168|INFO|nn.computeOptunaObjective|Trial 25 rocauc:|[0.6797235023041475]
2022-12-16 01:33:00,168|INFO|nn.computeOptunaObjective|Trial 25 timings:|1.2935271999999998
2022-12-16 01:33:00,168|INFO|nn.computeOptunaObjective|Trial 25 objective:|0.6070660522273426
2022-12-16 01:33:01,124|INFO|nn.computeOptunaObjective|Trial 26 params:|{'n_layers': 2, 'architecture': 'outer', 'lr': 0.0001, 'n_epochs': 150}
2022-12-16 01:33:01,124|INFO|nn.computeOptunaObjective|Trial 26 balacc:|[0.5981566820276498]
2022-12-16 01:33:01,124|INFO|nn.computeOptunaObjective|Trial 26 rocauc:|[0.6973886328725037]
2022-12-16 01:33:01,124|INFO|nn.computeOptunaObjective|Trial 26 timings:|0.9491499000000019
2022-12-16 01:33:01,124|INFO|nn.computeOptunaObjective|Trial 26 objective:|0.5981566820276498
2022-12-16 01:33:01,817|INFO|nn.computeOptunaObjective|Trial 27 params:|{'n_layers': 3, 'architecture': 'inner', 'lr': 0.0001, 'n_epochs': 100}
2022-12-16 01:33:01,817|INFO|nn.computeOptunaObjective|Trial 27 balacc:|[0.5579877112135176]
2022-12-16 01:33:01,817|INFO|nn.computeOptunaObjective|Trial 27 rocauc:|[0.7092165898617512]
2022-12-16 01:33:01,818|INFO|nn.computeOptunaObjective|Trial 27 timings:|0.6865138000000002
2022-12-16 01:33:01,818|INFO|nn.computeOptunaObjective|Trial 27 objective:|0.5579877112135176
2022-12-16 01:33:02,807|INFO|nn.computeOptunaObjective|Trial 28 params:|{'n_layers': 3, 'architecture': 'top', 'lr': 0.001, 'n_epochs': 150}
2022-12-16 01:33:02,807|INFO|nn.computeOptunaObjective|Trial 28 balacc:|[0.6391705069124424]
2022-12-16 01:33:02,807|INFO|nn.computeOptunaObjective|Trial 28 rocauc:|[0.7044546850998464]
2022-12-16 01:33:02,808|INFO|nn.computeOptunaObjective|Trial 28 timings:|0.9872738000000041
2022-12-16 01:33:02,808|INFO|nn.computeOptunaObjective|Trial 28 objective:|0.6391705069124424
2022-12-16 01:33:03,505|INFO|nn.computeOptunaObjective|Trial 29 params:|{'n_layers': 4, 'architecture': 'outer', 'lr': 0.001, 'n_epochs': 100}
2022-12-16 01:33:03,505|INFO|nn.computeOptunaObjective|Trial 29 balacc:|[0.6221966205837173]
2022-12-16 01:33:03,505|INFO|nn.computeOptunaObjective|Trial 29 rocauc:|[0.7075268817204301]
2022-12-16 01:33:03,505|INFO|nn.computeOptunaObjective|Trial 29 timings:|0.7087654000000043
2022-12-16 01:33:03,505|INFO|nn.computeOptunaObjective|Trial 29 objective:|0.6221966205837173
2022-12-16 01:33:04,856|INFO|nn.computeOptunaObjective|Trial 30 params:|{'n_layers': 4, 'architecture': 'linear', 'lr': 0.0001, 'n_epochs': 200}
2022-12-16 01:33:04,856|INFO|nn.computeOptunaObjective|Trial 30 balacc:|[0.5954685099846391]
2022-12-16 01:33:04,856|INFO|nn.computeOptunaObjective|Trial 30 rocauc:|[0.6935483870967741]
2022-12-16 01:33:04,856|INFO|nn.computeOptunaObjective|Trial 30 timings:|1.342799399999997
2022-12-16 01:33:04,856|INFO|nn.computeOptunaObjective|Trial 30 objective:|0.5954685099846391
2022-12-16 01:33:05,567|INFO|nn.computeOptunaObjective|Trial 31 params:|{'n_layers': 3, 'architecture': 'top', 'lr': 0.0001, 'n_epochs': 100}
2022-12-16 01:33:05,568|INFO|nn.computeOptunaObjective|Trial 31 balacc:|[0.5865591397849462]
2022-12-16 01:33:05,568|INFO|nn.computeOptunaObjective|Trial 31 rocauc:|[0.7104454685099847]
2022-12-16 01:33:05,568|INFO|nn.computeOptunaObjective|Trial 31 timings:|0.6978521999999998
2022-12-16 01:33:05,568|INFO|nn.computeOptunaObjective|Trial 31 objective:|0.5865591397849462
2022-12-16 01:33:07,015|INFO|nn.computeOptunaObjective|Trial 32 params:|{'n_layers': 4, 'architecture': 'inner', 'lr': 0.001, 'n_epochs': 200}
2022-12-16 01:33:07,015|INFO|nn.computeOptunaObjective|Trial 32 balacc:|[0.6060675883256528]
2022-12-16 01:33:07,015|INFO|nn.computeOptunaObjective|Trial 32 rocauc:|[0.6944700460829493]
2022-12-16 01:33:07,015|INFO|nn.computeOptunaObjective|Trial 32 timings:|1.4441585000000003
2022-12-16 01:33:07,015|INFO|nn.computeOptunaObjective|Trial 32 objective:|0.6060675883256528
2022-12-16 01:33:07,983|INFO|nn.computeOptunaObjective|Trial 33 params:|{'n_layers': 3, 'architecture': 'bottom', 'lr': 0.001, 'n_epochs': 150}
2022-12-16 01:33:07,983|INFO|nn.computeOptunaObjective|Trial 33 balacc:|[0.590937019969278]
2022-12-16 01:33:07,983|INFO|nn.computeOptunaObjective|Trial 33 rocauc:|[0.681874039938556]
2022-12-16 01:33:07,983|INFO|nn.computeOptunaObjective|Trial 33 timings:|0.9662126000000058
2022-12-16 01:33:07,983|INFO|nn.computeOptunaObjective|Trial 33 objective:|0.590937019969278
2022-12-16 01:33:09,266|INFO|nn.computeOptunaObjective|Trial 34 params:|{'n_layers': 3, 'architecture': 'inner', 'lr': 0.001, 'n_epochs': 200}
2022-12-16 01:33:09,266|INFO|nn.computeOptunaObjective|Trial 34 balacc:|[0.6195084485407065]
2022-12-16 01:33:09,266|INFO|nn.computeOptunaObjective|Trial 34 rocauc:|[0.699615975422427]
2022-12-16 01:33:09,266|INFO|nn.computeOptunaObjective|Trial 34 timings:|1.2838640000000012
2022-12-16 01:33:09,266|INFO|nn.computeOptunaObjective|Trial 34 objective:|0.6195084485407065
2022-12-16 01:33:10,682|INFO|nn.computeOptunaObjective|Trial 35 params:|{'n_layers': 4, 'architecture': 'top', 'lr': 0.001, 'n_epochs': 200}
2022-12-16 01:33:10,682|INFO|nn.computeOptunaObjective|Trial 35 balacc:|[0.6221966205837173]
2022-12-16 01:33:10,682|INFO|nn.computeOptunaObjective|Trial 35 rocauc:|[0.6882488479262672]
2022-12-16 01:33:10,682|INFO|nn.computeOptunaObjective|Trial 35 timings:|1.4205985999999982
2022-12-16 01:33:10,682|INFO|nn.computeOptunaObjective|Trial 35 objective:|0.6221966205837173
2022-12-16 01:33:11,670|INFO|nn.computeOptunaObjective|Trial 36 params:|{'n_layers': 3, 'architecture': 'bottom', 'lr': 0.0001, 'n_epochs': 150}
2022-12-16 01:33:11,670|INFO|nn.computeOptunaObjective|Trial 36 balacc:|[0.6097542242703533]
2022-12-16 01:33:11,670|INFO|nn.computeOptunaObjective|Trial 36 rocauc:|[0.692626728110599]
2022-12-16 01:33:11,670|INFO|nn.computeOptunaObjective|Trial 36 timings:|0.9827519000000038
2022-12-16 01:33:11,670|INFO|nn.computeOptunaObjective|Trial 36 objective:|0.6097542242703533
2022-12-16 01:33:12,657|INFO|nn.computeOptunaObjective|Trial 37 params:|{'n_layers': 3, 'architecture': 'linear', 'lr': 0.0001, 'n_epochs': 150}
2022-12-16 01:33:12,657|INFO|nn.computeOptunaObjective|Trial 37 balacc:|[0.5981566820276498]
2022-12-16 01:33:12,657|INFO|nn.computeOptunaObjective|Trial 37 rocauc:|[0.6884792626728111]
2022-12-16 01:33:12,657|INFO|nn.computeOptunaObjective|Trial 37 timings:|0.9831164000000001
2022-12-16 01:33:12,657|INFO|nn.computeOptunaObjective|Trial 37 objective:|0.5981566820276498
2022-12-16 01:33:14,035|INFO|nn.computeOptunaObjective|Trial 38 params:|{'n_layers': 4, 'architecture': 'bottom', 'lr': 0.001, 'n_epochs': 200}
2022-12-16 01:33:14,035|INFO|nn.computeOptunaObjective|Trial 38 balacc:|[0.590937019969278]
2022-12-16 01:33:14,035|INFO|nn.computeOptunaObjective|Trial 38 rocauc:|[0.6842549923195085]
2022-12-16 01:33:14,035|INFO|nn.computeOptunaObjective|Trial 38 timings:|1.3604912999999996
2022-12-16 01:33:14,035|INFO|nn.computeOptunaObjective|Trial 38 objective:|0.590937019969278
2022-12-16 01:33:15,127|INFO|nn.computeOptunaObjective|Trial 39 params:|{'n_layers': 4, 'architecture': 'top', 'lr': 0.0001, 'n_epochs': 150}
2022-12-16 01:33:15,127|INFO|nn.computeOptunaObjective|Trial 39 balacc:|[0.6151305683563748]
2022-12-16 01:33:15,127|INFO|nn.computeOptunaObjective|Trial 39 rocauc:|[0.7029185867895545]
2022-12-16 01:33:15,127|INFO|nn.computeOptunaObjective|Trial 39 timings:|1.0884175999999997
2022-12-16 01:33:15,127|INFO|nn.computeOptunaObjective|Trial 39 objective:|0.6151305683563748
2022-12-16 01:33:16,434|INFO|nn.computeOptunaObjective|Trial 40 params:|{'n_layers': 3, 'architecture': 'linear', 'lr': 0.001, 'n_epochs': 200}
2022-12-16 01:33:16,435|INFO|nn.computeOptunaObjective|Trial 40 balacc:|[0.6132872503840245]
2022-12-16 01:33:16,435|INFO|nn.computeOptunaObjective|Trial 40 rocauc:|[0.6990783410138249]
2022-12-16 01:33:16,435|INFO|nn.computeOptunaObjective|Trial 40 timings:|1.3029378000000023
2022-12-16 01:33:16,435|INFO|nn.computeOptunaObjective|Trial 40 objective:|0.6132872503840245
2022-12-16 01:33:17,795|INFO|nn.computeOptunaObjective|Trial 41 params:|{'n_layers': 4, 'architecture': 'outer', 'lr': 0.001, 'n_epochs': 200}
2022-12-16 01:33:17,795|INFO|nn.computeOptunaObjective|Trial 41 balacc:|[0.6418586789554532]
2022-12-16 01:33:17,795|INFO|nn.computeOptunaObjective|Trial 41 rocauc:|[0.7043010752688172]
2022-12-16 01:33:17,795|INFO|nn.computeOptunaObjective|Trial 41 timings:|1.3565850999999967
2022-12-16 01:33:17,795|INFO|nn.computeOptunaObjective|Trial 41 objective:|0.6418586789554532
2022-12-16 01:33:18,723|INFO|nn.computeOptunaObjective|Trial 42 params:|{'n_layers': 2, 'architecture': 'linear', 'lr': 0.0001, 'n_epochs': 150}
2022-12-16 01:33:18,723|INFO|nn.computeOptunaObjective|Trial 42 balacc:|[0.6097542242703533]
2022-12-16 01:33:18,723|INFO|nn.computeOptunaObjective|Trial 42 rocauc:|[0.6880184331797234]
2022-12-16 01:33:18,723|INFO|nn.computeOptunaObjective|Trial 42 timings:|0.9327302999999958
2022-12-16 01:33:18,723|INFO|nn.computeOptunaObjective|Trial 42 objective:|0.6097542242703533
2022-12-16 01:33:19,808|INFO|nn.computeOptunaObjective|Trial 43 params:|{'n_layers': 4, 'architecture': 'linear', 'lr': 0.0001, 'n_epochs': 150}
2022-12-16 01:33:19,808|INFO|nn.computeOptunaObjective|Trial 43 balacc:|[0.5954685099846391]
2022-12-16 01:33:19,808|INFO|nn.computeOptunaObjective|Trial 43 rocauc:|[0.6990783410138248]
2022-12-16 01:33:19,808|INFO|nn.computeOptunaObjective|Trial 43 timings:|1.0728367999999975
2022-12-16 01:33:19,808|INFO|nn.computeOptunaObjective|Trial 43 objective:|0.5954685099846391
2022-12-16 01:33:21,194|INFO|nn.computeOptunaObjective|Trial 44 params:|{'n_layers': 4, 'architecture': 'outer', 'lr': 0.0001, 'n_epochs': 200}
2022-12-16 01:33:21,195|INFO|nn.computeOptunaObjective|Trial 44 balacc:|[0.5981566820276498]
2022-12-16 01:33:21,195|INFO|nn.computeOptunaObjective|Trial 44 rocauc:|[0.695852534562212]
2022-12-16 01:33:21,195|INFO|nn.computeOptunaObjective|Trial 44 timings:|1.3814470000000014
2022-12-16 01:33:21,195|INFO|nn.computeOptunaObjective|Trial 44 objective:|0.5981566820276498
2022-12-16 01:33:21,888|INFO|nn.computeOptunaObjective|Trial 45 params:|{'n_layers': 4, 'architecture': 'bottom', 'lr': 0.001, 'n_epochs': 100}
2022-12-16 01:33:21,888|INFO|nn.computeOptunaObjective|Trial 45 balacc:|[0.5936251920122888]
2022-12-16 01:33:21,888|INFO|nn.computeOptunaObjective|Trial 45 rocauc:|[0.6762672811059908]
2022-12-16 01:33:21,888|INFO|nn.computeOptunaObjective|Trial 45 timings:|0.6922487000000004
2022-12-16 01:33:21,888|INFO|nn.computeOptunaObjective|Trial 45 objective:|0.5936251920122888
2022-12-16 01:33:23,201|INFO|nn.computeOptunaObjective|Trial 46 params:|{'n_layers': 3, 'architecture': 'inner', 'lr': 0.0001, 'n_epochs': 200}
2022-12-16 01:33:23,201|INFO|nn.computeOptunaObjective|Trial 46 balacc:|[0.5981566820276498]
2022-12-16 01:33:23,201|INFO|nn.computeOptunaObjective|Trial 46 rocauc:|[0.6761904761904761]
2022-12-16 01:33:23,201|INFO|nn.computeOptunaObjective|Trial 46 timings:|1.306292500000005
2022-12-16 01:33:23,201|INFO|nn.computeOptunaObjective|Trial 46 objective:|0.5981566820276498
2022-12-16 01:33:24,130|INFO|nn.computeOptunaObjective|Trial 47 params:|{'n_layers': 2, 'architecture': 'top', 'lr': 0.001, 'n_epochs': 150}
2022-12-16 01:33:24,130|INFO|nn.computeOptunaObjective|Trial 47 balacc:|[0.5963133640552996]
2022-12-16 01:33:24,130|INFO|nn.computeOptunaObjective|Trial 47 rocauc:|[0.6887864823348694]
2022-12-16 01:33:24,130|INFO|nn.computeOptunaObjective|Trial 47 timings:|0.9271223999999947
2022-12-16 01:33:24,130|INFO|nn.computeOptunaObjective|Trial 47 objective:|0.5963133640552996
2022-12-16 01:33:24,787|INFO|nn.computeOptunaObjective|Trial 48 params:|{'n_layers': 2, 'architecture': 'inner', 'lr': 0.001, 'n_epochs': 100}
2022-12-16 01:33:24,787|INFO|nn.computeOptunaObjective|Trial 48 balacc:|[0.5936251920122888]
2022-12-16 01:33:24,787|INFO|nn.computeOptunaObjective|Trial 48 rocauc:|[0.6827188940092165]
2022-12-16 01:33:24,787|INFO|nn.computeOptunaObjective|Trial 48 timings:|0.6507969000000031
2022-12-16 01:33:24,788|INFO|nn.computeOptunaObjective|Trial 48 objective:|0.5936251920122888
2022-12-16 01:33:26,034|INFO|nn.computeOptunaObjective|Trial 49 params:|{'n_layers': 2, 'architecture': 'outer', 'lr': 0.0001, 'n_epochs': 200}
2022-12-16 01:33:26,034|INFO|nn.computeOptunaObjective|Trial 49 balacc:|[0.6097542242703533]
2022-12-16 01:33:26,034|INFO|nn.computeOptunaObjective|Trial 49 rocauc:|[0.6870967741935484]
2022-12-16 01:33:26,034|INFO|nn.computeOptunaObjective|Trial 49 timings:|1.2419725999999969
2022-12-16 01:33:26,034|INFO|nn.computeOptunaObjective|Trial 49 objective:|0.6097542242703533
2022-12-16 01:33:26,670|INFO|nn.computeOptunaObjective|Trial 50 params:|{'n_layers': 2, 'architecture': 'top', 'lr': 0.001, 'n_epochs': 100}
2022-12-16 01:33:26,670|INFO|nn.computeOptunaObjective|Trial 50 balacc:|[0.6105990783410138]
2022-12-16 01:33:26,670|INFO|nn.computeOptunaObjective|Trial 50 rocauc:|[0.6966973886328724]
2022-12-16 01:33:26,670|INFO|nn.computeOptunaObjective|Trial 50 timings:|0.6370438000000007
2022-12-16 01:33:26,670|INFO|nn.computeOptunaObjective|Trial 50 objective:|0.6105990783410138
2022-12-16 01:33:27,988|INFO|nn.computeOptunaObjective|Trial 51 params:|{'n_layers': 3, 'architecture': 'top', 'lr': 0.001, 'n_epochs': 200}
2022-12-16 01:33:27,988|INFO|nn.computeOptunaObjective|Trial 51 balacc:|[0.6364823348694316]
2022-12-16 01:33:27,988|INFO|nn.computeOptunaObjective|Trial 51 rocauc:|[0.7004608294930875]
2022-12-16 01:33:27,988|INFO|nn.computeOptunaObjective|Trial 51 timings:|1.3078345000000056
2022-12-16 01:33:27,988|INFO|nn.computeOptunaObjective|Trial 51 objective:|0.6364823348694316
2022-12-16 01:33:28,585|INFO|nn.computeOptunaObjective|Trial 52 params:|{'n_layers': 2, 'architecture': 'bottom', 'lr': 0.001, 'n_epochs': 100}
2022-12-16 01:33:28,585|INFO|nn.computeOptunaObjective|Trial 52 balacc:|[0.5882488479262673]
2022-12-16 01:33:28,585|INFO|nn.computeOptunaObjective|Trial 52 rocauc:|[0.6836405529953917]
2022-12-16 01:33:28,585|INFO|nn.computeOptunaObjective|Trial 52 timings:|0.600908699999998
2022-12-16 01:33:28,585|INFO|nn.computeOptunaObjective|Trial 52 objective:|0.5882488479262673
2022-12-16 01:33:29,534|INFO|nn.computeOptunaObjective|Trial 53 params:|{'n_layers': 2, 'architecture': 'outer', 'lr': 0.001, 'n_epochs': 150}
2022-12-16 01:33:29,534|INFO|nn.computeOptunaObjective|Trial 53 balacc:|[0.5936251920122888]
2022-12-16 01:33:29,534|INFO|nn.computeOptunaObjective|Trial 53 rocauc:|[0.6817972350230415]
2022-12-16 01:33:29,534|INFO|nn.computeOptunaObjective|Trial 53 timings:|0.9348229000000003
2022-12-16 01:33:29,534|INFO|nn.computeOptunaObjective|Trial 53 objective:|0.5936251920122888
2022-12-16 01:33:30,212|INFO|nn.computeOptunaObjective|Trial 54 params:|{'n_layers': 3, 'architecture': 'inner', 'lr': 0.001, 'n_epochs': 100}
2022-12-16 01:33:30,212|INFO|nn.computeOptunaObjective|Trial 54 balacc:|[0.624884792626728]
2022-12-16 01:33:30,212|INFO|nn.computeOptunaObjective|Trial 54 rocauc:|[0.7017665130568357]
2022-12-16 01:33:30,212|INFO|nn.computeOptunaObjective|Trial 54 timings:|0.6748098999999996
2022-12-16 01:33:30,212|INFO|nn.computeOptunaObjective|Trial 54 objective:|0.624884792626728
2022-12-16 01:33:31,188|INFO|nn.computeOptunaObjective|Trial 55 params:|{'n_layers': 3, 'architecture': 'inner', 'lr': 0.001, 'n_epochs': 150}
2022-12-16 01:33:31,188|INFO|nn.computeOptunaObjective|Trial 55 balacc:|[0.6221966205837173]
2022-12-16 01:33:31,188|INFO|nn.computeOptunaObjective|Trial 55 rocauc:|[0.6986175115207373]
2022-12-16 01:33:31,188|INFO|nn.computeOptunaObjective|Trial 55 timings:|0.9843273000000039
2022-12-16 01:33:31,188|INFO|nn.computeOptunaObjective|Trial 55 objective:|0.6221966205837173
2022-12-16 01:33:32,245|INFO|nn.computeOptunaObjective|Trial 56 params:|{'n_layers': 4, 'architecture': 'bottom', 'lr': 0.0001, 'n_epochs': 150}
2022-12-16 01:33:32,245|INFO|nn.computeOptunaObjective|Trial 56 balacc:|[0.5838709677419355]
2022-12-16 01:33:32,245|INFO|nn.computeOptunaObjective|Trial 56 rocauc:|[0.6969278033794163]
2022-12-16 01:33:32,245|INFO|nn.computeOptunaObjective|Trial 56 timings:|1.0391104999999996
2022-12-16 01:33:32,245|INFO|nn.computeOptunaObjective|Trial 56 objective:|0.5838709677419355
2022-12-16 01:33:32,873|INFO|nn.computeOptunaObjective|Trial 57 params:|{'n_layers': 2, 'architecture': 'linear', 'lr': 0.001, 'n_epochs': 100}
2022-12-16 01:33:32,873|INFO|nn.computeOptunaObjective|Trial 57 balacc:|[0.5936251920122888]
2022-12-16 01:33:32,873|INFO|nn.computeOptunaObjective|Trial 57 rocauc:|[0.6853302611367128]
2022-12-16 01:33:32,873|INFO|nn.computeOptunaObjective|Trial 57 timings:|0.6374248999999992
2022-12-16 01:33:32,873|INFO|nn.computeOptunaObjective|Trial 57 objective:|0.5936251920122888
2022-12-16 01:33:34,109|INFO|nn.computeOptunaObjective|Trial 58 params:|{'n_layers': 2, 'architecture': 'top', 'lr': 0.0001, 'n_epochs': 200}
2022-12-16 01:33:34,109|INFO|nn.computeOptunaObjective|Trial 58 balacc:|[0.5981566820276498]
2022-12-16 01:33:34,109|INFO|nn.computeOptunaObjective|Trial 58 rocauc:|[0.6886328725038402]
2022-12-16 01:33:34,109|INFO|nn.computeOptunaObjective|Trial 58 timings:|1.2158345000000068
2022-12-16 01:33:34,109|INFO|nn.computeOptunaObjective|Trial 58 objective:|0.5981566820276498
2022-12-16 01:33:34,718|INFO|nn.computeOptunaObjective|Trial 59 params:|{'n_layers': 2, 'architecture': 'linear', 'lr': 0.0001, 'n_epochs': 100}
2022-12-16 01:33:34,718|INFO|nn.computeOptunaObjective|Trial 59 balacc:|[0.5490783410138249]
2022-12-16 01:33:34,718|INFO|nn.computeOptunaObjective|Trial 59 rocauc:|[0.6990783410138249]
2022-12-16 01:33:34,718|INFO|nn.computeOptunaObjective|Trial 59 timings:|0.6186271999999917
2022-12-16 01:33:34,718|INFO|nn.computeOptunaObjective|Trial 59 objective:|0.5490783410138249
2022-12-16 01:33:35,977|INFO|nn.computeOptunaObjective|Trial 60 params:|{'n_layers': 2, 'architecture': 'linear', 'lr': 0.0001, 'n_epochs': 200}
2022-12-16 01:33:35,978|INFO|nn.computeOptunaObjective|Trial 60 balacc:|[0.6097542242703533]
2022-12-16 01:33:35,978|INFO|nn.computeOptunaObjective|Trial 60 rocauc:|[0.68678955453149]
2022-12-16 01:33:35,978|INFO|nn.computeOptunaObjective|Trial 60 timings:|1.2401468999999992
2022-12-16 01:33:35,978|INFO|nn.computeOptunaObjective|Trial 60 objective:|0.6097542242703533
2022-12-16 01:33:36,630|INFO|nn.computeOptunaObjective|Trial 61 params:|{'n_layers': 2, 'architecture': 'outer', 'lr': 0.001, 'n_epochs': 100}
2022-12-16 01:33:36,630|INFO|nn.computeOptunaObjective|Trial 61 balacc:|[0.5963133640552996]
2022-12-16 01:33:36,630|INFO|nn.computeOptunaObjective|Trial 61 rocauc:|[0.6841013824884793]
2022-12-16 01:33:36,630|INFO|nn.computeOptunaObjective|Trial 61 timings:|0.6477842000000038
2022-12-16 01:33:36,630|INFO|nn.computeOptunaObjective|Trial 61 objective:|0.5963133640552996
2022-12-16 01:33:37,693|INFO|nn.computeOptunaObjective|Trial 62 params:|{'n_layers': 4, 'architecture': 'bottom', 'lr': 0.001, 'n_epochs': 150}
2022-12-16 01:33:37,693|INFO|nn.computeOptunaObjective|Trial 62 balacc:|[0.5855606758832566]
2022-12-16 01:33:37,693|INFO|nn.computeOptunaObjective|Trial 62 rocauc:|[0.6966973886328726]
2022-12-16 01:33:37,693|INFO|nn.computeOptunaObjective|Trial 62 timings:|1.0574162999999999
2022-12-16 01:33:37,694|INFO|nn.computeOptunaObjective|Trial 62 objective:|0.5855606758832566
2022-12-16 01:33:38,637|INFO|nn.computeOptunaObjective|Trial 63 params:|{'n_layers': 2, 'architecture': 'top', 'lr': 0.0001, 'n_epochs': 150}
2022-12-16 01:33:38,637|INFO|nn.computeOptunaObjective|Trial 63 balacc:|[0.5981566820276498]
2022-12-16 01:33:38,637|INFO|nn.computeOptunaObjective|Trial 63 rocauc:|[0.6923195084485407]
2022-12-16 01:33:38,637|INFO|nn.computeOptunaObjective|Trial 63 timings:|0.9379825000000039
2022-12-16 01:33:38,638|INFO|nn.computeOptunaObjective|Trial 63 objective:|0.5981566820276498
2022-12-16 01:33:39,645|INFO|nn.computeOptunaObjective|Trial 64 params:|{'n_layers': 3, 'architecture': 'inner', 'lr': 0.0001, 'n_epochs': 150}
2022-12-16 01:33:39,645|INFO|nn.computeOptunaObjective|Trial 64 balacc:|[0.5981566820276498]
2022-12-16 01:33:39,645|INFO|nn.computeOptunaObjective|Trial 64 rocauc:|[0.6929339477726574]
2022-12-16 01:33:39,645|INFO|nn.computeOptunaObjective|Trial 64 timings:|1.0120402999999953
2022-12-16 01:33:39,645|INFO|nn.computeOptunaObjective|Trial 64 objective:|0.5981566820276498
2022-12-16 01:33:40,358|INFO|nn.computeOptunaObjective|Trial 65 params:|{'n_layers': 3, 'architecture': 'outer', 'lr': 0.0001, 'n_epochs': 100}
2022-12-16 01:33:40,358|INFO|nn.computeOptunaObjective|Trial 65 balacc:|[0.5579877112135176]
2022-12-16 01:33:40,358|INFO|nn.computeOptunaObjective|Trial 65 rocauc:|[0.7073732718894009]
2022-12-16 01:33:40,358|INFO|nn.computeOptunaObjective|Trial 65 timings:|0.6981243999999975
2022-12-16 01:33:40,358|INFO|nn.computeOptunaObjective|Trial 65 objective:|0.5579877112135176
2022-12-16 01:33:41,296|INFO|nn.computeOptunaObjective|Trial 66 params:|{'n_layers': 2, 'architecture': 'inner', 'lr': 0.001, 'n_epochs': 150}
2022-12-16 01:33:41,296|INFO|nn.computeOptunaObjective|Trial 66 balacc:|[0.5936251920122888]
2022-12-16 01:33:41,296|INFO|nn.computeOptunaObjective|Trial 66 rocauc:|[0.6810291858678955]
2022-12-16 01:33:41,296|INFO|nn.computeOptunaObjective|Trial 66 timings:|0.9463348999999965
2022-12-16 01:33:41,296|INFO|nn.computeOptunaObjective|Trial 66 objective:|0.5936251920122888
2022-12-16 01:33:42,020|INFO|nn.computeOptunaObjective|Trial 67 params:|{'n_layers': 4, 'architecture': 'linear', 'lr': 0.0001, 'n_epochs': 100}
2022-12-16 01:33:42,020|INFO|nn.computeOptunaObjective|Trial 67 balacc:|[0.5579877112135176]
2022-12-16 01:33:42,020|INFO|nn.computeOptunaObjective|Trial 67 rocauc:|[0.709984639016897]
2022-12-16 01:33:42,020|INFO|nn.computeOptunaObjective|Trial 67 timings:|0.7188045999999986
2022-12-16 01:33:42,020|INFO|nn.computeOptunaObjective|Trial 67 objective:|0.5579877112135176
2022-12-16 01:33:42,676|INFO|nn.computeOptunaObjective|Trial 68 params:|{'n_layers': 2, 'architecture': 'outer', 'lr': 0.0001, 'n_epochs': 100}
2022-12-16 01:33:42,676|INFO|nn.computeOptunaObjective|Trial 68 balacc:|[0.5463901689708142]
2022-12-16 01:33:42,676|INFO|nn.computeOptunaObjective|Trial 68 rocauc:|[0.6987711213517666]
2022-12-16 01:33:42,676|INFO|nn.computeOptunaObjective|Trial 68 timings:|0.6374220000000008
2022-12-16 01:33:42,676|INFO|nn.computeOptunaObjective|Trial 68 objective:|0.5463901689708142
2022-12-16 01:33:43,763|INFO|nn.computeOptunaObjective|Trial 69 params:|{'n_layers': 4, 'architecture': 'inner', 'lr': 0.0001, 'n_epochs': 150}
2022-12-16 01:33:43,763|INFO|nn.computeOptunaObjective|Trial 69 balacc:|[0.6008448540706606]
2022-12-16 01:33:43,763|INFO|nn.computeOptunaObjective|Trial 69 rocauc:|[0.6980030721966206]
2022-12-16 01:33:43,763|INFO|nn.computeOptunaObjective|Trial 69 timings:|1.0881669999999986
2022-12-16 01:33:43,763|INFO|nn.computeOptunaObjective|Trial 69 objective:|0.6008448540706606
2022-12-16 01:33:45,212|INFO|nn.computeOptunaObjective|Trial 70 params:|{'n_layers': 4, 'architecture': 'top', 'lr': 0.0001, 'n_epochs': 200}
2022-12-16 01:33:45,212|INFO|nn.computeOptunaObjective|Trial 70 balacc:|[0.5954685099846391]
2022-12-16 01:33:45,212|INFO|nn.computeOptunaObjective|Trial 70 rocauc:|[0.7090629800307221]
2022-12-16 01:33:45,212|INFO|nn.computeOptunaObjective|Trial 70 timings:|1.4487594999999942
2022-12-16 01:33:45,212|INFO|nn.computeOptunaObjective|Trial 70 objective:|0.5954685099846391
2022-12-16 01:33:45,864|INFO|nn.computeOptunaObjective|Trial 71 params:|{'n_layers': 2, 'architecture': 'inner', 'lr': 0.0001, 'n_epochs': 100}
2022-12-16 01:33:45,864|INFO|nn.computeOptunaObjective|Trial 71 balacc:|[0.5463901689708142]
2022-12-16 01:33:45,864|INFO|nn.computeOptunaObjective|Trial 71 rocauc:|[0.7004608294930875]
2022-12-16 01:33:45,864|INFO|nn.computeOptunaObjective|Trial 71 timings:|0.6318028000000027
2022-12-16 01:33:45,864|INFO|nn.computeOptunaObjective|Trial 71 objective:|0.5463901689708142
2022-12-16 01:33:46,488|INFO|nn.computeOptunaObjective|Trial 72 params:|{'n_layers': 2, 'architecture': 'top', 'lr': 0.0001, 'n_epochs': 100}
2022-12-16 01:33:46,488|INFO|nn.computeOptunaObjective|Trial 72 balacc:|[0.5579877112135176]
2022-12-16 01:33:46,488|INFO|nn.computeOptunaObjective|Trial 72 rocauc:|[0.7095238095238096]
2022-12-16 01:33:46,488|INFO|nn.computeOptunaObjective|Trial 72 timings:|0.632441
2022-12-16 01:33:46,488|INFO|nn.computeOptunaObjective|Trial 72 objective:|0.5579877112135176
2022-12-16 01:33:47,942|INFO|nn.computeOptunaObjective|Trial 73 params:|{'n_layers': 4, 'architecture': 'inner', 'lr': 0.0001, 'n_epochs': 200}
2022-12-16 01:33:47,942|INFO|nn.computeOptunaObjective|Trial 73 balacc:|[0.5874039938556068]
2022-12-16 01:33:47,942|INFO|nn.computeOptunaObjective|Trial 73 rocauc:|[0.7178187403993855]
2022-12-16 01:33:47,942|INFO|nn.computeOptunaObjective|Trial 73 timings:|1.4399949999999961
2022-12-16 01:33:47,942|INFO|nn.computeOptunaObjective|Trial 73 objective:|0.5874039938556068
2022-12-16 01:33:48,633|INFO|nn.computeOptunaObjective|Trial 74 params:|{'n_layers': 3, 'architecture': 'linear', 'lr': 0.001, 'n_epochs': 100}
2022-12-16 01:33:48,633|INFO|nn.computeOptunaObjective|Trial 74 balacc:|[0.6221966205837173]
2022-12-16 01:33:48,633|INFO|nn.computeOptunaObjective|Trial 74 rocauc:|[0.7006912442396313]
2022-12-16 01:33:48,633|INFO|nn.computeOptunaObjective|Trial 74 timings:|0.6861195999999978
2022-12-16 01:33:48,633|INFO|nn.computeOptunaObjective|Trial 74 objective:|0.6221966205837173
2022-12-16 01:33:49,916|INFO|nn.computeOptunaObjective|Trial 75 params:|{'n_layers': 3, 'architecture': 'bottom', 'lr': 0.001, 'n_epochs': 200}
2022-12-16 01:33:49,916|INFO|nn.computeOptunaObjective|Trial 75 balacc:|[0.5936251920122888]
2022-12-16 01:33:49,916|INFO|nn.computeOptunaObjective|Trial 75 rocauc:|[0.6855606758832565]
2022-12-16 01:33:49,916|INFO|nn.computeOptunaObjective|Trial 75 timings:|1.272145000000009
2022-12-16 01:33:49,916|INFO|nn.computeOptunaObjective|Trial 75 objective:|0.5936251920122888
2022-12-16 01:33:50,542|INFO|nn.computeOptunaObjective|Trial 76 params:|{'n_layers': 2, 'architecture': 'bottom', 'lr': 0.0001, 'n_epochs': 100}
2022-12-16 01:33:50,542|INFO|nn.computeOptunaObjective|Trial 76 balacc:|[0.5517665130568357]
2022-12-16 01:33:50,543|INFO|nn.computeOptunaObjective|Trial 76 rocauc:|[0.6846390168970814]
2022-12-16 01:33:50,543|INFO|nn.computeOptunaObjective|Trial 76 timings:|0.6169737000000026
2022-12-16 01:33:50,543|INFO|nn.computeOptunaObjective|Trial 76 objective:|0.5517665130568357
2022-12-16 01:33:51,270|INFO|nn.computeOptunaObjective|Trial 77 params:|{'n_layers': 4, 'architecture': 'outer', 'lr': 0.0001, 'n_epochs': 100}
2022-12-16 01:33:51,270|INFO|nn.computeOptunaObjective|Trial 77 balacc:|[0.5606758832565284]
2022-12-16 01:33:51,270|INFO|nn.computeOptunaObjective|Trial 77 rocauc:|[0.7087557603686636]
2022-12-16 01:33:51,270|INFO|nn.computeOptunaObjective|Trial 77 timings:|0.7241708000000102
2022-12-16 01:33:51,270|INFO|nn.computeOptunaObjective|Trial 77 objective:|0.5606758832565284
2022-12-16 01:33:52,494|INFO|nn.computeOptunaObjective|Trial 78 params:|{'n_layers': 2, 'architecture': 'linear', 'lr': 0.001, 'n_epochs': 200}
2022-12-16 01:33:52,494|INFO|nn.computeOptunaObjective|Trial 78 balacc:|[0.5936251920122888]
2022-12-16 01:33:52,494|INFO|nn.computeOptunaObjective|Trial 78 rocauc:|[0.6834869431643625]
2022-12-16 01:33:52,494|INFO|nn.computeOptunaObjective|Trial 78 timings:|1.2280688000000026
2022-12-16 01:33:52,494|INFO|nn.computeOptunaObjective|Trial 78 objective:|0.5936251920122888
2022-12-16 01:33:53,506|INFO|nn.computeOptunaObjective|Trial 79 params:|{'n_layers': 3, 'architecture': 'top', 'lr': 0.0001, 'n_epochs': 150}
2022-12-16 01:33:53,506|INFO|nn.computeOptunaObjective|Trial 79 balacc:|[0.6008448540706606]
2022-12-16 01:33:53,507|INFO|nn.computeOptunaObjective|Trial 79 rocauc:|[0.6892473118279571]
2022-12-16 01:33:53,507|INFO|nn.computeOptunaObjective|Trial 79 timings:|0.994315499999999
2022-12-16 01:33:53,507|INFO|nn.computeOptunaObjective|Trial 79 objective:|0.6008448540706606
2022-12-16 01:33:54,789|INFO|nn.computeOptunaObjective|Trial 80 params:|{'n_layers': 3, 'architecture': 'outer', 'lr': 0.001, 'n_epochs': 200}
2022-12-16 01:33:54,789|INFO|nn.computeOptunaObjective|Trial 80 balacc:|[0.6105990783410138]
2022-12-16 01:33:54,789|INFO|nn.computeOptunaObjective|Trial 80 rocauc:|[0.6996927803379416]
2022-12-16 01:33:54,789|INFO|nn.computeOptunaObjective|Trial 80 timings:|1.2839685000000003
2022-12-16 01:33:54,789|INFO|nn.computeOptunaObjective|Trial 80 objective:|0.6105990783410138
2022-12-16 01:33:55,865|INFO|nn.computeOptunaObjective|Trial 81 params:|{'n_layers': 4, 'architecture': 'outer', 'lr': 0.0001, 'n_epochs': 150}
2022-12-16 01:33:55,865|INFO|nn.computeOptunaObjective|Trial 81 balacc:|[0.5838709677419355]
2022-12-16 01:33:55,865|INFO|nn.computeOptunaObjective|Trial 81 rocauc:|[0.7086021505376344]
2022-12-16 01:33:55,865|INFO|nn.computeOptunaObjective|Trial 81 timings:|1.0621160000000032
2022-12-16 01:33:55,865|INFO|nn.computeOptunaObjective|Trial 81 objective:|0.5838709677419355
2022-12-16 01:33:57,082|INFO|nn.computeOptunaObjective|Trial 82 params:|{'n_layers': 2, 'architecture': 'bottom', 'lr': 0.0001, 'n_epochs': 200}
2022-12-16 01:33:57,082|INFO|nn.computeOptunaObjective|Trial 82 balacc:|[0.6070660522273426]
2022-12-16 01:33:57,082|INFO|nn.computeOptunaObjective|Trial 82 rocauc:|[0.68678955453149]
2022-12-16 01:33:57,082|INFO|nn.computeOptunaObjective|Trial 82 timings:|1.2101334999999978
2022-12-16 01:33:57,082|INFO|nn.computeOptunaObjective|Trial 82 objective:|0.6070660522273426
2022-12-16 01:33:58,181|INFO|nn.computeOptunaObjective|Trial 83 params:|{'n_layers': 4, 'architecture': 'inner', 'lr': 0.001, 'n_epochs': 150}
2022-12-16 01:33:58,181|INFO|nn.computeOptunaObjective|Trial 83 balacc:|[0.624884792626728]
2022-12-16 01:33:58,181|INFO|nn.computeOptunaObjective|Trial 83 rocauc:|[0.6940092165898617]
2022-12-16 01:33:58,181|INFO|nn.computeOptunaObjective|Trial 83 timings:|1.092800600000004
2022-12-16 01:33:58,182|INFO|nn.computeOptunaObjective|Trial 83 objective:|0.624884792626728
2022-12-16 01:33:58,849|INFO|nn.computeOptunaObjective|Trial 84 params:|{'n_layers': 3, 'architecture': 'bottom', 'lr': 0.0001, 'n_epochs': 100}
2022-12-16 01:33:58,849|INFO|nn.computeOptunaObjective|Trial 84 balacc:|[0.5231950844854071]
2022-12-16 01:33:58,849|INFO|nn.computeOptunaObjective|Trial 84 rocauc:|[0.6815668202764977]
2022-12-16 01:33:58,849|INFO|nn.computeOptunaObjective|Trial 84 timings:|0.6613308999999958
2022-12-16 01:33:58,849|INFO|nn.computeOptunaObjective|Trial 84 objective:|0.5231950844854071
2022-12-16 01:33:59,571|INFO|nn.computeOptunaObjective|Trial 85 params:|{'n_layers': 4, 'architecture': 'linear', 'lr': 0.001, 'n_epochs': 100}
2022-12-16 01:33:59,571|INFO|nn.computeOptunaObjective|Trial 85 balacc:|[0.6168202764976958]
2022-12-16 01:33:59,571|INFO|nn.computeOptunaObjective|Trial 85 rocauc:|[0.6990015360983104]
2022-12-16 01:33:59,571|INFO|nn.computeOptunaObjective|Trial 85 timings:|0.7149570999999924
2022-12-16 01:33:59,571|INFO|nn.computeOptunaObjective|Trial 85 objective:|0.6168202764976958
2022-12-16 01:34:00,560|INFO|nn.computeOptunaObjective|Trial 86 params:|{'n_layers': 3, 'architecture': 'linear', 'lr': 0.001, 'n_epochs': 150}
2022-12-16 01:34:00,560|INFO|nn.computeOptunaObjective|Trial 86 balacc:|[0.6195084485407065]
2022-12-16 01:34:00,560|INFO|nn.computeOptunaObjective|Trial 86 rocauc:|[0.6998463901689709]
2022-12-16 01:34:00,560|INFO|nn.computeOptunaObjective|Trial 86 timings:|0.9871413000000047
2022-12-16 01:34:00,560|INFO|nn.computeOptunaObjective|Trial 86 objective:|0.6195084485407065
2022-12-16 01:34:01,317|INFO|nn.computeOptunaObjective|Trial 87 params:|{'n_layers': 4, 'architecture': 'inner', 'lr': 0.0001, 'n_epochs': 100}
2022-12-16 01:34:01,317|INFO|nn.computeOptunaObjective|Trial 87 balacc:|[0.5606758832565284]
2022-12-16 01:34:01,317|INFO|nn.computeOptunaObjective|Trial 87 rocauc:|[0.708294930875576]
2022-12-16 01:34:01,317|INFO|nn.computeOptunaObjective|Trial 87 timings:|0.7457866000000024
2022-12-16 01:34:01,317|INFO|nn.computeOptunaObjective|Trial 87 objective:|0.5606758832565284
2022-12-16 01:34:02,669|INFO|nn.computeOptunaObjective|Trial 88 params:|{'n_layers': 4, 'architecture': 'bottom', 'lr': 0.0001, 'n_epochs': 200}
2022-12-16 01:34:02,669|INFO|nn.computeOptunaObjective|Trial 88 balacc:|[0.618663594470046]
2022-12-16 01:34:02,670|INFO|nn.computeOptunaObjective|Trial 88 rocauc:|[0.6806451612903226]
2022-12-16 01:34:02,670|INFO|nn.computeOptunaObjective|Trial 88 timings:|1.3455270999999982
2022-12-16 01:34:02,670|INFO|nn.computeOptunaObjective|Trial 88 objective:|0.618663594470046
2022-12-16 01:34:03,721|INFO|nn.computeOptunaObjective|Trial 89 params:|{'n_layers': 4, 'architecture': 'outer', 'lr': 0.001, 'n_epochs': 150}
2022-12-16 01:34:03,721|INFO|nn.computeOptunaObjective|Trial 89 balacc:|[0.6364823348694316]
2022-12-16 01:34:03,721|INFO|nn.computeOptunaObjective|Trial 89 rocauc:|[0.7038402457757297]
2022-12-16 01:34:03,721|INFO|nn.computeOptunaObjective|Trial 89 timings:|1.0563888000000077
2022-12-16 01:34:03,721|INFO|nn.computeOptunaObjective|Trial 89 objective:|0.6364823348694316
2022-12-16 01:34:03,738|INFO|mtg.runMTGExperiment|Best trial number:|41
2022-12-16 01:34:03,738|INFO|mtg.runMTGExperiment|Best trial objective:|0.6418586789554532
2022-12-16 01:34:03,738|INFO|mtg.runMTGExperiment|Best trial params:|{'n_layers': 4, 'architecture': 'outer', 'lr': 0.001, 'n_epochs': 200}
2022-12-16 01:34:03,744|INFO|nn.loadModellingDataset|Trainval descriptors loaded (features, instances):|1024|1018
2022-12-16 01:34:03,744|INFO|nn.loadModellingDataset|Trainval endpoints loaded (tasks, instances):|1|1018
2022-12-16 01:34:03,746|INFO|nn.loadModellingDataset|Test descriptors loaded (features, instances):|1024|89
2022-12-16 01:34:03,746|INFO|nn.loadModellingDataset|Test endpoints loaded (tasks, instances):|1|89
2022-12-16 01:34:03,746|INFO|mtg.runMTGExperiment|Final neural network hyperparams:|{'n_layers': 4, 'architecture': 'outer', 'lr': 0.001, 'n_epochs': 200, 'best_trial_num': 41}
2022-12-16 01:34:05,501|INFO|nn.testFinalModel|Final model test balacc:|[0.6742857142857143]
2022-12-16 01:34:05,501|INFO|nn.testFinalModel|Final model test rocauc:|[0.7676190476190476]
2022-12-16 01:34:05,501|INFO|mtg.runMTGExperiment|Mechanistic task grouping experiment timing:|93.776327
2022-12-16 01:34:05,501|INFO|mtg.runMTGExperiment|DONE
