2023-06-17 02:34:50,607|INFO|__main__.startLogging|>>>> START LOGGING A GMTAMES EXPERIMENT
2023-06-17 02:34:50,607|INFO|__main__.startLogging|mode:|mtg
2023-06-17 02:34:50,607|INFO|__main__.startLogging|tasks:|TA104_S9
2023-06-17 02:34:50,607|INFO|__main__.startLogging|testsplit:|maxmin
2023-06-17 02:34:50,607|INFO|__main__.startLogging|output:|mtg_experiment_maxmin
2023-06-17 02:34:50,607|INFO|__main__.startLogging|device:|titanv
2023-06-17 02:34:50,607|INFO|__main__.startLogging|DONE
2023-06-17 02:34:50,607|INFO|mtg.runMTGExperiment|>>>> RUNNING MECHANISTIC TASK GROUPING EXPERIMENT
2023-06-17 02:34:50,763|INFO|mtg.runMTGExperiment|Device confirmed:|cuda:0
2023-06-17 02:34:51,950|INFO|nn.loadModellingDataset|Train descriptors loaded (features, instances):|1024|231
2023-06-17 02:34:51,950|INFO|nn.loadModellingDataset|Train endpoints loaded (tasks, instances):|1|231
2023-06-17 02:34:51,950|INFO|nn.loadModellingDataset|Val descriptors loaded (features, instances):|1024|66
2023-06-17 02:34:51,950|INFO|nn.loadModellingDataset|Val endpoints loaded (tasks, instances):|1|66
2023-06-17 02:34:53,278|INFO|nn.computeOptunaObjective|Trial 0 params:|{'n_layers': 2, 'architecture': 'top', 'lr': 0.001, 'n_epochs': 200}
2023-06-17 02:34:53,278|INFO|nn.computeOptunaObjective|Trial 0 balacc:|[0.6944777911164466]
2023-06-17 02:34:53,278|INFO|nn.computeOptunaObjective|Trial 0 rocauc:|[0.7503001200480193]
2023-06-17 02:34:53,278|INFO|nn.computeOptunaObjective|Trial 0 timings:|1.3352716
2023-06-17 02:34:53,278|INFO|nn.computeOptunaObjective|Trial 0 objective:|0.6944777911164466
2023-06-17 02:34:53,840|INFO|nn.computeOptunaObjective|Trial 1 params:|{'n_layers': 4, 'architecture': 'top', 'lr': 0.001, 'n_epochs': 100}
2023-06-17 02:34:53,840|INFO|nn.computeOptunaObjective|Trial 1 balacc:|[0.7226890756302521]
2023-06-17 02:34:53,840|INFO|nn.computeOptunaObjective|Trial 1 rocauc:|[0.7635054021608643]
2023-06-17 02:34:53,856|INFO|nn.computeOptunaObjective|Trial 1 timings:|0.5643579999999995
2023-06-17 02:34:53,856|INFO|nn.computeOptunaObjective|Trial 1 objective:|0.7226890756302521
2023-06-17 02:34:54,387|INFO|nn.computeOptunaObjective|Trial 2 params:|{'n_layers': 3, 'architecture': 'outer', 'lr': 0.001, 'n_epochs': 100}
2023-06-17 02:34:54,387|INFO|nn.computeOptunaObjective|Trial 2 balacc:|[0.723889555822329]
2023-06-17 02:34:54,387|INFO|nn.computeOptunaObjective|Trial 2 rocauc:|[0.7472989195678271]
2023-06-17 02:34:54,387|INFO|nn.computeOptunaObjective|Trial 2 timings:|0.5335856999999997
2023-06-17 02:34:54,387|INFO|nn.computeOptunaObjective|Trial 2 objective:|0.723889555822329
2023-06-17 02:34:54,903|INFO|nn.computeOptunaObjective|Trial 3 params:|{'n_layers': 4, 'architecture': 'bottom', 'lr': 0.0001, 'n_epochs': 100}
2023-06-17 02:34:54,903|INFO|nn.computeOptunaObjective|Trial 3 balacc:|[0.5294117647058824]
2023-06-17 02:34:54,903|INFO|nn.computeOptunaObjective|Trial 3 rocauc:|[0.7418967587034814]
2023-06-17 02:34:54,903|INFO|nn.computeOptunaObjective|Trial 3 timings:|0.5137061000000003
2023-06-17 02:34:54,903|INFO|nn.computeOptunaObjective|Trial 3 objective:|0.5294117647058824
2023-06-17 02:34:55,481|INFO|nn.computeOptunaObjective|Trial 4 params:|{'n_layers': 2, 'architecture': 'bottom', 'lr': 0.001, 'n_epochs': 150}
2023-06-17 02:34:55,481|INFO|nn.computeOptunaObjective|Trial 4 balacc:|[0.6944777911164466]
2023-06-17 02:34:55,481|INFO|nn.computeOptunaObjective|Trial 4 rocauc:|[0.7346938775510204]
2023-06-17 02:34:55,481|INFO|nn.computeOptunaObjective|Trial 4 timings:|0.5750316
2023-06-17 02:34:55,481|INFO|nn.computeOptunaObjective|Trial 4 objective:|0.6944777911164466
2023-06-17 02:34:56,262|INFO|nn.computeOptunaObjective|Trial 5 params:|{'n_layers': 3, 'architecture': 'outer', 'lr': 0.0001, 'n_epochs': 200}
2023-06-17 02:34:56,262|INFO|nn.computeOptunaObjective|Trial 5 balacc:|[0.6662665066026411]
2023-06-17 02:34:56,262|INFO|nn.computeOptunaObjective|Trial 5 rocauc:|[0.7575030012004802]
2023-06-17 02:34:56,262|INFO|nn.computeOptunaObjective|Trial 5 timings:|0.7892047999999994
2023-06-17 02:34:56,262|INFO|nn.computeOptunaObjective|Trial 5 objective:|0.6662665066026411
2023-06-17 02:34:56,730|INFO|nn.computeOptunaObjective|Trial 6 params:|{'n_layers': 4, 'architecture': 'top', 'lr': 0.0001, 'n_epochs': 100}
2023-06-17 02:34:56,730|INFO|nn.computeOptunaObjective|Trial 6 balacc:|[0.6266506602641057]
2023-06-17 02:34:56,730|INFO|nn.computeOptunaObjective|Trial 6 rocauc:|[0.7611044417767105]
2023-06-17 02:34:56,730|INFO|nn.computeOptunaObjective|Trial 6 timings:|0.4559873000000003
2023-06-17 02:34:56,730|INFO|nn.computeOptunaObjective|Trial 6 objective:|0.6266506602641057
2023-06-17 02:34:57,121|INFO|nn.computeOptunaObjective|Trial 7 params:|{'n_layers': 3, 'architecture': 'bottom', 'lr': 0.001, 'n_epochs': 100}
2023-06-17 02:34:57,121|INFO|nn.computeOptunaObjective|Trial 7 balacc:|[0.6842737094837935]
2023-06-17 02:34:57,121|INFO|nn.computeOptunaObjective|Trial 7 rocauc:|[0.73109243697479]
2023-06-17 02:34:57,121|INFO|nn.computeOptunaObjective|Trial 7 timings:|0.388888699999999
2023-06-17 02:34:57,121|INFO|nn.computeOptunaObjective|Trial 7 objective:|0.6842737094837935
2023-06-17 02:34:57,543|INFO|nn.computeOptunaObjective|Trial 8 params:|{'n_layers': 3, 'architecture': 'linear', 'lr': 0.0001, 'n_epochs': 100}
2023-06-17 02:34:57,543|INFO|nn.computeOptunaObjective|Trial 8 balacc:|[0.5882352941176471]
2023-06-17 02:34:57,543|INFO|nn.computeOptunaObjective|Trial 8 rocauc:|[0.7394957983193278]
2023-06-17 02:34:57,543|INFO|nn.computeOptunaObjective|Trial 8 timings:|0.4275575000000007
2023-06-17 02:34:57,543|INFO|nn.computeOptunaObjective|Trial 8 objective:|0.5882352941176471
2023-06-17 02:34:58,121|INFO|nn.computeOptunaObjective|Trial 9 params:|{'n_layers': 2, 'architecture': 'bottom', 'lr': 0.0001, 'n_epochs': 150}
2023-06-17 02:34:58,121|INFO|nn.computeOptunaObjective|Trial 9 balacc:|[0.6662665066026411]
2023-06-17 02:34:58,121|INFO|nn.computeOptunaObjective|Trial 9 rocauc:|[0.7503001200480193]
2023-06-17 02:34:58,121|INFO|nn.computeOptunaObjective|Trial 9 timings:|0.5722013999999991
2023-06-17 02:34:58,121|INFO|nn.computeOptunaObjective|Trial 9 objective:|0.6662665066026411
2023-06-17 02:34:58,886|INFO|nn.computeOptunaObjective|Trial 10 params:|{'n_layers': 2, 'architecture': 'bottom', 'lr': 0.001, 'n_epochs': 200}
2023-06-17 02:34:58,886|INFO|nn.computeOptunaObjective|Trial 10 balacc:|[0.6944777911164466]
2023-06-17 02:34:58,886|INFO|nn.computeOptunaObjective|Trial 10 rocauc:|[0.7358943577430972]
2023-06-17 02:34:58,886|INFO|nn.computeOptunaObjective|Trial 10 timings:|0.7581351000000005
2023-06-17 02:34:58,886|INFO|nn.computeOptunaObjective|Trial 10 objective:|0.6944777911164466
2023-06-17 02:34:59,573|INFO|nn.computeOptunaObjective|Trial 11 params:|{'n_layers': 4, 'architecture': 'linear', 'lr': 0.001, 'n_epochs': 150}
2023-06-17 02:34:59,573|INFO|nn.computeOptunaObjective|Trial 11 balacc:|[0.7533013205282113]
2023-06-17 02:34:59,573|INFO|nn.computeOptunaObjective|Trial 11 rocauc:|[0.7388955582232893]
2023-06-17 02:34:59,573|INFO|nn.computeOptunaObjective|Trial 11 timings:|0.6929716999999993
2023-06-17 02:34:59,573|INFO|nn.computeOptunaObjective|Trial 11 objective:|0.7533013205282113
2023-06-17 02:35:00,387|INFO|nn.computeOptunaObjective|Trial 12 params:|{'n_layers': 2, 'architecture': 'outer', 'lr': 0.001, 'n_epochs': 200}
2023-06-17 02:35:00,387|INFO|nn.computeOptunaObjective|Trial 12 balacc:|[0.6944777911164466]
2023-06-17 02:35:00,387|INFO|nn.computeOptunaObjective|Trial 12 rocauc:|[0.7478991596638656]
2023-06-17 02:35:00,387|INFO|nn.computeOptunaObjective|Trial 12 timings:|0.8021714000000006
2023-06-17 02:35:00,387|INFO|nn.computeOptunaObjective|Trial 12 objective:|0.6944777911164466
2023-06-17 02:35:01,215|INFO|nn.computeOptunaObjective|Trial 13 params:|{'n_layers': 2, 'architecture': 'inner', 'lr': 0.001, 'n_epochs': 200}
2023-06-17 02:35:01,215|INFO|nn.computeOptunaObjective|Trial 13 balacc:|[0.7046818727490997]
2023-06-17 02:35:01,215|INFO|nn.computeOptunaObjective|Trial 13 rocauc:|[0.745498199279712]
2023-06-17 02:35:01,215|INFO|nn.computeOptunaObjective|Trial 13 timings:|0.8252620999999998
2023-06-17 02:35:01,215|INFO|nn.computeOptunaObjective|Trial 13 objective:|0.7046818727490997
2023-06-17 02:35:02,184|INFO|nn.computeOptunaObjective|Trial 14 params:|{'n_layers': 3, 'architecture': 'linear', 'lr': 0.0001, 'n_epochs': 200}
2023-06-17 02:35:02,184|INFO|nn.computeOptunaObjective|Trial 14 balacc:|[0.6956782713085234]
2023-06-17 02:35:02,184|INFO|nn.computeOptunaObjective|Trial 14 rocauc:|[0.7382953181272509]
2023-06-17 02:35:02,184|INFO|nn.computeOptunaObjective|Trial 14 timings:|0.9743638000000008
2023-06-17 02:35:02,184|INFO|nn.computeOptunaObjective|Trial 14 objective:|0.6956782713085234
2023-06-17 02:35:02,855|INFO|nn.computeOptunaObjective|Trial 15 params:|{'n_layers': 3, 'architecture': 'outer', 'lr': 0.0001, 'n_epochs': 150}
2023-06-17 02:35:02,855|INFO|nn.computeOptunaObjective|Trial 15 balacc:|[0.6368547418967587]
2023-06-17 02:35:02,855|INFO|nn.computeOptunaObjective|Trial 15 rocauc:|[0.744297719087635]
2023-06-17 02:35:02,855|INFO|nn.computeOptunaObjective|Trial 15 timings:|0.6648873999999996
2023-06-17 02:35:02,855|INFO|nn.computeOptunaObjective|Trial 15 objective:|0.6368547418967587
2023-06-17 02:35:03,480|INFO|nn.computeOptunaObjective|Trial 16 params:|{'n_layers': 2, 'architecture': 'inner', 'lr': 0.0001, 'n_epochs': 150}
2023-06-17 02:35:03,480|INFO|nn.computeOptunaObjective|Trial 16 balacc:|[0.6368547418967587]
2023-06-17 02:35:03,480|INFO|nn.computeOptunaObjective|Trial 16 rocauc:|[0.7539015606242496]
2023-06-17 02:35:03,480|INFO|nn.computeOptunaObjective|Trial 16 timings:|0.6168695
2023-06-17 02:35:03,480|INFO|nn.computeOptunaObjective|Trial 16 objective:|0.6368547418967587
2023-06-17 02:35:04,136|INFO|nn.computeOptunaObjective|Trial 17 params:|{'n_layers': 2, 'architecture': 'linear', 'lr': 0.001, 'n_epochs': 150}
2023-06-17 02:35:04,136|INFO|nn.computeOptunaObjective|Trial 17 balacc:|[0.7046818727490997]
2023-06-17 02:35:04,136|INFO|nn.computeOptunaObjective|Trial 17 rocauc:|[0.7430972388955583]
2023-06-17 02:35:04,136|INFO|nn.computeOptunaObjective|Trial 17 timings:|0.6561482000000005
2023-06-17 02:35:04,136|INFO|nn.computeOptunaObjective|Trial 17 objective:|0.7046818727490997
2023-06-17 02:35:05,152|INFO|nn.computeOptunaObjective|Trial 18 params:|{'n_layers': 4, 'architecture': 'linear', 'lr': 0.001, 'n_epochs': 200}
2023-06-17 02:35:05,152|INFO|nn.computeOptunaObjective|Trial 18 balacc:|[0.7226890756302521]
2023-06-17 02:35:05,152|INFO|nn.computeOptunaObjective|Trial 18 rocauc:|[0.7406962785114045]
2023-06-17 02:35:05,152|INFO|nn.computeOptunaObjective|Trial 18 timings:|1.010799399999998
2023-06-17 02:35:05,152|INFO|nn.computeOptunaObjective|Trial 18 objective:|0.7226890756302521
2023-06-17 02:35:05,620|INFO|nn.computeOptunaObjective|Trial 19 params:|{'n_layers': 3, 'architecture': 'top', 'lr': 0.001, 'n_epochs': 100}
2023-06-17 02:35:05,620|INFO|nn.computeOptunaObjective|Trial 19 balacc:|[0.7136854741896759]
2023-06-17 02:35:05,620|INFO|nn.computeOptunaObjective|Trial 19 rocauc:|[0.7454981992797118]
2023-06-17 02:35:05,620|INFO|nn.computeOptunaObjective|Trial 19 timings:|0.46383989999999997
2023-06-17 02:35:05,620|INFO|nn.computeOptunaObjective|Trial 19 objective:|0.7136854741896759
2023-06-17 02:35:06,512|INFO|nn.computeOptunaObjective|Trial 20 params:|{'n_layers': 3, 'architecture': 'top', 'lr': 0.0001, 'n_epochs': 200}
2023-06-17 02:35:06,512|INFO|nn.computeOptunaObjective|Trial 20 balacc:|[0.656062424969988]
2023-06-17 02:35:06,512|INFO|nn.computeOptunaObjective|Trial 20 rocauc:|[0.7647058823529411]
2023-06-17 02:35:06,512|INFO|nn.computeOptunaObjective|Trial 20 timings:|0.8968058999999968
2023-06-17 02:35:06,512|INFO|nn.computeOptunaObjective|Trial 20 objective:|0.656062424969988
2023-06-17 02:35:07,215|INFO|nn.computeOptunaObjective|Trial 21 params:|{'n_layers': 3, 'architecture': 'outer', 'lr': 0.001, 'n_epochs': 150}
2023-06-17 02:35:07,215|INFO|nn.computeOptunaObjective|Trial 21 balacc:|[0.723889555822329]
2023-06-17 02:35:07,215|INFO|nn.computeOptunaObjective|Trial 21 rocauc:|[0.7436974789915966]
2023-06-17 02:35:07,215|INFO|nn.computeOptunaObjective|Trial 21 timings:|0.693591099999999
2023-06-17 02:35:07,215|INFO|nn.computeOptunaObjective|Trial 21 objective:|0.723889555822329
2023-06-17 02:35:07,730|INFO|nn.computeOptunaObjective|Trial 22 params:|{'n_layers': 4, 'architecture': 'inner', 'lr': 0.001, 'n_epochs': 100}
2023-06-17 02:35:07,730|INFO|nn.computeOptunaObjective|Trial 22 balacc:|[0.7328931572629052]
2023-06-17 02:35:07,730|INFO|nn.computeOptunaObjective|Trial 22 rocauc:|[0.7557022809123649]
2023-06-17 02:35:07,730|INFO|nn.computeOptunaObjective|Trial 22 timings:|0.5186440999999995
2023-06-17 02:35:07,730|INFO|nn.computeOptunaObjective|Trial 22 objective:|0.7328931572629052
2023-06-17 02:35:08,496|INFO|nn.computeOptunaObjective|Trial 23 params:|{'n_layers': 4, 'architecture': 'top', 'lr': 0.001, 'n_epochs': 150}
2023-06-17 02:35:08,496|INFO|nn.computeOptunaObjective|Trial 23 balacc:|[0.7226890756302521]
2023-06-17 02:35:08,496|INFO|nn.computeOptunaObjective|Trial 23 rocauc:|[0.7328931572629052]
2023-06-17 02:35:08,496|INFO|nn.computeOptunaObjective|Trial 23 timings:|0.7599082000000017
2023-06-17 02:35:08,496|INFO|nn.computeOptunaObjective|Trial 23 objective:|0.7226890756302521
2023-06-17 02:35:09,324|INFO|nn.computeOptunaObjective|Trial 24 params:|{'n_layers': 2, 'architecture': 'inner', 'lr': 0.0001, 'n_epochs': 200}
2023-06-17 02:35:09,324|INFO|nn.computeOptunaObjective|Trial 24 balacc:|[0.6956782713085234]
2023-06-17 02:35:09,324|INFO|nn.computeOptunaObjective|Trial 24 rocauc:|[0.7478991596638656]
2023-06-17 02:35:09,324|INFO|nn.computeOptunaObjective|Trial 24 timings:|0.8277378999999989
2023-06-17 02:35:09,324|INFO|nn.computeOptunaObjective|Trial 24 objective:|0.6956782713085234
2023-06-17 02:35:10,230|INFO|nn.computeOptunaObjective|Trial 25 params:|{'n_layers': 3, 'architecture': 'bottom', 'lr': 0.0001, 'n_epochs': 200}
2023-06-17 02:35:10,230|INFO|nn.computeOptunaObjective|Trial 25 balacc:|[0.6956782713085234]
2023-06-17 02:35:10,230|INFO|nn.computeOptunaObjective|Trial 25 rocauc:|[0.7322929171668668]
2023-06-17 02:35:10,230|INFO|nn.computeOptunaObjective|Trial 25 timings:|0.8991307999999982
2023-06-17 02:35:10,230|INFO|nn.computeOptunaObjective|Trial 25 objective:|0.6956782713085234
2023-06-17 02:35:10,870|INFO|nn.computeOptunaObjective|Trial 26 params:|{'n_layers': 2, 'architecture': 'outer', 'lr': 0.0001, 'n_epochs': 150}
2023-06-17 02:35:10,870|INFO|nn.computeOptunaObjective|Trial 26 balacc:|[0.6662665066026411]
2023-06-17 02:35:10,870|INFO|nn.computeOptunaObjective|Trial 26 rocauc:|[0.7490996398559424]
2023-06-17 02:35:10,870|INFO|nn.computeOptunaObjective|Trial 26 timings:|0.6433840999999987
2023-06-17 02:35:10,870|INFO|nn.computeOptunaObjective|Trial 26 objective:|0.6662665066026411
2023-06-17 02:35:11,339|INFO|nn.computeOptunaObjective|Trial 27 params:|{'n_layers': 3, 'architecture': 'inner', 'lr': 0.0001, 'n_epochs': 100}
2023-06-17 02:35:11,339|INFO|nn.computeOptunaObjective|Trial 27 balacc:|[0.6074429771908764]
2023-06-17 02:35:11,339|INFO|nn.computeOptunaObjective|Trial 27 rocauc:|[0.7527010804321729]
2023-06-17 02:35:11,339|INFO|nn.computeOptunaObjective|Trial 27 timings:|0.4566051000000009
2023-06-17 02:35:11,339|INFO|nn.computeOptunaObjective|Trial 27 objective:|0.6074429771908764
2023-06-17 02:35:12,018|INFO|nn.computeOptunaObjective|Trial 28 params:|{'n_layers': 3, 'architecture': 'top', 'lr': 0.001, 'n_epochs': 150}
2023-06-17 02:35:12,018|INFO|nn.computeOptunaObjective|Trial 28 balacc:|[0.7136854741896759]
2023-06-17 02:35:12,018|INFO|nn.computeOptunaObjective|Trial 28 rocauc:|[0.7382953181272509]
2023-06-17 02:35:12,018|INFO|nn.computeOptunaObjective|Trial 28 timings:|0.6812490000000011
2023-06-17 02:35:12,018|INFO|nn.computeOptunaObjective|Trial 28 objective:|0.7136854741896759
2023-06-17 02:35:12,535|INFO|nn.computeOptunaObjective|Trial 29 params:|{'n_layers': 4, 'architecture': 'outer', 'lr': 0.001, 'n_epochs': 100}
2023-06-17 02:35:12,535|INFO|nn.computeOptunaObjective|Trial 29 balacc:|[0.7034813925570228]
2023-06-17 02:35:12,535|INFO|nn.computeOptunaObjective|Trial 29 rocauc:|[0.7490996398559424]
2023-06-17 02:35:12,535|INFO|nn.computeOptunaObjective|Trial 29 timings:|0.5075468999999977
2023-06-17 02:35:12,535|INFO|nn.computeOptunaObjective|Trial 29 objective:|0.7034813925570228
2023-06-17 02:35:13,573|INFO|nn.computeOptunaObjective|Trial 30 params:|{'n_layers': 4, 'architecture': 'linear', 'lr': 0.0001, 'n_epochs': 200}
2023-06-17 02:35:13,573|INFO|nn.computeOptunaObjective|Trial 30 balacc:|[0.656062424969988]
2023-06-17 02:35:13,573|INFO|nn.computeOptunaObjective|Trial 30 rocauc:|[0.7454981992797118]
2023-06-17 02:35:13,573|INFO|nn.computeOptunaObjective|Trial 30 timings:|1.0325955000000029
2023-06-17 02:35:13,573|INFO|nn.computeOptunaObjective|Trial 30 objective:|0.656062424969988
2023-06-17 02:35:14,073|INFO|nn.computeOptunaObjective|Trial 31 params:|{'n_layers': 3, 'architecture': 'top', 'lr': 0.0001, 'n_epochs': 100}
2023-06-17 02:35:14,073|INFO|nn.computeOptunaObjective|Trial 31 balacc:|[0.6368547418967587]
2023-06-17 02:35:14,073|INFO|nn.computeOptunaObjective|Trial 31 rocauc:|[0.7575030012004802]
2023-06-17 02:35:14,073|INFO|nn.computeOptunaObjective|Trial 31 timings:|0.4956579999999988
2023-06-17 02:35:14,073|INFO|nn.computeOptunaObjective|Trial 31 objective:|0.6368547418967587
2023-06-17 02:35:15,073|INFO|nn.computeOptunaObjective|Trial 32 params:|{'n_layers': 4, 'architecture': 'inner', 'lr': 0.001, 'n_epochs': 200}
2023-06-17 02:35:15,073|INFO|nn.computeOptunaObjective|Trial 32 balacc:|[0.7430972388955582]
2023-06-17 02:35:15,073|INFO|nn.computeOptunaObjective|Trial 32 rocauc:|[0.7539015606242496]
2023-06-17 02:35:15,073|INFO|nn.computeOptunaObjective|Trial 32 timings:|1.0022106000000015
2023-06-17 02:35:15,073|INFO|nn.computeOptunaObjective|Trial 32 objective:|0.7430972388955582
2023-06-17 02:35:15,744|INFO|nn.computeOptunaObjective|Trial 33 params:|{'n_layers': 3, 'architecture': 'bottom', 'lr': 0.001, 'n_epochs': 150}
2023-06-17 02:35:15,744|INFO|nn.computeOptunaObjective|Trial 33 balacc:|[0.6944777911164466]
2023-06-17 02:35:15,744|INFO|nn.computeOptunaObjective|Trial 33 rocauc:|[0.737094837935174]
2023-06-17 02:35:15,744|INFO|nn.computeOptunaObjective|Trial 33 timings:|0.6679803
2023-06-17 02:35:15,744|INFO|nn.computeOptunaObjective|Trial 33 objective:|0.6944777911164466
2023-06-17 02:35:16,736|INFO|nn.computeOptunaObjective|Trial 34 params:|{'n_layers': 3, 'architecture': 'inner', 'lr': 0.001, 'n_epochs': 200}
2023-06-17 02:35:16,736|INFO|nn.computeOptunaObjective|Trial 34 balacc:|[0.7136854741896759]
2023-06-17 02:35:16,736|INFO|nn.computeOptunaObjective|Trial 34 rocauc:|[0.7436974789915967]
2023-06-17 02:35:16,736|INFO|nn.computeOptunaObjective|Trial 34 timings:|0.9798040000000015
2023-06-17 02:35:16,736|INFO|nn.computeOptunaObjective|Trial 34 objective:|0.7136854741896759
2023-06-17 02:35:17,790|INFO|nn.computeOptunaObjective|Trial 35 params:|{'n_layers': 4, 'architecture': 'top', 'lr': 0.001, 'n_epochs': 200}
2023-06-17 02:35:17,790|INFO|nn.computeOptunaObjective|Trial 35 balacc:|[0.712484993997599]
2023-06-17 02:35:17,790|INFO|nn.computeOptunaObjective|Trial 35 rocauc:|[0.7478991596638656]
2023-06-17 02:35:17,790|INFO|nn.computeOptunaObjective|Trial 35 timings:|1.0492020999999987
2023-06-17 02:35:17,790|INFO|nn.computeOptunaObjective|Trial 35 objective:|0.712484993997599
2023-06-17 02:35:18,431|INFO|nn.computeOptunaObjective|Trial 36 params:|{'n_layers': 3, 'architecture': 'bottom', 'lr': 0.0001, 'n_epochs': 150}
2023-06-17 02:35:18,431|INFO|nn.computeOptunaObjective|Trial 36 balacc:|[0.6662665066026411]
2023-06-17 02:35:18,431|INFO|nn.computeOptunaObjective|Trial 36 rocauc:|[0.7454981992797118]
2023-06-17 02:35:18,431|INFO|nn.computeOptunaObjective|Trial 36 timings:|0.6493878999999971
2023-06-17 02:35:18,431|INFO|nn.computeOptunaObjective|Trial 36 objective:|0.6662665066026411
2023-06-17 02:35:19,110|INFO|nn.computeOptunaObjective|Trial 37 params:|{'n_layers': 3, 'architecture': 'linear', 'lr': 0.0001, 'n_epochs': 150}
2023-06-17 02:35:19,110|INFO|nn.computeOptunaObjective|Trial 37 balacc:|[0.6662665066026411]
2023-06-17 02:35:19,110|INFO|nn.computeOptunaObjective|Trial 37 rocauc:|[0.7490996398559423]
2023-06-17 02:35:19,110|INFO|nn.computeOptunaObjective|Trial 37 timings:|0.6732483999999985
2023-06-17 02:35:19,110|INFO|nn.computeOptunaObjective|Trial 37 objective:|0.6662665066026411
2023-06-17 02:35:20,086|INFO|nn.computeOptunaObjective|Trial 38 params:|{'n_layers': 4, 'architecture': 'bottom', 'lr': 0.001, 'n_epochs': 200}
2023-06-17 02:35:20,086|INFO|nn.computeOptunaObjective|Trial 38 balacc:|[0.7034813925570228]
2023-06-17 02:35:20,086|INFO|nn.computeOptunaObjective|Trial 38 rocauc:|[0.7388955582232893]
2023-06-17 02:35:20,086|INFO|nn.computeOptunaObjective|Trial 38 timings:|0.9658803999999996
2023-06-17 02:35:20,086|INFO|nn.computeOptunaObjective|Trial 38 objective:|0.7034813925570228
2023-06-17 02:35:20,898|INFO|nn.computeOptunaObjective|Trial 39 params:|{'n_layers': 4, 'architecture': 'top', 'lr': 0.0001, 'n_epochs': 150}
2023-06-17 02:35:20,898|INFO|nn.computeOptunaObjective|Trial 39 balacc:|[0.6662665066026411]
2023-06-17 02:35:20,898|INFO|nn.computeOptunaObjective|Trial 39 rocauc:|[0.7490996398559424]
2023-06-17 02:35:20,898|INFO|nn.computeOptunaObjective|Trial 39 timings:|0.8158376000000018
2023-06-17 02:35:20,898|INFO|nn.computeOptunaObjective|Trial 39 objective:|0.6662665066026411
2023-06-17 02:35:21,890|INFO|nn.computeOptunaObjective|Trial 40 params:|{'n_layers': 3, 'architecture': 'linear', 'lr': 0.001, 'n_epochs': 200}
2023-06-17 02:35:21,890|INFO|nn.computeOptunaObjective|Trial 40 balacc:|[0.7136854741896759]
2023-06-17 02:35:21,890|INFO|nn.computeOptunaObjective|Trial 40 rocauc:|[0.7382953181272509]
2023-06-17 02:35:21,890|INFO|nn.computeOptunaObjective|Trial 40 timings:|0.9852992
2023-06-17 02:35:21,890|INFO|nn.computeOptunaObjective|Trial 40 objective:|0.7136854741896759
2023-06-17 02:35:22,915|INFO|nn.computeOptunaObjective|Trial 41 params:|{'n_layers': 4, 'architecture': 'outer', 'lr': 0.001, 'n_epochs': 200}
2023-06-17 02:35:22,915|INFO|nn.computeOptunaObjective|Trial 41 balacc:|[0.723889555822329]
2023-06-17 02:35:22,915|INFO|nn.computeOptunaObjective|Trial 41 rocauc:|[0.7406962785114045]
2023-06-17 02:35:22,915|INFO|nn.computeOptunaObjective|Trial 41 timings:|1.0151077000000015
2023-06-17 02:35:22,915|INFO|nn.computeOptunaObjective|Trial 41 objective:|0.723889555822329
2023-06-17 02:35:23,540|INFO|nn.computeOptunaObjective|Trial 42 params:|{'n_layers': 2, 'architecture': 'linear', 'lr': 0.0001, 'n_epochs': 150}
2023-06-17 02:35:23,540|INFO|nn.computeOptunaObjective|Trial 42 balacc:|[0.6662665066026411]
2023-06-17 02:35:23,540|INFO|nn.computeOptunaObjective|Trial 42 rocauc:|[0.7490996398559424]
2023-06-17 02:35:23,540|INFO|nn.computeOptunaObjective|Trial 42 timings:|0.6142918999999978
2023-06-17 02:35:23,540|INFO|nn.computeOptunaObjective|Trial 42 objective:|0.6662665066026411
2023-06-17 02:35:24,251|INFO|nn.computeOptunaObjective|Trial 43 params:|{'n_layers': 4, 'architecture': 'linear', 'lr': 0.0001, 'n_epochs': 150}
2023-06-17 02:35:24,251|INFO|nn.computeOptunaObjective|Trial 43 balacc:|[0.656062424969988]
2023-06-17 02:35:24,251|INFO|nn.computeOptunaObjective|Trial 43 rocauc:|[0.7454981992797118]
2023-06-17 02:35:24,251|INFO|nn.computeOptunaObjective|Trial 43 timings:|0.7134515999999991
2023-06-17 02:35:24,251|INFO|nn.computeOptunaObjective|Trial 43 objective:|0.656062424969988
2023-06-17 02:35:25,297|INFO|nn.computeOptunaObjective|Trial 44 params:|{'n_layers': 4, 'architecture': 'outer', 'lr': 0.0001, 'n_epochs': 200}
2023-06-17 02:35:25,297|INFO|nn.computeOptunaObjective|Trial 44 balacc:|[0.6368547418967587]
2023-06-17 02:35:25,297|INFO|nn.computeOptunaObjective|Trial 44 rocauc:|[0.7503001200480193]
2023-06-17 02:35:25,297|INFO|nn.computeOptunaObjective|Trial 44 timings:|1.0344589999999982
2023-06-17 02:35:25,297|INFO|nn.computeOptunaObjective|Trial 44 objective:|0.6368547418967587
2023-06-17 02:35:25,820|INFO|nn.computeOptunaObjective|Trial 45 params:|{'n_layers': 4, 'architecture': 'bottom', 'lr': 0.001, 'n_epochs': 100}
2023-06-17 02:35:25,820|INFO|nn.computeOptunaObjective|Trial 45 balacc:|[0.6650660264105642]
2023-06-17 02:35:25,820|INFO|nn.computeOptunaObjective|Trial 45 rocauc:|[0.7262905162064826]
2023-06-17 02:35:25,820|INFO|nn.computeOptunaObjective|Trial 45 timings:|0.5199585000000013
2023-06-17 02:35:25,820|INFO|nn.computeOptunaObjective|Trial 45 objective:|0.6650660264105642
2023-06-17 02:35:26,773|INFO|nn.computeOptunaObjective|Trial 46 params:|{'n_layers': 3, 'architecture': 'inner', 'lr': 0.0001, 'n_epochs': 200}
2023-06-17 02:35:26,773|INFO|nn.computeOptunaObjective|Trial 46 balacc:|[0.6956782713085234]
2023-06-17 02:35:26,773|INFO|nn.computeOptunaObjective|Trial 46 rocauc:|[0.7406962785114045]
2023-06-17 02:35:26,773|INFO|nn.computeOptunaObjective|Trial 46 timings:|0.9559044000000014
2023-06-17 02:35:26,773|INFO|nn.computeOptunaObjective|Trial 46 objective:|0.6956782713085234
2023-06-17 02:35:27,422|INFO|nn.computeOptunaObjective|Trial 47 params:|{'n_layers': 2, 'architecture': 'top', 'lr': 0.001, 'n_epochs': 150}
2023-06-17 02:35:27,422|INFO|nn.computeOptunaObjective|Trial 47 balacc:|[0.734093637454982]
2023-06-17 02:35:27,422|INFO|nn.computeOptunaObjective|Trial 47 rocauc:|[0.7466986794717888]
2023-06-17 02:35:27,422|INFO|nn.computeOptunaObjective|Trial 47 timings:|0.6459293000000059
2023-06-17 02:35:27,422|INFO|nn.computeOptunaObjective|Trial 47 objective:|0.734093637454982
2023-06-17 02:35:27,859|INFO|nn.computeOptunaObjective|Trial 48 params:|{'n_layers': 2, 'architecture': 'inner', 'lr': 0.001, 'n_epochs': 100}
2023-06-17 02:35:27,859|INFO|nn.computeOptunaObjective|Trial 48 balacc:|[0.6944777911164466]
2023-06-17 02:35:27,859|INFO|nn.computeOptunaObjective|Trial 48 rocauc:|[0.7418967587034814]
2023-06-17 02:35:27,859|INFO|nn.computeOptunaObjective|Trial 48 timings:|0.4244295999999963
2023-06-17 02:35:27,859|INFO|nn.computeOptunaObjective|Trial 48 objective:|0.6944777911164466
2023-06-17 02:35:28,663|INFO|nn.computeOptunaObjective|Trial 49 params:|{'n_layers': 2, 'architecture': 'outer', 'lr': 0.0001, 'n_epochs': 200}
2023-06-17 02:35:28,663|INFO|nn.computeOptunaObjective|Trial 49 balacc:|[0.7250900360144057]
2023-06-17 02:35:28,663|INFO|nn.computeOptunaObjective|Trial 49 rocauc:|[0.7430972388955581]
2023-06-17 02:35:28,663|INFO|nn.computeOptunaObjective|Trial 49 timings:|0.8071482000000003
2023-06-17 02:35:28,663|INFO|nn.computeOptunaObjective|Trial 49 objective:|0.7250900360144057
2023-06-17 02:35:29,163|INFO|nn.computeOptunaObjective|Trial 50 params:|{'n_layers': 2, 'architecture': 'top', 'lr': 0.001, 'n_epochs': 100}
2023-06-17 02:35:29,163|INFO|nn.computeOptunaObjective|Trial 50 balacc:|[0.6944777911164466]
2023-06-17 02:35:29,163|INFO|nn.computeOptunaObjective|Trial 50 rocauc:|[0.7490996398559424]
2023-06-17 02:35:29,163|INFO|nn.computeOptunaObjective|Trial 50 timings:|0.49277030000000366
2023-06-17 02:35:29,163|INFO|nn.computeOptunaObjective|Trial 50 objective:|0.6944777911164466
2023-06-17 02:35:30,139|INFO|nn.computeOptunaObjective|Trial 51 params:|{'n_layers': 3, 'architecture': 'top', 'lr': 0.001, 'n_epochs': 200}
2023-06-17 02:35:30,139|INFO|nn.computeOptunaObjective|Trial 51 balacc:|[0.7136854741896759]
2023-06-17 02:35:30,139|INFO|nn.computeOptunaObjective|Trial 51 rocauc:|[0.7418967587034814]
2023-06-17 02:35:30,139|INFO|nn.computeOptunaObjective|Trial 51 timings:|0.9739119999999986
2023-06-17 02:35:30,139|INFO|nn.computeOptunaObjective|Trial 51 objective:|0.7136854741896759
2023-06-17 02:35:30,561|INFO|nn.computeOptunaObjective|Trial 52 params:|{'n_layers': 2, 'architecture': 'bottom', 'lr': 0.001, 'n_epochs': 100}
2023-06-17 02:35:30,561|INFO|nn.computeOptunaObjective|Trial 52 balacc:|[0.7046818727490997]
2023-06-17 02:35:30,561|INFO|nn.computeOptunaObjective|Trial 52 rocauc:|[0.73109243697479]
2023-06-17 02:35:30,561|INFO|nn.computeOptunaObjective|Trial 52 timings:|0.4189886999999999
2023-06-17 02:35:30,561|INFO|nn.computeOptunaObjective|Trial 52 objective:|0.7046818727490997
2023-06-17 02:35:31,209|INFO|nn.computeOptunaObjective|Trial 53 params:|{'n_layers': 2, 'architecture': 'outer', 'lr': 0.001, 'n_epochs': 150}
2023-06-17 02:35:31,209|INFO|nn.computeOptunaObjective|Trial 53 balacc:|[0.7046818727490997]
2023-06-17 02:35:31,209|INFO|nn.computeOptunaObjective|Trial 53 rocauc:|[0.7418967587034815]
2023-06-17 02:35:31,209|INFO|nn.computeOptunaObjective|Trial 53 timings:|0.6353200000000001
2023-06-17 02:35:31,209|INFO|nn.computeOptunaObjective|Trial 53 objective:|0.7046818727490997
2023-06-17 02:35:31,678|INFO|nn.computeOptunaObjective|Trial 54 params:|{'n_layers': 3, 'architecture': 'inner', 'lr': 0.001, 'n_epochs': 100}
2023-06-17 02:35:31,678|INFO|nn.computeOptunaObjective|Trial 54 balacc:|[0.723889555822329]
2023-06-17 02:35:31,678|INFO|nn.computeOptunaObjective|Trial 54 rocauc:|[0.7430972388955582]
2023-06-17 02:35:31,678|INFO|nn.computeOptunaObjective|Trial 54 timings:|0.4688088999999991
2023-06-17 02:35:31,678|INFO|nn.computeOptunaObjective|Trial 54 objective:|0.723889555822329
2023-06-17 02:35:32,404|INFO|nn.computeOptunaObjective|Trial 55 params:|{'n_layers': 3, 'architecture': 'inner', 'lr': 0.001, 'n_epochs': 150}
2023-06-17 02:35:32,404|INFO|nn.computeOptunaObjective|Trial 55 balacc:|[0.7136854741896759]
2023-06-17 02:35:32,404|INFO|nn.computeOptunaObjective|Trial 55 rocauc:|[0.7406962785114045]
2023-06-17 02:35:32,404|INFO|nn.computeOptunaObjective|Trial 55 timings:|0.7164659999999969
2023-06-17 02:35:32,404|INFO|nn.computeOptunaObjective|Trial 55 objective:|0.7136854741896759
2023-06-17 02:35:33,201|INFO|nn.computeOptunaObjective|Trial 56 params:|{'n_layers': 4, 'architecture': 'bottom', 'lr': 0.0001, 'n_epochs': 150}
2023-06-17 02:35:33,201|INFO|nn.computeOptunaObjective|Trial 56 balacc:|[0.6470588235294118]
2023-06-17 02:35:33,201|INFO|nn.computeOptunaObjective|Trial 56 rocauc:|[0.7478991596638656]
2023-06-17 02:35:33,201|INFO|nn.computeOptunaObjective|Trial 56 timings:|0.7843605999999994
2023-06-17 02:35:33,201|INFO|nn.computeOptunaObjective|Trial 56 objective:|0.6470588235294118
2023-06-17 02:35:33,638|INFO|nn.computeOptunaObjective|Trial 57 params:|{'n_layers': 2, 'architecture': 'linear', 'lr': 0.001, 'n_epochs': 100}
2023-06-17 02:35:33,638|INFO|nn.computeOptunaObjective|Trial 57 balacc:|[0.7046818727490997]
2023-06-17 02:35:33,638|INFO|nn.computeOptunaObjective|Trial 57 rocauc:|[0.745498199279712]
2023-06-17 02:35:33,638|INFO|nn.computeOptunaObjective|Trial 57 timings:|0.4355692000000033
2023-06-17 02:35:33,638|INFO|nn.computeOptunaObjective|Trial 57 objective:|0.7046818727490997
2023-06-17 02:35:34,481|INFO|nn.computeOptunaObjective|Trial 58 params:|{'n_layers': 2, 'architecture': 'top', 'lr': 0.0001, 'n_epochs': 200}
2023-06-17 02:35:34,481|INFO|nn.computeOptunaObjective|Trial 58 balacc:|[0.6662665066026411]
2023-06-17 02:35:34,481|INFO|nn.computeOptunaObjective|Trial 58 rocauc:|[0.7466986794717887]
2023-06-17 02:35:34,481|INFO|nn.computeOptunaObjective|Trial 58 timings:|0.8353255000000033
2023-06-17 02:35:34,481|INFO|nn.computeOptunaObjective|Trial 58 objective:|0.6662665066026411
2023-06-17 02:35:34,926|INFO|nn.computeOptunaObjective|Trial 59 params:|{'n_layers': 2, 'architecture': 'linear', 'lr': 0.0001, 'n_epochs': 100}
2023-06-17 02:35:34,926|INFO|nn.computeOptunaObjective|Trial 59 balacc:|[0.6176470588235294]
2023-06-17 02:35:34,926|INFO|nn.computeOptunaObjective|Trial 59 rocauc:|[0.7551020408163266]
2023-06-17 02:35:34,926|INFO|nn.computeOptunaObjective|Trial 59 timings:|0.44133039999999824
2023-06-17 02:35:34,926|INFO|nn.computeOptunaObjective|Trial 59 objective:|0.6176470588235294
2023-06-17 02:35:35,743|INFO|nn.computeOptunaObjective|Trial 60 params:|{'n_layers': 2, 'architecture': 'linear', 'lr': 0.0001, 'n_epochs': 200}
2023-06-17 02:35:35,743|INFO|nn.computeOptunaObjective|Trial 60 balacc:|[0.6662665066026411]
2023-06-17 02:35:35,743|INFO|nn.computeOptunaObjective|Trial 60 rocauc:|[0.7442977190876351]
2023-06-17 02:35:35,743|INFO|nn.computeOptunaObjective|Trial 60 timings:|0.8076080000000019
2023-06-17 02:35:35,743|INFO|nn.computeOptunaObjective|Trial 60 objective:|0.6662665066026411
2023-06-17 02:35:36,149|INFO|nn.computeOptunaObjective|Trial 61 params:|{'n_layers': 2, 'architecture': 'outer', 'lr': 0.001, 'n_epochs': 100}
2023-06-17 02:35:36,149|INFO|nn.computeOptunaObjective|Trial 61 balacc:|[0.7046818727490997]
2023-06-17 02:35:36,149|INFO|nn.computeOptunaObjective|Trial 61 rocauc:|[0.7478991596638656]
2023-06-17 02:35:36,149|INFO|nn.computeOptunaObjective|Trial 61 timings:|0.4068253000000013
2023-06-17 02:35:36,149|INFO|nn.computeOptunaObjective|Trial 61 objective:|0.7046818727490997
2023-06-17 02:35:36,905|INFO|nn.computeOptunaObjective|Trial 62 params:|{'n_layers': 4, 'architecture': 'bottom', 'lr': 0.001, 'n_epochs': 150}
2023-06-17 02:35:36,905|INFO|nn.computeOptunaObjective|Trial 62 balacc:|[0.634453781512605]
2023-06-17 02:35:36,905|INFO|nn.computeOptunaObjective|Trial 62 rocauc:|[0.7190876350540216]
2023-06-17 02:35:36,905|INFO|nn.computeOptunaObjective|Trial 62 timings:|0.7573757000000043
2023-06-17 02:35:36,905|INFO|nn.computeOptunaObjective|Trial 62 objective:|0.634453781512605
2023-06-17 02:35:37,522|INFO|nn.computeOptunaObjective|Trial 63 params:|{'n_layers': 2, 'architecture': 'top', 'lr': 0.0001, 'n_epochs': 150}
2023-06-17 02:35:37,522|INFO|nn.computeOptunaObjective|Trial 63 balacc:|[0.6368547418967587]
2023-06-17 02:35:37,522|INFO|nn.computeOptunaObjective|Trial 63 rocauc:|[0.7551020408163265]
2023-06-17 02:35:37,522|INFO|nn.computeOptunaObjective|Trial 63 timings:|0.6116677999999993
2023-06-17 02:35:37,522|INFO|nn.computeOptunaObjective|Trial 63 objective:|0.6368547418967587
2023-06-17 02:35:38,258|INFO|nn.computeOptunaObjective|Trial 64 params:|{'n_layers': 3, 'architecture': 'inner', 'lr': 0.0001, 'n_epochs': 150}
2023-06-17 02:35:38,258|INFO|nn.computeOptunaObjective|Trial 64 balacc:|[0.6368547418967587]
2023-06-17 02:35:38,258|INFO|nn.computeOptunaObjective|Trial 64 rocauc:|[0.7466986794717887]
2023-06-17 02:35:38,258|INFO|nn.computeOptunaObjective|Trial 64 timings:|0.7215101999999973
2023-06-17 02:35:38,258|INFO|nn.computeOptunaObjective|Trial 64 objective:|0.6368547418967587
2023-06-17 02:35:38,695|INFO|nn.computeOptunaObjective|Trial 65 params:|{'n_layers': 3, 'architecture': 'outer', 'lr': 0.0001, 'n_epochs': 100}
2023-06-17 02:35:38,695|INFO|nn.computeOptunaObjective|Trial 65 balacc:|[0.6176470588235294]
2023-06-17 02:35:38,695|INFO|nn.computeOptunaObjective|Trial 65 rocauc:|[0.7563025210084033]
2023-06-17 02:35:38,695|INFO|nn.computeOptunaObjective|Trial 65 timings:|0.4382406999999944
2023-06-17 02:35:38,695|INFO|nn.computeOptunaObjective|Trial 65 objective:|0.6176470588235294
2023-06-17 02:35:39,296|INFO|nn.computeOptunaObjective|Trial 66 params:|{'n_layers': 2, 'architecture': 'inner', 'lr': 0.001, 'n_epochs': 150}
2023-06-17 02:35:39,312|INFO|nn.computeOptunaObjective|Trial 66 balacc:|[0.723889555822329]
2023-06-17 02:35:39,312|INFO|nn.computeOptunaObjective|Trial 66 rocauc:|[0.7490996398559424]
2023-06-17 02:35:39,312|INFO|nn.computeOptunaObjective|Trial 66 timings:|0.5962417000000002
2023-06-17 02:35:39,312|INFO|nn.computeOptunaObjective|Trial 66 objective:|0.723889555822329
2023-06-17 02:35:39,796|INFO|nn.computeOptunaObjective|Trial 67 params:|{'n_layers': 4, 'architecture': 'linear', 'lr': 0.0001, 'n_epochs': 100}
2023-06-17 02:35:39,796|INFO|nn.computeOptunaObjective|Trial 67 balacc:|[0.5882352941176471]
2023-06-17 02:35:39,796|INFO|nn.computeOptunaObjective|Trial 67 rocauc:|[0.7515006002400961]
2023-06-17 02:35:39,796|INFO|nn.computeOptunaObjective|Trial 67 timings:|0.49380960000000584
2023-06-17 02:35:39,812|INFO|nn.computeOptunaObjective|Trial 67 objective:|0.5882352941176471
2023-06-17 02:35:40,233|INFO|nn.computeOptunaObjective|Trial 68 params:|{'n_layers': 2, 'architecture': 'outer', 'lr': 0.0001, 'n_epochs': 100}
2023-06-17 02:35:40,233|INFO|nn.computeOptunaObjective|Trial 68 balacc:|[0.6176470588235294]
2023-06-17 02:35:40,233|INFO|nn.computeOptunaObjective|Trial 68 rocauc:|[0.744297719087635]
2023-06-17 02:35:40,233|INFO|nn.computeOptunaObjective|Trial 68 timings:|0.42125750000000295
2023-06-17 02:35:40,233|INFO|nn.computeOptunaObjective|Trial 68 objective:|0.6176470588235294
2023-06-17 02:35:41,006|INFO|nn.computeOptunaObjective|Trial 69 params:|{'n_layers': 4, 'architecture': 'inner', 'lr': 0.0001, 'n_epochs': 150}
2023-06-17 02:35:41,006|INFO|nn.computeOptunaObjective|Trial 69 balacc:|[0.6266506602641057]
2023-06-17 02:35:41,006|INFO|nn.computeOptunaObjective|Trial 69 rocauc:|[0.7406962785114045]
2023-06-17 02:35:41,006|INFO|nn.computeOptunaObjective|Trial 69 timings:|0.7705947999999978
2023-06-17 02:35:41,006|INFO|nn.computeOptunaObjective|Trial 69 objective:|0.6266506602641057
2023-06-17 02:35:42,045|INFO|nn.computeOptunaObjective|Trial 70 params:|{'n_layers': 4, 'architecture': 'top', 'lr': 0.0001, 'n_epochs': 200}
2023-06-17 02:35:42,045|INFO|nn.computeOptunaObjective|Trial 70 balacc:|[0.7148859543817527]
2023-06-17 02:35:42,045|INFO|nn.computeOptunaObjective|Trial 70 rocauc:|[0.7563025210084033]
2023-06-17 02:35:42,045|INFO|nn.computeOptunaObjective|Trial 70 timings:|1.0257005000000063
2023-06-17 02:35:42,045|INFO|nn.computeOptunaObjective|Trial 70 objective:|0.7148859543817527
2023-06-17 02:35:42,458|INFO|nn.computeOptunaObjective|Trial 71 params:|{'n_layers': 2, 'architecture': 'inner', 'lr': 0.0001, 'n_epochs': 100}
2023-06-17 02:35:42,458|INFO|nn.computeOptunaObjective|Trial 71 balacc:|[0.6470588235294118]
2023-06-17 02:35:42,458|INFO|nn.computeOptunaObjective|Trial 71 rocauc:|[0.7478991596638656]
2023-06-17 02:35:42,458|INFO|nn.computeOptunaObjective|Trial 71 timings:|0.4054797000000008
2023-06-17 02:35:42,458|INFO|nn.computeOptunaObjective|Trial 71 objective:|0.6470588235294118
2023-06-17 02:35:42,880|INFO|nn.computeOptunaObjective|Trial 72 params:|{'n_layers': 2, 'architecture': 'top', 'lr': 0.0001, 'n_epochs': 100}
2023-06-17 02:35:42,880|INFO|nn.computeOptunaObjective|Trial 72 balacc:|[0.6176470588235294]
2023-06-17 02:35:42,880|INFO|nn.computeOptunaObjective|Trial 72 rocauc:|[0.7599039615846339]
2023-06-17 02:35:42,880|INFO|nn.computeOptunaObjective|Trial 72 timings:|0.41707350000000076
2023-06-17 02:35:42,880|INFO|nn.computeOptunaObjective|Trial 72 objective:|0.6176470588235294
2023-06-17 02:35:43,880|INFO|nn.computeOptunaObjective|Trial 73 params:|{'n_layers': 4, 'architecture': 'inner', 'lr': 0.0001, 'n_epochs': 200}
2023-06-17 02:35:43,880|INFO|nn.computeOptunaObjective|Trial 73 balacc:|[0.6368547418967587]
2023-06-17 02:35:43,880|INFO|nn.computeOptunaObjective|Trial 73 rocauc:|[0.7551020408163266]
2023-06-17 02:35:43,880|INFO|nn.computeOptunaObjective|Trial 73 timings:|1.0028946999999988
2023-06-17 02:35:43,880|INFO|nn.computeOptunaObjective|Trial 73 objective:|0.6368547418967587
2023-06-17 02:35:44,379|INFO|nn.computeOptunaObjective|Trial 74 params:|{'n_layers': 3, 'architecture': 'linear', 'lr': 0.001, 'n_epochs': 100}
2023-06-17 02:35:44,379|INFO|nn.computeOptunaObjective|Trial 74 balacc:|[0.723889555822329]
2023-06-17 02:35:44,379|INFO|nn.computeOptunaObjective|Trial 74 rocauc:|[0.7412965186074431]
2023-06-17 02:35:44,379|INFO|nn.computeOptunaObjective|Trial 74 timings:|0.4905550000000005
2023-06-17 02:35:44,379|INFO|nn.computeOptunaObjective|Trial 74 objective:|0.723889555822329
2023-06-17 02:35:45,277|INFO|nn.computeOptunaObjective|Trial 75 params:|{'n_layers': 3, 'architecture': 'bottom', 'lr': 0.001, 'n_epochs': 200}
2023-06-17 02:35:45,277|INFO|nn.computeOptunaObjective|Trial 75 balacc:|[0.6650660264105642]
2023-06-17 02:35:45,277|INFO|nn.computeOptunaObjective|Trial 75 rocauc:|[0.7298919567827131]
2023-06-17 02:35:45,277|INFO|nn.computeOptunaObjective|Trial 75 timings:|0.8872141000000013
2023-06-17 02:35:45,277|INFO|nn.computeOptunaObjective|Trial 75 objective:|0.6650660264105642
2023-06-17 02:35:45,676|INFO|nn.computeOptunaObjective|Trial 76 params:|{'n_layers': 2, 'architecture': 'bottom', 'lr': 0.0001, 'n_epochs': 100}
2023-06-17 02:35:45,676|INFO|nn.computeOptunaObjective|Trial 76 balacc:|[0.5588235294117647]
2023-06-17 02:35:45,676|INFO|nn.computeOptunaObjective|Trial 76 rocauc:|[0.7490996398559423]
2023-06-17 02:35:45,676|INFO|nn.computeOptunaObjective|Trial 76 timings:|0.39984460000000155
2023-06-17 02:35:45,676|INFO|nn.computeOptunaObjective|Trial 76 objective:|0.5588235294117647
2023-06-17 02:35:46,223|INFO|nn.computeOptunaObjective|Trial 77 params:|{'n_layers': 4, 'architecture': 'outer', 'lr': 0.0001, 'n_epochs': 100}
2023-06-17 02:35:46,223|INFO|nn.computeOptunaObjective|Trial 77 balacc:|[0.5882352941176471]
2023-06-17 02:35:46,223|INFO|nn.computeOptunaObjective|Trial 77 rocauc:|[0.7322929171668666]
2023-06-17 02:35:46,223|INFO|nn.computeOptunaObjective|Trial 77 timings:|0.529225799999999
2023-06-17 02:35:46,223|INFO|nn.computeOptunaObjective|Trial 77 objective:|0.5882352941176471
2023-06-17 02:35:47,075|INFO|nn.computeOptunaObjective|Trial 78 params:|{'n_layers': 2, 'architecture': 'linear', 'lr': 0.001, 'n_epochs': 200}
2023-06-17 02:35:47,075|INFO|nn.computeOptunaObjective|Trial 78 balacc:|[0.7046818727490997]
2023-06-17 02:35:47,075|INFO|nn.computeOptunaObjective|Trial 78 rocauc:|[0.7430972388955581]
2023-06-17 02:35:47,075|INFO|nn.computeOptunaObjective|Trial 78 timings:|0.858159299999997
2023-06-17 02:35:47,075|INFO|nn.computeOptunaObjective|Trial 78 objective:|0.7046818727490997
2023-06-17 02:35:47,779|INFO|nn.computeOptunaObjective|Trial 79 params:|{'n_layers': 3, 'architecture': 'top', 'lr': 0.0001, 'n_epochs': 150}
2023-06-17 02:35:47,779|INFO|nn.computeOptunaObjective|Trial 79 balacc:|[0.6266506602641057]
2023-06-17 02:35:47,779|INFO|nn.computeOptunaObjective|Trial 79 rocauc:|[0.7635054021608643]
2023-06-17 02:35:47,779|INFO|nn.computeOptunaObjective|Trial 79 timings:|0.695265500000005
2023-06-17 02:35:47,779|INFO|nn.computeOptunaObjective|Trial 79 objective:|0.6266506602641057
2023-06-17 02:35:48,741|INFO|nn.computeOptunaObjective|Trial 80 params:|{'n_layers': 3, 'architecture': 'outer', 'lr': 0.001, 'n_epochs': 200}
2023-06-17 02:35:48,741|INFO|nn.computeOptunaObjective|Trial 80 balacc:|[0.734093637454982]
2023-06-17 02:35:48,741|INFO|nn.computeOptunaObjective|Trial 80 rocauc:|[0.7484993997599039]
2023-06-17 02:35:48,741|INFO|nn.computeOptunaObjective|Trial 80 timings:|0.9494278000000023
2023-06-17 02:35:48,741|INFO|nn.computeOptunaObjective|Trial 80 objective:|0.734093637454982
2023-06-17 02:35:49,522|INFO|nn.computeOptunaObjective|Trial 81 params:|{'n_layers': 4, 'architecture': 'outer', 'lr': 0.0001, 'n_epochs': 150}
2023-06-17 02:35:49,522|INFO|nn.computeOptunaObjective|Trial 81 balacc:|[0.6074429771908764]
2023-06-17 02:35:49,522|INFO|nn.computeOptunaObjective|Trial 81 rocauc:|[0.7611044417767107]
2023-06-17 02:35:49,522|INFO|nn.computeOptunaObjective|Trial 81 timings:|0.7691054000000008
2023-06-17 02:35:49,522|INFO|nn.computeOptunaObjective|Trial 81 objective:|0.6074429771908764
2023-06-17 02:35:50,389|INFO|nn.computeOptunaObjective|Trial 82 params:|{'n_layers': 2, 'architecture': 'bottom', 'lr': 0.0001, 'n_epochs': 200}
2023-06-17 02:35:50,389|INFO|nn.computeOptunaObjective|Trial 82 balacc:|[0.6956782713085234]
2023-06-17 02:35:50,389|INFO|nn.computeOptunaObjective|Trial 82 rocauc:|[0.7394957983193278]
2023-06-17 02:35:50,389|INFO|nn.computeOptunaObjective|Trial 82 timings:|0.8592869000000007
2023-06-17 02:35:50,389|INFO|nn.computeOptunaObjective|Trial 82 objective:|0.6956782713085234
2023-06-17 02:35:51,170|INFO|nn.computeOptunaObjective|Trial 83 params:|{'n_layers': 4, 'architecture': 'inner', 'lr': 0.001, 'n_epochs': 150}
2023-06-17 02:35:51,170|INFO|nn.computeOptunaObjective|Trial 83 balacc:|[0.7533013205282113]
2023-06-17 02:35:51,170|INFO|nn.computeOptunaObjective|Trial 83 rocauc:|[0.7430972388955582]
2023-06-17 02:35:51,170|INFO|nn.computeOptunaObjective|Trial 83 timings:|0.7763251000000011
2023-06-17 02:35:51,170|INFO|nn.computeOptunaObjective|Trial 83 objective:|0.7533013205282113
2023-06-17 02:35:51,615|INFO|nn.computeOptunaObjective|Trial 84 params:|{'n_layers': 3, 'architecture': 'bottom', 'lr': 0.0001, 'n_epochs': 100}
2023-06-17 02:35:51,615|INFO|nn.computeOptunaObjective|Trial 84 balacc:|[0.5882352941176471]
2023-06-17 02:35:51,615|INFO|nn.computeOptunaObjective|Trial 84 rocauc:|[0.751500600240096]
2023-06-17 02:35:51,615|INFO|nn.computeOptunaObjective|Trial 84 timings:|0.4396111000000005
2023-06-17 02:35:51,615|INFO|nn.computeOptunaObjective|Trial 84 objective:|0.5882352941176471
2023-06-17 02:35:52,130|INFO|nn.computeOptunaObjective|Trial 85 params:|{'n_layers': 4, 'architecture': 'linear', 'lr': 0.001, 'n_epochs': 100}
2023-06-17 02:35:52,130|INFO|nn.computeOptunaObjective|Trial 85 balacc:|[0.723889555822329]
2023-06-17 02:35:52,130|INFO|nn.computeOptunaObjective|Trial 85 rocauc:|[0.7430972388955581]
2023-06-17 02:35:52,130|INFO|nn.computeOptunaObjective|Trial 85 timings:|0.5138591999999989
2023-06-17 02:35:52,130|INFO|nn.computeOptunaObjective|Trial 85 objective:|0.723889555822329
2023-06-17 02:35:52,888|INFO|nn.computeOptunaObjective|Trial 86 params:|{'n_layers': 3, 'architecture': 'linear', 'lr': 0.001, 'n_epochs': 150}
2023-06-17 02:35:52,903|INFO|nn.computeOptunaObjective|Trial 86 balacc:|[0.723889555822329]
2023-06-17 02:35:52,903|INFO|nn.computeOptunaObjective|Trial 86 rocauc:|[0.7388955582232893]
2023-06-17 02:35:52,903|INFO|nn.computeOptunaObjective|Trial 86 timings:|0.7558850999999933
2023-06-17 02:35:52,903|INFO|nn.computeOptunaObjective|Trial 86 objective:|0.723889555822329
2023-06-17 02:35:53,419|INFO|nn.computeOptunaObjective|Trial 87 params:|{'n_layers': 4, 'architecture': 'inner', 'lr': 0.0001, 'n_epochs': 100}
2023-06-17 02:35:53,419|INFO|nn.computeOptunaObjective|Trial 87 balacc:|[0.6176470588235294]
2023-06-17 02:35:53,419|INFO|nn.computeOptunaObjective|Trial 87 rocauc:|[0.7346938775510204]
2023-06-17 02:35:53,419|INFO|nn.computeOptunaObjective|Trial 87 timings:|0.5173091000000056
2023-06-17 02:35:53,419|INFO|nn.computeOptunaObjective|Trial 87 objective:|0.6176470588235294
2023-06-17 02:35:54,389|INFO|nn.computeOptunaObjective|Trial 88 params:|{'n_layers': 4, 'architecture': 'bottom', 'lr': 0.0001, 'n_epochs': 200}
2023-06-17 02:35:54,389|INFO|nn.computeOptunaObjective|Trial 88 balacc:|[0.6854741896758703]
2023-06-17 02:35:54,389|INFO|nn.computeOptunaObjective|Trial 88 rocauc:|[0.7298919567827131]
2023-06-17 02:35:54,389|INFO|nn.computeOptunaObjective|Trial 88 timings:|0.9568773999999962
2023-06-17 02:35:54,389|INFO|nn.computeOptunaObjective|Trial 88 objective:|0.6854741896758703
2023-06-17 02:35:55,138|INFO|nn.computeOptunaObjective|Trial 89 params:|{'n_layers': 4, 'architecture': 'outer', 'lr': 0.001, 'n_epochs': 150}
2023-06-17 02:35:55,138|INFO|nn.computeOptunaObjective|Trial 89 balacc:|[0.7533013205282113]
2023-06-17 02:35:55,138|INFO|nn.computeOptunaObjective|Trial 89 rocauc:|[0.7418967587034815]
2023-06-17 02:35:55,138|INFO|nn.computeOptunaObjective|Trial 89 timings:|0.753073299999997
2023-06-17 02:35:55,138|INFO|nn.computeOptunaObjective|Trial 89 objective:|0.7533013205282113
2023-06-17 02:35:55,154|INFO|mtg.runMTGExperiment|Best trial number:|11
2023-06-17 02:35:55,154|INFO|mtg.runMTGExperiment|Best trial objective:|0.7533013205282113
2023-06-17 02:35:55,154|INFO|mtg.runMTGExperiment|Best trial params:|{'n_layers': 4, 'architecture': 'linear', 'lr': 0.001, 'n_epochs': 150}
2023-06-17 02:35:55,154|INFO|nn.loadModellingDataset|Trainval descriptors loaded (features, instances):|1024|297
2023-06-17 02:35:55,154|INFO|nn.loadModellingDataset|Trainval endpoints loaded (tasks, instances):|1|297
2023-06-17 02:35:55,154|INFO|nn.loadModellingDataset|Test descriptors loaded (features, instances):|1024|33
2023-06-17 02:35:55,154|INFO|nn.loadModellingDataset|Test endpoints loaded (tasks, instances):|1|33
2023-06-17 02:35:55,154|INFO|mtg.runMTGExperiment|Final neural network hyperparams:|{'n_layers': 4, 'architecture': 'linear', 'lr': 0.001, 'n_epochs': 150, 'best_trial_num': 11}
2023-06-17 02:35:55,982|INFO|nn.testFinalModel|Final model test balacc:|[0.6597222222222222]
2023-06-17 02:35:55,982|INFO|nn.testFinalModel|Final model test rocauc:|[0.6851851851851851]
2023-06-17 02:35:55,998|INFO|mtg.runMTGExperiment|Mechanistic task grouping experiment timing:|65.376417
2023-06-17 02:35:55,998|INFO|mtg.runMTGExperiment|DONE
