2023-06-17 03:54:27,768|INFO|__main__.startLogging|>>>> START LOGGING A GMTAMES EXPERIMENT
2023-06-17 03:54:27,780|INFO|__main__.startLogging|mode:|mtg
2023-06-17 03:54:27,780|INFO|__main__.startLogging|tasks:|TA1537,TA1537_S9,TA1538,TA1538_S9,TA97,TA97_S9,TA98,TA98_S9
2023-06-17 03:54:27,780|INFO|__main__.startLogging|testsplit:|maxmin
2023-06-17 03:54:27,780|INFO|__main__.startLogging|output:|mtg_experiment_maxmin
2023-06-17 03:54:27,780|INFO|__main__.startLogging|device:|titanv
2023-06-17 03:54:27,780|INFO|__main__.startLogging|DONE
2023-06-17 03:54:27,780|INFO|mtg.runMTGExperiment|>>>> RUNNING MECHANISTIC TASK GROUPING EXPERIMENT
2023-06-17 03:54:31,927|INFO|mtg.runMTGExperiment|Device confirmed:|cuda:0
2023-06-17 03:54:33,105|INFO|nn.loadModellingDataset|Train descriptors loaded (features, instances):|1024|5806
2023-06-17 03:54:33,105|INFO|nn.loadModellingDataset|Train endpoints loaded (tasks, instances):|8|5806
2023-06-17 03:54:33,136|INFO|nn.loadModellingDataset|Val descriptors loaded (features, instances):|1024|2801
2023-06-17 03:54:33,136|INFO|nn.loadModellingDataset|Val endpoints loaded (tasks, instances):|8|2801
2023-06-17 03:54:44,771|INFO|nn.computeOptunaObjective|Trial 0 params:|{'n_layers': 2, 'architecture': 'top', 'lr': 0.001, 'n_epochs': 200}
2023-06-17 03:54:44,771|INFO|nn.computeOptunaObjective|Trial 0 balacc:|[0.7321057400202526, 0.6911120954713638, 0.7153993763492444, 0.7985057471264367, 0.6657672243209211, 0.7370550161812297, 0.7014807184703534, 0.7470551378446115]
2023-06-17 03:54:44,771|INFO|nn.computeOptunaObjective|Trial 0 rocauc:|[0.8636145605713372, 0.8710459117202564, 0.8983569201247301, 0.8974425287356321, 0.7628170534268753, 0.9191837468536498, 0.8498658769501491, 0.8759868421052631]
2023-06-17 03:54:44,771|INFO|nn.computeOptunaObjective|Trial 0 timings:|11.6337322
2023-06-17 03:54:44,771|INFO|nn.computeOptunaObjective|Trial 0 objective:|0.7235601319730516
2023-06-17 03:54:50,681|INFO|nn.computeOptunaObjective|Trial 1 params:|{'n_layers': 4, 'architecture': 'top', 'lr': 0.001, 'n_epochs': 100}
2023-06-17 03:54:50,681|INFO|nn.computeOptunaObjective|Trial 1 balacc:|[0.7650429035868465, 0.7362681744749596, 0.7708982969537059, 0.8085057471264367, 0.6556484979312827, 0.7690129449838188, 0.710231979227022, 0.7669486215538848]
2023-06-17 03:54:50,681|INFO|nn.computeOptunaObjective|Trial 1 rocauc:|[0.871235943079465, 0.8753452498827453, 0.898476852962341, 0.9091954022988505, 0.746177370030581, 0.9006652283351312, 0.8624541299169509, 0.8846513605442177]
2023-06-17 03:54:50,681|INFO|nn.computeOptunaObjective|Trial 1 timings:|5.910377999999998
2023-06-17 03:54:50,681|INFO|nn.computeOptunaObjective|Trial 1 objective:|0.7478196457297446
2023-06-17 03:54:56,416|INFO|nn.computeOptunaObjective|Trial 2 params:|{'n_layers': 3, 'architecture': 'outer', 'lr': 0.001, 'n_epochs': 100}
2023-06-17 03:54:56,416|INFO|nn.computeOptunaObjective|Trial 2 balacc:|[0.7650429035868465, 0.7128823805305122, 0.7682597745262654, 0.825632183908046, 0.6835312106493974, 0.7354368932038835, 0.7371638876370737, 0.7637844611528821]
2023-06-17 03:54:56,416|INFO|nn.computeOptunaObjective|Trial 2 rocauc:|[0.8677716783030432, 0.8820157381833342, 0.9006956104581435, 0.905632183908046, 0.7608382802662348, 0.9070478245235527, 0.8568896328247386, 0.8777054242749731]
2023-06-17 03:54:56,416|INFO|nn.computeOptunaObjective|Trial 2 timings:|5.7308226
2023-06-17 03:54:56,416|INFO|nn.computeOptunaObjective|Trial 2 objective:|0.7489667118993633
2023-06-17 03:55:01,970|INFO|nn.computeOptunaObjective|Trial 3 params:|{'n_layers': 4, 'architecture': 'bottom', 'lr': 0.0001, 'n_epochs': 100}
2023-06-17 03:55:01,970|INFO|nn.computeOptunaObjective|Trial 3 balacc:|[0.5, 0.5, 0.5, 0.5, 0.5, 0.5, 0.5, 0.5]
2023-06-17 03:55:01,970|INFO|nn.computeOptunaObjective|Trial 3 rocauc:|[0.536481372914779, 0.5857783104903851, 0.620712401055409, 0.5573563218390805, 0.48731786292498647, 0.5617583603020496, 0.5897637288353828, 0.58187656641604]
2023-06-17 03:55:01,970|INFO|nn.computeOptunaObjective|Trial 3 timings:|5.5605161000000045
2023-06-17 03:55:01,970|INFO|nn.computeOptunaObjective|Trial 3 objective:|0.5
2023-06-17 03:55:10,335|INFO|nn.computeOptunaObjective|Trial 4 params:|{'n_layers': 2, 'architecture': 'bottom', 'lr': 0.001, 'n_epochs': 150}
2023-06-17 03:55:10,335|INFO|nn.computeOptunaObjective|Trial 4 balacc:|[0.7227122528380323, 0.6894965865860649, 0.7494902854401535, 0.7799425287356322, 0.6510613419679798, 0.709277238403452, 0.7055001180282838, 0.7489348370927318]
2023-06-17 03:55:10,335|INFO|nn.computeOptunaObjective|Trial 4 rocauc:|[0.8601769439855034, 0.8742248163010059, 0.8970976253298153, 0.8927586206896552, 0.764525993883792, 0.9065983459187343, 0.839979398699543, 0.8688081811672037]
2023-06-17 03:55:10,335|INFO|nn.computeOptunaObjective|Trial 4 timings:|8.361184199999997
2023-06-17 03:55:10,335|INFO|nn.computeOptunaObjective|Trial 4 objective:|0.7195518986365413
2023-06-17 03:55:21,472|INFO|nn.computeOptunaObjective|Trial 5 params:|{'n_layers': 3, 'architecture': 'outer', 'lr': 0.0001, 'n_epochs': 200}
2023-06-17 03:55:21,472|INFO|nn.computeOptunaObjective|Trial 5 balacc:|[0.6717609124340457, 0.6282114753244046, 0.7153993763492444, 0.725632183908046, 0.6247076812376327, 0.6847357065803668, 0.6651473207579561, 0.7331140350877192]
2023-06-17 03:55:21,472|INFO|nn.computeOptunaObjective|Trial 5 rocauc:|[0.8499173906091776, 0.851216842982959, 0.9032741664667786, 0.8902298850574712, 0.7279186904119446, 0.8580546565983459, 0.8252709285606986, 0.8612088256355173]
2023-06-17 03:55:21,472|INFO|nn.computeOptunaObjective|Trial 5 timings:|11.130272300000001
2023-06-17 03:55:21,472|INFO|nn.computeOptunaObjective|Trial 5 objective:|0.681088586459927
2023-06-17 03:55:27,188|INFO|nn.computeOptunaObjective|Trial 6 params:|{'n_layers': 4, 'architecture': 'top', 'lr': 0.0001, 'n_epochs': 100}
2023-06-17 03:55:27,188|INFO|nn.computeOptunaObjective|Trial 6 balacc:|[0.5, 0.5, 0.5, 0.5, 0.5, 0.5, 0.5, 0.5]
2023-06-17 03:55:27,188|INFO|nn.computeOptunaObjective|Trial 6 rocauc:|[0.8545275275808772, 0.8454583355047163, 0.9033341328855841, 0.8938505747126437, 0.6915812196438208, 0.8384573894282632, 0.8036159574239792, 0.8381467060508414]
2023-06-17 03:55:27,188|INFO|nn.computeOptunaObjective|Trial 6 timings:|5.719452599999997
2023-06-17 03:55:27,188|INFO|nn.computeOptunaObjective|Trial 6 objective:|0.5
2023-06-17 03:55:33,059|INFO|nn.computeOptunaObjective|Trial 7 params:|{'n_layers': 3, 'architecture': 'bottom', 'lr': 0.001, 'n_epochs': 100}
2023-06-17 03:55:33,059|INFO|nn.computeOptunaObjective|Trial 7 balacc:|[0.7227122528380323, 0.7015868466308823, 0.7481710242264332, 0.775632183908046, 0.6642381723331534, 0.7444714131607335, 0.7162299620163524, 0.755764411027569]
2023-06-17 03:55:33,059|INFO|nn.computeOptunaObjective|Trial 7 rocauc:|[0.8591643127431647, 0.8671634790765542, 0.8912209162868795, 0.8897701149425288, 0.7495952509444145, 0.8977885652642935, 0.8438206828472714, 0.867796723952739]
2023-06-17 03:55:33,059|INFO|nn.computeOptunaObjective|Trial 7 timings:|5.859850599999994
2023-06-17 03:55:33,059|INFO|nn.computeOptunaObjective|Trial 7 objective:|0.7286007832676502
2023-06-17 03:55:39,025|INFO|nn.computeOptunaObjective|Trial 8 params:|{'n_layers': 3, 'architecture': 'linear', 'lr': 0.0001, 'n_epochs': 100}
2023-06-17 03:55:39,025|INFO|nn.computeOptunaObjective|Trial 8 balacc:|[0.5, 0.5, 0.5, 0.5, 0.5, 0.5, 0.5, 0.5018796992481203]
2023-06-17 03:55:39,025|INFO|nn.computeOptunaObjective|Trial 8 rocauc:|[0.7929169109417471, 0.7927197873781855, 0.8717917965939076, 0.8208620689655173, 0.634826407627271, 0.7557533261416756, 0.7672353483980343, 0.7908767454350161]
2023-06-17 03:55:39,025|INFO|nn.computeOptunaObjective|Trial 8 timings:|5.970289100000002
2023-06-17 03:55:39,025|INFO|nn.computeOptunaObjective|Trial 8 objective:|0.5002349624060151
2023-06-17 03:55:47,357|INFO|nn.computeOptunaObjective|Trial 9 params:|{'n_layers': 2, 'architecture': 'bottom', 'lr': 0.0001, 'n_epochs': 150}
2023-06-17 03:55:47,357|INFO|nn.computeOptunaObjective|Trial 9 balacc:|[0.5, 0.5, 0.5227272727272727, 0.5085632183908045, 0.5, 0.5, 0.5518852335887036, 0.5630012531328321]
2023-06-17 03:55:47,357|INFO|nn.computeOptunaObjective|Trial 9 rocauc:|[0.6998614294089431, 0.7216895096148834, 0.819680978651955, 0.7493103448275862, 0.5741140492894407, 0.6615426105717368, 0.745822871735445, 0.778076888650197]
2023-06-17 03:55:47,357|INFO|nn.computeOptunaObjective|Trial 9 timings:|8.337364199999996
2023-06-17 03:55:47,357|INFO|nn.computeOptunaObjective|Trial 9 objective:|0.5182721222299516
2023-06-17 03:55:58,228|INFO|nn.computeOptunaObjective|Trial 10 params:|{'n_layers': 2, 'architecture': 'bottom', 'lr': 0.001, 'n_epochs': 200}
2023-06-17 03:55:58,228|INFO|nn.computeOptunaObjective|Trial 10 balacc:|[0.7328785375473006, 0.6749830632132993, 0.7267630127128808, 0.7785057471264367, 0.6495322899802123, 0.6970064724919094, 0.6963475611064616, 0.7369674185463659]
2023-06-17 03:55:58,228|INFO|nn.computeOptunaObjective|Trial 10 rocauc:|[0.8611895752278419, 0.8661212152795873, 0.895778364116095, 0.8922413793103449, 0.7591293398093182, 0.8972491909385113, 0.8350028970578768, 0.8640686537773004]
2023-06-17 03:55:58,228|INFO|nn.computeOptunaObjective|Trial 10 timings:|10.856020700000002
2023-06-17 03:55:58,228|INFO|nn.computeOptunaObjective|Trial 10 objective:|0.7116230128406084
2023-06-17 03:56:06,606|INFO|nn.computeOptunaObjective|Trial 11 params:|{'n_layers': 4, 'architecture': 'linear', 'lr': 0.001, 'n_epochs': 150}
2023-06-17 03:56:06,606|INFO|nn.computeOptunaObjective|Trial 11 balacc:|[0.7391808346213292, 0.737075928917609, 0.7508095466538738, 0.8070689655172414, 0.654119445943515, 0.7477076591154261, 0.7056245842185455, 0.7708020050125313]
2023-06-17 03:56:06,606|INFO|nn.computeOptunaObjective|Trial 11 rocauc:|[0.8745936150935352, 0.87693470217312, 0.8875029983209402, 0.9012931034482758, 0.759579060982191, 0.8975188781014023, 0.8586986845211271, 0.8760987289652703]
2023-06-17 03:56:06,606|INFO|nn.computeOptunaObjective|Trial 11 timings:|8.38683669999999
2023-06-17 03:56:06,606|INFO|nn.computeOptunaObjective|Trial 11 objective:|0.7390486212500089
2023-06-17 03:56:17,681|INFO|nn.computeOptunaObjective|Trial 12 params:|{'n_layers': 2, 'architecture': 'outer', 'lr': 0.001, 'n_epochs': 200}
2023-06-17 03:56:17,681|INFO|nn.computeOptunaObjective|Trial 12 balacc:|[0.7227122528380323, 0.6999843660430455, 0.7368073878627968, 0.7899425287356322, 0.6464741860046771, 0.6831175836030206, 0.6928539239039464, 0.7476503759398496]
2023-06-17 03:56:17,681|INFO|nn.computeOptunaObjective|Trial 12 rocauc:|[0.8621755582795928, 0.8746417218197927, 0.8977572559366753, 0.8929310344827586, 0.7632667745997481, 0.9101941747572816, 0.8441447241357112, 0.8685351772287861]
2023-06-17 03:56:17,681|INFO|nn.computeOptunaObjective|Trial 12 timings:|11.065670499999996
2023-06-17 03:56:17,681|INFO|nn.computeOptunaObjective|Trial 12 objective:|0.714942825616375
2023-06-17 03:56:28,794|INFO|nn.computeOptunaObjective|Trial 13 params:|{'n_layers': 2, 'architecture': 'inner', 'lr': 0.001, 'n_epochs': 200}
2023-06-17 03:56:28,794|INFO|nn.computeOptunaObjective|Trial 13 balacc:|[0.741499227202473, 0.6903043410287144, 0.7040357399856081, 0.7899425287356322, 0.6510613419679798, 0.7199298813376483, 0.6983883774329922, 0.7526002506265663]
2023-06-17 03:56:28,794|INFO|nn.computeOptunaObjective|Trial 13 rocauc:|[0.8640142834301551, 0.8681536296836729, 0.9012053250179899, 0.8896551724137931, 0.7730706961683755, 0.9077669902912621, 0.8441425781669135, 0.8718515037593985]
2023-06-17 03:56:28,794|INFO|nn.computeOptunaObjective|Trial 13 timings:|11.102782300000001
2023-06-17 03:56:28,794|INFO|nn.computeOptunaObjective|Trial 13 objective:|0.7184702110397019
2023-06-17 03:56:40,207|INFO|nn.computeOptunaObjective|Trial 14 params:|{'n_layers': 3, 'architecture': 'linear', 'lr': 0.0001, 'n_epochs': 200}
2023-06-17 03:56:40,207|INFO|nn.computeOptunaObjective|Trial 14 balacc:|[0.6717609124340457, 0.6370837458960863, 0.7053550011993284, 0.7270689655172413, 0.6394135635905739, 0.7108953613807982, 0.6732483529689478, 0.7350877192982457]
2023-06-17 03:56:40,207|INFO|nn.computeOptunaObjective|Trial 14 rocauc:|[0.8534615999573628, 0.8551774454114337, 0.9039337970736387, 0.896264367816092, 0.7335851771901422, 0.870190578928443, 0.8289834545805704, 0.8643416577157178]
2023-06-17 03:56:40,207|INFO|nn.computeOptunaObjective|Trial 14 timings:|11.42195310000001
2023-06-17 03:56:40,207|INFO|nn.computeOptunaObjective|Trial 14 objective:|0.6874892027856583
2023-06-17 03:56:48,602|INFO|nn.computeOptunaObjective|Trial 15 params:|{'n_layers': 3, 'architecture': 'outer', 'lr': 0.0001, 'n_epochs': 150}
2023-06-17 03:56:48,602|INFO|nn.computeOptunaObjective|Trial 15 balacc:|[0.5407850556947184, 0.5, 0.5895898296953705, 0.6171264367816092, 0.5, 0.522923408845739, 0.5889589905362776, 0.6635964912280702]
2023-06-17 03:56:48,602|INFO|nn.computeOptunaObjective|Trial 15 rocauc:|[0.8331290305388264, 0.8269060399187034, 0.8936795394579035, 0.8724137931034482, 0.6837560712358338, 0.8145451276519238, 0.7952273653941073, 0.839766827783745]
2023-06-17 03:56:48,602|INFO|nn.computeOptunaObjective|Trial 15 timings:|8.391203899999994
2023-06-17 03:56:48,602|INFO|nn.computeOptunaObjective|Trial 15 objective:|0.5653725265977231
2023-06-17 03:56:56,842|INFO|nn.computeOptunaObjective|Trial 16 params:|{'n_layers': 2, 'architecture': 'inner', 'lr': 0.0001, 'n_epochs': 150}
2023-06-17 03:56:56,842|INFO|nn.computeOptunaObjective|Trial 16 balacc:|[0.5164685817832969, 0.5, 0.5, 0.5385632183908046, 0.5116477783774059, 0.49838187702265374, 0.5580076825682955, 0.6]
2023-06-17 03:56:56,842|INFO|nn.computeOptunaObjective|Trial 16 rocauc:|[0.8026435005063157, 0.7978008233883996, 0.8729911249700167, 0.8419540229885057, 0.6654074473826228, 0.7618662351672061, 0.7791454752247903, 0.8177251163623342]
2023-06-17 03:56:56,842|INFO|nn.computeOptunaObjective|Trial 16 timings:|8.22732099999999
2023-06-17 03:56:56,842|INFO|nn.computeOptunaObjective|Trial 16 objective:|0.527883642267807
2023-06-17 03:57:05,119|INFO|nn.computeOptunaObjective|Trial 17 params:|{'n_layers': 2, 'architecture': 'linear', 'lr': 0.001, 'n_epochs': 150}
2023-06-17 03:57:05,119|INFO|nn.computeOptunaObjective|Trial 17 balacc:|[0.740726429675425, 0.7072411277294283, 0.7267630127128808, 0.7899425287356322, 0.6495322899802123, 0.7247842502696872, 0.6994399021438229, 0.7570488721804511]
2023-06-17 03:57:05,119|INFO|nn.computeOptunaObjective|Trial 17 rocauc:|[0.8636145605713372, 0.8715670436187398, 0.9010554089709762, 0.8952873563218391, 0.7634466630688972, 0.9164868752247393, 0.848400180261379, 0.8725429645542427]
2023-06-17 03:57:05,119|INFO|nn.computeOptunaObjective|Trial 17 timings:|8.282514300000003
2023-06-17 03:57:05,119|INFO|nn.computeOptunaObjective|Trial 17 objective:|0.7244348016784425
2023-06-17 03:57:16,614|INFO|nn.computeOptunaObjective|Trial 18 params:|{'n_layers': 4, 'architecture': 'linear', 'lr': 0.001, 'n_epochs': 200}
2023-06-17 03:57:16,614|INFO|nn.computeOptunaObjective|Trial 18 balacc:|[0.7391808346213292, 0.7532049611756735, 0.7254437514991605, 0.835632183908046, 0.6820021586616298, 0.718311758360302, 0.7046975256979764, 0.7610902255639098]
2023-06-17 03:57:16,614|INFO|nn.computeOptunaObjective|Trial 18 rocauc:|[0.8689175504983212, 0.8704987232268487, 0.9002758455265052, 0.90683908045977, 0.7589494513401691, 0.8941028407047824, 0.8544646880834352, 0.8730800214822773]
2023-06-17 03:57:16,614|INFO|nn.computeOptunaObjective|Trial 18 timings:|11.481752
2023-06-17 03:57:16,614|INFO|nn.computeOptunaObjective|Trial 18 objective:|0.7399454249360033
2023-06-17 03:57:22,237|INFO|nn.computeOptunaObjective|Trial 19 params:|{'n_layers': 3, 'architecture': 'top', 'lr': 0.001, 'n_epochs': 100}
2023-06-17 03:57:22,237|INFO|nn.computeOptunaObjective|Trial 19 balacc:|[0.7297873474391089, 0.7443326906039919, 0.7494902854401535, 0.8299425287356322, 0.6409426155783414, 0.7477076591154261, 0.7218888817356596, 0.7636904761904761]
2023-06-17 03:57:22,237|INFO|nn.computeOptunaObjective|Trial 19 rocauc:|[0.8747135319511805, 0.8823805305122726, 0.8931398416886543, 0.9079310344827586, 0.7714516999460335, 0.9167565623876304, 0.8604905684671345, 0.8822390798424632]
2023-06-17 03:57:22,237|INFO|nn.computeOptunaObjective|Trial 19 timings:|5.624433199999999
2023-06-17 03:57:22,237|INFO|nn.computeOptunaObjective|Trial 19 objective:|0.7409728106048488
2023-06-17 03:57:33,474|INFO|nn.computeOptunaObjective|Trial 20 params:|{'n_layers': 3, 'architecture': 'top', 'lr': 0.0001, 'n_epochs': 200}
2023-06-17 03:57:33,474|INFO|nn.computeOptunaObjective|Trial 20 balacc:|[0.7070164685817832, 0.7056256188441294, 0.7381266490765171, 0.7827586206896552, 0.6688253282964562, 0.7477076591154261, 0.6882465288954699, 0.7556704260651629]
2023-06-17 03:57:33,474|INFO|nn.computeOptunaObjective|Trial 20 rocauc:|[0.8644673026701488, 0.8700036479232893, 0.8989565843127848, 0.9017816091954023, 0.7428494333513223, 0.8984178353110391, 0.8526921178566063, 0.8799610633727176]
2023-06-17 03:57:33,474|INFO|nn.computeOptunaObjective|Trial 20 timings:|11.23215620000002
2023-06-17 03:57:33,474|INFO|nn.computeOptunaObjective|Trial 20 objective:|0.7242471624455751
2023-06-17 03:57:41,989|INFO|nn.computeOptunaObjective|Trial 21 params:|{'n_layers': 3, 'architecture': 'outer', 'lr': 0.001, 'n_epochs': 150}
2023-06-17 03:57:41,989|INFO|nn.computeOptunaObjective|Trial 21 balacc:|[0.7391808346213292, 0.7411016728333941, 0.7455325017989926, 0.8141954022988506, 0.6409426155783414, 0.7322006472491909, 0.7270220390995514, 0.7539786967418547]
2023-06-17 03:57:41,989|INFO|nn.computeOptunaObjective|Trial 21 rocauc:|[0.8631881895219314, 0.8701078743029861, 0.8938894219237227, 0.9011494252873563, 0.7811656772800862, 0.902732829917296, 0.8529839696130816, 0.8718962585034012]
2023-06-17 03:57:41,989|INFO|nn.computeOptunaObjective|Trial 21 timings:|8.511259100000018
2023-06-17 03:57:41,989|INFO|nn.computeOptunaObjective|Trial 21 objective:|0.7367693012776881
2023-06-17 03:57:47,697|INFO|nn.computeOptunaObjective|Trial 22 params:|{'n_layers': 4, 'architecture': 'inner', 'lr': 0.001, 'n_epochs': 100}
2023-06-17 03:57:47,697|INFO|nn.computeOptunaObjective|Trial 22 balacc:|[0.7642701060597985, 0.7282036583459274, 0.7708982969537059, 0.7870689655172414, 0.6642381723331534, 0.770631067961165, 0.7070774050945299, 0.7614035087719297]
2023-06-17 03:57:47,697|INFO|nn.computeOptunaObjective|Trial 22 rocauc:|[0.8742605127111869, 0.8743550992756266, 0.8940393379707364, 0.9103448275862069, 0.7468969239071777, 0.8983279395900755, 0.855876735552265, 0.8783051378446116]
2023-06-17 03:57:47,697|INFO|nn.computeOptunaObjective|Trial 22 timings:|5.714253599999978
2023-06-17 03:57:47,697|INFO|nn.computeOptunaObjective|Trial 22 objective:|0.7442238976296813
2023-06-17 03:57:56,435|INFO|nn.computeOptunaObjective|Trial 23 params:|{'n_layers': 4, 'architecture': 'top', 'lr': 0.001, 'n_epochs': 150}
2023-06-17 03:57:56,435|INFO|nn.computeOptunaObjective|Trial 23 balacc:|[0.7305601449661568, 0.721754651102194, 0.7494902854401535, 0.8270689655172414, 0.6556484979312827, 0.727346278317152, 0.7148393742354986, 0.768890977443609]
2023-06-17 03:57:56,435|INFO|nn.computeOptunaObjective|Trial 23 rocauc:|[0.859697276554922, 0.8763093438949399, 0.8967378268169823, 0.910287356321839, 0.7593991725130419, 0.8913610212153902, 0.8624863194489151, 0.873921410669531]
2023-06-17 03:57:56,435|INFO|nn.computeOptunaObjective|Trial 23 timings:|8.733109100000007
2023-06-17 03:57:56,435|INFO|nn.computeOptunaObjective|Trial 23 objective:|0.736949896869161
2023-06-17 03:58:07,533|INFO|nn.computeOptunaObjective|Trial 24 params:|{'n_layers': 2, 'architecture': 'inner', 'lr': 0.0001, 'n_epochs': 200}
2023-06-17 03:58:07,533|INFO|nn.computeOptunaObjective|Trial 24 balacc:|[0.6129616799019346, 0.5991844285788733, 0.6197229551451187, 0.7099425287356322, 0.5836481381543444, 0.5768608414239482, 0.6336702504345587, 0.7172932330827068]
2023-06-17 03:58:07,533|INFO|nn.computeOptunaObjective|Trial 24 rocauc:|[0.8222032723978042, 0.8299286049299077, 0.8898416886543535, 0.8757471264367815, 0.7023745277927684, 0.819848975188781, 0.7972617438142449, 0.8459832617257429]
2023-06-17 03:58:07,533|INFO|nn.computeOptunaObjective|Trial 24 timings:|11.094552499999992
2023-06-17 03:58:07,533|INFO|nn.computeOptunaObjective|Trial 24 objective:|0.6316605069321396
2023-06-17 03:58:18,649|INFO|nn.computeOptunaObjective|Trial 25 params:|{'n_layers': 3, 'architecture': 'bottom', 'lr': 0.0001, 'n_epochs': 200}
2023-06-17 03:58:18,649|INFO|nn.computeOptunaObjective|Trial 25 balacc:|[0.562783137024996, 0.5838631507634582, 0.6411309666586712, 0.5, 0.5395304910955208, 0.5, 0.5893602867014314, 0.6347117794486216]
2023-06-17 03:58:18,649|INFO|nn.computeOptunaObjective|Trial 25 rocauc:|[0.8184991739060918, 0.8234926259836365, 0.8901415207483809, 0.8468390804597701, 0.6728728188523115, 0.7922509888529305, 0.7787334492156484, 0.8210682957393485]
2023-06-17 03:58:18,649|INFO|nn.computeOptunaObjective|Trial 25 timings:|11.116518500000012
2023-06-17 03:58:18,649|INFO|nn.computeOptunaObjective|Trial 25 objective:|0.5689224764615874
2023-06-17 03:58:27,318|INFO|nn.computeOptunaObjective|Trial 26 params:|{'n_layers': 2, 'architecture': 'outer', 'lr': 0.0001, 'n_epochs': 150}
2023-06-17 03:58:27,318|INFO|nn.computeOptunaObjective|Trial 26 balacc:|[0.5164685817832969, 0.5080645161290323, 0.5909090909090909, 0.5185632183908045, 0.5263536607303472, 0.5, 0.5838880662675164, 0.6354010025062656]
2023-06-17 03:58:27,318|INFO|nn.computeOptunaObjective|Trial 26 rocauc:|[0.7887597932100411, 0.7970972953254469, 0.8713120652434636, 0.83316091954023, 0.6546141392336751, 0.7607874865156419, 0.7823172171076632, 0.8194616004296456]
2023-06-17 03:58:27,318|INFO|nn.computeOptunaObjective|Trial 26 timings:|8.663800399999985
2023-06-17 03:58:27,318|INFO|nn.computeOptunaObjective|Trial 26 objective:|0.5474560170895443
2023-06-17 03:58:33,051|INFO|nn.computeOptunaObjective|Trial 27 params:|{'n_layers': 3, 'architecture': 'inner', 'lr': 0.0001, 'n_epochs': 100}
2023-06-17 03:58:33,051|INFO|nn.computeOptunaObjective|Trial 27 balacc:|[0.5, 0.5, 0.5, 0.5, 0.5, 0.5, 0.5020408163265306, 0.5]
2023-06-17 03:58:33,051|INFO|nn.computeOptunaObjective|Trial 27 rocauc:|[0.790278740073549, 0.793110636302048, 0.8711921324058528, 0.8160344827586206, 0.632577801762907, 0.7505393743257821, 0.7657117105517286, 0.7878155209452203]
2023-06-17 03:58:33,051|INFO|nn.computeOptunaObjective|Trial 27 timings:|5.7231364000000156
2023-06-17 03:58:33,051|INFO|nn.computeOptunaObjective|Trial 27 objective:|0.5002551020408164
2023-06-17 03:58:41,563|INFO|nn.computeOptunaObjective|Trial 28 params:|{'n_layers': 3, 'architecture': 'top', 'lr': 0.001, 'n_epochs': 150}
2023-06-17 03:58:41,563|INFO|nn.computeOptunaObjective|Trial 28 balacc:|[0.7556494164046261, 0.7193313877742457, 0.7354881266490765, 0.8270689655172414, 0.6556484979312827, 0.7477076591154261, 0.7204360608596752, 0.7520989974937343]
2023-06-17 03:58:41,563|INFO|nn.computeOptunaObjective|Trial 28 rocauc:|[0.867105473538347, 0.8755276460472146, 0.891820580474934, 0.9068103448275862, 0.7768483540205072, 0.9039014742898238, 0.8574926500568683, 0.875888381668457]
2023-06-17 03:58:41,563|INFO|nn.computeOptunaObjective|Trial 28 timings:|8.510173999999978
2023-06-17 03:58:41,563|INFO|nn.computeOptunaObjective|Trial 28 objective:|0.7391786389681635
2023-06-17 03:58:47,372|INFO|nn.computeOptunaObjective|Trial 29 params:|{'n_layers': 4, 'architecture': 'outer', 'lr': 0.001, 'n_epochs': 100}
2023-06-17 03:58:47,372|INFO|nn.computeOptunaObjective|Trial 29 balacc:|[0.7642701060597985, 0.7362681744749596, 0.7909870472535381, 0.825632183908046, 0.6688253282964562, 0.7861380798274002, 0.7151784373055217, 0.7646616541353384]
2023-06-17 03:58:47,372|INFO|nn.computeOptunaObjective|Trial 29 rocauc:|[0.8678649469701007, 0.8705768930116212, 0.8920004797313504, 0.9029310344827587, 0.7520237452779278, 0.8969795037756203, 0.8510139702568723, 0.8757720193340495]
2023-06-17 03:58:47,372|INFO|nn.computeOptunaObjective|Trial 29 timings:|5.803615900000011
2023-06-17 03:58:47,372|INFO|nn.computeOptunaObjective|Trial 29 objective:|0.7564951264076323
2023-06-17 03:58:58,679|INFO|nn.computeOptunaObjective|Trial 30 params:|{'n_layers': 4, 'architecture': 'linear', 'lr': 0.0001, 'n_epochs': 200}
2023-06-17 03:58:58,679|INFO|nn.computeOptunaObjective|Trial 30 balacc:|[0.713318765655812, 0.6661107926416177, 0.7294015351403214, 0.6670689655172414, 0.6672962763086886, 0.7247842502696872, 0.6890491212257773, 0.7519110275689223]
2023-06-17 03:58:58,679|INFO|nn.computeOptunaObjective|Trial 30 rocauc:|[0.8642008207642701, 0.8612486320287664, 0.8979371551930918, 0.891206896551724, 0.7315164597949271, 0.8951815893563466, 0.8395373291272344, 0.8680697278911563]
2023-06-17 03:58:58,679|INFO|nn.computeOptunaObjective|Trial 30 timings:|11.30008479999998
2023-06-17 03:58:58,679|INFO|nn.computeOptunaObjective|Trial 30 objective:|0.7011175917910084
2023-06-17 03:59:04,255|INFO|nn.computeOptunaObjective|Trial 31 params:|{'n_layers': 3, 'architecture': 'top', 'lr': 0.0001, 'n_epochs': 100}
2023-06-17 03:59:04,255|INFO|nn.computeOptunaObjective|Trial 31 balacc:|[0.5, 0.5, 0.5, 0.5, 0.5, 0.5, 0.5346316444558896, 0.5276942355889724]
2023-06-17 03:59:04,255|INFO|nn.computeOptunaObjective|Trial 31 rocauc:|[0.8340350690188136, 0.8307624159674813, 0.8973974574238427, 0.8717816091954024, 0.6705342687533729, 0.8121179431859044, 0.7965621579862228, 0.8287661117078411]
2023-06-17 03:59:04,255|INFO|nn.computeOptunaObjective|Trial 31 timings:|5.581036299999994
2023-06-17 03:59:04,255|INFO|nn.computeOptunaObjective|Trial 31 objective:|0.5077907350056078
2023-06-17 03:59:15,548|INFO|nn.computeOptunaObjective|Trial 32 params:|{'n_layers': 4, 'architecture': 'inner', 'lr': 0.001, 'n_epochs': 200}
2023-06-17 03:59:15,548|INFO|nn.computeOptunaObjective|Trial 32 balacc:|[0.7110003730746682, 0.71611339830111, 0.718037898776685, 0.805632183908046, 0.599883072495053, 0.7305825242718447, 0.701605184660615, 0.7580200501253134]
2023-06-17 03:59:15,548|INFO|nn.computeOptunaObjective|Trial 32 rocauc:|[0.8630416244736983, 0.8679191203293555, 0.880756776205325, 0.9004885057471264, 0.765785213167836, 0.8743257820927723, 0.8562351123414667, 0.8700814536340853]
2023-06-17 03:59:15,548|INFO|nn.computeOptunaObjective|Trial 32 timings:|11.291537799999958
2023-06-17 03:59:15,548|INFO|nn.computeOptunaObjective|Trial 32 objective:|0.7176093357016669
2023-06-17 03:59:24,037|INFO|nn.computeOptunaObjective|Trial 33 params:|{'n_layers': 3, 'architecture': 'bottom', 'lr': 0.001, 'n_epochs': 150}
2023-06-17 03:59:24,037|INFO|nn.computeOptunaObjective|Trial 33 balacc:|[0.7313329424932047, 0.7144978894158112, 0.7254437514991605, 0.8170689655172414, 0.6449451340169096, 0.7444714131607335, 0.7213008862851135, 0.7590225563909774]
2023-06-17 03:59:24,037|INFO|nn.computeOptunaObjective|Trial 33 rocauc:|[0.8600969994137397, 0.8611183490541456, 0.8936795394579037, 0.8969540229885058, 0.7548120165497392, 0.9036317871269328, 0.8416875898624435, 0.8671970103831007]
2023-06-17 03:59:24,037|INFO|nn.computeOptunaObjective|Trial 33 timings:|8.473761499999966
2023-06-17 03:59:24,037|INFO|nn.computeOptunaObjective|Trial 33 objective:|0.732260442347394
2023-06-17 03:59:35,307|INFO|nn.computeOptunaObjective|Trial 34 params:|{'n_layers': 3, 'architecture': 'inner', 'lr': 0.001, 'n_epochs': 200}
2023-06-17 03:59:35,307|INFO|nn.computeOptunaObjective|Trial 34 balacc:|[0.7556494164046261, 0.737075928917609, 0.7555768769489086, 0.8085057471264367, 0.6672962763086886, 0.7722491909385114, 0.7255069851284363, 0.7656641604010025]
2023-06-17 03:59:35,307|INFO|nn.computeOptunaObjective|Trial 34 rocauc:|[0.8624953365666471, 0.8746156652248684, 0.8862137203166227, 0.9016666666666666, 0.7580500089944234, 0.9137450557353469, 0.8530225970514388, 0.8728450590762621]
2023-06-17 03:59:35,307|INFO|nn.computeOptunaObjective|Trial 34 timings:|11.274194099999988
2023-06-17 03:59:35,307|INFO|nn.computeOptunaObjective|Trial 34 objective:|0.7484405727717773
2023-06-17 03:59:46,875|INFO|nn.computeOptunaObjective|Trial 35 params:|{'n_layers': 4, 'architecture': 'top', 'lr': 0.001, 'n_epochs': 200}
2023-06-17 03:59:46,875|INFO|nn.computeOptunaObjective|Trial 35 balacc:|[0.681927197143314, 0.6927276043566626, 0.7066742624130486, 0.8185057471264368, 0.6262367332254003, 0.7257281553398058, 0.6838880662675164, 0.7736528822055138]
2023-06-17 03:59:46,875|INFO|nn.computeOptunaObjective|Trial 35 rocauc:|[0.8696636998347813, 0.8741075616238471, 0.8793775485727994, 0.9100574712643678, 0.7683036517359237, 0.8652463142754404, 0.8561192300263953, 0.8731672932330827]
2023-06-17 03:59:46,875|INFO|nn.computeOptunaObjective|Trial 35 timings:|11.558267
2023-06-17 03:59:46,875|INFO|nn.computeOptunaObjective|Trial 35 objective:|0.7136675810097123
2023-06-17 03:59:55,232|INFO|nn.computeOptunaObjective|Trial 36 params:|{'n_layers': 3, 'architecture': 'bottom', 'lr': 0.0001, 'n_epochs': 150}
2023-06-17 03:59:55,232|INFO|nn.computeOptunaObjective|Trial 36 balacc:|[0.5, 0.5, 0.5, 0.5185632183908045, 0.5, 0.5138888888888888, 0.5574819202128801, 0.5472744360902255]
2023-06-17 03:59:55,232|INFO|nn.computeOptunaObjective|Trial 36 rocauc:|[0.7374353781378243, 0.7463651050080776, 0.8346725833533223, 0.7749425287356322, 0.6087425796006476, 0.6936353829557712, 0.7615742827099294, 0.7810351772287861]
2023-06-17 03:59:55,232|INFO|nn.computeOptunaObjective|Trial 36 timings:|8.35062750000003
2023-06-17 03:59:55,232|INFO|nn.computeOptunaObjective|Trial 36 objective:|0.5171510579478499
2023-06-17 04:00:03,930|INFO|nn.computeOptunaObjective|Trial 37 params:|{'n_layers': 3, 'architecture': 'linear', 'lr': 0.0001, 'n_epochs': 150}
2023-06-17 04:00:03,930|INFO|nn.computeOptunaObjective|Trial 37 balacc:|[0.5478601502957949, 0.5, 0.5681818181818181, 0.5985632183908046, 0.5263536607303472, 0.5507011866235167, 0.5971222558424001, 0.6403508771929824]
2023-06-17 04:00:03,930|INFO|nn.computeOptunaObjective|Trial 37 rocauc:|[0.8421094707669349, 0.838136432331023, 0.8988366514751739, 0.8804597701149425, 0.6976074833603166, 0.8324343761236965, 0.8024979076804224, 0.8421119763694953]
2023-06-17 04:00:03,930|INFO|nn.computeOptunaObjective|Trial 37 timings:|8.699294199999997
2023-06-17 04:00:03,930|INFO|nn.computeOptunaObjective|Trial 37 objective:|0.566141645907208
2023-06-17 04:00:15,058|INFO|nn.computeOptunaObjective|Trial 38 params:|{'n_layers': 4, 'architecture': 'bottom', 'lr': 0.001, 'n_epochs': 200}
2023-06-17 04:00:15,058|INFO|nn.computeOptunaObjective|Trial 38 balacc:|[0.7650429035868465, 0.7322294022617124, 0.7368073878627968, 0.8027586206896552, 0.6247076812376327, 0.7044228694714132, 0.7183330114380138, 0.762687969924812]
2023-06-17 04:00:15,058|INFO|nn.computeOptunaObjective|Trial 38 rocauc:|[0.8654266375313117, 0.8645057063942885, 0.8926001439194051, 0.8806321839080459, 0.7638064400071954, 0.8898777418194894, 0.846973111010966, 0.8637978875760831]
2023-06-17 04:00:15,058|INFO|nn.computeOptunaObjective|Trial 38 timings:|11.126898200000028
2023-06-17 04:00:15,058|INFO|nn.computeOptunaObjective|Trial 38 objective:|0.7308737308091102
2023-06-17 04:00:23,968|INFO|nn.computeOptunaObjective|Trial 39 params:|{'n_layers': 4, 'architecture': 'top', 'lr': 0.0001, 'n_epochs': 150}
2023-06-17 04:00:23,968|INFO|nn.computeOptunaObjective|Trial 39 balacc:|[0.7211666577839365, 0.6354682370107875, 0.7682597745262654, 0.6699425287356322, 0.6525903939557475, 0.7247842502696872, 0.6790317388785168, 0.7297619047619048]
2023-06-17 04:00:23,968|INFO|nn.computeOptunaObjective|Trial 39 rocauc:|[0.8688109577359697, 0.8679712335192037, 0.9006956104581434, 0.9004022988505747, 0.7368231696348263, 0.8949119021934555, 0.8458250177042427, 0.872999462943072]
2023-06-17 04:00:23,968|INFO|nn.computeOptunaObjective|Trial 39 timings:|8.896957100000009
2023-06-17 04:00:23,968|INFO|nn.computeOptunaObjective|Trial 39 objective:|0.6976256857403098
2023-06-17 04:00:35,392|INFO|nn.computeOptunaObjective|Trial 40 params:|{'n_layers': 3, 'architecture': 'linear', 'lr': 0.001, 'n_epochs': 200}
2023-06-17 04:00:35,392|INFO|nn.computeOptunaObjective|Trial 40 balacc:|[0.7571950114587219, 0.7209468966595445, 0.7608539218037899, 0.8085057471264367, 0.6525903939557475, 0.770631067961165, 0.7112835039378527, 0.7702067669172932]
2023-06-17 04:00:35,392|INFO|nn.computeOptunaObjective|Trial 40 rocauc:|[0.8631482172360497, 0.8697691385689718, 0.8980870712401056, 0.9064655172413792, 0.7872818852311567, 0.9144192736425747, 0.8567801884160605, 0.8770229144289294]
2023-06-17 04:00:35,392|INFO|nn.computeOptunaObjective|Trial 40 timings:|11.425393499999984
2023-06-17 04:00:35,392|INFO|nn.computeOptunaObjective|Trial 40 objective:|0.744026663727569
2023-06-17 04:00:46,927|INFO|nn.computeOptunaObjective|Trial 41 params:|{'n_layers': 4, 'architecture': 'outer', 'lr': 0.001, 'n_epochs': 200}
2023-06-17 04:00:46,927|INFO|nn.computeOptunaObjective|Trial 41 balacc:|[0.7211666577839365, 0.6959455938297984, 0.7608539218037899, 0.8170689655172414, 0.6115308508724591, 0.7322006472491909, 0.6954205025858924, 0.7594298245614035]
2023-06-17 04:00:46,927|INFO|nn.computeOptunaObjective|Trial 41 rocauc:|[0.8667323988701168, 0.8693001198603366, 0.8915207483809067, 0.9049425287356322, 0.7644360496492175, 0.8833153541891405, 0.8420738642460139, 0.8775980128893662]
2023-06-17 04:00:46,927|INFO|nn.computeOptunaObjective|Trial 41 timings:|11.534997900000008
2023-06-17 04:00:46,927|INFO|nn.computeOptunaObjective|Trial 41 objective:|0.7242021205254641
2023-06-17 04:00:55,207|INFO|nn.computeOptunaObjective|Trial 42 params:|{'n_layers': 2, 'architecture': 'linear', 'lr': 0.0001, 'n_epochs': 150}
2023-06-17 04:00:55,207|INFO|nn.computeOptunaObjective|Trial 42 balacc:|[0.5, 0.5072567616863829, 0.5909090909090909, 0.6085632183908046, 0.5263536607303472, 0.49838187702265374, 0.5945556771604541, 0.6309523809523809]
2023-06-17 04:00:55,207|INFO|nn.computeOptunaObjective|Trial 42 rocauc:|[0.7896125353088526, 0.793266975871593, 0.874550251858959, 0.8310344827586206, 0.6572225220363376, 0.7583603020496226, 0.7824888946114723, 0.8151069638381668]
2023-06-17 04:00:55,207|INFO|nn.computeOptunaObjective|Trial 42 timings:|8.268724399999996
2023-06-17 04:00:55,207|INFO|nn.computeOptunaObjective|Trial 42 objective:|0.5571215833565143
2023-06-17 04:01:03,719|INFO|nn.computeOptunaObjective|Trial 43 params:|{'n_layers': 4, 'architecture': 'linear', 'lr': 0.0001, 'n_epochs': 150}
2023-06-17 04:01:03,719|INFO|nn.computeOptunaObjective|Trial 43 balacc:|[0.6208095720300592, 0.5, 0.5996342048452866, 0.5, 0.5, 0.5, 0.6154273696860448, 0.599906015037594]
2023-06-17 04:01:03,719|INFO|nn.computeOptunaObjective|Trial 43 rocauc:|[0.8547140649149924, 0.8502788055656887, 0.9063924202446629, 0.8926436781609195, 0.7134376686454399, 0.8465480043149946, 0.8096740273396426, 0.8523026315789473]
2023-06-17 04:01:03,719|INFO|nn.computeOptunaObjective|Trial 43 timings:|8.509144800000001
2023-06-17 04:01:03,719|INFO|nn.computeOptunaObjective|Trial 43 objective:|0.5544721451998731
2023-06-17 04:01:15,135|INFO|nn.computeOptunaObjective|Trial 44 params:|{'n_layers': 4, 'architecture': 'outer', 'lr': 0.0001, 'n_epochs': 200}
2023-06-17 04:01:15,135|INFO|nn.computeOptunaObjective|Trial 44 balacc:|[0.6552923306507488, 0.6919198499140132, 0.7796234108899016, 0.6856321839080459, 0.6394135635905739, 0.7199298813376483, 0.691089937552308, 0.7465538847117794]
2023-06-17 04:01:15,135|INFO|nn.computeOptunaObjective|Trial 44 rocauc:|[0.860256888557267, 0.8592162176246808, 0.8985368193811466, 0.8895977011494253, 0.7373628350422738, 0.8847536857245595, 0.837700379836477, 0.8654247225205871]
2023-06-17 04:01:15,135|INFO|nn.computeOptunaObjective|Trial 44 timings:|11.414886799999977
2023-06-17 04:01:15,135|INFO|nn.computeOptunaObjective|Trial 44 objective:|0.7011818803193774
2023-06-17 04:01:20,812|INFO|nn.computeOptunaObjective|Trial 45 params:|{'n_layers': 4, 'architecture': 'bottom', 'lr': 0.001, 'n_epochs': 100}
2023-06-17 04:01:20,812|INFO|nn.computeOptunaObjective|Trial 45 balacc:|[0.7470287267494538, 0.7330371567043619, 0.8023506836171743, 0.8113218390804597, 0.6789440546860945, 0.7460895361380798, 0.7196613661237365, 0.7540726817042607]
2023-06-17 04:01:20,812|INFO|nn.computeOptunaObjective|Trial 45 rocauc:|[0.8606566114160848, 0.8602324248267235, 0.8923602782441833, 0.8888505747126437, 0.7367332254002518, 0.8870010787486515, 0.8391038434301166, 0.8677698711063372]
2023-06-17 04:01:20,812|INFO|nn.computeOptunaObjective|Trial 45 timings:|5.667205300000035
2023-06-17 04:01:20,812|INFO|nn.computeOptunaObjective|Trial 45 objective:|0.7490632556004526
2023-06-17 04:01:31,972|INFO|nn.computeOptunaObjective|Trial 46 params:|{'n_layers': 3, 'architecture': 'inner', 'lr': 0.0001, 'n_epochs': 200}
2023-06-17 04:01:31,972|INFO|nn.computeOptunaObjective|Trial 46 balacc:|[0.6890022917443905, 0.6443405075824691, 0.7193571599904054, 0.755632183908046, 0.654119445943515, 0.7108953613807982, 0.673836348419494, 0.7356829573934838]
2023-06-17 04:01:31,972|INFO|nn.computeOptunaObjective|Trial 46 rocauc:|[0.8565794382561424, 0.8560373130439314, 0.9012952746461981, 0.8948275862068965, 0.7323259579060982, 0.8709996404171161, 0.8304169617373764, 0.8627081095596133]
2023-06-17 04:01:31,972|INFO|nn.computeOptunaObjective|Trial 46 timings:|11.163175199999955
2023-06-17 04:01:31,972|INFO|nn.computeOptunaObjective|Trial 46 objective:|0.6978582820453252
2023-06-17 04:01:40,492|INFO|nn.computeOptunaObjective|Trial 47 params:|{'n_layers': 2, 'architecture': 'top', 'lr': 0.001, 'n_epochs': 150}
2023-06-17 04:01:40,492|INFO|nn.computeOptunaObjective|Trial 47 balacc:|[0.7493471193305974, 0.7096643910573767, 0.7254437514991605, 0.7899425287356322, 0.6510613419679798, 0.7370550161812297, 0.6989763728835383, 0.7432017543859649]
2023-06-17 04:01:40,492|INFO|nn.computeOptunaObjective|Trial 47 rocauc:|[0.865559878484251, 0.8746417218197926, 0.8991364835692012, 0.898448275862069, 0.7703723691311386, 0.9137900035958288, 0.8498808987317324, 0.8754811134980308]
2023-06-17 04:01:40,492|INFO|nn.computeOptunaObjective|Trial 47 timings:|8.507637899999963
2023-06-17 04:01:40,492|INFO|nn.computeOptunaObjective|Trial 47 objective:|0.7255865345051848
2023-06-17 04:01:46,123|INFO|nn.computeOptunaObjective|Trial 48 params:|{'n_layers': 2, 'architecture': 'inner', 'lr': 0.001, 'n_epochs': 100}
2023-06-17 04:01:46,123|INFO|nn.computeOptunaObjective|Trial 48 balacc:|[0.7321057400202526, 0.6903043410287144, 0.7608539218037899, 0.7870689655172414, 0.6657672243209211, 0.7264023732470335, 0.7081289298053606, 0.7513157894736842]
2023-06-17 04:01:46,123|INFO|nn.computeOptunaObjective|Trial 48 rocauc:|[0.8658263603901295, 0.8772734379071343, 0.8970976253298153, 0.9016666666666666, 0.7540025184385681, 0.9123516720604099, 0.8468550827270971, 0.8726794665234514]
2023-06-17 04:01:46,123|INFO|nn.computeOptunaObjective|Trial 48 timings:|5.627085100000045
2023-06-17 04:01:46,123|INFO|nn.computeOptunaObjective|Trial 48 objective:|0.7277434106521248
2023-06-17 04:01:57,181|INFO|nn.computeOptunaObjective|Trial 49 params:|{'n_layers': 2, 'architecture': 'outer', 'lr': 0.0001, 'n_epochs': 200}
2023-06-17 04:01:57,181|INFO|nn.computeOptunaObjective|Trial 49 balacc:|[0.5557080424239194, 0.5838631507634582, 0.6236807387862797, 0.6699425287356322, 0.5689422558014031, 0.5507011866235167, 0.6285993261657975, 0.7047305764411027]
2023-06-17 04:01:57,181|INFO|nn.computeOptunaObjective|Trial 49 rocauc:|[0.8136225550285135, 0.8244827765907551, 0.8859438714319982, 0.8643103448275862, 0.6872638963842418, 0.8083423229054296, 0.7944333569389901, 0.8391850161117078]
2023-06-17 04:01:57,181|INFO|nn.computeOptunaObjective|Trial 49 timings:|11.047741799999983
2023-06-17 04:01:57,181|INFO|nn.computeOptunaObjective|Trial 49 objective:|0.6107709757176387
2023-06-17 04:02:03,007|INFO|nn.computeOptunaObjective|Trial 50 params:|{'n_layers': 2, 'architecture': 'top', 'lr': 0.001, 'n_epochs': 100}
2023-06-17 04:02:03,007|INFO|nn.computeOptunaObjective|Trial 50 balacc:|[0.7493471193305974, 0.6846630882276303, 0.7394459102902375, 0.7999425287356322, 0.6525903939557475, 0.709277238403452, 0.7071396381896607, 0.7488408521303258]
2023-06-17 04:02:03,007|INFO|nn.computeOptunaObjective|Trial 50 rocauc:|[0.8646538400042637, 0.882719266246287, 0.9029743343727512, 0.9043103448275862, 0.7519338010433531, 0.9120819848975189, 0.8533874117470333, 0.8783364661654135]
2023-06-17 04:02:03,007|INFO|nn.computeOptunaObjective|Trial 50 timings:|5.827009299999986
2023-06-17 04:02:03,007|INFO|nn.computeOptunaObjective|Trial 50 objective:|0.7239058461579104
2023-06-17 04:02:14,399|INFO|nn.computeOptunaObjective|Trial 51 params:|{'n_layers': 3, 'architecture': 'top', 'lr': 0.001, 'n_epochs': 200}
2023-06-17 04:02:14,399|INFO|nn.computeOptunaObjective|Trial 51 balacc:|[0.7564222139316741, 0.7104591172025639, 0.7381266490765171, 0.8085057471264367, 0.6409426155783414, 0.727346278317152, 0.7061503465739608, 0.7721804511278195]
2023-06-17 04:02:14,399|INFO|nn.computeOptunaObjective|Trial 51 rocauc:|[0.8648403773383787, 0.8693782896451091, 0.8888222595346604, 0.9077586206896551, 0.795601726929304, 0.9142394822006473, 0.8591278782806497, 0.8736439312567131]
2023-06-17 04:02:14,399|INFO|nn.computeOptunaObjective|Trial 51 timings:|11.381559000000038
2023-06-17 04:02:14,399|INFO|nn.computeOptunaObjective|Trial 51 objective:|0.7325166773668081
2023-06-17 04:02:19,998|INFO|nn.computeOptunaObjective|Trial 52 params:|{'n_layers': 2, 'architecture': 'bottom', 'lr': 0.001, 'n_epochs': 100}
2023-06-17 04:02:19,998|INFO|nn.computeOptunaObjective|Trial 52 balacc:|[0.7164099557640036, 0.6532127781541508, 0.7595346605900695, 0.7399425287356323, 0.6657672243209211, 0.7386731391585761, 0.7111590377475911, 0.7412280701754386]
2023-06-17 04:02:19,998|INFO|nn.computeOptunaObjective|Trial 52 rocauc:|[0.8587645898843469, 0.8767262494137266, 0.894758934996402, 0.8859770114942529, 0.7334952329555675, 0.8967997123336929, 0.8373613167664544, 0.8682263694951665]
2023-06-17 04:02:19,998|INFO|nn.computeOptunaObjective|Trial 52 timings:|5.59863150000001
2023-06-17 04:02:19,998|INFO|nn.computeOptunaObjective|Trial 52 objective:|0.7157409243307978
2023-06-17 04:02:28,151|INFO|nn.computeOptunaObjective|Trial 53 params:|{'n_layers': 2, 'architecture': 'outer', 'lr': 0.001, 'n_epochs': 150}
2023-06-17 04:02:28,151|INFO|nn.computeOptunaObjective|Trial 53 balacc:|[0.7313329424932047, 0.6919198499140132, 0.7368073878627968, 0.7899425287356322, 0.6611800683576183, 0.6831175836030206, 0.6979248481727076, 0.7506265664160401]
2023-06-17 04:02:28,151|INFO|nn.computeOptunaObjective|Trial 53 rocauc:|[0.866865639823056, 0.8691698368857158, 0.9059726553130247, 0.9013793103448277, 0.7533729087965463, 0.9019237684286229, 0.8443142556707225, 0.8713010204081633]
2023-06-17 04:02:28,151|INFO|nn.computeOptunaObjective|Trial 53 timings:|8.151045199999999
2023-06-17 04:02:28,151|INFO|nn.computeOptunaObjective|Trial 53 objective:|0.7178564719443792
2023-06-17 04:02:33,867|INFO|nn.computeOptunaObjective|Trial 54 params:|{'n_layers': 3, 'architecture': 'inner', 'lr': 0.001, 'n_epochs': 100}
2023-06-17 04:02:33,867|INFO|nn.computeOptunaObjective|Trial 54 balacc:|[0.7658157011138944, 0.7290114127885767, 0.780942672103622, 0.8270689655172414, 0.6703543802842238, 0.7648327939590076, 0.7299899139466512, 0.7713032581453634]
2023-06-17 04:02:33,867|INFO|nn.computeOptunaObjective|Trial 54 rocauc:|[0.8720620369876885, 0.8809734743863672, 0.8970976253298153, 0.9022413793103448, 0.7532829645619715, 0.9046206400575334, 0.8584690658597824, 0.8821943250984603]
2023-06-17 04:02:33,867|INFO|nn.computeOptunaObjective|Trial 54 timings:|5.70047169999998
2023-06-17 04:02:33,867|INFO|nn.computeOptunaObjective|Trial 54 objective:|0.7549148872323226
2023-06-17 04:02:42,396|INFO|nn.computeOptunaObjective|Trial 55 params:|{'n_layers': 3, 'architecture': 'inner', 'lr': 0.001, 'n_epochs': 150}
2023-06-17 04:02:42,396|INFO|nn.computeOptunaObjective|Trial 55 balacc:|[0.7556494164046261, 0.7032023555161812, 0.7442132405852722, 0.8270689655172414, 0.6556484979312827, 0.7444714131607335, 0.7122105624584218, 0.7520050125313282]
2023-06-17 04:02:42,396|INFO|nn.computeOptunaObjective|Trial 55 rocauc:|[0.8648403773383786, 0.878732607222888, 0.8916406812185176, 0.9064655172413792, 0.7909695988487138, 0.9055645451276519, 0.8529753857378914, 0.8753916040100249]
2023-06-17 04:02:42,396|INFO|nn.computeOptunaObjective|Trial 55 timings:|8.533074699999986
2023-06-17 04:02:42,396|INFO|nn.computeOptunaObjective|Trial 55 objective:|0.736808683013136
2023-06-17 04:02:50,768|INFO|nn.computeOptunaObjective|Trial 56 params:|{'n_layers': 4, 'architecture': 'bottom', 'lr': 0.0001, 'n_epochs': 150}
2023-06-17 04:02:50,768|INFO|nn.computeOptunaObjective|Trial 56 balacc:|[0.5, 0.5, 0.5227272727272727, 0.5, 0.5, 0.5, 0.5, 0.5112781954887218]
2023-06-17 04:02:50,768|INFO|nn.computeOptunaObjective|Trial 56 rocauc:|[0.7098545008793903, 0.7149408515295222, 0.8112257136003839, 0.7243103448275863, 0.577711818672423, 0.6545307443365697, 0.7133801154531213, 0.719640619405657]
2023-06-17 04:02:50,768|INFO|nn.computeOptunaObjective|Trial 56 timings:|8.364433800000029
2023-06-17 04:02:50,768|INFO|nn.computeOptunaObjective|Trial 56 objective:|0.5042506835269993
2023-06-17 04:02:56,383|INFO|nn.computeOptunaObjective|Trial 57 params:|{'n_layers': 2, 'architecture': 'linear', 'lr': 0.001, 'n_epochs': 100}
2023-06-17 04:02:56,383|INFO|nn.computeOptunaObjective|Trial 57 balacc:|[0.7227122528380323, 0.6774063265412475, 0.7394459102902375, 0.7870689655172414, 0.6510613419679798, 0.7386731391585761, 0.7025322431811841, 0.7470551378446115]
2023-06-17 04:02:56,383|INFO|nn.computeOptunaObjective|Trial 57 rocauc:|[0.8648670255289664, 0.8808692480066704, 0.8976373230990645, 0.8963218390804597, 0.7459075373268573, 0.9119920891765553, 0.8475546685551192, 0.8739863050483351]
2023-06-17 04:02:56,383|INFO|nn.computeOptunaObjective|Trial 57 timings:|5.608263099999988
2023-06-17 04:02:56,383|INFO|nn.computeOptunaObjective|Trial 57 objective:|0.7207444146673887
2023-06-17 04:03:08,098|INFO|nn.computeOptunaObjective|Trial 58 params:|{'n_layers': 2, 'architecture': 'top', 'lr': 0.0001, 'n_epochs': 200}
2023-06-17 04:03:08,098|INFO|nn.computeOptunaObjective|Trial 58 balacc:|[0.6474444385226243, 0.613697951951639, 0.6852662508994962, 0.7199425287356322, 0.5968249685195179, 0.6030204962243797, 0.6571085216420953, 0.7305451127819549]
2023-06-17 04:03:08,098|INFO|nn.computeOptunaObjective|Trial 58 rocauc:|[0.8389116878963918, 0.8462921465422899, 0.8996761813384505, 0.8902298850574712, 0.7218024824608742, 0.8422330097087378, 0.816875898624434, 0.8586443788041533]
2023-06-17 04:03:08,098|INFO|nn.computeOptunaObjective|Trial 58 timings:|11.711835500000063
2023-06-17 04:03:08,098|INFO|nn.computeOptunaObjective|Trial 58 objective:|0.6567312836596675
2023-06-17 04:03:13,767|INFO|nn.computeOptunaObjective|Trial 59 params:|{'n_layers': 2, 'architecture': 'linear', 'lr': 0.0001, 'n_epochs': 100}
2023-06-17 04:03:13,767|INFO|nn.computeOptunaObjective|Trial 59 balacc:|[0.5, 0.5, 0.5, 0.5, 0.5, 0.5, 0.5102040816326531, 0.5037593984962406]
2023-06-17 04:03:13,767|INFO|nn.computeOptunaObjective|Trial 59 rocauc:|[0.6892554495549753, 0.7058731564959091, 0.7872391460781962, 0.731551724137931, 0.5654794027702824, 0.65893563466379, 0.7223588489023369, 0.7337696920873612]
2023-06-17 04:03:13,767|INFO|nn.computeOptunaObjective|Trial 59 timings:|5.666332499999953
2023-06-17 04:03:13,767|INFO|nn.computeOptunaObjective|Trial 59 objective:|0.5017454350161117
2023-06-17 04:03:24,776|INFO|nn.computeOptunaObjective|Trial 60 params:|{'n_layers': 2, 'architecture': 'linear', 'lr': 0.0001, 'n_epochs': 200}
2023-06-17 04:03:24,776|INFO|nn.computeOptunaObjective|Trial 60 balacc:|[0.5486329478228429, 0.5766063890770754, 0.6324058527224754, 0.7099425287356322, 0.5689422558014031, 0.5784789644012945, 0.6408442241249812, 0.712938596491228]
2023-06-17 04:03:24,776|INFO|nn.computeOptunaObjective|Trial 60 rocauc:|[0.8144220007461492, 0.8262285684506748, 0.8900215879107699, 0.876264367816092, 0.6937398812736104, 0.8148148148148148, 0.8046739200412025, 0.846327873254565]
2023-06-17 04:03:24,776|INFO|nn.computeOptunaObjective|Trial 60 timings:|10.993382699999984
2023-06-17 04:03:24,776|INFO|nn.computeOptunaObjective|Trial 60 objective:|0.6210989698971165
2023-06-17 04:03:30,204|INFO|nn.computeOptunaObjective|Trial 61 params:|{'n_layers': 2, 'architecture': 'outer', 'lr': 0.001, 'n_epochs': 100}
2023-06-17 04:03:30,204|INFO|nn.computeOptunaObjective|Trial 61 balacc:|[0.7148643607099078, 0.6919198499140132, 0.7394459102902375, 0.7970689655172414, 0.6642381723331534, 0.7231661272923409, 0.7045730595077148, 0.743890977443609]
2023-06-17 04:03:30,204|INFO|nn.computeOptunaObjective|Trial 61 rocauc:|[0.8578851995949475, 0.8772473813122103, 0.8961381626289279, 0.9000574712643679, 0.7506745817593091, 0.9083962603380079, 0.8452155625657203, 0.8721424095954172]
2023-06-17 04:03:30,204|INFO|nn.computeOptunaObjective|Trial 61 timings:|5.434347399999979
2023-06-17 04:03:30,204|INFO|nn.computeOptunaObjective|Trial 61 objective:|0.7223959278760272
2023-06-17 04:03:38,647|INFO|nn.computeOptunaObjective|Trial 62 params:|{'n_layers': 4, 'architecture': 'bottom', 'lr': 0.001, 'n_epochs': 150}
2023-06-17 04:03:38,647|INFO|nn.computeOptunaObjective|Trial 62 balacc:|[0.772890795714971, 0.7419094272760436, 0.780942672103622, 0.8198850574712644, 0.6688253282964562, 0.7738673139158576, 0.7268975729092899, 0.7609962406015038]
2023-06-17 04:03:38,647|INFO|nn.computeOptunaObjective|Trial 62 rocauc:|[0.8615093535148963, 0.8675282714054928, 0.8905013192612138, 0.8835057471264367, 0.7545421838460155, 0.8873606616325063, 0.8506791991244448, 0.8637643215180809]
2023-06-17 04:03:38,647|INFO|nn.computeOptunaObjective|Trial 62 timings:|8.424338599999942
2023-06-17 04:03:38,647|INFO|nn.computeOptunaObjective|Trial 62 objective:|0.7557768010361261
2023-06-17 04:03:47,269|INFO|nn.computeOptunaObjective|Trial 63 params:|{'n_layers': 2, 'architecture': 'top', 'lr': 0.0001, 'n_epochs': 150}
2023-06-17 04:03:47,269|INFO|nn.computeOptunaObjective|Trial 63 balacc:|[0.5243164739114214, 0.537899317317213, 0.6123171024226433, 0.6271264367816092, 0.5263536607303472, 0.5245415318230852, 0.6087791583510376, 0.6883145363408522]
2023-06-17 04:03:47,269|INFO|nn.computeOptunaObjective|Trial 63 rocauc:|[0.8166338005649417, 0.8253165876283288, 0.8891220916286879, 0.8664942528735632, 0.6820471307789171, 0.8101402373247033, 0.7984377347153372, 0.8396012352309346]
2023-06-17 04:03:47,269|INFO|nn.computeOptunaObjective|Trial 63 timings:|8.627815499999997
2023-06-17 04:03:47,269|INFO|nn.computeOptunaObjective|Trial 63 objective:|0.5812060272097761
2023-06-17 04:03:55,846|INFO|nn.computeOptunaObjective|Trial 64 params:|{'n_layers': 3, 'architecture': 'inner', 'lr': 0.0001, 'n_epochs': 150}
2023-06-17 04:03:55,846|INFO|nn.computeOptunaObjective|Trial 64 balacc:|[0.5400122581676704, 0.5395148262025119, 0.6223614775725594, 0.5985632183908046, 0.5410595430832883, 0.5245415318230852, 0.6006158930449151, 0.6264097744360901]
2023-06-17 04:03:55,846|INFO|nn.computeOptunaObjective|Trial 64 rocauc:|[0.8448275862068966, 0.8400125071655636, 0.9011153753897818, 0.8797701149425288, 0.7019248066198958, 0.8336929162171881, 0.8038670357732999, 0.841530164697458]
2023-06-17 04:03:55,846|INFO|nn.computeOptunaObjective|Trial 64 timings:|8.559586100000047
2023-06-17 04:03:55,846|INFO|nn.computeOptunaObjective|Trial 64 objective:|0.5741348153401156
2023-06-17 04:04:01,656|INFO|nn.computeOptunaObjective|Trial 65 params:|{'n_layers': 3, 'architecture': 'outer', 'lr': 0.0001, 'n_epochs': 100}
2023-06-17 04:04:01,656|INFO|nn.computeOptunaObjective|Trial 65 balacc:|[0.5, 0.5, 0.5, 0.5, 0.5, 0.5, 0.5040816326530613, 0.5018796992481203]
2023-06-17 04:04:01,656|INFO|nn.computeOptunaObjective|Trial 65 rocauc:|[0.7465490593188722, 0.7504559904111731, 0.837730870712401, 0.7714942528735632, 0.6019068177729807, 0.6967817331895002, 0.7431275349256421, 0.7627797171500179]
2023-06-17 04:04:01,656|INFO|nn.computeOptunaObjective|Trial 65 timings:|5.807685200000037
2023-06-17 04:04:01,656|INFO|nn.computeOptunaObjective|Trial 65 objective:|0.5007451664876477
2023-06-17 04:04:09,654|INFO|nn.computeOptunaObjective|Trial 66 params:|{'n_layers': 2, 'architecture': 'inner', 'lr': 0.001, 'n_epochs': 150}
2023-06-17 04:04:09,654|INFO|nn.computeOptunaObjective|Trial 66 balacc:|[0.7399536321483771, 0.6967533482724477, 0.7167186375629647, 0.7885057471264367, 0.6525903939557475, 0.7247842502696872, 0.6964097942015923, 0.756453634085213]
2023-06-17 04:04:09,654|INFO|nn.computeOptunaObjective|Trial 66 rocauc:|[0.8616958908490114, 0.8753713064776695, 0.9034540657231951, 0.9007471264367817, 0.7710019787731607, 0.9197231211794319, 0.8513101139509432, 0.870750537056928]
2023-06-17 04:04:09,654|INFO|nn.computeOptunaObjective|Trial 66 timings:|7.987422600000059
2023-06-17 04:04:09,654|INFO|nn.computeOptunaObjective|Trial 66 objective:|0.7215211797028083
2023-06-17 04:04:15,504|INFO|nn.computeOptunaObjective|Trial 67 params:|{'n_layers': 4, 'architecture': 'linear', 'lr': 0.0001, 'n_epochs': 100}
2023-06-17 04:04:15,504|INFO|nn.computeOptunaObjective|Trial 67 balacc:|[0.5, 0.5, 0.5, 0.5, 0.5, 0.5, 0.5, 0.5]
2023-06-17 04:04:15,504|INFO|nn.computeOptunaObjective|Trial 67 rocauc:|[0.8066673772850823, 0.8058523112199697, 0.8774286399616215, 0.8359195402298851, 0.6394135635905738, 0.7775080906148867, 0.7699607287710036, 0.7954551557465092]
2023-06-17 04:04:15,504|INFO|nn.computeOptunaObjective|Trial 67 timings:|5.8525928999999905
2023-06-17 04:04:15,504|INFO|nn.computeOptunaObjective|Trial 67 objective:|0.5
2023-06-17 04:04:21,104|INFO|nn.computeOptunaObjective|Trial 68 params:|{'n_layers': 2, 'architecture': 'outer', 'lr': 0.0001, 'n_epochs': 100}
2023-06-17 04:04:21,104|INFO|nn.computeOptunaObjective|Trial 68 balacc:|[0.5, 0.5, 0.5, 0.5, 0.5, 0.5, 0.5122448979591837, 0.5112781954887218]
2023-06-17 04:04:21,104|INFO|nn.computeOptunaObjective|Trial 68 rocauc:|[0.6912807120396525, 0.7015998749283444, 0.7989925641640682, 0.7244252873563217, 0.5596330275229359, 0.6458108594030925, 0.726341766990708, 0.7403889187253848]
2023-06-17 04:04:21,104|INFO|nn.computeOptunaObjective|Trial 68 timings:|5.596218199999953
2023-06-17 04:04:21,104|INFO|nn.computeOptunaObjective|Trial 68 objective:|0.5029403866809882
2023-06-17 04:04:29,802|INFO|nn.computeOptunaObjective|Trial 69 params:|{'n_layers': 4, 'architecture': 'inner', 'lr': 0.0001, 'n_epochs': 150}
2023-06-17 04:04:29,802|INFO|nn.computeOptunaObjective|Trial 69 balacc:|[0.6035681927197143, 0.6056334358226066, 0.5, 0.6156896551724138, 0.5, 0.604638619201726, 0.6159531320414602, 0.6447055137844612]
2023-06-17 04:04:29,802|INFO|nn.computeOptunaObjective|Trial 69 rocauc:|[0.8614560571337206, 0.8582521236124864, 0.9059126888942192, 0.9, 0.7146069436949092, 0.850952894642215, 0.8165196678040302, 0.8575299856784819]
2023-06-17 04:04:29,802|INFO|nn.computeOptunaObjective|Trial 69 timings:|8.693908899999997
2023-06-17 04:04:29,802|INFO|nn.computeOptunaObjective|Trial 69 objective:|0.5862735685927978
2023-06-17 04:04:41,485|INFO|nn.computeOptunaObjective|Trial 70 params:|{'n_layers': 4, 'architecture': 'top', 'lr': 0.0001, 'n_epochs': 200}
2023-06-17 04:04:41,485|INFO|nn.computeOptunaObjective|Trial 70 balacc:|[0.7571950114587219, 0.7290114127885767, 0.7708982969537059, 0.7970689655172414, 0.6804731066738622, 0.7845199568500539, 0.6999656644992382, 0.7568609022556392]
2023-06-17 04:04:41,485|INFO|nn.computeOptunaObjective|Trial 70 rocauc:|[0.8690241432606726, 0.878862890197509, 0.8960182297913168, 0.9017241379310345, 0.7411404928944055, 0.904710535778497, 0.8552629884761476, 0.8826463480128893]
2023-06-17 04:04:41,485|INFO|nn.computeOptunaObjective|Trial 70 timings:|11.676410300000043
2023-06-17 04:04:41,485|INFO|nn.computeOptunaObjective|Trial 70 objective:|0.74699916462463
2023-06-17 04:04:47,171|INFO|nn.computeOptunaObjective|Trial 71 params:|{'n_layers': 2, 'architecture': 'inner', 'lr': 0.0001, 'n_epochs': 100}
2023-06-17 04:04:47,171|INFO|nn.computeOptunaObjective|Trial 71 balacc:|[0.5, 0.5, 0.5, 0.5, 0.5, 0.5, 0.5040816326530613, 0.5075187969924813]
2023-06-17 04:04:47,171|INFO|nn.computeOptunaObjective|Trial 71 rocauc:|[0.6816340670468475, 0.7089738912918859, 0.7917366274886064, 0.7270114942528736, 0.5692570606224141, 0.6610931319669183, 0.7164445588961136, 0.7375156641604008]
2023-06-17 04:04:47,171|INFO|nn.computeOptunaObjective|Trial 71 timings:|5.667518599999994
2023-06-17 04:04:47,171|INFO|nn.computeOptunaObjective|Trial 71 objective:|0.5014500537056928
2023-06-17 04:04:52,818|INFO|nn.computeOptunaObjective|Trial 72 params:|{'n_layers': 2, 'architecture': 'top', 'lr': 0.0001, 'n_epochs': 100}
2023-06-17 04:04:52,818|INFO|nn.computeOptunaObjective|Trial 72 balacc:|[0.5, 0.5, 0.5, 0.5, 0.5, 0.5, 0.5117191356037684, 0.518890977443609]
2023-06-17 04:04:52,818|INFO|nn.computeOptunaObjective|Trial 72 rocauc:|[0.7642168096786228, 0.769763927249987, 0.8527824418325737, 0.8063218390804597, 0.6159381183666127, 0.7178173318950019, 0.7589776604648169, 0.7917270855710705]
2023-06-17 04:04:52,818|INFO|nn.computeOptunaObjective|Trial 72 timings:|5.65295459999993
2023-06-17 04:04:52,818|INFO|nn.computeOptunaObjective|Trial 72 objective:|0.5038262641309221
2023-06-17 04:05:04,029|INFO|nn.computeOptunaObjective|Trial 73 params:|{'n_layers': 4, 'architecture': 'inner', 'lr': 0.0001, 'n_epochs': 200}
2023-06-17 04:05:04,029|INFO|nn.computeOptunaObjective|Trial 73 balacc:|[0.7478015242765017, 0.7064333732867789, 0.7468517630127129, 0.8041954022988506, 0.6688253282964562, 0.7460895361380798, 0.6957595656559153, 0.7614974937343358]
2023-06-17 04:05:04,029|INFO|nn.computeOptunaObjective|Trial 73 rocauc:|[0.8607632041784363, 0.8625254051800512, 0.8984768529623411, 0.8951724137931033, 0.7394315524374887, 0.8914958647968356, 0.845928024206528, 0.8698196383816684]
2023-06-17 04:05:04,029|INFO|nn.computeOptunaObjective|Trial 73 timings:|11.202583699999991
2023-06-17 04:05:04,029|INFO|nn.computeOptunaObjective|Trial 73 objective:|0.7346817483374539
2023-06-17 04:05:09,878|INFO|nn.computeOptunaObjective|Trial 74 params:|{'n_layers': 3, 'architecture': 'linear', 'lr': 0.001, 'n_epochs': 100}
2023-06-17 04:05:09,878|INFO|nn.computeOptunaObjective|Trial 74 balacc:|[0.7564222139316741, 0.7201391422168951, 0.7621731830175102, 0.8170689655172414, 0.6424716675661091, 0.7877562028047465, 0.7223524109959442, 0.7656641604010025]
2023-06-17 04:05:09,878|INFO|nn.computeOptunaObjective|Trial 74 rocauc:|[0.8741405958535415, 0.8795924748553859, 0.8958383305349005, 0.9041954022988505, 0.7554416261917611, 0.906688241639698, 0.8597781068263266, 0.881983977801647]
2023-06-17 04:05:09,878|INFO|nn.computeOptunaObjective|Trial 74 timings:|5.835652100000061
2023-06-17 04:05:09,878|INFO|nn.computeOptunaObjective|Trial 74 objective:|0.7467559933063904
2023-06-17 04:05:20,803|INFO|nn.computeOptunaObjective|Trial 75 params:|{'n_layers': 3, 'architecture': 'bottom', 'lr': 0.001, 'n_epochs': 200}
2023-06-17 04:05:20,803|INFO|nn.computeOptunaObjective|Trial 75 balacc:|[0.7650429035868465, 0.6983688571577467, 0.7254437514991605, 0.8041954022988506, 0.631768303651736, 0.7535059331175836, 0.7147149080452371, 0.7645676691729324]
2023-06-17 04:05:20,803|INFO|nn.computeOptunaObjective|Trial 75 rocauc:|[0.8596439801737461, 0.8639064047110323, 0.8862437035260253, 0.8783333333333334, 0.7467170354380285, 0.8994516361021215, 0.8443249855147106, 0.8597274436090225]
2023-06-17 04:05:20,803|INFO|nn.computeOptunaObjective|Trial 75 timings:|10.926056499999959
2023-06-17 04:05:20,803|INFO|nn.computeOptunaObjective|Trial 75 objective:|0.7322009660662617
2023-06-17 04:05:26,363|INFO|nn.computeOptunaObjective|Trial 76 params:|{'n_layers': 2, 'architecture': 'bottom', 'lr': 0.0001, 'n_epochs': 100}
2023-06-17 04:05:26,363|INFO|nn.computeOptunaObjective|Trial 76 balacc:|[0.5, 0.5, 0.5, 0.5, 0.5, 0.5, 0.5, 0.5]
2023-06-17 04:05:26,363|INFO|nn.computeOptunaObjective|Trial 76 rocauc:|[0.5706177050578265, 0.61326801813539, 0.6514152074838091, 0.602816091954023, 0.5032379924446844, 0.5800970873786409, 0.6260563531406254, 0.6445824382384533]
2023-06-17 04:05:26,363|INFO|nn.computeOptunaObjective|Trial 76 timings:|5.54451640000002
2023-06-17 04:05:26,363|INFO|nn.computeOptunaObjective|Trial 76 objective:|0.5
2023-06-17 04:05:32,155|INFO|nn.computeOptunaObjective|Trial 77 params:|{'n_layers': 4, 'architecture': 'outer', 'lr': 0.0001, 'n_epochs': 100}
2023-06-17 04:05:32,155|INFO|nn.computeOptunaObjective|Trial 77 balacc:|[0.5, 0.5, 0.5, 0.5, 0.5, 0.5, 0.5, 0.5]
2023-06-17 04:05:32,155|INFO|nn.computeOptunaObjective|Trial 77 rocauc:|[0.7928902627511591, 0.7882901662410755, 0.8672943151834972, 0.8123563218390805, 0.6283504227379025, 0.7547644732110752, 0.7589905362776025, 0.779500089509488]
2023-06-17 04:05:32,155|INFO|nn.computeOptunaObjective|Trial 77 timings:|5.783216899999957
2023-06-17 04:05:32,155|INFO|nn.computeOptunaObjective|Trial 77 objective:|0.5
2023-06-17 04:05:43,119|INFO|nn.computeOptunaObjective|Trial 78 params:|{'n_layers': 2, 'architecture': 'linear', 'lr': 0.001, 'n_epochs': 200}
2023-06-17 04:05:43,119|INFO|nn.computeOptunaObjective|Trial 78 balacc:|[0.7470287267494538, 0.7064333732867789, 0.7381266490765171, 0.7885057471264367, 0.6464741860046771, 0.709277238403452, 0.7020064808257688, 0.743796992481203]
2023-06-17 04:05:43,119|INFO|nn.computeOptunaObjective|Trial 78 rocauc:|[0.8599371102702126, 0.8708504872583251, 0.9006956104581434, 0.894080459770115, 0.7593991725130419, 0.906957928802589, 0.847033198137299, 0.8680674901539562]
2023-06-17 04:05:43,119|INFO|nn.computeOptunaObjective|Trial 78 timings:|10.957548299999985
2023-06-17 04:05:43,119|INFO|nn.computeOptunaObjective|Trial 78 objective:|0.722706174244286
2023-06-17 04:05:51,715|INFO|nn.computeOptunaObjective|Trial 79 params:|{'n_layers': 3, 'architecture': 'top', 'lr': 0.0001, 'n_epochs': 150}
2023-06-17 04:05:51,715|INFO|nn.computeOptunaObjective|Trial 79 balacc:|[0.6552923306507488, 0.6153134608369378, 0.7106320460542096, 0.6999425287356322, 0.6115308508724591, 0.6708468176914779, 0.6524388935384879, 0.7247180451127819]
2023-06-17 04:05:51,715|INFO|nn.computeOptunaObjective|Trial 79 rocauc:|[0.8561797153973246, 0.8586429725363489, 0.9038138642360277, 0.9024137931034483, 0.722252203633747, 0.8628191298094211, 0.8284812978819288, 0.8648876655925528]
2023-06-17 04:05:51,715|INFO|nn.computeOptunaObjective|Trial 79 timings:|8.594709200000011
2023-06-17 04:05:51,715|INFO|nn.computeOptunaObjective|Trial 79 objective:|0.6675893716865919
2023-06-17 04:06:03,107|INFO|nn.computeOptunaObjective|Trial 80 params:|{'n_layers': 3, 'architecture': 'outer', 'lr': 0.001, 'n_epochs': 200}
2023-06-17 04:06:03,107|INFO|nn.computeOptunaObjective|Trial 80 balacc:|[0.7478015242765017, 0.7088436083172651, 0.7582153993763492, 0.8270689655172414, 0.6672962763086886, 0.7289644012944984, 0.7224768771862057, 0.7596177944862155]
2023-06-17 04:06:03,107|INFO|nn.computeOptunaObjective|Trial 80 rocauc:|[0.8675318445877525, 0.8650659231851582, 0.8862137203166227, 0.899712643678161, 0.7783774060082748, 0.8906868033081625, 0.8495697332560783, 0.8718425528105981]
2023-06-17 04:06:03,107|INFO|nn.computeOptunaObjective|Trial 80 timings:|11.378478799999925
2023-06-17 04:06:03,107|INFO|nn.computeOptunaObjective|Trial 80 objective:|0.7400356058453708
2023-06-17 04:06:11,656|INFO|nn.computeOptunaObjective|Trial 81 params:|{'n_layers': 4, 'architecture': 'outer', 'lr': 0.0001, 'n_epochs': 150}
2023-06-17 04:06:11,656|INFO|nn.computeOptunaObjective|Trial 81 balacc:|[0.5, 0.5677341185053937, 0.6310865915087551, 0.6071264367816092, 0.5836481381543444, 0.5261596548004315, 0.5697268181720637, 0.6063283208020049]
2023-06-17 04:06:11,656|INFO|nn.computeOptunaObjective|Trial 81 rocauc:|[0.8469594414539253, 0.8448069206316119, 0.9023746701846966, 0.8836781609195402, 0.7029141932002159, 0.8379180151024811, 0.8014077555312346, 0.8411452738990333]
2023-06-17 04:06:11,656|INFO|nn.computeOptunaObjective|Trial 81 timings:|8.550172100000054
2023-06-17 04:06:11,656|INFO|nn.computeOptunaObjective|Trial 81 objective:|0.5739762598405753
2023-06-17 04:06:23,145|INFO|nn.computeOptunaObjective|Trial 82 params:|{'n_layers': 2, 'architecture': 'bottom', 'lr': 0.0001, 'n_epochs': 200}
2023-06-17 04:06:23,145|INFO|nn.computeOptunaObjective|Trial 82 balacc:|[0.5329371635665938, 0.5451560790035958, 0.5909090909090909, 0.6185632183908045, 0.5263536607303472, 0.5261596548004315, 0.5975235520075538, 0.6378759398496241]
2023-06-17 04:06:23,145|INFO|nn.computeOptunaObjective|Trial 82 rocauc:|[0.7759153653466929, 0.7861014122674449, 0.8657351882945551, 0.8145977011494253, 0.6470588235294117, 0.7471233369291621, 0.7745015987467543, 0.8073062119584675]
2023-06-17 04:06:23,145|INFO|nn.computeOptunaObjective|Trial 82 timings:|11.481361500000048
2023-06-17 04:06:23,145|INFO|nn.computeOptunaObjective|Trial 82 objective:|0.5719347949072552
2023-06-17 04:06:31,616|INFO|nn.computeOptunaObjective|Trial 83 params:|{'n_layers': 4, 'architecture': 'inner', 'lr': 0.001, 'n_epochs': 150}
2023-06-17 04:06:31,616|INFO|nn.computeOptunaObjective|Trial 83 balacc:|[0.7305601449661568, 0.7362681744749596, 0.7508095466538738, 0.8270689655172414, 0.654119445943515, 0.7338187702265373, 0.6919268653833773, 0.7695175438596491]
2023-06-17 04:06:31,616|INFO|nn.computeOptunaObjective|Trial 83 rocauc:|[0.8695837552630177, 0.8726614206055553, 0.8954185656032622, 0.9135057471264367, 0.7619176110811297, 0.8994965839626033, 0.8607244790660745, 0.8797081990691012]
2023-06-17 04:06:31,616|INFO|nn.computeOptunaObjective|Trial 83 timings:|8.464423900000043
2023-06-17 04:06:31,616|INFO|nn.computeOptunaObjective|Trial 83 objective:|0.7367611821281638
2023-06-17 04:06:37,209|INFO|nn.computeOptunaObjective|Trial 84 params:|{'n_layers': 3, 'architecture': 'bottom', 'lr': 0.0001, 'n_epochs': 100}
2023-06-17 04:06:37,209|INFO|nn.computeOptunaObjective|Trial 84 balacc:|[0.5, 0.5, 0.5, 0.5, 0.5, 0.5, 0.5, 0.5]
2023-06-17 04:06:37,209|INFO|nn.computeOptunaObjective|Trial 84 rocauc:|[0.5919629057187017, 0.6155088852988692, 0.6897337491005037, 0.6129885057471265, 0.5164597949271451, 0.5940309241280115, 0.6409107491577073, 0.6351347117794486]
2023-06-17 04:06:37,209|INFO|nn.computeOptunaObjective|Trial 84 timings:|5.593270500000017
2023-06-17 04:06:37,209|INFO|nn.computeOptunaObjective|Trial 84 objective:|0.5
2023-06-17 04:06:43,065|INFO|nn.computeOptunaObjective|Trial 85 params:|{'n_layers': 4, 'architecture': 'linear', 'lr': 0.001, 'n_epochs': 100}
2023-06-17 04:06:43,065|INFO|nn.computeOptunaObjective|Trial 85 balacc:|[0.7556494164046261, 0.7523972067330241, 0.7568961381626289, 0.795632183908046, 0.6394135635905739, 0.7845199568500539, 0.7203738277645443, 0.7644736842105263]
2023-06-17 04:06:43,065|INFO|nn.computeOptunaObjective|Trial 85 rocauc:|[0.8706630069818259, 0.8748241179842619, 0.8943991364835691, 0.9098850574712644, 0.7514840798704803, 0.8972491909385113, 0.8560956243696216, 0.8790883458646617]
2023-06-17 04:06:43,065|INFO|nn.computeOptunaObjective|Trial 85 timings:|5.836321200000043
2023-06-17 04:06:43,065|INFO|nn.computeOptunaObjective|Trial 85 objective:|0.7461694972030029
2023-06-17 04:06:51,608|INFO|nn.computeOptunaObjective|Trial 86 params:|{'n_layers': 3, 'architecture': 'linear', 'lr': 0.001, 'n_epochs': 150}
2023-06-17 04:06:51,608|INFO|nn.computeOptunaObjective|Trial 86 balacc:|[0.7391808346213292, 0.6927145760592006, 0.7568961381626289, 0.8170689655172414, 0.6820021586616298, 0.7493257820927723, 0.7148393742354986, 0.7551691729323309]
2023-06-17 04:06:51,608|INFO|nn.computeOptunaObjective|Trial 86 rocauc:|[0.8636012364760433, 0.8713846474542707, 0.8944890861117774, 0.9106896551724137, 0.7796366252923188, 0.9171161452714851, 0.8530118672074509, 0.8755773361976369]
2023-06-17 04:06:51,608|INFO|nn.computeOptunaObjective|Trial 86 timings:|8.542076300000076
2023-06-17 04:06:51,608|INFO|nn.computeOptunaObjective|Trial 86 objective:|0.738399625285329
2023-06-17 04:06:57,490|INFO|nn.computeOptunaObjective|Trial 87 params:|{'n_layers': 4, 'architecture': 'inner', 'lr': 0.0001, 'n_epochs': 100}
2023-06-17 04:06:57,490|INFO|nn.computeOptunaObjective|Trial 87 balacc:|[0.5, 0.5, 0.5, 0.5, 0.5, 0.5, 0.5, 0.5]
2023-06-17 04:06:57,490|INFO|nn.computeOptunaObjective|Trial 87 rocauc:|[0.81354261045675, 0.8056178018656522, 0.88234588630367, 0.833793103448276, 0.6383342327756791, 0.7814635023372888, 0.7736603789780897, 0.7985969387755102]
2023-06-17 04:06:57,490|INFO|nn.computeOptunaObjective|Trial 87 timings:|5.872734600000058
2023-06-17 04:06:57,490|INFO|nn.computeOptunaObjective|Trial 87 objective:|0.5
2023-06-17 04:07:08,564|INFO|nn.computeOptunaObjective|Trial 88 params:|{'n_layers': 4, 'architecture': 'bottom', 'lr': 0.0001, 'n_epochs': 200}
2023-06-17 04:07:08,564|INFO|nn.computeOptunaObjective|Trial 88 balacc:|[0.5870996109364174, 0.5749908801917766, 0.5, 0.6071264367816092, 0.5, 0.5, 0.569664585076933, 0.6019736842105263]
2023-06-17 04:07:08,564|INFO|nn.computeOptunaObjective|Trial 88 rocauc:|[0.8129829984544049, 0.8129657616342696, 0.887203166226913, 0.8466666666666667, 0.6744918150746537, 0.8073534699748293, 0.7777548874439366, 0.8115444862155389]
2023-06-17 04:07:08,564|INFO|nn.computeOptunaObjective|Trial 88 timings:|11.061354499999993
2023-06-17 04:07:08,564|INFO|nn.computeOptunaObjective|Trial 88 objective:|0.5551068996496578
2023-06-17 04:07:16,984|INFO|nn.computeOptunaObjective|Trial 89 params:|{'n_layers': 4, 'architecture': 'outer', 'lr': 0.001, 'n_epochs': 150}
2023-06-17 04:07:16,984|INFO|nn.computeOptunaObjective|Trial 89 balacc:|[0.7305601449661568, 0.7523972067330241, 0.7494902854401535, 0.8241954022988506, 0.6292948372009354, 0.7583603020496225, 0.7244554604176056, 0.7639724310776943]
2023-06-17 04:07:16,984|INFO|nn.computeOptunaObjective|Trial 89 rocauc:|[0.8680914565900976, 0.8722966282766168, 0.8954785320220677, 0.9067241379310345, 0.7574203993524015, 0.8933836749370729, 0.8542071718277215, 0.8720417114214107]
2023-06-17 04:07:16,984|INFO|nn.computeOptunaObjective|Trial 89 timings:|8.42170800000008
2023-06-17 04:07:16,984|INFO|nn.computeOptunaObjective|Trial 89 objective:|0.7415907587730054
2023-06-17 04:07:16,984|INFO|mtg.runMTGExperiment|Best trial number:|29
2023-06-17 04:07:16,984|INFO|mtg.runMTGExperiment|Best trial objective:|0.7564951264076323
2023-06-17 04:07:16,999|INFO|mtg.runMTGExperiment|Best trial params:|{'n_layers': 4, 'architecture': 'outer', 'lr': 0.001, 'n_epochs': 100}
2023-06-17 04:07:17,031|INFO|nn.loadModellingDataset|Trainval descriptors loaded (features, instances):|1024|6663
2023-06-17 04:07:17,031|INFO|nn.loadModellingDataset|Trainval endpoints loaded (tasks, instances):|8|6663
2023-06-17 04:07:17,046|INFO|nn.loadModellingDataset|Test descriptors loaded (features, instances):|1024|1493
2023-06-17 04:07:17,046|INFO|nn.loadModellingDataset|Test endpoints loaded (tasks, instances):|8|1493
2023-06-17 04:07:17,046|INFO|mtg.runMTGExperiment|Final neural network hyperparams:|{'n_layers': 4, 'architecture': 'outer', 'lr': 0.001, 'n_epochs': 100, 'best_trial_num': 29}
2023-06-17 04:07:23,598|INFO|nn.testFinalModel|Final model test balacc:|[0.7117922520221371, 0.7547760726589414, 0.7595693779904307, 0.7541379310344828, 0.6875896700143471, 0.7862007168458782, 0.6659392383397518, 0.7224937343358396]
2023-06-17 04:07:23,598|INFO|nn.testFinalModel|Final model test rocauc:|[0.8986802894848872, 0.8569788078087482, 0.9303827751196173, 0.8728735632183908, 0.8005738880918221, 0.8781362007168458, 0.8145999144201969, 0.8152703186537773]
2023-06-17 04:07:23,621|INFO|mtg.runMTGExperiment|Mechanistic task grouping experiment timing:|775.8525792
2023-06-17 04:07:23,621|INFO|mtg.runMTGExperiment|DONE
