2023-06-17 04:21:29,171|INFO|__main__.startLogging|>>>> START LOGGING A GMTAMES EXPERIMENT
2023-06-17 04:21:29,171|INFO|__main__.startLogging|mode:|mtg
2023-06-17 04:21:29,171|INFO|__main__.startLogging|tasks:|TA100_S9,TA102_S9,TA104_S9,TA1535_S9,TA1537_S9,TA1538_S9,TA97_S9,TA98_S9
2023-06-17 04:21:29,171|INFO|__main__.startLogging|testsplit:|maxmin
2023-06-17 04:21:29,171|INFO|__main__.startLogging|output:|mtg_experiment_maxmin
2023-06-17 04:21:29,171|INFO|__main__.startLogging|device:|titanv
2023-06-17 04:21:29,171|INFO|__main__.startLogging|DONE
2023-06-17 04:21:29,171|INFO|mtg.runMTGExperiment|>>>> RUNNING MECHANISTIC TASK GROUPING EXPERIMENT
2023-06-17 04:21:32,958|INFO|mtg.runMTGExperiment|Device confirmed:|cuda:0
2023-06-17 04:21:34,169|INFO|nn.loadModellingDataset|Train descriptors loaded (features, instances):|1024|5807
2023-06-17 04:21:34,169|INFO|nn.loadModellingDataset|Train endpoints loaded (tasks, instances):|8|5807
2023-06-17 04:21:34,185|INFO|nn.loadModellingDataset|Val descriptors loaded (features, instances):|1024|2718
2023-06-17 04:21:34,185|INFO|nn.loadModellingDataset|Val endpoints loaded (tasks, instances):|8|2718
2023-06-17 04:21:45,924|INFO|nn.computeOptunaObjective|Trial 0 params:|{'n_layers': 2, 'architecture': 'top', 'lr': 0.001, 'n_epochs': 200}
2023-06-17 04:21:45,924|INFO|nn.computeOptunaObjective|Trial 0 balacc:|[0.7126770110099474, 0.5309196617336152, 0.7034813925570228, 0.626786151710623, 0.6798165615717338, 0.7899425287356322, 0.6814994606256742, 0.7639724310776943]
2023-06-17 04:21:45,924|INFO|nn.computeOptunaObjective|Trial 0 rocauc:|[0.8177496473519336, 0.712737843551797, 0.7671068427370948, 0.774546827794562, 0.8675282714054928, 0.8981034482758621, 0.8259618842143114, 0.8839196204797708]
2023-06-17 04:21:45,924|INFO|nn.computeOptunaObjective|Trial 0 timings:|11.724768999999998
2023-06-17 04:21:45,924|INFO|nn.computeOptunaObjective|Trial 0 objective:|0.6861368998777428
2023-06-17 04:21:51,686|INFO|nn.computeOptunaObjective|Trial 1 params:|{'n_layers': 4, 'architecture': 'top', 'lr': 0.001, 'n_epochs': 100}
2023-06-17 04:21:51,686|INFO|nn.computeOptunaObjective|Trial 1 balacc:|[0.7549746276586, 0.5821881606765328, 0.7635054021608644, 0.6177635339266759, 0.758025431236646, 0.7627586206896553, 0.7134573894282632, 0.7963345864661655]
2023-06-17 04:21:51,686|INFO|nn.computeOptunaObjective|Trial 1 rocauc:|[0.8324417901698206, 0.7278012684989429, 0.8031212484993997, 0.7707091532620234, 0.868466308822763, 0.8838218390804599, 0.8309061488673138, 0.8912840136054422]
2023-06-17 04:21:51,686|INFO|nn.computeOptunaObjective|Trial 1 timings:|5.759840400000002
2023-06-17 04:21:51,686|INFO|nn.computeOptunaObjective|Trial 1 objective:|0.7186259690304254
2023-06-17 04:21:57,278|INFO|nn.computeOptunaObjective|Trial 2 params:|{'n_layers': 3, 'architecture': 'outer', 'lr': 0.001, 'n_epochs': 100}
2023-06-17 04:21:57,278|INFO|nn.computeOptunaObjective|Trial 2 balacc:|[0.7364409108395772, 0.55946088794926, 0.7545018007202882, 0.6418102392422634, 0.742717181718693, 0.7527586206896553, 0.7060409924487594, 0.7972117794486215]
2023-06-17 04:21:57,278|INFO|nn.computeOptunaObjective|Trial 2 rocauc:|[0.8313389634894756, 0.7259513742071881, 0.8043217286914766, 0.8143320813260391, 0.8718015529730574, 0.885, 0.830906148867314, 0.892407357679914]
2023-06-17 04:21:57,278|INFO|nn.computeOptunaObjective|Trial 2 timings:|5.589279300000001
2023-06-17 04:21:57,278|INFO|nn.computeOptunaObjective|Trial 2 objective:|0.7113678016321396
2023-06-17 04:22:02,830|INFO|nn.computeOptunaObjective|Trial 3 params:|{'n_layers': 4, 'architecture': 'bottom', 'lr': 0.0001, 'n_epochs': 100}
2023-06-17 04:22:02,830|INFO|nn.computeOptunaObjective|Trial 3 balacc:|[0.5, 0.5, 0.5, 0.5, 0.5, 0.5, 0.5, 0.5]
2023-06-17 04:22:02,830|INFO|nn.computeOptunaObjective|Trial 3 rocauc:|[0.5984703317639731, 0.5174418604651163, 0.6242496998799519, 0.6248775210255573, 0.5838761790609203, 0.5535632183908046, 0.5530384753685724, 0.5811157357679915]
2023-06-17 04:22:02,830|INFO|nn.computeOptunaObjective|Trial 3 timings:|5.559517000000003
2023-06-17 04:22:02,830|INFO|nn.computeOptunaObjective|Trial 3 objective:|0.5
2023-06-17 04:22:10,896|INFO|nn.computeOptunaObjective|Trial 4 params:|{'n_layers': 2, 'architecture': 'bottom', 'lr': 0.001, 'n_epochs': 150}
2023-06-17 04:22:10,896|INFO|nn.computeOptunaObjective|Trial 4 balacc:|[0.7106747027680583, 0.5565539112050739, 0.6932773109243697, 0.6463011349718298, 0.6967533482724477, 0.7570689655172413, 0.6504854368932039, 0.7595238095238095]
2023-06-17 04:22:10,896|INFO|nn.computeOptunaObjective|Trial 4 rocauc:|[0.8042189532306226, 0.7130021141649049, 0.7406962785114045, 0.7793439209602352, 0.8547084267027985, 0.8836781609195402, 0.808522114347357, 0.876201664876477]
2023-06-17 04:22:10,896|INFO|nn.computeOptunaObjective|Trial 4 timings:|8.057533300000003
2023-06-17 04:22:10,896|INFO|nn.computeOptunaObjective|Trial 4 objective:|0.6838298275095043
2023-06-17 04:22:22,166|INFO|nn.computeOptunaObjective|Trial 5 params:|{'n_layers': 3, 'architecture': 'outer', 'lr': 0.0001, 'n_epochs': 200}
2023-06-17 04:22:22,166|INFO|nn.computeOptunaObjective|Trial 5 balacc:|[0.6785315184934142, 0.5338266384778012, 0.6944777911164466, 0.5, 0.6620720204283704, 0.6956321839080459, 0.5923678532901834, 0.7481516290726817]
2023-06-17 04:22:22,166|INFO|nn.computeOptunaObjective|Trial 5 rocauc:|[0.7915529338487185, 0.7616279069767442, 0.7755102040816326, 0.7413754388829918, 0.8549950492469645, 0.8635632183908045, 0.7836209996404172, 0.8774189939133549]
2023-06-17 04:22:22,166|INFO|nn.computeOptunaObjective|Trial 5 timings:|11.261961800000002
2023-06-17 04:22:22,166|INFO|nn.computeOptunaObjective|Trial 5 objective:|0.638132454348368
2023-06-17 04:22:27,969|INFO|nn.computeOptunaObjective|Trial 6 params:|{'n_layers': 4, 'architecture': 'top', 'lr': 0.0001, 'n_epochs': 100}
2023-06-17 04:22:27,969|INFO|nn.computeOptunaObjective|Trial 6 balacc:|[0.5, 0.5, 0.5, 0.5, 0.5, 0.5, 0.5, 0.5]
2023-06-17 04:22:27,969|INFO|nn.computeOptunaObjective|Trial 6 rocauc:|[0.7648945719676847, 0.7251585623678648, 0.744297719087635, 0.7024679513350207, 0.845406222314868, 0.8883333333333334, 0.7922509888529307, 0.8598035266738274]
2023-06-17 04:22:27,969|INFO|nn.computeOptunaObjective|Trial 6 timings:|5.808001300000001
2023-06-17 04:22:27,969|INFO|nn.computeOptunaObjective|Trial 6 objective:|0.5
2023-06-17 04:22:33,592|INFO|nn.computeOptunaObjective|Trial 7 params:|{'n_layers': 3, 'architecture': 'bottom', 'lr': 0.001, 'n_epochs': 100}
2023-06-17 04:22:33,592|INFO|nn.computeOptunaObjective|Trial 7 balacc:|[0.7073039368347775, 0.5449260042283298, 0.7034813925570228, 0.6357679431697558, 0.7322294022617124, 0.785632183908046, 0.6856796116504854, 0.76218671679198]
2023-06-17 04:22:33,592|INFO|nn.computeOptunaObjective|Trial 7 rocauc:|[0.807358894974994, 0.7159090909090909, 0.7791116446578631, 0.7860394382297706, 0.8507999374641722, 0.8788505747126436, 0.8124775260697591, 0.8773742391693519]
2023-06-17 04:22:33,592|INFO|nn.computeOptunaObjective|Trial 7 timings:|5.617965300000002
2023-06-17 04:22:33,592|INFO|nn.computeOptunaObjective|Trial 7 objective:|0.6946508989252638
2023-06-17 04:22:39,434|INFO|nn.computeOptunaObjective|Trial 8 params:|{'n_layers': 3, 'architecture': 'linear', 'lr': 0.0001, 'n_epochs': 100}
2023-06-17 04:22:39,434|INFO|nn.computeOptunaObjective|Trial 8 balacc:|[0.5, 0.5, 0.5, 0.5, 0.5, 0.5, 0.5, 0.5018796992481203]
2023-06-17 04:22:39,434|INFO|nn.computeOptunaObjective|Trial 8 rocauc:|[0.7185905068972465, 0.6471987315010571, 0.7238895558223288, 0.6677655752429166, 0.7764083589556516, 0.8295402298850575, 0.7219525350593311, 0.803376745435016]
2023-06-17 04:22:39,434|INFO|nn.computeOptunaObjective|Trial 8 timings:|5.849528799999987
2023-06-17 04:22:39,434|INFO|nn.computeOptunaObjective|Trial 8 objective:|0.5002349624060151
2023-06-17 04:22:47,518|INFO|nn.computeOptunaObjective|Trial 9 params:|{'n_layers': 2, 'architecture': 'bottom', 'lr': 0.0001, 'n_epochs': 150}
2023-06-17 04:22:47,518|INFO|nn.computeOptunaObjective|Trial 9 balacc:|[0.5221737776393647, 0.5, 0.5882352941176471, 0.5, 0.5, 0.5185632183908045, 0.5, 0.5660714285714286]
2023-06-17 04:22:47,518|INFO|nn.computeOptunaObjective|Trial 9 rocauc:|[0.7105336435415026, 0.6157505285412262, 0.7334933973589436, 0.6593553523311831, 0.7095471363802178, 0.7773563218390804, 0.6678353110391945, 0.792702738990333]
2023-06-17 04:22:47,518|INFO|nn.computeOptunaObjective|Trial 9 timings:|8.077937300000002
2023-06-17 04:22:47,518|INFO|nn.computeOptunaObjective|Trial 9 objective:|0.5243804648399055
2023-06-17 04:22:58,296|INFO|nn.computeOptunaObjective|Trial 10 params:|{'n_layers': 2, 'architecture': 'bottom', 'lr': 0.001, 'n_epochs': 200}
2023-06-17 04:22:58,296|INFO|nn.computeOptunaObjective|Trial 10 balacc:|[0.6976093209005807, 0.5763742071881607, 0.7136854741896759, 0.6387890912060097, 0.672559799885351, 0.7585057471264368, 0.6488673139158576, 0.7547619047619047]
2023-06-17 04:22:58,296|INFO|nn.computeOptunaObjective|Trial 10 rocauc:|[0.8018557532013116, 0.6797040169133193, 0.7755102040816326, 0.7661570180452356, 0.859971858877482, 0.885919540229885, 0.8149047105357785, 0.8727533118510563]
2023-06-17 04:22:58,296|INFO|nn.computeOptunaObjective|Trial 10 timings:|10.766174499999991
2023-06-17 04:22:58,296|INFO|nn.computeOptunaObjective|Trial 10 objective:|0.6826441073967471
2023-06-17 04:23:06,980|INFO|nn.computeOptunaObjective|Trial 11 params:|{'n_layers': 4, 'architecture': 'linear', 'lr': 0.001, 'n_epochs': 150}
2023-06-17 04:23:06,980|INFO|nn.computeOptunaObjective|Trial 11 balacc:|[0.7703647388572371, 0.5396405919661733, 0.7136854741896759, 0.6461786559973871, 0.7588331856792955, 0.775632183908046, 0.7460895361380798, 0.787719298245614]
2023-06-17 04:23:06,980|INFO|nn.computeOptunaObjective|Trial 11 rocauc:|[0.8318482422554819, 0.7296511627906977, 0.7749099639855942, 0.7498673144443536, 0.8664860076085258, 0.8939942528735633, 0.8570658036677454, 0.8968783566058002]
2023-06-17 04:23:06,980|INFO|nn.computeOptunaObjective|Trial 11 timings:|8.681022200000001
2023-06-17 04:23:06,980|INFO|nn.computeOptunaObjective|Trial 11 objective:|0.7172679581226886
2023-06-17 04:23:18,049|INFO|nn.computeOptunaObjective|Trial 12 params:|{'n_layers': 2, 'architecture': 'outer', 'lr': 0.001, 'n_epochs': 200}
2023-06-17 04:23:18,049|INFO|nn.computeOptunaObjective|Trial 12 balacc:|[0.7050744682799934, 0.5705602536997886, 0.6548619447779112, 0.6312770474401894, 0.6870733232581165, 0.7770689655172414, 0.6382146709816613, 0.756547619047619]
2023-06-17 04:23:18,049|INFO|nn.computeOptunaObjective|Trial 12 rocauc:|[0.8049718797515892, 0.6818181818181819, 0.7358943577430972, 0.7631562831713888, 0.8547084267027985, 0.8908045977011494, 0.8073534699748292, 0.8750022377372002]
2023-06-17 04:23:18,049|INFO|nn.computeOptunaObjective|Trial 12 timings:|11.065508300000005
2023-06-17 04:23:18,049|INFO|nn.computeOptunaObjective|Trial 12 objective:|0.6775847866253151
2023-06-17 04:23:29,139|INFO|nn.computeOptunaObjective|Trial 13 params:|{'n_layers': 2, 'architecture': 'inner', 'lr': 0.001, 'n_epochs': 200}
2023-06-17 04:23:29,139|INFO|nn.computeOptunaObjective|Trial 13 balacc:|[0.7213732207302106, 0.5792811839323467, 0.7046818727490997, 0.6440352739446396, 0.7032023555161812, 0.7985057471264367, 0.6782632146709817, 0.7644736842105263]
2023-06-17 04:23:29,139|INFO|nn.computeOptunaObjective|Trial 13 rocauc:|[0.8141920237419167, 0.7140591966173361, 0.7587034813925569, 0.768096268473912, 0.8608838396998278, 0.8980459770114942, 0.82299532542251, 0.8828231292517006]
2023-06-17 04:23:29,139|INFO|nn.computeOptunaObjective|Trial 13 timings:|11.094542000000004
2023-06-17 04:23:29,139|INFO|nn.computeOptunaObjective|Trial 13 objective:|0.6992270691100528
2023-06-17 04:23:40,612|INFO|nn.computeOptunaObjective|Trial 14 params:|{'n_layers': 3, 'architecture': 'linear', 'lr': 0.0001, 'n_epochs': 200}
2023-06-17 04:23:40,612|INFO|nn.computeOptunaObjective|Trial 14 balacc:|[0.676117024199901, 0.5536469344608879, 0.6944777911164466, 0.5, 0.6612642659857211, 0.7413218390804598, 0.6120550161812297, 0.7563596491228071]
2023-06-17 04:23:40,612|INFO|nn.computeOptunaObjective|Trial 14 rocauc:|[0.7907798560096728, 0.7661205073995772, 0.7635054021608644, 0.7366804115293542, 0.856428161967794, 0.8660919540229884, 0.7855088097806544, 0.879562746151092]
2023-06-17 04:23:40,612|INFO|nn.computeOptunaObjective|Trial 14 timings:|11.474281000000019
2023-06-17 04:23:40,612|INFO|nn.computeOptunaObjective|Trial 14 objective:|0.6494053150184316
2023-06-17 04:23:49,109|INFO|nn.computeOptunaObjective|Trial 15 params:|{'n_layers': 3, 'architecture': 'outer', 'lr': 0.0001, 'n_epochs': 150}
2023-06-17 04:23:49,125|INFO|nn.computeOptunaObjective|Trial 15 balacc:|[0.629904556029824, 0.49709302325581395, 0.6956782713085234, 0.5, 0.5, 0.6799425287356322, 0.5, 0.7055137844611529]
2023-06-17 04:23:49,125|INFO|nn.computeOptunaObjective|Trial 15 rocauc:|[0.7597871288035613, 0.7333509513742071, 0.7515006002400961, 0.6896076590185352, 0.8243524936161342, 0.8673563218390804, 0.7640237324703344, 0.8640328499820982]
2023-06-17 04:23:49,125|INFO|nn.computeOptunaObjective|Trial 15 timings:|8.498095500000005
2023-06-17 04:23:49,125|INFO|nn.computeOptunaObjective|Trial 15 objective:|0.5885165204738683
2023-06-17 04:23:57,441|INFO|nn.computeOptunaObjective|Trial 16 params:|{'n_layers': 2, 'architecture': 'inner', 'lr': 0.0001, 'n_epochs': 150}
2023-06-17 04:23:57,441|INFO|nn.computeOptunaObjective|Trial 16 balacc:|[0.5805008518511734, 0.5, 0.6470588235294118, 0.5, 0.5, 0.5785632183908046, 0.5, 0.6390664160401003]
2023-06-17 04:23:57,441|INFO|nn.computeOptunaObjective|Trial 16 rocauc:|[0.7449923974572701, 0.6760042283298098, 0.7466986794717887, 0.6827080101249285, 0.7970451821355986, 0.842816091954023, 0.7187162891046386, 0.8405947905477982]
2023-06-17 04:23:57,441|INFO|nn.computeOptunaObjective|Trial 16 timings:|8.323411399999998
2023-06-17 04:23:57,441|INFO|nn.computeOptunaObjective|Trial 16 objective:|0.5556486637264362
2023-06-17 04:24:05,741|INFO|nn.computeOptunaObjective|Trial 17 params:|{'n_layers': 2, 'architecture': 'linear', 'lr': 0.001, 'n_epochs': 150}
2023-06-17 04:24:05,741|INFO|nn.computeOptunaObjective|Trial 17 balacc:|[0.7078058878487552, 0.5536469344608879, 0.7136854741896759, 0.6402996652241365, 0.6870733232581165, 0.7785057471264367, 0.7044228694714132, 0.756453634085213]
2023-06-17 04:24:05,741|INFO|nn.computeOptunaObjective|Trial 17 rocauc:|[0.8107846190484915, 0.7032241014799155, 0.7671068427370948, 0.7737711276230913, 0.8640366876856532, 0.8935057471264366, 0.8157137720244516, 0.8777770318653777]
2023-06-17 04:24:05,741|INFO|nn.computeOptunaObjective|Trial 17 timings:|8.290327999999988
2023-06-17 04:24:05,741|INFO|nn.computeOptunaObjective|Trial 17 objective:|0.6927366919580794
2023-06-17 04:24:16,745|INFO|nn.computeOptunaObjective|Trial 18 params:|{'n_layers': 4, 'architecture': 'linear', 'lr': 0.001, 'n_epochs': 200}
2023-06-17 04:24:16,745|INFO|nn.computeOptunaObjective|Trial 18 balacc:|[0.7546100719951636, 0.5367336152219873, 0.7533013205282113, 0.6530170654037724, 0.7233701599874928, 0.7285057471264368, 0.7396170442286947, 0.7893170426065164]
2023-06-17 04:24:16,745|INFO|nn.computeOptunaObjective|Trial 18 rocauc:|[0.829098503306648, 0.6516913319238901, 0.786314525810324, 0.7967665550747123, 0.8780421074573974, 0.8936494252873564, 0.8469525350593312, 0.9005124418188326]
2023-06-17 04:24:16,745|INFO|nn.computeOptunaObjective|Trial 18 timings:|11.00011459999999
2023-06-17 04:24:16,745|INFO|nn.computeOptunaObjective|Trial 18 objective:|0.7098090083872843
2023-06-17 04:24:22,516|INFO|nn.computeOptunaObjective|Trial 19 params:|{'n_layers': 3, 'architecture': 'top', 'lr': 0.001, 'n_epochs': 100}
2023-06-17 04:24:22,516|INFO|nn.computeOptunaObjective|Trial 19 balacc:|[0.7354846391998096, 0.5961945031712473, 0.7136854741896759, 0.6387890912060097, 0.7491661889624264, 0.7541954022988506, 0.7354368932038835, 0.7666666666666666]
2023-06-17 04:24:22,516|INFO|nn.computeOptunaObjective|Trial 19 rocauc:|[0.8383149834209611, 0.7066596194503171, 0.7701080432172869, 0.795980648322038, 0.8711761946948773, 0.8903448275862069, 0.8460086299892126, 0.9011345327604726]
2023-06-17 04:24:22,516|INFO|nn.computeOptunaObjective|Trial 19 timings:|5.771280000000019
2023-06-17 04:24:22,516|INFO|nn.computeOptunaObjective|Trial 19 objective:|0.7112023573623212
2023-06-17 04:24:33,988|INFO|nn.computeOptunaObjective|Trial 20 params:|{'n_layers': 3, 'architecture': 'top', 'lr': 0.0001, 'n_epochs': 200}
2023-06-17 04:24:33,988|INFO|nn.computeOptunaObjective|Trial 20 balacc:|[0.7012017513327349, 0.5396405919661733, 0.723889555822329, 0.5855311504858333, 0.7023946010735317, 0.7427586206896553, 0.6724649406688241, 0.7912907268170426]
2023-06-17 04:24:33,988|INFO|nn.computeOptunaObjective|Trial 20 rocauc:|[0.8190466594610437, 0.7431289640591967, 0.7551020408163266, 0.7760165754878745, 0.8699775913283652, 0.8788505747126436, 0.8285688601222582, 0.8912347833870391]
2023-06-17 04:24:33,988|INFO|nn.computeOptunaObjective|Trial 20 timings:|11.473592700000012
2023-06-17 04:24:33,988|INFO|nn.computeOptunaObjective|Trial 20 objective:|0.6823964923570155
2023-06-17 04:24:42,533|INFO|nn.computeOptunaObjective|Trial 21 params:|{'n_layers': 3, 'architecture': 'outer', 'lr': 0.001, 'n_epochs': 150}
2023-06-17 04:24:42,533|INFO|nn.computeOptunaObjective|Trial 21 balacc:|[0.7388554051330903, 0.5874735729386892, 0.6842737094837935, 0.644790560953703, 0.7330371567043619, 0.775632183908046, 0.7551240560949299, 0.775062656641604]
2023-06-17 04:24:42,533|INFO|nn.computeOptunaObjective|Trial 21 rocauc:|[0.828752267023284, 0.6910676532769555, 0.7671068427370948, 0.7877337307095614, 0.8645708478815989, 0.8951149425287357, 0.8316253146350234, 0.8939200680272108]
2023-06-17 04:24:42,533|INFO|nn.computeOptunaObjective|Trial 21 timings:|8.545011200000005
2023-06-17 04:24:42,533|INFO|nn.computeOptunaObjective|Trial 21 objective:|0.7117811627322772
2023-06-17 04:24:48,242|INFO|nn.computeOptunaObjective|Trial 22 params:|{'n_layers': 4, 'architecture': 'inner', 'lr': 0.001, 'n_epochs': 100}
2023-06-17 04:24:48,242|INFO|nn.computeOptunaObjective|Trial 22 balacc:|[0.748280726180226, 0.5991014799154334, 0.7635054021608644, 0.5937576549359027, 0.7564099223513472, 0.7598850574712643, 0.7396170442286947, 0.7984022556390977]
2023-06-17 04:24:48,242|INFO|nn.computeOptunaObjective|Trial 22 rocauc:|[0.8318116034953377, 0.7270084566596194, 0.7743097238895558, 0.7603596799216135, 0.8715670436187399, 0.8855747126436782, 0.8292880258899676, 0.8899637486573577]
2023-06-17 04:24:48,242|INFO|nn.computeOptunaObjective|Trial 22 timings:|5.706230500000004
2023-06-17 04:24:48,242|INFO|nn.computeOptunaObjective|Trial 22 objective:|0.7198699428603538
2023-06-17 04:24:57,207|INFO|nn.computeOptunaObjective|Trial 23 params:|{'n_layers': 4, 'architecture': 'top', 'lr': 0.001, 'n_epochs': 150}
2023-06-17 04:24:57,207|INFO|nn.computeOptunaObjective|Trial 23 balacc:|[0.7403612581750234, 0.55946088794926, 0.7533013205282113, 0.6642238915652813, 0.7015868466308823, 0.7485057471264368, 0.7567421790722761, 0.7834899749373434]
2023-06-17 04:24:57,207|INFO|nn.computeOptunaObjective|Trial 23 rocauc:|[0.8314580394599447, 0.6828752642706131, 0.8085234093637454, 0.7804054054054054, 0.8700036479232894, 0.8852586206896551, 0.8611560589715929, 0.9016134085213032]
2023-06-17 04:24:57,207|INFO|nn.computeOptunaObjective|Trial 23 timings:|8.960962999999992
2023-06-17 04:24:57,207|INFO|nn.computeOptunaObjective|Trial 23 objective:|0.7134590132480892
2023-06-17 04:25:08,172|INFO|nn.computeOptunaObjective|Trial 24 params:|{'n_layers': 2, 'architecture': 'inner', 'lr': 0.0001, 'n_epochs': 200}
2023-06-17 04:25:08,172|INFO|nn.computeOptunaObjective|Trial 24 balacc:|[0.6290380493524099, 0.5140063424947146, 0.6752701080432173, 0.5, 0.5749908801917766, 0.7070689655172414, 0.5662081984897519, 0.7135338345864661]
2023-06-17 04:25:08,172|INFO|nn.computeOptunaObjective|Trial 24 rocauc:|[0.7636415263707476, 0.7338794926004228, 0.7827130852340937, 0.7109802400587899, 0.8334201886497472, 0.8639655172413794, 0.7568320747932398, 0.862126297887576]
2023-06-17 04:25:08,172|INFO|nn.computeOptunaObjective|Trial 24 timings:|10.949803099999997
2023-06-17 04:25:08,172|INFO|nn.computeOptunaObjective|Trial 24 objective:|0.6100145473344472
2023-06-17 04:25:19,416|INFO|nn.computeOptunaObjective|Trial 25 params:|{'n_layers': 3, 'architecture': 'bottom', 'lr': 0.0001, 'n_epochs': 200}
2023-06-17 04:25:19,416|INFO|nn.computeOptunaObjective|Trial 25 balacc:|[0.6237126055654276, 0.5565539112050739, 0.6650660264105642, 0.5, 0.5540283495752775, 0.632816091954023, 0.522923408845739, 0.6985902255639098]
2023-06-17 04:25:19,416|INFO|nn.computeOptunaObjective|Trial 25 rocauc:|[0.7520197116529577, 0.7346723044397463, 0.7358943577430972, 0.6878113007267086, 0.8145552139246443, 0.8444827586206897, 0.7376842862279755, 0.8498053168635875]
2023-06-17 04:25:19,416|INFO|nn.computeOptunaObjective|Trial 25 timings:|11.252885200000009
2023-06-17 04:25:19,416|INFO|nn.computeOptunaObjective|Trial 25 objective:|0.5942113273900018
2023-06-17 04:25:28,077|INFO|nn.computeOptunaObjective|Trial 26 params:|{'n_layers': 2, 'architecture': 'outer', 'lr': 0.0001, 'n_epochs': 150}
2023-06-17 04:25:28,077|INFO|nn.computeOptunaObjective|Trial 26 balacc:|[0.5820488394672724, 0.49709302325581395, 0.6368547418967587, 0.5, 0.4991922455573506, 0.5185632183908045, 0.5, 0.6586466165413534]
2023-06-17 04:25:28,077|INFO|nn.computeOptunaObjective|Trial 26 rocauc:|[0.7407056625203803, 0.6720401691331924, 0.7539015606242496, 0.685994529272475, 0.7865964875710042, 0.8297701149425287, 0.7244696152463144, 0.8395251521661297]
2023-06-17 04:25:28,077|INFO|nn.computeOptunaObjective|Trial 26 timings:|8.642888800000009
2023-06-17 04:25:28,077|INFO|nn.computeOptunaObjective|Trial 26 objective:|0.5490498356386693
2023-06-17 04:25:33,583|INFO|nn.computeOptunaObjective|Trial 27 params:|{'n_layers': 3, 'architecture': 'inner', 'lr': 0.0001, 'n_epochs': 100}
2023-06-17 04:25:33,583|INFO|nn.computeOptunaObjective|Trial 27 balacc:|[0.5, 0.5, 0.5, 0.5, 0.5, 0.5, 0.5, 0.5]
2023-06-17 04:25:33,583|INFO|nn.computeOptunaObjective|Trial 27 rocauc:|[0.7168574935424186, 0.6495771670190275, 0.7142857142857144, 0.6665203723360822, 0.7729428318307364, 0.8258620689655172, 0.717457749011147, 0.7984492481203007]
2023-06-17 04:25:33,583|INFO|nn.computeOptunaObjective|Trial 27 timings:|5.517020099999996
2023-06-17 04:25:33,583|INFO|nn.computeOptunaObjective|Trial 27 objective:|0.5
2023-06-17 04:25:42,317|INFO|nn.computeOptunaObjective|Trial 28 params:|{'n_layers': 3, 'architecture': 'top', 'lr': 0.001, 'n_epochs': 150}
2023-06-17 04:25:42,317|INFO|nn.computeOptunaObjective|Trial 28 balacc:|[0.7357594299008922, 0.5734672304439746, 0.7136854741896759, 0.6522617783947089, 0.7273959039032779, 0.7870689655172414, 0.7493257820927723, 0.768828320802005]
2023-06-17 04:25:42,317|INFO|nn.computeOptunaObjective|Trial 28 rocauc:|[0.8312693498452012, 0.693446088794926, 0.744297719087635, 0.7861108842981955, 0.8648444421283027, 0.8897701149425287, 0.8592233009708737, 0.8994674185463658]
2023-06-17 04:25:42,317|INFO|nn.computeOptunaObjective|Trial 28 timings:|8.726076799999987
2023-06-17 04:25:42,317|INFO|nn.computeOptunaObjective|Trial 28 objective:|0.7134741106555685
2023-06-17 04:25:48,165|INFO|nn.computeOptunaObjective|Trial 29 params:|{'n_layers': 4, 'architecture': 'outer', 'lr': 0.001, 'n_epochs': 100}
2023-06-17 04:25:48,165|INFO|nn.computeOptunaObjective|Trial 29 balacc:|[0.7499184787586788, 0.55946088794926, 0.7635054021608644, 0.61029231648567, 0.752384178435562, 0.7641954022988506, 0.7060409924487594, 0.7989035087719298]
2023-06-17 04:25:48,165|INFO|nn.computeOptunaObjective|Trial 29 rocauc:|[0.834530199498049, 0.7135306553911205, 0.7863145258103241, 0.7620947987262187, 0.8713585908593464, 0.8863218390804597, 0.8332434376123696, 0.8904157715717864]
2023-06-17 04:25:48,165|INFO|nn.computeOptunaObjective|Trial 29 timings:|5.848874499999994
2023-06-17 04:25:48,165|INFO|nn.computeOptunaObjective|Trial 29 objective:|0.7130876459136969
2023-06-17 04:25:59,473|INFO|nn.computeOptunaObjective|Trial 30 params:|{'n_layers': 4, 'architecture': 'linear', 'lr': 0.0001, 'n_epochs': 200}
2023-06-17 04:25:59,473|INFO|nn.computeOptunaObjective|Trial 30 balacc:|[0.707668492498214, 0.5961945031712473, 0.734093637454982, 0.5, 0.7015738183334201, 0.7355747126436782, 0.645631067961165, 0.7526002506265663]
2023-06-17 04:25:59,473|INFO|nn.computeOptunaObjective|Trial 30 rocauc:|[0.8123564218586842, 0.739693446088795, 0.7623049219687875, 0.7518678043602516, 0.8667205169628432, 0.8710919540229884, 0.8054656598345918, 0.8760808270676693]
2023-06-17 04:25:59,473|INFO|nn.computeOptunaObjective|Trial 30 timings:|11.299645699999985
2023-06-17 04:25:59,473|INFO|nn.computeOptunaObjective|Trial 30 objective:|0.6716670603361591
2023-06-17 04:26:05,354|INFO|nn.computeOptunaObjective|Trial 31 params:|{'n_layers': 3, 'architecture': 'top', 'lr': 0.0001, 'n_epochs': 100}
2023-06-17 04:26:05,354|INFO|nn.computeOptunaObjective|Trial 31 balacc:|[0.5443475552787294, 0.5, 0.5294117647058824, 0.5, 0.5, 0.4985632183908046, 0.5, 0.5779448621553884]
2023-06-17 04:26:05,354|INFO|nn.computeOptunaObjective|Trial 31 rocauc:|[0.7458094418084891, 0.6929175475687103, 0.7346938775510204, 0.6883624561117008, 0.8244827765907552, 0.8806896551724138, 0.7656418554476807, 0.8541823308270677]
2023-06-17 04:26:05,354|INFO|nn.computeOptunaObjective|Trial 31 timings:|5.878098599999987
2023-06-17 04:26:05,354|INFO|nn.computeOptunaObjective|Trial 31 objective:|0.5187834250663506
2023-06-17 04:26:16,654|INFO|nn.computeOptunaObjective|Trial 32 params:|{'n_layers': 4, 'architecture': 'inner', 'lr': 0.001, 'n_epochs': 200}
2023-06-17 04:26:16,654|INFO|nn.computeOptunaObjective|Trial 32 balacc:|[0.7506952204737392, 0.5110993657505285, 0.7430972388955582, 0.6732873356740426, 0.7241779144301422, 0.7585057471264368, 0.7257281553398058, 0.7786340852130327]
2023-06-17 04:26:16,654|INFO|nn.computeOptunaObjective|Trial 32 rocauc:|[0.8277776760034441, 0.6526162790697675, 0.7827130852340937, 0.7706070874499878, 0.8719578925426026, 0.8914367816091955, 0.8451546206400574, 0.9045963122090941]
2023-06-17 04:26:16,654|INFO|nn.computeOptunaObjective|Trial 32 timings:|11.291538100000025
2023-06-17 04:26:16,654|INFO|nn.computeOptunaObjective|Trial 32 objective:|0.7081531328629107
2023-06-17 04:26:24,767|INFO|nn.computeOptunaObjective|Trial 33 params:|{'n_layers': 3, 'architecture': 'bottom', 'lr': 0.001, 'n_epochs': 150}
2023-06-17 04:26:24,767|INFO|nn.computeOptunaObjective|Trial 33 balacc:|[0.7317071830289263, 0.5932875264270613, 0.7623049219687875, 0.6635502572058464, 0.7556151962061597, 0.7599425287356323, 0.709277238403452, 0.7983082706766917]
2023-06-17 04:26:24,767|INFO|nn.computeOptunaObjective|Trial 33 rocauc:|[0.8296462527708063, 0.6704545454545455, 0.751500600240096, 0.7914489262676574, 0.8690916671009433, 0.8930459770114942, 0.8362998921251349, 0.887000984604368]
2023-06-17 04:26:24,767|INFO|nn.computeOptunaObjective|Trial 33 timings:|8.106409499999984
2023-06-17 04:26:24,767|INFO|nn.computeOptunaObjective|Trial 33 objective:|0.7217491403315697
2023-06-17 04:26:36,252|INFO|nn.computeOptunaObjective|Trial 34 params:|{'n_layers': 3, 'architecture': 'inner', 'lr': 0.001, 'n_epochs': 200}
2023-06-17 04:26:36,252|INFO|nn.computeOptunaObjective|Trial 34 balacc:|[0.7375345778298863, 0.5903805496828752, 0.7136854741896759, 0.661284396178656, 0.7265881494606286, 0.7670689655172414, 0.7518878101402373, 0.7744674185463659]
2023-06-17 04:26:36,252|INFO|nn.computeOptunaObjective|Trial 34 rocauc:|[0.8316797039588181, 0.7184196617336153, 0.7671068427370948, 0.7961847799461093, 0.8700557611131378, 0.8900574712643678, 0.8274002157497303, 0.8941751700680273]
2023-06-17 04:26:36,252|INFO|nn.computeOptunaObjective|Trial 34 timings:|11.480658400000038
2023-06-17 04:26:36,252|INFO|nn.computeOptunaObjective|Trial 34 objective:|0.7153621676931958
2023-06-17 04:26:47,891|INFO|nn.computeOptunaObjective|Trial 35 params:|{'n_layers': 4, 'architecture': 'top', 'lr': 0.001, 'n_epochs': 200}
2023-06-17 04:26:47,891|INFO|nn.computeOptunaObjective|Trial 35 balacc:|[0.7398593071610458, 0.5169133192389006, 0.7533013205282113, 0.6477708826651425, 0.7386914378029079, 0.7285057471264368, 0.741235167206041, 0.7679511278195489]
2023-06-17 04:26:47,891|INFO|nn.computeOptunaObjective|Trial 35 rocauc:|[0.8254236356641692, 0.6359672304439746, 0.7959183673469388, 0.7835286192536948, 0.881390379905154, 0.881810344827586, 0.8556724199928084, 0.9035423379878267]
2023-06-17 04:26:47,891|INFO|nn.computeOptunaObjective|Trial 35 timings:|11.634636600000022
2023-06-17 04:26:47,891|INFO|nn.computeOptunaObjective|Trial 35 objective:|0.7042785386935293
2023-06-17 04:26:56,351|INFO|nn.computeOptunaObjective|Trial 36 params:|{'n_layers': 3, 'architecture': 'bottom', 'lr': 0.0001, 'n_epochs': 150}
2023-06-17 04:26:56,351|INFO|nn.computeOptunaObjective|Trial 36 balacc:|[0.5034605308956345, 0.5, 0.5882352941176471, 0.5, 0.5, 0.5385632183908046, 0.5, 0.5220551378446115]
2023-06-17 04:26:56,351|INFO|nn.computeOptunaObjective|Trial 36 rocauc:|[0.7010148936559987, 0.617600422832981, 0.7202881152460985, 0.652027027027027, 0.7507165563604148, 0.7966666666666667, 0.6825782092772384, 0.7845126208378086]
2023-06-17 04:26:56,351|INFO|nn.computeOptunaObjective|Trial 36 timings:|8.457991499999991
2023-06-17 04:26:56,351|INFO|nn.computeOptunaObjective|Trial 36 objective:|0.5190392726560873
2023-06-17 04:27:05,043|INFO|nn.computeOptunaObjective|Trial 37 params:|{'n_layers': 3, 'architecture': 'linear', 'lr': 0.0001, 'n_epochs': 150}
2023-06-17 04:27:05,043|INFO|nn.computeOptunaObjective|Trial 37 balacc:|[0.6026746294905381, 0.5, 0.6368547418967587, 0.5, 0.5145135233727657, 0.6356896551724138, 0.49838187702265374, 0.6787280701754386]
2023-06-17 04:27:05,043|INFO|nn.computeOptunaObjective|Trial 37 rocauc:|[0.7678146811511899, 0.738107822410148, 0.752701080432173, 0.7093676002286274, 0.8383969982802646, 0.8744252873563219, 0.7748112189859762, 0.8621218224131757]
2023-06-17 04:27:05,043|INFO|nn.computeOptunaObjective|Trial 37 timings:|8.690587300000004
2023-06-17 04:27:05,043|INFO|nn.computeOptunaObjective|Trial 37 objective:|0.5708553121413211
2023-06-17 04:27:16,055|INFO|nn.computeOptunaObjective|Trial 38 params:|{'n_layers': 4, 'architecture': 'bottom', 'lr': 0.001, 'n_epochs': 200}
2023-06-17 04:27:16,055|INFO|nn.computeOptunaObjective|Trial 38 balacc:|[0.7469598988770221, 0.5991014799154334, 0.7430972388955582, 0.6882705968808688, 0.7217416228047319, 0.795632183908046, 0.727346278317152, 0.7875313283208021]
2023-06-17 04:27:16,055|INFO|nn.computeOptunaObjective|Trial 38 rocauc:|[0.8279901808122812, 0.6971458773784355, 0.7755102040816326, 0.7721278680493181, 0.8607405284277451, 0.8908620689655172, 0.8132416396979504, 0.8966993376297887]
2023-06-17 04:27:16,055|INFO|nn.computeOptunaObjective|Trial 38 timings:|11.008929599999988
2023-06-17 04:27:16,055|INFO|nn.computeOptunaObjective|Trial 38 objective:|0.7262100784899518
2023-06-17 04:27:24,717|INFO|nn.computeOptunaObjective|Trial 39 params:|{'n_layers': 4, 'architecture': 'top', 'lr': 0.0001, 'n_epochs': 150}
2023-06-17 04:27:24,717|INFO|nn.computeOptunaObjective|Trial 39 balacc:|[0.7066224558960925, 0.5850951374207188, 0.734093637454982, 0.5, 0.708830580019803, 0.738448275862069, 0.6349784250269688, 0.7731829573934836]
2023-06-17 04:27:24,717|INFO|nn.computeOptunaObjective|Trial 39 rocauc:|[0.8219301298844047, 0.727536997885835, 0.7647058823529411, 0.7563178737650037, 0.8690395539110949, 0.8723563218390804, 0.8117583603020495, 0.8828387934121017]
2023-06-17 04:27:24,717|INFO|nn.computeOptunaObjective|Trial 39 timings:|8.654161299999998
2023-06-17 04:27:24,717|INFO|nn.computeOptunaObjective|Trial 39 objective:|0.6726564336342647
2023-06-17 04:27:36,421|INFO|nn.computeOptunaObjective|Trial 40 params:|{'n_layers': 3, 'architecture': 'linear', 'lr': 0.001, 'n_epochs': 200}
2023-06-17 04:27:36,421|INFO|nn.computeOptunaObjective|Trial 40 balacc:|[0.7396742814223167, 0.5903805496828752, 0.7136854741896759, 0.657548787458153, 0.7386784095054458, 0.7870689655172414, 0.76415857605178, 0.7799185463659148]
2023-06-17 04:27:36,421|INFO|nn.computeOptunaObjective|Trial 40 rocauc:|[0.8325920090864126, 0.7008456659619451, 0.7394957983193278, 0.7781599575406222, 0.8702642138725312, 0.8961494252873562, 0.843311758360302, 0.89343895452918]
2023-06-17 04:27:36,421|INFO|nn.computeOptunaObjective|Trial 40 timings:|11.696537299999989
2023-06-17 04:27:36,421|INFO|nn.computeOptunaObjective|Trial 40 objective:|0.7213891987741754
2023-06-17 04:27:47,910|INFO|nn.computeOptunaObjective|Trial 41 params:|{'n_layers': 4, 'architecture': 'outer', 'lr': 0.001, 'n_epochs': 200}
2023-06-17 04:27:47,910|INFO|nn.computeOptunaObjective|Trial 41 balacc:|[0.7448678256727792, 0.5338266384778012, 0.723889555822329, 0.6702253613129746, 0.70481786440148, 0.715632183908046, 0.7486515641855448, 0.7697368421052632]
2023-06-17 04:27:47,910|INFO|nn.computeOptunaObjective|Trial 41 rocauc:|[0.8295748071885248, 0.7184196617336152, 0.7617046818727491, 0.7782620233526578, 0.8636849236541768, 0.8894540229885057, 0.8424128011506652, 0.9019087898317221]
2023-06-17 04:27:47,910|INFO|nn.computeOptunaObjective|Trial 41 timings:|11.490238800000043
2023-06-17 04:27:47,910|INFO|nn.computeOptunaObjective|Trial 41 objective:|0.7014559794857772
2023-06-17 04:27:56,342|INFO|nn.computeOptunaObjective|Trial 42 params:|{'n_layers': 2, 'architecture': 'linear', 'lr': 0.0001, 'n_epochs': 150}
2023-06-17 04:27:56,342|INFO|nn.computeOptunaObjective|Trial 42 balacc:|[0.579681975561947, 0.5, 0.6470588235294118, 0.5, 0.5, 0.5685632183908046, 0.49838187702265374, 0.6523182957393483]
2023-06-17 04:27:56,342|INFO|nn.computeOptunaObjective|Trial 42 rocauc:|[0.7393976587832268, 0.6736257928118393, 0.7442977190876351, 0.6840961051686129, 0.7887852415446349, 0.8374137931034483, 0.7205142035239123, 0.8381332796276405]
2023-06-17 04:27:56,342|INFO|nn.computeOptunaObjective|Trial 42 timings:|8.4204383
2023-06-17 04:27:56,342|INFO|nn.computeOptunaObjective|Trial 42 objective:|0.5557505237805207
2023-06-17 04:28:04,788|INFO|nn.computeOptunaObjective|Trial 43 params:|{'n_layers': 4, 'architecture': 'linear', 'lr': 0.0001, 'n_epochs': 150}
2023-06-17 04:28:04,788|INFO|nn.computeOptunaObjective|Trial 43 balacc:|[0.622798468499826, 0.5367336152219873, 0.6854741896758703, 0.5, 0.5, 0.5, 0.5384304207119741, 0.6744674185463659]
2023-06-17 04:28:04,788|INFO|nn.computeOptunaObjective|Trial 43 rocauc:|[0.7853353362522213, 0.7534355179704018, 0.7527010804321729, 0.7226565689556625, 0.8608577831049039, 0.8750574712643678, 0.7855088097806545, 0.8686560150375939]
2023-06-17 04:28:04,788|INFO|nn.computeOptunaObjective|Trial 43 timings:|8.44586129999999
2023-06-17 04:28:04,788|INFO|nn.computeOptunaObjective|Trial 43 objective:|0.569738014082003
2023-06-17 04:28:16,300|INFO|nn.computeOptunaObjective|Trial 44 params:|{'n_layers': 4, 'architecture': 'outer', 'lr': 0.0001, 'n_epochs': 200}
2023-06-17 04:28:16,300|INFO|nn.computeOptunaObjective|Trial 44 balacc:|[0.6894571967684614, 0.5763742071881607, 0.723889555822329, 0.5, 0.720126113919433, 0.7498850574712643, 0.6611380798274002, 0.780983709273183]
2023-06-17 04:28:16,300|INFO|nn.computeOptunaObjective|Trial 44 rocauc:|[0.8020865773902212, 0.7465644820295984, 0.7683073229291716, 0.7404772597370786, 0.8639064047110323, 0.8666091954022989, 0.7936893203883496, 0.8777904582885785]
2023-06-17 04:28:16,300|INFO|nn.computeOptunaObjective|Trial 44 timings:|11.513190500000007
2023-06-17 04:28:16,300|INFO|nn.computeOptunaObjective|Trial 44 objective:|0.675231740033779
2023-06-17 04:28:21,837|INFO|nn.computeOptunaObjective|Trial 45 params:|{'n_layers': 4, 'architecture': 'bottom', 'lr': 0.001, 'n_epochs': 100}
2023-06-17 04:28:21,837|INFO|nn.computeOptunaObjective|Trial 45 balacc:|[0.7148167146023778, 0.5763742071881607, 0.734093637454982, 0.5, 0.7281776017510031, 0.7327011494252873, 0.7134573894282632, 0.7951127819548872]
2023-06-17 04:28:21,837|INFO|nn.computeOptunaObjective|Trial 45 rocauc:|[0.8114074779709455, 0.7243657505285412, 0.7815126050420168, 0.7705050216379521, 0.8463442597321382, 0.8606896551724137, 0.8058252427184466, 0.8735253311851054]
2023-06-17 04:28:21,837|INFO|nn.computeOptunaObjective|Trial 45 timings:|5.530144299999961
2023-06-17 04:28:21,837|INFO|nn.computeOptunaObjective|Trial 45 objective:|0.6868416852256202
2023-06-17 04:28:32,792|INFO|nn.computeOptunaObjective|Trial 46 params:|{'n_layers': 3, 'architecture': 'inner', 'lr': 0.0001, 'n_epochs': 200}
2023-06-17 04:28:32,792|INFO|nn.computeOptunaObjective|Trial 46 balacc:|[0.6786212834557679, 0.5565539112050739, 0.734093637454982, 0.5, 0.6653030381989682, 0.7398850574712643, 0.6227076591154261, 0.7650689223057644]
2023-06-17 04:28:32,792|INFO|nn.computeOptunaObjective|Trial 46 rocauc:|[0.7978108340813748, 0.7494714587737843, 0.7743097238895558, 0.7409671756348494, 0.8601021418521029, 0.8738505747126437, 0.7948579647608773, 0.8808069280343717]
2023-06-17 04:28:32,792|INFO|nn.computeOptunaObjective|Trial 46 timings:|10.946437700000047
2023-06-17 04:28:32,792|INFO|nn.computeOptunaObjective|Trial 46 objective:|0.6577791886509059
2023-06-17 04:28:41,430|INFO|nn.computeOptunaObjective|Trial 47 params:|{'n_layers': 2, 'architecture': 'top', 'lr': 0.001, 'n_epochs': 150}
2023-06-17 04:28:41,430|INFO|nn.computeOptunaObjective|Trial 47 balacc:|[0.7093538754648543, 0.55946088794926, 0.6944777911164466, 0.6402996652241365, 0.670944291000052, 0.7885057471264367, 0.6782632146709817, 0.7670426065162907]
2023-06-17 04:28:41,430|INFO|nn.computeOptunaObjective|Trial 47 rocauc:|[0.8130232472933114, 0.7185517970401692, 0.7671068427370948, 0.772525924716257, 0.8671634790765542, 0.8928735632183907, 0.8159834591873426, 0.883702559971357]
2023-06-17 04:28:41,430|INFO|nn.computeOptunaObjective|Trial 47 timings:|8.627311399999996
2023-06-17 04:28:41,430|INFO|nn.computeOptunaObjective|Trial 47 objective:|0.6885435098835573
2023-06-17 04:28:46,763|INFO|nn.computeOptunaObjective|Trial 48 params:|{'n_layers': 2, 'architecture': 'inner', 'lr': 0.001, 'n_epochs': 100}
2023-06-17 04:28:46,763|INFO|nn.computeOptunaObjective|Trial 48 balacc:|[0.709443640427208, 0.5565539112050739, 0.723889555822329, 0.6260308647015596, 0.6782010526864349, 0.7785057471264367, 0.6766450916936354, 0.7719924812030075]
2023-06-17 04:28:46,763|INFO|nn.computeOptunaObjective|Trial 48 rocauc:|[0.8084250828951949, 0.718816067653277, 0.7695078031212486, 0.782895811219074, 0.8599197456876335, 0.8895977011494254, 0.8131966918374686, 0.8823957214464732]
2023-06-17 04:28:46,763|INFO|nn.computeOptunaObjective|Trial 48 timings:|5.330357899999967
2023-06-17 04:28:46,763|INFO|nn.computeOptunaObjective|Trial 48 objective:|0.6901577931082106
2023-06-17 04:28:57,531|INFO|nn.computeOptunaObjective|Trial 49 params:|{'n_layers': 2, 'architecture': 'outer', 'lr': 0.0001, 'n_epochs': 200}
2023-06-17 04:28:57,531|INFO|nn.computeOptunaObjective|Trial 49 balacc:|[0.6227087035374723, 0.5169133192389006, 0.656062424969988, 0.5, 0.5685418729480431, 0.655632183908046, 0.5384304207119741, 0.7009711779448622]
2023-06-17 04:28:57,531|INFO|nn.computeOptunaObjective|Trial 49 rocauc:|[0.7559327312363749, 0.736522198731501, 0.7671068427370948, 0.7112660243324895, 0.8276095679816562, 0.8589655172413793, 0.7471233369291622, 0.8544732366630863]
2023-06-17 04:28:57,531|INFO|nn.computeOptunaObjective|Trial 49 timings:|10.765708700000005
2023-06-17 04:28:57,531|INFO|nn.computeOptunaObjective|Trial 49 objective:|0.5949075129074108
2023-06-17 04:29:03,349|INFO|nn.computeOptunaObjective|Trial 50 params:|{'n_layers': 2, 'architecture': 'top', 'lr': 0.001, 'n_epochs': 100}
2023-06-17 04:29:03,349|INFO|nn.computeOptunaObjective|Trial 50 balacc:|[0.7064850605455512, 0.5536469344608879, 0.734093637454982, 0.6335429084673798, 0.6822398248996822, 0.7813793103448275, 0.6986245954692557, 0.7729949874686717]
2023-06-17 04:29:03,349|INFO|nn.computeOptunaObjective|Trial 50 rocauc:|[0.8160569366332644, 0.7285940803382663, 0.7839135654261705, 0.7798542500204131, 0.8720881755172235, 0.8989655172413793, 0.8161632506292701, 0.8882630683852488]
2023-06-17 04:29:03,349|INFO|nn.computeOptunaObjective|Trial 50 timings:|5.817090600000029
2023-06-17 04:29:03,349|INFO|nn.computeOptunaObjective|Trial 50 objective:|0.6953759073889048
2023-06-17 04:29:14,736|INFO|nn.computeOptunaObjective|Trial 51 params:|{'n_layers': 3, 'architecture': 'top', 'lr': 0.001, 'n_epochs': 200}
2023-06-17 04:29:14,736|INFO|nn.computeOptunaObjective|Trial 51 balacc:|[0.7413596643889571, 0.5932875264270613, 0.7136854741896759, 0.679288805421736, 0.7265881494606286, 0.7799425287356322, 0.7625404530744337, 0.7724937343358396]
2023-06-17 04:29:14,736|INFO|nn.computeOptunaObjective|Trial 51 rocauc:|[0.8314818546540386, 0.7153805496828752, 0.7827130852340936, 0.7877847636155793, 0.881103757360988, 0.8958045977011493, 0.8429521754764473, 0.8951575366988901]
2023-06-17 04:29:14,736|INFO|nn.computeOptunaObjective|Trial 51 timings:|11.383105600000022
2023-06-17 04:29:14,736|INFO|nn.computeOptunaObjective|Trial 51 objective:|0.7211482920042456
2023-06-17 04:29:20,327|INFO|nn.computeOptunaObjective|Trial 52 params:|{'n_layers': 2, 'architecture': 'bottom', 'lr': 0.001, 'n_epochs': 100}
2023-06-17 04:29:20,327|INFO|nn.computeOptunaObjective|Trial 52 balacc:|[0.68258376536538, 0.5367336152219873, 0.7136854741896759, 0.6335429084673798, 0.6806243160143832, 0.7070689655172414, 0.6398327939590076, 0.7531015037593985]
2023-06-17 04:29:20,327|INFO|nn.computeOptunaObjective|Trial 52 rocauc:|[0.7909996885705388, 0.7301797040169132, 0.7635054021608643, 0.7752408753164041, 0.8552816717911303, 0.881264367816092, 0.7928802588996763, 0.8713144468313642]
2023-06-17 04:29:20,327|INFO|nn.computeOptunaObjective|Trial 52 timings:|5.58157570000003
2023-06-17 04:29:20,327|INFO|nn.computeOptunaObjective|Trial 52 objective:|0.6683966678118067
2023-06-17 04:29:28,785|INFO|nn.computeOptunaObjective|Trial 53 params:|{'n_layers': 2, 'architecture': 'outer', 'lr': 0.001, 'n_epochs': 150}
2023-06-17 04:29:28,785|INFO|nn.computeOptunaObjective|Trial 53 balacc:|[0.7101727517540806, 0.5565539112050739, 0.7034813925570228, 0.6342981954764432, 0.6717520454427015, 0.7885057471264367, 0.6814994606256742, 0.7568609022556392]
2023-06-17 04:29:28,785|INFO|nn.computeOptunaObjective|Trial 53 rocauc:|[0.808837268946819, 0.7093023255813954, 0.758703481392557, 0.7692802318935249, 0.8625384334775131, 0.8869540229885058, 0.8149047105357785, 0.8780052810597924]
2023-06-17 04:29:28,785|INFO|nn.computeOptunaObjective|Trial 53 timings:|8.456498499999952
2023-06-17 04:29:28,785|INFO|nn.computeOptunaObjective|Trial 53 objective:|0.687890550805384
2023-06-17 04:29:34,455|INFO|nn.computeOptunaObjective|Trial 54 params:|{'n_layers': 3, 'architecture': 'inner', 'lr': 0.001, 'n_epochs': 100}
2023-06-17 04:29:34,455|INFO|nn.computeOptunaObjective|Trial 54 balacc:|[0.745226885522194, 0.5734672304439746, 0.734093637454982, 0.6050053074222259, 0.7459351711918286, 0.7870689655172414, 0.7166936353829558, 0.7767543859649123]
2023-06-17 04:29:34,455|INFO|nn.computeOptunaObjective|Trial 54 rocauc:|[0.837061937824024, 0.6952959830866807, 0.762905162064826, 0.7899587654119377, 0.8630465370785345, 0.890632183908046, 0.8376483279395902, 0.8979524704618689]
2023-06-17 04:29:34,455|INFO|nn.computeOptunaObjective|Trial 54 timings:|5.6674802
2023-06-17 04:29:34,455|INFO|nn.computeOptunaObjective|Trial 54 objective:|0.7105306523625393
2023-06-17 04:29:42,984|INFO|nn.computeOptunaObjective|Trial 55 params:|{'n_layers': 3, 'architecture': 'inner', 'lr': 0.001, 'n_epochs': 150}
2023-06-17 04:29:42,984|INFO|nn.computeOptunaObjective|Trial 55 balacc:|[0.7498287137963251, 0.5676532769556025, 0.6842737094837935, 0.6800440924307994, 0.7346526655896608, 0.7785057471264367, 0.7370550161812297, 0.7825814536340852]
2023-06-17 04:29:42,984|INFO|nn.computeOptunaObjective|Trial 55 rocauc:|[0.8269569677762104, 0.7032241014799155, 0.7503001200480193, 0.7970829590920224, 0.8718927510552921, 0.8966091954022989, 0.8590884573894283, 0.8995546902971714]
2023-06-17 04:29:42,984|INFO|nn.computeOptunaObjective|Trial 55 timings:|8.526122799999996
2023-06-17 04:29:42,984|INFO|nn.computeOptunaObjective|Trial 55 objective:|0.7143243343997416
2023-06-17 04:29:51,141|INFO|nn.computeOptunaObjective|Trial 56 params:|{'n_layers': 4, 'architecture': 'bottom', 'lr': 0.0001, 'n_epochs': 150}
2023-06-17 04:29:51,141|INFO|nn.computeOptunaObjective|Trial 56 balacc:|[0.5, 0.5, 0.5294117647058824, 0.5, 0.5, 0.5, 0.5, 0.5219611528822055]
2023-06-17 04:29:51,141|INFO|nn.computeOptunaObjective|Trial 56 rocauc:|[0.6942110758971917, 0.593816067653277, 0.6818727490996398, 0.6510063689066711, 0.7078534577101464, 0.7521264367816092, 0.6541711614527148, 0.763061672037236]
2023-06-17 04:29:51,141|INFO|nn.computeOptunaObjective|Trial 56 timings:|8.147433199999966
2023-06-17 04:29:51,141|INFO|nn.computeOptunaObjective|Trial 56 objective:|0.506421614698511
2023-06-17 04:29:56,569|INFO|nn.computeOptunaObjective|Trial 57 params:|{'n_layers': 2, 'architecture': 'linear', 'lr': 0.001, 'n_epochs': 100}
2023-06-17 04:29:56,569|INFO|nn.computeOptunaObjective|Trial 57 balacc:|[0.7123124553465111, 0.5367336152219873, 0.6944777911164466, 0.6350534824855066, 0.7072411277294283, 0.7699425287356323, 0.6831175836030206, 0.763189223057644]
2023-06-17 04:29:56,569|INFO|nn.computeOptunaObjective|Trial 57 rocauc:|[0.809267774378515, 0.7267441860465117, 0.7791116446578632, 0.7855903486568139, 0.8675543280004169, 0.8914942528735633, 0.8211974110032362, 0.8821674722520587]
2023-06-17 04:29:56,569|INFO|nn.computeOptunaObjective|Trial 57 timings:|5.4142790999999875
2023-06-17 04:29:56,569|INFO|nn.computeOptunaObjective|Trial 57 objective:|0.6877584759120221
2023-06-17 04:30:07,792|INFO|nn.computeOptunaObjective|Trial 58 params:|{'n_layers': 2, 'architecture': 'top', 'lr': 0.0001, 'n_epochs': 200}
2023-06-17 04:30:07,792|INFO|nn.computeOptunaObjective|Trial 58 balacc:|[0.6458387528166046, 0.5140063424947146, 0.6356542617046819, 0.5195149832612068, 0.5878888946792433, 0.7327586206896552, 0.6201456310679612, 0.7229323308270676]
2023-06-17 04:30:07,792|INFO|nn.computeOptunaObjective|Trial 58 rocauc:|[0.7809826515470717, 0.7584566596194503, 0.7671068427370948, 0.7305156364824038, 0.8463182031372141, 0.8732183908045976, 0.7721143473570659, 0.8726526136770498]
2023-06-17 04:30:07,792|INFO|nn.computeOptunaObjective|Trial 58 timings:|11.23071340000007
2023-06-17 04:30:07,792|INFO|nn.computeOptunaObjective|Trial 58 objective:|0.6223424771926419
2023-06-17 04:30:13,330|INFO|nn.computeOptunaObjective|Trial 59 params:|{'n_layers': 2, 'architecture': 'linear', 'lr': 0.0001, 'n_epochs': 100}
2023-06-17 04:30:13,330|INFO|nn.computeOptunaObjective|Trial 59 balacc:|[0.5025042592558668, 0.5, 0.5, 0.5, 0.5, 0.5, 0.5, 0.5112781954887218]
2023-06-17 04:30:13,330|INFO|nn.computeOptunaObjective|Trial 59 rocauc:|[0.6946324216388516, 0.5840380549682875, 0.7106842737094837, 0.6513533926675921, 0.7025639689405389, 0.742816091954023, 0.643653362099964, 0.7566662191192266]
2023-06-17 04:30:13,330|INFO|nn.computeOptunaObjective|Trial 59 timings:|5.519340700000043
2023-06-17 04:30:13,330|INFO|nn.computeOptunaObjective|Trial 59 objective:|0.5017228068430736
2023-06-17 04:30:24,288|INFO|nn.computeOptunaObjective|Trial 60 params:|{'n_layers': 2, 'architecture': 'linear', 'lr': 0.0001, 'n_epochs': 200}
2023-06-17 04:30:24,288|INFO|nn.computeOptunaObjective|Trial 60 balacc:|[0.6207961602579368, 0.5198202959830867, 0.656062424969988, 0.5, 0.5524128406899786, 0.6841954022988506, 0.5784789644012945, 0.7135338345864661]
2023-06-17 04:30:24,288|INFO|nn.computeOptunaObjective|Trial 60 rocauc:|[0.7645611592503709, 0.720401691331924, 0.7671068427370948, 0.719329223483302, 0.8258898327166605, 0.8628735632183908, 0.7591693635382956, 0.8610656104547082]
2023-06-17 04:30:24,288|INFO|nn.computeOptunaObjective|Trial 60 timings:|10.962037399999986
2023-06-17 04:30:24,288|INFO|nn.computeOptunaObjective|Trial 60 objective:|0.6031624903984502
2023-06-17 04:30:29,825|INFO|nn.computeOptunaObjective|Trial 61 params:|{'n_layers': 2, 'architecture': 'outer', 'lr': 0.001, 'n_epochs': 100}
2023-06-17 04:30:29,825|INFO|nn.computeOptunaObjective|Trial 61 balacc:|[0.7117207393701797, 0.55946088794926, 0.6842737094837935, 0.639544378215073, 0.6661107926416177, 0.7613793103448276, 0.6708468176914779, 0.7706140350877193]
2023-06-17 04:30:29,825|INFO|nn.computeOptunaObjective|Trial 61 rocauc:|[0.8096671368640884, 0.7254228329809724, 0.7791116446578631, 0.7859577855801422, 0.8616915941424774, 0.8871839080459769, 0.81957928802589, 0.8820690118152523]
2023-06-17 04:30:29,825|INFO|nn.computeOptunaObjective|Trial 61 timings:|5.527005299999928
2023-06-17 04:30:29,825|INFO|nn.computeOptunaObjective|Trial 61 objective:|0.6829938338479936
2023-06-17 04:30:38,322|INFO|nn.computeOptunaObjective|Trial 62 params:|{'n_layers': 4, 'architecture': 'bottom', 'lr': 0.001, 'n_epochs': 150}
2023-06-17 04:30:38,322|INFO|nn.computeOptunaObjective|Trial 62 balacc:|[0.7281568871709381, 0.5309196617336152, 0.7226890756302521, 0.631195394790561, 0.7459351711918286, 0.7570114942528736, 0.6595199568500539, 0.7890977443609022]
2023-06-17 04:30:38,322|INFO|nn.computeOptunaObjective|Trial 62 rocauc:|[0.817137780057523, 0.7119450317124736, 0.7070828331332533, 0.7648914019759941, 0.8479076554275888, 0.8781034482758621, 0.8141855447680689, 0.8832706766917293]
2023-06-17 04:30:38,322|INFO|nn.computeOptunaObjective|Trial 62 timings:|8.495458499999927
2023-06-17 04:30:38,322|INFO|nn.computeOptunaObjective|Trial 62 objective:|0.6955656732476281
2023-06-17 04:30:46,741|INFO|nn.computeOptunaObjective|Trial 63 params:|{'n_layers': 2, 'architecture': 'top', 'lr': 0.0001, 'n_epochs': 150}
2023-06-17 04:30:46,741|INFO|nn.computeOptunaObjective|Trial 63 balacc:|[0.6087768149925806, 0.5198202959830867, 0.6368547418967587, 0.5, 0.537899317317213, 0.6613793103448276, 0.5261596548004315, 0.69968671679198]
2023-06-17 04:30:46,741|INFO|nn.computeOptunaObjective|Trial 63 rocauc:|[0.7539285910564787, 0.7143234672304439, 0.765906362545018, 0.7007124193680085, 0.8169003074678202, 0.8694827586206897, 0.7508989572096368, 0.8561381131399928]
2023-06-17 04:30:46,741|INFO|nn.computeOptunaObjective|Trial 63 timings:|8.410808599999996
2023-06-17 04:30:46,741|INFO|nn.computeOptunaObjective|Trial 63 objective:|0.5863221065158597
2023-06-17 04:30:55,229|INFO|nn.computeOptunaObjective|Trial 64 params:|{'n_layers': 3, 'architecture': 'inner', 'lr': 0.0001, 'n_epochs': 150}
2023-06-17 04:30:55,229|INFO|nn.computeOptunaObjective|Trial 64 balacc:|[0.6325883452103981, 0.5396405919661733, 0.656062424969988, 0.5, 0.5, 0.6770689655172414, 0.5351941747572816, 0.694047619047619]
2023-06-17 04:30:55,229|INFO|nn.computeOptunaObjective|Trial 64 rocauc:|[0.7718632641471412, 0.7452431289640592, 0.745498199279712, 0.7074691761247652, 0.8426702798478295, 0.8751724137931034, 0.7752606975907947, 0.8664496061582526]
2023-06-17 04:30:55,229|INFO|nn.computeOptunaObjective|Trial 64 timings:|8.47338190000005
2023-06-17 04:30:55,229|INFO|nn.computeOptunaObjective|Trial 64 objective:|0.5918252651835877
2023-06-17 04:31:00,898|INFO|nn.computeOptunaObjective|Trial 65 params:|{'n_layers': 3, 'architecture': 'outer', 'lr': 0.0001, 'n_epochs': 100}
2023-06-17 04:31:00,898|INFO|nn.computeOptunaObjective|Trial 65 balacc:|[0.5009562716397677, 0.5, 0.5, 0.5, 0.5, 0.5, 0.5, 0.5018796992481203]
2023-06-17 04:31:00,898|INFO|nn.computeOptunaObjective|Trial 65 rocauc:|[0.7032095553886457, 0.6226215644820297, 0.7118847539015607, 0.6608455131869029, 0.7489447079055709, 0.7915517241379311, 0.6873426824883135, 0.7842530433225922]
2023-06-17 04:31:00,898|INFO|nn.computeOptunaObjective|Trial 65 timings:|5.671813499999985
2023-06-17 04:31:00,898|INFO|nn.computeOptunaObjective|Trial 65 objective:|0.5003544963609861
2023-06-17 04:31:09,286|INFO|nn.computeOptunaObjective|Trial 66 params:|{'n_layers': 2, 'architecture': 'inner', 'lr': 0.001, 'n_epochs': 150}
2023-06-17 04:31:09,286|INFO|nn.computeOptunaObjective|Trial 66 balacc:|[0.717231208895891, 0.5565539112050739, 0.6740696278511404, 0.6312770474401894, 0.687881077700766, 0.7699425287356323, 0.7060409924487594, 0.7632832080200501]
2023-06-17 04:31:09,286|INFO|nn.computeOptunaObjective|Trial 66 rocauc:|[0.8088482605748621, 0.7034883720930233, 0.7527010804321728, 0.7779149995917368, 0.8671895356714784, 0.8960919540229885, 0.8172419992808343, 0.8786676512710346]
2023-06-17 04:31:09,286|INFO|nn.computeOptunaObjective|Trial 66 timings:|8.386325199999987
2023-06-17 04:31:09,286|INFO|nn.computeOptunaObjective|Trial 66 objective:|0.6882849502871877
2023-06-17 04:31:14,830|INFO|nn.computeOptunaObjective|Trial 67 params:|{'n_layers': 4, 'architecture': 'linear', 'lr': 0.0001, 'n_epochs': 100}
2023-06-17 04:31:14,830|INFO|nn.computeOptunaObjective|Trial 67 balacc:|[0.5, 0.5, 0.5, 0.5, 0.5, 0.5, 0.5, 0.5]
2023-06-17 04:31:14,830|INFO|nn.computeOptunaObjective|Trial 67 rocauc:|[0.7161650209756902, 0.6596194503171247, 0.7130852340936376, 0.6688882991753083, 0.7907655427588722, 0.8423563218390805, 0.730762315713772, 0.8035020587182241]
2023-06-17 04:31:14,830|INFO|nn.computeOptunaObjective|Trial 67 timings:|5.529746199999977
2023-06-17 04:31:14,830|INFO|nn.computeOptunaObjective|Trial 67 objective:|0.5
2023-06-17 04:31:20,539|INFO|nn.computeOptunaObjective|Trial 68 params:|{'n_layers': 2, 'architecture': 'outer', 'lr': 0.0001, 'n_epochs': 100}
2023-06-17 04:31:20,539|INFO|nn.computeOptunaObjective|Trial 68 balacc:|[0.5075127777676004, 0.5, 0.5294117647058824, 0.5, 0.5, 0.5, 0.5, 0.5093984962406015]
2023-06-17 04:31:20,539|INFO|nn.computeOptunaObjective|Trial 68 rocauc:|[0.7053529228570905, 0.6038583509513742, 0.7334933973589436, 0.6561708989956724, 0.6801031841158998, 0.7438505747126437, 0.6534519956850053, 0.757704529180093]
2023-06-17 04:31:20,539|INFO|nn.computeOptunaObjective|Trial 68 timings:|5.700925300000108
2023-06-17 04:31:20,539|INFO|nn.computeOptunaObjective|Trial 68 objective:|0.5057903798392605
2023-06-17 04:31:29,098|INFO|nn.computeOptunaObjective|Trial 69 params:|{'n_layers': 4, 'architecture': 'inner', 'lr': 0.0001, 'n_epochs': 150}
2023-06-17 04:31:29,098|INFO|nn.computeOptunaObjective|Trial 69 balacc:|[0.6261216040449191, 0.5140063424947146, 0.656062424969988, 0.5, 0.5, 0.7070689655172414, 0.5, 0.706015037593985]
2023-06-17 04:31:29,098|INFO|nn.computeOptunaObjective|Trial 69 rocauc:|[0.7938025537215819, 0.7542283298097252, 0.7623049219687875, 0.7278619253694782, 0.8686747615821564, 0.8810919540229885, 0.7885652642934196, 0.8709071786609381]
2023-06-17 04:31:29,098|INFO|nn.computeOptunaObjective|Trial 69 timings:|8.56286
2023-06-17 04:31:29,098|INFO|nn.computeOptunaObjective|Trial 69 objective:|0.588659296827606
2023-06-17 04:31:40,564|INFO|nn.computeOptunaObjective|Trial 70 params:|{'n_layers': 4, 'architecture': 'top', 'lr': 0.0001, 'n_epochs': 200}
2023-06-17 04:31:40,564|INFO|nn.computeOptunaObjective|Trial 70 balacc:|[0.7373971824793448, 0.5763742071881607, 0.7430972388955582, 0.5982077243406548, 0.7177028505914846, 0.7541954022988506, 0.7166936353829558, 0.7882205513784462]
2023-06-17 04:31:40,564|INFO|nn.computeOptunaObjective|Trial 70 rocauc:|[0.8359261362595491, 0.7299154334038055, 0.7779111644657863, 0.7639319833428595, 0.8628120277242171, 0.8814367816091954, 0.84448040273283, 0.8842619942713928]
2023-06-17 04:31:40,564|INFO|nn.computeOptunaObjective|Trial 70 timings:|11.448152299999947
2023-06-17 04:31:40,564|INFO|nn.computeOptunaObjective|Trial 70 objective:|0.703986099069432
2023-06-17 04:31:45,921|INFO|nn.computeOptunaObjective|Trial 71 params:|{'n_layers': 2, 'architecture': 'inner', 'lr': 0.0001, 'n_epochs': 100}
2023-06-17 04:31:45,921|INFO|nn.computeOptunaObjective|Trial 71 balacc:|[0.5025042592558668, 0.5, 0.5, 0.5, 0.5, 0.5, 0.5, 0.512562656641604]
2023-06-17 04:31:45,921|INFO|nn.computeOptunaObjective|Trial 71 rocauc:|[0.6940278820964699, 0.592494714587738, 0.7382953181272508, 0.6554360251490161, 0.7054301943821981, 0.7497126436781609, 0.6482380438691119, 0.7682845506623701]
2023-06-17 04:31:45,921|INFO|nn.computeOptunaObjective|Trial 71 timings:|5.361757300000022
2023-06-17 04:31:45,921|INFO|nn.computeOptunaObjective|Trial 71 objective:|0.5018833644871838
2023-06-17 04:31:51,662|INFO|nn.computeOptunaObjective|Trial 72 params:|{'n_layers': 2, 'architecture': 'top', 'lr': 0.0001, 'n_epochs': 100}
2023-06-17 04:31:51,662|INFO|nn.computeOptunaObjective|Trial 72 balacc:|[0.5103815926869035, 0.5, 0.5, 0.5, 0.5, 0.5, 0.5, 0.5276942355889724]
2023-06-17 04:31:51,662|INFO|nn.computeOptunaObjective|Trial 72 rocauc:|[0.7213530694121311, 0.6395348837209303, 0.7286914765906363, 0.669684412509186, 0.7536088383969982, 0.815, 0.701636102121539, 0.810345059076262]
2023-06-17 04:31:51,662|INFO|nn.computeOptunaObjective|Trial 72 timings:|5.721323900000016
2023-06-17 04:31:51,662|INFO|nn.computeOptunaObjective|Trial 72 objective:|0.5047594785344846
2023-06-17 04:32:03,133|INFO|nn.computeOptunaObjective|Trial 73 params:|{'n_layers': 4, 'architecture': 'inner', 'lr': 0.0001, 'n_epochs': 200}
2023-06-17 04:32:03,133|INFO|nn.computeOptunaObjective|Trial 73 balacc:|[0.717912689834576, 0.5792811839323467, 0.7635054021608644, 0.5, 0.720126113919433, 0.7455747126436783, 0.6595199568500539, 0.8027568922305764]
2023-06-17 04:32:03,133|INFO|nn.computeOptunaObjective|Trial 73 rocauc:|[0.8189953651968417, 0.7375792811839323, 0.7635054021608643, 0.7542153180370702, 0.8657564229506488, 0.8655747126436781, 0.8176015821646889, 0.8802698711063373]
2023-06-17 04:32:03,133|INFO|nn.computeOptunaObjective|Trial 73 timings:|11.474584100000015
2023-06-17 04:32:03,133|INFO|nn.computeOptunaObjective|Trial 73 objective:|0.6860846189464411
2023-06-17 04:32:08,775|INFO|nn.computeOptunaObjective|Trial 74 params:|{'n_layers': 3, 'architecture': 'linear', 'lr': 0.001, 'n_epochs': 100}
2023-06-17 04:32:08,775|INFO|nn.computeOptunaObjective|Trial 74 balacc:|[0.7401286020481067, 0.5676532769556025, 0.7533013205282113, 0.6447497346288886, 0.7443196623065298, 0.7970689655172414, 0.7386731391585761, 0.7717105263157895]
2023-06-17 04:32:08,775|INFO|nn.computeOptunaObjective|Trial 74 rocauc:|[0.8374466448055398, 0.7169661733615222, 0.7695078031212486, 0.785774067118478, 0.8661733284694356, 0.8897701149425288, 0.8468176914778855, 0.8990042069459363]
2023-06-17 04:32:08,775|INFO|nn.computeOptunaObjective|Trial 74 timings:|5.625826800000027
2023-06-17 04:32:08,775|INFO|nn.computeOptunaObjective|Trial 74 objective:|0.7197006534323682
2023-06-17 04:32:20,002|INFO|nn.computeOptunaObjective|Trial 75 params:|{'n_layers': 3, 'architecture': 'bottom', 'lr': 0.001, 'n_epochs': 200}
2023-06-17 04:32:20,002|INFO|nn.computeOptunaObjective|Trial 75 balacc:|[0.7232857640097459, 0.5734672304439746, 0.7635054021608644, 0.6237650036743692, 0.7257803950179791, 0.7585057471264368, 0.7305825242718447, 0.7901002506265664]
2023-06-17 04:32:20,002|INFO|nn.computeOptunaObjective|Trial 75 rocauc:|[0.8221481305072637, 0.7034883720930232, 0.7707082833133253, 0.7827733322446314, 0.8655479701912553, 0.8943103448275862, 0.8181409564904711, 0.8828052273540995]
2023-06-17 04:32:20,002|INFO|nn.computeOptunaObjective|Trial 75 timings:|11.224697900000024
2023-06-17 04:32:20,002|INFO|nn.computeOptunaObjective|Trial 75 objective:|0.7111240396664726
2023-06-17 04:32:25,648|INFO|nn.computeOptunaObjective|Trial 76 params:|{'n_layers': 2, 'architecture': 'bottom', 'lr': 0.0001, 'n_epochs': 100}
2023-06-17 04:32:25,648|INFO|nn.computeOptunaObjective|Trial 76 balacc:|[0.5, 0.5, 0.5, 0.5, 0.5, 0.5, 0.5, 0.5]
2023-06-17 04:32:25,648|INFO|nn.computeOptunaObjective|Trial 76 rocauc:|[0.6433418213127667, 0.5438689217758985, 0.6662665066026411, 0.6300624642769659, 0.5940643076762728, 0.6154597701149426, 0.5767709457029845, 0.6484134443250985]
2023-06-17 04:32:25,648|INFO|nn.computeOptunaObjective|Trial 76 timings:|5.637945099999911
2023-06-17 04:32:25,648|INFO|nn.computeOptunaObjective|Trial 76 objective:|0.5
2023-06-17 04:32:31,536|INFO|nn.computeOptunaObjective|Trial 77 params:|{'n_layers': 4, 'architecture': 'outer', 'lr': 0.0001, 'n_epochs': 100}
2023-06-17 04:32:31,536|INFO|nn.computeOptunaObjective|Trial 77 balacc:|[0.5, 0.5, 0.5, 0.5, 0.5, 0.5, 0.5, 0.5]
2023-06-17 04:32:31,536|INFO|nn.computeOptunaObjective|Trial 77 rocauc:|[0.7066462710901863, 0.6466701902748415, 0.7130852340936374, 0.6675206172940312, 0.7654906456824222, 0.8118965517241379, 0.7183567062207838, 0.7817691550304332]
2023-06-17 04:32:31,536|INFO|nn.computeOptunaObjective|Trial 77 timings:|5.88897750000001
2023-06-17 04:32:31,536|INFO|nn.computeOptunaObjective|Trial 77 objective:|0.5
2023-06-17 04:32:42,611|INFO|nn.computeOptunaObjective|Trial 78 params:|{'n_layers': 2, 'architecture': 'linear', 'lr': 0.001, 'n_epochs': 200}
2023-06-17 04:32:42,611|INFO|nn.computeOptunaObjective|Trial 78 balacc:|[0.7112664187443897, 0.5565539112050739, 0.6548619447779112, 0.6545684657467135, 0.6894965865860649, 0.7885057471264367, 0.7044228694714132, 0.7596177944862155]
2023-06-17 04:32:42,611|INFO|nn.computeOptunaObjective|Trial 78 rocauc:|[0.8129554655870445, 0.7222515856236786, 0.7575030012004802, 0.7699334530905528, 0.8657043097608004, 0.8943103448275861, 0.8237144911902193, 0.8806816147511636]
2023-06-17 04:32:42,611|INFO|nn.computeOptunaObjective|Trial 78 timings:|11.070008800000096
2023-06-17 04:32:42,611|INFO|nn.computeOptunaObjective|Trial 78 objective:|0.6899117172680274
2023-06-17 04:32:51,466|INFO|nn.computeOptunaObjective|Trial 79 params:|{'n_layers': 3, 'architecture': 'top', 'lr': 0.0001, 'n_epochs': 150}
2023-06-17 04:32:51,466|INFO|nn.computeOptunaObjective|Trial 79 balacc:|[0.6630040119442359, 0.5367336152219873, 0.6458583433373349, 0.5, 0.6274037208817551, 0.7041954022988506, 0.5923678532901834, 0.7419172932330826]
2023-06-17 04:32:51,466|INFO|nn.computeOptunaObjective|Trial 79 rocauc:|[0.7900177697986699, 0.7642706131078224, 0.7803121248499401, 0.7333938923818079, 0.8656782531658763, 0.8848850574712643, 0.7936893203883495, 0.8816259398496241]
2023-06-17 04:32:51,466|INFO|nn.computeOptunaObjective|Trial 79 timings:|8.846376899999996
2023-06-17 04:32:51,466|INFO|nn.computeOptunaObjective|Trial 79 objective:|0.6264350300259287
2023-06-17 04:33:02,997|INFO|nn.computeOptunaObjective|Trial 80 params:|{'n_layers': 3, 'architecture': 'outer', 'lr': 0.001, 'n_epochs': 200}
2023-06-17 04:33:02,997|INFO|nn.computeOptunaObjective|Trial 80 balacc:|[0.7254254676021763, 0.5792811839323467, 0.7430972388955582, 0.6095370294766065, 0.7330371567043619, 0.785632183908046, 0.7477076591154261, 0.7675438596491229]
2023-06-17 04:33:02,997|INFO|nn.computeOptunaObjective|Trial 80 rocauc:|[0.826684009013135, 0.7145877378435518, 0.7569027611044418, 0.779650118396342, 0.8641148574704257, 0.897816091954023, 0.8364796835670623, 0.8922328141783028]
2023-06-17 04:33:02,997|INFO|nn.computeOptunaObjective|Trial 80 timings:|11.525003900000002
2023-06-17 04:33:02,997|INFO|nn.computeOptunaObjective|Trial 80 objective:|0.7114077224104556
2023-06-17 04:33:12,035|INFO|nn.computeOptunaObjective|Trial 81 params:|{'n_layers': 4, 'architecture': 'outer', 'lr': 0.0001, 'n_epochs': 150}
2023-06-17 04:33:12,035|INFO|nn.computeOptunaObjective|Trial 81 balacc:|[0.507148222104164, 0.49709302325581395, 0.5882352941176471, 0.5007144606842492, 0.5459638334462452, 0.5, 0.5, 0.5841791979949875]
2023-06-17 04:33:12,035|INFO|nn.computeOptunaObjective|Trial 81 rocauc:|[0.7666715518346858, 0.7354651162790697, 0.7551020408163265, 0.7039989385155547, 0.8443118453280525, 0.875632183908046, 0.776878820568141, 0.8575031328320801]
2023-06-17 04:33:12,035|INFO|nn.computeOptunaObjective|Trial 81 timings:|9.022635000000037
2023-06-17 04:33:12,035|INFO|nn.computeOptunaObjective|Trial 81 objective:|0.5279167539503884
2023-06-17 04:33:23,101|INFO|nn.computeOptunaObjective|Trial 82 params:|{'n_layers': 2, 'architecture': 'bottom', 'lr': 0.0001, 'n_epochs': 200}
2023-06-17 04:33:23,101|INFO|nn.computeOptunaObjective|Trial 82 balacc:|[0.5981680619927822, 0.5140063424947146, 0.6662665066026411, 0.5, 0.5, 0.622816091954023, 0.5122707659115426, 0.6700187969924812]
2023-06-17 04:33:23,101|INFO|nn.computeOptunaObjective|Trial 82 rocauc:|[0.7397237437485116, 0.6794397463002114, 0.7346938775510204, 0.6811974361068017, 0.7668195320235552, 0.8255747126436781, 0.7114347357065804, 0.8331655030433226]
2023-06-17 04:33:23,101|INFO|nn.computeOptunaObjective|Trial 82 timings:|11.068642999999952
2023-06-17 04:33:23,101|INFO|nn.computeOptunaObjective|Trial 82 objective:|0.572943320743523
2023-06-17 04:33:31,973|INFO|nn.computeOptunaObjective|Trial 83 params:|{'n_layers': 4, 'architecture': 'inner', 'lr': 0.001, 'n_epochs': 150}
2023-06-17 04:33:31,973|INFO|nn.computeOptunaObjective|Trial 83 balacc:|[0.7466429736017732, 0.55946088794926, 0.7430972388955582, 0.6582632481424022, 0.7548074417635103, 0.7570689655172413, 0.7509439050701187, 0.7822994987468672]
2023-06-17 04:33:31,973|INFO|nn.computeOptunaObjective|Trial 83 rocauc:|[0.8257442248154323, 0.732293868921776, 0.7701080432172869, 0.7758736833510248, 0.8676324977851895, 0.8898850574712645, 0.8489302409205322, 0.9015641783029001]
2023-06-17 04:33:31,973|INFO|nn.computeOptunaObjective|Trial 83 timings:|8.857599899999968
2023-06-17 04:33:31,973|INFO|nn.computeOptunaObjective|Trial 83 objective:|0.7190730199608415
2023-06-17 04:33:37,502|INFO|nn.computeOptunaObjective|Trial 84 params:|{'n_layers': 3, 'architecture': 'bottom', 'lr': 0.0001, 'n_epochs': 100}
2023-06-17 04:33:37,502|INFO|nn.computeOptunaObjective|Trial 84 balacc:|[0.5, 0.5, 0.5, 0.5, 0.5, 0.5, 0.5, 0.5]
2023-06-17 04:33:37,502|INFO|nn.computeOptunaObjective|Trial 84 rocauc:|[0.6266198911828824, 0.5309196617336153, 0.6518607442977191, 0.6315934514574997, 0.6158476210328835, 0.6026436781609195, 0.5818051060769508, 0.6284886322950233]
2023-06-17 04:33:37,502|INFO|nn.computeOptunaObjective|Trial 84 timings:|5.530747000000019
2023-06-17 04:33:37,502|INFO|nn.computeOptunaObjective|Trial 84 objective:|0.5
2023-06-17 04:33:43,337|INFO|nn.computeOptunaObjective|Trial 85 params:|{'n_layers': 4, 'architecture': 'linear', 'lr': 0.001, 'n_epochs': 100}
2023-06-17 04:33:43,337|INFO|nn.computeOptunaObjective|Trial 85 balacc:|[0.752787293677982, 0.6020084566596194, 0.7635054021608644, 0.6170082469176125, 0.7499609151076136, 0.7627586206896553, 0.7289644012944984, 0.8021616541353384]
2023-06-17 04:33:43,337|INFO|nn.computeOptunaObjective|Trial 85 rocauc:|[0.8353215967171671, 0.7333509513742071, 0.7983193277310925, 0.7629929778721319, 0.8694043462400334, 0.8883908045977011, 0.8379180151024811, 0.8871352488363766]
2023-06-17 04:33:43,337|INFO|nn.computeOptunaObjective|Trial 85 timings:|5.815013299999919
2023-06-17 04:33:43,337|INFO|nn.computeOptunaObjective|Trial 85 objective:|0.722394373830398
2023-06-17 04:33:52,090|INFO|nn.computeOptunaObjective|Trial 86 params:|{'n_layers': 3, 'architecture': 'linear', 'lr': 0.001, 'n_epochs': 150}
2023-06-17 04:33:52,090|INFO|nn.computeOptunaObjective|Trial 86 balacc:|[0.7378991334933226, 0.5932875264270613, 0.7136854741896759, 0.6492814566832694, 0.7362681744749596, 0.7785057471264367, 0.7551240560949299, 0.7706140350877193]
2023-06-17 04:33:52,090|INFO|nn.computeOptunaObjective|Trial 86 rocauc:|[0.8279297268580432, 0.6939746300211416, 0.7743097238895558, 0.7910610761819221, 0.8675022148105686, 0.8952298850574713, 0.8378281193815175, 0.8959854994629431]
2023-06-17 04:33:52,090|INFO|nn.computeOptunaObjective|Trial 86 timings:|8.749910900000032
2023-06-17 04:33:52,090|INFO|nn.computeOptunaObjective|Trial 86 objective:|0.7168332004471718
2023-06-17 04:33:57,980|INFO|nn.computeOptunaObjective|Trial 87 params:|{'n_layers': 4, 'architecture': 'inner', 'lr': 0.0001, 'n_epochs': 100}
2023-06-17 04:33:57,980|INFO|nn.computeOptunaObjective|Trial 87 balacc:|[0.5, 0.5, 0.5, 0.5, 0.5, 0.5, 0.5, 0.5]
2023-06-17 04:33:57,980|INFO|nn.computeOptunaObjective|Trial 87 rocauc:|[0.7206166303332296, 0.6538054968287527, 0.7046818727490995, 0.6667245039601534, 0.7860492990775966, 0.8344252873563218, 0.7397518878101402, 0.8059948979591836]
2023-06-17 04:33:57,980|INFO|nn.computeOptunaObjective|Trial 87 timings:|5.885184200000026
2023-06-17 04:33:57,980|INFO|nn.computeOptunaObjective|Trial 87 objective:|0.5
2023-06-17 04:34:09,169|INFO|nn.computeOptunaObjective|Trial 88 params:|{'n_layers': 4, 'architecture': 'bottom', 'lr': 0.0001, 'n_epochs': 200}
2023-06-17 04:34:09,169|INFO|nn.computeOptunaObjective|Trial 88 balacc:|[0.5631981973730009, 0.5338266384778012, 0.5, 0.5, 0.5604773568190109, 0.5, 0.5, 0.5982142857142857]
2023-06-17 04:34:09,169|INFO|nn.computeOptunaObjective|Trial 88 rocauc:|[0.7432154175902687, 0.7048097251585623, 0.7466986794717887, 0.6961194578264065, 0.809317838344885, 0.8414367816091954, 0.7390327220424309, 0.8208176691729323]
2023-06-17 04:34:09,169|INFO|nn.computeOptunaObjective|Trial 88 timings:|11.175916700000016
2023-06-17 04:34:09,169|INFO|nn.computeOptunaObjective|Trial 88 objective:|0.5319645597980123
2023-06-17 04:34:17,843|INFO|nn.computeOptunaObjective|Trial 89 params:|{'n_layers': 4, 'architecture': 'outer', 'lr': 0.001, 'n_epochs': 150}
2023-06-17 04:34:17,843|INFO|nn.computeOptunaObjective|Trial 89 balacc:|[0.76080202245956, 0.5565539112050739, 0.7430972388955582, 0.6589777088266514, 0.7556151962061597, 0.755632183908046, 0.7231661272923409, 0.793765664160401]
2023-06-17 04:34:17,843|INFO|nn.computeOptunaObjective|Trial 89 rocauc:|[0.8320350999322184, 0.7234408033826638, 0.7605042016806723, 0.7762819465991672, 0.8679191203293554, 0.8903735632183907, 0.8490201366414958, 0.8994360902255639]
2023-06-17 04:34:17,843|INFO|nn.computeOptunaObjective|Trial 89 timings:|8.661732099999995
2023-06-17 04:34:17,843|INFO|nn.computeOptunaObjective|Trial 89 objective:|0.7184512566192238
2023-06-17 04:34:17,843|INFO|mtg.runMTGExperiment|Best trial number:|38
2023-06-17 04:34:17,843|INFO|mtg.runMTGExperiment|Best trial objective:|0.7262100784899518
2023-06-17 04:34:17,843|INFO|mtg.runMTGExperiment|Best trial params:|{'n_layers': 4, 'architecture': 'bottom', 'lr': 0.001, 'n_epochs': 200}
2023-06-17 04:34:17,890|INFO|nn.loadModellingDataset|Trainval descriptors loaded (features, instances):|1024|6608
2023-06-17 04:34:17,890|INFO|nn.loadModellingDataset|Trainval endpoints loaded (tasks, instances):|8|6608
2023-06-17 04:34:17,890|INFO|nn.loadModellingDataset|Test descriptors loaded (features, instances):|1024|1428
2023-06-17 04:34:17,890|INFO|nn.loadModellingDataset|Test endpoints loaded (tasks, instances):|8|1428
2023-06-17 04:34:17,890|INFO|mtg.runMTGExperiment|Final neural network hyperparams:|{'n_layers': 4, 'architecture': 'bottom', 'lr': 0.001, 'n_epochs': 200, 'best_trial_num': 38}
2023-06-17 04:34:30,635|INFO|nn.testFinalModel|Final model test balacc:|[0.7378513265038087, 0.6760042283298098, 0.8055555555555556, 0.6409324732587572, 0.7096252218394404, 0.725632183908046, 0.771326164874552, 0.6981829573934837]
2023-06-17 04:34:30,635|INFO|nn.testFinalModel|Final model test rocauc:|[0.802768292327, 0.9334038054968288, 0.8842592592592592, 0.755940230260472, 0.8731600375822112, 0.8197701149425287, 0.946594982078853, 0.8154314357321876]
2023-06-17 04:34:30,648|INFO|mtg.runMTGExperiment|Mechanistic task grouping experiment timing:|781.4732606
2023-06-17 04:34:30,648|INFO|mtg.runMTGExperiment|DONE
