2023-06-17 04:07:26,549|INFO|__main__.startLogging|>>>> START LOGGING A GMTAMES EXPERIMENT
2023-06-17 04:07:26,568|INFO|__main__.startLogging|mode:|mtg
2023-06-17 04:07:26,568|INFO|__main__.startLogging|tasks:|TA100,TA102,TA104,TA1535,TA1537,TA1538,TA97,TA98
2023-06-17 04:07:26,568|INFO|__main__.startLogging|testsplit:|maxmin
2023-06-17 04:07:26,568|INFO|__main__.startLogging|output:|mtg_experiment_maxmin
2023-06-17 04:07:26,568|INFO|__main__.startLogging|device:|titanv
2023-06-17 04:07:26,568|INFO|__main__.startLogging|DONE
2023-06-17 04:07:26,568|INFO|mtg.runMTGExperiment|>>>> RUNNING MECHANISTIC TASK GROUPING EXPERIMENT
2023-06-17 04:07:30,646|INFO|mtg.runMTGExperiment|Device confirmed:|cuda:0
2023-06-17 04:07:31,919|INFO|nn.loadModellingDataset|Train descriptors loaded (features, instances):|1024|6313
2023-06-17 04:07:31,919|INFO|nn.loadModellingDataset|Train endpoints loaded (tasks, instances):|8|6313
2023-06-17 04:07:31,935|INFO|nn.loadModellingDataset|Val descriptors loaded (features, instances):|1024|2934
2023-06-17 04:07:31,935|INFO|nn.loadModellingDataset|Val endpoints loaded (tasks, instances):|8|2934
2023-06-17 04:07:45,705|INFO|nn.computeOptunaObjective|Trial 0 params:|{'n_layers': 2, 'architecture': 'top', 'lr': 0.001, 'n_epochs': 200}
2023-06-17 04:07:45,705|INFO|nn.computeOptunaObjective|Trial 0 balacc:|[0.7485041439256115, 0.6650537634408602, 0.7393939393939394, 0.695526952069407, 0.7016068858924479, 0.7822619333173423, 0.6596510163698507, 0.7243932273224747]
2023-06-17 04:07:45,705|INFO|nn.computeOptunaObjective|Trial 0 rocauc:|[0.8276952361700693, 0.798694316436252, 0.8030303030303031, 0.8501280045512729, 0.8575121249267174, 0.8857639721755817, 0.7726209749955029, 0.866409150410953]
2023-06-17 04:07:45,705|INFO|nn.computeOptunaObjective|Trial 0 timings:|13.7642059
2023-06-17 04:07:45,705|INFO|nn.computeOptunaObjective|Trial 0 objective:|0.7145489827164917
2023-06-17 04:07:54,170|INFO|nn.computeOptunaObjective|Trial 1 params:|{'n_layers': 4, 'architecture': 'top', 'lr': 0.001, 'n_epochs': 100}
2023-06-17 04:07:54,170|INFO|nn.computeOptunaObjective|Trial 1 balacc:|[0.7644161444646587, 0.7221966205837174, 0.8136363636363637, 0.6814908974541317, 0.7400735490060225, 0.7931158551211321, 0.7432991545241949, 0.7647739221871714]
2023-06-17 04:07:54,170|INFO|nn.computeOptunaObjective|Trial 1 rocauc:|[0.8384492284886462, 0.8061443932411675, 0.8003787878787878, 0.7793165979234817, 0.8366199435058359, 0.8739206044615014, 0.779996402230617, 0.8711474495160839]
2023-06-17 04:07:54,170|INFO|nn.computeOptunaObjective|Trial 1 timings:|8.472267499999997
2023-06-17 04:07:54,170|INFO|nn.computeOptunaObjective|Trial 1 objective:|0.7528753133721741
2023-06-17 04:08:01,036|INFO|nn.computeOptunaObjective|Trial 2 params:|{'n_layers': 3, 'architecture': 'outer', 'lr': 0.001, 'n_epochs': 100}
2023-06-17 04:08:01,036|INFO|nn.computeOptunaObjective|Trial 2 balacc:|[0.7655245603395997, 0.7070660522273425, 0.668939393939394, 0.6927090741004125, 0.7393007514789747, 0.7944351163348524, 0.7037686634286742, 0.7781325779523165]
2023-06-17 04:08:01,036|INFO|nn.computeOptunaObjective|Trial 2 rocauc:|[0.8383279428609932, 0.8078341013824885, 0.7840909090909091, 0.8460745270942966, 0.8488248147950754, 0.8655552890381386, 0.7696528152545422, 0.8731260327474839]
2023-06-17 04:08:01,036|INFO|nn.computeOptunaObjective|Trial 2 timings:|6.860260299999997
2023-06-17 04:08:01,036|INFO|nn.computeOptunaObjective|Trial 2 objective:|0.7312345237251958
2023-06-17 04:08:07,128|INFO|nn.computeOptunaObjective|Trial 3 params:|{'n_layers': 4, 'architecture': 'bottom', 'lr': 0.0001, 'n_epochs': 100}
2023-06-17 04:08:07,128|INFO|nn.computeOptunaObjective|Trial 3 balacc:|[0.5, 0.5089093701996927, 0.5, 0.5, 0.5, 0.5, 0.5, 0.5]
2023-06-17 04:08:07,128|INFO|nn.computeOptunaObjective|Trial 3 rocauc:|[0.5943517957010983, 0.5427035330261136, 0.5386363636363637, 0.6965047646138529, 0.5083408836539999, 0.5752578556008635, 0.510703363914373, 0.5689993347496727]
2023-06-17 04:08:07,128|INFO|nn.computeOptunaObjective|Trial 3 timings:|6.082620400000003
2023-06-17 04:08:07,128|INFO|nn.computeOptunaObjective|Trial 3 objective:|0.5011136712749615
2023-06-17 04:08:16,141|INFO|nn.computeOptunaObjective|Trial 4 params:|{'n_layers': 2, 'architecture': 'bottom', 'lr': 0.001, 'n_epochs': 150}
2023-06-17 04:08:16,141|INFO|nn.computeOptunaObjective|Trial 4 balacc:|[0.721669698807358, 0.6650537634408602, 0.7537878787878788, 0.6638813824491537, 0.713318765655812, 0.7280822739266011, 0.6449451340169096, 0.7161677289212215]
2023-06-17 04:08:16,141|INFO|nn.computeOptunaObjective|Trial 4 rocauc:|[0.8171012734990903, 0.7910906298003072, 0.7977272727272727, 0.8495768738444035, 0.8474924052656825, 0.887862796833773, 0.7308868501529052, 0.8593102856284469]
2023-06-17 04:08:16,141|INFO|nn.computeOptunaObjective|Trial 4 timings:|9.0157533
2023-06-17 04:08:16,141|INFO|nn.computeOptunaObjective|Trial 4 objective:|0.7008633282507244
2023-06-17 04:08:28,215|INFO|nn.computeOptunaObjective|Trial 5 params:|{'n_layers': 3, 'architecture': 'outer', 'lr': 0.0001, 'n_epochs': 200}
2023-06-17 04:08:28,215|INFO|nn.computeOptunaObjective|Trial 5 balacc:|[0.6715214608180042, 0.6695852534562212, 0.6606060606060606, 0.5478239226283601, 0.6897750892714385, 0.7053550011993284, 0.6394135635905739, 0.6864825425438315]
2023-06-17 04:08:28,215|INFO|nn.computeOptunaObjective|Trial 5 rocauc:|[0.7797537227949599, 0.801689708141321, 0.7803030303030304, 0.7829078367230835, 0.8198582316260726, 0.8579395538498441, 0.735653894585357, 0.838078070344857]
2023-06-17 04:08:28,215|INFO|nn.computeOptunaObjective|Trial 5 timings:|12.0788565
2023-06-17 04:08:28,215|INFO|nn.computeOptunaObjective|Trial 5 objective:|0.6588203617642273
2023-06-17 04:08:34,452|INFO|nn.computeOptunaObjective|Trial 6 params:|{'n_layers': 4, 'architecture': 'top', 'lr': 0.0001, 'n_epochs': 100}
2023-06-17 04:08:34,452|INFO|nn.computeOptunaObjective|Trial 6 balacc:|[0.5027525099386834, 0.5, 0.49166666666666664, 0.5, 0.5, 0.5, 0.5, 0.5]
2023-06-17 04:08:34,452|INFO|nn.computeOptunaObjective|Trial 6 rocauc:|[0.7515480762751836, 0.7605222734254993, 0.7545454545454546, 0.7406485563931162, 0.8076000639556574, 0.8519429119692972, 0.7173952149667207, 0.8099057919697847]
2023-06-17 04:08:34,452|INFO|nn.computeOptunaObjective|Trial 6 timings:|6.2205984
2023-06-17 04:08:34,452|INFO|nn.computeOptunaObjective|Trial 6 objective:|0.49930239707566876
2023-06-17 04:08:40,537|INFO|nn.computeOptunaObjective|Trial 7 params:|{'n_layers': 3, 'architecture': 'bottom', 'lr': 0.001, 'n_epochs': 100}
2023-06-17 04:08:40,537|INFO|nn.computeOptunaObjective|Trial 7 balacc:|[0.7109999326190957, 0.6551459293394777, 0.6833333333333333, 0.6941224576873845, 0.7016068858924479, 0.7428939793715519, 0.677415002698327, 0.7328955556986201]
2023-06-17 04:08:40,537|INFO|nn.computeOptunaObjective|Trial 7 rocauc:|[0.8161966848595109, 0.7542242703533026, 0.8303030303030303, 0.8344474470203386, 0.8315834354847307, 0.8776685056368434, 0.7601187263896383, 0.8627695873302001]
2023-06-17 04:08:40,537|INFO|nn.computeOptunaObjective|Trial 7 timings:|6.088932899999989
2023-06-17 04:08:40,537|INFO|nn.computeOptunaObjective|Trial 7 objective:|0.6998016345800298
2023-06-17 04:08:46,652|INFO|nn.computeOptunaObjective|Trial 8 params:|{'n_layers': 3, 'architecture': 'linear', 'lr': 0.0001, 'n_epochs': 100}
2023-06-17 04:08:46,652|INFO|nn.computeOptunaObjective|Trial 8 balacc:|[0.5, 0.5, 0.5, 0.5, 0.5, 0.5, 0.5, 0.5]
2023-06-17 04:08:46,652|INFO|nn.computeOptunaObjective|Trial 8 rocauc:|[0.7023667542618423, 0.7247311827956989, 0.7075757575757575, 0.7216434362110653, 0.7294142727708789, 0.8105061165747182, 0.6502068717395215, 0.7520118457477628]
2023-06-17 04:08:46,652|INFO|nn.computeOptunaObjective|Trial 8 timings:|6.116971800000002
2023-06-17 04:08:46,652|INFO|nn.computeOptunaObjective|Trial 8 objective:|0.5
2023-06-17 04:08:55,438|INFO|nn.computeOptunaObjective|Trial 9 params:|{'n_layers': 2, 'architecture': 'bottom', 'lr': 0.0001, 'n_epochs': 150}
2023-06-17 04:08:55,438|INFO|nn.computeOptunaObjective|Trial 9 balacc:|[0.514968667879523, 0.5258832565284178, 0.5371212121212121, 0.5, 0.5, 0.5113636363636364, 0.5147058823529411, 0.5518852335887036]
2023-06-17 04:08:55,438|INFO|nn.computeOptunaObjective|Trial 9 rocauc:|[0.6952429081598276, 0.7559139784946236, 0.6901515151515151, 0.7266747262124876, 0.654506209028407, 0.7621731830175101, 0.5975894945134017, 0.7336080173394279]
2023-06-17 04:08:55,438|INFO|nn.computeOptunaObjective|Trial 9 timings:|8.780162500000003
2023-06-17 04:08:55,438|INFO|nn.computeOptunaObjective|Trial 9 objective:|0.5194909861043042
2023-06-17 04:09:07,161|INFO|nn.computeOptunaObjective|Trial 10 params:|{'n_layers': 2, 'architecture': 'bottom', 'lr': 0.001, 'n_epochs': 200}
2023-06-17 04:09:07,161|INFO|nn.computeOptunaObjective|Trial 10 balacc:|[0.7227006266424095, 0.6712749615975422, 0.731060606060606, 0.6849843549992889, 0.7211666577839365, 0.7394459102902375, 0.631768303651736, 0.7172192536320522]
2023-06-17 04:09:07,161|INFO|nn.computeOptunaObjective|Trial 10 rocauc:|[0.8127383599487905, 0.7778801843317972, 0.7583333333333333, 0.8395498506613569, 0.8436550658210308, 0.8885823938594387, 0.7448282065119626, 0.8551685658490525]
2023-06-17 04:09:07,161|INFO|nn.computeOptunaObjective|Trial 10 timings:|11.725778899999995
2023-06-17 04:09:07,161|INFO|nn.computeOptunaObjective|Trial 10 objective:|0.702452584332226
2023-06-17 04:09:16,446|INFO|nn.computeOptunaObjective|Trial 11 params:|{'n_layers': 4, 'architecture': 'linear', 'lr': 0.001, 'n_epochs': 150}
2023-06-17 04:09:16,446|INFO|nn.computeOptunaObjective|Trial 11 balacc:|[0.7656997506906542, 0.7211981566820276, 0.7204545454545455, 0.687099985777272, 0.7399536321483771, 0.7783041496761813, 0.7037686634286742, 0.7442756282323655]
2023-06-17 04:09:16,446|INFO|nn.computeOptunaObjective|Trial 11 rocauc:|[0.8373172292972171, 0.7990783410138248, 0.812121212121212, 0.817789076944958, 0.8622821510419443, 0.8792276325257855, 0.7824248965641303, 0.880508165411275]
2023-06-17 04:09:16,446|INFO|nn.computeOptunaObjective|Trial 11 timings:|9.282583400000007
2023-06-17 04:09:16,446|INFO|nn.computeOptunaObjective|Trial 11 objective:|0.7325943140112621
2023-06-17 04:09:28,340|INFO|nn.computeOptunaObjective|Trial 12 params:|{'n_layers': 2, 'architecture': 'outer', 'lr': 0.001, 'n_epochs': 200}
2023-06-17 04:09:28,340|INFO|nn.computeOptunaObjective|Trial 12 balacc:|[0.7261437908496733, 0.6588325652841782, 0.634090909090909, 0.6920068269094013, 0.7110003730746682, 0.7608539218037899, 0.6216495772620975, 0.7299899139466512]
2023-06-17 04:09:28,340|INFO|nn.computeOptunaObjective|Trial 12 rocauc:|[0.8202648069537093, 0.7853302611367128, 0.7999999999999999, 0.8456478452567202, 0.8537280818632416, 0.8870232669704966, 0.75049469329016, 0.8613704156741561]
2023-06-17 04:09:28,340|INFO|nn.computeOptunaObjective|Trial 12 timings:|11.8874402
2023-06-17 04:09:28,340|INFO|nn.computeOptunaObjective|Trial 12 objective:|0.6918209847776711
2023-06-17 04:09:40,400|INFO|nn.computeOptunaObjective|Trial 13 params:|{'n_layers': 2, 'architecture': 'inner', 'lr': 0.001, 'n_epochs': 200}
2023-06-17 04:09:40,400|INFO|nn.computeOptunaObjective|Trial 13 balacc:|[0.7411899467690857, 0.6588325652841782, 0.7166666666666667, 0.7067806855354857, 0.7290145499120609, 0.7695790357399857, 0.6434160820291419, 0.723341702611644]
2023-06-17 04:09:40,400|INFO|nn.computeOptunaObjective|Trial 13 rocauc:|[0.823874738898996, 0.7897081413210445, 0.7780303030303031, 0.8484212772009672, 0.8510899109950433, 0.8849844087311106, 0.7723511422917791, 0.864048584733578]
2023-06-17 04:09:40,400|INFO|nn.computeOptunaObjective|Trial 13 timings:|12.058982600000007
2023-06-17 04:09:40,400|INFO|nn.computeOptunaObjective|Trial 13 objective:|0.711102654318531
2023-06-17 04:09:52,502|INFO|nn.computeOptunaObjective|Trial 14 params:|{'n_layers': 3, 'architecture': 'linear', 'lr': 0.0001, 'n_epochs': 200}
2023-06-17 04:09:52,502|INFO|nn.computeOptunaObjective|Trial 14 balacc:|[0.6628360622599556, 0.6132872503840245, 0.6772727272727272, 0.5063291139240507, 0.6953045888184193, 0.7241244902854402, 0.6556484979312827, 0.706766239618876]
2023-06-17 04:09:52,502|INFO|nn.computeOptunaObjective|Trial 14 rocauc:|[0.7790057947577657, 0.7964669738863287, 0.8098484848484848, 0.7819300241786376, 0.8224431061130948, 0.8617174382345886, 0.7387119985608922, 0.8406360651516127]
2023-06-17 04:09:52,502|INFO|nn.computeOptunaObjective|Trial 14 timings:|12.099431500000009
2023-06-17 04:09:52,502|INFO|nn.computeOptunaObjective|Trial 14 objective:|0.655196121311847
2023-06-17 04:10:01,654|INFO|nn.computeOptunaObjective|Trial 15 params:|{'n_layers': 3, 'architecture': 'outer', 'lr': 0.0001, 'n_epochs': 150}
2023-06-17 04:10:01,654|INFO|nn.computeOptunaObjective|Trial 15 balacc:|[0.6114817060844957, 0.6115975422427036, 0.6484848484848484, 0.5, 0.5423306507488141, 0.6450887502998321, 0.554236373448462, 0.6362368291165046]
2023-06-17 04:10:01,654|INFO|nn.computeOptunaObjective|Trial 15 rocauc:|[0.7482969476450374, 0.7881720430107526, 0.7734848484848486, 0.7521156307779832, 0.7904919255982519, 0.8466059006956105, 0.7015650296815974, 0.8110131118693534]
2023-06-17 04:10:01,654|INFO|nn.computeOptunaObjective|Trial 15 timings:|9.150056199999995
2023-06-17 04:10:01,654|INFO|nn.computeOptunaObjective|Trial 15 objective:|0.5936820875532075
2023-06-17 04:10:10,518|INFO|nn.computeOptunaObjective|Trial 16 params:|{'n_layers': 2, 'architecture': 'inner', 'lr': 0.0001, 'n_epochs': 150}
2023-06-17 04:10:10,518|INFO|nn.computeOptunaObjective|Trial 16 balacc:|[0.5741425779933966, 0.5374807987711213, 0.5969696969696969, 0.5, 0.5164685817832969, 0.5454545454545454, 0.5, 0.5838880662675164]
2023-06-17 04:10:10,518|INFO|nn.computeOptunaObjective|Trial 16 rocauc:|[0.7286520450104441, 0.7680491551459293, 0.7310606060606061, 0.7468709998577727, 0.7581943186057666, 0.819561045814344, 0.6604605144810217, 0.77602523659306]
2023-06-17 04:10:10,518|INFO|nn.computeOptunaObjective|Trial 16 timings:|8.854891699999996
2023-06-17 04:10:10,518|INFO|nn.computeOptunaObjective|Trial 16 objective:|0.5443005334049467
2023-06-17 04:10:19,469|INFO|nn.computeOptunaObjective|Trial 17 params:|{'n_layers': 2, 'architecture': 'linear', 'lr': 0.001, 'n_epochs': 150}
2023-06-17 04:10:19,469|INFO|nn.computeOptunaObjective|Trial 17 balacc:|[0.7405868876760326, 0.6731182795698925, 0.7166666666666667, 0.6983359408334519, 0.7102275755476204, 0.7608539218037899, 0.6464741860046771, 0.7247945234876285]
2023-06-17 04:10:19,469|INFO|nn.computeOptunaObjective|Trial 17 rocauc:|[0.8259837612020753, 0.7797235023041474, 0.8022727272727272, 0.8459856350448016, 0.8571656984490753, 0.8860638042696091, 0.767853930563051, 0.8674842807785575]
2023-06-17 04:10:19,469|INFO|nn.computeOptunaObjective|Trial 17 timings:|8.948271900000009
2023-06-17 04:10:19,469|INFO|nn.computeOptunaObjective|Trial 17 objective:|0.70888224769872
2023-06-17 04:10:31,777|INFO|nn.computeOptunaObjective|Trial 18 params:|{'n_layers': 4, 'architecture': 'linear', 'lr': 0.001, 'n_epochs': 200}
2023-06-17 04:10:31,777|INFO|nn.computeOptunaObjective|Trial 18 balacc:|[0.7406643757159221, 0.7105990783410138, 0.7431818181818182, 0.6793485990613, 0.6897750892714385, 0.8123950587670904, 0.7503597769382983, 0.7539539475096032]
2023-06-17 04:10:31,777|INFO|nn.computeOptunaObjective|Trial 18 rocauc:|[0.8362879859847719, 0.780184331797235, 0.806060606060606, 0.8448655952211634, 0.8412300804775356, 0.8657651715039578, 0.7787371829465731, 0.8680787141354964]
2023-06-17 04:10:31,777|INFO|nn.computeOptunaObjective|Trial 18 timings:|12.300648200000012
2023-06-17 04:10:31,777|INFO|nn.computeOptunaObjective|Trial 18 objective:|0.7350347179733105
2023-06-17 04:10:37,977|INFO|nn.computeOptunaObjective|Trial 19 params:|{'n_layers': 3, 'architecture': 'top', 'lr': 0.001, 'n_epochs': 100}
2023-06-17 04:10:37,977|INFO|nn.computeOptunaObjective|Trial 19 balacc:|[0.7686173438447543, 0.7060675883256529, 0.6795454545454546, 0.7088874271085195, 0.7227122528380323, 0.7857100023986567, 0.6743568987227919, 0.7631065044314256]
2023-06-17 04:10:37,977|INFO|nn.computeOptunaObjective|Trial 19 rocauc:|[0.8446112121824674, 0.796236559139785, 0.7734848484848484, 0.8381631346892334, 0.8575387731173053, 0.8674742144399137, 0.79483720093542, 0.8813644069615227]
2023-06-17 04:10:37,977|INFO|nn.computeOptunaObjective|Trial 19 timings:|6.198225000000008
2023-06-17 04:10:37,977|INFO|nn.computeOptunaObjective|Trial 19 objective:|0.726125434026911
2023-06-17 04:10:50,237|INFO|nn.computeOptunaObjective|Trial 20 params:|{'n_layers': 3, 'architecture': 'top', 'lr': 0.0001, 'n_epochs': 200}
2023-06-17 04:10:50,237|INFO|nn.computeOptunaObjective|Trial 20 balacc:|[0.7170979044538778, 0.6499231950844855, 0.675, 0.5956567344616698, 0.7282417523850131, 0.7442132405852722, 0.7114139233675121, 0.7385544754179274]
2023-06-17 04:10:50,237|INFO|nn.computeOptunaObjective|Trial 20 rocauc:|[0.825815308941446, 0.8079877112135176, 0.7901515151515152, 0.811086616413028, 0.844934178969248, 0.8700527704485489, 0.7653354919949631, 0.8653962531384793]
2023-06-17 04:10:50,237|INFO|nn.computeOptunaObjective|Trial 20 timings:|12.253995400000008
2023-06-17 04:10:50,237|INFO|nn.computeOptunaObjective|Trial 20 objective:|0.6950126532194698
2023-06-17 04:10:59,366|INFO|nn.computeOptunaObjective|Trial 21 params:|{'n_layers': 3, 'architecture': 'outer', 'lr': 0.001, 'n_epochs': 150}
2023-06-17 04:10:59,366|INFO|nn.computeOptunaObjective|Trial 21 balacc:|[0.7629472407519708, 0.7230414746543778, 0.668939393939394, 0.6927090741004125, 0.7173026701486969, 0.776984888462461, 0.6905918330635006, 0.7579733470675336]
2023-06-17 04:10:59,366|INFO|nn.computeOptunaObjective|Trial 21 rocauc:|[0.8379775621588843, 0.7867895545314899, 0.7083333333333334, 0.8474167970416726, 0.8514896338538613, 0.8614176061405613, 0.7795916531750314, 0.871098092233739]
2023-06-17 04:10:59,366|INFO|nn.computeOptunaObjective|Trial 21 timings:|9.126008200000001
2023-06-17 04:10:59,366|INFO|nn.computeOptunaObjective|Trial 21 objective:|0.7238112402735434
2023-06-17 04:11:05,535|INFO|nn.computeOptunaObjective|Trial 22 params:|{'n_layers': 4, 'architecture': 'inner', 'lr': 0.001, 'n_epochs': 100}
2023-06-17 04:11:05,535|INFO|nn.computeOptunaObjective|Trial 22 balacc:|[0.7561485075129708, 0.7168202764976959, 0.731060606060606, 0.6406894467358839, 0.7337712519319939, 0.7944351163348524, 0.708355819391977, 0.7644348591171485]
2023-06-17 04:11:05,535|INFO|nn.computeOptunaObjective|Trial 22 rocauc:|[0.8418384879725086, 0.8093701996927802, 0.7897727272727273, 0.7837256435784384, 0.8372861482705324, 0.8697529383545216, 0.7897103795646699, 0.868864138715423]
2023-06-17 04:11:05,535|INFO|nn.computeOptunaObjective|Trial 22 timings:|6.178246699999988
2023-06-17 04:11:05,535|INFO|nn.computeOptunaObjective|Trial 22 objective:|0.7307144854478911
2023-06-17 04:11:14,883|INFO|nn.computeOptunaObjective|Trial 23 params:|{'n_layers': 4, 'architecture': 'top', 'lr': 0.001, 'n_epochs': 150}
2023-06-17 04:11:14,883|INFO|nn.computeOptunaObjective|Trial 23 balacc:|[0.7552927700289738, 0.7247311827956989, 0.7143939393939394, 0.6899000853363675, 0.7234850503650802, 0.7643019908851043, 0.6951789890268034, 0.7464409107491576]
2023-06-17 04:11:14,883|INFO|nn.computeOptunaObjective|Trial 23 rocauc:|[0.8431406239471733, 0.7804915514592935, 0.7659090909090909, 0.8184824349310198, 0.8520492458562063, 0.8802170784360757, 0.7832343946753013, 0.8819373806304858]
2023-06-17 04:11:14,883|INFO|nn.computeOptunaObjective|Trial 23 timings:|9.331958299999997
2023-06-17 04:11:14,883|INFO|nn.computeOptunaObjective|Trial 23 objective:|0.7267156148226406
2023-06-17 04:11:26,835|INFO|nn.computeOptunaObjective|Trial 24 params:|{'n_layers': 2, 'architecture': 'inner', 'lr': 0.0001, 'n_epochs': 200}
2023-06-17 04:11:26,835|INFO|nn.computeOptunaObjective|Trial 24 balacc:|[0.625069065426858, 0.6205069124423963, 0.6424242424242425, 0.5056268667330394, 0.5815701113894367, 0.6638582393859439, 0.5821190861665767, 0.6346595420502585]
2023-06-17 04:11:26,835|INFO|nn.computeOptunaObjective|Trial 24 rocauc:|[0.7489842328684051, 0.789247311827957, 0.7590909090909091, 0.7839745413170247, 0.8034962426051271, 0.8523626769009355, 0.6936499370390359, 0.8069743985922445]
2023-06-17 04:11:26,835|INFO|nn.computeOptunaObjective|Trial 24 timings:|11.955353899999977
2023-06-17 04:11:26,835|INFO|nn.computeOptunaObjective|Trial 24 objective:|0.606979258252344
2023-06-17 04:11:38,604|INFO|nn.computeOptunaObjective|Trial 25 params:|{'n_layers': 3, 'architecture': 'bottom', 'lr': 0.0001, 'n_epochs': 200}
2023-06-17 04:11:38,604|INFO|nn.computeOptunaObjective|Trial 25 balacc:|[0.6196516407250185, 0.5927803379416283, 0.6318181818181818, 0.5, 0.5557080424239194, 0.5769069321180139, 0.5116477783774059, 0.6381531792527737]
2023-06-17 04:11:38,604|INFO|nn.computeOptunaObjective|Trial 25 rocauc:|[0.7336853985580486, 0.768663594470046, 0.7787878787878788, 0.7493421988337363, 0.7739433992431913, 0.8231590309426721, 0.6722432092102896, 0.7834760402583746]
2023-06-17 04:11:38,604|INFO|nn.computeOptunaObjective|Trial 25 timings:|11.764404899999988
2023-06-17 04:11:38,604|INFO|nn.computeOptunaObjective|Trial 25 objective:|0.5783332615821177
2023-06-17 04:11:47,626|INFO|nn.computeOptunaObjective|Trial 26 params:|{'n_layers': 2, 'architecture': 'outer', 'lr': 0.0001, 'n_epochs': 150}
2023-06-17 04:11:47,626|INFO|nn.computeOptunaObjective|Trial 26 balacc:|[0.5593491004649283, 0.5401689708141321, 0.5742424242424242, 0.5, 0.5164685817832969, 0.5, 0.5131768303651736, 0.6012038884954612]
2023-06-17 04:11:47,626|INFO|nn.computeOptunaObjective|Trial 26 rocauc:|[0.7220520854389866, 0.7774193548387096, 0.7098484848484848, 0.7461420850519129, 0.7474550977988595, 0.8076277284720557, 0.6545241949991006, 0.7770252580527478]
2023-06-17 04:11:47,626|INFO|nn.computeOptunaObjective|Trial 26 timings:|9.017713399999991
2023-06-17 04:11:47,626|INFO|nn.computeOptunaObjective|Trial 26 objective:|0.5380762245206769
2023-06-17 04:11:53,688|INFO|nn.computeOptunaObjective|Trial 27 params:|{'n_layers': 3, 'architecture': 'inner', 'lr': 0.0001, 'n_epochs': 100}
2023-06-17 04:11:53,688|INFO|nn.computeOptunaObjective|Trial 27 balacc:|[0.5, 0.5, 0.5, 0.5, 0.5, 0.5, 0.5, 0.5]
2023-06-17 04:11:53,688|INFO|nn.computeOptunaObjective|Trial 27 rocauc:|[0.7020837544639849, 0.7282642089093702, 0.6954545454545454, 0.7216256578011663, 0.7268293982838565, 0.8120052770448548, 0.6468789350602626, 0.7506856370308375]
2023-06-17 04:11:53,688|INFO|nn.computeOptunaObjective|Trial 27 timings:|6.054704700000002
2023-06-17 04:11:53,688|INFO|nn.computeOptunaObjective|Trial 27 objective:|0.5
2023-06-17 04:12:02,997|INFO|nn.computeOptunaObjective|Trial 28 params:|{'n_layers': 3, 'architecture': 'top', 'lr': 0.001, 'n_epochs': 150}
2023-06-17 04:12:02,997|INFO|nn.computeOptunaObjective|Trial 28 balacc:|[0.7628596455764436, 0.7025345622119815, 0.7, 0.699038188024463, 0.7290145499120609, 0.8023506836171743, 0.720003597769383, 0.7509238395673727]
2023-06-17 04:12:02,997|INFO|nn.computeOptunaObjective|Trial 28 rocauc:|[0.8404066437571591, 0.7883256528417818, 0.7799242424242424, 0.8450611577300526, 0.8633480786654586, 0.8720916286879347, 0.7920489296636085, 0.8768986458936887]
2023-06-17 04:12:02,997|INFO|nn.computeOptunaObjective|Trial 28 timings:|9.315028100000006
2023-06-17 04:12:02,997|INFO|nn.computeOptunaObjective|Trial 28 objective:|0.7333406333348599
2023-06-17 04:12:09,191|INFO|nn.computeOptunaObjective|Trial 29 params:|{'n_layers': 4, 'architecture': 'outer', 'lr': 0.001, 'n_epochs': 100}
2023-06-17 04:12:09,191|INFO|nn.computeOptunaObjective|Trial 29 balacc:|[0.755633043595445, 0.6953149001536099, 0.7454545454545455, 0.689908974541317, 0.7227122528380323, 0.7896677860398177, 0.708355819391977, 0.767125903989356]
2023-06-17 04:12:09,191|INFO|nn.computeOptunaObjective|Trial 29 rocauc:|[0.838344788087056, 0.8030721966205837, 0.753030303030303, 0.8055930877542312, 0.8445078079198421, 0.8776085392180379, 0.7898003237992445, 0.8762205197536428]
2023-06-17 04:12:09,191|INFO|nn.computeOptunaObjective|Trial 29 timings:|6.1797732
2023-06-17 04:12:09,191|INFO|nn.computeOptunaObjective|Trial 29 objective:|0.7342716532505125
2023-06-17 04:12:21,384|INFO|nn.computeOptunaObjective|Trial 30 params:|{'n_layers': 4, 'architecture': 'linear', 'lr': 0.0001, 'n_epochs': 200}
2023-06-17 04:12:21,384|INFO|nn.computeOptunaObjective|Trial 30 balacc:|[0.7134020618556701, 0.6596774193548387, 0.7454545454545455, 0.6090260987057318, 0.7086819804935245, 0.7616634684576638, 0.689062781075733, 0.7246078242022361]
2023-06-17 04:12:21,384|INFO|nn.computeOptunaObjective|Trial 30 rocauc:|[0.8076898456977292, 0.7821812596006145, 0.7856060606060605, 0.7761342625515574, 0.827559558705964, 0.8575197889182058, 0.7499550278827126, 0.8508980879418013]
2023-06-17 04:12:21,384|INFO|nn.computeOptunaObjective|Trial 30 timings:|12.192742199999998
2023-06-17 04:12:21,384|INFO|nn.computeOptunaObjective|Trial 30 objective:|0.7014470224499929
2023-06-17 04:12:27,578|INFO|nn.computeOptunaObjective|Trial 31 params:|{'n_layers': 3, 'architecture': 'top', 'lr': 0.0001, 'n_epochs': 100}
2023-06-17 04:12:27,578|INFO|nn.computeOptunaObjective|Trial 31 balacc:|[0.527612694562361, 0.5142857142857142, 0.5742424242424242, 0.5, 0.5, 0.5, 0.5147058823529411, 0.5544518122706495]
2023-06-17 04:12:27,578|INFO|nn.computeOptunaObjective|Trial 31 rocauc:|[0.7335641129303955, 0.7619047619047619, 0.7598484848484849, 0.7360083914094724, 0.7851622874806801, 0.8440873111057807, 0.6940097139773341, 0.8010472327732354]
2023-06-17 04:12:27,578|INFO|nn.computeOptunaObjective|Trial 31 timings:|6.194373100000007
2023-06-17 04:12:27,578|INFO|nn.computeOptunaObjective|Trial 31 objective:|0.5231623159642613
2023-06-17 04:12:39,829|INFO|nn.computeOptunaObjective|Trial 32 params:|{'n_layers': 4, 'architecture': 'inner', 'lr': 0.001, 'n_epochs': 200}
2023-06-17 04:12:39,829|INFO|nn.computeOptunaObjective|Trial 32 balacc:|[0.7677717134963952, 0.6907834101382488, 0.7348484848484849, 0.6990470772294126, 0.6890022917443905, 0.7883485248260974, 0.6860046771001979, 0.7331444880791433]
2023-06-17 04:12:39,829|INFO|nn.computeOptunaObjective|Trial 32 rocauc:|[0.8275907957684792, 0.7631336405529955, 0.765530303030303, 0.8158067842412174, 0.8482652027927304, 0.8704725353801871, 0.7901601007375427, 0.8747548230648726]
2023-06-17 04:12:39,829|INFO|nn.computeOptunaObjective|Trial 32 timings:|12.237455900000043
2023-06-17 04:12:39,829|INFO|nn.computeOptunaObjective|Trial 32 objective:|0.7236188334327963
2023-06-17 04:12:48,786|INFO|nn.computeOptunaObjective|Trial 33 params:|{'n_layers': 3, 'architecture': 'bottom', 'lr': 0.001, 'n_epochs': 150}
2023-06-17 04:12:48,786|INFO|nn.computeOptunaObjective|Trial 33 balacc:|[0.7608853850818678, 0.686405529953917, 0.7227272727272727, 0.7032694495804295, 0.7228321696956777, 0.7695790357399857, 0.689062781075733, 0.7491598532157342]
2023-06-17 04:12:48,786|INFO|nn.computeOptunaObjective|Trial 33 rocauc:|[0.8379691395458528, 0.7836405529953917, 0.8151515151515152, 0.844438913383587, 0.8414965623834141, 0.8767090429359559, 0.7801762906997662, 0.8644970922122792]
2023-06-17 04:12:48,786|INFO|nn.computeOptunaObjective|Trial 33 timings:|8.963776300000006
2023-06-17 04:12:48,786|INFO|nn.computeOptunaObjective|Trial 33 objective:|0.7254901846338272
2023-06-17 04:13:00,803|INFO|nn.computeOptunaObjective|Trial 34 params:|{'n_layers': 3, 'architecture': 'inner', 'lr': 0.001, 'n_epochs': 200}
2023-06-17 04:13:00,803|INFO|nn.computeOptunaObjective|Trial 34 balacc:|[0.7584731487096557, 0.6917818740399385, 0.6462121212121212, 0.6983448300384013, 0.7502398337152907, 0.8137143199808108, 0.6829465731246627, 0.7504603103070882]
2023-06-17 04:13:00,803|INFO|nn.computeOptunaObjective|Trial 34 rocauc:|[0.8404891853648675, 0.7864823348694316, 0.7450757575757575, 0.8430788650263119, 0.8505569471832862, 0.8595586471575918, 0.7861126101816873, 0.8728620785853773]
2023-06-17 04:13:00,803|INFO|nn.computeOptunaObjective|Trial 34 timings:|12.009451799999965
2023-06-17 04:13:00,803|INFO|nn.computeOptunaObjective|Trial 34 objective:|0.7240216263909962
2023-06-17 04:13:13,374|INFO|nn.computeOptunaObjective|Trial 35 params:|{'n_layers': 4, 'architecture': 'top', 'lr': 0.001, 'n_epochs': 200}
2023-06-17 04:13:13,374|INFO|nn.computeOptunaObjective|Trial 35 balacc:|[0.7578801967522404, 0.7052227342549923, 0.5598484848484848, 0.7011538188024463, 0.7148643607099078, 0.787029263612377, 0.6510613419679798, 0.7619927466254641]
2023-06-17 04:13:13,374|INFO|nn.computeOptunaObjective|Trial 35 rocauc:|[0.8379303955259081, 0.7850998463901689, 0.7314393939393938, 0.8316740150760915, 0.8389116878963918, 0.8675941472775246, 0.7952419499910057, 0.8764780360093563]
2023-06-17 04:13:13,374|INFO|nn.computeOptunaObjective|Trial 35 timings:|12.570449300000007
2023-06-17 04:13:13,374|INFO|nn.computeOptunaObjective|Trial 35 objective:|0.7048816184467366
2023-06-17 04:13:22,307|INFO|nn.computeOptunaObjective|Trial 36 params:|{'n_layers': 3, 'architecture': 'bottom', 'lr': 0.0001, 'n_epochs': 150}
2023-06-17 04:13:22,307|INFO|nn.computeOptunaObjective|Trial 36 balacc:|[0.5088605889091031, 0.5, 0.5143939393939394, 0.5, 0.5, 0.5, 0.5, 0.5208716925255907]
2023-06-17 04:13:22,307|INFO|nn.computeOptunaObjective|Trial 36 rocauc:|[0.6872936459807291, 0.7050691244239631, 0.6537878787878789, 0.7172699473759067, 0.6942386611949048, 0.7835212281122571, 0.6236733225400252, 0.7325350329406211]
2023-06-17 04:13:22,307|INFO|nn.computeOptunaObjective|Trial 36 timings:|8.925615800000003
2023-06-17 04:13:22,307|INFO|nn.computeOptunaObjective|Trial 36 objective:|0.5055157776035792
2023-06-17 04:13:31,256|INFO|nn.computeOptunaObjective|Trial 37 params:|{'n_layers': 3, 'architecture': 'linear', 'lr': 0.0001, 'n_epochs': 150}
2023-06-17 04:13:31,256|INFO|nn.computeOptunaObjective|Trial 37 balacc:|[0.5874772589448151, 0.5749615975422427, 0.6651515151515152, 0.5, 0.5407850556947184, 0.5882705684816503, 0.554236373448462, 0.625569218223567]
2023-06-17 04:13:31,256|INFO|nn.computeOptunaObjective|Trial 37 rocauc:|[0.754846371538306, 0.7804915514592934, 0.7606060606060607, 0.752951216043237, 0.8010179608804563, 0.8464260014391941, 0.706601906817773, 0.809777033841928]
2023-06-17 04:13:31,256|INFO|nn.computeOptunaObjective|Trial 37 timings:|8.945825500000012
2023-06-17 04:13:31,256|INFO|nn.computeOptunaObjective|Trial 37 objective:|0.5795564484358713
2023-06-17 04:13:43,089|INFO|nn.computeOptunaObjective|Trial 38 params:|{'n_layers': 4, 'architecture': 'bottom', 'lr': 0.001, 'n_epochs': 200}
2023-06-17 04:13:43,089|INFO|nn.computeOptunaObjective|Trial 38 balacc:|[0.7694831884643891, 0.690937019969278, 0.6977272727272728, 0.6695260275920921, 0.7345440494590417, 0.7830714799712162, 0.7478863104874978, 0.7506749071868495]
2023-06-17 04:13:43,089|INFO|nn.computeOptunaObjective|Trial 38 rocauc:|[0.8302169665116906, 0.794546850998464, 0.7821969696969697, 0.8269627364528517, 0.8452406331610084, 0.8461861357639722, 0.8094531390537867, 0.8627052082662717]
2023-06-17 04:13:43,089|INFO|nn.computeOptunaObjective|Trial 38 timings:|11.826110900000003
2023-06-17 04:13:43,089|INFO|nn.computeOptunaObjective|Trial 38 objective:|0.7304812819822046
2023-06-17 04:13:52,472|INFO|nn.computeOptunaObjective|Trial 39 params:|{'n_layers': 4, 'architecture': 'top', 'lr': 0.0001, 'n_epochs': 150}
2023-06-17 04:13:52,472|INFO|nn.computeOptunaObjective|Trial 39 balacc:|[0.7184792129910383, 0.6391705069124424, 0.7454545454545455, 0.5851141373915517, 0.7149842775675531, 0.752938354521468, 0.6804731066738622, 0.7291529861155819]
2023-06-17 04:13:52,472|INFO|nn.computeOptunaObjective|Trial 39 rocauc:|[0.8159271612425039, 0.7870967741935485, 0.8053030303030303, 0.7907658938984496, 0.8274796141342002, 0.8603382106020628, 0.753193020327397, 0.8534174553101997]
2023-06-17 04:13:52,472|INFO|nn.computeOptunaObjective|Trial 39 timings:|9.387207900000021
2023-06-17 04:13:52,472|INFO|nn.computeOptunaObjective|Trial 39 objective:|0.6957208909535053
2023-06-17 04:14:04,732|INFO|nn.computeOptunaObjective|Trial 40 params:|{'n_layers': 3, 'architecture': 'linear', 'lr': 0.001, 'n_epochs': 200}
2023-06-17 04:14:04,732|INFO|nn.computeOptunaObjective|Trial 40 balacc:|[0.772663567145071, 0.6980030721966206, 0.6977272727272728, 0.6906023325273787, 0.7282417523850131, 0.7909870472535381, 0.6743568987227919, 0.7529024227987724]
2023-06-17 04:14:04,732|INFO|nn.computeOptunaObjective|Trial 40 rocauc:|[0.8386210497944881, 0.782642089093702, 0.7693181818181819, 0.8443322429241927, 0.856832596066727, 0.8674742144399136, 0.7824698686814174, 0.8715959569947852]
2023-06-17 04:14:04,732|INFO|nn.computeOptunaObjective|Trial 40 timings:|12.243710399999998
2023-06-17 04:14:04,732|INFO|nn.computeOptunaObjective|Trial 40 objective:|0.7256855457195572
2023-06-17 04:14:16,912|INFO|nn.computeOptunaObjective|Trial 41 params:|{'n_layers': 4, 'architecture': 'outer', 'lr': 0.001, 'n_epochs': 200}
2023-06-17 04:14:16,912|INFO|nn.computeOptunaObjective|Trial 41 balacc:|[0.7649215012465467, 0.6917818740399385, 0.6583333333333333, 0.7067806855354857, 0.6560651281777967, 0.7830714799712162, 0.7387119985608923, 0.7426983411661194]
2023-06-17 04:14:16,912|INFO|nn.computeOptunaObjective|Trial 41 rocauc:|[0.8440384744963276, 0.7863287250384025, 0.7541666666666667, 0.8403321006969138, 0.8349544315940948, 0.8625269848884624, 0.7812106493973737, 0.8694006309148266]
2023-06-17 04:14:16,912|INFO|nn.computeOptunaObjective|Trial 41 timings:|12.174404900000013
2023-06-17 04:14:16,912|INFO|nn.computeOptunaObjective|Trial 41 objective:|0.7177955427539161
2023-06-17 04:14:25,979|INFO|nn.computeOptunaObjective|Trial 42 params:|{'n_layers': 2, 'architecture': 'linear', 'lr': 0.0001, 'n_epochs': 150}
2023-06-17 04:14:25,979|INFO|nn.computeOptunaObjective|Trial 42 balacc:|[0.5731116501583451, 0.5517665130568357, 0.6113636363636363, 0.5, 0.5243164739114214, 0.5795454545454546, 0.5131768303651736, 0.6093671538015837]
2023-06-17 04:14:25,979|INFO|nn.computeOptunaObjective|Trial 42 rocauc:|[0.7255323091435888, 0.7663594470046083, 0.7348484848484849, 0.7500533352296971, 0.7549965357352237, 0.815483329335572, 0.6568627450980392, 0.7796304641730509]
2023-06-17 04:14:25,979|INFO|nn.computeOptunaObjective|Trial 42 timings:|9.072505700000022
2023-06-17 04:14:25,979|INFO|nn.computeOptunaObjective|Trial 42 objective:|0.5578309640253063
2023-06-17 04:14:35,046|INFO|nn.computeOptunaObjective|Trial 43 params:|{'n_layers': 4, 'architecture': 'linear', 'lr': 0.0001, 'n_epochs': 150}
2023-06-17 04:14:35,046|INFO|nn.computeOptunaObjective|Trial 43 balacc:|[0.6034768546593895, 0.572273425499232, 0.6545454545454545, 0.5, 0.5, 0.5, 0.6115308508724591, 0.6311659048477435]
2023-06-17 04:14:35,046|INFO|nn.computeOptunaObjective|Trial 43 rocauc:|[0.7700272892662221, 0.7606758832565285, 0.781060606060606, 0.7555468638884939, 0.8166870969461173, 0.8542216358839051, 0.7337650656592912, 0.8234683147707031]
2023-06-17 04:14:35,046|INFO|nn.computeOptunaObjective|Trial 43 timings:|9.054812599999991
2023-06-17 04:14:35,046|INFO|nn.computeOptunaObjective|Trial 43 objective:|0.5716240613030348
2023-06-17 04:14:47,331|INFO|nn.computeOptunaObjective|Trial 44 params:|{'n_layers': 4, 'architecture': 'outer', 'lr': 0.0001, 'n_epochs': 200}
2023-06-17 04:14:47,331|INFO|nn.computeOptunaObjective|Trial 44 balacc:|[0.6962064550906273, 0.6480798771121352, 0.7515151515151515, 0.5, 0.7251505622768214, 0.7415747181578316, 0.6627091203453859, 0.7281014614047512]
2023-06-17 04:14:47,331|INFO|nn.computeOptunaObjective|Trial 44 rocauc:|[0.796474294185028, 0.7864823348694316, 0.806060606060606, 0.7819833594083345, 0.8236955710707243, 0.8599184456704246, 0.7438388199316424, 0.8479495268138801]
2023-06-17 04:14:47,331|INFO|nn.computeOptunaObjective|Trial 44 timings:|12.280296399999997
2023-06-17 04:14:47,331|INFO|nn.computeOptunaObjective|Trial 44 objective:|0.681667168237838
2023-06-17 04:14:53,328|INFO|nn.computeOptunaObjective|Trial 45 params:|{'n_layers': 4, 'architecture': 'bottom', 'lr': 0.001, 'n_epochs': 100}
2023-06-17 04:14:53,328|INFO|nn.computeOptunaObjective|Trial 45 balacc:|[0.7032578667205713, 0.6257296466973886, 0.7204545454545455, 0.6026969847816811, 0.7440574534989074, 0.7323398896617894, 0.7123583378305451, 0.7586514732075795]
2023-06-17 04:14:53,328|INFO|nn.computeOptunaObjective|Trial 45 rocauc:|[0.802336432854929, 0.7755760368663595, 0.8075757575757576, 0.804437491110795, 0.8196450461013698, 0.8380906692252339, 0.760388559093362, 0.8541470847013886]
2023-06-17 04:14:53,328|INFO|nn.computeOptunaObjective|Trial 45 timings:|6.002960900000005
2023-06-17 04:14:53,328|INFO|nn.computeOptunaObjective|Trial 45 objective:|0.699943274731626
2023-06-17 04:15:05,551|INFO|nn.computeOptunaObjective|Trial 46 params:|{'n_layers': 3, 'architecture': 'inner', 'lr': 0.0001, 'n_epochs': 200}
2023-06-17 04:15:05,551|INFO|nn.computeOptunaObjective|Trial 46 balacc:|[0.6710059969004785, 0.644546850998464, 0.6545454545454545, 0.5590776560944389, 0.6945317912913713, 0.7354881266490765, 0.6688253282964562, 0.7058391810983068]
2023-06-17 04:15:05,551|INFO|nn.computeOptunaObjective|Trial 46 rocauc:|[0.7920608449565392, 0.8055299539170507, 0.806060606060606, 0.7825344901152042, 0.8228428289719127, 0.8660949868073878, 0.7422198237093003, 0.8473615313633339]
2023-06-17 04:15:05,551|INFO|nn.computeOptunaObjective|Trial 46 timings:|12.204814499999998
2023-06-17 04:15:05,551|INFO|nn.computeOptunaObjective|Trial 46 objective:|0.6667325482342559
2023-06-17 04:15:14,924|INFO|nn.computeOptunaObjective|Trial 47 params:|{'n_layers': 2, 'architecture': 'top', 'lr': 0.001, 'n_epochs': 150}
2023-06-17 04:15:14,924|INFO|nn.computeOptunaObjective|Trial 47 balacc:|[0.7364631763358265, 0.6561443932411675, 0.7083333333333333, 0.6962291992604182, 0.7384080370942814, 0.7595346605900695, 0.6642381723331534, 0.7218266486405288]
2023-06-17 04:15:14,924|INFO|nn.computeOptunaObjective|Trial 47 rocauc:|[0.8254329223098174, 0.7837173579109064, 0.7651515151515151, 0.8468034419001564, 0.860603315034909, 0.8831554329575438, 0.7633567188343228, 0.8672353483980343]
2023-06-17 04:15:14,924|INFO|nn.computeOptunaObjective|Trial 47 timings:|9.370253100000014
2023-06-17 04:15:14,924|INFO|nn.computeOptunaObjective|Trial 47 objective:|0.7101472026035973
2023-06-17 04:15:20,860|INFO|nn.computeOptunaObjective|Trial 48 params:|{'n_layers': 2, 'architecture': 'inner', 'lr': 0.001, 'n_epochs': 100}
2023-06-17 04:15:20,860|INFO|nn.computeOptunaObjective|Trial 48 balacc:|[0.7312108348494037, 0.6588325652841782, 0.7166666666666667, 0.7039628075664912, 0.7321057400202526, 0.7354881266490765, 0.6804731066738622, 0.723341702611644]
2023-06-17 04:15:20,860|INFO|nn.computeOptunaObjective|Trial 48 rocauc:|[0.8243009231183882, 0.7797235023041474, 0.7742424242424242, 0.8537370217607737, 0.8590044235996375, 0.8888222595346605, 0.7633567188343227, 0.867692439751926]
2023-06-17 04:15:20,860|INFO|nn.computeOptunaObjective|Trial 48 timings:|5.940442099999984
2023-06-17 04:15:20,860|INFO|nn.computeOptunaObjective|Trial 48 objective:|0.7102601937901969
2023-06-17 04:15:32,981|INFO|nn.computeOptunaObjective|Trial 49 params:|{'n_layers': 2, 'architecture': 'outer', 'lr': 0.0001, 'n_epochs': 200}
2023-06-17 04:15:32,981|INFO|nn.computeOptunaObjective|Trial 49 balacc:|[0.6211104373020686, 0.6267281105990783, 0.6878787878787879, 0.51195598065709, 0.5643287320790918, 0.6324058527224754, 0.5805900341788092, 0.626558509839267]
2023-06-17 04:15:32,981|INFO|nn.computeOptunaObjective|Trial 49 rocauc:|[0.7450525571053164, 0.7864823348694316, 0.7446969696969697, 0.7822678139667189, 0.8005116452592869, 0.8504437514991604, 0.6821370750134917, 0.803115946694135]
2023-06-17 04:15:32,981|INFO|nn.computeOptunaObjective|Trial 49 timings:|12.115520500000002
2023-06-17 04:15:32,981|INFO|nn.computeOptunaObjective|Trial 49 objective:|0.6064445556570836
2023-06-17 04:15:39,213|INFO|nn.computeOptunaObjective|Trial 50 params:|{'n_layers': 2, 'architecture': 'top', 'lr': 0.001, 'n_epochs': 100}
2023-06-17 04:15:39,213|INFO|nn.computeOptunaObjective|Trial 50 balacc:|[0.7422208746041372, 0.644546850998464, 0.725, 0.6969314464514293, 0.7140915631828599, 0.7582153993763492, 0.6820021586616298, 0.7351230713105432]
2023-06-17 04:15:39,213|INFO|nn.computeOptunaObjective|Trial 50 rocauc:|[0.8306936864092717, 0.7929339477726575, 0.7674242424242423, 0.8566704593941118, 0.8580717369290625, 0.8903813864236028, 0.7617377226119806, 0.8713277108950837]
2023-06-17 04:15:39,213|INFO|nn.computeOptunaObjective|Trial 50 timings:|6.227980000000002
2023-06-17 04:15:39,213|INFO|nn.computeOptunaObjective|Trial 50 objective:|0.7122664205731766
2023-06-17 04:15:51,427|INFO|nn.computeOptunaObjective|Trial 51 params:|{'n_layers': 3, 'architecture': 'top', 'lr': 0.001, 'n_epochs': 200}
2023-06-17 04:15:51,427|INFO|nn.computeOptunaObjective|Trial 51 balacc:|[0.7682770702782831, 0.7006912442396314, 0.7, 0.7053673019485137, 0.7525582262964344, 0.776984888462461, 0.6728278467350243, 0.7509238395673727]
2023-06-17 04:15:51,427|INFO|nn.computeOptunaObjective|Trial 51 rocauc:|[0.8388080318037868, 0.7890168970814133, 0.7996212121212122, 0.8401543165979235, 0.8576586899749508, 0.864835692012473, 0.7875966900521677, 0.8740380694864697]
2023-06-17 04:15:51,427|INFO|nn.computeOptunaObjective|Trial 51 timings:|12.209572400000013
2023-06-17 04:15:51,427|INFO|nn.computeOptunaObjective|Trial 51 objective:|0.7284538021909651
2023-06-17 04:15:57,495|INFO|nn.computeOptunaObjective|Trial 52 params:|{'n_layers': 2, 'architecture': 'bottom', 'lr': 0.001, 'n_epochs': 100}
2023-06-17 04:15:57,495|INFO|nn.computeOptunaObjective|Trial 52 balacc:|[0.6982784178963681, 0.6472350230414747, 0.7333333333333334, 0.6877844545583843, 0.7054708735276874, 0.7228052290717198, 0.6332973556395035, 0.6881220627052083]
2023-06-17 04:15:57,495|INFO|nn.computeOptunaObjective|Trial 52 rocauc:|[0.8037008961660265, 0.7869431643625192, 0.7772727272727273, 0.8543059308775423, 0.8408836539998934, 0.8809066922523386, 0.7262996941896024, 0.8474430781776433]
2023-06-17 04:15:57,495|INFO|nn.computeOptunaObjective|Trial 52 timings:|6.049816000000078
2023-06-17 04:15:57,495|INFO|nn.computeOptunaObjective|Trial 52 objective:|0.68954084372171
2023-06-17 04:16:06,437|INFO|nn.computeOptunaObjective|Trial 53 params:|{'n_layers': 2, 'architecture': 'outer', 'lr': 0.001, 'n_epochs': 150}
2023-06-17 04:16:06,437|INFO|nn.computeOptunaObjective|Trial 53 balacc:|[0.7298396334478809, 0.6534562211981567, 0.7166666666666667, 0.7018560659934575, 0.7188482652027928, 0.7468517630127129, 0.6495322899802123, 0.723341702611644]
2023-06-17 04:16:06,437|INFO|nn.computeOptunaObjective|Trial 53 rocauc:|[0.8225507041304494, 0.7861751152073734, 0.7924242424242425, 0.8479945953633906, 0.8525022650961999, 0.8844447109618614, 0.7604785033279367, 0.8625313847936651]
2023-06-17 04:16:06,437|INFO|nn.computeOptunaObjective|Trial 53 timings:|8.945755799999915
2023-06-17 04:16:06,437|INFO|nn.computeOptunaObjective|Trial 53 objective:|0.7050490760141905
2023-06-17 04:16:12,421|INFO|nn.computeOptunaObjective|Trial 54 params:|{'n_layers': 3, 'architecture': 'inner', 'lr': 0.001, 'n_epochs': 100}
2023-06-17 04:16:12,421|INFO|nn.computeOptunaObjective|Trial 54 balacc:|[0.7610504682972845, 0.7060675883256529, 0.6712121212121213, 0.6976336936424407, 0.74471033416831, 0.7730271048213001, 0.6991815074653714, 0.7599519302989335]
2023-06-17 04:16:12,421|INFO|nn.computeOptunaObjective|Trial 54 rocauc:|[0.8396536621521461, 0.793394777265745, 0.7393939393939394, 0.835923055041957, 0.8467196077386345, 0.8651355241065003, 0.7896204353300953, 0.8740874267688148]
2023-06-17 04:16:12,421|INFO|nn.computeOptunaObjective|Trial 54 timings:|5.97760930000004
2023-06-17 04:16:12,421|INFO|nn.computeOptunaObjective|Trial 54 objective:|0.7266043435289268
2023-06-17 04:16:21,417|INFO|nn.computeOptunaObjective|Trial 55 params:|{'n_layers': 3, 'architecture': 'inner', 'lr': 0.001, 'n_epochs': 150}
2023-06-17 04:16:21,417|INFO|nn.computeOptunaObjective|Trial 55 balacc:|[0.7679367967118118, 0.7033794162826421, 0.731060606060606, 0.6948247048783956, 0.7454831316953578, 0.7682597745262654, 0.677415002698327, 0.7426983411661194]
2023-06-17 04:16:21,417|INFO|nn.computeOptunaObjective|Trial 55 rocauc:|[0.8367192237719832, 0.7877112135176652, 0.7840909090909091, 0.8446789219172237, 0.8617358631348931, 0.8783881026625089, 0.7843137254901961, 0.8740144638296958]
2023-06-17 04:16:21,417|INFO|nn.computeOptunaObjective|Trial 55 timings:|8.992288499999972
2023-06-17 04:16:21,417|INFO|nn.computeOptunaObjective|Trial 55 objective:|0.7288822217524407
2023-06-17 04:16:30,343|INFO|nn.computeOptunaObjective|Trial 56 params:|{'n_layers': 4, 'architecture': 'bottom', 'lr': 0.0001, 'n_epochs': 150}
2023-06-17 04:16:30,343|INFO|nn.computeOptunaObjective|Trial 56 balacc:|[0.5, 0.5, 0.5, 0.5, 0.5, 0.5, 0.5, 0.5152750059014142]
2023-06-17 04:16:30,343|INFO|nn.computeOptunaObjective|Trial 56 rocauc:|[0.6779580216966511, 0.590937019969278, 0.6053030303030303, 0.7208611861755085, 0.6397964078239087, 0.7520988246581914, 0.5972297175751035, 0.7067361960557094]
2023-06-17 04:16:30,343|INFO|nn.computeOptunaObjective|Trial 56 timings:|8.916747399999963
2023-06-17 04:16:30,343|INFO|nn.computeOptunaObjective|Trial 56 objective:|0.5019093757376768
2023-06-17 04:16:36,413|INFO|nn.computeOptunaObjective|Trial 57 params:|{'n_layers': 2, 'architecture': 'linear', 'lr': 0.001, 'n_epochs': 100}
2023-06-17 04:16:36,413|INFO|nn.computeOptunaObjective|Trial 57 balacc:|[0.7205511757967792, 0.6534562211981567, 0.7477272727272727, 0.6793485990613, 0.7305601449661568, 0.7394459102902375, 0.6495322899802123, 0.7243309942273439]
2023-06-17 04:16:36,413|INFO|nn.computeOptunaObjective|Trial 57 rocauc:|[0.8258489993935718, 0.7880184331797235, 0.7606060606060606, 0.8509102545868298, 0.8522624313809094, 0.8893619573039098, 0.7609282245008094, 0.8666580827914762]
2023-06-17 04:16:36,413|INFO|nn.computeOptunaObjective|Trial 57 timings:|6.059895500000039
2023-06-17 04:16:36,413|INFO|nn.computeOptunaObjective|Trial 57 objective:|0.7056190760309324
2023-06-17 04:16:48,769|INFO|nn.computeOptunaObjective|Trial 58 params:|{'n_layers': 2, 'architecture': 'top', 'lr': 0.0001, 'n_epochs': 200}
2023-06-17 04:16:48,769|INFO|nn.computeOptunaObjective|Trial 58 balacc:|[0.6341048446870157, 0.6321044546850998, 0.693939393939394, 0.52391196131418, 0.6129616799019346, 0.693991364835692, 0.6084727468969239, 0.6662610785639177]
2023-06-17 04:16:48,769|INFO|nn.computeOptunaObjective|Trial 58 rocauc:|[0.7712131931810525, 0.8013824884792626, 0.7833333333333334, 0.8047397240790783, 0.818818952193146, 0.8592588150635644, 0.720992984349703, 0.8285199253202858]
2023-06-17 04:16:48,769|INFO|nn.computeOptunaObjective|Trial 58 timings:|12.357483799999954
2023-06-17 04:16:48,769|INFO|nn.computeOptunaObjective|Trial 58 objective:|0.6332184406030197
2023-06-17 04:16:54,862|INFO|nn.computeOptunaObjective|Trial 59 params:|{'n_layers': 2, 'architecture': 'linear', 'lr': 0.0001, 'n_epochs': 100}
2023-06-17 04:16:54,862|INFO|nn.computeOptunaObjective|Trial 59 balacc:|[0.5, 0.5142857142857142, 0.5, 0.5, 0.5, 0.5, 0.5, 0.5040816326530613]
2023-06-17 04:16:54,862|INFO|nn.computeOptunaObjective|Trial 59 rocauc:|[0.6727595849336298, 0.6920122887864824, 0.6363636363636365, 0.7187455553975253, 0.6420348558332889, 0.731830175101943, 0.5813995322899802, 0.7009849996781046]
2023-06-17 04:16:54,862|INFO|nn.computeOptunaObjective|Trial 59 timings:|6.077726499999926
2023-06-17 04:16:54,862|INFO|nn.computeOptunaObjective|Trial 59 objective:|0.502295918367347
2023-06-17 04:17:07,030|INFO|nn.computeOptunaObjective|Trial 60 params:|{'n_layers': 2, 'architecture': 'linear', 'lr': 0.0001, 'n_epochs': 200}
2023-06-17 04:17:07,030|INFO|nn.computeOptunaObjective|Trial 60 balacc:|[0.6117343844754397, 0.6062211981566821, 0.6734848484848485, 0.51195598065709, 0.5643287320790918, 0.6538138642360278, 0.5821190861665767, 0.6239296980621902]
2023-06-17 04:17:07,030|INFO|nn.computeOptunaObjective|Trial 60 rocauc:|[0.7553247759584933, 0.7881720430107527, 0.7568181818181817, 0.7821611435073247, 0.7941160795182007, 0.8527224754137682, 0.6947292678539306, 0.8098671645314278]
2023-06-17 04:17:07,030|INFO|nn.computeOptunaObjective|Trial 60 timings:|12.161099600000057
2023-06-17 04:17:07,030|INFO|nn.computeOptunaObjective|Trial 60 objective:|0.6034484740397433
2023-06-17 04:17:13,131|INFO|nn.computeOptunaObjective|Trial 61 params:|{'n_layers': 2, 'architecture': 'outer', 'lr': 0.001, 'n_epochs': 100}
2023-06-17 04:17:13,131|INFO|nn.computeOptunaObjective|Trial 61 balacc:|[0.7264840644161444, 0.6302611367127496, 0.6878787878787879, 0.687082207367373, 0.7227122528380323, 0.7481710242264332, 0.6642381723331534, 0.723341702611644]
2023-06-17 04:17:13,131|INFO|nn.computeOptunaObjective|Trial 61 rocauc:|[0.8248787143723468, 0.7887864823348694, 0.8045454545454546, 0.8496479874839995, 0.8529552843361935, 0.8893019908851043, 0.7638963842417701, 0.8695851842314213]
2023-06-17 04:17:13,131|INFO|nn.computeOptunaObjective|Trial 61 timings:|6.104262899999981
2023-06-17 04:17:13,131|INFO|nn.computeOptunaObjective|Trial 61 objective:|0.6987711685480398
2023-06-17 04:17:22,189|INFO|nn.computeOptunaObjective|Trial 62 params:|{'n_layers': 4, 'architecture': 'bottom', 'lr': 0.001, 'n_epochs': 150}
2023-06-17 04:17:22,189|INFO|nn.computeOptunaObjective|Trial 62 balacc:|[0.7441075399231858, 0.650768049155146, 0.675, 0.6772596358981653, 0.7275888717156105, 0.7677500599664189, 0.7037686634286742, 0.7729371874932938]
2023-06-17 04:17:22,189|INFO|nn.computeOptunaObjective|Trial 62 rocauc:|[0.8282376524492958, 0.7784178187403993, 0.7333333333333333, 0.8112288436922201, 0.8303576187176891, 0.8603382106020628, 0.7563410685375068, 0.8629198051460332]
2023-06-17 04:17:22,189|INFO|nn.computeOptunaObjective|Trial 62 timings:|9.043340199999989
2023-06-17 04:17:22,189|INFO|nn.computeOptunaObjective|Trial 62 objective:|0.7148975009475618
2023-06-17 04:17:31,350|INFO|nn.computeOptunaObjective|Trial 63 params:|{'n_layers': 2, 'architecture': 'top', 'lr': 0.0001, 'n_epochs': 150}
2023-06-17 04:17:31,350|INFO|nn.computeOptunaObjective|Trial 63 balacc:|[0.5973687756889697, 0.6205069124423963, 0.6651515151515152, 0.5, 0.5494057453498907, 0.6324058527224754, 0.5278827127181147, 0.6173437198223137]
2023-06-17 04:17:31,350|INFO|nn.computeOptunaObjective|Trial 63 rocauc:|[0.7428155110841588, 0.7887864823348694, 0.7484848484848484, 0.7685073247048784, 0.780818632414859, 0.8425281842168386, 0.6793488037416802, 0.801772570226829]
2023-06-17 04:17:31,350|INFO|nn.computeOptunaObjective|Trial 63 timings:|9.168660299999942
2023-06-17 04:17:31,350|INFO|nn.computeOptunaObjective|Trial 63 objective:|0.5887581542369594
2023-06-17 04:17:40,575|INFO|nn.computeOptunaObjective|Trial 64 params:|{'n_layers': 3, 'architecture': 'inner', 'lr': 0.0001, 'n_epochs': 150}
2023-06-17 04:17:40,575|INFO|nn.computeOptunaObjective|Trial 64 balacc:|[0.5959099791119197, 0.5579877112135176, 0.6401515151515151, 0.5, 0.5, 0.6551331254497481, 0.5836481381543444, 0.6392669370587352]
2023-06-17 04:17:40,575|INFO|nn.computeOptunaObjective|Trial 64 rocauc:|[0.7586904521258675, 0.7781874039938556, 0.8045454545454546, 0.7531645569620253, 0.8071736929062516, 0.8477452626529143, 0.7178449361395934, 0.8150303654584863]
2023-06-17 04:17:40,575|INFO|nn.computeOptunaObjective|Trial 64 timings:|9.205988899999966
2023-06-17 04:17:40,575|INFO|nn.computeOptunaObjective|Trial 64 objective:|0.5840121757674726
2023-06-17 04:17:46,720|INFO|nn.computeOptunaObjective|Trial 65 params:|{'n_layers': 3, 'architecture': 'outer', 'lr': 0.0001, 'n_epochs': 100}
2023-06-17 04:17:46,720|INFO|nn.computeOptunaObjective|Trial 65 balacc:|[0.5, 0.5142857142857142, 0.5, 0.5, 0.5, 0.5, 0.5, 0.5]
2023-06-17 04:17:46,720|INFO|nn.computeOptunaObjective|Trial 65 rocauc:|[0.6859325517148439, 0.7089093701996927, 0.6787878787878787, 0.7206122884369223, 0.7047114000959335, 0.7824418325737588, 0.6207051627990646, 0.7366810446576106]
2023-06-17 04:17:46,720|INFO|nn.computeOptunaObjective|Trial 65 timings:|6.142604099999971
2023-06-17 04:17:46,720|INFO|nn.computeOptunaObjective|Trial 65 objective:|0.5017857142857143
2023-06-17 04:17:55,780|INFO|nn.computeOptunaObjective|Trial 66 params:|{'n_layers': 2, 'architecture': 'inner', 'lr': 0.001, 'n_epochs': 150}
2023-06-17 04:17:55,780|INFO|nn.computeOptunaObjective|Trial 66 balacc:|[0.7397311501920356, 0.6704301075268817, 0.7166666666666667, 0.7053761911534633, 0.7376352395672334, 0.7608539218037899, 0.6627091203453859, 0.7268975729092899]
2023-06-17 04:17:55,780|INFO|nn.computeOptunaObjective|Trial 66 rocauc:|[0.8285425510410349, 0.7821812596006145, 0.7893939393939394, 0.8468745555397525, 0.8545808239620529, 0.8888822259534661, 0.7589494513401691, 0.8691860340350651]
2023-06-17 04:17:55,780|INFO|nn.computeOptunaObjective|Trial 66 timings:|9.054131100000063
2023-06-17 04:17:55,780|INFO|nn.computeOptunaObjective|Trial 66 objective:|0.7150374962705932
2023-06-17 04:18:02,037|INFO|nn.computeOptunaObjective|Trial 67 params:|{'n_layers': 4, 'architecture': 'linear', 'lr': 0.0001, 'n_epochs': 100}
2023-06-17 04:18:02,037|INFO|nn.computeOptunaObjective|Trial 67 balacc:|[0.5, 0.5, 0.5, 0.5, 0.5, 0.5, 0.5, 0.5]
2023-06-17 04:18:02,037|INFO|nn.computeOptunaObjective|Trial 67 rocauc:|[0.7043073243042921, 0.7328725038402457, 0.7204545454545455, 0.7200256009102546, 0.7548899429728722, 0.8230990645238666, 0.6616297895304911, 0.7605012983111225]
2023-06-17 04:18:02,037|INFO|nn.computeOptunaObjective|Trial 67 timings:|6.255373899999995
2023-06-17 04:18:02,037|INFO|nn.computeOptunaObjective|Trial 67 objective:|0.5
2023-06-17 04:18:08,343|INFO|nn.computeOptunaObjective|Trial 68 params:|{'n_layers': 2, 'architecture': 'outer', 'lr': 0.0001, 'n_epochs': 100}
2023-06-17 04:18:08,343|INFO|nn.computeOptunaObjective|Trial 68 balacc:|[0.5087729937335759, 0.5142857142857142, 0.5, 0.5, 0.5, 0.5, 0.5, 0.5081632653061224]
2023-06-17 04:18:08,343|INFO|nn.computeOptunaObjective|Trial 68 rocauc:|[0.6885065022572603, 0.7179723502304146, 0.6545454545454545, 0.7234034987910681, 0.623860789852369, 0.7273926601103383, 0.5850872459075374, 0.7005429301057964]
2023-06-17 04:18:08,343|INFO|nn.computeOptunaObjective|Trial 68 timings:|6.293125599999939
2023-06-17 04:18:08,343|INFO|nn.computeOptunaObjective|Trial 68 objective:|0.5039027466656766
2023-06-17 04:18:17,560|INFO|nn.computeOptunaObjective|Trial 69 params:|{'n_layers': 4, 'architecture': 'inner', 'lr': 0.0001, 'n_epochs': 150}
2023-06-17 04:18:17,560|INFO|nn.computeOptunaObjective|Trial 69 balacc:|[0.6193888551984368, 0.5865591397849462, 0.6856060606060606, 0.5, 0.5, 0.7280822739266011, 0.5, 0.6692911865061482]
2023-06-17 04:18:17,560|INFO|nn.computeOptunaObjective|Trial 69 rocauc:|[0.7800131392763291, 0.7754224270353304, 0.7954545454545454, 0.7619470914521406, 0.8215104194425199, 0.8620772367474213, 0.7333153444864186, 0.8310392926886844]
2023-06-17 04:18:17,560|INFO|nn.computeOptunaObjective|Trial 69 timings:|9.218464100000006
2023-06-17 04:18:17,560|INFO|nn.computeOptunaObjective|Trial 69 objective:|0.5986159395027741
2023-06-17 04:18:30,173|INFO|nn.computeOptunaObjective|Trial 70 params:|{'n_layers': 4, 'architecture': 'top', 'lr': 0.0001, 'n_epochs': 200}
2023-06-17 04:18:30,173|INFO|nn.computeOptunaObjective|Trial 70 balacc:|[0.7317161916312918, 0.6936251920122888, 0.7803030303030303, 0.6385649267529512, 0.732225656877898, 0.8023506836171743, 0.7432991545241949, 0.7604154595592181]
2023-06-17 04:18:30,173|INFO|nn.computeOptunaObjective|Trial 70 rocauc:|[0.8426133683714035, 0.8110599078341013, 0.8053030303030303, 0.7997262124875552, 0.8333688642541172, 0.8604581434396738, 0.7796366252923188, 0.8672160346788557]
2023-06-17 04:18:30,173|INFO|nn.computeOptunaObjective|Trial 70 timings:|12.608531999999968
2023-06-17 04:18:30,173|INFO|nn.computeOptunaObjective|Trial 70 objective:|0.735312536909756
2023-06-17 04:18:36,202|INFO|nn.computeOptunaObjective|Trial 71 params:|{'n_layers': 2, 'architecture': 'inner', 'lr': 0.0001, 'n_epochs': 100}
2023-06-17 04:18:36,202|INFO|nn.computeOptunaObjective|Trial 71 balacc:|[0.5, 0.5142857142857142, 0.5, 0.5, 0.5, 0.5, 0.5, 0.5061224489795918]
2023-06-17 04:18:36,202|INFO|nn.computeOptunaObjective|Trial 71 rocauc:|[0.6733592749814702, 0.6932411674347159, 0.6606060606060606, 0.7219456691793487, 0.6436603954591482, 0.7378867834012953, 0.5908436769203094, 0.7113500289705788]
2023-06-17 04:18:36,202|INFO|nn.computeOptunaObjective|Trial 71 timings:|6.021962200000075
2023-06-17 04:18:36,202|INFO|nn.computeOptunaObjective|Trial 71 objective:|0.5025510204081632
2023-06-17 04:18:42,448|INFO|nn.computeOptunaObjective|Trial 72 params:|{'n_layers': 2, 'architecture': 'top', 'lr': 0.0001, 'n_epochs': 100}
2023-06-17 04:18:42,448|INFO|nn.computeOptunaObjective|Trial 72 balacc:|[0.5076544707229971, 0.5115975422427035, 0.5, 0.5, 0.5, 0.5, 0.5, 0.5208716925255907]
2023-06-17 04:18:42,448|INFO|nn.computeOptunaObjective|Trial 72 rocauc:|[0.7032393369719021, 0.7615975422427036, 0.7037878787878789, 0.7323638173801735, 0.711826466982892, 0.7963540417366274, 0.6286202554416263, 0.7461662267430632]
2023-06-17 04:18:42,448|INFO|nn.computeOptunaObjective|Trial 72 timings:|6.231399600000032
2023-06-17 04:18:42,448|INFO|nn.computeOptunaObjective|Trial 72 objective:|0.5050154631864114
2023-06-17 04:18:54,708|INFO|nn.computeOptunaObjective|Trial 73 params:|{'n_layers': 4, 'architecture': 'inner', 'lr': 0.0001, 'n_epochs': 200}
2023-06-17 04:18:54,708|INFO|nn.computeOptunaObjective|Trial 73 balacc:|[0.7112526110100398, 0.684715821812596, 0.7348484848484849, 0.6195775849807993, 0.7243777647497736, 0.748980570880307, 0.7022396114409066, 0.7480460954097727]
2023-06-17 04:18:54,708|INFO|nn.computeOptunaObjective|Trial 73 rocauc:|[0.8187133616333131, 0.7903225806451614, 0.7992424242424242, 0.7919748257715831, 0.8246282577412993, 0.8600383785080356, 0.7612880014391078, 0.8568080860104295]
2023-06-17 04:18:54,708|INFO|nn.computeOptunaObjective|Trial 73 timings:|12.264469100000042
2023-06-17 04:18:54,708|INFO|nn.computeOptunaObjective|Trial 73 objective:|0.709254818141585
2023-06-17 04:19:00,807|INFO|nn.computeOptunaObjective|Trial 74 params:|{'n_layers': 3, 'architecture': 'linear', 'lr': 0.001, 'n_epochs': 100}
2023-06-17 04:19:00,807|INFO|nn.computeOptunaObjective|Trial 74 balacc:|[0.7647463108954922, 0.7176651305683563, 0.7, 0.7102919214905419, 0.7290145499120609, 0.7983928999760135, 0.6875337290879655, 0.762642975171141]
2023-06-17 04:19:00,807|INFO|nn.computeOptunaObjective|Trial 74 rocauc:|[0.8426740111852301, 0.7984639016897082, 0.7856060606060605, 0.8376831176219599, 0.8548473058679316, 0.8760494123290957, 0.7915992084907357, 0.8786025451189939]
2023-06-17 04:19:00,807|INFO|nn.computeOptunaObjective|Trial 74 timings:|6.083881700000006
2023-06-17 04:19:00,807|INFO|nn.computeOptunaObjective|Trial 74 objective:|0.7337859396376964
2023-06-17 04:19:12,529|INFO|nn.computeOptunaObjective|Trial 75 params:|{'n_layers': 3, 'architecture': 'bottom', 'lr': 0.001, 'n_epochs': 200}
2023-06-17 04:19:12,529|INFO|nn.computeOptunaObjective|Trial 75 balacc:|[0.7554679603800283, 0.6774961597542243, 0.706060606060606, 0.6990470772294126, 0.7102275755476204, 0.776984888462461, 0.6860046771001979, 0.7456039829180884]
2023-06-17 04:19:12,529|INFO|nn.computeOptunaObjective|Trial 75 rocauc:|[0.8277154504413451, 0.7725038402457757, 0.8106060606060607, 0.8365008533636753, 0.8365399989340724, 0.8722115615255457, 0.78143550998381, 0.8579776390051288]
2023-06-17 04:19:12,529|INFO|nn.computeOptunaObjective|Trial 75 timings:|11.724192299999913
2023-06-17 04:19:12,529|INFO|nn.computeOptunaObjective|Trial 75 objective:|0.7196116159315799
2023-06-17 04:19:18,707|INFO|nn.computeOptunaObjective|Trial 76 params:|{'n_layers': 2, 'architecture': 'bottom', 'lr': 0.0001, 'n_epochs': 100}
2023-06-17 04:19:18,707|INFO|nn.computeOptunaObjective|Trial 76 balacc:|[0.5, 0.5, 0.5, 0.5, 0.5, 0.5, 0.5, 0.5]
2023-06-17 04:19:18,707|INFO|nn.computeOptunaObjective|Trial 76 rocauc:|[0.6306195674145947, 0.6284178187403994, 0.5848484848484848, 0.7018560659934576, 0.5267281351596227, 0.6270088750299831, 0.5202374527792768, 0.6181119766518595]
2023-06-17 04:19:18,707|INFO|nn.computeOptunaObjective|Trial 76 timings:|6.159303799999975
2023-06-17 04:19:18,707|INFO|nn.computeOptunaObjective|Trial 76 objective:|0.5
2023-06-17 04:19:24,924|INFO|nn.computeOptunaObjective|Trial 77 params:|{'n_layers': 4, 'architecture': 'outer', 'lr': 0.0001, 'n_epochs': 100}
2023-06-17 04:19:24,924|INFO|nn.computeOptunaObjective|Trial 77 balacc:|[0.5, 0.5, 0.5, 0.5, 0.5, 0.5, 0.5, 0.5]
2023-06-17 04:19:24,924|INFO|nn.computeOptunaObjective|Trial 77 rocauc:|[0.6957533185095344, 0.7279569892473118, 0.7068181818181818, 0.7221767885080358, 0.727868677716783, 0.8046294075317821, 0.6479582658751575, 0.7415824373913603]
2023-06-17 04:19:24,924|INFO|nn.computeOptunaObjective|Trial 77 timings:|6.219920900000034
2023-06-17 04:19:24,924|INFO|nn.computeOptunaObjective|Trial 77 objective:|0.5
2023-06-17 04:19:36,905|INFO|nn.computeOptunaObjective|Trial 78 params:|{'n_layers': 2, 'architecture': 'linear', 'lr': 0.001, 'n_epochs': 200}
2023-06-17 04:19:36,905|INFO|nn.computeOptunaObjective|Trial 78 balacc:|[0.7369786402533522, 0.650768049155146, 0.725, 0.704673943962452, 0.7274689548579651, 0.7468517630127129, 0.6596510163698507, 0.7203115946694135]
2023-06-17 04:19:36,920|INFO|nn.computeOptunaObjective|Trial 78 rocauc:|[0.8254127080385419, 0.7881720430107527, 0.7901515151515152, 0.8419499359977244, 0.8585780525502319, 0.885164307987527, 0.7754092462673142, 0.8646322882465289]
2023-06-17 04:19:36,920|INFO|nn.computeOptunaObjective|Trial 78 timings:|11.976968800000009
2023-06-17 04:19:36,920|INFO|nn.computeOptunaObjective|Trial 78 objective:|0.7089629952851115
2023-06-17 04:19:46,207|INFO|nn.computeOptunaObjective|Trial 79 params:|{'n_layers': 3, 'architecture': 'top', 'lr': 0.0001, 'n_epochs': 150}
2023-06-17 04:19:46,207|INFO|nn.computeOptunaObjective|Trial 79 balacc:|[0.6599083619702176, 0.6356374807987711, 0.6545454545454545, 0.5, 0.6623674252518255, 0.7066742624130486, 0.6247076812376327, 0.691089937552308]
2023-06-17 04:19:46,207|INFO|nn.computeOptunaObjective|Trial 79 rocauc:|[0.7831092918266962, 0.8001536098310292, 0.8045454545454546, 0.7822500355568197, 0.8243884240260086, 0.8665147517390261, 0.7374527792768485, 0.8443614669842701]
2023-06-17 04:19:46,207|INFO|nn.computeOptunaObjective|Trial 79 timings:|9.291302299999984
2023-06-17 04:19:46,207|INFO|nn.computeOptunaObjective|Trial 79 objective:|0.6418663254711572
2023-06-17 04:19:58,580|INFO|nn.computeOptunaObjective|Trial 80 params:|{'n_layers': 3, 'architecture': 'outer', 'lr': 0.001, 'n_epochs': 200}
2023-06-17 04:19:58,580|INFO|nn.computeOptunaObjective|Trial 80 balacc:|[0.7563236978640253, 0.6890937019969278, 0.6462121212121212, 0.6969314464514293, 0.7251505622768214, 0.7783041496761813, 0.7037686634286742, 0.7497478486662803]
2023-06-17 04:19:58,580|INFO|nn.computeOptunaObjective|Trial 80 rocauc:|[0.8369146283943131, 0.7609831029185867, 0.7734848484848486, 0.8484034987910681, 0.8447742898257208, 0.864176061405613, 0.7979852491455297, 0.8684714264254598]
2023-06-17 04:19:58,580|INFO|nn.computeOptunaObjective|Trial 80 timings:|12.361916000000065
2023-06-17 04:19:58,580|INFO|nn.computeOptunaObjective|Trial 80 objective:|0.7181915239465576
2023-06-17 04:20:08,224|INFO|nn.computeOptunaObjective|Trial 81 params:|{'n_layers': 4, 'architecture': 'outer', 'lr': 0.0001, 'n_epochs': 150}
2023-06-17 04:20:08,224|INFO|nn.computeOptunaObjective|Trial 81 balacc:|[0.5473957280506704, 0.5374807987711213, 0.6318181818181818, 0.5077424975110226, 0.5541624473698236, 0.5, 0.5, 0.5680872980106869]
2023-06-17 04:20:08,224|INFO|nn.computeOptunaObjective|Trial 81 rocauc:|[0.7512617074321137, 0.7631336405529954, 0.7833333333333333, 0.7462665339212061, 0.8053616159462772, 0.8503837850803551, 0.7138873898183126, 0.8041717633425609]
2023-06-17 04:20:08,224|INFO|nn.computeOptunaObjective|Trial 81 timings:|9.636764900000003
2023-06-17 04:20:08,224|INFO|nn.computeOptunaObjective|Trial 81 objective:|0.5433358689414383
2023-06-17 04:20:20,062|INFO|nn.computeOptunaObjective|Trial 82 params:|{'n_layers': 2, 'architecture': 'bottom', 'lr': 0.0001, 'n_epochs': 200}
2023-06-17 04:20:20,062|INFO|nn.computeOptunaObjective|Trial 82 balacc:|[0.5913482918940772, 0.6035330261136713, 0.6280303030303029, 0.5, 0.5078478921281245, 0.5681818181818181, 0.5116477783774059, 0.6046975256979763]
2023-06-17 04:20:20,062|INFO|nn.computeOptunaObjective|Trial 82 rocauc:|[0.72227781146823, 0.7712749615975423, 0.721969696969697, 0.7491644147347462, 0.7301604221073389, 0.8054689373950588, 0.6525454218384602, 0.7707161097877637]
2023-06-17 04:20:20,062|INFO|nn.computeOptunaObjective|Trial 82 timings:|11.827470199999993
2023-06-17 04:20:20,062|INFO|nn.computeOptunaObjective|Trial 82 objective:|0.564410829427922
2023-06-17 04:20:29,504|INFO|nn.computeOptunaObjective|Trial 83 params:|{'n_layers': 4, 'architecture': 'inner', 'lr': 0.001, 'n_epochs': 150}
2023-06-17 04:20:29,504|INFO|nn.computeOptunaObjective|Trial 83 balacc:|[0.7558958291220268, 0.675652841781874, 0.6318181818181818, 0.6884955909543451, 0.7313329424932047, 0.7957543775485728, 0.6804731066738622, 0.768052962509925]
2023-06-17 04:20:29,504|INFO|nn.computeOptunaObjective|Trial 83 rocauc:|[0.8409473755137793, 0.7708141321044546, 0.7443181818181819, 0.819655809984355, 0.8416031551457657, 0.8660650035979851, 0.7830545062061522, 0.8788257258739458]
2023-06-17 04:20:29,504|INFO|nn.computeOptunaObjective|Trial 83 timings:|9.440624699999944
2023-06-17 04:20:29,504|INFO|nn.computeOptunaObjective|Trial 83 objective:|0.7159344791127491
2023-06-17 04:20:35,708|INFO|nn.computeOptunaObjective|Trial 84 params:|{'n_layers': 3, 'architecture': 'bottom', 'lr': 0.0001, 'n_epochs': 100}
2023-06-17 04:20:35,708|INFO|nn.computeOptunaObjective|Trial 84 balacc:|[0.5, 0.5, 0.5, 0.5, 0.5, 0.5, 0.5, 0.5]
2023-06-17 04:20:35,708|INFO|nn.computeOptunaObjective|Trial 84 rocauc:|[0.61985546796038, 0.5691244239631337, 0.5681818181818181, 0.7018027307637605, 0.5547087352768747, 0.6301271288078676, 0.5340888649037596, 0.6195154402454989]
2023-06-17 04:20:35,708|INFO|nn.computeOptunaObjective|Trial 84 timings:|6.2034523999999465
2023-06-17 04:20:35,708|INFO|nn.computeOptunaObjective|Trial 84 objective:|0.5
2023-06-17 04:20:42,002|INFO|nn.computeOptunaObjective|Trial 85 params:|{'n_layers': 4, 'architecture': 'linear', 'lr': 0.001, 'n_epochs': 100}
2023-06-17 04:20:42,002|INFO|nn.computeOptunaObjective|Trial 85 balacc:|[0.7434168856546055, 0.7159754224270354, 0.796969696969697, 0.6484230550419571, 0.7486942386611949, 0.8084372751259294, 0.6860046771001979, 0.7577866477821413]
2023-06-17 04:20:42,002|INFO|nn.computeOptunaObjective|Trial 85 rocauc:|[0.8387322282865035, 0.8019969278033793, 0.8106060606060607, 0.7832278481012658, 0.8352608857858551, 0.8683137443031902, 0.7767584097859326, 0.8661172986544776]
2023-06-17 04:20:42,002|INFO|nn.computeOptunaObjective|Trial 85 timings:|6.285839300000021
2023-06-17 04:20:42,002|INFO|nn.computeOptunaObjective|Trial 85 objective:|0.7382134873453449
2023-06-17 04:20:51,273|INFO|nn.computeOptunaObjective|Trial 86 params:|{'n_layers': 3, 'architecture': 'linear', 'lr': 0.001, 'n_epochs': 150}
2023-06-17 04:20:51,273|INFO|nn.computeOptunaObjective|Trial 86 balacc:|[0.7493598814096085, 0.6685867895545314, 0.6916666666666667, 0.7081851799175082, 0.7376352395672334, 0.8023506836171743, 0.6743568987227919, 0.7514496019227881]
2023-06-17 04:20:51,273|INFO|nn.computeOptunaObjective|Trial 86 rocauc:|[0.8376372885924128, 0.780952380952381, 0.7196969696969696, 0.8424743990897454, 0.8581250333102383, 0.8744303190213482, 0.7847634466630689, 0.8746410867185992]
2023-06-17 04:20:51,273|INFO|nn.computeOptunaObjective|Trial 86 timings:|9.255323799999928
2023-06-17 04:20:51,273|INFO|nn.computeOptunaObjective|Trial 86 objective:|0.7229488676722877
2023-06-17 04:20:57,537|INFO|nn.computeOptunaObjective|Trial 87 params:|{'n_layers': 4, 'architecture': 'inner', 'lr': 0.0001, 'n_epochs': 100}
2023-06-17 04:20:57,537|INFO|nn.computeOptunaObjective|Trial 87 balacc:|[0.5, 0.5, 0.5, 0.5, 0.5, 0.5, 0.5, 0.5]
2023-06-17 04:20:57,537|INFO|nn.computeOptunaObjective|Trial 87 rocauc:|[0.7075483457988008, 0.7228878648233487, 0.7128787878787879, 0.7181766462807566, 0.7532910515376006, 0.8272967138402495, 0.6575822989746357, 0.76111504538724]
2023-06-17 04:20:57,537|INFO|nn.computeOptunaObjective|Trial 87 timings:|6.2584902999999485
2023-06-17 04:20:57,537|INFO|nn.computeOptunaObjective|Trial 87 objective:|0.5
2023-06-17 04:21:09,510|INFO|nn.computeOptunaObjective|Trial 88 params:|{'n_layers': 4, 'architecture': 'bottom', 'lr': 0.0001, 'n_epochs': 200}
2023-06-17 04:21:09,510|INFO|nn.computeOptunaObjective|Trial 88 balacc:|[0.5694158075601374, 0.5267281105990783, 0.5969696969696969, 0.5, 0.49845440494590415, 0.5, 0.5, 0.5701281143372176]
2023-06-17 04:21:09,510|INFO|nn.computeOptunaObjective|Trial 88 rocauc:|[0.7222407519708914, 0.7440860215053763, 0.7446969696969697, 0.7362572891480587, 0.7747428449608272, 0.8248980570880308, 0.6893326137794568, 0.7590720830919119]
2023-06-17 04:21:09,510|INFO|nn.computeOptunaObjective|Trial 88 timings:|11.963409800000022
2023-06-17 04:21:09,510|INFO|nn.computeOptunaObjective|Trial 88 objective:|0.5327120168015043
2023-06-17 04:21:18,929|INFO|nn.computeOptunaObjective|Trial 89 params:|{'n_layers': 4, 'architecture': 'outer', 'lr': 0.001, 'n_epochs': 150}
2023-06-17 04:21:18,929|INFO|nn.computeOptunaObjective|Trial 89 balacc:|[0.7529681288322889, 0.7043778801843318, 0.7515151515151515, 0.611123951073816, 0.7549965357352235, 0.7917965939074119, 0.7402410505486599, 0.779585398828301]
2023-06-17 04:21:18,929|INFO|nn.computeOptunaObjective|Trial 89 rocauc:|[0.841036655211913, 0.8095238095238095, 0.8231060606060606, 0.7911925757360262, 0.8323962052976605, 0.8529323578795875, 0.7909246267314265, 0.86323740852808]
2023-06-17 04:21:18,929|INFO|nn.computeOptunaObjective|Trial 89 timings:|9.41997850000007
2023-06-17 04:21:18,929|INFO|nn.computeOptunaObjective|Trial 89 objective:|0.735825586328148
2023-06-17 04:21:18,945|INFO|mtg.runMTGExperiment|Best trial number:|1
2023-06-17 04:21:18,945|INFO|mtg.runMTGExperiment|Best trial objective:|0.7528753133721741
2023-06-17 04:21:18,945|INFO|mtg.runMTGExperiment|Best trial params:|{'n_layers': 4, 'architecture': 'top', 'lr': 0.001, 'n_epochs': 100}
2023-06-17 04:21:18,991|INFO|nn.loadModellingDataset|Trainval descriptors loaded (features, instances):|1024|7223
2023-06-17 04:21:18,991|INFO|nn.loadModellingDataset|Trainval endpoints loaded (tasks, instances):|8|7223
2023-06-17 04:21:18,991|INFO|nn.loadModellingDataset|Test descriptors loaded (features, instances):|1024|1548
2023-06-17 04:21:18,991|INFO|nn.loadModellingDataset|Test endpoints loaded (tasks, instances):|8|1548
2023-06-17 04:21:18,991|INFO|mtg.runMTGExperiment|Final neural network hyperparams:|{'n_layers': 4, 'architecture': 'top', 'lr': 0.001, 'n_epochs': 100, 'best_trial_num': 1}
2023-06-17 04:21:26,258|INFO|nn.testFinalModel|Final model test balacc:|[0.7535610807897042, 0.7741935483870968, 0.8303030303030303, 0.6662921348314607, 0.7745849297573435, 0.7437799043062201, 0.7697274031563845, 0.7296362858365426]
2023-06-17 04:21:26,258|INFO|nn.testFinalModel|Final model test rocauc:|[0.8323293578599825, 0.8488649940262843, 0.9303030303030304, 0.762429775280899, 0.8747339293316304, 0.911244019138756, 0.9038737446197992, 0.8472058194266153]
2023-06-17 04:21:26,289|INFO|mtg.runMTGExperiment|Mechanistic task grouping experiment timing:|839.7214066
2023-06-17 04:21:26,289|INFO|mtg.runMTGExperiment|DONE
