2023-06-17 03:22:09,675|INFO|__main__.startLogging|>>>> START LOGGING A GMTAMES EXPERIMENT
2023-06-17 03:22:09,675|INFO|__main__.startLogging|mode:|mtg
2023-06-17 03:22:09,675|INFO|__main__.startLogging|tasks:|TA100,TA100_S9,TA102,TA102_S9,TA104,TA104_S9,TA1535,TA1535_S9,TA1537,TA1537_S9,TA1538,TA1538_S9,TA97,TA97_S9,TA98,TA98_S9
2023-06-17 03:22:09,675|INFO|__main__.startLogging|testsplit:|maxmin
2023-06-17 03:22:09,675|INFO|__main__.startLogging|output:|mtg_experiment_maxmin
2023-06-17 03:22:09,675|INFO|__main__.startLogging|device:|titanv
2023-06-17 03:22:09,675|INFO|__main__.startLogging|DONE
2023-06-17 03:22:09,685|INFO|mtg.runMTGExperiment|>>>> RUNNING MECHANISTIC TASK GROUPING EXPERIMENT
2023-06-17 03:22:17,539|INFO|mtg.runMTGExperiment|Device confirmed:|cuda:0
2023-06-17 03:22:18,789|INFO|nn.loadModellingDataset|Train descriptors loaded (features, instances):|1024|7268
2023-06-17 03:22:18,789|INFO|nn.loadModellingDataset|Train endpoints loaded (tasks, instances):|16|7268
2023-06-17 03:22:18,805|INFO|nn.loadModellingDataset|Val descriptors loaded (features, instances):|1024|3868
2023-06-17 03:22:18,805|INFO|nn.loadModellingDataset|Val endpoints loaded (tasks, instances):|16|3868
2023-06-17 03:22:34,660|INFO|nn.computeOptunaObjective|Trial 0 params:|{'n_layers': 2, 'architecture': 'top', 'lr': 0.001, 'n_epochs': 200}
2023-06-17 03:22:34,660|INFO|nn.computeOptunaObjective|Trial 0 balacc:|[0.7508186779866586, 0.7342590726729807, 0.6793394777265744, 0.6701902748414377, 0.7537878787878788, 0.6944777911164466, 0.7243546437206656, 0.6770637707193599, 0.7767547833502105, 0.6951378393871489, 0.784900455744783, 0.7785057471264367, 0.7377675840978593, 0.7829018338727076, 0.7504603103070882, 0.7933583959899749]
2023-06-17 03:22:34,660|INFO|nn.computeOptunaObjective|Trial 0 rocauc:|[0.8545498955595983, 0.8455364830454136, 0.8110599078341013, 0.821353065539112, 0.7681818181818182, 0.7683073229291717, 0.8857203811691083, 0.8044521107209929, 0.8945531098438415, 0.8855203502006358, 0.9044734948428879, 0.9029022988505747, 0.8128260478503327, 0.9237684286227975, 0.8932874096010643, 0.9029627640529896]
2023-06-17 03:22:34,660|INFO|nn.computeOptunaObjective|Trial 0 timings:|15.854398699999999
2023-06-17 03:22:34,660|INFO|nn.computeOptunaObjective|Trial 0 objective:|0.7365049085905132
2023-06-17 03:22:43,225|INFO|nn.computeOptunaObjective|Trial 1 params:|{'n_layers': 4, 'architecture': 'top', 'lr': 0.001, 'n_epochs': 100}
2023-06-17 03:22:43,225|INFO|nn.computeOptunaObjective|Trial 1 balacc:|[0.7256957078363993, 0.7701375785443421, 0.6936251920122888, 0.7832980972515856, 0.7121212121212122, 0.7226890756302521, 0.6111417294837149, 0.5884298195476444, 0.7910248894100091, 0.7225233206524571, 0.8097565363396497, 0.798448275862069, 0.7788271271811478, 0.7928802588996764, 0.7922938260477692, 0.8201127819548872]
2023-06-17 03:22:43,225|INFO|nn.computeOptunaObjective|Trial 1 rocauc:|[0.8699363250454821, 0.861441368824079, 0.8179723502304148, 0.8623150105708246, 0.8204545454545455, 0.7587034813925569, 0.8200824918219314, 0.7756899648893607, 0.9017481213025635, 0.8616394809526291, 0.9058527224754137, 0.8882758620689656, 0.819571865443425, 0.9039014742898238, 0.8921650679199123, 0.8879721625492302]
2023-06-17 03:22:43,225|INFO|nn.computeOptunaObjective|Trial 1 timings:|8.556278500000001
2023-06-17 03:22:43,225|INFO|nn.computeOptunaObjective|Trial 1 objective:|0.744562839298444
2023-06-17 03:22:51,151|INFO|nn.computeOptunaObjective|Trial 2 params:|{'n_layers': 3, 'architecture': 'outer', 'lr': 0.001, 'n_epochs': 100}
2023-06-17 03:22:51,151|INFO|nn.computeOptunaObjective|Trial 2 balacc:|[0.7684421534936999, 0.7464158132888783, 0.7052227342549923, 0.7547568710359408, 0.7121212121212122, 0.6842737094837935, 0.7292792632626938, 0.6995590756920063, 0.7697996056067793, 0.7572307050914586, 0.8023506836171743, 0.8385057471264368, 0.7484709480122325, 0.8261866235167206, 0.773836348419494, 0.7901002506265664]
2023-06-17 03:22:51,151|INFO|nn.computeOptunaObjective|Trial 2 rocauc:|[0.8730998585001011, 0.8610859728506787, 0.8251920122887864, 0.8313953488372093, 0.7931818181818182, 0.7551020408163265, 0.8782534490115205, 0.7891014125908385, 0.8986835793849598, 0.8866798686747617, 0.9040537299112497, 0.9095977011494253, 0.8117467170354379, 0.9164868752247393, 0.8981609047404452, 0.907767185821697]
2023-06-17 03:22:51,151|INFO|nn.computeOptunaObjective|Trial 2 timings:|7.922438299999996
2023-06-17 03:22:51,151|INFO|nn.computeOptunaObjective|Trial 2 objective:|0.75665948404063
2023-06-17 03:22:58,693|INFO|nn.computeOptunaObjective|Trial 3 params:|{'n_layers': 4, 'architecture': 'bottom', 'lr': 0.0001, 'n_epochs': 100}
2023-06-17 03:22:58,693|INFO|nn.computeOptunaObjective|Trial 3 balacc:|[0.5, 0.5, 0.5, 0.5, 0.5, 0.5, 0.5, 0.5, 0.5, 0.5, 0.5, 0.5, 0.5, 0.5, 0.5, 0.5]
2023-06-17 03:22:58,693|INFO|nn.computeOptunaObjective|Trial 3 rocauc:|[0.6277019742604945, 0.6354718156337589, 0.5738863287250384, 0.5528541226215644, 0.5636363636363637, 0.637454981992797, 0.6877044517138388, 0.6339613782967258, 0.598305175078612, 0.6174631299181823, 0.6869153274166466, 0.6280459770114942, 0.5339989206691851, 0.5842322905429702, 0.6473400716753579, 0.6367011278195489]
2023-06-17 03:22:58,693|INFO|nn.computeOptunaObjective|Trial 3 timings:|7.546343399999998
2023-06-17 03:22:58,693|INFO|nn.computeOptunaObjective|Trial 3 objective:|0.5
2023-06-17 03:23:10,196|INFO|nn.computeOptunaObjective|Trial 4 params:|{'n_layers': 2, 'architecture': 'bottom', 'lr': 0.001, 'n_epochs': 150}
2023-06-17 03:23:10,196|INFO|nn.computeOptunaObjective|Trial 4 balacc:|[0.7230409002088808, 0.711630974407826, 0.6927803379416283, 0.6160147991543341, 0.7227272727272727, 0.7148859543817527, 0.7011449295974969, 0.6560382134400261, 0.7501199168576453, 0.699176611600396, 0.7595346605900695, 0.7799425287356322, 0.708355819391977, 0.7354368932038835, 0.7264340436490053, 0.7633771929824562]
2023-06-17 03:23:10,196|INFO|nn.computeOptunaObjective|Trial 4 rocauc:|[0.8363065157334412, 0.8250187773645741, 0.7926267281105991, 0.779862579281184, 0.7500000000000001, 0.723889555822329, 0.8706798463945384, 0.7964909773822161, 0.889569898203912, 0.877690343425921, 0.9116094986807388, 0.901264367816092, 0.7904299334412663, 0.9121718806184825, 0.8808171849181314, 0.8927788220551378]
2023-06-17 03:23:10,196|INFO|nn.computeOptunaObjective|Trial 4 timings:|11.493685500000005
2023-06-17 03:23:10,196|INFO|nn.computeOptunaObjective|Trial 4 objective:|0.7162900655543927
2023-06-17 03:23:25,682|INFO|nn.computeOptunaObjective|Trial 5 params:|{'n_layers': 3, 'architecture': 'outer', 'lr': 0.0001, 'n_epochs': 200}
2023-06-17 03:23:25,682|INFO|nn.computeOptunaObjective|Trial 5 balacc:|[0.5960851694629742, 0.6498909996885706, 0.5954685099846391, 0.55946088794926, 0.6378787878787879, 0.6854741896758703, 0.5, 0.5, 0.5564808399509673, 0.5878888946792433, 0.6752218757495803, 0.6941954022988506, 0.5937668645439828, 0.627562028047465, 0.6518508980879418, 0.7037280701754386]
2023-06-17 03:23:25,682|INFO|nn.computeOptunaObjective|Trial 5 rocauc:|[0.7646401859712958, 0.782836572810376, 0.7870967741935484, 0.8165961945031712, 0.8053030303030303, 0.7755102040816326, 0.7470310055468639, 0.7205336000653221, 0.8628950594254651, 0.833680754598989, 0.894998800671624, 0.8532183908045977, 0.7659651016369851, 0.8168824163969794, 0.837717547586858, 0.8514746688148944]
2023-06-17 03:23:25,682|INFO|nn.computeOptunaObjective|Trial 5 timings:|15.482047800000004
2023-06-17 03:23:25,682|INFO|nn.computeOptunaObjective|Trial 5 objective:|0.6134345886358483
2023-06-17 03:23:34,084|INFO|nn.computeOptunaObjective|Trial 6 params:|{'n_layers': 4, 'architecture': 'top', 'lr': 0.0001, 'n_epochs': 100}
2023-06-17 03:23:34,084|INFO|nn.computeOptunaObjective|Trial 6 balacc:|[0.5, 0.49940828402366866, 0.5, 0.5, 0.5, 0.5, 0.5, 0.5, 0.5, 0.5, 0.5, 0.5, 0.5, 0.5, 0.5, 0.5]
2023-06-17 03:23:34,084|INFO|nn.computeOptunaObjective|Trial 6 rocauc:|[0.7318357927363385, 0.7519647535127412, 0.7552995391705069, 0.790169133192389, 0.7446969696969696, 0.745498199279712, 0.7123808846536765, 0.6867498162815384, 0.8586047007408197, 0.817160873417062, 0.898716718637563, 0.8563218390804598, 0.7274689692390718, 0.7916217188061848, 0.8198630871907122, 0.8304936448263516]
2023-06-17 03:23:34,084|INFO|nn.computeOptunaObjective|Trial 6 timings:|8.4030719
2023-06-17 03:23:34,084|INFO|nn.computeOptunaObjective|Trial 6 objective:|0.4999630177514793
2023-06-17 03:23:41,878|INFO|nn.computeOptunaObjective|Trial 7 params:|{'n_layers': 3, 'architecture': 'bottom', 'lr': 0.001, 'n_epochs': 100}
2023-06-17 03:23:41,878|INFO|nn.computeOptunaObjective|Trial 7 balacc:|[0.723128495384408, 0.691507135398538, 0.6980030721966206, 0.6242071881606766, 0.6833333333333333, 0.7034813925570228, 0.6477119186459963, 0.6447497346288886, 0.7360896445131375, 0.7185236333315962, 0.7730271048213001, 0.7613218390804598, 0.7230617017449181, 0.7241100323624595, 0.7353999012854353, 0.7602130325814536]
2023-06-17 03:23:41,878|INFO|nn.computeOptunaObjective|Trial 7 rocauc:|[0.8269540462233003, 0.8160459450052211, 0.7956989247311828, 0.8105179704016914, 0.8431818181818183, 0.758703481392557, 0.8294872706585122, 0.7451110476034947, 0.8862388743804295, 0.8752931366928969, 0.9027344686975294, 0.8996551724137931, 0.7901601007375427, 0.8870010787486515, 0.8764565763213802, 0.897545202291443]
2023-06-17 03:23:41,878|INFO|nn.computeOptunaObjective|Trial 7 timings:|7.789881399999999
2023-06-17 03:23:41,878|INFO|nn.computeOptunaObjective|Trial 7 objective:|0.7092418225016403
2023-06-17 03:23:49,664|INFO|nn.computeOptunaObjective|Trial 8 params:|{'n_layers': 3, 'architecture': 'linear', 'lr': 0.0001, 'n_epochs': 100}
2023-06-17 03:23:49,664|INFO|nn.computeOptunaObjective|Trial 8 balacc:|[0.5, 0.5, 0.5, 0.5, 0.5, 0.5, 0.5, 0.5, 0.5, 0.5, 0.5, 0.5, 0.5, 0.5, 0.5, 0.5]
2023-06-17 03:23:49,664|INFO|nn.computeOptunaObjective|Trial 8 rocauc:|[0.685501313927633, 0.6998534449594226, 0.6775729646697388, 0.6630549682875264, 0.6386363636363637, 0.6842737094837935, 0.7048250604465937, 0.6593553523311831, 0.7524383094387891, 0.7295325446870603, 0.8301151355241065, 0.7714367816091955, 0.6368051807879116, 0.6895900755124056, 0.7544024549883046, 0.7541062477622629]
2023-06-17 03:23:49,664|INFO|nn.computeOptunaObjective|Trial 8 timings:|7.784503700000002
2023-06-17 03:23:49,664|INFO|nn.computeOptunaObjective|Trial 8 objective:|0.5
2023-06-17 03:24:01,162|INFO|nn.computeOptunaObjective|Trial 9 params:|{'n_layers': 2, 'architecture': 'bottom', 'lr': 0.0001, 'n_epochs': 150}
2023-06-17 03:24:01,162|INFO|nn.computeOptunaObjective|Trial 9 balacc:|[0.5038710329492622, 0.5065565061278327, 0.5, 0.5, 0.5, 0.5, 0.5, 0.5, 0.5, 0.5, 0.5, 0.51, 0.5147058823529411, 0.5, 0.5020408163265306, 0.5169172932330827]
2023-06-17 03:24:01,162|INFO|nn.computeOptunaObjective|Trial 9 rocauc:|[0.6715905262448622, 0.6852382435378386, 0.6738863287250384, 0.5943446088794926, 0.628030303030303, 0.695078031212485, 0.7002026738728487, 0.6508430636074142, 0.6939455310984385, 0.6851581635311899, 0.7912568961381626, 0.7327011494252873, 0.5951610001798885, 0.6488673139158576, 0.7139981544668341, 0.7396236126029359]
2023-06-17 03:24:01,162|INFO|nn.computeOptunaObjective|Trial 9 timings:|11.502296600000008
2023-06-17 03:24:01,162|INFO|nn.computeOptunaObjective|Trial 9 objective:|0.503380720686853
2023-06-17 03:24:16,492|INFO|nn.computeOptunaObjective|Trial 10 params:|{'n_layers': 2, 'architecture': 'bottom', 'lr': 0.001, 'n_epochs': 200}
2023-06-17 03:24:16,492|INFO|nn.computeOptunaObjective|Trial 10 balacc:|[0.7404992925005054, 0.7217377763936468, 0.6685867895545314, 0.5961945031712473, 0.7227272727272727, 0.6356542617046819, 0.7250568909116768, 0.6583040744672165, 0.7501199168576453, 0.6870733232581165, 0.7280822739266011, 0.7799425287356322, 0.6642381723331534, 0.7215480043149947, 0.7443378613274962, 0.7676378446115288]
2023-06-17 03:24:16,492|INFO|nn.computeOptunaObjective|Trial 10 rocauc:|[0.8404251735058285, 0.8261106124168759, 0.8001536098310291, 0.7840909090909091, 0.7984848484848485, 0.758703481392557, 0.8789112501777842, 0.7958377561851881, 0.8788306773970046, 0.8762311741101673, 0.9051930918685537, 0.8946551724137931, 0.7787371829465731, 0.9216109313196692, 0.8849288611343591, 0.8901427676333691]
2023-06-17 03:24:16,492|INFO|nn.computeOptunaObjective|Trial 10 timings:|15.315405999999996
2023-06-17 03:24:16,492|INFO|nn.computeOptunaObjective|Trial 10 objective:|0.7069837991747467
2023-06-17 03:24:28,457|INFO|nn.computeOptunaObjective|Trial 11 params:|{'n_layers': 4, 'architecture': 'linear', 'lr': 0.001, 'n_epochs': 150}
2023-06-17 03:24:28,457|INFO|nn.computeOptunaObjective|Trial 11 balacc:|[0.7217370797116097, 0.7364885412277649, 0.650768049155146, 0.7209302325581395, 0.7121212121212122, 0.7917166866746699, 0.6758373631062438, 0.6664897525924716, 0.7674812130256357, 0.7564099223513472, 0.7997121611897338, 0.7913218390804597, 0.7261198057204533, 0.720873786407767, 0.777669048692032, 0.8076754385964913]
2023-06-17 03:24:28,457|INFO|nn.computeOptunaObjective|Trial 11 rocauc:|[0.8739387507580352, 0.8632256764431091, 0.8122887864823348, 0.8588794926004227, 0.8166666666666667, 0.758703481392557, 0.8546614990755227, 0.7899995917367519, 0.8874646911474712, 0.8803481161081869, 0.898476852962341, 0.8981609195402298, 0.8191221442705523, 0.9104638619201726, 0.8976244125410417, 0.9015776047261009]
2023-06-17 03:24:28,457|INFO|nn.computeOptunaObjective|Trial 11 timings:|11.97183290000001
2023-06-17 03:24:28,457|INFO|nn.computeOptunaObjective|Trial 11 objective:|0.7389595082631986
2023-06-17 03:24:43,984|INFO|nn.computeOptunaObjective|Trial 12 params:|{'n_layers': 2, 'architecture': 'outer', 'lr': 0.001, 'n_epochs': 200}
2023-06-17 03:24:43,984|INFO|nn.computeOptunaObjective|Trial 12 balacc:|[0.7430766120881342, 0.732621320094528, 0.7105990783410138, 0.6730972515856237, 0.706060606060606, 0.734093637454982, 0.7327993884226995, 0.6778190577284233, 0.7853754730053829, 0.7080358538746157, 0.7608539218037899, 0.7699425287356323, 0.7068267674042095, 0.7567421790722761, 0.7518508980879417, 0.7907894736842105]
2023-06-17 03:24:43,984|INFO|nn.computeOptunaObjective|Trial 12 rocauc:|[0.8540007411899468, 0.8402879806547348, 0.8158218125960062, 0.8168604651162791, 0.7590909090909091, 0.7659063625450179, 0.8802268525103115, 0.800226586102719, 0.8942066833661995, 0.8830840585752253, 0.9113696330055169, 0.8957471264367816, 0.8167835941716136, 0.9056094929881338, 0.8914096869031524, 0.9035759040458289]
2023-06-17 03:24:43,984|INFO|nn.computeOptunaObjective|Trial 12 timings:|15.518800699999986
2023-06-17 03:24:43,984|INFO|nn.computeOptunaObjective|Trial 12 objective:|0.7337865029652544
2023-06-17 03:24:59,394|INFO|nn.computeOptunaObjective|Trial 13 params:|{'n_layers': 2, 'architecture': 'inner', 'lr': 0.001, 'n_epochs': 200}
2023-06-17 03:24:59,394|INFO|nn.computeOptunaObjective|Trial 13 balacc:|[0.7405868876760326, 0.733529961346108, 0.667741935483871, 0.6900105708245243, 0.7848484848484849, 0.723889555822329, 0.7088874271085195, 0.6710623009716665, 0.7665884986409423, 0.6999713377455834, 0.7608539218037899, 0.7813793103448275, 0.7215326497571506, 0.7493257820927723, 0.7530268889890341, 0.7866228070175438]
2023-06-17 03:24:59,394|INFO|nn.computeOptunaObjective|Trial 13 rocauc:|[0.8498231251263393, 0.8377928810889039, 0.834331797235023, 0.8195031712473573, 0.7871212121212122, 0.723889555822329, 0.8804224150192008, 0.7985118804605209, 0.890489260779193, 0.8791755693365991, 0.9101703046294074, 0.8977011494252874, 0.8195718654434251, 0.9147788565264293, 0.8878988819502565, 0.8974512173290368]
2023-06-17 03:24:59,394|INFO|nn.computeOptunaObjective|Trial 13 timings:|15.403868000000017
2023-06-17 03:24:59,394|INFO|nn.computeOptunaObjective|Trial 13 objective:|0.7337411450295738
2023-06-17 03:25:15,062|INFO|nn.computeOptunaObjective|Trial 14 params:|{'n_layers': 3, 'architecture': 'linear', 'lr': 0.0001, 'n_epochs': 200}
2023-06-17 03:25:15,062|INFO|nn.computeOptunaObjective|Trial 14 balacc:|[0.6435684926891719, 0.6755729386117574, 0.6213517665130568, 0.6672832980972516, 0.6606060606060606, 0.6944777911164466, 0.5, 0.5, 0.6945317912913713, 0.6677132732294544, 0.7040357399856081, 0.7655747126436782, 0.6332973556395035, 0.6488673139158576, 0.7001802613789996, 0.7508771929824561]
2023-06-17 03:25:15,062|INFO|nn.computeOptunaObjective|Trial 14 rocauc:|[0.7762768681355703, 0.7924542473482697, 0.7955453149001536, 0.8237315010570825, 0.8159090909090909, 0.7827130852340936, 0.7721163419143791, 0.7273924226341145, 0.8732345573735544, 0.8438949398092657, 0.8872631326457184, 0.8578160919540231, 0.7727109192300773, 0.831445523193096, 0.8482757140711175, 0.8622247583243825]
2023-06-17 03:25:15,062|INFO|nn.computeOptunaObjective|Trial 14 timings:|15.674678
2023-06-17 03:25:15,062|INFO|nn.computeOptunaObjective|Trial 14 objective:|0.6579961242937922
2023-06-17 03:25:26,768|INFO|nn.computeOptunaObjective|Trial 15 params:|{'n_layers': 3, 'architecture': 'outer', 'lr': 0.0001, 'n_epochs': 150}
2023-06-17 03:25:26,768|INFO|nn.computeOptunaObjective|Trial 15 balacc:|[0.5683848797250859, 0.5748529869749208, 0.5347926267281106, 0.5, 0.5742424242424242, 0.5588235294117647, 0.501413383586972, 0.5, 0.5, 0.5, 0.5782261933317342, 0.5, 0.5131768303651736, 0.5, 0.5788793750938861, 0.5509398496240602]
2023-06-17 03:25:26,768|INFO|nn.computeOptunaObjective|Trial 15 rocauc:|[0.7328768277070278, 0.7519061314965102, 0.7694316436251919, 0.7959830866807611, 0.771969696969697, 0.7490996398559424, 0.7153321006969137, 0.6932207887645954, 0.8430954538186857, 0.8004846526655897, 0.892720076757016, 0.8388505747126437, 0.7284583558193919, 0.7703164329377922, 0.8116569025086375, 0.8248545470819907]
2023-06-17 03:25:26,768|INFO|nn.computeOptunaObjective|Trial 15 timings:|11.693200999999988
2023-06-17 03:25:26,768|INFO|nn.computeOptunaObjective|Trial 15 objective:|0.5333582549427582
2023-06-17 03:25:38,451|INFO|nn.computeOptunaObjective|Trial 16 params:|{'n_layers': 2, 'architecture': 'inner', 'lr': 0.0001, 'n_epochs': 150}
2023-06-17 03:25:38,451|INFO|nn.computeOptunaObjective|Trial 16 balacc:|[0.5336331783572535, 0.5524520490226611, 0.5142857142857142, 0.5, 0.5431818181818182, 0.5588235294117647, 0.5, 0.5, 0.5, 0.5, 0.5, 0.5185632183908045, 0.5, 0.49838187702265374, 0.5595227365394106, 0.5856516290726816]
2023-06-17 03:25:38,451|INFO|nn.computeOptunaObjective|Trial 16 rocauc:|[0.7182147429418503, 0.7302233132430798, 0.7617511520737328, 0.703752642706131, 0.7234848484848485, 0.7262905162064826, 0.7208611861755085, 0.6755429901200294, 0.7796194638384054, 0.7631976653290948, 0.8562005277044855, 0.810919540229885, 0.6592912394315524, 0.7241100323624595, 0.7873216163436983, 0.8106986215538846]
2023-06-17 03:25:38,451|INFO|nn.computeOptunaObjective|Trial 16 timings:|11.678388600000005
2023-06-17 03:25:38,451|INFO|nn.computeOptunaObjective|Trial 16 objective:|0.5227809843927976
2023-06-17 03:25:49,948|INFO|nn.computeOptunaObjective|Trial 17 params:|{'n_layers': 2, 'architecture': 'linear', 'lr': 0.001, 'n_epochs': 150}
2023-06-17 03:25:49,948|INFO|nn.computeOptunaObjective|Trial 17 balacc:|[0.7503908092446601, 0.7330756407203181, 0.6855606758832565, 0.6643763213530656, 0.7537878787878788, 0.7148859543817527, 0.7299815104537051, 0.6920878582510003, 0.7853754730053829, 0.7282036583459274, 0.7381266490765171, 0.7785057471264367, 0.7261198057204533, 0.7460895361380798, 0.7463786776540269, 0.7914786967418546]
2023-06-17 03:25:49,948|INFO|nn.computeOptunaObjective|Trial 17 rocauc:|[0.8563439121353008, 0.8475259677212523, 0.8092165898617512, 0.8229386892177589, 0.7492424242424243, 0.7683073229291717, 0.887462665339212, 0.8053502898669062, 0.8910089004956564, 0.8846213976757518, 0.9125689613816262, 0.901551724137931, 0.8178629249865084, 0.924487594390507, 0.8923624970492929, 0.9026875223773719]
2023-06-17 03:25:49,948|INFO|nn.computeOptunaObjective|Trial 17 timings:|11.50290609999999
2023-06-17 03:25:49,948|INFO|nn.computeOptunaObjective|Trial 17 objective:|0.7352765558052697
2023-06-17 03:26:05,701|INFO|nn.computeOptunaObjective|Trial 18 params:|{'n_layers': 4, 'architecture': 'linear', 'lr': 0.001, 'n_epochs': 200}
2023-06-17 03:26:05,701|INFO|nn.computeOptunaObjective|Trial 18 balacc:|[0.7423758506839162, 0.769952552805613, 0.6882488479262673, 0.763477801268499, 0.7348484848484849, 0.7226890756302521, 0.6737217323282605, 0.6973340409896301, 0.7822842828971912, 0.7556151962061597, 0.780942672103622, 0.7941954022988506, 0.677415002698327, 0.6872977346278317, 0.7825253760810318, 0.800281954887218]
2023-06-17 03:26:05,701|INFO|nn.computeOptunaObjective|Trial 18 rocauc:|[0.8688481234418166, 0.8627493725612326, 0.8057603686635945, 0.8596723044397463, 0.8026515151515151, 0.76890756302521, 0.8746977670317166, 0.7923471054135707, 0.9017214731119758, 0.8754755328573662, 0.9054029743343728, 0.9116091954022989, 0.804731066738622, 0.9054297015462063, 0.9004463615099035, 0.9066930719656283]
2023-06-17 03:26:05,701|INFO|nn.computeOptunaObjective|Trial 18 timings:|15.743353599999978
2023-06-17 03:26:05,701|INFO|nn.computeOptunaObjective|Trial 18 objective:|0.7408253755175722
2023-06-17 03:26:14,049|INFO|nn.computeOptunaObjective|Trial 19 params:|{'n_layers': 3, 'architecture': 'top', 'lr': 0.001, 'n_epochs': 100}
2023-06-17 03:26:14,049|INFO|nn.computeOptunaObjective|Trial 19 balacc:|[0.755885721986389, 0.762122849762764, 0.7114439324116744, 0.6982029598308668, 0.7515151515151515, 0.7034813925570228, 0.7377151187597781, 0.6995590756920063, 0.7658157011138944, 0.7419094272760436, 0.804989206044615, 0.7785057471264367, 0.7540025184385681, 0.7787216828478964, 0.7681774287001867, 0.781015037593985]
2023-06-17 03:26:14,049|INFO|nn.computeOptunaObjective|Trial 19 rocauc:|[0.8697880870561283, 0.8673402092073204, 0.8195084485407066, 0.8335095137420718, 0.8060606060606061, 0.7346938775510204, 0.8735955056179775, 0.8016963337960317, 0.907157703991899, 0.8868101516493825, 0.9127488606380427, 0.9173563218390804, 0.8256880733944953, 0.9302409205321827, 0.901650250005365, 0.9134823666308628]
2023-06-17 03:26:14,049|INFO|nn.computeOptunaObjective|Trial 19 timings:|8.34054260000002
2023-06-17 03:26:14,049|INFO|nn.computeOptunaObjective|Trial 19 objective:|0.74956643447858
2023-06-17 03:26:30,143|INFO|nn.computeOptunaObjective|Trial 20 params:|{'n_layers': 3, 'architecture': 'top', 'lr': 0.0001, 'n_epochs': 200}
2023-06-17 03:26:30,143|INFO|nn.computeOptunaObjective|Trial 20 balacc:|[0.6969745973990971, 0.7002033451188012, 0.6391705069124424, 0.6358350951374208, 0.7181818181818183, 0.6740696278511404, 0.5886164841416583, 0.6005144116926594, 0.7384080370942814, 0.7169081244462974, 0.7275725593667546, 0.768448275862069, 0.708355819391977, 0.7363807982740022, 0.7384300092276659, 0.7729636591478697]
2023-06-17 03:26:30,143|INFO|nn.computeOptunaObjective|Trial 20 rocauc:|[0.8212805740853042, 0.8223954421382381, 0.8119815668202766, 0.8229386892177589, 0.8257575757575758, 0.773109243697479, 0.8171312757786943, 0.7549093655589125, 0.8852528913286788, 0.8699254781385168, 0.8940393379707364, 0.8825287356321839, 0.7976254722072316, 0.8732470334412081, 0.8742934397733857, 0.8898071070533476]
2023-06-17 03:26:30,143|INFO|nn.computeOptunaObjective|Trial 20 timings:|16.102703100000014
2023-06-17 03:26:30,143|INFO|nn.computeOptunaObjective|Trial 20 objective:|0.6975645730778721
2023-06-17 03:26:41,974|INFO|nn.computeOptunaObjective|Trial 21 params:|{'n_layers': 3, 'architecture': 'outer', 'lr': 0.001, 'n_epochs': 150}
2023-06-17 03:26:41,974|INFO|nn.computeOptunaObjective|Trial 21 balacc:|[0.7582979583586011, 0.7590268745305659, 0.7346390168970813, 0.7378435517970401, 0.7515151515151515, 0.6842737094837935, 0.7335016356137107, 0.7055605454396995, 0.8089191493897565, 0.7411016728333941, 0.7835811945310627, 0.7985057471264367, 0.7230617017449181, 0.8000269687162891, 0.7596128672289105, 0.7956453634085213]
2023-06-17 03:26:41,974|INFO|nn.computeOptunaObjective|Trial 21 rocauc:|[0.8624654672865708, 0.8540843057870922, 0.8276497695852535, 0.8337737843551797, 0.8003787878787878, 0.7130852340936376, 0.8809913241359694, 0.8034518657630441, 0.9006821936790492, 0.8940017718484549, 0.9092708083473254, 0.9077586206896552, 0.8317143371109912, 0.9262855088097807, 0.8961887594154381, 0.9045828857858933]
2023-06-17 03:26:41,974|INFO|nn.computeOptunaObjective|Trial 21 timings:|11.81768870000002
2023-06-17 03:26:41,974|INFO|nn.computeOptunaObjective|Trial 21 objective:|0.7546945692884333
2023-06-17 03:26:50,082|INFO|nn.computeOptunaObjective|Trial 22 params:|{'n_layers': 4, 'architecture': 'inner', 'lr': 0.001, 'n_epochs': 100}
2023-06-17 03:26:50,082|INFO|nn.computeOptunaObjective|Trial 22 balacc:|[0.7175257731958763, 0.7507849854360928, 0.7168202764976959, 0.7209302325581395, 0.6977272727272728, 0.7226890756302521, 0.6280223296828332, 0.6004735853678452, 0.7745563076267121, 0.7281776017510031, 0.8097565363396497, 0.7698850574712643, 0.7950620615218564, 0.76415857605178, 0.7816262151548317, 0.812907268170426]
2023-06-17 03:26:50,082|INFO|nn.computeOptunaObjective|Trial 22 rocauc:|[0.8659153695842599, 0.8606939381171341, 0.8179723502304147, 0.8427589852008457, 0.8325757575757575, 0.7442977190876351, 0.8179668610439482, 0.7807116028415122, 0.8983904492884932, 0.8654958570014071, 0.9021947709282803, 0.8880459770114943, 0.8200215866162978, 0.9020136641495864, 0.8918045451619133, 0.8851526136770498]
2023-06-17 03:26:50,082|INFO|nn.computeOptunaObjective|Trial 22 timings:|8.107165699999996
2023-06-17 03:26:50,082|INFO|nn.computeOptunaObjective|Trial 22 objective:|0.7369439471989707
2023-06-17 03:27:02,647|INFO|nn.computeOptunaObjective|Trial 23 params:|{'n_layers': 4, 'architecture': 'top', 'lr': 0.001, 'n_epochs': 150}
2023-06-17 03:27:02,647|INFO|nn.computeOptunaObjective|Trial 23 balacc:|[0.7323091435887069, 0.7791507135398539, 0.7445468509984638, 0.6923890063424947, 0.7037878787878789, 0.7226890756302521, 0.7060695491395249, 0.6935576059443129, 0.768134093695038, 0.7273959039032779, 0.780942672103622, 0.785632183908046, 0.6627091203453859, 0.7363807982740022, 0.7754758685808709, 0.7845551378446115]
2023-06-17 03:27:02,647|INFO|nn.computeOptunaObjective|Trial 23 rocauc:|[0.8761185230105788, 0.8614889992122667, 0.8331029185867896, 0.8513477801268499, 0.8223484848484849, 0.737094837935174, 0.8759244773147489, 0.7969400669551727, 0.9043596439801738, 0.891656678305279, 0.9107699688174622, 0.9100000000000001, 0.8042813455657492, 0.9137900035958288, 0.9041245520290134, 0.9095394736842104]
2023-06-17 03:27:02,647|INFO|nn.computeOptunaObjective|Trial 23 timings:|12.560565699999984
2023-06-17 03:27:02,647|INFO|nn.computeOptunaObjective|Trial 23 objective:|0.7372328501641464
2023-06-17 03:27:18,064|INFO|nn.computeOptunaObjective|Trial 24 params:|{'n_layers': 2, 'architecture': 'inner', 'lr': 0.0001, 'n_epochs': 200}
2023-06-17 03:27:18,064|INFO|nn.computeOptunaObjective|Trial 24 balacc:|[0.6005592615052894, 0.6231208895890963, 0.5695852534562212, 0.5169133192389006, 0.6507575757575758, 0.6368547418967587, 0.5, 0.5, 0.5564808399509673, 0.5677341185053937, 0.6538138642360278, 0.6785057471264369, 0.5836481381543444, 0.5662081984897519, 0.6290006223309513, 0.693358395989975]
2023-06-17 03:27:18,064|INFO|nn.computeOptunaObjective|Trial 24 rocauc:|[0.7412387979246682, 0.7562807994577463, 0.7904761904761906, 0.7782769556025371, 0.7795454545454545, 0.7611044417767107, 0.7526489830749539, 0.7035498489425982, 0.8226029952566221, 0.8024910104747511, 0.8846246102182778, 0.8469540229885056, 0.7114588954847995, 0.7667206040992449, 0.8130775338526579, 0.847831632653061]
2023-06-17 03:27:18,064|INFO|nn.computeOptunaObjective|Trial 24 timings:|15.412704799999972
2023-06-17 03:27:18,064|INFO|nn.computeOptunaObjective|Trial 24 objective:|0.5954088103892307
2023-06-17 03:27:33,379|INFO|nn.computeOptunaObjective|Trial 25 params:|{'n_layers': 3, 'architecture': 'bottom', 'lr': 0.0001, 'n_epochs': 200}
2023-06-17 03:27:33,379|INFO|nn.computeOptunaObjective|Trial 25 balacc:|[0.5711373896637693, 0.573215234396468, 0.5142857142857142, 0.5140063424947146, 0.6053030303030302, 0.578031212484994, 0.5, 0.5022250347023761, 0.5, 0.5, 0.5113636363636364, 0.5571264367816091, 0.5, 0.49838187702265374, 0.6035837678920148, 0.6129385964912281]
2023-06-17 03:27:33,379|INFO|nn.computeOptunaObjective|Trial 25 rocauc:|[0.7110858432720168, 0.7269587997142176, 0.745468509984639, 0.7293868921775899, 0.7371212121212121, 0.7382953181272509, 0.7120075380457972, 0.6787478566179472, 0.8033363534616, 0.7606701756214498, 0.8594986807387863, 0.7922413793103448, 0.688253282964562, 0.736156058971593, 0.785561921929655, 0.8014836197636949]
2023-06-17 03:27:33,379|INFO|nn.computeOptunaObjective|Trial 25 timings:|15.315030400000012
2023-06-17 03:27:33,379|INFO|nn.computeOptunaObjective|Trial 25 objective:|0.540099892055138
2023-06-17 03:27:45,006|INFO|nn.computeOptunaObjective|Trial 26 params:|{'n_layers': 2, 'architecture': 'outer', 'lr': 0.0001, 'n_epochs': 150}
2023-06-17 03:27:45,006|INFO|nn.computeOptunaObjective|Trial 26 balacc:|[0.5369887473889899, 0.5661567772546576, 0.5142857142857142, 0.5, 0.5454545454545454, 0.5294117647058824, 0.5, 0.5, 0.5086206896551724, 0.5, 0.5227272727272727, 0.5385632183908046, 0.5147058823529411, 0.5, 0.5645936608081719, 0.5735902255639098]
2023-06-17 03:27:45,006|INFO|nn.computeOptunaObjective|Trial 26 rocauc:|[0.7062950609797183, 0.7271346657629105, 0.7629800307219662, 0.69053911205074, 0.709848484848485, 0.7238895558223288, 0.721358981652681, 0.6687658202008655, 0.7691733731279645, 0.7437855021105841, 0.8469057327896378, 0.807816091954023, 0.6467889908256881, 0.7023552678892485, 0.7791068477864331, 0.8015910311493019]
2023-06-17 03:27:45,006|INFO|nn.computeOptunaObjective|Trial 26 timings:|11.622720600000036
2023-06-17 03:27:45,006|INFO|nn.computeOptunaObjective|Trial 26 objective:|0.5259436561617539
2023-06-17 03:27:52,980|INFO|nn.computeOptunaObjective|Trial 27 params:|{'n_layers': 3, 'architecture': 'inner', 'lr': 0.0001, 'n_epochs': 100}
2023-06-17 03:27:52,980|INFO|nn.computeOptunaObjective|Trial 27 balacc:|[0.5, 0.5, 0.5, 0.5, 0.5, 0.5, 0.5, 0.5, 0.5, 0.5, 0.5, 0.5, 0.5, 0.5, 0.5, 0.5]
2023-06-17 03:27:52,980|INFO|nn.computeOptunaObjective|Trial 27 rocauc:|[0.6810743885182939, 0.6997215454229029, 0.6542242703533027, 0.6493128964059197, 0.6295454545454545, 0.680672268907563, 0.6980159294552696, 0.6544561933534743, 0.7536641262058306, 0.7325029965084162, 0.8269369153274165, 0.7802298850574713, 0.6377945673682317, 0.7006472491909386, 0.7504538724006954, 0.7561157357679913]
2023-06-17 03:27:52,980|INFO|nn.computeOptunaObjective|Trial 27 timings:|7.967055300000027
2023-06-17 03:27:52,980|INFO|nn.computeOptunaObjective|Trial 27 objective:|0.5
2023-06-17 03:28:05,129|INFO|nn.computeOptunaObjective|Trial 28 params:|{'n_layers': 3, 'architecture': 'top', 'lr': 0.001, 'n_epochs': 150}
2023-06-17 03:28:05,129|INFO|nn.computeOptunaObjective|Trial 28 balacc:|[0.7599319452867057, 0.7678128492131826, 0.6953149001536099, 0.7238372093023255, 0.706060606060606, 0.7148859543817527, 0.7461509742568624, 0.7212990936555892, 0.7972072696263923, 0.7419094272760436, 0.7936255696809786, 0.8099425287356322, 0.7408256880733946, 0.7845199568500539, 0.7687654241507329, 0.7805137844611529]
2023-06-17 03:28:05,129|INFO|nn.computeOptunaObjective|Trial 28 rocauc:|[0.8678828919884105, 0.8594170773261033, 0.7942396313364055, 0.8255813953488372, 0.8049242424242425, 0.7478991596638656, 0.8818713554259707, 0.8052278108924634, 0.8913420028780046, 0.8820157381833343, 0.904473494842888, 0.9192241379310344, 0.8319841698147149, 0.9217008270406329, 0.9013991716560441, 0.9077515216612961]
2023-06-17 03:28:05,129|INFO|nn.computeOptunaObjective|Trial 28 timings:|12.15651710000003
2023-06-17 03:28:05,129|INFO|nn.computeOptunaObjective|Trial 28 objective:|0.7532876988228134
2023-06-17 03:28:13,213|INFO|nn.computeOptunaObjective|Trial 29 params:|{'n_layers': 4, 'architecture': 'outer', 'lr': 0.001, 'n_epochs': 100}
2023-06-17 03:28:13,213|INFO|nn.computeOptunaObjective|Trial 29 balacc:|[0.732406845899872, 0.7680876399142653, 0.7025345622119815, 0.7687632135306555, 0.6977272727272728, 0.7521008403361344, 0.6083238515147205, 0.5809586021066383, 0.7871609017747695, 0.7604226379696701, 0.8132046054209643, 0.8070114942528736, 0.7494153624752653, 0.7838457389428263, 0.7901907766261078, 0.8151629072681704]
2023-06-17 03:28:13,213|INFO|nn.computeOptunaObjective|Trial 29 rocauc:|[0.8646604002425713, 0.8629398941139831, 0.8199692780337942, 0.8533298097251585, 0.8272727272727273, 0.7551020408163266, 0.8244559806570901, 0.7743018698456764, 0.8964451313755796, 0.8557246339048413, 0.895538498440873, 0.8886781609195403, 0.8132757690232056, 0.8977885652642935, 0.8910577480203438, 0.885358485499463]
2023-06-17 03:28:13,213|INFO|nn.computeOptunaObjective|Trial 29 timings:|8.068066799999997
2023-06-17 03:28:13,213|INFO|nn.computeOptunaObjective|Trial 29 objective:|0.7448323283107617
2023-06-17 03:28:29,288|INFO|nn.computeOptunaObjective|Trial 30 params:|{'n_layers': 4, 'architecture': 'linear', 'lr': 0.0001, 'n_epochs': 200}
2023-06-17 03:28:29,288|INFO|nn.computeOptunaObjective|Trial 30 balacc:|[0.6850212249848393, 0.71787055526041, 0.6453917050691245, 0.7267441860465116, 0.7348484848484849, 0.6638655462184874, 0.5569886929313043, 0.5614844451702458, 0.7368624420401855, 0.6951248110896868, 0.7394459102902375, 0.7255747126436782, 0.7169454937938478, 0.7241100323624595, 0.745417283632696, 0.7513784461152883]
2023-06-17 03:28:29,288|INFO|nn.computeOptunaObjective|Trial 30 rocauc:|[0.8106916649821441, 0.8142066792459742, 0.7946236559139785, 0.8279598308668076, 0.8409090909090908, 0.7430972388955582, 0.7732719385578155, 0.7471319506817996, 0.8877578212439375, 0.8500442962113711, 0.8942192372271528, 0.8548275862068965, 0.7971757510343587, 0.8590435095289464, 0.8641258396102921, 0.8637822234156822]
2023-06-17 03:28:29,288|INFO|nn.computeOptunaObjective|Trial 30 timings:|16.079815099999962
2023-06-17 03:28:29,288|INFO|nn.computeOptunaObjective|Trial 30 objective:|0.695442123281093
2023-06-17 03:28:37,504|INFO|nn.computeOptunaObjective|Trial 31 params:|{'n_layers': 3, 'architecture': 'top', 'lr': 0.0001, 'n_epochs': 100}
2023-06-17 03:28:37,504|INFO|nn.computeOptunaObjective|Trial 31 balacc:|[0.5016339869281046, 0.5, 0.5, 0.5, 0.5, 0.5, 0.5, 0.5, 0.5, 0.5, 0.5, 0.5, 0.5, 0.5, 0.5, 0.5112781954887218]
2023-06-17 03:28:37,504|INFO|nn.computeOptunaObjective|Trial 31 rocauc:|[0.7135519843676301, 0.7344477622877241, 0.7364055299539171, 0.7307082452431289, 0.7075757575757575, 0.7154861944777912, 0.7044339354288153, 0.6731138237935821, 0.8216969567766349, 0.7892542602532701, 0.8842048452866396, 0.8398275862068966, 0.688882892606584, 0.7619561308881697, 0.798433442777742, 0.812359022556391]
2023-06-17 03:28:37,504|INFO|nn.computeOptunaObjective|Trial 31 timings:|8.212735900000041
2023-06-17 03:28:37,504|INFO|nn.computeOptunaObjective|Trial 31 objective:|0.5008070114010517
2023-06-17 03:28:53,432|INFO|nn.computeOptunaObjective|Trial 32 params:|{'n_layers': 4, 'architecture': 'inner', 'lr': 0.001, 'n_epochs': 200}
2023-06-17 03:28:53,432|INFO|nn.computeOptunaObjective|Trial 32 balacc:|[0.7496024526649148, 0.7771484052979647, 0.7203533026113671, 0.732029598308668, 0.6977272727272728, 0.7226890756302521, 0.7208345185606599, 0.7175634849350861, 0.740726429675425, 0.7491661889624264, 0.7883485248260974, 0.8170689655172414, 0.7068267674042095, 0.743797195253506, 0.7540784136998648, 0.7955513784461152]
2023-06-17 03:28:53,432|INFO|nn.computeOptunaObjective|Trial 32 rocauc:|[0.8763122431103025, 0.8586897979372379, 0.8434715821812596, 0.8765856236786469, 0.8212121212121212, 0.758703481392557, 0.8750800028445457, 0.8109537029476608, 0.9011085647284549, 0.8808692480066705, 0.8991065003597987, 0.9226149425287355, 0.8159740960604425, 0.8949119021934555, 0.9020880276400781, 0.907124955245256]
2023-06-17 03:28:53,432|INFO|nn.computeOptunaObjective|Trial 32 timings:|15.923412100000007
2023-06-17 03:28:53,432|INFO|nn.computeOptunaObjective|Trial 32 objective:|0.745844498407567
2023-06-17 03:29:04,991|INFO|nn.computeOptunaObjective|Trial 33 params:|{'n_layers': 3, 'architecture': 'bottom', 'lr': 0.001, 'n_epochs': 150}
2023-06-17 03:29:04,991|INFO|nn.computeOptunaObjective|Trial 33 balacc:|[0.7643959301933831, 0.7704545038195907, 0.6685867895545314, 0.6329281183932347, 0.706060606060606, 0.723889555822329, 0.7405329967287726, 0.681513840124112, 0.7705724031338272, 0.742717181718693, 0.7708982969537059, 0.775632183908046, 0.7068267674042095, 0.7567421790722761, 0.7596128672289105, 0.8154135338345865]
2023-06-17 03:29:04,991|INFO|nn.computeOptunaObjective|Trial 33 rocauc:|[0.8711525503672259, 0.86146701595618, 0.7953149001536098, 0.8010042283298097, 0.743939393939394, 0.7382953181272509, 0.880671312757787, 0.7960623009716665, 0.8941533869850237, 0.8881911511803637, 0.9011153753897818, 0.9031034482758621, 0.8122863824428853, 0.9217008270406328, 0.8932530741003025, 0.9103182062298603]
2023-06-17 03:29:04,991|INFO|nn.computeOptunaObjective|Trial 33 timings:|11.554123300000015
2023-06-17 03:29:04,991|INFO|nn.computeOptunaObjective|Trial 33 objective:|0.736673609621926
2023-06-17 03:29:20,837|INFO|nn.computeOptunaObjective|Trial 34 params:|{'n_layers': 3, 'architecture': 'inner', 'lr': 0.001, 'n_epochs': 200}
2023-06-17 03:29:20,837|INFO|nn.computeOptunaObjective|Trial 34 balacc:|[0.7624216696988073, 0.7555663436349314, 0.7114439324116744, 0.7122093023255813, 0.6977272727272728, 0.6740696278511404, 0.749671099416868, 0.7032946844125092, 0.7909049725523637, 0.7419094272760436, 0.7936255696809786, 0.7985057471264367, 0.7610631408526713, 0.7796655879180151, 0.760076396489195, 0.7969298245614036]
2023-06-17 03:29:20,837|INFO|nn.computeOptunaObjective|Trial 34 rocauc:|[0.8635587224580554, 0.8569714400864674, 0.8116743471582182, 0.8380021141649048, 0.756060606060606, 0.7274909963985595, 0.8824313753377897, 0.8045541765330284, 0.8943399243191387, 0.8858200010422638, 0.9045034780522908, 0.9072988505747126, 0.823709300233855, 0.9089356346637899, 0.8947638361338225, 0.9048469387755103]
2023-06-17 03:29:20,837|INFO|nn.computeOptunaObjective|Trial 34 timings:|15.843951500000003
2023-06-17 03:29:20,837|INFO|nn.computeOptunaObjective|Trial 34 objective:|0.7493177874334933
2023-06-17 03:29:37,666|INFO|nn.computeOptunaObjective|Trial 35 params:|{'n_layers': 4, 'architecture': 'top', 'lr': 0.001, 'n_epochs': 200}
2023-06-17 03:29:37,666|INFO|nn.computeOptunaObjective|Trial 35 balacc:|[0.7645812276800754, 0.7719237181013794, 0.7149769585253456, 0.7378435517970401, 0.6893939393939394, 0.7328931572629052, 0.7370217607737164, 0.6837797011513024, 0.7815114853701434, 0.7225493772473813, 0.7621731830175102, 0.8512643678160919, 0.6247076812376327, 0.680151024811219, 0.7473057361745961, 0.7889724310776942]
2023-06-17 03:29:37,666|INFO|nn.computeOptunaObjective|Trial 35 rocauc:|[0.8668974462637289, 0.8390257753677616, 0.8273425499231951, 0.8641649048625792, 0.8295454545454546, 0.76890756302521, 0.8524925330678425, 0.78901975994121, 0.9055055161754517, 0.8800093803741726, 0.9073518829455505, 0.901264367816092, 0.8212808059003417, 0.8762135922330098, 0.8925427584282924, 0.8928056749015395]
2023-06-17 03:29:37,666|INFO|nn.computeOptunaObjective|Trial 35 timings:|16.816146400000036
2023-06-17 03:29:37,666|INFO|nn.computeOptunaObjective|Trial 35 objective:|0.7369405813398733
2023-06-17 03:29:49,217|INFO|nn.computeOptunaObjective|Trial 36 params:|{'n_layers': 3, 'architecture': 'bottom', 'lr': 0.0001, 'n_epochs': 150}
2023-06-17 03:29:49,217|INFO|nn.computeOptunaObjective|Trial 36 balacc:|[0.5032679738562091, 0.5, 0.5, 0.5, 0.5, 0.5, 0.5, 0.5, 0.5, 0.5, 0.5, 0.5, 0.5147058823529411, 0.5, 0.5142857142857142, 0.5037593984962406]
2023-06-17 03:29:49,217|INFO|nn.computeOptunaObjective|Trial 36 rocauc:|[0.6681170406306853, 0.6592100683312877, 0.6216589861751152, 0.5993657505285412, 0.6037878787878788, 0.6782713085234093, 0.7025494239795191, 0.6464134073650689, 0.6849917390609177, 0.6776799207879514, 0.7892780043175821, 0.7098850574712643, 0.5986688253282965, 0.6129090255303847, 0.714431640163952, 0.7031440207662012]
2023-06-17 03:29:49,217|INFO|nn.computeOptunaObjective|Trial 36 timings:|11.545257700000036
2023-06-17 03:29:49,217|INFO|nn.computeOptunaObjective|Trial 36 objective:|0.502251185561944
2023-06-17 03:30:00,979|INFO|nn.computeOptunaObjective|Trial 37 params:|{'n_layers': 3, 'architecture': 'linear', 'lr': 0.0001, 'n_epochs': 150}
2023-06-17 03:30:00,979|INFO|nn.computeOptunaObjective|Trial 37 balacc:|[0.571652853581295, 0.5655650612783263, 0.5142857142857142, 0.5, 0.6257575757575757, 0.5588235294117647, 0.5, 0.5, 0.5, 0.5282192923028819, 0.5782261933317342, 0.51, 0.5527073214606943, 0.5, 0.5898860490568467, 0.6057330827067668]
2023-06-17 03:30:00,979|INFO|nn.computeOptunaObjective|Trial 37 rocauc:|[0.7272471531567953, 0.7506091193873999, 0.7615975422427035, 0.7856765327695561, 0.7742424242424242, 0.7551020408163265, 0.7181944246906556, 0.6913836041479545, 0.8403773383787241, 0.8028297462087655, 0.8891820580474934, 0.8443678160919541, 0.7170354380284224, 0.7700467457749011, 0.8122921092727311, 0.8285154851414249]
2023-06-17 03:30:00,979|INFO|nn.computeOptunaObjective|Trial 37 timings:|11.762650699999995
2023-06-17 03:30:00,979|INFO|nn.computeOptunaObjective|Trial 37 objective:|0.54380354207335
2023-06-17 03:30:16,569|INFO|nn.computeOptunaObjective|Trial 38 params:|{'n_layers': 4, 'architecture': 'bottom', 'lr': 0.001, 'n_epochs': 200}
2023-06-17 03:30:16,569|INFO|nn.computeOptunaObjective|Trial 38 balacc:|[0.761478337039283, 0.7652188249949622, 0.6774961597542243, 0.6183932346723044, 0.803030303030303, 0.6932773109243697, 0.7384262551557388, 0.6837388748264881, 0.772117998187923, 0.7459351711918286, 0.7796234108899016, 0.7870689655172414, 0.7448282065119626, 0.7919363538295576, 0.7667246078242023, 0.7995927318295739]
2023-06-17 03:30:16,569|INFO|nn.computeOptunaObjective|Trial 38 rocauc:|[0.8646907216494846, 0.8608331654056826, 0.7789554531490015, 0.7950581395348837, 0.8560606060606061, 0.6962785114045618, 0.8728132555824207, 0.7887135625051033, 0.888424026008634, 0.8693522330501849, 0.9034840489325977, 0.9036781609195402, 0.8037416801583018, 0.9031823085221143, 0.8898173780553232, 0.8948800572860722]
2023-06-17 03:30:16,569|INFO|nn.computeOptunaObjective|Trial 38 timings:|15.592650900000024
2023-06-17 03:30:16,569|INFO|nn.computeOptunaObjective|Trial 38 objective:|0.7455554216362416
2023-06-17 03:30:29,158|INFO|nn.computeOptunaObjective|Trial 39 params:|{'n_layers': 4, 'architecture': 'top', 'lr': 0.0001, 'n_epochs': 150}
2023-06-17 03:30:29,158|INFO|nn.computeOptunaObjective|Trial 39 balacc:|[0.6729802573950543, 0.6815798633374247, 0.6043778801843318, 0.6701902748414377, 0.7227272727272727, 0.6944777911164466, 0.5, 0.5, 0.7416191440601183, 0.6281984470269425, 0.748980570880307, 0.7084482758620689, 0.6804731066738622, 0.6504854368932039, 0.7114358677224834, 0.7458646616541353]
2023-06-17 03:30:29,158|INFO|nn.computeOptunaObjective|Trial 39 rocauc:|[0.8045498955595985, 0.8148112187883563, 0.7953917050691245, 0.8366807610993657, 0.8212121212121213, 0.765906362545018, 0.7737697340349878, 0.7425594023026046, 0.8851462985663273, 0.8547344832977226, 0.893739505876709, 0.8541379310344828, 0.7907897103795647, 0.8473570658036678, 0.8634176699070795, 0.8616966523451485]
2023-06-17 03:30:29,158|INFO|nn.computeOptunaObjective|Trial 39 timings:|12.581974399999979
2023-06-17 03:30:29,158|INFO|nn.computeOptunaObjective|Trial 39 objective:|0.6663649281484432
2023-06-17 03:30:44,807|INFO|nn.computeOptunaObjective|Trial 40 params:|{'n_layers': 3, 'architecture': 'linear', 'lr': 0.001, 'n_epochs': 200}
2023-06-17 03:30:44,807|INFO|nn.computeOptunaObjective|Trial 40 balacc:|[0.7580351728320194, 0.7542455163317274, 0.6998463901689708, 0.7151162790697674, 0.7265151515151516, 0.6842737094837935, 0.7236523965296544, 0.7025393974034457, 0.8089191493897565, 0.7338449111470113, 0.7695790357399857, 0.7870689655172414, 0.7408256880733946, 0.8074433656957929, 0.7499345479516728, 0.7989035087719298]
2023-06-17 03:30:44,807|INFO|nn.computeOptunaObjective|Trial 40 rocauc:|[0.8700239202210094, 0.8575411728067122, 0.8158218125960062, 0.82161733615222, 0.7837121212121212, 0.6734693877551021, 0.8870448727065852, 0.7912856209684004, 0.8975377071896817, 0.8915524519255823, 0.8990765171503957, 0.8961494252873563, 0.8376506565929125, 0.9238133764832793, 0.8939676817099079, 0.897581006086645]
2023-06-17 03:30:44,807|INFO|nn.computeOptunaObjective|Trial 40 timings:|15.63653679999993
2023-06-17 03:30:44,807|INFO|nn.computeOptunaObjective|Trial 40 objective:|0.7475464491013322
2023-06-17 03:31:00,621|INFO|nn.computeOptunaObjective|Trial 41 params:|{'n_layers': 4, 'architecture': 'outer', 'lr': 0.001, 'n_epochs': 200}
2023-06-17 03:31:00,621|INFO|nn.computeOptunaObjective|Trial 41 balacc:|[0.7513240347685466, 0.7778775166248375, 0.7114439324116744, 0.672568710359408, 0.7204545454545455, 0.6932773109243697, 0.6962291992604182, 0.7183187719441496, 0.7901321750253159, 0.7475506800771274, 0.8036699448308947, 0.795632183908046, 0.7392966360856269, 0.7347626752966558, 0.7840404300521471, 0.806015037593985]
2023-06-17 03:31:00,621|INFO|nn.computeOptunaObjective|Trial 41 rocauc:|[0.8667525773195877, 0.8605950134647444, 0.8040706605222734, 0.8380021141649049, 0.7920454545454545, 0.7779111644657863, 0.8686442184611008, 0.7972258512288724, 0.9050258487448702, 0.8818072854239408, 0.9005456944111297, 0.9085632183908045, 0.8115218564490015, 0.9085760517799353, 0.8960192278804264, 0.9110454708199069]
2023-06-17 03:31:00,621|INFO|nn.computeOptunaObjective|Trial 41 timings:|15.806962799999951
2023-06-17 03:31:00,621|INFO|nn.computeOptunaObjective|Trial 41 objective:|0.7464121115386093
2023-06-17 03:31:12,431|INFO|nn.computeOptunaObjective|Trial 42 params:|{'n_layers': 2, 'architecture': 'linear', 'lr': 0.0001, 'n_epochs': 150}
2023-06-17 03:31:12,431|INFO|nn.computeOptunaObjective|Trial 42 balacc:|[0.5381072703995687, 0.5492186784399216, 0.5142857142857142, 0.5, 0.5371212121212121, 0.5882352941176471, 0.5, 0.5, 0.5, 0.5072567616863829, 0.5227272727272727, 0.5, 0.5, 0.5, 0.5580076825682955, 0.5882205513784461]
2023-06-17 03:31:12,431|INFO|nn.computeOptunaObjective|Trial 42 rocauc:|[0.7118034499022978, 0.7254089801601113, 0.7614439324116743, 0.6955602536997886, 0.7333333333333334, 0.7286914765906363, 0.7189766747262125, 0.6738078713154242, 0.7693599104620796, 0.7647871176194695, 0.8607579755337011, 0.8121264367816091, 0.6633387299874078, 0.7224020136641496, 0.784840876413657, 0.8112938596491227]
2023-06-17 03:31:12,431|INFO|nn.computeOptunaObjective|Trial 42 timings:|11.815722999999934
2023-06-17 03:31:12,431|INFO|nn.computeOptunaObjective|Trial 42 objective:|0.5251987773577788
2023-06-17 03:31:24,466|INFO|nn.computeOptunaObjective|Trial 43 params:|{'n_layers': 4, 'architecture': 'linear', 'lr': 0.0001, 'n_epochs': 150}
2023-06-17 03:31:24,466|INFO|nn.computeOptunaObjective|Trial 43 balacc:|[0.5865339262852908, 0.5314617033359591, 0.506221198156682, 0.5, 0.5659090909090909, 0.6266506602641057, 0.5, 0.5, 0.5, 0.5, 0.6009534660590069, 0.6613793103448276, 0.5983540205072855, 0.6030204962243797, 0.6112212708427219, 0.6536967418546366]
2023-06-17 03:31:24,466|INFO|nn.computeOptunaObjective|Trial 43 rocauc:|[0.7593069873997709, 0.780455053400993, 0.7758832565284178, 0.8245243128964059, 0.8053030303030303, 0.7755102040816326, 0.7413596927890769, 0.7150424593778067, 0.8697702925971326, 0.8339934337380791, 0.899736147757256, 0.853103448275862, 0.7727109192300773, 0.8089715929521755, 0.832618725723728, 0.8452671858216971]
2023-06-17 03:31:24,466|INFO|nn.computeOptunaObjective|Trial 43 timings:|12.02818400000001
2023-06-17 03:31:24,466|INFO|nn.computeOptunaObjective|Trial 43 objective:|0.5653376177989992
2023-06-17 03:31:40,500|INFO|nn.computeOptunaObjective|Trial 44 params:|{'n_layers': 4, 'architecture': 'outer', 'lr': 0.0001, 'n_epochs': 200}
2023-06-17 03:31:40,500|INFO|nn.computeOptunaObjective|Trial 44 balacc:|[0.662057812815848, 0.6609064429259713, 0.6043778801843318, 0.6701902748414377, 0.7204545454545455, 0.7046818727490997, 0.5, 0.49924471299093653, 0.732225656877898, 0.5, 0.787029263612377, 0.6913218390804597, 0.6657672243209211, 0.6750269687162891, 0.6676516663447714, 0.7398182957393484]
2023-06-17 03:31:40,500|INFO|nn.computeOptunaObjective|Trial 44 rocauc:|[0.7957870089616601, 0.8099455914411857, 0.7946236559139785, 0.8313953488372093, 0.8303030303030303, 0.7683073229291717, 0.7652716541032569, 0.7368845431534253, 0.8813622555028514, 0.8518943144509875, 0.8945790357399855, 0.8526436781609195, 0.7869221082928584, 0.8443905070118662, 0.8547651237151012, 0.8581476011457215]
2023-06-17 03:31:40,500|INFO|nn.computeOptunaObjective|Trial 44 timings:|16.03165880000006
2023-06-17 03:31:40,500|INFO|nn.computeOptunaObjective|Trial 44 objective:|0.6550471535408897
2023-06-17 03:31:47,974|INFO|nn.computeOptunaObjective|Trial 45 params:|{'n_layers': 4, 'architecture': 'bottom', 'lr': 0.001, 'n_epochs': 100}
2023-06-17 03:31:47,974|INFO|nn.computeOptunaObjective|Trial 45 balacc:|[0.6861397479954181, 0.7238353454119113, 0.6882488479262673, 0.7518498942917548, 0.7348484848484849, 0.712484993997599, 0.5344634475892476, 0.5772229933861354, 0.7816314022277887, 0.684610975037782, 0.7690693211801392, 0.7555172413793103, 0.7285932721712538, 0.7405609492988134, 0.7529303203931415, 0.7923872180451128]
2023-06-17 03:31:47,974|INFO|nn.computeOptunaObjective|Trial 45 rocauc:|[0.8154790782292298, 0.8168666532324546, 0.7970814132104455, 0.8187103594080338, 0.8272727272727273, 0.7430972388955582, 0.7822678139667189, 0.7509083857271168, 0.8813622555028514, 0.8407681484183647, 0.8970976253298153, 0.8512931034482759, 0.7893506026263716, 0.8547285149226898, 0.8621772999420589, 0.8676535087719297]
2023-06-17 03:31:47,974|INFO|nn.computeOptunaObjective|Trial 45 timings:|7.457425299999954
2023-06-17 03:31:47,974|INFO|nn.computeOptunaObjective|Trial 45 objective:|0.71339965344876
2023-06-17 03:32:03,686|INFO|nn.computeOptunaObjective|Trial 46 params:|{'n_layers': 3, 'architecture': 'inner', 'lr': 0.0001, 'n_epochs': 200}
2023-06-17 03:32:03,686|INFO|nn.computeOptunaObjective|Trial 46 balacc:|[0.6632639310019541, 0.6834502720427941, 0.6070660522273426, 0.6672832980972516, 0.6439393939393939, 0.6944777911164466, 0.5, 0.5, 0.6937589937643234, 0.6394939809265725, 0.7101223314943631, 0.7627011494252873, 0.6363554596150387, 0.6734088457389428, 0.706766239618876, 0.7551378446115289]
2023-06-17 03:32:03,686|INFO|nn.computeOptunaObjective|Trial 46 rocauc:|[0.7888366686880938, 0.7966017549966109, 0.7929339477726575, 0.8298097251585624, 0.8159090909090909, 0.7839135654261704, 0.7649694211349737, 0.7325161263983017, 0.8746469114747109, 0.8402470165198812, 0.8902014871671865, 0.8583333333333333, 0.7848533908976435, 0.8355807263574253, 0.8539754071975793, 0.8607836555674903]
2023-06-17 03:32:03,686|INFO|nn.computeOptunaObjective|Trial 46 timings:|15.712790600000062
2023-06-17 03:32:03,686|INFO|nn.computeOptunaObjective|Trial 46 objective:|0.6585765989762572
2023-06-17 03:32:15,622|INFO|nn.computeOptunaObjective|Trial 47 params:|{'n_layers': 2, 'architecture': 'top', 'lr': 0.001, 'n_epochs': 150}
2023-06-17 03:32:15,622|INFO|nn.computeOptunaObjective|Trial 47 balacc:|[0.7442827302742403, 0.7449575906351329, 0.6963133640552995, 0.6643763213530656, 0.7287878787878788, 0.7046818727490997, 0.7236523965296544, 0.6980893279986935, 0.7752091882961147, 0.7112668716452134, 0.7962640921084193, 0.8199425287356322, 0.7230617017449181, 0.7428532901833873, 0.7580978132577952, 0.7876253132832081]
2023-06-17 03:32:15,622|INFO|nn.computeOptunaObjective|Trial 47 rocauc:|[0.8587342497136313, 0.8472530089581768, 0.816589861751152, 0.813953488372093, 0.7840909090909091, 0.758703481392557, 0.8887249324420423, 0.8084326773903814, 0.8971646325214518, 0.8912658293814164, 0.9084912449028545, 0.904367816091954, 0.8254182406907717, 0.9199029126213593, 0.894628640099573, 0.9009398496240602]
2023-06-17 03:32:15,622|INFO|nn.computeOptunaObjective|Trial 47 timings:|11.934958100000017
2023-06-17 03:32:15,622|INFO|nn.computeOptunaObjective|Trial 47 objective:|0.7387163926023596
2023-06-17 03:32:23,666|INFO|nn.computeOptunaObjective|Trial 48 params:|{'n_layers': 2, 'architecture': 'inner', 'lr': 0.001, 'n_epochs': 100}
2023-06-17 03:32:23,666|INFO|nn.computeOptunaObjective|Trial 48 balacc:|[0.7364530692001887, 0.7180500851851173, 0.6900921658986175, 0.6672832980972516, 0.7371212121212121, 0.7046818727490997, 0.6751262267102831, 0.6665714052421001, 0.7501199168576453, 0.7120746260878629, 0.7481710242264332, 0.7699425287356323, 0.6820021586616298, 0.7583603020496225, 0.730391210111805, 0.7783208020050125]
2023-06-17 03:32:23,666|INFO|nn.computeOptunaObjective|Trial 48 rocauc:|[0.8424482851559868, 0.8245937677468993, 0.8175115207373271, 0.8176532769556025, 0.7795454545454545, 0.7466986794717887, 0.8707865168539326, 0.7833653139544378, 0.8866918936204231, 0.8811819271457606, 0.9087311105780762, 0.9043103448275862, 0.7984349703184025, 0.9098345918734269, 0.8861863988497607, 0.8971647869674185]
2023-06-17 03:32:23,666|INFO|nn.computeOptunaObjective|Trial 48 timings:|8.032382299999995
2023-06-17 03:32:23,666|INFO|nn.computeOptunaObjective|Trial 48 objective:|0.7202976189962196
2023-06-17 03:32:39,197|INFO|nn.computeOptunaObjective|Trial 49 params:|{'n_layers': 2, 'architecture': 'outer', 'lr': 0.0001, 'n_epochs': 200}
2023-06-17 03:32:39,197|INFO|nn.computeOptunaObjective|Trial 49 balacc:|[0.5876524492958696, 0.5921135068789272, 0.5633640552995391, 0.5169133192389006, 0.6568181818181817, 0.6368547418967587, 0.5, 0.5, 0.531391568512498, 0.5677341185053937, 0.6022727272727273, 0.632816091954023, 0.5689422558014031, 0.5245415318230852, 0.6249812227730209, 0.681390977443609]
2023-06-17 03:32:39,197|INFO|nn.computeOptunaObjective|Trial 49 rocauc:|[0.7308351863082003, 0.743849268140766, 0.7854070660522273, 0.7732558139534883, 0.7795454545454545, 0.7707082833133253, 0.7543201536054615, 0.6966910263738058, 0.8177263763790439, 0.8007191620199072, 0.8780283041496763, 0.8389080459770115, 0.6972477064220184, 0.7517979144192737, 0.8062318933882702, 0.8376544038668099]
2023-06-17 03:32:39,197|INFO|nn.computeOptunaObjective|Trial 49 timings:|15.534741800000006
2023-06-17 03:32:39,197|INFO|nn.computeOptunaObjective|Trial 49 objective:|0.5804866717821211
2023-06-17 03:32:47,154|INFO|nn.computeOptunaObjective|Trial 50 params:|{'n_layers': 2, 'architecture': 'top', 'lr': 0.001, 'n_epochs': 100}
2023-06-17 03:32:47,154|INFO|nn.computeOptunaObjective|Trial 50 balacc:|[0.744195135098713, 0.7300694304504736, 0.7132872503840246, 0.6672832980972516, 0.7287878787878788, 0.7148859543817527, 0.7004426824064856, 0.6755940230260472, 0.7673612961679902, 0.7136901349731617, 0.7481710242264332, 0.7685057471264368, 0.696708041014571, 0.7599784250269688, 0.7484194939805575, 0.7819862155388471]
2023-06-17 03:32:47,154|INFO|nn.computeOptunaObjective|Trial 50 rocauc:|[0.8565073108281114, 0.8376884606224926, 0.8138248847926267, 0.8221458773784355, 0.818939393939394, 0.7382953181272509, 0.8869470914521406, 0.7970625459296155, 0.894286627937963, 0.8873312835478661, 0.9132885584072918, 0.9061494252873563, 0.8114768843317143, 0.9208018698309961, 0.8931479216292195, 0.9021549409237379]
2023-06-17 03:32:47,154|INFO|nn.computeOptunaObjective|Trial 50 timings:|7.948428600000057
2023-06-17 03:32:47,154|INFO|nn.computeOptunaObjective|Trial 50 objective:|0.7287103769179746
2023-06-17 03:33:03,360|INFO|nn.computeOptunaObjective|Trial 51 params:|{'n_layers': 3, 'architecture': 'top', 'lr': 0.001, 'n_epochs': 200}
2023-06-17 03:33:03,360|INFO|nn.computeOptunaObjective|Trial 51 balacc:|[0.7603598140287042, 0.7549746276586, 0.6890937019969278, 0.7803911205073996, 0.6462121212121212, 0.723889555822329, 0.7433419854928175, 0.7062750061239487, 0.7736635932420188, 0.7273828756058158, 0.8163528424082513, 0.8070689655172414, 0.7230617017449181, 0.7951725997842503, 0.7723835275435096, 0.7907894736842105]
2023-06-17 03:33:03,360|INFO|nn.computeOptunaObjective|Trial 51 rocauc:|[0.868379826157267, 0.8611262754868375, 0.7981566820276498, 0.833377378435518, 0.7882575757575758, 0.7334933973589436, 0.8809913241359694, 0.7956234179799134, 0.8796834194958162, 0.8806607952472771, 0.8996761813384505, 0.9076436781609194, 0.8242489656413025, 0.9218806184825602, 0.9006502285456769, 0.9059411922663801]
2023-06-17 03:33:03,360|INFO|nn.computeOptunaObjective|Trial 51 timings:|16.191660500000012
2023-06-17 03:33:03,360|INFO|nn.computeOptunaObjective|Trial 51 objective:|0.7506508445233164
2023-06-17 03:33:10,842|INFO|nn.computeOptunaObjective|Trial 52 params:|{'n_layers': 2, 'architecture': 'bottom', 'lr': 0.001, 'n_epochs': 100}
2023-06-17 03:33:10,842|INFO|nn.computeOptunaObjective|Trial 52 balacc:|[0.6770365878310087, 0.6781669628299778, 0.661520737327189, 0.6387420718816068, 0.7227272727272727, 0.734093637454982, 0.6392582847390129, 0.6387890912060097, 0.685911101636199, 0.6717520454427015, 0.7254437514991605, 0.7527586206896553, 0.6495322899802123, 0.6856796116504854, 0.7125496255284448, 0.7444862155388471]
2023-06-17 03:33:10,842|INFO|nn.computeOptunaObjective|Trial 52 rocauc:|[0.8076325719291153, 0.7949273636580139, 0.8101382488479263, 0.8253171247357294, 0.775, 0.7442977190876351, 0.851105817095719, 0.759094063852372, 0.870090070884187, 0.8701860440877585, 0.8985967857999521, 0.8848850574712643, 0.7628170534268754, 0.8554476806903992, 0.8559754501169553, 0.8801266559255281]
2023-06-17 03:33:10,842|INFO|nn.computeOptunaObjective|Trial 52 timings:|7.488921499999947
2023-06-17 03:33:10,842|INFO|nn.computeOptunaObjective|Trial 52 objective:|0.6886529942476729
2023-06-17 03:33:22,429|INFO|nn.computeOptunaObjective|Trial 53 params:|{'n_layers': 2, 'architecture': 'outer', 'lr': 0.001, 'n_epochs': 150}
2023-06-17 03:33:22,429|INFO|nn.computeOptunaObjective|Trial 53 balacc:|[0.7490970958830268, 0.7318922087676554, 0.6900921658986175, 0.6643763213530656, 0.7454545454545455, 0.7148859543817527, 0.7074740435215474, 0.6800849187556136, 0.7501199168576453, 0.7112668716452134, 0.7494902854401535, 0.7913793103448276, 0.7129429753552797, 0.761596548004315, 0.7397304663190197, 0.7896929824561403]
2023-06-17 03:33:22,429|INFO|nn.computeOptunaObjective|Trial 53 rocauc:|[0.8523347483323227, 0.8429094839430633, 0.817357910906298, 0.8181818181818182, 0.8136363636363636, 0.7202881152460985, 0.8868759778125445, 0.8033293867886013, 0.8893833608697969, 0.887331283547866, 0.9129287598944591, 0.9004597701149425, 0.8009534088864904, 0.9192736425746134, 0.8904697525697975, 0.9029470998925886]
2023-06-17 03:33:22,429|INFO|nn.computeOptunaObjective|Trial 53 timings:|11.572727499999928
2023-06-17 03:33:22,429|INFO|nn.computeOptunaObjective|Trial 53 objective:|0.7305985381524012
2023-06-17 03:33:30,325|INFO|nn.computeOptunaObjective|Trial 54 params:|{'n_layers': 3, 'architecture': 'inner', 'lr': 0.001, 'n_epochs': 100}
2023-06-17 03:33:30,325|INFO|nn.computeOptunaObjective|Trial 54 balacc:|[0.7527929384812344, 0.7464158132888783, 0.7480798771121351, 0.6329281183932347, 0.681060606060606, 0.7226890756302521, 0.682157587825345, 0.6725320486649792, 0.7979800671534403, 0.763679712335192, 0.7857100023986567, 0.785632183908046, 0.7098848713797445, 0.8000269687162891, 0.7837914976716238, 0.8052318295739348]
2023-06-17 03:33:30,325|INFO|nn.computeOptunaObjective|Trial 54 rocauc:|[0.8684910046492824, 0.8611189477348086, 0.8282642089093701, 0.8144820295983086, 0.7727272727272727, 0.7490996398559423, 0.8718176646280758, 0.7834061402792522, 0.8953259073708895, 0.8881911511803636, 0.8981770208683137, 0.9074137931034483, 0.8183126461593812, 0.9218806184825602, 0.8943925835318354, 0.910859738632295]
2023-06-17 03:33:30,325|INFO|nn.computeOptunaObjective|Trial 54 timings:|7.889391299999943
2023-06-17 03:33:30,325|INFO|nn.computeOptunaObjective|Trial 54 objective:|0.7419120749120994
2023-06-17 03:33:42,297|INFO|nn.computeOptunaObjective|Trial 55 params:|{'n_layers': 3, 'architecture': 'inner', 'lr': 0.001, 'n_epochs': 150}
2023-06-17 03:33:42,297|INFO|nn.computeOptunaObjective|Trial 55 balacc:|[0.7692204029378074, 0.762122849762764, 0.6926267281105991, 0.6952959830866807, 0.7037878787878789, 0.7136854741896759, 0.7538934717678851, 0.6965379276557524, 0.8113574588285455, 0.7411016728333941, 0.7936255696809786, 0.805632183908046, 0.7408256880733946, 0.8090614886731391, 0.7667246078242023, 0.7986215538847118]
2023-06-17 03:33:42,297|INFO|nn.computeOptunaObjective|Trial 55 rocauc:|[0.8687403139950138, 0.8597633136094673, 0.795084485407066, 0.8294133192389006, 0.8075757575757576, 0.7382953181272509, 0.8811424406201109, 0.7927349554993058, 0.8957522784202953, 0.8881911511803637, 0.9041736627488607, 0.9074712643678162, 0.82577801762907, 0.9279935275080906, 0.8977488787313033, 0.9052094522019334]
2023-06-17 03:33:42,297|INFO|nn.computeOptunaObjective|Trial 55 timings:|11.963538999999969
2023-06-17 03:33:42,297|INFO|nn.computeOptunaObjective|Trial 55 objective:|0.753382558750341
2023-06-17 03:33:53,824|INFO|nn.computeOptunaObjective|Trial 56 params:|{'n_layers': 4, 'architecture': 'bottom', 'lr': 0.0001, 'n_epochs': 150}
2023-06-17 03:33:53,824|INFO|nn.computeOptunaObjective|Trial 56 balacc:|[0.5, 0.5, 0.5, 0.5, 0.5, 0.5, 0.5, 0.5, 0.5, 0.5, 0.5, 0.5, 0.5, 0.5, 0.5020408163265306, 0.5018796992481203]
2023-06-17 03:33:53,824|INFO|nn.computeOptunaObjective|Trial 56 rocauc:|[0.6425931541001281, 0.6589792441423783, 0.6001536098310292, 0.5869450317124736, 0.5825757575757575, 0.6602641056422569, 0.6899445313611151, 0.6406160692414469, 0.655811970367212, 0.6658502266923759, 0.7564164068121851, 0.6870689655172413, 0.5801403130059364, 0.6208198489751887, 0.6851606257645014, 0.684297798066595]
2023-06-17 03:33:53,824|INFO|nn.computeOptunaObjective|Trial 56 timings:|11.520312399999966
2023-06-17 03:33:53,824|INFO|nn.computeOptunaObjective|Trial 56 objective:|0.5002450322234157
2023-06-17 03:34:01,945|INFO|nn.computeOptunaObjective|Trial 57 params:|{'n_layers': 2, 'architecture': 'linear', 'lr': 0.001, 'n_epochs': 100}
2023-06-17 03:34:01,945|INFO|nn.computeOptunaObjective|Trial 57 balacc:|[0.721319318105249, 0.701159616758569, 0.6990015360983103, 0.6900105708245243, 0.731060606060606, 0.7148859543817527, 0.6927090741004125, 0.6725728749897935, 0.7328785375473006, 0.7144978894158112, 0.7695790357399857, 0.7513793103448276, 0.6672962763086886, 0.7305825242718447, 0.7314427348226357, 0.7664473684210527]
2023-06-17 03:34:01,945|INFO|nn.computeOptunaObjective|Trial 57 rocauc:|[0.840170810592278, 0.8266308828109257, 0.8070660522273425, 0.8269027484143764, 0.7689393939393939, 0.7551020408163266, 0.8682086474185748, 0.7866722462643914, 0.8865586526674838, 0.8798530408046277, 0.9055528903813864, 0.9010919540229885, 0.7950170894045692, 0.8970693994965839, 0.8819888838816284, 0.8976973684210525]
2023-06-17 03:34:01,945|INFO|nn.computeOptunaObjective|Trial 57 timings:|8.128659999999968
2023-06-17 03:34:01,961|INFO|nn.computeOptunaObjective|Trial 57 objective:|0.7179264517619602
2023-06-17 03:34:17,701|INFO|nn.computeOptunaObjective|Trial 58 params:|{'n_layers': 2, 'architecture': 'top', 'lr': 0.0001, 'n_epochs': 200}
2023-06-17 03:34:17,701|INFO|nn.computeOptunaObjective|Trial 58 balacc:|[0.6303214069132808, 0.6256251488449631, 0.6383256528417819, 0.5367336152219873, 0.6856060606060606, 0.6854741896758703, 0.5056268667330394, 0.51275822650445, 0.6388237488674519, 0.6056334358226066, 0.7040357399856081, 0.7327586206896552, 0.5968249685195179, 0.6201456310679612, 0.6421725788107041, 0.7223370927318296]
2023-06-17 03:34:17,701|INFO|nn.computeOptunaObjective|Trial 58 rocauc:|[0.7623492352267367, 0.7732811841647278, 0.8010752688172043, 0.8097251585623679, 0.8037878787878788, 0.758703481392557, 0.7885258142511733, 0.7185126969870173, 0.8497841496562384, 0.8361561311167857, 0.8909810506116576, 0.8713218390804597, 0.741860046771002, 0.8038475368572456, 0.8276229103628832, 0.8648921410669531]
2023-06-17 03:34:17,701|INFO|nn.computeOptunaObjective|Trial 58 timings:|15.739400199999977
2023-06-17 03:34:17,701|INFO|nn.computeOptunaObjective|Trial 58 objective:|0.6302001864897979
2023-06-17 03:34:25,385|INFO|nn.computeOptunaObjective|Trial 59 params:|{'n_layers': 2, 'architecture': 'linear', 'lr': 0.0001, 'n_epochs': 100}
2023-06-17 03:34:25,385|INFO|nn.computeOptunaObjective|Trial 59 balacc:|[0.5, 0.5, 0.5, 0.5, 0.5, 0.5, 0.5, 0.5, 0.5, 0.5, 0.5, 0.5, 0.5, 0.5, 0.5020408163265306, 0.5056390977443609]
2023-06-17 03:34:25,385|INFO|nn.computeOptunaObjective|Trial 59 rocauc:|[0.665216292702648, 0.6756095773719016, 0.6465437788018433, 0.5874735729386893, 0.615909090909091, 0.6746698679471789, 0.6993670886075949, 0.6448007675349066, 0.6564781751319085, 0.6617853978842044, 0.7610937874790118, 0.6910344827586207, 0.5747436589314625, 0.614527148507731, 0.7132685250756454, 0.7096961152882205]
2023-06-17 03:34:25,385|INFO|nn.computeOptunaObjective|Trial 59 timings:|7.682511699999964
2023-06-17 03:34:25,385|INFO|nn.computeOptunaObjective|Trial 59 objective:|0.5004799946294307
2023-06-17 03:34:40,842|INFO|nn.computeOptunaObjective|Trial 60 params:|{'n_layers': 2, 'architecture': 'linear', 'lr': 0.0001, 'n_epochs': 200}
2023-06-17 03:34:40,842|INFO|nn.computeOptunaObjective|Trial 60 balacc:|[0.5982346203086045, 0.6079579387033542, 0.5695852534562212, 0.5198202959830867, 0.6568181818181817, 0.6662665066026411, 0.5, 0.5, 0.547087352768747, 0.5443483245609464, 0.6223614775725594, 0.6713793103448276, 0.5689422558014031, 0.5384304207119741, 0.6229404064464903, 0.6832706766917294]
2023-06-17 03:34:40,842|INFO|nn.computeOptunaObjective|Trial 60 rocauc:|[0.7460666397143049, 0.7530932273251874, 0.7980030721966207, 0.7830338266384778, 0.7893939393939393, 0.7478991596638656, 0.7508178068553549, 0.705203315097575, 0.8223098651601557, 0.8033508781072489, 0.8840249460302231, 0.8632183908045976, 0.7043533009534089, 0.7682488313556274, 0.8097984935299041, 0.8467977980665952]
2023-06-17 03:34:40,842|INFO|nn.computeOptunaObjective|Trial 60 timings:|15.457987799999955
2023-06-17 03:34:40,842|INFO|nn.computeOptunaObjective|Trial 60 objective:|0.5885901888606729
2023-06-17 03:34:48,549|INFO|nn.computeOptunaObjective|Trial 61 params:|{'n_layers': 2, 'architecture': 'outer', 'lr': 0.001, 'n_epochs': 100}
2023-06-17 03:34:48,549|INFO|nn.computeOptunaObjective|Trial 61 balacc:|[0.7214945084563035, 0.6945133456683826, 0.644546850998464, 0.6672832980972516, 0.7, 0.7046818727490997, 0.7109941686815531, 0.65905936147628, 0.7219394553109844, 0.6798165615717338, 0.7708982969537059, 0.7299425287356323, 0.6703543802842238, 0.7166936353829558, 0.7191356037683212, 0.7609022556390977]
2023-06-17 03:34:48,549|INFO|nn.computeOptunaObjective|Trial 61 rocauc:|[0.8358281113132539, 0.8170241999010753, 0.8007680491551459, 0.8210887949260042, 0.7484848484848484, 0.7202881152460985, 0.8602083629640164, 0.7818955662611251, 0.8820551084581356, 0.8790452863619782, 0.9074718157831614, 0.9018390804597701, 0.7913293757870121, 0.8974289823804387, 0.8777570334127341, 0.8932442713927676]
2023-06-17 03:34:48,549|INFO|nn.computeOptunaObjective|Trial 61 timings:|7.700259599999981
2023-06-17 03:34:48,549|INFO|nn.computeOptunaObjective|Trial 61 objective:|0.7045160077358743
2023-06-17 03:35:00,161|INFO|nn.computeOptunaObjective|Trial 62 params:|{'n_layers': 4, 'architecture': 'bottom', 'lr': 0.001, 'n_epochs': 150}
2023-06-17 03:35:00,161|INFO|nn.computeOptunaObjective|Trial 62 balacc:|[0.7617411225658648, 0.7566600106252405, 0.7337941628264208, 0.7436575052854122, 0.7803030303030303, 0.7034813925570228, 0.6561477741430806, 0.667245039601535, 0.7556494164046261, 0.7507816978477253, 0.7402554569441113, 0.7870689655172414, 0.7818852311566828, 0.7583603020496225, 0.7721345951629863, 0.800062656641604]
2023-06-17 03:35:00,161|INFO|nn.computeOptunaObjective|Trial 62 rocauc:|[0.8651927093861599, 0.8514536428087273, 0.8336405529953917, 0.8456659619450317, 0.8348484848484848, 0.7430972388955582, 0.8500213340918789, 0.7847942353229362, 0.8894899536321484, 0.8764396268695607, 0.8927800431758215, 0.9075862068965517, 0.8310847274689692, 0.9252067601582165, 0.8880662675164703, 0.8980956856426782]
2023-06-17 03:35:00,161|INFO|nn.computeOptunaObjective|Trial 62 timings:|11.595439499999998
2023-06-17 03:35:00,161|INFO|nn.computeOptunaObjective|Trial 62 objective:|0.746826772477013
2023-06-17 03:35:12,048|INFO|nn.computeOptunaObjective|Trial 63 params:|{'n_layers': 2, 'architecture': 'top', 'lr': 0.0001, 'n_epochs': 150}
2023-06-17 03:35:12,048|INFO|nn.computeOptunaObjective|Trial 63 balacc:|[0.5631325382386632, 0.5925678275047173, 0.5401689708141321, 0.5, 0.6424242424242425, 0.6074429771908764, 0.5, 0.5, 0.5164685817832969, 0.5153212778154151, 0.5454545454545454, 0.6085632183908046, 0.5263536607303472, 0.49838187702265374, 0.592978390094208, 0.6424185463659148]
2023-06-17 03:35:12,048|INFO|nn.computeOptunaObjective|Trial 63 rocauc:|[0.7324641196684859, 0.7513235752102148, 0.7874039938556068, 0.752906976744186, 0.7659090909090909, 0.751500600240096, 0.7403641018347319, 0.6946292969706866, 0.8194851569578426, 0.7943613528584084, 0.8776685056368434, 0.848735632183908, 0.6984169814714876, 0.7608773822366055, 0.8087855962574303, 0.8380527210884355]
2023-06-17 03:35:12,048|INFO|nn.computeOptunaObjective|Trial 63 timings:|11.87937050000005
2023-06-17 03:35:12,048|INFO|nn.computeOptunaObjective|Trial 63 objective:|0.5557297908643637
2023-06-17 03:35:23,771|INFO|nn.computeOptunaObjective|Trial 64 params:|{'n_layers': 3, 'architecture': 'inner', 'lr': 0.0001, 'n_epochs': 150}
2023-06-17 03:35:23,771|INFO|nn.computeOptunaObjective|Trial 64 balacc:|[0.5379320800485142, 0.5911993698133255, 0.5142857142857142, 0.5, 0.603030303030303, 0.578031212484994, 0.5, 0.5, 0.5, 0.5604773568190109, 0.5795454545454546, 0.5685632183908046, 0.5, 0.5, 0.5713041052383099, 0.6329260651629073]
2023-06-17 03:35:23,771|INFO|nn.computeOptunaObjective|Trial 64 rocauc:|[0.7386412640657638, 0.7647993111913092, 0.7672811059907834, 0.8062896405919662, 0.7765151515151515, 0.7623049219687876, 0.7272969705589531, 0.7022638197109498, 0.8543143420561745, 0.8158059304810048, 0.8946390021587912, 0.8510344827586207, 0.738532110091743, 0.789284430061129, 0.8177214103306937, 0.8410647153598282]
2023-06-17 03:35:23,771|INFO|nn.computeOptunaObjective|Trial 64 timings:|11.7277153
2023-06-17 03:35:23,771|INFO|nn.computeOptunaObjective|Trial 64 objective:|0.5460809299887086
2023-06-17 03:35:31,767|INFO|nn.computeOptunaObjective|Trial 65 params:|{'n_layers': 3, 'architecture': 'outer', 'lr': 0.0001, 'n_epochs': 100}
2023-06-17 03:35:31,767|INFO|nn.computeOptunaObjective|Trial 65 balacc:|[0.5, 0.5, 0.5, 0.5, 0.5, 0.5, 0.5, 0.5, 0.5, 0.5, 0.5, 0.5, 0.5, 0.5, 0.5, 0.5]
2023-06-17 03:35:31,767|INFO|nn.computeOptunaObjective|Trial 65 rocauc:|[0.6679822788221818, 0.6887702200157546, 0.6473118279569893, 0.6215644820295984, 0.6174242424242424, 0.6794717887154862, 0.6964692077940549, 0.649128357965216, 0.7224857432180355, 0.7048569492938662, 0.8057088030702807, 0.7432758620689655, 0.6204353300953409, 0.6783531103919453, 0.7290113521749394, 0.7344857679914071]
2023-06-17 03:35:31,767|INFO|nn.computeOptunaObjective|Trial 65 timings:|7.9796821999999565
2023-06-17 03:35:31,767|INFO|nn.computeOptunaObjective|Trial 65 objective:|0.5
2023-06-17 03:35:43,378|INFO|nn.computeOptunaObjective|Trial 66 params:|{'n_layers': 2, 'architecture': 'inner', 'lr': 0.001, 'n_epochs': 150}
2023-06-17 03:35:43,378|INFO|nn.computeOptunaObjective|Trial 66 balacc:|[0.7572670305235496, 0.7385384798578416, 0.707910906298003, 0.6643763213530656, 0.731060606060606, 0.6944777911164466, 0.73279049921775, 0.6831060667918674, 0.8010712572616319, 0.7185236333315962, 0.7634924442312305, 0.7913793103448276, 0.7245907537326857, 0.7199298813376483, 0.7555934676709801, 0.7771303258145363]
2023-06-17 03:35:43,378|INFO|nn.computeOptunaObjective|Trial 66 rocauc:|[0.8558385553534128, 0.8470166889552457, 0.8178187403993855, 0.8181818181818181, 0.812878787878788, 0.7358943577430973, 0.885400369790926, 0.8062484690128194, 0.8916751052603528, 0.8864714159153683, 0.9107699688174622, 0.9032183908045976, 0.8177729807519338, 0.9217008270406328, 0.892873237623125, 0.9012598460436807]
2023-06-17 03:35:43,378|INFO|nn.computeOptunaObjective|Trial 66 timings:|11.609436999999957
2023-06-17 03:35:43,378|INFO|nn.computeOptunaObjective|Trial 66 objective:|0.7350774234340167
2023-06-17 03:35:51,274|INFO|nn.computeOptunaObjective|Trial 67 params:|{'n_layers': 4, 'architecture': 'linear', 'lr': 0.0001, 'n_epochs': 100}
2023-06-17 03:35:51,274|INFO|nn.computeOptunaObjective|Trial 67 balacc:|[0.5, 0.5, 0.5, 0.5, 0.5, 0.5, 0.5, 0.5, 0.5, 0.5, 0.5, 0.5, 0.5, 0.5, 0.5, 0.5]
2023-06-17 03:35:51,274|INFO|nn.computeOptunaObjective|Trial 67 rocauc:|[0.6863469442759922, 0.7066719182222874, 0.6966205837173579, 0.6902748414376322, 0.6613636363636364, 0.7034813925570228, 0.696433650974257, 0.660518902588389, 0.7798060011725204, 0.7512376882588984, 0.8507435835931877, 0.7961494252873562, 0.6562331354560172, 0.7219525350593312, 0.7667632352625593, 0.7696271929824562]
2023-06-17 03:35:51,274|INFO|nn.computeOptunaObjective|Trial 67 timings:|7.885497599999894
2023-06-17 03:35:51,274|INFO|nn.computeOptunaObjective|Trial 67 objective:|0.5
2023-06-17 03:35:59,030|INFO|nn.computeOptunaObjective|Trial 68 params:|{'n_layers': 2, 'architecture': 'outer', 'lr': 0.0001, 'n_epochs': 100}
2023-06-17 03:35:59,030|INFO|nn.computeOptunaObjective|Trial 68 balacc:|[0.5, 0.5009562716397677, 0.5, 0.5, 0.5, 0.5, 0.5, 0.5, 0.5, 0.5, 0.5, 0.5, 0.5, 0.5, 0.5020408163265306, 0.5]
2023-06-17 03:35:59,030|INFO|nn.computeOptunaObjective|Trial 68 rocauc:|[0.6595158682029513, 0.6791855203619909, 0.6556067588325654, 0.595137420718816, 0.6151515151515152, 0.6842737094837935, 0.6969847816811263, 0.6456989466808197, 0.6490433299578958, 0.6605867945176924, 0.7345886303669945, 0.6788505747126437, 0.5755531570426335, 0.6168644372527867, 0.7050365887679994, 0.7179712674543501]
2023-06-17 03:35:59,030|INFO|nn.computeOptunaObjective|Trial 68 timings:|7.762585800000011
2023-06-17 03:35:59,030|INFO|nn.computeOptunaObjective|Trial 68 objective:|0.5001873179978937
2023-06-17 03:36:11,019|INFO|nn.computeOptunaObjective|Trial 69 params:|{'n_layers': 4, 'architecture': 'inner', 'lr': 0.0001, 'n_epochs': 150}
2023-06-17 03:36:11,019|INFO|nn.computeOptunaObjective|Trial 69 balacc:|[0.5873121757293983, 0.5025042592558668, 0.5410138248847927, 0.5, 0.6484848484848484, 0.6176470588235294, 0.5204096145640733, 0.5052461827386299, 0.6043409902467622, 0.5757986346344259, 0.718037898776685, 0.6042528735632184, 0.5, 0.5, 0.5889589905362776, 0.6398496240601503]
2023-06-17 03:36:11,019|INFO|nn.computeOptunaObjective|Trial 69 rocauc:|[0.7665942321945961, 0.787115979995237, 0.7717357910906297, 0.8321881606765328, 0.8030303030303031, 0.7731092436974789, 0.7407552268525103, 0.714225932881522, 0.8734210947076694, 0.8380843191411746, 0.9011153753897817, 0.8547701149425286, 0.7763086886130599, 0.8096008629989212, 0.8347046073950084, 0.847795828857859]
2023-06-17 03:36:11,019|INFO|nn.computeOptunaObjective|Trial 69 timings:|11.975371099999961
2023-06-17 03:36:11,019|INFO|nn.computeOptunaObjective|Trial 69 objective:|0.5721160610186662
2023-06-17 03:36:27,466|INFO|nn.computeOptunaObjective|Trial 70 params:|{'n_layers': 4, 'architecture': 'top', 'lr': 0.0001, 'n_epochs': 200}
2023-06-17 03:36:27,466|INFO|nn.computeOptunaObjective|Trial 70 balacc:|[0.7063405430900882, 0.7397219118105043, 0.6936251920122888, 0.7605708245243129, 0.7659090909090909, 0.712484993997599, 0.5963678708576305, 0.5802441414223891, 0.7659356179715398, 0.7168820678513732, 0.7983928999760135, 0.7598850574712643, 0.7610631408526713, 0.7609223300970873, 0.7656108500182407, 0.8046992481203008]
2023-06-17 03:36:27,466|INFO|nn.computeOptunaObjective|Trial 70 rocauc:|[0.8600077488039889, 0.8558099913898914, 0.8125960061443933, 0.8298097251585623, 0.8295454545454546, 0.7298919567827131, 0.827318304650832, 0.7797317710459706, 0.8954857965144167, 0.8662254416592841, 0.9024946030223074, 0.8854597701149426, 0.8089584457636265, 0.8885293060050341, 0.8911607545226292, 0.8856449158610813]
2023-06-17 03:36:27,466|INFO|nn.computeOptunaObjective|Trial 70 timings:|16.4425291
2023-06-17 03:36:27,466|INFO|nn.computeOptunaObjective|Trial 70 objective:|0.7305409863113996
2023-06-17 03:36:35,427|INFO|nn.computeOptunaObjective|Trial 71 params:|{'n_layers': 2, 'architecture': 'inner', 'lr': 0.0001, 'n_epochs': 100}
2023-06-17 03:36:35,427|INFO|nn.computeOptunaObjective|Trial 71 balacc:|[0.5, 0.5, 0.5, 0.5, 0.5, 0.5, 0.5, 0.5, 0.5, 0.5, 0.5, 0.5, 0.5, 0.5, 0.5, 0.5]
2023-06-17 03:36:35,427|INFO|nn.computeOptunaObjective|Trial 71 rocauc:|[0.660513105585877, 0.6718944070932639, 0.6430107526881721, 0.5940803382663848, 0.6212121212121212, 0.6890756302521008, 0.6978737021760775, 0.647413652323018, 0.6579971219954166, 0.6555318151024024, 0.7541376828975773, 0.6772413793103448, 0.5764525993883791, 0.6229773462783171, 0.6975986609154702, 0.6986058897243108]
2023-06-17 03:36:35,427|INFO|nn.computeOptunaObjective|Trial 71 timings:|7.94956030000003
2023-06-17 03:36:35,427|INFO|nn.computeOptunaObjective|Trial 71 objective:|0.5
2023-06-17 03:36:43,494|INFO|nn.computeOptunaObjective|Trial 72 params:|{'n_layers': 2, 'architecture': 'top', 'lr': 0.0001, 'n_epochs': 100}
2023-06-17 03:36:43,494|INFO|nn.computeOptunaObjective|Trial 72 balacc:|[0.5, 0.5040522468719659, 0.5, 0.5, 0.5, 0.5, 0.5, 0.5, 0.5, 0.5, 0.5, 0.5, 0.5, 0.5, 0.5040816326530613, 0.5075187969924813]
2023-06-17 03:36:43,494|INFO|nn.computeOptunaObjective|Trial 72 rocauc:|[0.6779445455158007, 0.6993405023174015, 0.6966205837173579, 0.636892177589852, 0.6348484848484849, 0.6974789915966387, 0.7006115773005263, 0.6538437984812607, 0.7153706763310771, 0.705404137787274, 0.8054089709762533, 0.7670114942528736, 0.6174671703543803, 0.6731391585760518, 0.7493379686259362, 0.759718492660222]
2023-06-17 03:36:43,494|INFO|nn.computeOptunaObjective|Trial 72 timings:|8.059802099999956
2023-06-17 03:36:43,494|INFO|nn.computeOptunaObjective|Trial 72 objective:|0.5009782922823443
2023-06-17 03:36:59,215|INFO|nn.computeOptunaObjective|Trial 73 params:|{'n_layers': 4, 'architecture': 'inner', 'lr': 0.0001, 'n_epochs': 200}
2023-06-17 03:36:59,215|INFO|nn.computeOptunaObjective|Trial 73 balacc:|[0.688464389192103, 0.715456060966897, 0.6132872503840245, 0.6982029598308668, 0.7492424242424243, 0.7136854741896759, 0.5, 0.5779374540703845, 0.791797686937057, 0.6967403199749856, 0.7476613096665867, 0.7370114942528736, 0.689062781075733, 0.7053667745415317, 0.7545698405545183, 0.7667919799498747]
2023-06-17 03:36:59,215|INFO|nn.computeOptunaObjective|Trial 73 rocauc:|[0.8173657435482784, 0.8184531115467053, 0.8084485407066052, 0.8374735729386893, 0.8356060606060606, 0.7478991596638656, 0.7789432513156024, 0.7454988976892301, 0.8901828065874328, 0.8542915211840116, 0.891940513312545, 0.8595977011494252, 0.8019427954668106, 0.8615605897159295, 0.8709071010107513, 0.8628423737916219]
2023-06-17 03:36:59,215|INFO|nn.computeOptunaObjective|Trial 73 timings:|15.721226000000001
2023-06-17 03:36:59,215|INFO|nn.computeOptunaObjective|Trial 73 objective:|0.6965798874893461
2023-06-17 03:37:06,983|INFO|nn.computeOptunaObjective|Trial 74 params:|{'n_layers': 3, 'architecture': 'linear', 'lr': 0.001, 'n_epochs': 100}
2023-06-17 03:37:06,983|INFO|nn.computeOptunaObjective|Trial 74 balacc:|[0.7634525975338589, 0.7370802572040962, 0.6650537634408602, 0.7011099365750528, 0.7037878787878789, 0.6446578631452581, 0.6835709714123169, 0.6837797011513024, 0.7807386878430954, 0.7572307050914586, 0.7883485248260974, 0.8185057471264368, 0.7671793488037417, 0.7551240560949299, 0.7849052554775854, 0.7944548872180451]
2023-06-17 03:37:06,983|INFO|nn.computeOptunaObjective|Trial 74 rocauc:|[0.8756502257260292, 0.864141645446718, 0.8399385560675883, 0.8438160676532769, 0.8075757575757576, 0.737094837935174, 0.8650618688664486, 0.7803237527557768, 0.9007088418696372, 0.8815727760696231, 0.9029743343727512, 0.9050574712643679, 0.8261377945673682, 0.9110032362459547, 0.8964355458271637, 0.9049655388471177]
2023-06-17 03:37:06,983|INFO|nn.computeOptunaObjective|Trial 74 timings:|7.763850100000013
2023-06-17 03:37:06,983|INFO|nn.computeOptunaObjective|Trial 74 objective:|0.7393112613582509
2023-06-17 03:37:22,291|INFO|nn.computeOptunaObjective|Trial 75 params:|{'n_layers': 3, 'architecture': 'bottom', 'lr': 0.001, 'n_epochs': 200}
2023-06-17 03:37:22,291|INFO|nn.computeOptunaObjective|Trial 75 balacc:|[0.7614884441749208, 0.7419990107534761, 0.6953149001536099, 0.607293868921776, 0.6643939393939393, 0.7034813925570228, 0.7292792632626938, 0.7190332326283988, 0.7579678089857698, 0.7249726405753296, 0.766940513312545, 0.8085057471264367, 0.7129429753552797, 0.7690129449838188, 0.7601386295843259, 0.781484962406015]
2023-06-17 03:37:22,291|INFO|nn.computeOptunaObjective|Trial 75 rocauc:|[0.8555875614850752, 0.8525143349149065, 0.8145929339477727, 0.8044397463002114, 0.8015151515151515, 0.7286914765906363, 0.8832314037832456, 0.7972462643912795, 0.8873314501945317, 0.8775730887487623, 0.9047733269369153, 0.8908620689655172, 0.8049109552077712, 0.905249910104279, 0.895132942767012, 0.8957684389545291]
2023-06-17 03:37:22,291|INFO|nn.computeOptunaObjective|Trial 75 timings:|15.302546599999914
2023-06-17 03:37:22,291|INFO|nn.computeOptunaObjective|Trial 75 objective:|0.7315156421359599
2023-06-17 03:37:30,015|INFO|nn.computeOptunaObjective|Trial 76 params:|{'n_layers': 2, 'architecture': 'bottom', 'lr': 0.0001, 'n_epochs': 100}
2023-06-17 03:37:30,015|INFO|nn.computeOptunaObjective|Trial 76 balacc:|[0.5, 0.5, 0.5, 0.5, 0.5, 0.5, 0.5, 0.5, 0.5, 0.5, 0.5, 0.5, 0.5, 0.5, 0.5, 0.5]
2023-06-17 03:37:30,015|INFO|nn.computeOptunaObjective|Trial 76 rocauc:|[0.6102705343305707, 0.627264733361423, 0.5714285714285714, 0.5362050739957718, 0.5583333333333333, 0.637454981992797, 0.6900867586403072, 0.6315117988078714, 0.5467942226722806, 0.5859867632497786, 0.6202926361237706, 0.5689655172413793, 0.5200575643101277, 0.5637360661632507, 0.6256314513186978, 0.6083758503401361]
2023-06-17 03:37:30,015|INFO|nn.computeOptunaObjective|Trial 76 timings:|7.706410099999971
2023-06-17 03:37:30,015|INFO|nn.computeOptunaObjective|Trial 76 objective:|0.5
2023-06-17 03:37:38,247|INFO|nn.computeOptunaObjective|Trial 77 params:|{'n_layers': 4, 'architecture': 'outer', 'lr': 0.0001, 'n_epochs': 100}
2023-06-17 03:37:38,263|INFO|nn.computeOptunaObjective|Trial 77 balacc:|[0.5, 0.5, 0.5, 0.5, 0.5, 0.5, 0.5, 0.5, 0.5, 0.5, 0.5, 0.5, 0.5, 0.5, 0.5, 0.5]
2023-06-17 03:37:38,263|INFO|nn.computeOptunaObjective|Trial 77 rocauc:|[0.6759635469307999, 0.6937017971311851, 0.6688172043010753, 0.6635835095137421, 0.6265151515151515, 0.6854741896758704, 0.6955269520694068, 0.6537621458316323, 0.7582742631775301, 0.7341445619886393, 0.8297553370112737, 0.7691379310344827, 0.6366252923187623, 0.694264653002517, 0.7455653554797312, 0.7477421231650554]
2023-06-17 03:37:38,263|INFO|nn.computeOptunaObjective|Trial 77 timings:|8.239572100000032
2023-06-17 03:37:38,263|INFO|nn.computeOptunaObjective|Trial 77 objective:|0.5
2023-06-17 03:37:53,804|INFO|nn.computeOptunaObjective|Trial 78 params:|{'n_layers': 2, 'architecture': 'linear', 'lr': 0.001, 'n_epochs': 200}
2023-06-17 03:37:53,804|INFO|nn.computeOptunaObjective|Trial 78 balacc:|[0.7470352402129237, 0.7379467638815103, 0.6766513056835637, 0.6672832980972516, 0.7143939393939394, 0.7148859543817527, 0.7278747688806714, 0.6627949701967829, 0.8033896498427757, 0.7104591172025639, 0.7735368193811466, 0.7999425287356322, 0.7052977154164418, 0.7444714131607335, 0.7494087855962575, 0.7965225563909775]
2023-06-17 03:37:53,804|INFO|nn.computeOptunaObjective|Trial 78 rocauc:|[0.855179907014352, 0.8430377196035685, 0.7984639016897082, 0.8224101479915433, 0.7856060606060608, 0.7190876350540216, 0.8865559664343623, 0.802431207642688, 0.8949528327026595, 0.8805565688675804, 0.9087910769968817, 0.9009195402298851, 0.8255981291599208, 0.9187342682488313, 0.8921929655142815, 0.9022623523093449]
2023-06-17 03:37:53,804|INFO|nn.computeOptunaObjective|Trial 78 timings:|15.545573199999922
2023-06-17 03:37:53,804|INFO|nn.computeOptunaObjective|Trial 78 objective:|0.7332434266534328
2023-06-17 03:38:05,997|INFO|nn.computeOptunaObjective|Trial 79 params:|{'n_layers': 3, 'architecture': 'top', 'lr': 0.0001, 'n_epochs': 150}
2023-06-17 03:38:05,997|INFO|nn.computeOptunaObjective|Trial 79 balacc:|[0.6152651438582306, 0.6499807646509242, 0.5811827956989247, 0.5821881606765328, 0.6833333333333333, 0.6368547418967587, 0.5, 0.5, 0.5, 0.5814398874355099, 0.6752218757495803, 0.7070689655172414, 0.6084727468969239, 0.5923678532901834, 0.6548810060301723, 0.7067042606516291]
2023-06-17 03:38:05,997|INFO|nn.computeOptunaObjective|Trial 79 rocauc:|[0.7778165217977224, 0.7934031912360086, 0.7926267281105991, 0.8308668076109936, 0.8189393939393939, 0.7671068427370948, 0.754853505902432, 0.718308565362946, 0.8719021478441613, 0.8472301839595602, 0.8993163828256177, 0.8595977011494252, 0.78143550998381, 0.8299172959367134, 0.8466962810360738, 0.86499955245256]
2023-06-17 03:38:05,997|INFO|nn.computeOptunaObjective|Trial 79 timings:|12.175908699999923
2023-06-17 03:38:05,997|INFO|nn.computeOptunaObjective|Trial 79 objective:|0.6109350959803715
2023-06-17 03:38:21,560|INFO|nn.computeOptunaObjective|Trial 80 params:|{'n_layers': 3, 'architecture': 'outer', 'lr': 0.001, 'n_epochs': 200}
2023-06-17 03:38:21,560|INFO|nn.computeOptunaObjective|Trial 80 balacc:|[0.7702513307728589, 0.7682250352648066, 0.7257296466973886, 0.7209302325581395, 0.7227272727272727, 0.6842737094837935, 0.7236523965296544, 0.6747570833673553, 0.8073735543356606, 0.7499739434050758, 0.7695790357399857, 0.7870689655172414, 0.7408256880733946, 0.7926105717367853, 0.7657353162085023, 0.7971177944862156]
2023-06-17 03:38:21,560|INFO|nn.computeOptunaObjective|Trial 80 rocauc:|[0.8682821238461019, 0.8584296627402129, 0.8019969278033794, 0.8234672304439745, 0.7954545454545455, 0.7022809123649459, 0.8815780116626369, 0.7886523230178819, 0.8959254916591164, 0.8864193027255198, 0.9002758455265052, 0.8974425287356322, 0.8378305450620614, 0.9472761596548004, 0.8988025494109316, 0.9051646974579305]
2023-06-17 03:38:21,560|INFO|nn.computeOptunaObjective|Trial 80 timings:|15.566929899999991
2023-06-17 03:38:21,560|INFO|nn.computeOptunaObjective|Trial 80 objective:|0.7500519735565081
2023-06-17 03:38:33,454|INFO|nn.computeOptunaObjective|Trial 81 params:|{'n_layers': 4, 'architecture': 'outer', 'lr': 0.0001, 'n_epochs': 150}
2023-06-17 03:38:33,454|INFO|nn.computeOptunaObjective|Trial 81 balacc:|[0.5, 0.5, 0.5, 0.5, 0.5515151515151515, 0.5294117647058824, 0.5035201251600057, 0.503735608720503, 0.5235436763843735, 0.5, 0.5681818181818181, 0.5, 0.5, 0.5106526429341963, 0.5167900598725295, 0.5465852130325815]
2023-06-17 03:38:33,454|INFO|nn.computeOptunaObjective|Trial 81 rocauc:|[0.7433410821373222, 0.7615567809185338, 0.7660522273425499, 0.8099894291754757, 0.7856060606060606, 0.765906362545018, 0.731048215047646, 0.7006920062056012, 0.8567126792090818, 0.8137995726718432, 0.900635644039338, 0.8452298850574712, 0.7452779276848354, 0.7764293419633226, 0.8210304942166141, 0.8306502864303617]
2023-06-17 03:38:33,454|INFO|nn.computeOptunaObjective|Trial 81 timings:|11.884370799999942
2023-06-17 03:38:33,454|INFO|nn.computeOptunaObjective|Trial 81 objective:|0.51587100378169
2023-06-17 03:38:48,923|INFO|nn.computeOptunaObjective|Trial 82 params:|{'n_layers': 2, 'architecture': 'bottom', 'lr': 0.0001, 'n_epochs': 200}
2023-06-17 03:38:48,923|INFO|nn.computeOptunaObjective|Trial 82 balacc:|[0.554019270938616, 0.579909135874842, 0.5258832565284178, 0.5, 0.5371212121212121, 0.5588235294117647, 0.5, 0.5, 0.5164685817832969, 0.5, 0.5895898296953705, 0.5985632183908046, 0.5, 0.5106526429341963, 0.5965342603918539, 0.6342105263157894]
2023-06-17 03:38:48,923|INFO|nn.computeOptunaObjective|Trial 82 rocauc:|[0.7146536621521462, 0.7280213237584039, 0.7678955453149001, 0.6960887949260043, 0.6909090909090909, 0.7250900360144057, 0.7255724647987484, 0.6723381236221114, 0.7714384693279327, 0.7409713898587733, 0.8581794195250659, 0.8113793103448276, 0.6462493254182406, 0.707299532542251, 0.7871499388398893, 0.8147981561045472]
2023-06-17 03:38:48,923|INFO|nn.computeOptunaObjective|Trial 82 timings:|15.455934599999978
2023-06-17 03:38:48,923|INFO|nn.computeOptunaObjective|Trial 82 objective:|0.5438609665241353
2023-06-17 03:39:00,669|INFO|nn.computeOptunaObjective|Trial 83 params:|{'n_layers': 4, 'architecture': 'inner', 'lr': 0.001, 'n_epochs': 150}
2023-06-17 03:39:00,685|INFO|nn.computeOptunaObjective|Trial 83 balacc:|[0.725355434269928, 0.7456390715738179, 0.7534562211981566, 0.7291226215644819, 0.706060606060606, 0.7328931572629052, 0.6631791352581425, 0.6995590756920063, 0.7580877258434152, 0.731408619521601, 0.7656212520988247, 0.7927586206896552, 0.7245907537326857, 0.7257281553398058, 0.781812914440224, 0.8162907268170426]
2023-06-17 03:39:00,685|INFO|nn.computeOptunaObjective|Trial 83 rocauc:|[0.8715669429283741, 0.8640830234304873, 0.8330261136712749, 0.8496300211416491, 0.8503787878787878, 0.7575030012004802, 0.8599061299957332, 0.7861210908793991, 0.8952726109897139, 0.8658345927354214, 0.9014751739026146, 0.8995977011494253, 0.8221802482460874, 0.9082614167565624, 0.898800403442134, 0.900391604010025]
2023-06-17 03:39:00,685|INFO|nn.computeOptunaObjective|Trial 83 timings:|11.751691900000083
2023-06-17 03:39:00,685|INFO|nn.computeOptunaObjective|Trial 83 objective:|0.7407227557102062
2023-06-17 03:39:08,512|INFO|nn.computeOptunaObjective|Trial 84 params:|{'n_layers': 3, 'architecture': 'bottom', 'lr': 0.0001, 'n_epochs': 100}
2023-06-17 03:39:08,512|INFO|nn.computeOptunaObjective|Trial 84 balacc:|[0.5, 0.5, 0.5, 0.5, 0.5, 0.5, 0.5, 0.5, 0.5, 0.5, 0.5, 0.5, 0.5, 0.5, 0.5, 0.5]
2023-06-17 03:39:08,512|INFO|nn.computeOptunaObjective|Trial 84 rocauc:|[0.5790428542551042, 0.6076666605602067, 0.5557603686635944, 0.5261627906976745, 0.5462121212121213, 0.6158463385354142, 0.6853399231972692, 0.6237343839307585, 0.5210787187549966, 0.5673041846891448, 0.5913888222595346, 0.5333908045977012, 0.5002698327037236, 0.5496224379719525, 0.5901328354685723, 0.5838547261009667]
2023-06-17 03:39:08,512|INFO|nn.computeOptunaObjective|Trial 84 timings:|7.829073699999981
2023-06-17 03:39:08,512|INFO|nn.computeOptunaObjective|Trial 84 objective:|0.5
2023-06-17 03:39:16,424|INFO|nn.computeOptunaObjective|Trial 85 params:|{'n_layers': 4, 'architecture': 'linear', 'lr': 0.001, 'n_epochs': 100}
2023-06-17 03:39:16,424|INFO|nn.computeOptunaObjective|Trial 85 balacc:|[0.7170979044538778, 0.7698627878432593, 0.7195084485407066, 0.7803911205073996, 0.7121212121212122, 0.7521008403361344, 0.5907410041245911, 0.580203315097575, 0.7839497948089325, 0.7338188545520872, 0.8071180139122092, 0.798448275862069, 0.7448282065119626, 0.7838457389428263, 0.7836670314813623, 0.8157581453634085]
2023-06-17 03:39:16,424|INFO|nn.computeOptunaObjective|Trial 85 rocauc:|[0.864899602452665, 0.8613790829318336, 0.8182795698924731, 0.8430232558139534, 0.8477272727272728, 0.7503001200480192, 0.8237448442611293, 0.7834673797664734, 0.8975643553802697, 0.8620042732815676, 0.9016550731590308, 0.8923563218390805, 0.8150746537146969, 0.9006652283351313, 0.8936372025150755, 0.8850093984962406]
2023-06-17 03:39:16,424|INFO|nn.computeOptunaObjective|Trial 85 timings:|7.903972300000078
2023-06-17 03:39:16,424|INFO|nn.computeOptunaObjective|Trial 85 objective:|0.7420912934037258
2023-06-17 03:39:28,060|INFO|nn.computeOptunaObjective|Trial 86 params:|{'n_layers': 3, 'architecture': 'linear', 'lr': 0.001, 'n_epochs': 150}
2023-06-17 03:39:28,060|INFO|nn.computeOptunaObjective|Trial 86 balacc:|[0.7619062057812815, 0.7585249235165883, 0.6472350230414747, 0.7378435517970401, 0.6833333333333333, 0.6932773109243697, 0.7616270800739582, 0.6965379276557524, 0.804282364227469, 0.742717181718693, 0.7722175581674262, 0.7870689655172414, 0.7555315704263357, 0.7812837108953614, 0.7571085216420953, 0.793671679197995]
2023-06-17 03:39:28,060|INFO|nn.computeOptunaObjective|Trial 86 rocauc:|[0.8724209958897648, 0.8646710755308041, 0.8294162826420891, 0.8417019027484144, 0.7984848484848485, 0.7400960384153662, 0.873133266960603, 0.7911835551563647, 0.8877045248627619, 0.8894418677367242, 0.9064823698728711, 0.9072988505747126, 0.8259579060982192, 0.9214311398777418, 0.8984012532457779, 0.9114572144647332]
2023-06-17 03:39:28,060|INFO|nn.computeOptunaObjective|Trial 86 timings:|11.626517899999953
2023-06-17 03:39:28,060|INFO|nn.computeOptunaObjective|Trial 86 objective:|0.745885431744776
2023-06-17 03:39:36,127|INFO|nn.computeOptunaObjective|Trial 87 params:|{'n_layers': 4, 'architecture': 'inner', 'lr': 0.0001, 'n_epochs': 100}
2023-06-17 03:39:36,127|INFO|nn.computeOptunaObjective|Trial 87 balacc:|[0.5, 0.5, 0.5, 0.5, 0.5, 0.5, 0.5, 0.5, 0.5, 0.5, 0.5, 0.5, 0.5, 0.5, 0.5, 0.5]
2023-06-17 03:39:36,127|INFO|nn.computeOptunaObjective|Trial 87 rocauc:|[0.6900057273768614, 0.7131130122556653, 0.6976958525345622, 0.6892177589852009, 0.6613636363636364, 0.687875150060024, 0.6957580713980942, 0.6612333632726382, 0.7904386292170762, 0.7560060451300225, 0.8597985128328136, 0.8085632183908047, 0.6615398452959166, 0.7350773103200288, 0.7690980493143629, 0.7765462764052989]
2023-06-17 03:39:36,127|INFO|nn.computeOptunaObjective|Trial 87 timings:|8.06615920000013
2023-06-17 03:39:36,127|INFO|nn.computeOptunaObjective|Trial 87 objective:|0.5
2023-06-17 03:39:51,381|INFO|nn.computeOptunaObjective|Trial 88 params:|{'n_layers': 4, 'architecture': 'bottom', 'lr': 0.0001, 'n_epochs': 200}
2023-06-17 03:39:51,381|INFO|nn.computeOptunaObjective|Trial 88 balacc:|[0.5824102149450846, 0.5015479876160991, 0.5, 0.5, 0.5863636363636364, 0.6266506602641057, 0.5, 0.5, 0.6051137877738102, 0.5, 0.659900455744783, 0.5, 0.5, 0.522923408845739, 0.6056245842185455, 0.6578320802005013]
2023-06-17 03:39:51,381|INFO|nn.computeOptunaObjective|Trial 88 rocauc:|[0.7108533791523483, 0.7221701137633503, 0.7439324116743472, 0.7436575052854123, 0.7446969696969696, 0.7551020408163265, 0.708949651543166, 0.6735220870417244, 0.8079997868144753, 0.7581166293188806, 0.8655552890381386, 0.8114942528735631, 0.667026443604965, 0.7177274361740381, 0.787295864718127, 0.8078208915145004]
2023-06-17 03:39:51,381|INFO|nn.computeOptunaObjective|Trial 88 timings:|15.245497699999987
2023-06-17 03:39:51,381|INFO|nn.computeOptunaObjective|Trial 88 objective:|0.5530229259982691
2023-06-17 03:40:03,421|INFO|nn.computeOptunaObjective|Trial 89 params:|{'n_layers': 4, 'architecture': 'outer', 'lr': 0.001, 'n_epochs': 150}
2023-06-17 03:40:03,421|INFO|nn.computeOptunaObjective|Trial 89 balacc:|[0.7629371336163331, 0.7655833806583985, 0.7168202764976959, 0.7547568710359408, 0.7204545454545455, 0.7521008403361344, 0.682157587825345, 0.7078264064668899, 0.7674812130256357, 0.7612434207097817, 0.776984888462461, 0.8398850574712644, 0.750944414463033, 0.77319309600863, 0.7864203094487006, 0.8127192982456141]
2023-06-17 03:40:03,421|INFO|nn.computeOptunaObjective|Trial 89 rocauc:|[0.8802220200795094, 0.8634931393921629, 0.8411674347158218, 0.8665433403805497, 0.8143939393939394, 0.7503001200480193, 0.8652040961456408, 0.7971441985792439, 0.8973778180461547, 0.8723747980613893, 0.8981770208683136, 0.8992528735632184, 0.8260478503327937, 0.9035868392664508, 0.8973583124101376, 0.8969589151450054]
2023-06-17 03:40:03,421|INFO|nn.computeOptunaObjective|Trial 89 timings:|12.02745230000005
2023-06-17 03:40:03,421|INFO|nn.computeOptunaObjective|Trial 89 objective:|0.7582192962329002
2023-06-17 03:40:03,421|INFO|mtg.runMTGExperiment|Best trial number:|89
2023-06-17 03:40:03,421|INFO|mtg.runMTGExperiment|Best trial objective:|0.7582192962329002
2023-06-17 03:40:03,421|INFO|mtg.runMTGExperiment|Best trial params:|{'n_layers': 4, 'architecture': 'outer', 'lr': 0.001, 'n_epochs': 150}
2023-06-17 03:40:03,484|INFO|nn.loadModellingDataset|Trainval descriptors loaded (features, instances):|1024|8062
2023-06-17 03:40:03,484|INFO|nn.loadModellingDataset|Trainval endpoints loaded (tasks, instances):|16|8062
2023-06-17 03:40:03,499|INFO|nn.loadModellingDataset|Test descriptors loaded (features, instances):|1024|2155
2023-06-17 03:40:03,499|INFO|nn.loadModellingDataset|Test endpoints loaded (tasks, instances):|16|2155
2023-06-17 03:40:03,499|INFO|mtg.runMTGExperiment|Final neural network hyperparams:|{'n_layers': 4, 'architecture': 'outer', 'lr': 0.001, 'n_epochs': 150, 'best_trial_num': 89}
2023-06-17 03:40:16,764|INFO|nn.testFinalModel|Final model test balacc:|[0.7282730274240281, 0.805030207512477, 0.7625448028673836, 0.7891120507399577, 0.8757575757575757, 0.8402777777777777, 0.6345505617977528, 0.7220952069894668, 0.7087058322690507, 0.7773253993109928, 0.7263157894736842, 0.7112643678160919, 0.7525107604017216, 0.7616487455197133, 0.7186392811296534, 0.7486215538847119]
2023-06-17 03:40:16,764|INFO|nn.testFinalModel|Final model test rocauc:|[0.8561417694225456, 0.8762878323556023, 0.8972520908004779, 0.941860465116279, 0.9363636363636364, 0.9444444444444444, 0.8720505617977528, 0.8362864374948967, 0.8922945934440187, 0.878797369245224, 0.9217703349282298, 0.8970114942528736, 0.9056671449067432, 0.9293906810035841, 0.8532819854514334, 0.8721267454350161]
2023-06-17 03:40:16,795|INFO|mtg.runMTGExperiment|Mechanistic task grouping experiment timing:|1087.1140785
2023-06-17 03:40:16,795|INFO|mtg.runMTGExperiment|DONE
