2023-06-17 03:40:19,685|INFO|__main__.startLogging|>>>> START LOGGING A GMTAMES EXPERIMENT
2023-06-17 03:40:19,703|INFO|__main__.startLogging|mode:|mtg
2023-06-17 03:40:19,703|INFO|__main__.startLogging|tasks:|TA100,TA100_S9,TA102,TA102_S9,TA104,TA104_S9,TA1535,TA1535_S9
2023-06-17 03:40:19,703|INFO|__main__.startLogging|testsplit:|maxmin
2023-06-17 03:40:19,703|INFO|__main__.startLogging|output:|mtg_experiment_maxmin
2023-06-17 03:40:19,703|INFO|__main__.startLogging|device:|titanv
2023-06-17 03:40:19,703|INFO|__main__.startLogging|DONE
2023-06-17 03:40:19,703|INFO|mtg.runMTGExperiment|>>>> RUNNING MECHANISTIC TASK GROUPING EXPERIMENT
2023-06-17 03:40:23,832|INFO|mtg.runMTGExperiment|Device confirmed:|cuda:0
2023-06-17 03:40:25,042|INFO|nn.loadModellingDataset|Train descriptors loaded (features, instances):|1024|6317
2023-06-17 03:40:25,058|INFO|nn.loadModellingDataset|Train endpoints loaded (tasks, instances):|8|6317
2023-06-17 03:40:25,073|INFO|nn.loadModellingDataset|Val descriptors loaded (features, instances):|1024|2773
2023-06-17 03:40:25,073|INFO|nn.loadModellingDataset|Val endpoints loaded (tasks, instances):|8|2773
2023-06-17 03:40:37,990|INFO|nn.computeOptunaObjective|Trial 0 params:|{'n_layers': 2, 'architecture': 'top', 'lr': 0.001, 'n_epochs': 200}
2023-06-17 03:40:37,990|INFO|nn.computeOptunaObjective|Trial 0 balacc:|[0.7351694629741932, 0.7116786047960137, 0.7159754224270354, 0.6445560253699788, 0.7166666666666667, 0.6842737094837935, 0.7201322713696487, 0.6875969625214339]
2023-06-17 03:40:37,990|INFO|nn.computeOptunaObjective|Trial 0 rocauc:|[0.8272842126541339, 0.8091963287962336, 0.8327956989247313, 0.8683932346723044, 0.8037878787878787, 0.7671068427370948, 0.8850092447731475, 0.79547031926186]
2023-06-17 03:40:37,990|INFO|nn.computeOptunaObjective|Trial 0 timings:|12.9105607
2023-06-17 03:40:37,990|INFO|nn.computeOptunaObjective|Trial 0 objective:|0.7020061407010955
2023-06-17 03:40:44,298|INFO|nn.computeOptunaObjective|Trial 1 params:|{'n_layers': 4, 'architecture': 'top', 'lr': 0.001, 'n_epochs': 100}
2023-06-17 03:40:44,298|INFO|nn.computeOptunaObjective|Trial 1 balacc:|[0.7429014217370797, 0.7517046183157161, 0.7516129032258064, 0.7093023255813953, 0.7515151515151515, 0.6830732292917168, 0.7138120466505475, 0.6589777088266514]
2023-06-17 03:40:44,298|INFO|nn.computeOptunaObjective|Trial 1 rocauc:|[0.8523600161714171, 0.8060728744939271, 0.851305683563748, 0.8744714587737844, 0.8287878787878789, 0.7190876350540216, 0.8695598065709004, 0.7842839062627583]
2023-06-17 03:40:44,298|INFO|nn.computeOptunaObjective|Trial 1 timings:|6.3179590999999995
2023-06-17 03:40:44,298|INFO|nn.computeOptunaObjective|Trial 1 objective:|0.7203624256430081
2023-06-17 03:40:50,655|INFO|nn.computeOptunaObjective|Trial 2 params:|{'n_layers': 3, 'architecture': 'outer', 'lr': 0.001, 'n_epochs': 100}
2023-06-17 03:40:50,655|INFO|nn.computeOptunaObjective|Trial 2 balacc:|[0.742385957819554, 0.7186894315496364, 0.7006912442396314, 0.672568710359408, 0.6643939393939393, 0.7136854741896759, 0.7517867301948513, 0.6875153098718054]
2023-06-17 03:40:50,655|INFO|nn.computeOptunaObjective|Trial 2 rocauc:|[0.8455208543898659, 0.819383736054372, 0.802457757296467, 0.8504228329809724, 0.7984848484848485, 0.7599039615846338, 0.886467074384867, 0.7755878990773251]
2023-06-17 03:40:50,655|INFO|nn.computeOptunaObjective|Trial 2 timings:|6.352757100000002
2023-06-17 03:40:50,655|INFO|nn.computeOptunaObjective|Trial 2 objective:|0.7064645997023127
2023-06-17 03:40:56,614|INFO|nn.computeOptunaObjective|Trial 3 params:|{'n_layers': 4, 'architecture': 'bottom', 'lr': 0.0001, 'n_epochs': 100}
2023-06-17 03:40:56,614|INFO|nn.computeOptunaObjective|Trial 3 balacc:|[0.5, 0.49940828402366866, 0.5, 0.5, 0.5, 0.5, 0.5, 0.5]
2023-06-17 03:40:56,614|INFO|nn.computeOptunaObjective|Trial 3 rocauc:|[0.5789249376726636, 0.5750948027918735, 0.5685099846390169, 0.5393763213530656, 0.5621212121212121, 0.5930372148859544, 0.6978914805859764, 0.6305319670123295]
2023-06-17 03:40:56,614|INFO|nn.computeOptunaObjective|Trial 3 timings:|5.946834899999999
2023-06-17 03:40:56,614|INFO|nn.computeOptunaObjective|Trial 3 objective:|0.49992603550295855
2023-06-17 03:41:05,441|INFO|nn.computeOptunaObjective|Trial 4 params:|{'n_layers': 2, 'architecture': 'bottom', 'lr': 0.001, 'n_epochs': 150}
2023-06-17 03:41:05,441|INFO|nn.computeOptunaObjective|Trial 4 balacc:|[0.7082575298160502, 0.6985655925403484, 0.7052227342549923, 0.6218287526427061, 0.6606060606060606, 0.7046818727490997, 0.7320882520267388, 0.6673266922511636]
2023-06-17 03:41:05,441|INFO|nn.computeOptunaObjective|Trial 4 rocauc:|[0.8132420322080722, 0.7986315423086083, 0.8357910906298003, 0.8816067653276956, 0.818939393939394, 0.7382953181272508, 0.8670886075949368, 0.7880807544704825]
2023-06-17 03:41:05,441|INFO|nn.computeOptunaObjective|Trial 4 timings:|8.825551499999996
2023-06-17 03:41:05,441|INFO|nn.computeOptunaObjective|Trial 4 objective:|0.6873221858608949
2023-06-17 03:41:17,865|INFO|nn.computeOptunaObjective|Trial 5 params:|{'n_layers': 3, 'architecture': 'outer', 'lr': 0.0001, 'n_epochs': 200}
2023-06-17 03:41:17,865|INFO|nn.computeOptunaObjective|Trial 5 balacc:|[0.6505424162792265, 0.6792606298202869, 0.7159754224270354, 0.7494714587737843, 0.675, 0.6944777911164466, 0.5590776560944389, 0.5893075855311505]
2023-06-17 03:41:17,865|INFO|nn.computeOptunaObjective|Trial 5 rocauc:|[0.7793090088268985, 0.7921721288951582, 0.828878648233487, 0.8768498942917549, 0.8060606060606061, 0.765906362545018, 0.8193357986061727, 0.7580121662447947]
2023-06-17 03:41:17,865|INFO|nn.computeOptunaObjective|Trial 5 timings:|12.429971699999996
2023-06-17 03:41:17,865|INFO|nn.computeOptunaObjective|Trial 5 objective:|0.6641391200052962
2023-06-17 03:41:24,208|INFO|nn.computeOptunaObjective|Trial 6 params:|{'n_layers': 4, 'architecture': 'top', 'lr': 0.0001, 'n_epochs': 100}
2023-06-17 03:41:24,208|INFO|nn.computeOptunaObjective|Trial 6 balacc:|[0.5136749545178896, 0.5034605308956345, 0.5115975422427035, 0.5, 0.5969696969696969, 0.5588235294117647, 0.5, 0.5]
2023-06-17 03:41:24,208|INFO|nn.computeOptunaObjective|Trial 6 rocauc:|[0.75878478539182, 0.7547273160276255, 0.7998463901689707, 0.8258456659619451, 0.8181818181818182, 0.7563025210084033, 0.7857701607168255, 0.7248203641708173]
2023-06-17 03:41:24,208|INFO|nn.computeOptunaObjective|Trial 6 timings:|6.336326
2023-06-17 03:41:24,208|INFO|nn.computeOptunaObjective|Trial 6 objective:|0.5230657817547111
2023-06-17 03:41:30,260|INFO|nn.computeOptunaObjective|Trial 7 params:|{'n_layers': 3, 'architecture': 'bottom', 'lr': 0.001, 'n_epochs': 100}
2023-06-17 03:41:30,260|INFO|nn.computeOptunaObjective|Trial 7 balacc:|[0.7202984974058352, 0.7023485445252533, 0.7391705069124423, 0.7034883720930232, 0.675, 0.6740696278511404, 0.7011538188024463, 0.6784926920878582]
2023-06-17 03:41:30,260|INFO|nn.computeOptunaObjective|Trial 7 rocauc:|[0.820883026750219, 0.7979573891219522, 0.8410138248847927, 0.8641649048625792, 0.7272727272727273, 0.7106842737094838, 0.8588572038116911, 0.7615232301788193]
2023-06-17 03:41:30,260|INFO|nn.computeOptunaObjective|Trial 7 timings:|6.056787700000001
2023-06-17 03:41:30,260|INFO|nn.computeOptunaObjective|Trial 7 objective:|0.6992527574597498
2023-06-17 03:41:36,438|INFO|nn.computeOptunaObjective|Trial 8 params:|{'n_layers': 3, 'architecture': 'linear', 'lr': 0.0001, 'n_epochs': 100}
2023-06-17 03:41:36,438|INFO|nn.computeOptunaObjective|Trial 8 balacc:|[0.5, 0.5030959752321982, 0.5, 0.5, 0.5, 0.5, 0.5, 0.5]
2023-06-17 03:41:36,438|INFO|nn.computeOptunaObjective|Trial 8 rocauc:|[0.6999208274375043, 0.7022019894846758, 0.7583717357910905, 0.7383720930232558, 0.7507575757575757, 0.7274909963985594, 0.7477954771725217, 0.691261125173512]
2023-06-17 03:41:36,438|INFO|nn.computeOptunaObjective|Trial 8 timings:|6.170718399999998
2023-06-17 03:41:36,438|INFO|nn.computeOptunaObjective|Trial 8 objective:|0.5003869969040248
2023-06-17 03:41:45,349|INFO|nn.computeOptunaObjective|Trial 9 params:|{'n_layers': 2, 'architecture': 'bottom', 'lr': 0.0001, 'n_epochs': 150}
2023-06-17 03:41:45,349|INFO|nn.computeOptunaObjective|Trial 9 balacc:|[0.5237416616130989, 0.5427995676626303, 0.5401689708141321, 0.5, 0.5598484848484848, 0.6176470588235294, 0.5, 0.5]
2023-06-17 03:41:45,349|INFO|nn.computeOptunaObjective|Trial 9 rocauc:|[0.6984957213125801, 0.7092457911224285, 0.7602150537634408, 0.6683403805496828, 0.7356060606060606, 0.7478991596638657, 0.739457402929882, 0.6693986282354862]
2023-06-17 03:41:45,349|INFO|nn.computeOptunaObjective|Trial 9 timings:|8.907761199999996
2023-06-17 03:41:45,349|INFO|nn.computeOptunaObjective|Trial 9 objective:|0.5355257179702344
2023-06-17 03:41:57,377|INFO|nn.computeOptunaObjective|Trial 10 params:|{'n_layers': 2, 'architecture': 'bottom', 'lr': 0.001, 'n_epochs': 200}
2023-06-17 03:41:57,377|INFO|nn.computeOptunaObjective|Trial 10 balacc:|[0.7043864968667879, 0.6983384322274534, 0.684715821812596, 0.613107822410148, 0.7143939393939394, 0.6650660264105642, 0.699038188024463, 0.6680411529354128]
2023-06-17 03:41:57,377|INFO|nn.computeOptunaObjective|Trial 10 rocauc:|[0.8049407048042586, 0.7922765493615695, 0.8236559139784946, 0.8887420718816068, 0.8446969696969697, 0.744297719087635, 0.8650440904565496, 0.7862435698538417]
2023-06-17 03:41:57,377|INFO|nn.computeOptunaObjective|Trial 10 timings:|12.028491499999987
2023-06-17 03:41:57,377|INFO|nn.computeOptunaObjective|Trial 10 objective:|0.6808859850101706
2023-06-17 03:42:06,640|INFO|nn.computeOptunaObjective|Trial 11 params:|{'n_layers': 4, 'architecture': 'linear', 'lr': 0.001, 'n_epochs': 150}
2023-06-17 03:42:06,640|INFO|nn.computeOptunaObjective|Trial 11 balacc:|[0.7213092109696112, 0.7325315551321743, 0.6998463901689708, 0.7093023255813953, 0.706060606060606, 0.6536614645858343, 0.6793485990613, 0.6642647178900956]
2023-06-17 03:42:06,640|INFO|nn.computeOptunaObjective|Trial 11 rocauc:|[0.8438767603261236, 0.8203748145162767, 0.8144393241167435, 0.8605972515856237, 0.8189393939393939, 0.7256902761104441, 0.8718709998577727, 0.7763023597615742]
2023-06-17 03:42:06,640|INFO|nn.computeOptunaObjective|Trial 11 timings:|9.264663800000008
2023-06-17 03:42:06,640|INFO|nn.computeOptunaObjective|Trial 11 objective:|0.6957906086812484
2023-06-17 03:42:18,744|INFO|nn.computeOptunaObjective|Trial 12 params:|{'n_layers': 2, 'architecture': 'outer', 'lr': 0.001, 'n_epochs': 200}
2023-06-17 03:42:18,744|INFO|nn.computeOptunaObjective|Trial 12 balacc:|[0.7196078431372549, 0.7066700862842802, 0.7356374807987711, 0.6503699788583509, 0.7227272727272727, 0.6650660264105642, 0.7208345185606599, 0.6800849187556136]
2023-06-17 03:42:18,744|INFO|nn.computeOptunaObjective|Trial 12 rocauc:|[0.8184522606293377, 0.8056570245662887, 0.8419354838709677, 0.8950845665961945, 0.8272727272727273, 0.751500600240096, 0.8782534490115205, 0.7916734710541358]
2023-06-17 03:42:18,744|INFO|nn.computeOptunaObjective|Trial 12 timings:|12.100521
2023-06-17 03:42:18,744|INFO|nn.computeOptunaObjective|Trial 12 objective:|0.7001247656915959
2023-06-17 03:42:30,818|INFO|nn.computeOptunaObjective|Trial 13 params:|{'n_layers': 2, 'architecture': 'inner', 'lr': 0.001, 'n_epochs': 200}
2023-06-17 03:42:30,818|INFO|nn.computeOptunaObjective|Trial 13 balacc:|[0.7183141297756216, 0.710495172843351, 0.6963133640552995, 0.6871035940803383, 0.6856060606060606, 0.6944777911164466, 0.7341949935997725, 0.6890667102147464]
2023-06-17 03:42:30,818|INFO|nn.computeOptunaObjective|Trial 13 rocauc:|[0.823552995081194, 0.7993972923956254, 0.8326420890937021, 0.8734143763213531, 0.8159090909090909, 0.7178871548619448, 0.8853825913810268, 0.7987160120845922]
2023-06-17 03:42:30,818|INFO|nn.computeOptunaObjective|Trial 13 timings:|12.064015699999985
2023-06-17 03:42:30,818|INFO|nn.computeOptunaObjective|Trial 13 objective:|0.7019464770364545
2023-06-17 03:42:42,701|INFO|nn.computeOptunaObjective|Trial 14 params:|{'n_layers': 3, 'architecture': 'linear', 'lr': 0.0001, 'n_epochs': 200}
2023-06-17 03:42:42,701|INFO|nn.computeOptunaObjective|Trial 14 balacc:|[0.6667070952092177, 0.6883213952039863, 0.701689708141321, 0.7296511627906976, 0.706060606060606, 0.6650660264105642, 0.5492373062153321, 0.5877970115130235]
2023-06-17 03:42:42,701|INFO|nn.computeOptunaObjective|Trial 14 rocauc:|[0.7870308604541473, 0.7973894883397146, 0.8391705069124423, 0.8694503171247357, 0.8030303030303031, 0.7635054021608644, 0.8231759351443607, 0.7549297787213195]
2023-06-17 03:42:42,701|INFO|nn.computeOptunaObjective|Trial 14 timings:|11.884263099999998
2023-06-17 03:42:42,701|INFO|nn.computeOptunaObjective|Trial 14 objective:|0.6618162889430936
2023-06-17 03:42:52,048|INFO|nn.computeOptunaObjective|Trial 15 params:|{'n_layers': 3, 'architecture': 'outer', 'lr': 0.0001, 'n_epochs': 150}
2023-06-17 03:42:52,048|INFO|nn.computeOptunaObjective|Trial 15 balacc:|[0.6050333535476046, 0.6163793577225347, 0.5900921658986176, 0.5, 0.6651515151515152, 0.6854741896758703, 0.5, 0.5]
2023-06-17 03:42:52,048|INFO|nn.computeOptunaObjective|Trial 15 rocauc:|[0.7566757630887407, 0.7653452287174601, 0.8092165898617512, 0.8173890063424947, 0.8325757575757576, 0.7635054021608644, 0.7822144787370218, 0.7266983751122724]
2023-06-17 03:42:52,048|INFO|nn.computeOptunaObjective|Trial 15 timings:|9.339029400000015
2023-06-17 03:42:52,048|INFO|nn.computeOptunaObjective|Trial 15 objective:|0.5827663227495177
2023-06-17 03:43:01,075|INFO|nn.computeOptunaObjective|Trial 16 params:|{'n_layers': 2, 'architecture': 'inner', 'lr': 0.0001, 'n_epochs': 150}
2023-06-17 03:43:01,075|INFO|nn.computeOptunaObjective|Trial 16 balacc:|[0.5830031669024999, 0.5847802590360343, 0.5517665130568357, 0.5, 0.6280303030303029, 0.6368547418967587, 0.5, 0.5]
2023-06-17 03:43:01,075|INFO|nn.computeOptunaObjective|Trial 16 rocauc:|[0.7363368371403544, 0.7415923205158738, 0.7972350230414746, 0.7597780126849895, 0.8007575757575758, 0.7647058823529412, 0.7645071824775992, 0.7004062219319017]
2023-06-17 03:43:01,075|INFO|nn.computeOptunaObjective|Trial 16 timings:|9.024271599999992
2023-06-17 03:43:01,075|INFO|nn.computeOptunaObjective|Trial 16 objective:|0.560554372990304
2023-06-17 03:43:10,190|INFO|nn.computeOptunaObjective|Trial 17 params:|{'n_layers': 2, 'architecture': 'linear', 'lr': 0.001, 'n_epochs': 150}
2023-06-17 03:43:10,206|INFO|nn.computeOptunaObjective|Trial 17 balacc:|[0.7167677380230443, 0.7072618022606115, 0.6936251920122888, 0.6672832980972516, 0.693939393939394, 0.6944777911164466, 0.7391196131418006, 0.6680411529354128]
2023-06-17 03:43:10,206|INFO|nn.computeOptunaObjective|Trial 17 rocauc:|[0.8209133481571322, 0.8019107113415282, 0.8333333333333333, 0.897198731501057, 0.7765151515151516, 0.7539015606242497, 0.8773645285165695, 0.7928574344737488]
2023-06-17 03:43:10,206|INFO|nn.computeOptunaObjective|Trial 17 timings:|9.121730899999989
2023-06-17 03:43:10,206|INFO|nn.computeOptunaObjective|Trial 17 objective:|0.6975644976907812
2023-06-17 03:43:22,677|INFO|nn.computeOptunaObjective|Trial 18 params:|{'n_layers': 4, 'architecture': 'linear', 'lr': 0.001, 'n_epochs': 200}
2023-06-17 03:43:22,677|INFO|nn.computeOptunaObjective|Trial 18 balacc:|[0.7332625833838691, 0.724564456738784, 0.7086021505376344, 0.732029598308668, 0.681060606060606, 0.6434573829531813, 0.7327993884226995, 0.6769821180697314]
2023-06-17 03:43:22,677|INFO|nn.computeOptunaObjective|Trial 18 rocauc:|[0.8430665049524966, 0.8182039679777237, 0.7559139784946236, 0.8258456659619451, 0.7234848484848485, 0.6818727490996399, 0.8814891196131418, 0.7773026047195232]
2023-06-17 03:43:22,677|INFO|nn.computeOptunaObjective|Trial 18 timings:|12.476607699999988
2023-06-17 03:43:22,677|INFO|nn.computeOptunaObjective|Trial 18 objective:|0.7040947855593968
2023-06-17 03:43:28,979|INFO|nn.computeOptunaObjective|Trial 19 params:|{'n_layers': 3, 'architecture': 'top', 'lr': 0.001, 'n_epochs': 100}
2023-06-17 03:43:28,979|INFO|nn.computeOptunaObjective|Trial 19 balacc:|[0.7458291220268176, 0.7314378881418653, 0.7230414746543778, 0.8089323467230444, 0.706060606060606, 0.6548619447779112, 0.7595203385009245, 0.6740017963582918]
2023-06-17 03:43:28,979|INFO|nn.computeOptunaObjective|Trial 19 rocauc:|[0.8476820968937404, 0.8272097752212065, 0.8223502304147465, 0.8649577167019027, 0.8113636363636364, 0.7358943577430972, 0.8809735457260702, 0.7850391932718217]
2023-06-17 03:43:28,979|INFO|nn.computeOptunaObjective|Trial 19 timings:|6.29167529999998
2023-06-17 03:43:28,979|INFO|nn.computeOptunaObjective|Trial 19 objective:|0.7254606896554798
2023-06-17 03:43:41,444|INFO|nn.computeOptunaObjective|Trial 20 params:|{'n_layers': 3, 'architecture': 'top', 'lr': 0.0001, 'n_epochs': 200}
2023-06-17 03:43:41,444|INFO|nn.computeOptunaObjective|Trial 20 balacc:|[0.7156391078768277, 0.7240148753366186, 0.7275729646697389, 0.672568710359408, 0.6893939393939394, 0.6446578631452581, 0.6512231546010525, 0.6462603086470156]
2023-06-17 03:43:41,444|INFO|nn.computeOptunaObjective|Trial 20 rocauc:|[0.8274391887339129, 0.8222965174858483, 0.83963133640553, 0.8755285412262156, 0.8030303030303031, 0.7334933973589436, 0.856848243493102, 0.7756695517269535]
2023-06-17 03:43:41,444|INFO|nn.computeOptunaObjective|Trial 20 timings:|12.472796799999998
2023-06-17 03:43:41,444|INFO|nn.computeOptunaObjective|Trial 20 objective:|0.6839163655037324
2023-06-17 03:43:50,611|INFO|nn.computeOptunaObjective|Trial 21 params:|{'n_layers': 3, 'architecture': 'outer', 'lr': 0.001, 'n_epochs': 150}
2023-06-17 03:43:50,611|INFO|nn.computeOptunaObjective|Trial 21 balacc:|[0.7332726905195068, 0.7299375309139539, 0.7211981566820276, 0.6812896405919662, 0.6893939393939394, 0.6740696278511404, 0.7342038828047219, 0.6800032661059852]
2023-06-17 03:43:50,611|INFO|nn.computeOptunaObjective|Trial 21 rocauc:|[0.8409642207398423, 0.8202850495539231, 0.7963133640552996, 0.8874207188160677, 0.7522727272727272, 0.745498199279712, 0.8930628644574029, 0.7860598513921777]
2023-06-17 03:43:50,611|INFO|nn.computeOptunaObjective|Trial 21 timings:|9.15277979999999
2023-06-17 03:43:50,611|INFO|nn.computeOptunaObjective|Trial 21 objective:|0.7054210918579051
2023-06-17 03:43:57,076|INFO|nn.computeOptunaObjective|Trial 22 params:|{'n_layers': 4, 'architecture': 'inner', 'lr': 0.001, 'n_epochs': 100}
2023-06-17 03:43:57,076|INFO|nn.computeOptunaObjective|Trial 22 balacc:|[0.7423084697796645, 0.7635389378423434, 0.7516129032258064, 0.7291226215644819, 0.7204545454545455, 0.6536614645858343, 0.7243724221305647, 0.6499550910427043]
2023-06-17 03:43:57,076|INFO|nn.computeOptunaObjective|Trial 22 rocauc:|[0.8441530220335557, 0.8180793961932329, 0.8379416282642089, 0.8792283298097252, 0.8136363636363637, 0.7022809123649459, 0.8622173232826056, 0.7693618845431534]
2023-06-17 03:43:57,076|INFO|nn.computeOptunaObjective|Trial 22 timings:|6.460723200000018
2023-06-17 03:43:57,076|INFO|nn.computeOptunaObjective|Trial 22 objective:|0.7168783069532432
2023-06-17 03:44:06,416|INFO|nn.computeOptunaObjective|Trial 23 params:|{'n_layers': 4, 'architecture': 'top', 'lr': 0.001, 'n_epochs': 150}
2023-06-17 03:44:06,416|INFO|nn.computeOptunaObjective|Trial 23 balacc:|[0.7440300518832963, 0.7283529045377104, 0.7015360983102918, 0.7291226215644819, 0.7121212121212122, 0.6638655462184874, 0.6842732186033281, 0.6770229443945456]
2023-06-17 03:44:06,416|INFO|nn.computeOptunaObjective|Trial 23 rocauc:|[0.8415689643555015, 0.7986865004488247, 0.8149769585253457, 0.8580866807610994, 0.8147727272727272, 0.7178871548619448, 0.8719065566775708, 0.7851004327590431]
2023-06-17 03:44:06,416|INFO|nn.computeOptunaObjective|Trial 23 timings:|9.342455300000012
2023-06-17 03:44:06,416|INFO|nn.computeOptunaObjective|Trial 23 objective:|0.7050405747041693
2023-06-17 03:44:18,497|INFO|nn.computeOptunaObjective|Trial 24 params:|{'n_layers': 2, 'architecture': 'inner', 'lr': 0.0001, 'n_epochs': 200}
2023-06-17 03:44:18,497|INFO|nn.computeOptunaObjective|Trial 24 balacc:|[0.611569301260023, 0.6327733709491271, 0.6178187403993856, 0.5367336152219873, 0.7022727272727273, 0.6854741896758703, 0.5182850945811407, 0.5]
2023-06-17 03:44:18,497|INFO|nn.computeOptunaObjective|Trial 24 rocauc:|[0.7594956539316758, 0.7716837342224339, 0.8251920122887865, 0.8488372093023255, 0.8015151515151515, 0.758703481392557, 0.7933793201536055, 0.732577365885523]
2023-06-17 03:44:18,497|INFO|nn.computeOptunaObjective|Trial 24 timings:|12.079160099999996
2023-06-17 03:44:18,497|INFO|nn.computeOptunaObjective|Trial 24 objective:|0.6006158799200327
2023-06-17 03:44:30,249|INFO|nn.computeOptunaObjective|Trial 25 params:|{'n_layers': 3, 'architecture': 'bottom', 'lr': 0.0001, 'n_epochs': 200}
2023-06-17 03:44:30,249|INFO|nn.computeOptunaObjective|Trial 25 balacc:|[0.6090694697122836, 0.6352776302049938, 0.5838709677419355, 0.5, 0.693939393939394, 0.6854741896758703, 0.5, 0.5]
2023-06-17 03:44:30,249|INFO|nn.computeOptunaObjective|Trial 25 rocauc:|[0.735524897244121, 0.750147471009581, 0.808294930875576, 0.8054968287526427, 0.7893939393939395, 0.7779111644657863, 0.7684184326553833, 0.7181044337388748]
2023-06-17 03:44:30,249|INFO|nn.computeOptunaObjective|Trial 25 timings:|11.746653500000008
2023-06-17 03:44:30,249|INFO|nn.computeOptunaObjective|Trial 25 objective:|0.5884539564093096
2023-06-17 03:44:39,269|INFO|nn.computeOptunaObjective|Trial 26 params:|{'n_layers': 2, 'architecture': 'outer', 'lr': 0.0001, 'n_epochs': 150}
2023-06-17 03:44:39,269|INFO|nn.computeOptunaObjective|Trial 26 balacc:|[0.5702715450441345, 0.5703464194771649, 0.5374807987711213, 0.5, 0.6962121212121212, 0.6368547418967587, 0.5, 0.5]
2023-06-17 03:44:39,269|INFO|nn.computeOptunaObjective|Trial 26 rocauc:|[0.7298413179704872, 0.7452818436624105, 0.803379416282642, 0.761892177589852, 0.7878787878787878, 0.7683073229291717, 0.7654316597923482, 0.7005899403935659]
2023-06-17 03:44:39,269|INFO|nn.computeOptunaObjective|Trial 26 timings:|9.015908700000011
2023-06-17 03:44:39,269|INFO|nn.computeOptunaObjective|Trial 26 objective:|0.5638957033001626
2023-06-17 03:44:45,634|INFO|nn.computeOptunaObjective|Trial 27 params:|{'n_layers': 3, 'architecture': 'inner', 'lr': 0.0001, 'n_epochs': 100}
2023-06-17 03:44:45,634|INFO|nn.computeOptunaObjective|Trial 27 balacc:|[0.5, 0.5, 0.5142857142857142, 0.5, 0.5, 0.5, 0.5, 0.5]
2023-06-17 03:44:45,634|INFO|nn.computeOptunaObjective|Trial 27 rocauc:|[0.7002038272353616, 0.7035612874860314, 0.7680491551459293, 0.7357293868921777, 0.7439393939393939, 0.7214885954381752, 0.7481154885507039, 0.6908936882501837]
2023-06-17 03:44:45,634|INFO|nn.computeOptunaObjective|Trial 27 timings:|6.360416100000009
2023-06-17 03:44:45,634|INFO|nn.computeOptunaObjective|Trial 27 objective:|0.5017857142857143
2023-06-17 03:44:54,973|INFO|nn.computeOptunaObjective|Trial 28 params:|{'n_layers': 3, 'architecture': 'top', 'lr': 0.001, 'n_epochs': 150}
2023-06-17 03:44:54,973|INFO|nn.computeOptunaObjective|Trial 28 balacc:|[0.7380870561282933, 0.7259750490043417, 0.7319508448540706, 0.766384778012685, 0.6606060606060606, 0.6638655462184874, 0.7363106243777557, 0.685249448844615]
2023-06-17 03:44:54,973|INFO|nn.computeOptunaObjective|Trial 28 rocauc:|[0.8495670776901827, 0.8261600747430707, 0.802457757296467, 0.8765856236786469, 0.7757575757575756, 0.7304921968787516, 0.8947962594225572, 0.7847636155793254]
2023-06-17 03:44:54,973|INFO|nn.computeOptunaObjective|Trial 28 timings:|9.332957099999987
2023-06-17 03:44:54,973|INFO|nn.computeOptunaObjective|Trial 28 objective:|0.7135536760057887
2023-06-17 03:45:01,259|INFO|nn.computeOptunaObjective|Trial 29 params:|{'n_layers': 4, 'architecture': 'outer', 'lr': 0.001, 'n_epochs': 100}
2023-06-17 03:45:01,259|INFO|nn.computeOptunaObjective|Trial 29 balacc:|[0.7460043123778721, 0.7339421473977321, 0.7230414746543778, 0.7151162790697674, 0.681060606060606, 0.6536614645858343, 0.7166388138244916, 0.6574671348085246]
2023-06-17 03:45:01,259|INFO|nn.computeOptunaObjective|Trial 29 rocauc:|[0.8416195000336903, 0.8266455383149833, 0.8236559139784947, 0.855708245243129, 0.753030303030303, 0.7166866746698678, 0.8622884369222017, 0.7704641953131379]
2023-06-17 03:45:01,259|INFO|nn.computeOptunaObjective|Trial 29 timings:|6.292803699999979
2023-06-17 03:45:01,259|INFO|nn.computeOptunaObjective|Trial 29 objective:|0.7033665290974007
2023-06-17 03:45:13,536|INFO|nn.computeOptunaObjective|Trial 30 params:|{'n_layers': 4, 'architecture': 'linear', 'lr': 0.0001, 'n_epochs': 200}
2023-06-17 03:45:13,536|INFO|nn.computeOptunaObjective|Trial 30 balacc:|[0.7172730948049323, 0.739500247311631, 0.667741935483871, 0.732029598308668, 0.7742424242424242, 0.7034813925570228, 0.6554455269520694, 0.6365232301788193]
2023-06-17 03:45:13,536|INFO|nn.computeOptunaObjective|Trial 30 rocauc:|[0.8221396806145139, 0.8069815157455071, 0.8196620583717358, 0.86892177589852, 0.8143939393939393, 0.7190876350540215, 0.8405632200256008, 0.7642994202661876]
2023-06-17 03:45:13,536|INFO|nn.computeOptunaObjective|Trial 30 timings:|12.267857399999968
2023-06-17 03:45:13,536|INFO|nn.computeOptunaObjective|Trial 30 objective:|0.7032796812299297
2023-06-17 03:45:19,784|INFO|nn.computeOptunaObjective|Trial 31 params:|{'n_layers': 3, 'architecture': 'top', 'lr': 0.0001, 'n_epochs': 100}
2023-06-17 03:45:19,784|INFO|nn.computeOptunaObjective|Trial 31 balacc:|[0.5148810727039957, 0.5380182094637918, 0.5142857142857142, 0.5, 0.6507575757575758, 0.5588235294117647, 0.5, 0.5]
2023-06-17 03:45:19,784|INFO|nn.computeOptunaObjective|Trial 31 rocauc:|[0.7421181187251533, 0.7464139813508712, 0.8023041474654378, 0.8094608879492601, 0.8128787878787879, 0.7575030012004802, 0.7704096145640733, 0.7120417245039602]
2023-06-17 03:45:19,784|INFO|nn.computeOptunaObjective|Trial 31 timings:|6.251872999999989
2023-06-17 03:45:19,784|INFO|nn.computeOptunaObjective|Trial 31 objective:|0.5345957627028552
2023-06-17 03:45:32,101|INFO|nn.computeOptunaObjective|Trial 32 params:|{'n_layers': 4, 'architecture': 'inner', 'lr': 0.001, 'n_epochs': 200}
2023-06-17 03:45:32,101|INFO|nn.computeOptunaObjective|Trial 32 balacc:|[0.7399737214473419, 0.738818766372946, 0.7139784946236559, 0.7822410147991543, 0.7, 0.624249699879952, 0.7123986630635756, 0.6822691271331754]
2023-06-17 03:45:32,101|INFO|nn.computeOptunaObjective|Trial 32 rocauc:|[0.8498888215079846, 0.8134684082290655, 0.8076036866359446, 0.8517441860465116, 0.7795454545454545, 0.6830732292917168, 0.8666708149623098, 0.7844472115620152]
2023-06-17 03:45:32,101|INFO|nn.computeOptunaObjective|Trial 32 timings:|12.311542400000008
2023-06-17 03:45:32,101|INFO|nn.computeOptunaObjective|Trial 32 objective:|0.7117411859149751
2023-06-17 03:45:41,004|INFO|nn.computeOptunaObjective|Trial 33 params:|{'n_layers': 3, 'architecture': 'bottom', 'lr': 0.001, 'n_epochs': 150}
2023-06-17 03:45:41,004|INFO|nn.computeOptunaObjective|Trial 33 balacc:|[0.7350818677986659, 0.7228790737721436, 0.7275729646697389, 0.7378435517970401, 0.6893939393939394, 0.6944777911164466, 0.7440531218887783, 0.686760022862742]
2023-06-17 03:45:41,004|INFO|nn.computeOptunaObjective|Trial 33 rocauc:|[0.8404201199380095, 0.8165570557092348, 0.8304147465437788, 0.8382663847780127, 0.8007575757575758, 0.6914765906362544, 0.8810802161854644, 0.7796297052339348]
2023-06-17 03:45:41,004|INFO|nn.computeOptunaObjective|Trial 33 timings:|8.898507800000004
2023-06-17 03:45:41,004|INFO|nn.computeOptunaObjective|Trial 33 objective:|0.7172577916624369
2023-06-17 03:45:53,258|INFO|nn.computeOptunaObjective|Trial 34 params:|{'n_layers': 3, 'architecture': 'inner', 'lr': 0.001, 'n_epochs': 200}
2023-06-17 03:45:53,258|INFO|nn.computeOptunaObjective|Trial 34 balacc:|[0.7436796711811873, 0.7251561727151153, 0.7373271889400921, 0.6982029598308668, 0.6727272727272727, 0.6740696278511404, 0.7363106243777557, 0.6694700743039111]
2023-06-17 03:45:53,258|INFO|nn.computeOptunaObjective|Trial 34 rocauc:|[0.8440266828380838, 0.8197812666019382, 0.8006144393241168, 0.8493657505285412, 0.7583333333333333, 0.7322929171668667, 0.8901649836438629, 0.7890197599412101]
2023-06-17 03:45:53,258|INFO|nn.computeOptunaObjective|Trial 34 timings:|12.248925000000042
2023-06-17 03:45:53,258|INFO|nn.computeOptunaObjective|Trial 34 objective:|0.7071179489909176
2023-06-17 03:46:05,950|INFO|nn.computeOptunaObjective|Trial 35 params:|{'n_layers': 4, 'architecture': 'top', 'lr': 0.001, 'n_epochs': 200}
2023-06-17 03:46:05,950|INFO|nn.computeOptunaObjective|Trial 35 balacc:|[0.7375614850751298, 0.7237510762635793, 0.7023809523809523, 0.7682346723044398, 0.7287878787878788, 0.6230492196878752, 0.7271636324847106, 0.6710214746468524]
2023-06-17 03:46:05,950|INFO|nn.computeOptunaObjective|Trial 35 rocauc:|[0.8457213125800147, 0.8060032608496529, 0.8007680491551459, 0.8357558139534884, 0.7837121212121212, 0.6704681872749099, 0.873897738586261, 0.773618028905038]
2023-06-17 03:46:05,950|INFO|nn.computeOptunaObjective|Trial 35 timings:|12.686688899999979
2023-06-17 03:46:05,950|INFO|nn.computeOptunaObjective|Trial 35 objective:|0.7102437989539272
2023-06-17 03:46:14,924|INFO|nn.computeOptunaObjective|Trial 36 params:|{'n_layers': 3, 'architecture': 'bottom', 'lr': 0.0001, 'n_epochs': 150}
2023-06-17 03:46:14,924|INFO|nn.computeOptunaObjective|Trial 36 balacc:|[0.5, 0.5046439628482973, 0.5142857142857142, 0.5, 0.5, 0.5588235294117647, 0.5, 0.5]
2023-06-17 03:46:14,924|INFO|nn.computeOptunaObjective|Trial 36 rocauc:|[0.6642156862745098, 0.6818161833403558, 0.7503840245775729, 0.6765327695560254, 0.7356060606060606, 0.7058823529411765, 0.7472621248755512, 0.6816261125173512]
2023-06-17 03:46:14,924|INFO|nn.computeOptunaObjective|Trial 36 timings:|8.96358939999999
2023-06-17 03:46:14,924|INFO|nn.computeOptunaObjective|Trial 36 objective:|0.5097191508182219
2023-06-17 03:46:24,141|INFO|nn.computeOptunaObjective|Trial 37 params:|{'n_layers': 3, 'architecture': 'linear', 'lr': 0.0001, 'n_epochs': 150}
2023-06-17 03:46:24,141|INFO|nn.computeOptunaObjective|Trial 37 balacc:|[0.6078734586618153, 0.6314049132577354, 0.6035330261136713, 0.5, 0.6772727272727272, 0.6854741896758703, 0.5, 0.5]
2023-06-17 03:46:24,141|INFO|nn.computeOptunaObjective|Trial 37 rocauc:|[0.7581311906205782, 0.7705003022697712, 0.814900153609831, 0.8364164904862579, 0.8113636363636364, 0.7779111644657863, 0.7899480870430948, 0.7347207479382706]
2023-06-17 03:46:24,141|INFO|nn.computeOptunaObjective|Trial 37 timings:|9.220930799999962
2023-06-17 03:46:24,141|INFO|nn.computeOptunaObjective|Trial 37 objective:|0.5881947893727275
2023-06-17 03:46:36,169|INFO|nn.computeOptunaObjective|Trial 38 params:|{'n_layers': 4, 'architecture': 'bottom', 'lr': 0.001, 'n_epochs': 200}
2023-06-17 03:46:36,169|INFO|nn.computeOptunaObjective|Trial 38 balacc:|[0.7369685331177145, 0.7357227911407478, 0.7453917050691243, 0.7489429175475687, 0.7037878787878789, 0.6536614645858343, 0.6941224576873845, 0.6845349881603658]
2023-06-17 03:46:36,169|INFO|nn.computeOptunaObjective|Trial 38 rocauc:|[0.8251078094468028, 0.8006320186124901, 0.8542242703533026, 0.8344344608879493, 0.7598484848484849, 0.7280912364945978, 0.8768311762195989, 0.7736486486486487]
2023-06-17 03:46:36,169|INFO|nn.computeOptunaObjective|Trial 38 timings:|12.018092700000011
2023-06-17 03:46:36,169|INFO|nn.computeOptunaObjective|Trial 38 objective:|0.7128915920120774
2023-06-17 03:46:45,706|INFO|nn.computeOptunaObjective|Trial 39 params:|{'n_layers': 4, 'architecture': 'top', 'lr': 0.0001, 'n_epochs': 150}
2023-06-17 03:46:45,706|INFO|nn.computeOptunaObjective|Trial 39 balacc:|[0.6974125732767333, 0.7415923205158738, 0.6828725038402458, 0.7151162790697674, 0.7659090909090909, 0.6548619447779112, 0.62590669890485, 0.630521760431126]
2023-06-17 03:46:45,706|INFO|nn.computeOptunaObjective|Trial 39 rocauc:|[0.8252964759787077, 0.8136534339677945, 0.8192012288786482, 0.8496300211416491, 0.8136363636363636, 0.7262905162064826, 0.8488124022187455, 0.7660957785580143]
2023-06-17 03:46:45,706|INFO|nn.computeOptunaObjective|Trial 39 timings:|9.533510499999977
2023-06-17 03:46:45,706|INFO|nn.computeOptunaObjective|Trial 39 objective:|0.6892741464656997
2023-06-17 03:46:58,101|INFO|nn.computeOptunaObjective|Trial 40 params:|{'n_layers': 3, 'architecture': 'linear', 'lr': 0.001, 'n_epochs': 200}
2023-06-17 03:46:58,101|INFO|nn.computeOptunaObjective|Trial 40 balacc:|[0.7354221413651372, 0.7358546906772675, 0.7453917050691243, 0.6952959830866807, 0.6416666666666666, 0.6638655462184874, 0.7377240079647276, 0.6972932146648159]
2023-06-17 03:46:58,101|INFO|nn.computeOptunaObjective|Trial 40 rocauc:|[0.8437672663567146, 0.8233187388938757, 0.8244239631336405, 0.8903276955602538, 0.7776515151515152, 0.7382953181272509, 0.8862092874413313, 0.7839777088266514]
2023-06-17 03:46:58,101|INFO|nn.computeOptunaObjective|Trial 40 timings:|12.388971600000048
2023-06-17 03:46:58,101|INFO|nn.computeOptunaObjective|Trial 40 objective:|0.7065642444641134
2023-06-17 03:47:10,548|INFO|nn.computeOptunaObjective|Trial 41 params:|{'n_layers': 4, 'architecture': 'outer', 'lr': 0.001, 'n_epochs': 200}
2023-06-17 03:47:10,548|INFO|nn.computeOptunaObjective|Trial 41 balacc:|[0.7240617209082946, 0.7508802462124682, 0.6845622119815669, 0.7885835095137421, 0.6583333333333333, 0.6728691476590636, 0.6694993599772436, 0.6709806483220381]
2023-06-17 03:47:10,548|INFO|nn.computeOptunaObjective|Trial 41 rocauc:|[0.8425577791253958, 0.8260996207888325, 0.7976958525345622, 0.8508192389006343, 0.7549242424242425, 0.7100840336134454, 0.8830358412743565, 0.779741977627174]
2023-06-17 03:47:10,548|INFO|nn.computeOptunaObjective|Trial 41 timings:|12.4428767
2023-06-17 03:47:10,548|INFO|nn.computeOptunaObjective|Trial 41 objective:|0.7024712722384687
2023-06-17 03:47:19,516|INFO|nn.computeOptunaObjective|Trial 42 params:|{'n_layers': 2, 'architecture': 'linear', 'lr': 0.0001, 'n_epochs': 150}
2023-06-17 03:47:19,516|INFO|nn.computeOptunaObjective|Trial 42 balacc:|[0.5691530220335557, 0.5827779507941451, 0.5463901689708142, 0.5, 0.6280303030303029, 0.6368547418967587, 0.5, 0.5]
2023-06-17 03:47:19,516|INFO|nn.computeOptunaObjective|Trial 42 rocauc:|[0.7313371740448757, 0.7381665964423764, 0.7987711213517665, 0.7632135306553912, 0.7916666666666666, 0.7611044417767108, 0.771031858910539, 0.7054278598840532]
2023-06-17 03:47:19,516|INFO|nn.computeOptunaObjective|Trial 42 timings:|8.962889700000005
2023-06-17 03:47:19,516|INFO|nn.computeOptunaObjective|Trial 42 objective:|0.5579007733406971
2023-06-17 03:47:28,707|INFO|nn.computeOptunaObjective|Trial 43 params:|{'n_layers': 4, 'architecture': 'linear', 'lr': 0.0001, 'n_epochs': 150}
2023-06-17 03:47:28,707|INFO|nn.computeOptunaObjective|Trial 43 balacc:|[0.6521662960716933, 0.6509370362906919, 0.6311059907834101, 0.6841966173361522, 0.7371212121212121, 0.6944777911164466, 0.5, 0.5]
2023-06-17 03:47:28,707|INFO|nn.computeOptunaObjective|Trial 43 rocauc:|[0.7768529748669227, 0.7823969076886438, 0.8021505376344087, 0.854122621564482, 0.8227272727272728, 0.7599039615846338, 0.8056997582136254, 0.7451314607659019]
2023-06-17 03:47:28,707|INFO|nn.computeOptunaObjective|Trial 43 timings:|9.186060300000008
2023-06-17 03:47:28,707|INFO|nn.computeOptunaObjective|Trial 43 objective:|0.6312506179649507
2023-06-17 03:47:41,119|INFO|nn.computeOptunaObjective|Trial 44 params:|{'n_layers': 4, 'architecture': 'outer', 'lr': 0.0001, 'n_epochs': 200}
2023-06-17 03:47:41,119|INFO|nn.computeOptunaObjective|Trial 44 balacc:|[0.6965568357927363, 0.7216535072453147, 0.690937019969278, 0.7745771670190275, 0.7659090909090909, 0.6740696278511404, 0.63786267956194, 0.6455050216379521]
2023-06-17 03:47:41,119|INFO|nn.computeOptunaObjective|Trial 44 rocauc:|[0.8191210161040361, 0.8061901185263891, 0.8175115207373272, 0.8625792811839323, 0.8212121212121212, 0.7262905162064827, 0.8391053904138814, 0.758910345390708]
2023-06-17 03:47:41,119|INFO|nn.computeOptunaObjective|Trial 44 timings:|12.414500099999998
2023-06-17 03:47:41,119|INFO|nn.computeOptunaObjective|Trial 44 objective:|0.70088386874831
2023-06-17 03:47:47,312|INFO|nn.computeOptunaObjective|Trial 45 params:|{'n_layers': 4, 'architecture': 'bottom', 'lr': 0.001, 'n_epochs': 100}
2023-06-17 03:47:47,312|INFO|nn.computeOptunaObjective|Trial 45 balacc:|[0.7346641061923052, 0.7354901350138311, 0.7096006144393241, 0.6551268498942918, 0.6893939393939394, 0.6434573829531813, 0.6723350163561371, 0.661958030538091]
2023-06-17 03:47:47,312|INFO|nn.computeOptunaObjective|Trial 45 rocauc:|[0.8208560743885183, 0.8163720299705057, 0.7907834101382488, 0.8245243128964059, 0.7734848484848484, 0.695078031212485, 0.8431410894609587, 0.757073160774067]
2023-06-17 03:47:47,312|INFO|nn.computeOptunaObjective|Trial 45 timings:|6.187933600000008
2023-06-17 03:47:47,312|INFO|nn.computeOptunaObjective|Trial 45 objective:|0.6877532593476376
2023-06-17 03:48:00,011|INFO|nn.computeOptunaObjective|Trial 46 params:|{'n_layers': 3, 'architecture': 'inner', 'lr': 0.0001, 'n_epochs': 200}
2023-06-17 03:48:00,011|INFO|nn.computeOptunaObjective|Trial 46 balacc:|[0.6758304696449027, 0.6889607415685053, 0.7043778801843318, 0.7378435517970401, 0.6833333333333333, 0.6548619447779112, 0.5935499928886361, 0.6215399689719932]
2023-06-17 03:48:00,011|INFO|nn.computeOptunaObjective|Trial 46 rocauc:|[0.7962182467488713, 0.7975067323721765, 0.8385560675883257, 0.8697145877378436, 0.8128787878787879, 0.7563025210084034, 0.8217536623524391, 0.7555625867559402]
2023-06-17 03:48:00,011|INFO|nn.computeOptunaObjective|Trial 46 timings:|12.68687030000001
2023-06-17 03:48:00,011|INFO|nn.computeOptunaObjective|Trial 46 objective:|0.6700372353958317
2023-06-17 03:48:09,510|INFO|nn.computeOptunaObjective|Trial 47 params:|{'n_layers': 2, 'architecture': 'top', 'lr': 0.001, 'n_epochs': 150}
2023-06-17 03:48:09,510|INFO|nn.computeOptunaObjective|Trial 47 balacc:|[0.7248500774880399, 0.7064429259713851, 0.7186635944700461, 0.6614693446088795, 0.7083333333333333, 0.7046818727490997, 0.7222390129426824, 0.6920878582510003]
2023-06-17 03:48:09,510|INFO|nn.computeOptunaObjective|Trial 47 rocauc:|[0.8262785526581766, 0.8064117830252625, 0.8408602150537634, 0.882399577167019, 0.8189393939393939, 0.7683073229291717, 0.8778445455838431, 0.7985527067853352]
2023-06-17 03:48:09,510|INFO|nn.computeOptunaObjective|Trial 47 timings:|9.496934199999998
2023-06-17 03:48:09,510|INFO|nn.computeOptunaObjective|Trial 47 objective:|0.7048460024768083
2023-06-17 03:48:15,756|INFO|nn.computeOptunaObjective|Trial 48 params:|{'n_layers': 2, 'architecture': 'inner', 'lr': 0.001, 'n_epochs': 100}
2023-06-17 03:48:15,756|INFO|nn.computeOptunaObjective|Trial 48 balacc:|[0.7255407317566203, 0.6969278399618957, 0.6588325652841782, 0.6871035940803383, 0.731060606060606, 0.7046818727490997, 0.7201322713696487, 0.6650608312239732]
2023-06-17 03:48:15,756|INFO|nn.computeOptunaObjective|Trial 48 rocauc:|[0.8183360285695034, 0.7994705699159141, 0.8439324116743472, 0.872093023255814, 0.7977272727272727, 0.7635054021608644, 0.8819691366804152, 0.7948170980648323]
2023-06-17 03:48:15,756|INFO|nn.computeOptunaObjective|Trial 48 timings:|6.243556100000035
2023-06-17 03:48:15,756|INFO|nn.computeOptunaObjective|Trial 48 objective:|0.698667539060795
2023-06-17 03:48:27,948|INFO|nn.computeOptunaObjective|Trial 49 params:|{'n_layers': 2, 'architecture': 'outer', 'lr': 0.0001, 'n_epochs': 200}
2023-06-17 03:48:27,948|INFO|nn.computeOptunaObjective|Trial 49 balacc:|[0.6117444916110775, 0.6247586421675491, 0.6035330261136713, 0.5367336152219873, 0.6878787878787879, 0.6854741896758703, 0.5105514862750675, 0.5255164530089002]
2023-06-17 03:48:27,948|INFO|nn.computeOptunaObjective|Trial 49 rocauc:|[0.7563186442962064, 0.7637990730393684, 0.8248847926267281, 0.8395877378435518, 0.7954545454545454, 0.7551020408163265, 0.798588394254018, 0.72373846656324]
2023-06-17 03:48:27,948|INFO|nn.computeOptunaObjective|Trial 49 timings:|12.19113180000005
2023-06-17 03:48:27,948|INFO|nn.computeOptunaObjective|Trial 49 objective:|0.5982738364941138
2023-06-17 03:48:34,220|INFO|nn.computeOptunaObjective|Trial 50 params:|{'n_layers': 2, 'architecture': 'top', 'lr': 0.001, 'n_epochs': 100}
2023-06-17 03:48:34,220|INFO|nn.computeOptunaObjective|Trial 50 balacc:|[0.7204635806212519, 0.6983384322274534, 0.6588325652841782, 0.6020084566596194, 0.6856060606060606, 0.7148859543817527, 0.7250568909116768, 0.6800849187556136]
2023-06-17 03:48:34,220|INFO|nn.computeOptunaObjective|Trial 50 rocauc:|[0.8255306246209825, 0.8062487405426202, 0.8313364055299539, 0.8565010570824525, 0.8068181818181819, 0.7527010804321729, 0.8840136538188025, 0.7919184290030212]
2023-06-17 03:48:34,220|INFO|nn.computeOptunaObjective|Trial 50 timings:|6.262098600000002
2023-06-17 03:48:34,220|INFO|nn.computeOptunaObjective|Trial 50 objective:|0.6856596074309508
2023-06-17 03:48:46,592|INFO|nn.computeOptunaObjective|Trial 51 params:|{'n_layers': 3, 'architecture': 'top', 'lr': 0.001, 'n_epochs': 200}
2023-06-17 03:48:46,592|INFO|nn.computeOptunaObjective|Trial 51 balacc:|[0.726561552456034, 0.7300272958763075, 0.7265745007680491, 0.7605708245243129, 0.706060606060606, 0.6650660264105642, 0.7531912245768739, 0.6912509185923084]
2023-06-17 03:48:46,592|INFO|nn.computeOptunaObjective|Trial 51 rocauc:|[0.8457718482582035, 0.8275321963104769, 0.8122119815668203, 0.8851744186046512, 0.7931818181818182, 0.7058823529411764, 0.8845114492959749, 0.7782620233526578]
2023-06-17 03:48:46,592|INFO|nn.computeOptunaObjective|Trial 51 timings:|12.370368100000007
2023-06-17 03:48:46,592|INFO|nn.computeOptunaObjective|Trial 51 objective:|0.719912868658132
2023-06-17 03:48:52,660|INFO|nn.computeOptunaObjective|Trial 52 params:|{'n_layers': 2, 'architecture': 'bottom', 'lr': 0.001, 'n_epochs': 100}
2023-06-17 03:48:52,660|INFO|nn.computeOptunaObjective|Trial 52 balacc:|[0.6846034633784785, 0.6849982596588932, 0.6731182795698925, 0.6498414376321353, 0.7166666666666667, 0.6650660264105642, 0.6477030294410469, 0.6635502572058464]
2023-06-17 03:48:52,660|INFO|nn.computeOptunaObjective|Trial 52 rocauc:|[0.7956118186106058, 0.7818473262864785, 0.8342549923195084, 0.8802854122621564, 0.7984848484848485, 0.7478991596638656, 0.8620217607737165, 0.7777312811300726]
2023-06-17 03:48:52,660|INFO|nn.computeOptunaObjective|Trial 52 timings:|6.05203709999995
2023-06-17 03:48:52,660|INFO|nn.computeOptunaObjective|Trial 52 objective:|0.6731934274954404
2023-06-17 03:49:01,781|INFO|nn.computeOptunaObjective|Trial 53 params:|{'n_layers': 2, 'architecture': 'outer', 'lr': 0.001, 'n_epochs': 150}
2023-06-17 03:49:01,781|INFO|nn.computeOptunaObjective|Trial 53 balacc:|[0.7174583922916246, 0.7027552347628556, 0.7248847926267281, 0.5991014799154334, 0.7166666666666667, 0.6842737094837935, 0.7299815104537051, 0.6673266922511636]
2023-06-17 03:49:01,781|INFO|nn.computeOptunaObjective|Trial 53 rocauc:|[0.8191816589178627, 0.7992910399912067, 0.8192012288786483, 0.8715644820295982, 0.778030303030303, 0.7382953181272509, 0.8776845398947518, 0.7847942353229364]
2023-06-17 03:49:01,781|INFO|nn.computeOptunaObjective|Trial 53 timings:|9.122779499999979
2023-06-17 03:49:01,781|INFO|nn.computeOptunaObjective|Trial 53 objective:|0.6928060598064963
2023-06-17 03:49:07,833|INFO|nn.computeOptunaObjective|Trial 54 params:|{'n_layers': 3, 'architecture': 'inner', 'lr': 0.001, 'n_epochs': 100}
2023-06-17 03:49:07,833|INFO|nn.computeOptunaObjective|Trial 54 balacc:|[0.748581631965501, 0.7216956418194809, 0.6944700460829493, 0.6783826638477801, 0.6727272727272727, 0.7034813925570228, 0.7560091025458683, 0.6589777088266514]
2023-06-17 03:49:07,833|INFO|nn.computeOptunaObjective|Trial 54 rocauc:|[0.8455242234350785, 0.8230805869529375, 0.8174347158218126, 0.8475158562367865, 0.7848484848484849, 0.7166866746698679, 0.8884404778836581, 0.7859781987425493]
2023-06-17 03:49:07,833|INFO|nn.computeOptunaObjective|Trial 54 timings:|6.042450699999904
2023-06-17 03:49:07,833|INFO|nn.computeOptunaObjective|Trial 54 objective:|0.7042906825465658
2023-06-17 03:49:16,978|INFO|nn.computeOptunaObjective|Trial 55 params:|{'n_layers': 3, 'architecture': 'inner', 'lr': 0.001, 'n_epochs': 150}
2023-06-17 03:49:16,978|INFO|nn.computeOptunaObjective|Trial 55 balacc:|[0.7360252004581902, 0.737540073643908, 0.7435483870967742, 0.7774841437632135, 0.6833333333333333, 0.6638655462184874, 0.7327993884226995, 0.6709806483220381]
2023-06-17 03:49:16,978|INFO|nn.computeOptunaObjective|Trial 55 rocauc:|[0.8460683242369113, 0.8238023705277813, 0.8158986175115207, 0.864561310782241, 0.7833333333333333, 0.6722689075630252, 0.8806802019627366, 0.7880501347268718]
2023-06-17 03:49:16,978|INFO|nn.computeOptunaObjective|Trial 55 timings:|9.143573399999923
2023-06-17 03:49:16,978|INFO|nn.computeOptunaObjective|Trial 55 objective:|0.7181970901573306
2023-06-17 03:49:25,927|INFO|nn.computeOptunaObjective|Trial 56 params:|{'n_layers': 4, 'architecture': 'bottom', 'lr': 0.0001, 'n_epochs': 150}
2023-06-17 03:49:25,927|INFO|nn.computeOptunaObjective|Trial 56 balacc:|[0.5, 0.5, 0.5, 0.5, 0.5, 0.5, 0.5, 0.5]
2023-06-17 03:49:25,927|INFO|nn.computeOptunaObjective|Trial 56 rocauc:|[0.6602570581497204, 0.6498232179823036, 0.6678955453149001, 0.6495771670190275, 0.6871212121212121, 0.6914765906362546, 0.7335016356137107, 0.6733996080672818]
2023-06-17 03:49:25,927|INFO|nn.computeOptunaObjective|Trial 56 timings:|8.945845300000087
2023-06-17 03:49:25,927|INFO|nn.computeOptunaObjective|Trial 56 objective:|0.5
2023-06-17 03:49:32,050|INFO|nn.computeOptunaObjective|Trial 57 params:|{'n_layers': 2, 'architecture': 'linear', 'lr': 0.001, 'n_epochs': 100}
2023-06-17 03:49:32,050|INFO|nn.computeOptunaObjective|Trial 57 balacc:|[0.7254531365810929, 0.6922838771135985, 0.684715821812596, 0.6329281183932347, 0.6772727272727272, 0.734093637454982, 0.7187277769876262, 0.6665714052421001]
2023-06-17 03:49:32,050|INFO|nn.computeOptunaObjective|Trial 57 rocauc:|[0.8164325180243919, 0.7913990510561124, 0.8356374807987712, 0.8765856236786469, 0.8189393939393939, 0.7647058823529411, 0.8795157161143508, 0.7785682207887645]
2023-06-17 03:49:32,050|INFO|nn.computeOptunaObjective|Trial 57 timings:|6.110764200000062
2023-06-17 03:49:32,050|INFO|nn.computeOptunaObjective|Trial 57 objective:|0.6915058126072448
2023-06-17 03:49:44,703|INFO|nn.computeOptunaObjective|Trial 58 params:|{'n_layers': 2, 'architecture': 'top', 'lr': 0.0001, 'n_epochs': 200}
2023-06-17 03:49:44,703|INFO|nn.computeOptunaObjective|Trial 58 balacc:|[0.6423623745030658, 0.6633685676076722, 0.6383256528417819, 0.6730972515856237, 0.6772727272727272, 0.6944777911164466, 0.5386858199402645, 0.5788152200538907]
2023-06-17 03:49:44,703|INFO|nn.computeOptunaObjective|Trial 58 rocauc:|[0.7818492689171889, 0.7872881821679155, 0.8311827956989247, 0.8771141649048625, 0.8143939393939394, 0.7623049219687875, 0.830162850234675, 0.7476422797419777]
2023-06-17 03:49:44,703|INFO|nn.computeOptunaObjective|Trial 58 timings:|12.645610000000033
2023-06-17 03:49:44,703|INFO|nn.computeOptunaObjective|Trial 58 objective:|0.6383006756151841
2023-06-17 03:49:50,739|INFO|nn.computeOptunaObjective|Trial 59 params:|{'n_layers': 2, 'architecture': 'linear', 'lr': 0.0001, 'n_epochs': 100}
2023-06-17 03:49:50,739|INFO|nn.computeOptunaObjective|Trial 59 balacc:|[0.5016339869281046, 0.5025042592558668, 0.5142857142857142, 0.5, 0.5, 0.5, 0.5, 0.5]
2023-06-17 03:49:50,739|INFO|nn.computeOptunaObjective|Trial 59 rocauc:|[0.6792113065157335, 0.6793943612948137, 0.7242703533026114, 0.6366279069767442, 0.6863636363636364, 0.7130852340936374, 0.7250391125017778, 0.6584571731852698]
2023-06-17 03:49:50,739|INFO|nn.computeOptunaObjective|Trial 59 timings:|6.04198509999992
2023-06-17 03:49:50,739|INFO|nn.computeOptunaObjective|Trial 59 objective:|0.5023029950587107
2023-06-17 03:50:02,782|INFO|nn.computeOptunaObjective|Trial 60 params:|{'n_layers': 2, 'architecture': 'linear', 'lr': 0.0001, 'n_epochs': 200}
2023-06-17 03:50:02,782|INFO|nn.computeOptunaObjective|Trial 60 balacc:|[0.6103631830739168, 0.6338194075512484, 0.6124423963133641, 0.5169133192389006, 0.6878787878787879, 0.6752701080432173, 0.5175828473901295, 0.5]
2023-06-17 03:50:02,782|INFO|nn.computeOptunaObjective|Trial 60 rocauc:|[0.759704534734856, 0.7716287760822174, 0.8225806451612904, 0.8417019027484144, 0.8015151515151515, 0.758703481392557, 0.8065709002986772, 0.7361700824691763]
2023-06-17 03:50:02,782|INFO|nn.computeOptunaObjective|Trial 60 timings:|12.030361299999981
2023-06-17 03:50:02,782|INFO|nn.computeOptunaObjective|Trial 60 objective:|0.5942837561861956
2023-06-17 03:50:08,765|INFO|nn.computeOptunaObjective|Trial 61 params:|{'n_layers': 2, 'architecture': 'outer', 'lr': 0.001, 'n_epochs': 100}
2023-06-17 03:50:08,765|INFO|nn.computeOptunaObjective|Trial 61 balacc:|[0.7092008624755745, 0.7028449997252093, 0.678494623655914, 0.6812896405919662, 0.731060606060606, 0.7046818727490997, 0.6941135684824349, 0.6770637707193599]
2023-06-17 03:50:08,765|INFO|nn.computeOptunaObjective|Trial 61 rocauc:|[0.81558351863082, 0.8019620056057303, 0.8374807987711214, 0.88107822410148, 0.8295454545454546, 0.7466986794717886, 0.8713554259707011, 0.7894892626765738]
2023-06-17 03:50:08,765|INFO|nn.computeOptunaObjective|Trial 61 timings:|5.98038669999994
2023-06-17 03:50:08,765|INFO|nn.computeOptunaObjective|Trial 61 objective:|0.6973437430575204
2023-06-17 03:50:17,902|INFO|nn.computeOptunaObjective|Trial 62 params:|{'n_layers': 4, 'architecture': 'bottom', 'lr': 0.001, 'n_epochs': 150}
2023-06-17 03:50:17,902|INFO|nn.computeOptunaObjective|Trial 62 balacc:|[0.7463445859443434, 0.7370381226299302, 0.7257296466973886, 0.7629492600422834, 0.681060606060606, 0.6842737094837935, 0.7117053050775138, 0.6814730137992978]
2023-06-17 03:50:17,902|INFO|nn.computeOptunaObjective|Trial 62 rocauc:|[0.8377467825618219, 0.81371571986004, 0.805837173579109, 0.822806553911205, 0.7507575757575758, 0.7442977190876351, 0.875435571042526, 0.7676675920633625]
2023-06-17 03:50:17,902|INFO|nn.computeOptunaObjective|Trial 62 timings:|9.125232799999935
2023-06-17 03:50:17,902|INFO|nn.computeOptunaObjective|Trial 62 objective:|0.7163217812168946
2023-06-17 03:50:27,380|INFO|nn.computeOptunaObjective|Trial 63 params:|{'n_layers': 2, 'architecture': 'top', 'lr': 0.0001, 'n_epochs': 150}
2023-06-17 03:50:27,380|INFO|nn.computeOptunaObjective|Trial 63 balacc:|[0.6015901893403409, 0.6255775184567754, 0.5865591397849462, 0.5227272727272727, 0.693939393939394, 0.6956782713085234, 0.5, 0.5]
2023-06-17 03:50:27,380|INFO|nn.computeOptunaObjective|Trial 63 rocauc:|[0.7485058284482178, 0.7642130910289996, 0.8221198156682028, 0.8387949260042283, 0.7984848484848485, 0.7611044417767108, 0.788116910823496, 0.7191455050216379]
2023-06-17 03:50:27,380|INFO|nn.computeOptunaObjective|Trial 63 timings:|9.471579799999972
2023-06-17 03:50:27,380|INFO|nn.computeOptunaObjective|Trial 63 objective:|0.5907589731946566
2023-06-17 03:50:36,447|INFO|nn.computeOptunaObjective|Trial 64 params:|{'n_layers': 3, 'architecture': 'inner', 'lr': 0.0001, 'n_epochs': 150}
2023-06-17 03:50:36,447|INFO|nn.computeOptunaObjective|Trial 64 balacc:|[0.6149248702917594, 0.6575411728067122, 0.5981566820276498, 0.5425475687103594, 0.668939393939394, 0.656062424969988, 0.5, 0.5]
2023-06-17 03:50:36,447|INFO|nn.computeOptunaObjective|Trial 64 rocauc:|[0.763969745973991, 0.7751973913202777, 0.8136712749615975, 0.8432875264270613, 0.8143939393939394, 0.7779111644657863, 0.791468141089461, 0.7351290111864129]
2023-06-17 03:50:36,447|INFO|nn.computeOptunaObjective|Trial 64 timings:|9.064419199999975
2023-06-17 03:50:36,447|INFO|nn.computeOptunaObjective|Trial 64 objective:|0.5922715140932329
2023-06-17 03:50:42,600|INFO|nn.computeOptunaObjective|Trial 65 params:|{'n_layers': 3, 'architecture': 'outer', 'lr': 0.0001, 'n_epochs': 100}
2023-06-17 03:50:42,600|INFO|nn.computeOptunaObjective|Trial 65 balacc:|[0.5016339869281046, 0.5, 0.5142857142857142, 0.5, 0.5, 0.5, 0.5, 0.5]
2023-06-17 03:50:42,600|INFO|nn.computeOptunaObjective|Trial 65 rocauc:|[0.6907401792332053, 0.6872936779819371, 0.7523809523809524, 0.6939746300211417, 0.7348484848484849, 0.7130852340936374, 0.742408618973119, 0.6826671838001143]
2023-06-17 03:50:42,600|INFO|nn.computeOptunaObjective|Trial 65 timings:|6.152503700000011
2023-06-17 03:50:42,600|INFO|nn.computeOptunaObjective|Trial 65 objective:|0.5019899626517274
2023-06-17 03:50:51,504|INFO|nn.computeOptunaObjective|Trial 66 params:|{'n_layers': 2, 'architecture': 'inner', 'lr': 0.001, 'n_epochs': 150}
2023-06-17 03:50:51,520|INFO|nn.computeOptunaObjective|Trial 66 balacc:|[0.7299272286234082, 0.7119057651089087, 0.7275729646697389, 0.6387420718816068, 0.7, 0.6752701080432173, 0.6997404352154744, 0.6928431452600637]
2023-06-17 03:50:51,520|INFO|nn.computeOptunaObjective|Trial 66 rocauc:|[0.8256199043191159, 0.8098173557806804, 0.8376344086021505, 0.8784355179704018, 0.8348484848484848, 0.7503001200480193, 0.8812935571042526, 0.7966746958438802]
2023-06-17 03:50:51,520|INFO|nn.computeOptunaObjective|Trial 66 timings:|8.90206580000006
2023-06-17 03:50:51,520|INFO|nn.computeOptunaObjective|Trial 66 objective:|0.6970002148503023
2023-06-17 03:50:57,688|INFO|nn.computeOptunaObjective|Trial 67 params:|{'n_layers': 4, 'architecture': 'linear', 'lr': 0.0001, 'n_epochs': 100}
2023-06-17 03:50:57,688|INFO|nn.computeOptunaObjective|Trial 67 balacc:|[0.5, 0.5, 0.5, 0.5, 0.5, 0.5, 0.5, 0.5]
2023-06-17 03:50:57,688|INFO|nn.computeOptunaObjective|Trial 67 rocauc:|[0.7016929452193249, 0.7016963745946837, 0.7585253456221197, 0.763477801268499, 0.7787878787878788, 0.7250900360144057, 0.7521334091878822, 0.696364415775292]
2023-06-17 03:50:57,688|INFO|nn.computeOptunaObjective|Trial 67 timings:|6.169840300000033
2023-06-17 03:50:57,688|INFO|nn.computeOptunaObjective|Trial 67 objective:|0.5
2023-06-17 03:51:03,850|INFO|nn.computeOptunaObjective|Trial 68 params:|{'n_layers': 2, 'architecture': 'outer', 'lr': 0.0001, 'n_epochs': 100}
2023-06-17 03:51:03,850|INFO|nn.computeOptunaObjective|Trial 68 balacc:|[0.5065359477124183, 0.5090607653836994, 0.5142857142857142, 0.5, 0.5, 0.5, 0.5, 0.5]
2023-06-17 03:51:03,850|INFO|nn.computeOptunaObjective|Trial 68 rocauc:|[0.6894498349167847, 0.6953835162218109, 0.7278033794162827, 0.6461416490486258, 0.6833333333333333, 0.723889555822329, 0.7307815388991609, 0.6601106393402466]
2023-06-17 03:51:03,850|INFO|nn.computeOptunaObjective|Trial 68 timings:|6.163926800000013
2023-06-17 03:51:03,850|INFO|nn.computeOptunaObjective|Trial 68 objective:|0.503735303422729
2023-06-17 03:51:13,409|INFO|nn.computeOptunaObjective|Trial 69 params:|{'n_layers': 4, 'architecture': 'inner', 'lr': 0.0001, 'n_epochs': 150}
2023-06-17 03:51:13,409|INFO|nn.computeOptunaObjective|Trial 69 balacc:|[0.6377130921096961, 0.628625863300786, 0.5758064516129032, 0.6958245243128964, 0.7454545454545455, 0.7046818727490997, 0.5, 0.5540132277292398]
2023-06-17 03:51:13,409|INFO|nn.computeOptunaObjective|Trial 69 rocauc:|[0.7840863149383465, 0.788083243263048, 0.8136712749615975, 0.8538583509513742, 0.8204545454545455, 0.7563025210084034, 0.8125444460247476, 0.7476218665795704]
2023-06-17 03:51:13,409|INFO|nn.computeOptunaObjective|Trial 69 timings:|9.548458500000038
2023-06-17 03:51:13,409|INFO|nn.computeOptunaObjective|Trial 69 objective:|0.6302649471586459
2023-06-17 03:51:26,305|INFO|nn.computeOptunaObjective|Trial 70 params:|{'n_layers': 4, 'architecture': 'top', 'lr': 0.0001, 'n_epochs': 200}
2023-06-17 03:51:26,305|INFO|nn.computeOptunaObjective|Trial 70 balacc:|[0.7227781146822991, 0.7463260483265246, 0.7337941628264208, 0.7576638477801269, 0.7181818181818183, 0.6932773109243697, 0.6807619826482719, 0.6605291091695925]
2023-06-17 03:51:26,305|INFO|nn.computeOptunaObjective|Trial 70 rocauc:|[0.8452176403207332, 0.8268159085496546, 0.8442396313364056, 0.870507399577167, 0.8083333333333332, 0.7058823529411765, 0.861648414165837, 0.7726279905282927]
2023-06-17 03:51:26,305|INFO|nn.computeOptunaObjective|Trial 70 timings:|12.879602200000022
2023-06-17 03:51:26,305|INFO|nn.computeOptunaObjective|Trial 70 objective:|0.7141640493174279
2023-06-17 03:51:32,429|INFO|nn.computeOptunaObjective|Trial 71 params:|{'n_layers': 2, 'architecture': 'inner', 'lr': 0.0001, 'n_epochs': 100}
2023-06-17 03:51:32,429|INFO|nn.computeOptunaObjective|Trial 71 balacc:|[0.5016339869281046, 0.5050085185117336, 0.5142857142857142, 0.5, 0.5, 0.5, 0.5, 0.5]
2023-06-17 03:51:32,429|INFO|nn.computeOptunaObjective|Trial 71 rocauc:|[0.6739589650293107, 0.6836481213475736, 0.730568356374808, 0.6543340380549683, 0.7, 0.745498199279712, 0.729839283174513, 0.66731648566996]
2023-06-17 03:51:32,429|INFO|nn.computeOptunaObjective|Trial 71 timings:|6.125848200000064
2023-06-17 03:51:32,429|INFO|nn.computeOptunaObjective|Trial 71 objective:|0.5026160274656941
2023-06-17 03:51:38,723|INFO|nn.computeOptunaObjective|Trial 72 params:|{'n_layers': 2, 'architecture': 'top', 'lr': 0.0001, 'n_epochs': 100}
2023-06-17 03:51:38,723|INFO|nn.computeOptunaObjective|Trial 72 balacc:|[0.5122161579408396, 0.5377910491508967, 0.5142857142857142, 0.5, 0.5454545454545454, 0.5588235294117647, 0.5, 0.5]
2023-06-17 03:51:38,723|INFO|nn.computeOptunaObjective|Trial 72 rocauc:|[0.7093777373492353, 0.7237529082015866, 0.7726574500768049, 0.6982029598308668, 0.7439393939393939, 0.7334933973589436, 0.7494133124733324, 0.684626847391198]
2023-06-17 03:51:38,723|INFO|nn.computeOptunaObjective|Trial 72 timings:|6.29037859999994
2023-06-17 03:51:38,723|INFO|nn.computeOptunaObjective|Trial 72 objective:|0.5210713745304701
2023-06-17 03:51:51,307|INFO|nn.computeOptunaObjective|Trial 73 params:|{'n_layers': 4, 'architecture': 'inner', 'lr': 0.0001, 'n_epochs': 200}
2023-06-17 03:51:51,307|INFO|nn.computeOptunaObjective|Trial 73 balacc:|[0.7164173573209353, 0.7448256910986133, 0.7025345622119815, 0.7774841437632135, 0.7, 0.6638655462184874, 0.6406805575309344, 0.6455050216379521]
2023-06-17 03:51:51,307|INFO|nn.computeOptunaObjective|Trial 73 rocauc:|[0.8252728926622195, 0.8122849762764028, 0.8142857142857143, 0.8617864693446089, 0.8227272727272728, 0.7178871548619448, 0.8493457545157161, 0.7617069486404834]
2023-06-17 03:51:51,307|INFO|nn.computeOptunaObjective|Trial 73 timings:|12.576838800000019
2023-06-17 03:51:51,307|INFO|nn.computeOptunaObjective|Trial 73 objective:|0.6989141099727647
2023-06-17 03:51:57,509|INFO|nn.computeOptunaObjective|Trial 74 params:|{'n_layers': 3, 'architecture': 'linear', 'lr': 0.001, 'n_epochs': 100}
2023-06-17 03:51:57,509|INFO|nn.computeOptunaObjective|Trial 74 balacc:|[0.7418704939020282, 0.745596936999652, 0.7238863287250383, 0.7122093023255813, 0.6954545454545455, 0.6638655462184874, 0.7489777414308064, 0.6635094308810321]
2023-06-17 03:51:57,509|INFO|nn.computeOptunaObjective|Trial 74 rocauc:|[0.8452109022303079, 0.8293989411398318, 0.8155145929339478, 0.8477801268498943, 0.7871212121212121, 0.7016806722689075, 0.8785201251600057, 0.7830795296807381]
2023-06-17 03:51:57,509|INFO|nn.computeOptunaObjective|Trial 74 timings:|6.184527199999934
2023-06-17 03:51:57,509|INFO|nn.computeOptunaObjective|Trial 74 objective:|0.7119212907421464
2023-06-17 03:52:09,639|INFO|nn.computeOptunaObjective|Trial 75 params:|{'n_layers': 3, 'architecture': 'bottom', 'lr': 0.001, 'n_epochs': 200}
2023-06-17 03:52:09,639|INFO|nn.computeOptunaObjective|Trial 75 balacc:|[0.7447981941917661, 0.7200578892410281, 0.6311059907834101, 0.669661733615222, 0.7515151515151515, 0.7148859543817527, 0.7405329967287726, 0.6875153098718054]
2023-06-17 03:52:09,639|INFO|nn.computeOptunaObjective|Trial 75 rocauc:|[0.8294033420928509, 0.8024547969296719, 0.814516129032258, 0.8057610993657505, 0.8113636363636363, 0.7298919567827131, 0.8749733323851515, 0.7971237854168367]
2023-06-17 03:52:09,639|INFO|nn.computeOptunaObjective|Trial 75 timings:|12.126239000000055
2023-06-17 03:52:09,639|INFO|nn.computeOptunaObjective|Trial 75 objective:|0.7075091525411136
2023-06-17 03:52:15,621|INFO|nn.computeOptunaObjective|Trial 76 params:|{'n_layers': 2, 'architecture': 'bottom', 'lr': 0.0001, 'n_epochs': 100}
2023-06-17 03:52:15,621|INFO|nn.computeOptunaObjective|Trial 76 balacc:|[0.5, 0.5, 0.5, 0.5, 0.5, 0.5, 0.5, 0.5]
2023-06-17 03:52:15,621|INFO|nn.computeOptunaObjective|Trial 76 rocauc:|[0.6357472542281517, 0.631578947368421, 0.6368663594470045, 0.5708245243128964, 0.5878787878787879, 0.6698679471788715, 0.7005760204807282, 0.6361659998366946]
2023-06-17 03:52:15,621|INFO|nn.computeOptunaObjective|Trial 76 timings:|5.981827599999974
2023-06-17 03:52:15,621|INFO|nn.computeOptunaObjective|Trial 76 objective:|0.5
2023-06-17 03:52:21,853|INFO|nn.computeOptunaObjective|Trial 77 params:|{'n_layers': 4, 'architecture': 'outer', 'lr': 0.0001, 'n_epochs': 100}
2023-06-17 03:52:21,853|INFO|nn.computeOptunaObjective|Trial 77 balacc:|[0.5, 0.5, 0.5, 0.5, 0.5, 0.5, 0.5, 0.5]
2023-06-17 03:52:21,853|INFO|nn.computeOptunaObjective|Trial 77 rocauc:|[0.6956522471531569, 0.6958415007236155, 0.7574500768049155, 0.7428646934460887, 0.7553030303030304, 0.7118847539015607, 0.7498222159010098, 0.6904650118396342]
2023-06-17 03:52:21,853|INFO|nn.computeOptunaObjective|Trial 77 timings:|6.2124829000000545
2023-06-17 03:52:21,853|INFO|nn.computeOptunaObjective|Trial 77 objective:|0.5
2023-06-17 03:52:34,188|INFO|nn.computeOptunaObjective|Trial 78 params:|{'n_layers': 2, 'architecture': 'linear', 'lr': 0.001, 'n_epochs': 200}
2023-06-17 03:52:34,188|INFO|nn.computeOptunaObjective|Trial 78 balacc:|[0.710834849403679, 0.7122703207723451, 0.684715821812596, 0.6189217758985202, 0.7227272727272727, 0.6446578631452581, 0.7187277769876262, 0.6770637707193599]
2023-06-17 03:52:34,188|INFO|nn.computeOptunaObjective|Trial 78 rocauc:|[0.8163044943063135, 0.8016450803304815, 0.8258832565284179, 0.8715644820295982, 0.8106060606060607, 0.7563025210084033, 0.8784401223154601, 0.8000939005470727]
2023-06-17 03:52:34,188|INFO|nn.computeOptunaObjective|Trial 78 timings:|12.330111299999999
2023-06-17 03:52:34,188|INFO|nn.computeOptunaObjective|Trial 78 objective:|0.6862399314333321
2023-06-17 03:52:43,582|INFO|nn.computeOptunaObjective|Trial 79 params:|{'n_layers': 3, 'architecture': 'top', 'lr': 0.0001, 'n_epochs': 150}
2023-06-17 03:52:43,582|INFO|nn.computeOptunaObjective|Trial 79 balacc:|[0.6693720099723739, 0.689504827156649, 0.6499231950844855, 0.7069238900634249, 0.6666666666666667, 0.6752701080432173, 0.5105514862750675, 0.5622805585041235]
2023-06-17 03:52:43,582|INFO|nn.computeOptunaObjective|Trial 79 rocauc:|[0.794247355299508, 0.7998186381372855, 0.8345622119815668, 0.8755285412262157, 0.825, 0.765906362545018, 0.8275849807993173, 0.7520719359843228]
2023-06-17 03:52:43,582|INFO|nn.computeOptunaObjective|Trial 79 timings:|9.39758740000002
2023-06-17 03:52:43,582|INFO|nn.computeOptunaObjective|Trial 79 objective:|0.6413115927207511
2023-06-17 03:52:55,811|INFO|nn.computeOptunaObjective|Trial 80 params:|{'n_layers': 3, 'architecture': 'outer', 'lr': 0.001, 'n_epochs': 200}
2023-06-17 03:52:55,811|INFO|nn.computeOptunaObjective|Trial 80 balacc:|[0.7323293578599825, 0.7302544561892026, 0.7238863287250383, 0.6527484143763214, 0.7037878787878789, 0.6650660264105642, 0.7405329967287726, 0.6845349881603658]
2023-06-17 03:52:55,811|INFO|nn.computeOptunaObjective|Trial 80 rocauc:|[0.8391449363250454, 0.8200285782329126, 0.8035330261136713, 0.8668076109936574, 0.7920454545454546, 0.7328931572629052, 0.8859070544730479, 0.7938678860129011]
2023-06-17 03:52:55,811|INFO|nn.computeOptunaObjective|Trial 80 timings:|12.213826600000061
2023-06-17 03:52:55,811|INFO|nn.computeOptunaObjective|Trial 80 objective:|0.7041425559047658
2023-06-17 03:53:05,348|INFO|nn.computeOptunaObjective|Trial 81 params:|{'n_layers': 4, 'architecture': 'outer', 'lr': 0.0001, 'n_epochs': 150}
2023-06-17 03:53:05,348|INFO|nn.computeOptunaObjective|Trial 81 balacc:|[0.5677818206320329, 0.5827303204059574, 0.5552995391705069, 0.6049154334038055, 0.6628787878787878, 0.6854741896758703, 0.5, 0.5]
2023-06-17 03:53:05,348|INFO|nn.computeOptunaObjective|Trial 81 rocauc:|[0.7594619634795499, 0.7642570575411728, 0.8035330261136713, 0.8443446088794926, 0.8196969696969697, 0.773109243697479, 0.7890058313184469, 0.7281885359679922]
2023-06-17 03:53:05,348|INFO|nn.computeOptunaObjective|Trial 81 timings:|9.538074600000073
2023-06-17 03:53:05,348|INFO|nn.computeOptunaObjective|Trial 81 objective:|0.5823850113958701
2023-06-17 03:53:17,932|INFO|nn.computeOptunaObjective|Trial 82 params:|{'n_layers': 2, 'architecture': 'bottom', 'lr': 0.0001, 'n_epochs': 200}
2023-06-17 03:53:17,932|INFO|nn.computeOptunaObjective|Trial 82 balacc:|[0.5966781214203895, 0.6016285928884166, 0.5606758832565284, 0.5227272727272727, 0.6280303030303029, 0.6662665066026411, 0.49929775280898875, 0.5]
2023-06-17 03:53:17,932|INFO|nn.computeOptunaObjective|Trial 82 rocauc:|[0.7306667340475709, 0.7408082510487846, 0.7940092165898617, 0.7571353065539113, 0.790151515151515, 0.751500600240096, 0.7664272507466933, 0.6983240793663754]
2023-06-17 03:53:17,932|INFO|nn.computeOptunaObjective|Trial 82 timings:|12.574117600000022
2023-06-17 03:53:17,932|INFO|nn.computeOptunaObjective|Trial 82 objective:|0.5719130540918175
2023-06-17 03:53:27,201|INFO|nn.computeOptunaObjective|Trial 83 params:|{'n_layers': 4, 'architecture': 'inner', 'lr': 0.001, 'n_epochs': 150}
2023-06-17 03:53:27,201|INFO|nn.computeOptunaObjective|Trial 83 balacc:|[0.7383397345192373, 0.7455071720372983, 0.7255760368663595, 0.8025898520084567, 0.6356060606060606, 0.6434573829531813, 0.7166210354145925, 0.6800032661059852]
2023-06-17 03:53:27,201|INFO|nn.computeOptunaObjective|Trial 83 rocauc:|[0.8531348965703118, 0.822327660431971, 0.7974654377880184, 0.8653541226215645, 0.7587121212121213, 0.6986794717887155, 0.8783956762907126, 0.7800685882256879]
2023-06-17 03:53:27,201|INFO|nn.computeOptunaObjective|Trial 83 timings:|9.258325199999945
2023-06-17 03:53:27,201|INFO|nn.computeOptunaObjective|Trial 83 objective:|0.7109625675638964
2023-06-17 03:53:33,497|INFO|nn.computeOptunaObjective|Trial 84 params:|{'n_layers': 3, 'architecture': 'bottom', 'lr': 0.0001, 'n_epochs': 100}
2023-06-17 03:53:33,497|INFO|nn.computeOptunaObjective|Trial 84 balacc:|[0.5, 0.5, 0.5, 0.5, 0.5, 0.5, 0.5, 0.5]
2023-06-17 03:53:33,497|INFO|nn.computeOptunaObjective|Trial 84 rocauc:|[0.5990347685465939, 0.5939839155842966, 0.6035330261136713, 0.5710887949260043, 0.5984848484848484, 0.6266506602641057, 0.7056606457118475, 0.6379827712909283]
2023-06-17 03:53:33,497|INFO|nn.computeOptunaObjective|Trial 84 timings:|6.283112699999947
2023-06-17 03:53:33,497|INFO|nn.computeOptunaObjective|Trial 84 objective:|0.5
2023-06-17 03:53:39,963|INFO|nn.computeOptunaObjective|Trial 85 params:|{'n_layers': 4, 'architecture': 'linear', 'lr': 0.001, 'n_epochs': 100}
2023-06-17 03:53:39,963|INFO|nn.computeOptunaObjective|Trial 85 balacc:|[0.7296644430968264, 0.7504259255866781, 0.7427035330261136, 0.7262156448202959, 0.7371212121212121, 0.6536614645858343, 0.7257769165125871, 0.6477300563403282]
2023-06-17 03:53:39,963|INFO|nn.computeOptunaObjective|Trial 85 rocauc:|[0.8402584057678055, 0.8166541484236173, 0.8393241167434716, 0.8662790697674418, 0.7871212121212121, 0.7106842737094837, 0.8582171810553264, 0.7728525353147709]
2023-06-17 03:53:39,963|INFO|nn.computeOptunaObjective|Trial 85 timings:|6.4594443999999385
2023-06-17 03:53:39,963|INFO|nn.computeOptunaObjective|Trial 85 objective:|0.7141623995112345
2023-06-17 03:53:49,374|INFO|nn.computeOptunaObjective|Trial 86 params:|{'n_layers': 3, 'architecture': 'linear', 'lr': 0.001, 'n_epochs': 150}
2023-06-17 03:53:49,374|INFO|nn.computeOptunaObjective|Trial 86 balacc:|[0.7313860252004583, 0.7208767655302544, 0.7122887864823348, 0.6783826638477801, 0.6727272727272727, 0.6536614645858343, 0.731394894040677, 0.6687147872948477]
2023-06-17 03:53:49,374|INFO|nn.computeOptunaObjective|Trial 86 rocauc:|[0.8364732834714642, 0.8160001465550406, 0.8030721966205837, 0.825845665961945, 0.7712121212121212, 0.7304921968787514, 0.8807957616270801, 0.7835592389973055]
2023-06-17 03:53:49,374|INFO|nn.computeOptunaObjective|Trial 86 timings:|9.407988299999943
2023-06-17 03:53:49,374|INFO|nn.computeOptunaObjective|Trial 86 objective:|0.6961790824636824
2023-06-17 03:53:55,683|INFO|nn.computeOptunaObjective|Trial 87 params:|{'n_layers': 4, 'architecture': 'inner', 'lr': 0.0001, 'n_epochs': 100}
2023-06-17 03:53:55,683|INFO|nn.computeOptunaObjective|Trial 87 balacc:|[0.5, 0.5, 0.5, 0.5, 0.5, 0.5, 0.5, 0.5]
2023-06-17 03:53:55,683|INFO|nn.computeOptunaObjective|Trial 87 rocauc:|[0.7047048716393775, 0.7019620056057303, 0.7648233486943165, 0.7507928118393234, 0.7651515151515151, 0.7142857142857143, 0.7527023183046508, 0.6976912713317548]
2023-06-17 03:53:55,683|INFO|nn.computeOptunaObjective|Trial 87 timings:|6.307365699999991
2023-06-17 03:53:55,683|INFO|nn.computeOptunaObjective|Trial 87 objective:|0.5
2023-06-17 03:54:07,944|INFO|nn.computeOptunaObjective|Trial 88 params:|{'n_layers': 4, 'architecture': 'bottom', 'lr': 0.0001, 'n_epochs': 200}
2023-06-17 03:54:07,944|INFO|nn.computeOptunaObjective|Trial 88 balacc:|[0.5788019675224041, 0.5550039386667155, 0.5142857142857142, 0.5, 0.6257575757575757, 0.5, 0.5, 0.5449906099452928]
2023-06-17 03:54:07,944|INFO|nn.computeOptunaObjective|Trial 88 rocauc:|[0.7193332659524291, 0.7223093410518988, 0.7986175115207373, 0.8187103594080338, 0.8075757575757575, 0.7515006002400961, 0.7562580002844546, 0.7042847227892546]
2023-06-17 03:54:07,944|INFO|nn.computeOptunaObjective|Trial 88 timings:|12.240501600000016
2023-06-17 03:54:07,944|INFO|nn.computeOptunaObjective|Trial 88 objective:|0.5398549757722129
2023-06-17 03:54:17,500|INFO|nn.computeOptunaObjective|Trial 89 params:|{'n_layers': 4, 'architecture': 'outer', 'lr': 0.001, 'n_epochs': 150}
2023-06-17 03:54:17,500|INFO|nn.computeOptunaObjective|Trial 89 balacc:|[0.7394683646654538, 0.7367688277428692, 0.7284178187403993, 0.6976744186046512, 0.7265151515151516, 0.6434573829531813, 0.7468709998577727, 0.6709398219972238]
2023-06-17 03:54:17,500|INFO|nn.computeOptunaObjective|Trial 89 rocauc:|[0.8418654403342092, 0.8141443933537289, 0.8039170506912443, 0.8504228329809725, 0.7992424242424242, 0.7148859543817527, 0.8659152325416015, 0.7763533926675921]
2023-06-17 03:54:17,500|INFO|nn.computeOptunaObjective|Trial 89 timings:|9.553508899999997
2023-06-17 03:54:17,500|INFO|nn.computeOptunaObjective|Trial 89 objective:|0.7112640982595878
2023-06-17 03:54:17,500|INFO|mtg.runMTGExperiment|Best trial number:|19
2023-06-17 03:54:17,500|INFO|mtg.runMTGExperiment|Best trial objective:|0.7254606896554798
2023-06-17 03:54:17,500|INFO|mtg.runMTGExperiment|Best trial params:|{'n_layers': 3, 'architecture': 'top', 'lr': 0.001, 'n_epochs': 100}
2023-06-17 03:54:17,547|INFO|nn.loadModellingDataset|Trainval descriptors loaded (features, instances):|1024|7244
2023-06-17 03:54:17,547|INFO|nn.loadModellingDataset|Trainval endpoints loaded (tasks, instances):|8|7244
2023-06-17 03:54:17,562|INFO|nn.loadModellingDataset|Test descriptors loaded (features, instances):|1024|1450
2023-06-17 03:54:17,562|INFO|nn.loadModellingDataset|Test endpoints loaded (tasks, instances):|8|1450
2023-06-17 03:54:17,562|INFO|mtg.runMTGExperiment|Final neural network hyperparams:|{'n_layers': 3, 'architecture': 'top', 'lr': 0.001, 'n_epochs': 100, 'best_trial_num': 19}
2023-06-17 03:54:24,849|INFO|nn.testFinalModel|Final model test balacc:|[0.7403139950138131, 0.7582085631731021, 0.7849462365591398, 0.8461945031712474, 0.6727272727272727, 0.8055555555555556, 0.803932584269663, 0.7085816934759533]
2023-06-17 03:54:24,865|INFO|nn.testFinalModel|Final model test rocauc:|[0.8479078229229837, 0.8340702798937629, 0.8987455197132617, 0.9577167019027484, 0.8848484848484849, 0.8842592592592593, 0.8723314606741572, 0.8132603902996652]
2023-06-17 03:54:24,873|INFO|mtg.runMTGExperiment|Mechanistic task grouping experiment timing:|845.1840091
2023-06-17 03:54:24,873|INFO|mtg.runMTGExperiment|DONE
